Router contains 166 entries
Index Key        Mask       Route      Default [Cores][Links]
----- ---------- ---------- ---------- ------- --------------
    0 0x00000000 0xFFFFFFE7 0x00000400 False   [4] []
    1 0x00000001 0xFFFFFFE7 0x00000400 False   [4] []
    2 0x00000002 0xFFFFFFE7 0x00000400 False   [4] []
    3 0x00000003 0xFFFFFFE7 0x00000400 False   [4] []
    4 0x00000004 0xFFFFFFE7 0x00000400 False   [4] []
    5 0x00000005 0xFFFFFFE7 0x00000400 False   [4] []
    6 0x00000006 0xFFFFFFE7 0x00000400 False   [4] []
    7 0x00000007 0xFFFFFFE7 0x00000400 False   [4] []
    8 0x00000020 0xFFFFFFE7 0x00000C00 False   [4, 5] []
    9 0x00000021 0xFFFFFFE7 0x00000C00 False   [4, 5] []
   10 0x00000022 0xFFFFFFE7 0x00000C00 False   [4, 5] []
   11 0x00000023 0xFFFFFFE7 0x00000C00 False   [4, 5] []
   12 0x00000024 0xFFFFFFE7 0x00000C00 False   [4, 5] []
   13 0x00000025 0xFFFFFFE7 0x00000C00 False   [4, 5] []
   14 0x00000026 0xFFFFFFE7 0x00000C00 False   [4, 5] []
   15 0x00000027 0xFFFFFFE7 0x00000C00 False   [4, 5] []
   16 0x00000040 0xFFFFFFE7 0x00001800 False   [5, 6] []
   17 0x00000041 0xFFFFFFE7 0x00001800 False   [5, 6] []
   18 0x00000042 0xFFFFFFE7 0x00001800 False   [5, 6] []
   19 0x00000043 0xFFFFFFE7 0x00001800 False   [5, 6] []
   20 0x00000044 0xFFFFFFE7 0x00001800 False   [5, 6] []
   21 0x00000045 0xFFFFFFE7 0x00001800 False   [5, 6] []
   22 0x00000046 0xFFFFFFE7 0x00001800 False   [5, 6] []
   23 0x00000047 0xFFFFFFE7 0x00001800 False   [5, 6] []
   24 0x00000060 0xFFFFFFE7 0x00003000 False   [6, 7] []
   25 0x00000061 0xFFFFFFE7 0x00003000 False   [6, 7] []
   26 0x00000062 0xFFFFFFE7 0x00003000 False   [6, 7] []
   27 0x00000063 0xFFFFFFE7 0x00003000 False   [6, 7] []
   28 0x00000064 0xFFFFFFE7 0x00003000 False   [6, 7] []
   29 0x00000065 0xFFFFFFE7 0x00003000 False   [6, 7] []
   30 0x00000066 0xFFFFFFE7 0x00003000 False   [6, 7] []
   31 0x00000067 0xFFFFFFE7 0x00003000 False   [6, 7] []
   32 0x00000080 0xFFFFFFE7 0x00006000 False   [7, 8] []
   33 0x00000081 0xFFFFFFE7 0x00006000 False   [7, 8] []
   34 0x00000082 0xFFFFFFE7 0x00006000 False   [7, 8] []
   35 0x00000083 0xFFFFFFE7 0x00006000 False   [7, 8] []
   36 0x00000084 0xFFFFFFE7 0x00006000 False   [7, 8] []
   37 0x00000085 0xFFFFFFE7 0x00006000 False   [7, 8] []
   38 0x00000086 0xFFFFFFE7 0x00006000 False   [7, 8] []
   39 0x00000087 0xFFFFFFE7 0x00006000 False   [7, 8] []
   40 0x000000A0 0xFFFFFFE7 0x0000C000 False   [8, 9] []
   41 0x000000A1 0xFFFFFFE7 0x0000C000 False   [8, 9] []
   42 0x000000A2 0xFFFFFFE7 0x0000C000 False   [8, 9] []
   43 0x000000A3 0xFFFFFFE7 0x0000C000 False   [8, 9] []
   44 0x000000A4 0xFFFFFFE7 0x0000C000 False   [8, 9] []
   45 0x000000A5 0xFFFFFFE7 0x0000C000 False   [8, 9] []
   46 0x000000A6 0xFFFFFFE7 0x0000C000 False   [8, 9] []
   47 0x000000A7 0xFFFFFFE7 0x0000C000 False   [8, 9] []
   48 0x000000C0 0xFFFFFFE7 0x00018000 False   [9, 10] []
   49 0x000000C1 0xFFFFFFE7 0x00018000 False   [9, 10] []
   50 0x000000C2 0xFFFFFFE7 0x00018000 False   [9, 10] []
   51 0x000000C3 0xFFFFFFE7 0x00018000 False   [9, 10] []
   52 0x000000C4 0xFFFFFFE7 0x00018000 False   [9, 10] []
   53 0x000000C5 0xFFFFFFE7 0x00018000 False   [9, 10] []
   54 0x000000C6 0xFFFFFFE7 0x00018000 False   [9, 10] []
   55 0x000000C7 0xFFFFFFE7 0x00018000 False   [9, 10] []
   56 0x000000E0 0xFFFFFFE7 0x00030000 False   [10, 11] []
   57 0x000000E1 0xFFFFFFE7 0x00030000 False   [10, 11] []
   58 0x000000E2 0xFFFFFFE7 0x00030000 False   [10, 11] []
   59 0x000000E3 0xFFFFFFE7 0x00030000 False   [10, 11] []
   60 0x000000E4 0xFFFFFFE7 0x00030000 False   [10, 11] []
   61 0x000000E5 0xFFFFFFE7 0x00030000 False   [10, 11] []
   62 0x000000E6 0xFFFFFFE7 0x00030000 False   [10, 11] []
   63 0x000000E7 0xFFFFFFE7 0x00030000 False   [10, 11] []
   64 0x00000100 0xFFFFFFE7 0x00060000 False   [11, 12] []
   65 0x00000101 0xFFFFFFE7 0x00060000 False   [11, 12] []
   66 0x00000102 0xFFFFFFE7 0x00060000 False   [11, 12] []
   67 0x00000103 0xFFFFFFE7 0x00060000 False   [11, 12] []
   68 0x00000104 0xFFFFFFE7 0x00060000 False   [11, 12] []
   69 0x00000105 0xFFFFFFE7 0x00060000 False   [11, 12] []
   70 0x00000106 0xFFFFFFE7 0x00060000 False   [11, 12] []
   71 0x00000107 0xFFFFFFE7 0x00060000 False   [11, 12] []
   72 0x00000120 0xFFFFFFE7 0x000C0000 False   [12, 13] []
   73 0x00000121 0xFFFFFFE7 0x000C0000 False   [12, 13] []
   74 0x00000122 0xFFFFFFE7 0x000C0000 False   [12, 13] []
   75 0x00000123 0xFFFFFFE7 0x000C0000 False   [12, 13] []
   76 0x00000124 0xFFFFFFE7 0x000C0000 False   [12, 13] []
   77 0x00000125 0xFFFFFFE7 0x000C0000 False   [12, 13] []
   78 0x00000126 0xFFFFFFE7 0x000C0000 False   [12, 13] []
   79 0x00000127 0xFFFFFFE7 0x000C0000 False   [12, 13] []
   80 0x00000140 0xFFFFFFE7 0x00180000 False   [13, 14] []
   81 0x00000141 0xFFFFFFE7 0x00180000 False   [13, 14] []
   82 0x00000142 0xFFFFFFE7 0x00180000 False   [13, 14] []
   83 0x00000143 0xFFFFFFE7 0x00180000 False   [13, 14] []
   84 0x00000144 0xFFFFFFE7 0x00180000 False   [13, 14] []
   85 0x00000145 0xFFFFFFE7 0x00180000 False   [13, 14] []
   86 0x00000146 0xFFFFFFE7 0x00180000 False   [13, 14] []
   87 0x00000147 0xFFFFFFE7 0x00180000 False   [13, 14] []
   88 0x00000160 0xFFFFFFE7 0x00300000 False   [14, 15] []
   89 0x00000161 0xFFFFFFE7 0x00300000 False   [14, 15] []
   90 0x00000162 0xFFFFFFE7 0x00300000 False   [14, 15] []
   91 0x00000163 0xFFFFFFE7 0x00300000 False   [14, 15] []
   92 0x00000164 0xFFFFFFE7 0x00300000 False   [14, 15] []
   93 0x00000165 0xFFFFFFE7 0x00300000 False   [14, 15] []
   94 0x00000166 0xFFFFFFE7 0x00300000 False   [14, 15] []
   95 0x00000167 0xFFFFFFE7 0x00300000 False   [14, 15] []
   96 0x00000180 0xFFFFFFE7 0x00600000 False   [15, 16] []
   97 0x00000181 0xFFFFFFE7 0x00600000 False   [15, 16] []
   98 0x00000182 0xFFFFFFE7 0x00600000 False   [15, 16] []
   99 0x00000183 0xFFFFFFE7 0x00600000 False   [15, 16] []
  100 0x00000184 0xFFFFFFE7 0x00600000 False   [15, 16] []
  101 0x00000185 0xFFFFFFE7 0x00600000 False   [15, 16] []
  102 0x00000186 0xFFFFFFE7 0x00600000 False   [15, 16] []
  103 0x00000187 0xFFFFFFE7 0x00600000 False   [15, 16] []
  104 0x00000400 0xFFFFFE00 0x00000020 False   [] [S]
  105 0xFFFFFF80 0xFFFFFFFF 0x00000020 False   [] [S]
  106 0xFFFFFF81 0xFFFFFFFF 0x00000020 False   [] [S]
  107 0xFFFFFF82 0xFFFFFFFF 0x00000020 False   [] [S]
  108 0xFFFFFF83 0xFFFFFFFF 0x00000020 False   [] [S]
  109 0xFFFFFE10 0xFFFFFFFF 0x00000020 False   [] [S]
  110 0xFFFFFF90 0xFFFFFFFF 0x00000020 False   [] [S]
  111 0xFFFFFF91 0xFFFFFFFF 0x00000020 False   [] [S]
  112 0xFFFFFF92 0xFFFFFFFF 0x00000020 False   [] [S]
  113 0xFFFFFF93 0xFFFFFFFF 0x00000020 False   [] [S]
  114 0xFFFFFF94 0xFFFFFFFF 0x00000020 False   [] [S]
  115 0xFFFFFF95 0xFFFFFFFF 0x00000020 False   [] [S]
  116 0xFFFFFF96 0xFFFFFFFF 0x00000020 False   [] [S]
  117 0xFFFFFF97 0xFFFFFFFF 0x00000020 False   [] [S]
  118 0xFFFFFF10 0xFFFFFFFF 0x00000020 False   [] [S]
  119 0xFFFFFF11 0xFFFFFFFF 0x00000020 False   [] [S]
  120 0xFFFFFF12 0xFFFFFFFF 0x00000020 False   [] [S]
  121 0xFFFFFF13 0xFFFFFFFF 0x00000020 False   [] [S]
  122 0xFFFFFF14 0xFFFFFFFF 0x00000020 False   [] [S]
  123 0xFFFFFF15 0xFFFFFFFF 0x00000020 False   [] [S]
  124 0xFFFFFF16 0xFFFFFFFF 0x00000020 False   [] [S]
  125 0xFFFFFF17 0xFFFFFFFF 0x00000020 False   [] [S]
  126 0xFFFFFF20 0xFFFFFFFF 0x00000020 False   [] [S]
  127 0xFFFFFF21 0xFFFFFFFF 0x00000020 False   [] [S]
  128 0xFFFFFF22 0xFFFFFFFF 0x00000020 False   [] [S]
  129 0xFFFFFF23 0xFFFFFFFF 0x00000020 False   [] [S]
  130 0xFFFFFF24 0xFFFFFFFF 0x00000020 False   [] [S]
  131 0xFFFFFF25 0xFFFFFFFF 0x00000020 False   [] [S]
  132 0xFFFFFF26 0xFFFFFFFF 0x00000020 False   [] [S]
  133 0xFFFFFF27 0xFFFFFFFF 0x00000020 False   [] [S]
  134 0xFFFFFFB0 0xFFFFFFFF 0x00000020 False   [] [S]
  135 0xFFFFFFB1 0xFFFFFFFF 0x00000020 False   [] [S]
  136 0xFFFFFFB2 0xFFFFFFFF 0x00000020 False   [] [S]
  137 0xFFFFFFB3 0xFFFFFFFF 0x00000020 False   [] [S]
  138 0xFFFFFFB4 0xFFFFFFFF 0x00000020 False   [] [S]
  139 0xFFFFFFB5 0xFFFFFFFF 0x00000020 False   [] [S]
  140 0xFFFFFFB6 0xFFFFFFFF 0x00000020 False   [] [S]
  141 0xFFFFFFB7 0xFFFFFFFF 0x00000020 False   [] [S]
  142 0xFFFFFF30 0xFFFFFFFF 0x00000020 False   [] [S]
  143 0xFFFFFF31 0xFFFFFFFF 0x00000020 False   [] [S]
  144 0xFFFFFF32 0xFFFFFFFF 0x00000020 False   [] [S]
  145 0xFFFFFF33 0xFFFFFFFF 0x00000020 False   [] [S]
  146 0xFFFFFF34 0xFFFFFFFF 0x00000020 False   [] [S]
  147 0xFFFFFF35 0xFFFFFFFF 0x00000020 False   [] [S]
  148 0xFFFFFF36 0xFFFFFFFF 0x00000020 False   [] [S]
  149 0xFFFFFF37 0xFFFFFFFF 0x00000020 False   [] [S]
  150 0xFFFFFF40 0xFFFFFFFF 0x00000020 False   [] [S]
  151 0xFFFFFF41 0xFFFFFFFF 0x00000020 False   [] [S]
  152 0xFFFFFF42 0xFFFFFFFF 0x00000020 False   [] [S]
  153 0xFFFFFF43 0xFFFFFFFF 0x00000020 False   [] [S]
  154 0xFFFFFE11 0xFFFFFFFF 0x00000020 False   [] [S]
  155 0xFFFFFF50 0xFFFFFFFF 0x00000020 False   [] [S]
  156 0xFFFFFF60 0xFFFFFFFF 0x00000020 False   [] [S]
  157 0xFFFFFF61 0xFFFFFFFF 0x00000020 False   [] [S]
  158 0xFFFFFF62 0xFFFFFFFF 0x00000020 False   [] [S]
  159 0xFFFFFF63 0xFFFFFFFF 0x00000020 False   [] [S]
  160 0xFFFFFF70 0xFFFFFFFF 0x00000020 False   [] [S]
  161 0xFFFFFF71 0xFFFFFFFF 0x00000020 False   [] [S]
  162 0xFFFFFF72 0xFFFFFFFF 0x00000020 False   [] [S]
  163 0xFFFFFF73 0xFFFFFFFF 0x00000020 False   [] [S]
  164 0xFFFFFE02 0xFFFFFFFF 0x00000020 False   [] [S]
  165 0xFFFFFE03 0xFFFFFFFF 0x00000020 False   [] [S]
0 Defaultable entries
