Router contains 1029 entries
Index Key        Mask       Route      Default [Cores][Links]
----- ---------- ---------- ---------- ------- --------------
    0 0x000007A0 0xFFFFFFE7 0x00000108 False   [2] [W]
    1 0x000007A1 0xFFFFFFE7 0x00000108 False   [2] [W]
    2 0x000007A2 0xFFFFFFE7 0x00000108 False   [2] [W]
    3 0x000007A3 0xFFFFFFE7 0x00000108 False   [2] [W]
    4 0x000007A4 0xFFFFFFE7 0x00000108 False   [2] [W]
    5 0x000007A5 0xFFFFFFE7 0x00000108 False   [2] [W]
    6 0x000007A6 0xFFFFFFE7 0x00000100 False   [2] []
    7 0x000007A7 0xFFFFFFE7 0x00000100 False   [2] []
    8 0x000007C0 0xFFFFFFE7 0x00000208 False   [3] [W]
    9 0x000007C1 0xFFFFFFE7 0x00000208 False   [3] [W]
   10 0x000007C2 0xFFFFFFE7 0x00000208 False   [3] [W]
   11 0x000007C3 0xFFFFFFE7 0x00000208 False   [3] [W]
   12 0x000007C4 0xFFFFFFE7 0x00000208 False   [3] [W]
   13 0x000007C5 0xFFFFFFE7 0x00000208 False   [3] [W]
   14 0x000007C6 0xFFFFFFE7 0x00000200 False   [3] []
   15 0x000007C7 0xFFFFFFE7 0x00000200 False   [3] []
   16 0x000007E0 0xFFFFFFE7 0x00000408 False   [4] [W]
   17 0x000007E1 0xFFFFFFE7 0x00000408 False   [4] [W]
   18 0x000007E2 0xFFFFFFE7 0x00000408 False   [4] [W]
   19 0x000007E3 0xFFFFFFE7 0x00000408 False   [4] [W]
   20 0x000007E4 0xFFFFFFE7 0x00000408 False   [4] [W]
   21 0x000007E5 0xFFFFFFE7 0x00000408 False   [4] [W]
   22 0x000007E6 0xFFFFFFE7 0x00000400 False   [4] []
   23 0x000007E7 0xFFFFFFE7 0x00000400 False   [4] []
   24 0x00000800 0xFFFFFFE7 0x00000808 False   [5] [W]
   25 0x00000801 0xFFFFFFE7 0x00000808 False   [5] [W]
   26 0x00000802 0xFFFFFFE7 0x00000808 False   [5] [W]
   27 0x00000803 0xFFFFFFE7 0x00000808 False   [5] [W]
   28 0x00000804 0xFFFFFFE7 0x00000808 False   [5] [W]
   29 0x00000805 0xFFFFFFE7 0x00000808 False   [5] [W]
   30 0x00000806 0xFFFFFFE7 0x00000800 False   [5] []
   31 0x00000807 0xFFFFFFE7 0x00000800 False   [5] []
   32 0x00000820 0xFFFFFFE7 0x00001008 False   [6] [W]
   33 0x00000821 0xFFFFFFE7 0x00001008 False   [6] [W]
   34 0x00000822 0xFFFFFFE7 0x00001008 False   [6] [W]
   35 0x00000823 0xFFFFFFE7 0x00001008 False   [6] [W]
   36 0x00000824 0xFFFFFFE7 0x00001008 False   [6] [W]
   37 0x00000825 0xFFFFFFE7 0x00001008 False   [6] [W]
   38 0x00000826 0xFFFFFFE7 0x00001000 False   [6] []
   39 0x00000827 0xFFFFFFE7 0x00001000 False   [6] []
   40 0x00000840 0xFFFFFFE7 0x00002008 False   [7] [W]
   41 0x00000841 0xFFFFFFE7 0x00002008 False   [7] [W]
   42 0x00000842 0xFFFFFFE7 0x00002008 False   [7] [W]
   43 0x00000843 0xFFFFFFE7 0x00002008 False   [7] [W]
   44 0x00000844 0xFFFFFFE7 0x00002008 False   [7] [W]
   45 0x00000845 0xFFFFFFE7 0x00002008 False   [7] [W]
   46 0x00000846 0xFFFFFFE7 0x00002000 False   [7] []
   47 0x00000847 0xFFFFFFE7 0x00002000 False   [7] []
   48 0x00000860 0xFFFFFFE7 0x00004008 False   [8] [W]
   49 0x00000861 0xFFFFFFE7 0x00004008 False   [8] [W]
   50 0x00000862 0xFFFFFFE7 0x00004008 False   [8] [W]
   51 0x00000863 0xFFFFFFE7 0x00004008 False   [8] [W]
   52 0x00000864 0xFFFFFFE7 0x00004008 False   [8] [W]
   53 0x00000865 0xFFFFFFE7 0x00004008 False   [8] [W]
   54 0x00000866 0xFFFFFFE7 0x00004000 False   [8] []
   55 0x00000867 0xFFFFFFE7 0x00004000 False   [8] []
   56 0x00000880 0xFFFFFFE7 0x00008008 False   [9] [W]
   57 0x00000881 0xFFFFFFE7 0x00008008 False   [9] [W]
   58 0x00000882 0xFFFFFFE7 0x00008008 False   [9] [W]
   59 0x00000883 0xFFFFFFE7 0x00008008 False   [9] [W]
   60 0x00000884 0xFFFFFFE7 0x00008008 False   [9] [W]
   61 0x00000885 0xFFFFFFE7 0x00008008 False   [9] [W]
   62 0x00000886 0xFFFFFFE7 0x00008000 False   [9] []
   63 0x00000887 0xFFFFFFE7 0x00008000 False   [9] []
   64 0x000008A0 0xFFFFFFE7 0x00010008 False   [10] [W]
   65 0x000008A1 0xFFFFFFE7 0x00010008 False   [10] [W]
   66 0x000008A2 0xFFFFFFE7 0x00010008 False   [10] [W]
   67 0x000008A3 0xFFFFFFE7 0x00010008 False   [10] [W]
   68 0x000008A4 0xFFFFFFE7 0x00010008 False   [10] [W]
   69 0x000008A5 0xFFFFFFE7 0x00010008 False   [10] [W]
   70 0x000008A6 0xFFFFFFE7 0x00010000 False   [10] []
   71 0x000008A7 0xFFFFFFE7 0x00010000 False   [10] []
   72 0x000008C0 0xFFFFFFE7 0x00020008 False   [11] [W]
   73 0x000008C1 0xFFFFFFE7 0x00020008 False   [11] [W]
   74 0x000008C2 0xFFFFFFE7 0x00020008 False   [11] [W]
   75 0x000008C3 0xFFFFFFE7 0x00020008 False   [11] [W]
   76 0x000008C4 0xFFFFFFE7 0x00020008 False   [11] [W]
   77 0x000008C5 0xFFFFFFE7 0x00020008 False   [11] [W]
   78 0x000008C6 0xFFFFFFE7 0x00020000 False   [11] []
   79 0x000008C7 0xFFFFFFE7 0x00020000 False   [11] []
   80 0x000008E0 0xFFFFFFE7 0x00040008 False   [12] [W]
   81 0x000008E1 0xFFFFFFE7 0x00040008 False   [12] [W]
   82 0x000008E2 0xFFFFFFE7 0x00040008 False   [12] [W]
   83 0x000008E3 0xFFFFFFE7 0x00040008 False   [12] [W]
   84 0x000008E4 0xFFFFFFE7 0x00040008 False   [12] [W]
   85 0x000008E5 0xFFFFFFE7 0x00040008 False   [12] [W]
   86 0x000008E6 0xFFFFFFE7 0x00040000 False   [12] []
   87 0x000008E7 0xFFFFFFE7 0x00040000 False   [12] []
   88 0x00000900 0xFFFFFFE7 0x00080008 False   [13] [W]
   89 0x00000901 0xFFFFFFE7 0x00080008 False   [13] [W]
   90 0x00000902 0xFFFFFFE7 0x00080008 False   [13] [W]
   91 0x00000903 0xFFFFFFE7 0x00080008 False   [13] [W]
   92 0x00000904 0xFFFFFFE7 0x00080008 False   [13] [W]
   93 0x00000905 0xFFFFFFE7 0x00080008 False   [13] [W]
   94 0x00000906 0xFFFFFFE7 0x00080000 False   [13] []
   95 0x00000907 0xFFFFFFE7 0x00080000 False   [13] []
   96 0x00000920 0xFFFFFFE7 0x00100008 False   [14] [W]
   97 0x00000921 0xFFFFFFE7 0x00100008 False   [14] [W]
   98 0x00000922 0xFFFFFFE7 0x00100008 False   [14] [W]
   99 0x00000923 0xFFFFFFE7 0x00100008 False   [14] [W]
  100 0x00000924 0xFFFFFFE7 0x00100008 False   [14] [W]
  101 0x00000925 0xFFFFFFE7 0x00100008 False   [14] [W]
  102 0x00000926 0xFFFFFFE7 0x00100000 False   [14] []
  103 0x00000927 0xFFFFFFE7 0x00100000 False   [14] []
  104 0x00000940 0xFFFFFFE7 0x00200008 False   [15] [W]
  105 0x00000941 0xFFFFFFE7 0x00200008 False   [15] [W]
  106 0x00000942 0xFFFFFFE7 0x00200008 False   [15] [W]
  107 0x00000943 0xFFFFFFE7 0x00200008 False   [15] [W]
  108 0x00000944 0xFFFFFFE7 0x00200008 False   [15] [W]
  109 0x00000945 0xFFFFFFE7 0x00200008 False   [15] [W]
  110 0x00000946 0xFFFFFFE7 0x00200000 False   [15] []
  111 0x00000947 0xFFFFFFE7 0x00200000 False   [15] []
  112 0x00000960 0xFFFFFFE7 0x00400008 False   [16] [W]
  113 0x00000961 0xFFFFFFE7 0x00400008 False   [16] [W]
  114 0x00000962 0xFFFFFFE7 0x00400008 False   [16] [W]
  115 0x00000963 0xFFFFFFE7 0x00400008 False   [16] [W]
  116 0x00000964 0xFFFFFFE7 0x00400008 False   [16] [W]
  117 0x00000965 0xFFFFFFE7 0x00400008 False   [16] [W]
  118 0x00000966 0xFFFFFFE7 0x00400000 False   [16] []
  119 0x00000967 0xFFFFFFE7 0x00400000 False   [16] []
  120 0x00000980 0xFFFFFFE7 0x00800008 False   [17] [W]
  121 0x00000981 0xFFFFFFE7 0x00800008 False   [17] [W]
  122 0x00000982 0xFFFFFFE7 0x00800008 False   [17] [W]
  123 0x00000983 0xFFFFFFE7 0x00800008 False   [17] [W]
  124 0x00000984 0xFFFFFFE7 0x00800008 False   [17] [W]
  125 0x00000985 0xFFFFFFE7 0x00800008 False   [17] [W]
  126 0x00000986 0xFFFFFFE7 0x00800000 False   [17] []
  127 0x00000987 0xFFFFFFE7 0x00800000 False   [17] []
  128 0x00000000 0xFFFFFFE7 0x00000008 True    [] [W]
  129 0x00000001 0xFFFFFFE7 0x00000008 True    [] [W]
  130 0x00000002 0xFFFFFFE7 0x00000008 True    [] [W]
  131 0x00000003 0xFFFFFFE7 0x00000008 True    [] [W]
  132 0x00000004 0xFFFFFFE7 0x00000008 True    [] [W]
  133 0x00000005 0xFFFFFFE7 0x00000008 False   [] [W]
  134 0x00000006 0xFFFFFFE7 0x00000000 False   [] []
  135 0x00000007 0xFFFFFFE7 0x00000000 False   [] []
  136 0x00000020 0xFFFFFFE7 0x00000008 True    [] [W]
  137 0x00000021 0xFFFFFFE7 0x00000008 True    [] [W]
  138 0x00000022 0xFFFFFFE7 0x00000008 True    [] [W]
  139 0x00000023 0xFFFFFFE7 0x00000008 True    [] [W]
  140 0x00000024 0xFFFFFFE7 0x00000008 True    [] [W]
  141 0x00000025 0xFFFFFFE7 0x00000008 False   [] [W]
  142 0x00000026 0xFFFFFFE7 0x00000000 False   [] []
  143 0x00000027 0xFFFFFFE7 0x00000000 False   [] []
  144 0x00000040 0xFFFFFFE7 0x00000008 True    [] [W]
  145 0x00000041 0xFFFFFFE7 0x00000008 True    [] [W]
  146 0x00000042 0xFFFFFFE7 0x00000008 True    [] [W]
  147 0x00000043 0xFFFFFFE7 0x00000008 True    [] [W]
  148 0x00000044 0xFFFFFFE7 0x00000008 True    [] [W]
  149 0x00000045 0xFFFFFFE7 0x00000008 False   [] [W]
  150 0x00000046 0xFFFFFFE7 0x00000000 False   [] []
  151 0x00000047 0xFFFFFFE7 0x00000000 False   [] []
  152 0x00000060 0xFFFFFFE7 0x00000008 True    [] [W]
  153 0x00000061 0xFFFFFFE7 0x00000008 True    [] [W]
  154 0x00000062 0xFFFFFFE7 0x00000008 True    [] [W]
  155 0x00000063 0xFFFFFFE7 0x00000008 True    [] [W]
  156 0x00000064 0xFFFFFFE7 0x00000008 True    [] [W]
  157 0x00000065 0xFFFFFFE7 0x00000008 False   [] [W]
  158 0x00000066 0xFFFFFFE7 0x00000000 False   [] []
  159 0x00000067 0xFFFFFFE7 0x00000000 False   [] []
  160 0x00000080 0xFFFFFFE7 0x00000008 True    [] [W]
  161 0x00000081 0xFFFFFFE7 0x00000008 True    [] [W]
  162 0x00000082 0xFFFFFFE7 0x00000008 True    [] [W]
  163 0x00000083 0xFFFFFFE7 0x00000008 True    [] [W]
  164 0x00000084 0xFFFFFFE7 0x00000008 True    [] [W]
  165 0x00000085 0xFFFFFFE7 0x00000008 False   [] [W]
  166 0x00000086 0xFFFFFFE7 0x00000000 False   [] []
  167 0x00000087 0xFFFFFFE7 0x00000000 False   [] []
  168 0x000000A0 0xFFFFFFE7 0x00000008 True    [] [W]
  169 0x000000A1 0xFFFFFFE7 0x00000008 True    [] [W]
  170 0x000000A2 0xFFFFFFE7 0x00000008 True    [] [W]
  171 0x000000A3 0xFFFFFFE7 0x00000008 True    [] [W]
  172 0x000000A4 0xFFFFFFE7 0x00000008 True    [] [W]
  173 0x000000A5 0xFFFFFFE7 0x00000008 False   [] [W]
  174 0x000000A6 0xFFFFFFE7 0x00000000 False   [] []
  175 0x000000A7 0xFFFFFFE7 0x00000000 False   [] []
  176 0x000000C0 0xFFFFFFE7 0x00000008 True    [] [W]
  177 0x000000C1 0xFFFFFFE7 0x00000008 True    [] [W]
  178 0x000000C2 0xFFFFFFE7 0x00000008 True    [] [W]
  179 0x000000C3 0xFFFFFFE7 0x00000008 True    [] [W]
  180 0x000000C4 0xFFFFFFE7 0x00000008 True    [] [W]
  181 0x000000C5 0xFFFFFFE7 0x00000008 False   [] [W]
  182 0x000000C6 0xFFFFFFE7 0x00000000 False   [] []
  183 0x000000C7 0xFFFFFFE7 0x00000000 False   [] []
  184 0x000000E0 0xFFFFFFE7 0x00000008 True    [] [W]
  185 0x000000E1 0xFFFFFFE7 0x00000008 True    [] [W]
  186 0x000000E2 0xFFFFFFE7 0x00000008 True    [] [W]
  187 0x000000E3 0xFFFFFFE7 0x00000008 True    [] [W]
  188 0x000000E4 0xFFFFFFE7 0x00000008 True    [] [W]
  189 0x000000E5 0xFFFFFFE7 0x00000008 False   [] [W]
  190 0x000000E6 0xFFFFFFE7 0x00000000 False   [] []
  191 0x000000E7 0xFFFFFFE7 0x00000000 False   [] []
  192 0x00000100 0xFFFFFFE7 0x00000008 True    [] [W]
  193 0x00000101 0xFFFFFFE7 0x00000008 True    [] [W]
  194 0x00000102 0xFFFFFFE7 0x00000008 True    [] [W]
  195 0x00000103 0xFFFFFFE7 0x00000008 True    [] [W]
  196 0x00000104 0xFFFFFFE7 0x00000008 True    [] [W]
  197 0x00000105 0xFFFFFFE7 0x00000008 False   [] [W]
  198 0x00000106 0xFFFFFFE7 0x00000000 False   [] []
  199 0x00000107 0xFFFFFFE7 0x00000000 False   [] []
  200 0x00000120 0xFFFFFFE7 0x00000008 True    [] [W]
  201 0x00000121 0xFFFFFFE7 0x00000008 True    [] [W]
  202 0x00000122 0xFFFFFFE7 0x00000008 True    [] [W]
  203 0x00000123 0xFFFFFFE7 0x00000008 True    [] [W]
  204 0x00000124 0xFFFFFFE7 0x00000008 True    [] [W]
  205 0x00000125 0xFFFFFFE7 0x00000008 False   [] [W]
  206 0x00000126 0xFFFFFFE7 0x00000000 False   [] []
  207 0x00000127 0xFFFFFFE7 0x00000000 False   [] []
  208 0x00000140 0xFFFFFFE7 0x00000008 True    [] [W]
  209 0x00000141 0xFFFFFFE7 0x00000008 True    [] [W]
  210 0x00000142 0xFFFFFFE7 0x00000008 True    [] [W]
  211 0x00000143 0xFFFFFFE7 0x00000008 True    [] [W]
  212 0x00000144 0xFFFFFFE7 0x00000008 True    [] [W]
  213 0x00000145 0xFFFFFFE7 0x00000008 False   [] [W]
  214 0x00000146 0xFFFFFFE7 0x00000000 False   [] []
  215 0x00000147 0xFFFFFFE7 0x00000000 False   [] []
  216 0x00000160 0xFFFFFFE7 0x00000008 True    [] [W]
  217 0x00000161 0xFFFFFFE7 0x00000008 True    [] [W]
  218 0x00000162 0xFFFFFFE7 0x00000008 True    [] [W]
  219 0x00000163 0xFFFFFFE7 0x00000008 True    [] [W]
  220 0x00000164 0xFFFFFFE7 0x00000008 True    [] [W]
  221 0x00000165 0xFFFFFFE7 0x00000008 False   [] [W]
  222 0x00000166 0xFFFFFFE7 0x00000000 False   [] []
  223 0x00000167 0xFFFFFFE7 0x00000000 False   [] []
  224 0x00000180 0xFFFFFFE7 0x00000008 True    [] [W]
  225 0x00000181 0xFFFFFFE7 0x00000008 True    [] [W]
  226 0x00000182 0xFFFFFFE7 0x00000008 True    [] [W]
  227 0x00000183 0xFFFFFFE7 0x00000008 True    [] [W]
  228 0x00000184 0xFFFFFFE7 0x00000008 True    [] [W]
  229 0x00000185 0xFFFFFFE7 0x00000008 False   [] [W]
  230 0x00000186 0xFFFFFFE7 0x00000000 False   [] []
  231 0x00000187 0xFFFFFFE7 0x00000000 False   [] []
  232 0x000001A0 0xFFFFFFE7 0x00000008 True    [] [W]
  233 0x000001A1 0xFFFFFFE7 0x00000008 True    [] [W]
  234 0x000001A2 0xFFFFFFE7 0x00000008 True    [] [W]
  235 0x000001A3 0xFFFFFFE7 0x00000008 True    [] [W]
  236 0x000001A4 0xFFFFFFE7 0x00000008 True    [] [W]
  237 0x000001A5 0xFFFFFFE7 0x00000008 False   [] [W]
  238 0x000001A6 0xFFFFFFE7 0x00000000 False   [] []
  239 0x000001A7 0xFFFFFFE7 0x00000000 False   [] []
  240 0x000001C0 0xFFFFFFE7 0x00000008 True    [] [W]
  241 0x000001C1 0xFFFFFFE7 0x00000008 True    [] [W]
  242 0x000001C2 0xFFFFFFE7 0x00000008 True    [] [W]
  243 0x000001C3 0xFFFFFFE7 0x00000008 True    [] [W]
  244 0x000001C4 0xFFFFFFE7 0x00000008 True    [] [W]
  245 0x000001C5 0xFFFFFFE7 0x00000008 False   [] [W]
  246 0x000001C6 0xFFFFFFE7 0x00000000 False   [] []
  247 0x000001C7 0xFFFFFFE7 0x00000000 False   [] []
  248 0x000001E0 0xFFFFFFE7 0x00000008 True    [] [W]
  249 0x000001E1 0xFFFFFFE7 0x00000008 True    [] [W]
  250 0x000001E2 0xFFFFFFE7 0x00000008 True    [] [W]
  251 0x000001E3 0xFFFFFFE7 0x00000008 True    [] [W]
  252 0x000001E4 0xFFFFFFE7 0x00000008 True    [] [W]
  253 0x000001E5 0xFFFFFFE7 0x00000008 False   [] [W]
  254 0x000001E6 0xFFFFFFE7 0x00000000 False   [] []
  255 0x000001E7 0xFFFFFFE7 0x00000000 False   [] []
  256 0x00000200 0xFFFFFFE7 0x00000008 True    [] [W]
  257 0x00000201 0xFFFFFFE7 0x00000008 True    [] [W]
  258 0x00000202 0xFFFFFFE7 0x00000008 True    [] [W]
  259 0x00000203 0xFFFFFFE7 0x00000008 True    [] [W]
  260 0x00000204 0xFFFFFFE7 0x00000008 True    [] [W]
  261 0x00000205 0xFFFFFFE7 0x00000008 False   [] [W]
  262 0x00000206 0xFFFFFFE7 0x00000000 False   [] []
  263 0x00000207 0xFFFFFFE7 0x00000000 False   [] []
  264 0x00000220 0xFFFFFFE7 0x00000008 True    [] [W]
  265 0x00000221 0xFFFFFFE7 0x00000008 True    [] [W]
  266 0x00000222 0xFFFFFFE7 0x00000008 True    [] [W]
  267 0x00000223 0xFFFFFFE7 0x00000008 True    [] [W]
  268 0x00000224 0xFFFFFFE7 0x00000008 True    [] [W]
  269 0x00000225 0xFFFFFFE7 0x00000008 False   [] [W]
  270 0x00000226 0xFFFFFFE7 0x00000000 False   [] []
  271 0x00000227 0xFFFFFFE7 0x00000000 False   [] []
  272 0x00000240 0xFFFFFFE7 0x00000008 True    [] [W]
  273 0x00000241 0xFFFFFFE7 0x00000008 True    [] [W]
  274 0x00000242 0xFFFFFFE7 0x00000008 True    [] [W]
  275 0x00000243 0xFFFFFFE7 0x00000008 True    [] [W]
  276 0x00000244 0xFFFFFFE7 0x00000008 True    [] [W]
  277 0x00000245 0xFFFFFFE7 0x00000008 False   [] [W]
  278 0x00000246 0xFFFFFFE7 0x00000000 False   [] []
  279 0x00000247 0xFFFFFFE7 0x00000000 False   [] []
  280 0x00000260 0xFFFFFFE7 0x00000008 True    [] [W]
  281 0x00000261 0xFFFFFFE7 0x00000008 True    [] [W]
  282 0x00000262 0xFFFFFFE7 0x00000008 True    [] [W]
  283 0x00000263 0xFFFFFFE7 0x00000008 True    [] [W]
  284 0x00000264 0xFFFFFFE7 0x00000008 True    [] [W]
  285 0x00000265 0xFFFFFFE7 0x00000008 False   [] [W]
  286 0x00000266 0xFFFFFFE7 0x00000000 False   [] []
  287 0x00000267 0xFFFFFFE7 0x00000000 False   [] []
  288 0x00000280 0xFFFFFFE7 0x00000008 True    [] [W]
  289 0x00000281 0xFFFFFFE7 0x00000008 True    [] [W]
  290 0x00000282 0xFFFFFFE7 0x00000008 True    [] [W]
  291 0x00000283 0xFFFFFFE7 0x00000008 True    [] [W]
  292 0x00000284 0xFFFFFFE7 0x00000008 True    [] [W]
  293 0x00000285 0xFFFFFFE7 0x00000008 False   [] [W]
  294 0x00000286 0xFFFFFFE7 0x00000000 False   [] []
  295 0x00000287 0xFFFFFFE7 0x00000000 False   [] []
  296 0x000002A0 0xFFFFFFE7 0x00000008 True    [] [W]
  297 0x000002A1 0xFFFFFFE7 0x00000008 True    [] [W]
  298 0x000002A2 0xFFFFFFE7 0x00000008 True    [] [W]
  299 0x000002A3 0xFFFFFFE7 0x00000008 True    [] [W]
  300 0x000002A4 0xFFFFFFE7 0x00000008 True    [] [W]
  301 0x000002A5 0xFFFFFFE7 0x00000008 False   [] [W]
  302 0x000002A6 0xFFFFFFE7 0x00000000 False   [] []
  303 0x000002A7 0xFFFFFFE7 0x00000000 False   [] []
  304 0x000002C0 0xFFFFFFE7 0x00000008 True    [] [W]
  305 0x000002C1 0xFFFFFFE7 0x00000008 True    [] [W]
  306 0x000002C2 0xFFFFFFE7 0x00000008 True    [] [W]
  307 0x000002C3 0xFFFFFFE7 0x00000008 True    [] [W]
  308 0x000002C4 0xFFFFFFE7 0x00000008 True    [] [W]
  309 0x000002C5 0xFFFFFFE7 0x00000008 False   [] [W]
  310 0x000002C6 0xFFFFFFE7 0x00000000 False   [] []
  311 0x000002C7 0xFFFFFFE7 0x00000000 False   [] []
  312 0x000002E0 0xFFFFFFE7 0x00000008 True    [] [W]
  313 0x000002E1 0xFFFFFFE7 0x00000008 True    [] [W]
  314 0x000002E2 0xFFFFFFE7 0x00000008 True    [] [W]
  315 0x000002E3 0xFFFFFFE7 0x00000008 True    [] [W]
  316 0x000002E4 0xFFFFFFE7 0x00000008 True    [] [W]
  317 0x000002E5 0xFFFFFFE7 0x00000008 False   [] [W]
  318 0x000002E6 0xFFFFFFE7 0x00000000 False   [] []
  319 0x000002E7 0xFFFFFFE7 0x00000000 False   [] []
  320 0x00000300 0xFFFFFFE7 0x00000008 True    [] [W]
  321 0x00000301 0xFFFFFFE7 0x00000008 True    [] [W]
  322 0x00000302 0xFFFFFFE7 0x00000008 True    [] [W]
  323 0x00000303 0xFFFFFFE7 0x00000008 True    [] [W]
  324 0x00000304 0xFFFFFFE7 0x00000008 True    [] [W]
  325 0x00000305 0xFFFFFFE7 0x00000008 False   [] [W]
  326 0x00000306 0xFFFFFFE7 0x00000000 False   [] []
  327 0x00000307 0xFFFFFFE7 0x00000000 False   [] []
  328 0x00000320 0xFFFFFFE7 0x00000008 True    [] [W]
  329 0x00000321 0xFFFFFFE7 0x00000008 True    [] [W]
  330 0x00000322 0xFFFFFFE7 0x00000008 True    [] [W]
  331 0x00000323 0xFFFFFFE7 0x00000008 True    [] [W]
  332 0x00000324 0xFFFFFFE7 0x00000008 True    [] [W]
  333 0x00000325 0xFFFFFFE7 0x00000008 False   [] [W]
  334 0x00000326 0xFFFFFFE7 0x00000000 False   [] []
  335 0x00000327 0xFFFFFFE7 0x00000000 False   [] []
  336 0x00000340 0xFFFFFFE7 0x00000008 True    [] [W]
  337 0x00000341 0xFFFFFFE7 0x00000008 True    [] [W]
  338 0x00000342 0xFFFFFFE7 0x00000008 True    [] [W]
  339 0x00000343 0xFFFFFFE7 0x00000008 True    [] [W]
  340 0x00000344 0xFFFFFFE7 0x00000008 True    [] [W]
  341 0x00000345 0xFFFFFFE7 0x00000008 False   [] [W]
  342 0x00000346 0xFFFFFFE7 0x00000000 False   [] []
  343 0x00000347 0xFFFFFFE7 0x00000000 False   [] []
  344 0x00000360 0xFFFFFFE7 0x00000008 True    [] [W]
  345 0x00000361 0xFFFFFFE7 0x00000008 True    [] [W]
  346 0x00000362 0xFFFFFFE7 0x00000008 True    [] [W]
  347 0x00000363 0xFFFFFFE7 0x00000008 True    [] [W]
  348 0x00000364 0xFFFFFFE7 0x00000008 True    [] [W]
  349 0x00000365 0xFFFFFFE7 0x00000008 False   [] [W]
  350 0x00000366 0xFFFFFFE7 0x00000000 False   [] []
  351 0x00000367 0xFFFFFFE7 0x00000000 False   [] []
  352 0x00000380 0xFFFFFFE7 0x00000008 True    [] [W]
  353 0x00000381 0xFFFFFFE7 0x00000008 True    [] [W]
  354 0x00000382 0xFFFFFFE7 0x00000008 True    [] [W]
  355 0x00000383 0xFFFFFFE7 0x00000008 True    [] [W]
  356 0x00000384 0xFFFFFFE7 0x00000008 True    [] [W]
  357 0x00000385 0xFFFFFFE7 0x00000008 False   [] [W]
  358 0x00000386 0xFFFFFFE7 0x00000000 False   [] []
  359 0x00000387 0xFFFFFFE7 0x00000000 False   [] []
  360 0x000003A0 0xFFFFFFE7 0x00000008 True    [] [W]
  361 0x000003A1 0xFFFFFFE7 0x00000008 True    [] [W]
  362 0x000003A2 0xFFFFFFE7 0x00000008 True    [] [W]
  363 0x000003A3 0xFFFFFFE7 0x00000008 True    [] [W]
  364 0x000003A4 0xFFFFFFE7 0x00000008 True    [] [W]
  365 0x000003A5 0xFFFFFFE7 0x00000008 False   [] [W]
  366 0x000003A6 0xFFFFFFE7 0x00000000 False   [] []
  367 0x000003A7 0xFFFFFFE7 0x00000000 False   [] []
  368 0x000003C0 0xFFFFFFE7 0x00000008 True    [] [W]
  369 0x000003C1 0xFFFFFFE7 0x00000008 True    [] [W]
  370 0x000003C2 0xFFFFFFE7 0x00000008 True    [] [W]
  371 0x000003C3 0xFFFFFFE7 0x00000008 True    [] [W]
  372 0x000003C4 0xFFFFFFE7 0x00000008 True    [] [W]
  373 0x000003C5 0xFFFFFFE7 0x00000008 False   [] [W]
  374 0x000003C6 0xFFFFFFE7 0x00000000 False   [] []
  375 0x000003C7 0xFFFFFFE7 0x00000000 False   [] []
  376 0x000003E0 0xFFFFFFE7 0x00000008 True    [] [W]
  377 0x000003E1 0xFFFFFFE7 0x00000008 True    [] [W]
  378 0x000003E2 0xFFFFFFE7 0x00000008 True    [] [W]
  379 0x000003E3 0xFFFFFFE7 0x00000008 True    [] [W]
  380 0x000003E4 0xFFFFFFE7 0x00000008 True    [] [W]
  381 0x000003E5 0xFFFFFFE7 0x00000008 False   [] [W]
  382 0x000003E6 0xFFFFFFE7 0x00000000 False   [] []
  383 0x000003E7 0xFFFFFFE7 0x00000000 False   [] []
  384 0x00000400 0xFFFFFFE7 0x00000008 True    [] [W]
  385 0x00000401 0xFFFFFFE7 0x00000008 True    [] [W]
  386 0x00000402 0xFFFFFFE7 0x00000008 True    [] [W]
  387 0x00000403 0xFFFFFFE7 0x00000008 True    [] [W]
  388 0x00000404 0xFFFFFFE7 0x00000008 True    [] [W]
  389 0x00000405 0xFFFFFFE7 0x00000008 False   [] [W]
  390 0x00000406 0xFFFFFFE7 0x00000000 False   [] []
  391 0x00000407 0xFFFFFFE7 0x00000000 False   [] []
  392 0x00000420 0xFFFFFFE7 0x00000008 True    [] [W]
  393 0x00000421 0xFFFFFFE7 0x00000008 True    [] [W]
  394 0x00000422 0xFFFFFFE7 0x00000008 True    [] [W]
  395 0x00000423 0xFFFFFFE7 0x00000008 True    [] [W]
  396 0x00000424 0xFFFFFFE7 0x00000008 True    [] [W]
  397 0x00000425 0xFFFFFFE7 0x00000008 False   [] [W]
  398 0x00000426 0xFFFFFFE7 0x00000000 False   [] []
  399 0x00000427 0xFFFFFFE7 0x00000000 False   [] []
  400 0x00000440 0xFFFFFFE7 0x00000008 True    [] [W]
  401 0x00000441 0xFFFFFFE7 0x00000008 True    [] [W]
  402 0x00000442 0xFFFFFFE7 0x00000008 True    [] [W]
  403 0x00000443 0xFFFFFFE7 0x00000008 True    [] [W]
  404 0x00000444 0xFFFFFFE7 0x00000008 True    [] [W]
  405 0x00000445 0xFFFFFFE7 0x00000008 False   [] [W]
  406 0x00000446 0xFFFFFFE7 0x00000000 False   [] []
  407 0x00000447 0xFFFFFFE7 0x00000000 False   [] []
  408 0x00000460 0xFFFFFFE7 0x00000008 True    [] [W]
  409 0x00000461 0xFFFFFFE7 0x00000008 True    [] [W]
  410 0x00000462 0xFFFFFFE7 0x00000008 True    [] [W]
  411 0x00000463 0xFFFFFFE7 0x00000008 True    [] [W]
  412 0x00000464 0xFFFFFFE7 0x00000008 True    [] [W]
  413 0x00000465 0xFFFFFFE7 0x00000008 False   [] [W]
  414 0x00000466 0xFFFFFFE7 0x00000000 False   [] []
  415 0x00000467 0xFFFFFFE7 0x00000000 False   [] []
  416 0x00000480 0xFFFFFFE7 0x00000008 True    [] [W]
  417 0x00000481 0xFFFFFFE7 0x00000008 True    [] [W]
  418 0x00000482 0xFFFFFFE7 0x00000008 True    [] [W]
  419 0x00000483 0xFFFFFFE7 0x00000008 True    [] [W]
  420 0x00000484 0xFFFFFFE7 0x00000008 True    [] [W]
  421 0x00000485 0xFFFFFFE7 0x00000008 False   [] [W]
  422 0x00000486 0xFFFFFFE7 0x00000000 False   [] []
  423 0x00000487 0xFFFFFFE7 0x00000000 False   [] []
  424 0x000004A0 0xFFFFFFE7 0x00000008 True    [] [W]
  425 0x000004A1 0xFFFFFFE7 0x00000008 True    [] [W]
  426 0x000004A2 0xFFFFFFE7 0x00000008 True    [] [W]
  427 0x000004A3 0xFFFFFFE7 0x00000008 True    [] [W]
  428 0x000004A4 0xFFFFFFE7 0x00000008 True    [] [W]
  429 0x000004A5 0xFFFFFFE7 0x00000008 False   [] [W]
  430 0x000004A6 0xFFFFFFE7 0x00000000 False   [] []
  431 0x000004A7 0xFFFFFFE7 0x00000000 False   [] []
  432 0x000004C0 0xFFFFFFE7 0x00000008 True    [] [W]
  433 0x000004C1 0xFFFFFFE7 0x00000008 True    [] [W]
  434 0x000004C2 0xFFFFFFE7 0x00000008 True    [] [W]
  435 0x000004C3 0xFFFFFFE7 0x00000008 True    [] [W]
  436 0x000004C4 0xFFFFFFE7 0x00000008 True    [] [W]
  437 0x000004C5 0xFFFFFFE7 0x00000008 False   [] [W]
  438 0x000004C6 0xFFFFFFE7 0x00000000 False   [] []
  439 0x000004C7 0xFFFFFFE7 0x00000000 False   [] []
  440 0x000004E0 0xFFFFFFE7 0x00000008 True    [] [W]
  441 0x000004E1 0xFFFFFFE7 0x00000008 True    [] [W]
  442 0x000004E2 0xFFFFFFE7 0x00000008 True    [] [W]
  443 0x000004E3 0xFFFFFFE7 0x00000008 True    [] [W]
  444 0x000004E4 0xFFFFFFE7 0x00000008 True    [] [W]
  445 0x000004E5 0xFFFFFFE7 0x00000008 False   [] [W]
  446 0x000004E6 0xFFFFFFE7 0x00000000 False   [] []
  447 0x000004E7 0xFFFFFFE7 0x00000000 False   [] []
  448 0x00000500 0xFFFFFFE7 0x00000008 True    [] [W]
  449 0x00000501 0xFFFFFFE7 0x00000008 True    [] [W]
  450 0x00000502 0xFFFFFFE7 0x00000008 True    [] [W]
  451 0x00000503 0xFFFFFFE7 0x00000008 True    [] [W]
  452 0x00000504 0xFFFFFFE7 0x00000008 True    [] [W]
  453 0x00000505 0xFFFFFFE7 0x00000008 False   [] [W]
  454 0x00000506 0xFFFFFFE7 0x00000000 False   [] []
  455 0x00000507 0xFFFFFFE7 0x00000000 False   [] []
  456 0x00000520 0xFFFFFFE7 0x00000008 True    [] [W]
  457 0x00000521 0xFFFFFFE7 0x00000008 True    [] [W]
  458 0x00000522 0xFFFFFFE7 0x00000008 True    [] [W]
  459 0x00000523 0xFFFFFFE7 0x00000008 True    [] [W]
  460 0x00000524 0xFFFFFFE7 0x00000008 True    [] [W]
  461 0x00000525 0xFFFFFFE7 0x00000008 False   [] [W]
  462 0x00000526 0xFFFFFFE7 0x00000000 False   [] []
  463 0x00000527 0xFFFFFFE7 0x00000000 False   [] []
  464 0x00000540 0xFFFFFFE7 0x00000008 True    [] [W]
  465 0x00000541 0xFFFFFFE7 0x00000008 True    [] [W]
  466 0x00000542 0xFFFFFFE7 0x00000008 True    [] [W]
  467 0x00000543 0xFFFFFFE7 0x00000008 True    [] [W]
  468 0x00000544 0xFFFFFFE7 0x00000008 True    [] [W]
  469 0x00000545 0xFFFFFFE7 0x00000008 False   [] [W]
  470 0x00000546 0xFFFFFFE7 0x00000000 False   [] []
  471 0x00000547 0xFFFFFFE7 0x00000000 False   [] []
  472 0x00000560 0xFFFFFFE7 0x00000008 True    [] [W]
  473 0x00000561 0xFFFFFFE7 0x00000008 True    [] [W]
  474 0x00000562 0xFFFFFFE7 0x00000008 True    [] [W]
  475 0x00000563 0xFFFFFFE7 0x00000008 True    [] [W]
  476 0x00000564 0xFFFFFFE7 0x00000008 True    [] [W]
  477 0x00000565 0xFFFFFFE7 0x00000008 False   [] [W]
  478 0x00000566 0xFFFFFFE7 0x00000000 False   [] []
  479 0x00000567 0xFFFFFFE7 0x00000000 False   [] []
  480 0x00000580 0xFFFFFFE7 0x00000008 True    [] [W]
  481 0x00000581 0xFFFFFFE7 0x00000008 True    [] [W]
  482 0x00000582 0xFFFFFFE7 0x00000008 True    [] [W]
  483 0x00000583 0xFFFFFFE7 0x00000008 True    [] [W]
  484 0x00000584 0xFFFFFFE7 0x00000008 True    [] [W]
  485 0x00000585 0xFFFFFFE7 0x00000008 False   [] [W]
  486 0x00000586 0xFFFFFFE7 0x00000000 False   [] []
  487 0x00000587 0xFFFFFFE7 0x00000000 False   [] []
  488 0x000005A0 0xFFFFFFE7 0x00000008 True    [] [W]
  489 0x000005A1 0xFFFFFFE7 0x00000008 True    [] [W]
  490 0x000005A2 0xFFFFFFE7 0x00000008 True    [] [W]
  491 0x000005A3 0xFFFFFFE7 0x00000008 True    [] [W]
  492 0x000005A4 0xFFFFFFE7 0x00000008 True    [] [W]
  493 0x000005A5 0xFFFFFFE7 0x00000008 False   [] [W]
  494 0x000005A6 0xFFFFFFE7 0x00000000 False   [] []
  495 0x000005A7 0xFFFFFFE7 0x00000000 False   [] []
  496 0x000005C0 0xFFFFFFE7 0x00000008 True    [] [W]
  497 0x000005C1 0xFFFFFFE7 0x00000008 True    [] [W]
  498 0x000005C2 0xFFFFFFE7 0x00000008 True    [] [W]
  499 0x000005C3 0xFFFFFFE7 0x00000008 True    [] [W]
  500 0x000005C4 0xFFFFFFE7 0x00000008 True    [] [W]
  501 0x000005C5 0xFFFFFFE7 0x00000008 False   [] [W]
  502 0x000005C6 0xFFFFFFE7 0x00000000 False   [] []
  503 0x000005C7 0xFFFFFFE7 0x00000000 False   [] []
  504 0x000005E0 0xFFFFFFE7 0x00000008 True    [] [W]
  505 0x000005E1 0xFFFFFFE7 0x00000008 True    [] [W]
  506 0x000005E2 0xFFFFFFE7 0x00000008 True    [] [W]
  507 0x000005E3 0xFFFFFFE7 0x00000008 True    [] [W]
  508 0x000005E4 0xFFFFFFE7 0x00000008 True    [] [W]
  509 0x000005E5 0xFFFFFFE7 0x00000008 False   [] [W]
  510 0x000005E6 0xFFFFFFE7 0x00000000 False   [] []
  511 0x000005E7 0xFFFFFFE7 0x00000000 False   [] []
  512 0x00000600 0xFFFFFFE7 0x00000008 True    [] [W]
  513 0x00000601 0xFFFFFFE7 0x00000008 True    [] [W]
  514 0x00000602 0xFFFFFFE7 0x00000008 True    [] [W]
  515 0x00000603 0xFFFFFFE7 0x00000008 True    [] [W]
  516 0x00000604 0xFFFFFFE7 0x00000008 True    [] [W]
  517 0x00000605 0xFFFFFFE7 0x00000008 False   [] [W]
  518 0x00000606 0xFFFFFFE7 0x00000000 False   [] []
  519 0x00000607 0xFFFFFFE7 0x00000000 False   [] []
  520 0x00000620 0xFFFFFFE7 0x00000008 True    [] [W]
  521 0x00000621 0xFFFFFFE7 0x00000008 True    [] [W]
  522 0x00000622 0xFFFFFFE7 0x00000008 True    [] [W]
  523 0x00000623 0xFFFFFFE7 0x00000008 True    [] [W]
  524 0x00000624 0xFFFFFFE7 0x00000008 True    [] [W]
  525 0x00000625 0xFFFFFFE7 0x00000008 False   [] [W]
  526 0x00000626 0xFFFFFFE7 0x00000000 False   [] []
  527 0x00000627 0xFFFFFFE7 0x00000000 False   [] []
  528 0x00000640 0xFFFFFFE7 0x00000008 True    [] [W]
  529 0x00000641 0xFFFFFFE7 0x00000008 True    [] [W]
  530 0x00000642 0xFFFFFFE7 0x00000008 True    [] [W]
  531 0x00000643 0xFFFFFFE7 0x00000008 True    [] [W]
  532 0x00000644 0xFFFFFFE7 0x00000008 True    [] [W]
  533 0x00000645 0xFFFFFFE7 0x00000008 False   [] [W]
  534 0x00000646 0xFFFFFFE7 0x00000000 False   [] []
  535 0x00000647 0xFFFFFFE7 0x00000000 False   [] []
  536 0x00000660 0xFFFFFFE7 0x00000008 True    [] [W]
  537 0x00000661 0xFFFFFFE7 0x00000008 True    [] [W]
  538 0x00000662 0xFFFFFFE7 0x00000008 True    [] [W]
  539 0x00000663 0xFFFFFFE7 0x00000008 True    [] [W]
  540 0x00000664 0xFFFFFFE7 0x00000008 True    [] [W]
  541 0x00000665 0xFFFFFFE7 0x00000008 False   [] [W]
  542 0x00000666 0xFFFFFFE7 0x00000000 False   [] []
  543 0x00000667 0xFFFFFFE7 0x00000000 False   [] []
  544 0x00000680 0xFFFFFFE7 0x00000008 True    [] [W]
  545 0x00000681 0xFFFFFFE7 0x00000008 True    [] [W]
  546 0x00000682 0xFFFFFFE7 0x00000008 True    [] [W]
  547 0x00000683 0xFFFFFFE7 0x00000008 True    [] [W]
  548 0x00000684 0xFFFFFFE7 0x00000008 True    [] [W]
  549 0x00000685 0xFFFFFFE7 0x00000008 False   [] [W]
  550 0x00000686 0xFFFFFFE7 0x00000000 False   [] []
  551 0x00000687 0xFFFFFFE7 0x00000000 False   [] []
  552 0x000006A0 0xFFFFFFE7 0x00000008 True    [] [W]
  553 0x000006A1 0xFFFFFFE7 0x00000008 True    [] [W]
  554 0x000006A2 0xFFFFFFE7 0x00000008 True    [] [W]
  555 0x000006A3 0xFFFFFFE7 0x00000008 True    [] [W]
  556 0x000006A4 0xFFFFFFE7 0x00000008 True    [] [W]
  557 0x000006A5 0xFFFFFFE7 0x00000008 False   [] [W]
  558 0x000006A6 0xFFFFFFE7 0x00000000 False   [] []
  559 0x000006A7 0xFFFFFFE7 0x00000000 False   [] []
  560 0x000006C0 0xFFFFFFE7 0x00000008 True    [] [W]
  561 0x000006C1 0xFFFFFFE7 0x00000008 True    [] [W]
  562 0x000006C2 0xFFFFFFE7 0x00000008 True    [] [W]
  563 0x000006C3 0xFFFFFFE7 0x00000008 True    [] [W]
  564 0x000006C4 0xFFFFFFE7 0x00000008 True    [] [W]
  565 0x000006C5 0xFFFFFFE7 0x00000008 False   [] [W]
  566 0x000006C6 0xFFFFFFE7 0x00000000 False   [] []
  567 0x000006C7 0xFFFFFFE7 0x00000000 False   [] []
  568 0x000006E0 0xFFFFFFE7 0x00000008 True    [] [W]
  569 0x000006E1 0xFFFFFFE7 0x00000008 True    [] [W]
  570 0x000006E2 0xFFFFFFE7 0x00000008 True    [] [W]
  571 0x000006E3 0xFFFFFFE7 0x00000008 True    [] [W]
  572 0x000006E4 0xFFFFFFE7 0x00000008 True    [] [W]
  573 0x000006E5 0xFFFFFFE7 0x00000008 False   [] [W]
  574 0x000006E6 0xFFFFFFE7 0x00000000 False   [] []
  575 0x000006E7 0xFFFFFFE7 0x00000000 False   [] []
  576 0x00000700 0xFFFFFFE7 0x00000008 True    [] [W]
  577 0x00000701 0xFFFFFFE7 0x00000008 True    [] [W]
  578 0x00000702 0xFFFFFFE7 0x00000008 True    [] [W]
  579 0x00000703 0xFFFFFFE7 0x00000008 True    [] [W]
  580 0x00000704 0xFFFFFFE7 0x00000008 True    [] [W]
  581 0x00000705 0xFFFFFFE7 0x00000008 False   [] [W]
  582 0x00000706 0xFFFFFFE7 0x00000000 False   [] []
  583 0x00000707 0xFFFFFFE7 0x00000000 False   [] []
  584 0x00000720 0xFFFFFFE7 0x00000008 True    [] [W]
  585 0x00000721 0xFFFFFFE7 0x00000008 True    [] [W]
  586 0x00000722 0xFFFFFFE7 0x00000008 True    [] [W]
  587 0x00000723 0xFFFFFFE7 0x00000008 True    [] [W]
  588 0x00000724 0xFFFFFFE7 0x00000008 True    [] [W]
  589 0x00000725 0xFFFFFFE7 0x00000008 False   [] [W]
  590 0x00000726 0xFFFFFFE7 0x00000000 False   [] []
  591 0x00000727 0xFFFFFFE7 0x00000000 False   [] []
  592 0x00000740 0xFFFFFFE7 0x00000008 True    [] [W]
  593 0x00000741 0xFFFFFFE7 0x00000008 True    [] [W]
  594 0x00000742 0xFFFFFFE7 0x00000008 True    [] [W]
  595 0x00000743 0xFFFFFFE7 0x00000008 True    [] [W]
  596 0x00000744 0xFFFFFFE7 0x00000008 True    [] [W]
  597 0x00000745 0xFFFFFFE7 0x00000008 False   [] [W]
  598 0x00000746 0xFFFFFFE7 0x00000000 False   [] []
  599 0x00000747 0xFFFFFFE7 0x00000000 False   [] []
  600 0x00000760 0xFFFFFFE7 0x00000008 True    [] [W]
  601 0x00000761 0xFFFFFFE7 0x00000008 True    [] [W]
  602 0x00000762 0xFFFFFFE7 0x00000008 True    [] [W]
  603 0x00000763 0xFFFFFFE7 0x00000008 True    [] [W]
  604 0x00000764 0xFFFFFFE7 0x00000008 True    [] [W]
  605 0x00000765 0xFFFFFFE7 0x00000008 False   [] [W]
  606 0x00000766 0xFFFFFFE7 0x00000000 False   [] []
  607 0x00000767 0xFFFFFFE7 0x00000000 False   [] []
  608 0x00000780 0xFFFFFFE7 0x00000008 True    [] [W]
  609 0x00000781 0xFFFFFFE7 0x00000008 True    [] [W]
  610 0x00000782 0xFFFFFFE7 0x00000008 True    [] [W]
  611 0x00000783 0xFFFFFFE7 0x00000008 True    [] [W]
  612 0x00000784 0xFFFFFFE7 0x00000008 True    [] [W]
  613 0x00000785 0xFFFFFFE7 0x00000008 False   [] [W]
  614 0x00000786 0xFFFFFFE7 0x00000000 False   [] []
  615 0x00000787 0xFFFFFFE7 0x00000000 False   [] []
  616 0x000009A0 0xFFFFFFE7 0x00000008 True    [] [W]
  617 0x000009A1 0xFFFFFFE7 0x00000008 True    [] [W]
  618 0x000009A2 0xFFFFFFE7 0x00000008 True    [] [W]
  619 0x000009A3 0xFFFFFFE7 0x00000008 True    [] [W]
  620 0x000009A4 0xFFFFFFE7 0x00000008 True    [] [W]
  621 0x000009A5 0xFFFFFFE7 0x00000008 False   [] [W]
  622 0x000009A6 0xFFFFFFE7 0x00000000 False   [] []
  623 0x000009A7 0xFFFFFFE7 0x00000000 False   [] []
  624 0x000009C0 0xFFFFFFE7 0x00000008 True    [] [W]
  625 0x000009C1 0xFFFFFFE7 0x00000008 True    [] [W]
  626 0x000009C2 0xFFFFFFE7 0x00000008 True    [] [W]
  627 0x000009C3 0xFFFFFFE7 0x00000008 True    [] [W]
  628 0x000009C4 0xFFFFFFE7 0x00000008 True    [] [W]
  629 0x000009C5 0xFFFFFFE7 0x00000008 False   [] [W]
  630 0x000009C6 0xFFFFFFE7 0x00000000 False   [] []
  631 0x000009C7 0xFFFFFFE7 0x00000000 False   [] []
  632 0x000009E0 0xFFFFFFE7 0x00000008 True    [] [W]
  633 0x000009E1 0xFFFFFFE7 0x00000008 True    [] [W]
  634 0x000009E2 0xFFFFFFE7 0x00000008 True    [] [W]
  635 0x000009E3 0xFFFFFFE7 0x00000008 True    [] [W]
  636 0x000009E4 0xFFFFFFE7 0x00000008 True    [] [W]
  637 0x000009E5 0xFFFFFFE7 0x00000008 False   [] [W]
  638 0x000009E6 0xFFFFFFE7 0x00000000 False   [] []
  639 0x000009E7 0xFFFFFFE7 0x00000000 False   [] []
  640 0x00000A00 0xFFFFFFE7 0x00000008 True    [] [W]
  641 0x00000A01 0xFFFFFFE7 0x00000008 True    [] [W]
  642 0x00000A02 0xFFFFFFE7 0x00000008 True    [] [W]
  643 0x00000A03 0xFFFFFFE7 0x00000008 True    [] [W]
  644 0x00000A04 0xFFFFFFE7 0x00000008 True    [] [W]
  645 0x00000A05 0xFFFFFFE7 0x00000008 False   [] [W]
  646 0x00000A06 0xFFFFFFE7 0x00000000 False   [] []
  647 0x00000A07 0xFFFFFFE7 0x00000000 False   [] []
  648 0x00000A20 0xFFFFFFE7 0x00000008 True    [] [W]
  649 0x00000A21 0xFFFFFFE7 0x00000008 True    [] [W]
  650 0x00000A22 0xFFFFFFE7 0x00000008 True    [] [W]
  651 0x00000A23 0xFFFFFFE7 0x00000008 True    [] [W]
  652 0x00000A24 0xFFFFFFE7 0x00000008 True    [] [W]
  653 0x00000A25 0xFFFFFFE7 0x00000008 False   [] [W]
  654 0x00000A26 0xFFFFFFE7 0x00000000 False   [] []
  655 0x00000A27 0xFFFFFFE7 0x00000000 False   [] []
  656 0x00000A40 0xFFFFFFE7 0x00000008 True    [] [W]
  657 0x00000A41 0xFFFFFFE7 0x00000008 True    [] [W]
  658 0x00000A42 0xFFFFFFE7 0x00000008 True    [] [W]
  659 0x00000A43 0xFFFFFFE7 0x00000008 True    [] [W]
  660 0x00000A44 0xFFFFFFE7 0x00000008 True    [] [W]
  661 0x00000A45 0xFFFFFFE7 0x00000008 False   [] [W]
  662 0x00000A46 0xFFFFFFE7 0x00000000 False   [] []
  663 0x00000A47 0xFFFFFFE7 0x00000000 False   [] []
  664 0x00000A60 0xFFFFFFE7 0x00000008 True    [] [W]
  665 0x00000A61 0xFFFFFFE7 0x00000008 True    [] [W]
  666 0x00000A62 0xFFFFFFE7 0x00000008 True    [] [W]
  667 0x00000A63 0xFFFFFFE7 0x00000008 True    [] [W]
  668 0x00000A64 0xFFFFFFE7 0x00000008 True    [] [W]
  669 0x00000A65 0xFFFFFFE7 0x00000008 False   [] [W]
  670 0x00000A66 0xFFFFFFE7 0x00000000 False   [] []
  671 0x00000A67 0xFFFFFFE7 0x00000000 False   [] []
  672 0x00000A80 0xFFFFFFE7 0x00000008 True    [] [W]
  673 0x00000A81 0xFFFFFFE7 0x00000008 True    [] [W]
  674 0x00000A82 0xFFFFFFE7 0x00000008 True    [] [W]
  675 0x00000A83 0xFFFFFFE7 0x00000008 True    [] [W]
  676 0x00000A84 0xFFFFFFE7 0x00000008 True    [] [W]
  677 0x00000A85 0xFFFFFFE7 0x00000008 False   [] [W]
  678 0x00000A86 0xFFFFFFE7 0x00000000 False   [] []
  679 0x00000A87 0xFFFFFFE7 0x00000000 False   [] []
  680 0x00000AA0 0xFFFFFFE7 0x00000008 True    [] [W]
  681 0x00000AA1 0xFFFFFFE7 0x00000008 True    [] [W]
  682 0x00000AA2 0xFFFFFFE7 0x00000008 True    [] [W]
  683 0x00000AA3 0xFFFFFFE7 0x00000008 True    [] [W]
  684 0x00000AA4 0xFFFFFFE7 0x00000008 True    [] [W]
  685 0x00000AA5 0xFFFFFFE7 0x00000008 False   [] [W]
  686 0x00000AA6 0xFFFFFFE7 0x00000000 False   [] []
  687 0x00000AA7 0xFFFFFFE7 0x00000000 False   [] []
  688 0x00000AC0 0xFFFFFFE7 0x00000008 True    [] [W]
  689 0x00000AC1 0xFFFFFFE7 0x00000008 True    [] [W]
  690 0x00000AC2 0xFFFFFFE7 0x00000008 True    [] [W]
  691 0x00000AC3 0xFFFFFFE7 0x00000008 True    [] [W]
  692 0x00000AC4 0xFFFFFFE7 0x00000008 True    [] [W]
  693 0x00000AC5 0xFFFFFFE7 0x00000008 False   [] [W]
  694 0x00000AC6 0xFFFFFFE7 0x00000000 False   [] []
  695 0x00000AC7 0xFFFFFFE7 0x00000000 False   [] []
  696 0x00000AE0 0xFFFFFFE7 0x00000008 True    [] [W]
  697 0x00000AE1 0xFFFFFFE7 0x00000008 True    [] [W]
  698 0x00000AE2 0xFFFFFFE7 0x00000008 True    [] [W]
  699 0x00000AE3 0xFFFFFFE7 0x00000008 True    [] [W]
  700 0x00000AE4 0xFFFFFFE7 0x00000008 True    [] [W]
  701 0x00000AE5 0xFFFFFFE7 0x00000008 False   [] [W]
  702 0x00000AE6 0xFFFFFFE7 0x00000000 False   [] []
  703 0x00000AE7 0xFFFFFFE7 0x00000000 False   [] []
  704 0x00000B00 0xFFFFFFE7 0x00000008 True    [] [W]
  705 0x00000B01 0xFFFFFFE7 0x00000008 True    [] [W]
  706 0x00000B02 0xFFFFFFE7 0x00000008 True    [] [W]
  707 0x00000B03 0xFFFFFFE7 0x00000008 True    [] [W]
  708 0x00000B04 0xFFFFFFE7 0x00000008 True    [] [W]
  709 0x00000B05 0xFFFFFFE7 0x00000008 False   [] [W]
  710 0x00000B06 0xFFFFFFE7 0x00000000 False   [] []
  711 0x00000B07 0xFFFFFFE7 0x00000000 False   [] []
  712 0x00000B20 0xFFFFFFE7 0x00000008 True    [] [W]
  713 0x00000B21 0xFFFFFFE7 0x00000008 True    [] [W]
  714 0x00000B22 0xFFFFFFE7 0x00000008 True    [] [W]
  715 0x00000B23 0xFFFFFFE7 0x00000008 True    [] [W]
  716 0x00000B24 0xFFFFFFE7 0x00000008 True    [] [W]
  717 0x00000B25 0xFFFFFFE7 0x00000008 False   [] [W]
  718 0x00000B26 0xFFFFFFE7 0x00000000 False   [] []
  719 0x00000B27 0xFFFFFFE7 0x00000000 False   [] []
  720 0x00000B40 0xFFFFFFE7 0x00000008 True    [] [W]
  721 0x00000B41 0xFFFFFFE7 0x00000008 True    [] [W]
  722 0x00000B42 0xFFFFFFE7 0x00000008 True    [] [W]
  723 0x00000B43 0xFFFFFFE7 0x00000008 True    [] [W]
  724 0x00000B44 0xFFFFFFE7 0x00000008 True    [] [W]
  725 0x00000B45 0xFFFFFFE7 0x00000008 False   [] [W]
  726 0x00000B46 0xFFFFFFE7 0x00000000 False   [] []
  727 0x00000B47 0xFFFFFFE7 0x00000000 False   [] []
  728 0x00000B60 0xFFFFFFE7 0x00000008 True    [] [W]
  729 0x00000B61 0xFFFFFFE7 0x00000008 True    [] [W]
  730 0x00000B62 0xFFFFFFE7 0x00000008 True    [] [W]
  731 0x00000B63 0xFFFFFFE7 0x00000008 True    [] [W]
  732 0x00000B64 0xFFFFFFE7 0x00000008 True    [] [W]
  733 0x00000B65 0xFFFFFFE7 0x00000008 False   [] [W]
  734 0x00000B66 0xFFFFFFE7 0x00000000 False   [] []
  735 0x00000B67 0xFFFFFFE7 0x00000000 False   [] []
  736 0x00000B80 0xFFFFFFE7 0x00000008 True    [] [W]
  737 0x00000B81 0xFFFFFFE7 0x00000008 True    [] [W]
  738 0x00000B82 0xFFFFFFE7 0x00000008 True    [] [W]
  739 0x00000B83 0xFFFFFFE7 0x00000008 True    [] [W]
  740 0x00000B84 0xFFFFFFE7 0x00000008 True    [] [W]
  741 0x00000B85 0xFFFFFFE7 0x00000008 False   [] [W]
  742 0x00000B86 0xFFFFFFE7 0x00000000 False   [] []
  743 0x00000B87 0xFFFFFFE7 0x00000000 False   [] []
  744 0x00000BA0 0xFFFFFFE7 0x00000008 True    [] [W]
  745 0x00000BA1 0xFFFFFFE7 0x00000008 True    [] [W]
  746 0x00000BA2 0xFFFFFFE7 0x00000008 True    [] [W]
  747 0x00000BA3 0xFFFFFFE7 0x00000008 True    [] [W]
  748 0x00000BA4 0xFFFFFFE7 0x00000008 True    [] [W]
  749 0x00000BA5 0xFFFFFFE7 0x00000008 False   [] [W]
  750 0x00000BA6 0xFFFFFFE7 0x00000000 False   [] []
  751 0x00000BA7 0xFFFFFFE7 0x00000000 False   [] []
  752 0x00000BC0 0xFFFFFFE7 0x00000008 True    [] [W]
  753 0x00000BC1 0xFFFFFFE7 0x00000008 True    [] [W]
  754 0x00000BC2 0xFFFFFFE7 0x00000008 True    [] [W]
  755 0x00000BC3 0xFFFFFFE7 0x00000008 True    [] [W]
  756 0x00000BC4 0xFFFFFFE7 0x00000008 True    [] [W]
  757 0x00000BC5 0xFFFFFFE7 0x00000008 False   [] [W]
  758 0x00000BC6 0xFFFFFFE7 0x00000000 False   [] []
  759 0x00000BC7 0xFFFFFFE7 0x00000000 False   [] []
  760 0x00000BE0 0xFFFFFFE7 0x00000008 True    [] [W]
  761 0x00000BE1 0xFFFFFFE7 0x00000008 True    [] [W]
  762 0x00000BE2 0xFFFFFFE7 0x00000008 True    [] [W]
  763 0x00000BE3 0xFFFFFFE7 0x00000008 True    [] [W]
  764 0x00000BE4 0xFFFFFFE7 0x00000008 True    [] [W]
  765 0x00000BE5 0xFFFFFFE7 0x00000008 False   [] [W]
  766 0x00000BE6 0xFFFFFFE7 0x00000000 False   [] []
  767 0x00000BE7 0xFFFFFFE7 0x00000000 False   [] []
  768 0x00000C00 0xFFFFFFE7 0x00000008 True    [] [W]
  769 0x00000C01 0xFFFFFFE7 0x00000008 True    [] [W]
  770 0x00000C02 0xFFFFFFE7 0x00000008 True    [] [W]
  771 0x00000C03 0xFFFFFFE7 0x00000008 True    [] [W]
  772 0x00000C04 0xFFFFFFE7 0x00000008 True    [] [W]
  773 0x00000C05 0xFFFFFFE7 0x00000008 False   [] [W]
  774 0x00000C06 0xFFFFFFE7 0x00000000 False   [] []
  775 0x00000C07 0xFFFFFFE7 0x00000000 False   [] []
  776 0x00000C20 0xFFFFFFE7 0x00000008 True    [] [W]
  777 0x00000C21 0xFFFFFFE7 0x00000008 True    [] [W]
  778 0x00000C22 0xFFFFFFE7 0x00000008 True    [] [W]
  779 0x00000C23 0xFFFFFFE7 0x00000008 True    [] [W]
  780 0x00000C24 0xFFFFFFE7 0x00000008 True    [] [W]
  781 0x00000C25 0xFFFFFFE7 0x00000008 False   [] [W]
  782 0x00000C26 0xFFFFFFE7 0x00000000 False   [] []
  783 0x00000C27 0xFFFFFFE7 0x00000000 False   [] []
  784 0x00000C40 0xFFFFFFE7 0x00000008 True    [] [W]
  785 0x00000C41 0xFFFFFFE7 0x00000008 True    [] [W]
  786 0x00000C42 0xFFFFFFE7 0x00000008 True    [] [W]
  787 0x00000C43 0xFFFFFFE7 0x00000008 True    [] [W]
  788 0x00000C44 0xFFFFFFE7 0x00000008 True    [] [W]
  789 0x00000C45 0xFFFFFFE7 0x00000008 False   [] [W]
  790 0x00000C46 0xFFFFFFE7 0x00000000 False   [] []
  791 0x00000C47 0xFFFFFFE7 0x00000000 False   [] []
  792 0x00000C60 0xFFFFFFE7 0x00000008 True    [] [W]
  793 0x00000C61 0xFFFFFFE7 0x00000008 True    [] [W]
  794 0x00000C62 0xFFFFFFE7 0x00000008 True    [] [W]
  795 0x00000C63 0xFFFFFFE7 0x00000008 True    [] [W]
  796 0x00000C64 0xFFFFFFE7 0x00000008 True    [] [W]
  797 0x00000C65 0xFFFFFFE7 0x00000008 False   [] [W]
  798 0x00000C66 0xFFFFFFE7 0x00000000 False   [] []
  799 0x00000C67 0xFFFFFFE7 0x00000000 False   [] []
  800 0x00000C80 0xFFFFFFE7 0x00000008 True    [] [W]
  801 0x00000C81 0xFFFFFFE7 0x00000008 True    [] [W]
  802 0x00000C82 0xFFFFFFE7 0x00000008 True    [] [W]
  803 0x00000C83 0xFFFFFFE7 0x00000008 True    [] [W]
  804 0x00000C84 0xFFFFFFE7 0x00000008 True    [] [W]
  805 0x00000C85 0xFFFFFFE7 0x00000008 False   [] [W]
  806 0x00000C86 0xFFFFFFE7 0x00000000 False   [] []
  807 0x00000C87 0xFFFFFFE7 0x00000000 False   [] []
  808 0x00000CA0 0xFFFFFFE7 0x00000008 True    [] [W]
  809 0x00000CA1 0xFFFFFFE7 0x00000008 True    [] [W]
  810 0x00000CA2 0xFFFFFFE7 0x00000008 True    [] [W]
  811 0x00000CA3 0xFFFFFFE7 0x00000008 True    [] [W]
  812 0x00000CA4 0xFFFFFFE7 0x00000008 True    [] [W]
  813 0x00000CA5 0xFFFFFFE7 0x00000008 False   [] [W]
  814 0x00000CA6 0xFFFFFFE7 0x00000000 False   [] []
  815 0x00000CA7 0xFFFFFFE7 0x00000000 False   [] []
  816 0x00000CC0 0xFFFFFFE7 0x00000008 True    [] [W]
  817 0x00000CC1 0xFFFFFFE7 0x00000008 True    [] [W]
  818 0x00000CC2 0xFFFFFFE7 0x00000008 True    [] [W]
  819 0x00000CC3 0xFFFFFFE7 0x00000008 True    [] [W]
  820 0x00000CC4 0xFFFFFFE7 0x00000008 True    [] [W]
  821 0x00000CC5 0xFFFFFFE7 0x00000008 False   [] [W]
  822 0x00000CC6 0xFFFFFFE7 0x00000000 False   [] []
  823 0x00000CC7 0xFFFFFFE7 0x00000000 False   [] []
  824 0x00000CE0 0xFFFFFFE7 0x00000008 True    [] [W]
  825 0x00000CE1 0xFFFFFFE7 0x00000008 True    [] [W]
  826 0x00000CE2 0xFFFFFFE7 0x00000008 True    [] [W]
  827 0x00000CE3 0xFFFFFFE7 0x00000008 True    [] [W]
  828 0x00000CE4 0xFFFFFFE7 0x00000008 True    [] [W]
  829 0x00000CE5 0xFFFFFFE7 0x00000008 False   [] [W]
  830 0x00000CE6 0xFFFFFFE7 0x00000000 False   [] []
  831 0x00000CE7 0xFFFFFFE7 0x00000000 False   [] []
  832 0x00000D00 0xFFFFFFE7 0x00000008 True    [] [W]
  833 0x00000D01 0xFFFFFFE7 0x00000008 True    [] [W]
  834 0x00000D02 0xFFFFFFE7 0x00000008 True    [] [W]
  835 0x00000D03 0xFFFFFFE7 0x00000008 True    [] [W]
  836 0x00000D04 0xFFFFFFE7 0x00000008 True    [] [W]
  837 0x00000D05 0xFFFFFFE7 0x00000008 False   [] [W]
  838 0x00000D06 0xFFFFFFE7 0x00000000 False   [] []
  839 0x00000D07 0xFFFFFFE7 0x00000000 False   [] []
  840 0x00000D20 0xFFFFFFE7 0x00000008 True    [] [W]
  841 0x00000D21 0xFFFFFFE7 0x00000008 True    [] [W]
  842 0x00000D22 0xFFFFFFE7 0x00000008 True    [] [W]
  843 0x00000D23 0xFFFFFFE7 0x00000008 True    [] [W]
  844 0x00000D24 0xFFFFFFE7 0x00000008 True    [] [W]
  845 0x00000D25 0xFFFFFFE7 0x00000008 False   [] [W]
  846 0x00000D26 0xFFFFFFE7 0x00000000 False   [] []
  847 0x00000D27 0xFFFFFFE7 0x00000000 False   [] []
  848 0x00000D40 0xFFFFFFE7 0x00000008 True    [] [W]
  849 0x00000D41 0xFFFFFFE7 0x00000008 True    [] [W]
  850 0x00000D42 0xFFFFFFE7 0x00000008 True    [] [W]
  851 0x00000D43 0xFFFFFFE7 0x00000008 True    [] [W]
  852 0x00000D44 0xFFFFFFE7 0x00000008 True    [] [W]
  853 0x00000D45 0xFFFFFFE7 0x00000008 False   [] [W]
  854 0x00000D46 0xFFFFFFE7 0x00000000 False   [] []
  855 0x00000D47 0xFFFFFFE7 0x00000000 False   [] []
  856 0x00000D60 0xFFFFFFE7 0x00000008 True    [] [W]
  857 0x00000D61 0xFFFFFFE7 0x00000008 True    [] [W]
  858 0x00000D62 0xFFFFFFE7 0x00000008 True    [] [W]
  859 0x00000D63 0xFFFFFFE7 0x00000008 True    [] [W]
  860 0x00000D64 0xFFFFFFE7 0x00000008 True    [] [W]
  861 0x00000D65 0xFFFFFFE7 0x00000008 False   [] [W]
  862 0x00000D66 0xFFFFFFE7 0x00000000 False   [] []
  863 0x00000D67 0xFFFFFFE7 0x00000000 False   [] []
  864 0x00000D80 0xFFFFFFE7 0x00000008 True    [] [W]
  865 0x00000D81 0xFFFFFFE7 0x00000008 True    [] [W]
  866 0x00000D82 0xFFFFFFE7 0x00000008 True    [] [W]
  867 0x00000D83 0xFFFFFFE7 0x00000008 True    [] [W]
  868 0x00000D84 0xFFFFFFE7 0x00000008 True    [] [W]
  869 0x00000D85 0xFFFFFFE7 0x00000008 False   [] [W]
  870 0x00000D86 0xFFFFFFE7 0x00000000 False   [] []
  871 0x00000D87 0xFFFFFFE7 0x00000000 False   [] []
  872 0x00000DA0 0xFFFFFFE7 0x00000008 True    [] [W]
  873 0x00000DA1 0xFFFFFFE7 0x00000008 True    [] [W]
  874 0x00000DA2 0xFFFFFFE7 0x00000008 True    [] [W]
  875 0x00000DA3 0xFFFFFFE7 0x00000008 True    [] [W]
  876 0x00000DA4 0xFFFFFFE7 0x00000008 True    [] [W]
  877 0x00000DA5 0xFFFFFFE7 0x00000008 False   [] [W]
  878 0x00000DA6 0xFFFFFFE7 0x00000000 False   [] []
  879 0x00000DA7 0xFFFFFFE7 0x00000000 False   [] []
  880 0x00000DC0 0xFFFFFFE7 0x00000008 True    [] [W]
  881 0x00000DC1 0xFFFFFFE7 0x00000008 True    [] [W]
  882 0x00000DC2 0xFFFFFFE7 0x00000008 True    [] [W]
  883 0x00000DC3 0xFFFFFFE7 0x00000008 True    [] [W]
  884 0x00000DC4 0xFFFFFFE7 0x00000008 True    [] [W]
  885 0x00000DC5 0xFFFFFFE7 0x00000008 False   [] [W]
  886 0x00000DC6 0xFFFFFFE7 0x00000000 False   [] []
  887 0x00000DC7 0xFFFFFFE7 0x00000000 False   [] []
  888 0x00000DE0 0xFFFFFFE7 0x00000008 True    [] [W]
  889 0x00000DE1 0xFFFFFFE7 0x00000008 True    [] [W]
  890 0x00000DE2 0xFFFFFFE7 0x00000008 True    [] [W]
  891 0x00000DE3 0xFFFFFFE7 0x00000008 True    [] [W]
  892 0x00000DE4 0xFFFFFFE7 0x00000008 True    [] [W]
  893 0x00000DE5 0xFFFFFFE7 0x00000008 False   [] [W]
  894 0x00000DE6 0xFFFFFFE7 0x00000000 False   [] []
  895 0x00000DE7 0xFFFFFFE7 0x00000000 False   [] []
  896 0x00000E00 0xFFFFFFE7 0x00000008 True    [] [W]
  897 0x00000E01 0xFFFFFFE7 0x00000008 True    [] [W]
  898 0x00000E02 0xFFFFFFE7 0x00000008 True    [] [W]
  899 0x00000E03 0xFFFFFFE7 0x00000008 True    [] [W]
  900 0x00000E04 0xFFFFFFE7 0x00000008 True    [] [W]
  901 0x00000E05 0xFFFFFFE7 0x00000008 False   [] [W]
  902 0x00000E06 0xFFFFFFE7 0x00000000 False   [] []
  903 0x00000E07 0xFFFFFFE7 0x00000000 False   [] []
  904 0x00000E20 0xFFFFFFE7 0x00000008 True    [] [W]
  905 0x00000E21 0xFFFFFFE7 0x00000008 True    [] [W]
  906 0x00000E22 0xFFFFFFE7 0x00000008 True    [] [W]
  907 0x00000E23 0xFFFFFFE7 0x00000008 True    [] [W]
  908 0x00000E24 0xFFFFFFE7 0x00000008 True    [] [W]
  909 0x00000E25 0xFFFFFFE7 0x00000008 False   [] [W]
  910 0x00000E26 0xFFFFFFE7 0x00000000 False   [] []
  911 0x00000E27 0xFFFFFFE7 0x00000000 False   [] []
  912 0x00000E40 0xFFFFFFE7 0x00000008 True    [] [W]
  913 0x00000E41 0xFFFFFFE7 0x00000008 True    [] [W]
  914 0x00000E42 0xFFFFFFE7 0x00000008 True    [] [W]
  915 0x00000E43 0xFFFFFFE7 0x00000008 True    [] [W]
  916 0x00000E44 0xFFFFFFE7 0x00000008 True    [] [W]
  917 0x00000E45 0xFFFFFFE7 0x00000008 False   [] [W]
  918 0x00000E46 0xFFFFFFE7 0x00000000 False   [] []
  919 0x00000E47 0xFFFFFFE7 0x00000000 False   [] []
  920 0x00000E60 0xFFFFFFE7 0x00000008 True    [] [W]
  921 0x00000E61 0xFFFFFFE7 0x00000008 True    [] [W]
  922 0x00000E62 0xFFFFFFE7 0x00000008 True    [] [W]
  923 0x00000E63 0xFFFFFFE7 0x00000008 True    [] [W]
  924 0x00000E64 0xFFFFFFE7 0x00000008 True    [] [W]
  925 0x00000E65 0xFFFFFFE7 0x00000008 False   [] [W]
  926 0x00000E66 0xFFFFFFE7 0x00000000 False   [] []
  927 0x00000E67 0xFFFFFFE7 0x00000000 False   [] []
  928 0x00000E80 0xFFFFFFE7 0x00000008 True    [] [W]
  929 0x00000E81 0xFFFFFFE7 0x00000008 True    [] [W]
  930 0x00000E82 0xFFFFFFE7 0x00000008 True    [] [W]
  931 0x00000E83 0xFFFFFFE7 0x00000008 True    [] [W]
  932 0x00000E84 0xFFFFFFE7 0x00000008 True    [] [W]
  933 0x00000E85 0xFFFFFFE7 0x00000008 False   [] [W]
  934 0x00000E86 0xFFFFFFE7 0x00000000 False   [] []
  935 0x00000E87 0xFFFFFFE7 0x00000000 False   [] []
  936 0x00000EA0 0xFFFFFFE7 0x00000008 True    [] [W]
  937 0x00000EA1 0xFFFFFFE7 0x00000008 True    [] [W]
  938 0x00000EA2 0xFFFFFFE7 0x00000008 True    [] [W]
  939 0x00000EA3 0xFFFFFFE7 0x00000008 True    [] [W]
  940 0x00000EA4 0xFFFFFFE7 0x00000008 True    [] [W]
  941 0x00000EA5 0xFFFFFFE7 0x00000008 False   [] [W]
  942 0x00000EA6 0xFFFFFFE7 0x00000000 False   [] []
  943 0x00000EA7 0xFFFFFFE7 0x00000000 False   [] []
  944 0x00000EC0 0xFFFFFFE7 0x00000008 True    [] [W]
  945 0x00000EC1 0xFFFFFFE7 0x00000008 True    [] [W]
  946 0x00000EC2 0xFFFFFFE7 0x00000008 True    [] [W]
  947 0x00000EC3 0xFFFFFFE7 0x00000008 True    [] [W]
  948 0x00000EC4 0xFFFFFFE7 0x00000008 True    [] [W]
  949 0x00000EC5 0xFFFFFFE7 0x00000008 False   [] [W]
  950 0x00000EC6 0xFFFFFFE7 0x00000000 False   [] []
  951 0x00000EC7 0xFFFFFFE7 0x00000000 False   [] []
  952 0x00000EE0 0xFFFFFFE7 0x00000008 True    [] [W]
  953 0x00000EE1 0xFFFFFFE7 0x00000008 True    [] [W]
  954 0x00000EE2 0xFFFFFFE7 0x00000008 True    [] [W]
  955 0x00000EE3 0xFFFFFFE7 0x00000008 True    [] [W]
  956 0x00000EE4 0xFFFFFFE7 0x00000008 True    [] [W]
  957 0x00000EE5 0xFFFFFFE7 0x00000008 False   [] [W]
  958 0x00000EE6 0xFFFFFFE7 0x00000000 False   [] []
  959 0x00000EE7 0xFFFFFFE7 0x00000000 False   [] []
  960 0x00000F00 0xFFFFFFE7 0x00000008 True    [] [W]
  961 0x00000F01 0xFFFFFFE7 0x00000008 True    [] [W]
  962 0x00000F02 0xFFFFFFE7 0x00000008 True    [] [W]
  963 0x00000F03 0xFFFFFFE7 0x00000008 True    [] [W]
  964 0x00000F04 0xFFFFFFE7 0x00000008 True    [] [W]
  965 0x00000F05 0xFFFFFFE7 0x00000008 False   [] [W]
  966 0x00000F06 0xFFFFFFE7 0x00000000 False   [] []
  967 0x00000F07 0xFFFFFFE7 0x00000000 False   [] []
  968 0x00000F20 0xFFFFFFE7 0x00000008 True    [] [W]
  969 0x00000F21 0xFFFFFFE7 0x00000008 True    [] [W]
  970 0x00000F22 0xFFFFFFE7 0x00000008 True    [] [W]
  971 0x00000F23 0xFFFFFFE7 0x00000008 True    [] [W]
  972 0x00000F24 0xFFFFFFE7 0x00000008 True    [] [W]
  973 0x00000F25 0xFFFFFFE7 0x00000008 False   [] [W]
  974 0x00000F26 0xFFFFFFE7 0x00000000 False   [] []
  975 0x00000F27 0xFFFFFFE7 0x00000000 False   [] []
  976 0x00000F40 0xFFFFFFE7 0x00000008 True    [] [W]
  977 0x00000F41 0xFFFFFFE7 0x00000008 True    [] [W]
  978 0x00000F42 0xFFFFFFE7 0x00000008 True    [] [W]
  979 0x00000F43 0xFFFFFFE7 0x00000008 True    [] [W]
  980 0x00000F44 0xFFFFFFE7 0x00000008 True    [] [W]
  981 0x00000F45 0xFFFFFFE7 0x00000008 False   [] [W]
  982 0x00000F46 0xFFFFFFE7 0x00000000 False   [] []
  983 0x00000F47 0xFFFFFFE7 0x00000000 False   [] []
  984 0x00000F60 0xFFFFFFE7 0x00000008 True    [] [W]
  985 0x00000F61 0xFFFFFFE7 0x00000008 True    [] [W]
  986 0x00000F62 0xFFFFFFE7 0x00000008 True    [] [W]
  987 0x00000F63 0xFFFFFFE7 0x00000008 True    [] [W]
  988 0x00000F64 0xFFFFFFE7 0x00000008 True    [] [W]
  989 0x00000F65 0xFFFFFFE7 0x00000008 False   [] [W]
  990 0x00000F66 0xFFFFFFE7 0x00000000 False   [] []
  991 0x00000F67 0xFFFFFFE7 0x00000000 False   [] []
  992 0x00000F80 0xFFFFFFE7 0x00000008 True    [] [W]
  993 0x00000F81 0xFFFFFFE7 0x00000008 True    [] [W]
  994 0x00000F82 0xFFFFFFE7 0x00000008 True    [] [W]
  995 0x00000F83 0xFFFFFFE7 0x00000008 True    [] [W]
  996 0x00000F84 0xFFFFFFE7 0x00000008 True    [] [W]
  997 0x00000F85 0xFFFFFFE7 0x00000008 False   [] [W]
  998 0x00000F86 0xFFFFFFE7 0x00000000 False   [] []
  999 0x00000F87 0xFFFFFFE7 0x00000000 False   [] []
 1000 0x00000FA0 0xFFFFFFE7 0x00000008 True    [] [W]
 1001 0x00000FA1 0xFFFFFFE7 0x00000008 True    [] [W]
 1002 0x00000FA2 0xFFFFFFE7 0x00000008 True    [] [W]
 1003 0x00000FA3 0xFFFFFFE7 0x00000008 True    [] [W]
 1004 0x00000FA4 0xFFFFFFE7 0x00000008 True    [] [W]
 1005 0x00000FA5 0xFFFFFFE7 0x00000008 False   [] [W]
 1006 0x00000FA6 0xFFFFFFE7 0x00000000 False   [] []
 1007 0x00000FA7 0xFFFFFFE7 0x00000000 False   [] []
 1008 0x00000FC0 0xFFFFFFE7 0x00000008 True    [] [W]
 1009 0x00000FC1 0xFFFFFFE7 0x00000008 True    [] [W]
 1010 0x00000FC2 0xFFFFFFE7 0x00000008 True    [] [W]
 1011 0x00000FC3 0xFFFFFFE7 0x00000008 True    [] [W]
 1012 0x00000FC4 0xFFFFFFE7 0x00000008 True    [] [W]
 1013 0x00000FC5 0xFFFFFFE7 0x00000008 False   [] [W]
 1014 0x00000FC6 0xFFFFFFE7 0x00000000 False   [] []
 1015 0x00000FC7 0xFFFFFFE7 0x00000000 False   [] []
 1016 0x00000FE0 0xFFFFFFE7 0x00000008 True    [] [W]
 1017 0x00000FE1 0xFFFFFFE7 0x00000008 True    [] [W]
 1018 0x00000FE2 0xFFFFFFE7 0x00000008 True    [] [W]
 1019 0x00000FE3 0xFFFFFFE7 0x00000008 True    [] [W]
 1020 0x00000FE4 0xFFFFFFE7 0x00000008 True    [] [W]
 1021 0x00000FE5 0xFFFFFFE7 0x00000008 False   [] [W]
 1022 0x00000FE6 0xFFFFFFE7 0x00000000 False   [] []
 1023 0x00000FE7 0xFFFFFFE7 0x00000000 False   [] []
 1024 0x000027A0 0xFFFFFFE0 0x00000008 False   [] [W]
 1025 0x000027C0 0xFFFFFFC0 0x00000008 False   [] [W]
 1026 0x00002800 0xFFFFFF00 0x00000008 False   [] [W]
 1027 0x00002900 0xFFFFFF80 0x00000008 False   [] [W]
 1028 0x00002980 0xFFFFFFE0 0x00000008 False   [] [W]
560 Defaultable entries
