Router contains 128 entries
Index Key        Mask       Route      Default [Cores][Links]
----- ---------- ---------- ---------- ------- --------------
    0 0x00000000 0xFFFFFFE7 0x00000010 False   [] [SW]
    1 0x00000020 0xFFFFFFE7 0x00000010 False   [] [SW]
    2 0x00000040 0xFFFFFFE7 0x00000010 False   [] [SW]
    3 0x00000060 0xFFFFFFE7 0x00000010 False   [] [SW]
    4 0x00000080 0xFFFFFFE7 0x00000010 False   [] [SW]
    5 0x000000A0 0xFFFFFFE7 0x00000010 False   [] [SW]
    6 0x000000C0 0xFFFFFFE7 0x00000010 False   [] [SW]
    7 0x000000E0 0xFFFFFFE7 0x00000010 False   [] [SW]
    8 0x00000100 0xFFFFFFE7 0x00000010 False   [] [SW]
    9 0x00000120 0xFFFFFFE7 0x00000010 False   [] [SW]
   10 0x00000140 0xFFFFFFE7 0x00000010 False   [] [SW]
   11 0x00000160 0xFFFFFFE7 0x00000010 False   [] [SW]
   12 0x00000180 0xFFFFFFE7 0x00000010 False   [] [SW]
   13 0x000001A0 0xFFFFFFE7 0x00000010 False   [] [SW]
   14 0x000001C0 0xFFFFFFE7 0x00000010 False   [] [SW]
   15 0x000001E0 0xFFFFFFE7 0x00000010 False   [] [SW]
   16 0x00000200 0xFFFFFFE7 0x00000010 False   [] [SW]
   17 0x00000220 0xFFFFFFE7 0x00000010 False   [] [SW]
   18 0x00000240 0xFFFFFFE7 0x00000010 False   [] [SW]
   19 0x00000260 0xFFFFFFE7 0x00000010 False   [] [SW]
   20 0x00000280 0xFFFFFFE7 0x00000010 False   [] [SW]
   21 0x000002A0 0xFFFFFFE7 0x00000010 False   [] [SW]
   22 0x000002C0 0xFFFFFFE7 0x00000010 False   [] [SW]
   23 0x000002E0 0xFFFFFFE7 0x00000010 False   [] [SW]
   24 0x00000300 0xFFFFFFE7 0x00000010 False   [] [SW]
   25 0x00000320 0xFFFFFFE7 0x00000010 False   [] [SW]
   26 0x00000340 0xFFFFFFE7 0x00000010 False   [] [SW]
   27 0x00000360 0xFFFFFFE7 0x00000010 False   [] [SW]
   28 0x00000380 0xFFFFFFE7 0x00000010 False   [] [SW]
   29 0x000003A0 0xFFFFFFE7 0x00000010 False   [] [SW]
   30 0x000003C0 0xFFFFFFE7 0x00000010 False   [] [SW]
   31 0x000003E0 0xFFFFFFE7 0x00000010 False   [] [SW]
   32 0x00000400 0xFFFFFFE7 0x00000010 False   [] [SW]
   33 0x00000420 0xFFFFFFE7 0x00000010 False   [] [SW]
   34 0x00000440 0xFFFFFFE7 0x00000010 False   [] [SW]
   35 0x00000460 0xFFFFFFE7 0x00000010 False   [] [SW]
   36 0x00000480 0xFFFFFFE7 0x00000010 False   [] [SW]
   37 0x000004A0 0xFFFFFFE7 0x00000010 False   [] [SW]
   38 0x000004C0 0xFFFFFFE7 0x00000010 False   [] [SW]
   39 0x000004E0 0xFFFFFFE7 0x00000010 False   [] [SW]
   40 0x00000500 0xFFFFFFE7 0x00000010 False   [] [SW]
   41 0x00000520 0xFFFFFFE7 0x00000010 False   [] [SW]
   42 0x00000540 0xFFFFFFE7 0x00000010 False   [] [SW]
   43 0x00000560 0xFFFFFFE7 0x00000010 False   [] [SW]
   44 0x00000580 0xFFFFFFE7 0x00000010 False   [] [SW]
   45 0x000005A0 0xFFFFFFE7 0x00000010 False   [] [SW]
   46 0x000005C0 0xFFFFFFE7 0x00000010 False   [] [SW]
   47 0x000005E0 0xFFFFFFE7 0x00000010 False   [] [SW]
   48 0x00000600 0xFFFFFFE7 0x00000010 False   [] [SW]
   49 0x00000620 0xFFFFFFE7 0x00000010 False   [] [SW]
   50 0x00000640 0xFFFFFFE7 0x00000010 False   [] [SW]
   51 0x00000660 0xFFFFFFE7 0x00000010 False   [] [SW]
   52 0x00000680 0xFFFFFFE7 0x00000010 False   [] [SW]
   53 0x000006A0 0xFFFFFFE7 0x00000010 False   [] [SW]
   54 0x000006C0 0xFFFFFFE7 0x00000010 False   [] [SW]
   55 0x000006E0 0xFFFFFFE7 0x00000010 False   [] [SW]
   56 0x00000700 0xFFFFFFE7 0x00000010 False   [] [SW]
   57 0x00000720 0xFFFFFFE7 0x00000010 False   [] [SW]
   58 0x00000740 0xFFFFFFE7 0x00000010 False   [] [SW]
   59 0x00000760 0xFFFFFFE7 0x00000010 False   [] [SW]
   60 0x00000780 0xFFFFFFE7 0x00000010 False   [] [SW]
   61 0x000007A0 0xFFFFFFE7 0x00000010 False   [] [SW]
   62 0x000007C0 0xFFFFFFE7 0x00000010 False   [] [SW]
   63 0x000007E0 0xFFFFFFE7 0x00000010 False   [] [SW]
   64 0x00000800 0xFFFFFFE7 0x00000010 False   [] [SW]
   65 0x00000820 0xFFFFFFE7 0x00000010 False   [] [SW]
   66 0x00000840 0xFFFFFFE7 0x00000010 False   [] [SW]
   67 0x00000860 0xFFFFFFE7 0x00000010 False   [] [SW]
   68 0x00000880 0xFFFFFFE7 0x00000010 False   [] [SW]
   69 0x000008A0 0xFFFFFFE7 0x00000010 False   [] [SW]
   70 0x000008C0 0xFFFFFFE7 0x00000010 False   [] [SW]
   71 0x000008E0 0xFFFFFFE7 0x00000010 False   [] [SW]
   72 0x00000900 0xFFFFFFE7 0x00000010 False   [] [SW]
   73 0x00000920 0xFFFFFFE7 0x00000010 False   [] [SW]
   74 0x00000940 0xFFFFFFE7 0x00000010 False   [] [SW]
   75 0x00000960 0xFFFFFFE7 0x00000010 False   [] [SW]
   76 0x00000980 0xFFFFFFE7 0x00000010 False   [] [SW]
   77 0x000009A0 0xFFFFFFE7 0x00000010 False   [] [SW]
   78 0x000009C0 0xFFFFFFE7 0x00000010 False   [] [SW]
   79 0x000009E0 0xFFFFFFE7 0x00000010 False   [] [SW]
   80 0x00000A00 0xFFFFFFE7 0x00000010 False   [] [SW]
   81 0x00000A20 0xFFFFFFE7 0x00000010 False   [] [SW]
   82 0x00000A40 0xFFFFFFE7 0x00000010 False   [] [SW]
   83 0x00000A60 0xFFFFFFE7 0x00000010 False   [] [SW]
   84 0x00000A80 0xFFFFFFE7 0x00000010 False   [] [SW]
   85 0x00000AA0 0xFFFFFFE7 0x00000010 False   [] [SW]
   86 0x00000AC0 0xFFFFFFE7 0x00000010 False   [] [SW]
   87 0x00000AE0 0xFFFFFFE7 0x00000010 False   [] [SW]
   88 0x00000B00 0xFFFFFFE7 0x00000010 False   [] [SW]
   89 0x00000B20 0xFFFFFFE7 0x00000010 False   [] [SW]
   90 0x00000B40 0xFFFFFFE7 0x00000010 False   [] [SW]
   91 0x00000B60 0xFFFFFFE7 0x00000010 False   [] [SW]
   92 0x00000B80 0xFFFFFFE7 0x00000010 False   [] [SW]
   93 0x00000BA0 0xFFFFFFE7 0x00000010 False   [] [SW]
   94 0x00000BC0 0xFFFFFFE7 0x00000010 False   [] [SW]
   95 0x00000BE0 0xFFFFFFE7 0x00000010 False   [] [SW]
   96 0x00000C00 0xFFFFFFE7 0x00000010 False   [] [SW]
   97 0x00000C20 0xFFFFFFE7 0x00000010 False   [] [SW]
   98 0x00000C40 0xFFFFFFE7 0x00000010 False   [] [SW]
   99 0x00000C60 0xFFFFFFE7 0x00000010 False   [] [SW]
  100 0x00000C80 0xFFFFFFE7 0x00000010 False   [] [SW]
  101 0x00000CA0 0xFFFFFFE7 0x00000010 False   [] [SW]
  102 0x00000CC0 0xFFFFFFE7 0x00000010 False   [] [SW]
  103 0x00000CE0 0xFFFFFFE7 0x00000010 False   [] [SW]
  104 0x00000D00 0xFFFFFFE7 0x00000010 False   [] [SW]
  105 0x00000D20 0xFFFFFFE7 0x00000010 False   [] [SW]
  106 0x00000D40 0xFFFFFFE7 0x00000010 False   [] [SW]
  107 0x00000D60 0xFFFFFFE7 0x00000010 False   [] [SW]
  108 0x00000D80 0xFFFFFFE7 0x00000010 False   [] [SW]
  109 0x00000DA0 0xFFFFFFE7 0x00000010 False   [] [SW]
  110 0x00000DC0 0xFFFFFFE7 0x00000010 False   [] [SW]
  111 0x00000DE0 0xFFFFFFE7 0x00000010 False   [] [SW]
  112 0x00000E00 0xFFFFFFE7 0x00000010 False   [] [SW]
  113 0x00000E20 0xFFFFFFE7 0x00000010 False   [] [SW]
  114 0x00000E40 0xFFFFFFE7 0x00000010 False   [] [SW]
  115 0x00000E60 0xFFFFFFE7 0x00000010 False   [] [SW]
  116 0x00000E80 0xFFFFFFE7 0x00000010 False   [] [SW]
  117 0x00000EA0 0xFFFFFFE7 0x00000010 False   [] [SW]
  118 0x00000EC0 0xFFFFFFE7 0x00000010 False   [] [SW]
  119 0x00000EE0 0xFFFFFFE7 0x00000010 False   [] [SW]
  120 0x00000F00 0xFFFFFFE7 0x00000010 False   [] [SW]
  121 0x00000F20 0xFFFFFFE7 0x00000010 False   [] [SW]
  122 0x00000F40 0xFFFFFFE7 0x00000010 False   [] [SW]
  123 0x00000F60 0xFFFFFFE7 0x00000010 False   [] [SW]
  124 0x00000F80 0xFFFFFFE7 0x00000010 False   [] [SW]
  125 0x00000FA0 0xFFFFFFE7 0x00000010 False   [] [SW]
  126 0x00000FC0 0xFFFFFFE7 0x00000010 False   [] [SW]
  127 0x00000FE0 0xFFFFFFE7 0x00000010 False   [] [SW]
0 Defaultable entries
