Router contains 1115 entries
Index Key        Mask       Route      Default [Cores][Links]
----- ---------- ---------- ---------- ------- --------------
    0 0x00000000 0xFFFFFFE7 0x00000400 False   [4] []
    1 0x00000001 0xFFFFFFE7 0x00000400 False   [4] []
    2 0x00000002 0xFFFFFFE7 0x00000400 False   [4] []
    3 0x00000003 0xFFFFFFE7 0x00000400 False   [4] []
    4 0x00000004 0xFFFFFFE7 0x00000400 False   [4] []
    5 0x00000005 0xFFFFFFE7 0x00000400 False   [4] []
    6 0x00000006 0xFFFFFFE7 0x00000400 False   [4] []
    7 0x00000007 0xFFFFFFE7 0x00000401 False   [4] [E]
    8 0x00000020 0xFFFFFFE7 0x00000800 False   [5] []
    9 0x00000021 0xFFFFFFE7 0x00000800 False   [5] []
   10 0x00000022 0xFFFFFFE7 0x00000800 False   [5] []
   11 0x00000023 0xFFFFFFE7 0x00000800 False   [5] []
   12 0x00000024 0xFFFFFFE7 0x00000800 False   [5] []
   13 0x00000025 0xFFFFFFE7 0x00000800 False   [5] []
   14 0x00000026 0xFFFFFFE7 0x00000800 False   [5] []
   15 0x00000027 0xFFFFFFE7 0x00000801 False   [5] [E]
   16 0x00000040 0xFFFFFFE7 0x00001000 False   [6] []
   17 0x00000041 0xFFFFFFE7 0x00001000 False   [6] []
   18 0x00000042 0xFFFFFFE7 0x00001000 False   [6] []
   19 0x00000043 0xFFFFFFE7 0x00001000 False   [6] []
   20 0x00000044 0xFFFFFFE7 0x00001000 False   [6] []
   21 0x00000045 0xFFFFFFE7 0x00001000 False   [6] []
   22 0x00000046 0xFFFFFFE7 0x00001000 False   [6] []
   23 0x00000047 0xFFFFFFE7 0x00001001 False   [6] [E]
   24 0x00000060 0xFFFFFFE7 0x00002000 False   [7] []
   25 0x00000061 0xFFFFFFE7 0x00002000 False   [7] []
   26 0x00000062 0xFFFFFFE7 0x00002000 False   [7] []
   27 0x00000063 0xFFFFFFE7 0x00002000 False   [7] []
   28 0x00000064 0xFFFFFFE7 0x00002000 False   [7] []
   29 0x00000065 0xFFFFFFE7 0x00002000 False   [7] []
   30 0x00000066 0xFFFFFFE7 0x00002000 False   [7] []
   31 0x00000067 0xFFFFFFE7 0x00002001 False   [7] [E]
   32 0x00000080 0xFFFFFFE7 0x00004000 False   [8] []
   33 0x00000081 0xFFFFFFE7 0x00004000 False   [8] []
   34 0x00000082 0xFFFFFFE7 0x00004000 False   [8] []
   35 0x00000083 0xFFFFFFE7 0x00004000 False   [8] []
   36 0x00000084 0xFFFFFFE7 0x00004000 False   [8] []
   37 0x00000085 0xFFFFFFE7 0x00004000 False   [8] []
   38 0x00000086 0xFFFFFFE7 0x00004000 False   [8] []
   39 0x00000087 0xFFFFFFE7 0x00004001 False   [8] [E]
   40 0x000000A0 0xFFFFFFE7 0x00008000 False   [9] []
   41 0x000000A1 0xFFFFFFE7 0x00008000 False   [9] []
   42 0x000000A2 0xFFFFFFE7 0x00008000 False   [9] []
   43 0x000000A3 0xFFFFFFE7 0x00008000 False   [9] []
   44 0x000000A4 0xFFFFFFE7 0x00008000 False   [9] []
   45 0x000000A5 0xFFFFFFE7 0x00008000 False   [9] []
   46 0x000000A6 0xFFFFFFE7 0x00008000 False   [9] []
   47 0x000000A7 0xFFFFFFE7 0x00008001 False   [9] [E]
   48 0x000000C0 0xFFFFFFE7 0x00010000 False   [10] []
   49 0x000000C1 0xFFFFFFE7 0x00010000 False   [10] []
   50 0x000000C2 0xFFFFFFE7 0x00010000 False   [10] []
   51 0x000000C3 0xFFFFFFE7 0x00010000 False   [10] []
   52 0x000000C4 0xFFFFFFE7 0x00010000 False   [10] []
   53 0x000000C5 0xFFFFFFE7 0x00010000 False   [10] []
   54 0x000000C6 0xFFFFFFE7 0x00010000 False   [10] []
   55 0x000000C7 0xFFFFFFE7 0x00010001 False   [10] [E]
   56 0x000000E0 0xFFFFFFE7 0x00020000 False   [11] []
   57 0x000000E1 0xFFFFFFE7 0x00020000 False   [11] []
   58 0x000000E2 0xFFFFFFE7 0x00020000 False   [11] []
   59 0x000000E3 0xFFFFFFE7 0x00020000 False   [11] []
   60 0x000000E4 0xFFFFFFE7 0x00020000 False   [11] []
   61 0x000000E5 0xFFFFFFE7 0x00020000 False   [11] []
   62 0x000000E6 0xFFFFFFE7 0x00020000 False   [11] []
   63 0x000000E7 0xFFFFFFE7 0x00020001 False   [11] [E]
   64 0x00000100 0xFFFFFFE7 0x00040000 False   [12] []
   65 0x00000101 0xFFFFFFE7 0x00040000 False   [12] []
   66 0x00000102 0xFFFFFFE7 0x00040000 False   [12] []
   67 0x00000103 0xFFFFFFE7 0x00040000 False   [12] []
   68 0x00000104 0xFFFFFFE7 0x00040000 False   [12] []
   69 0x00000105 0xFFFFFFE7 0x00040000 False   [12] []
   70 0x00000106 0xFFFFFFE7 0x00040000 False   [12] []
   71 0x00000107 0xFFFFFFE7 0x00040001 False   [12] [E]
   72 0x00000120 0xFFFFFFE7 0x00080000 False   [13] []
   73 0x00000121 0xFFFFFFE7 0x00080000 False   [13] []
   74 0x00000122 0xFFFFFFE7 0x00080000 False   [13] []
   75 0x00000123 0xFFFFFFE7 0x00080000 False   [13] []
   76 0x00000124 0xFFFFFFE7 0x00080000 False   [13] []
   77 0x00000125 0xFFFFFFE7 0x00080000 False   [13] []
   78 0x00000126 0xFFFFFFE7 0x00080000 False   [13] []
   79 0x00000127 0xFFFFFFE7 0x00080001 False   [13] [E]
   80 0x00000140 0xFFFFFFE7 0x00100000 False   [14] []
   81 0x00000141 0xFFFFFFE7 0x00100000 False   [14] []
   82 0x00000142 0xFFFFFFE7 0x00100000 False   [14] []
   83 0x00000143 0xFFFFFFE7 0x00100000 False   [14] []
   84 0x00000144 0xFFFFFFE7 0x00100000 False   [14] []
   85 0x00000145 0xFFFFFFE7 0x00100000 False   [14] []
   86 0x00000146 0xFFFFFFE7 0x00100000 False   [14] []
   87 0x00000147 0xFFFFFFE7 0x00100001 False   [14] [E]
   88 0x00000160 0xFFFFFFE7 0x00200000 False   [15] []
   89 0x00000161 0xFFFFFFE7 0x00200000 False   [15] []
   90 0x00000162 0xFFFFFFE7 0x00200000 False   [15] []
   91 0x00000163 0xFFFFFFE7 0x00200000 False   [15] []
   92 0x00000164 0xFFFFFFE7 0x00200000 False   [15] []
   93 0x00000165 0xFFFFFFE7 0x00200000 False   [15] []
   94 0x00000166 0xFFFFFFE7 0x00200000 False   [15] []
   95 0x00000167 0xFFFFFFE7 0x00200001 False   [15] [E]
   96 0x00000180 0xFFFFFFE7 0x00400000 False   [16] []
   97 0x00000181 0xFFFFFFE7 0x00400000 False   [16] []
   98 0x00000182 0xFFFFFFE7 0x00400000 False   [16] []
   99 0x00000183 0xFFFFFFE7 0x00400000 False   [16] []
  100 0x00000184 0xFFFFFFE7 0x00400000 False   [16] []
  101 0x00000185 0xFFFFFFE7 0x00400000 False   [16] []
  102 0x00000186 0xFFFFFFE7 0x00400000 False   [16] []
  103 0x00000187 0xFFFFFFE7 0x00400001 False   [16] [E]
  104 0x000001A0 0xFFFFFFE7 0x00800000 False   [17] []
  105 0x000001A1 0xFFFFFFE7 0x00800000 False   [17] []
  106 0x000001A2 0xFFFFFFE7 0x00800000 False   [17] []
  107 0x000001A3 0xFFFFFFE7 0x00800000 False   [17] []
  108 0x000001A4 0xFFFFFFE7 0x00800000 False   [17] []
  109 0x000001A5 0xFFFFFFE7 0x00800000 False   [17] []
  110 0x000001A6 0xFFFFFFE7 0x00800000 False   [17] []
  111 0x000001A7 0xFFFFFFE7 0x00800001 False   [17] [E]
  112 0x000001C0 0xFFFFFFE7 0x00000000 False   [] []
  113 0x000001C1 0xFFFFFFE7 0x00000000 False   [] []
  114 0x000001C2 0xFFFFFFE7 0x00000000 False   [] []
  115 0x000001C3 0xFFFFFFE7 0x00000000 False   [] []
  116 0x000001C4 0xFFFFFFE7 0x00000000 False   [] []
  117 0x000001C5 0xFFFFFFE7 0x00000000 False   [] []
  118 0x000001C6 0xFFFFFFE7 0x00000000 False   [] []
  119 0x000001C7 0xFFFFFFE7 0x00000001 False   [] [E]
  120 0x000001E0 0xFFFFFFE7 0x00000000 False   [] []
  121 0x000001E1 0xFFFFFFE7 0x00000000 False   [] []
  122 0x000001E2 0xFFFFFFE7 0x00000000 False   [] []
  123 0x000001E3 0xFFFFFFE7 0x00000000 False   [] []
  124 0x000001E4 0xFFFFFFE7 0x00000000 False   [] []
  125 0x000001E5 0xFFFFFFE7 0x00000000 False   [] []
  126 0x000001E6 0xFFFFFFE7 0x00000000 False   [] []
  127 0x000001E7 0xFFFFFFE7 0x00000001 False   [] [E]
  128 0x00000200 0xFFFFFFE7 0x00000000 False   [] []
  129 0x00000201 0xFFFFFFE7 0x00000000 False   [] []
  130 0x00000202 0xFFFFFFE7 0x00000000 False   [] []
  131 0x00000203 0xFFFFFFE7 0x00000000 False   [] []
  132 0x00000204 0xFFFFFFE7 0x00000000 False   [] []
  133 0x00000205 0xFFFFFFE7 0x00000000 False   [] []
  134 0x00000206 0xFFFFFFE7 0x00000000 False   [] []
  135 0x00000207 0xFFFFFFE7 0x00000001 False   [] [E]
  136 0x00000220 0xFFFFFFE7 0x00000000 False   [] []
  137 0x00000221 0xFFFFFFE7 0x00000000 False   [] []
  138 0x00000222 0xFFFFFFE7 0x00000000 False   [] []
  139 0x00000223 0xFFFFFFE7 0x00000000 False   [] []
  140 0x00000224 0xFFFFFFE7 0x00000000 False   [] []
  141 0x00000225 0xFFFFFFE7 0x00000000 False   [] []
  142 0x00000226 0xFFFFFFE7 0x00000000 False   [] []
  143 0x00000227 0xFFFFFFE7 0x00000001 False   [] [E]
  144 0x00000240 0xFFFFFFE7 0x00000000 False   [] []
  145 0x00000241 0xFFFFFFE7 0x00000000 False   [] []
  146 0x00000242 0xFFFFFFE7 0x00000000 False   [] []
  147 0x00000243 0xFFFFFFE7 0x00000000 False   [] []
  148 0x00000244 0xFFFFFFE7 0x00000000 False   [] []
  149 0x00000245 0xFFFFFFE7 0x00000000 False   [] []
  150 0x00000246 0xFFFFFFE7 0x00000000 False   [] []
  151 0x00000247 0xFFFFFFE7 0x00000001 False   [] [E]
  152 0x00000260 0xFFFFFFE7 0x00000000 False   [] []
  153 0x00000261 0xFFFFFFE7 0x00000000 False   [] []
  154 0x00000262 0xFFFFFFE7 0x00000000 False   [] []
  155 0x00000263 0xFFFFFFE7 0x00000000 False   [] []
  156 0x00000264 0xFFFFFFE7 0x00000000 False   [] []
  157 0x00000265 0xFFFFFFE7 0x00000000 False   [] []
  158 0x00000266 0xFFFFFFE7 0x00000000 False   [] []
  159 0x00000267 0xFFFFFFE7 0x00000001 False   [] [E]
  160 0x00000280 0xFFFFFFE7 0x00000000 False   [] []
  161 0x00000281 0xFFFFFFE7 0x00000000 False   [] []
  162 0x00000282 0xFFFFFFE7 0x00000000 False   [] []
  163 0x00000283 0xFFFFFFE7 0x00000000 False   [] []
  164 0x00000284 0xFFFFFFE7 0x00000000 False   [] []
  165 0x00000285 0xFFFFFFE7 0x00000000 False   [] []
  166 0x00000286 0xFFFFFFE7 0x00000000 False   [] []
  167 0x00000287 0xFFFFFFE7 0x00000001 False   [] [E]
  168 0x000002A0 0xFFFFFFE7 0x00000000 False   [] []
  169 0x000002A1 0xFFFFFFE7 0x00000000 False   [] []
  170 0x000002A2 0xFFFFFFE7 0x00000000 False   [] []
  171 0x000002A3 0xFFFFFFE7 0x00000000 False   [] []
  172 0x000002A4 0xFFFFFFE7 0x00000000 False   [] []
  173 0x000002A5 0xFFFFFFE7 0x00000000 False   [] []
  174 0x000002A6 0xFFFFFFE7 0x00000000 False   [] []
  175 0x000002A7 0xFFFFFFE7 0x00000001 False   [] [E]
  176 0x000002C0 0xFFFFFFE7 0x00000000 False   [] []
  177 0x000002C1 0xFFFFFFE7 0x00000000 False   [] []
  178 0x000002C2 0xFFFFFFE7 0x00000000 False   [] []
  179 0x000002C3 0xFFFFFFE7 0x00000000 False   [] []
  180 0x000002C4 0xFFFFFFE7 0x00000000 False   [] []
  181 0x000002C5 0xFFFFFFE7 0x00000000 False   [] []
  182 0x000002C6 0xFFFFFFE7 0x00000000 False   [] []
  183 0x000002C7 0xFFFFFFE7 0x00000001 False   [] [E]
  184 0x000002E0 0xFFFFFFE7 0x00000000 False   [] []
  185 0x000002E1 0xFFFFFFE7 0x00000000 False   [] []
  186 0x000002E2 0xFFFFFFE7 0x00000000 False   [] []
  187 0x000002E3 0xFFFFFFE7 0x00000000 False   [] []
  188 0x000002E4 0xFFFFFFE7 0x00000000 False   [] []
  189 0x000002E5 0xFFFFFFE7 0x00000000 False   [] []
  190 0x000002E6 0xFFFFFFE7 0x00000000 False   [] []
  191 0x000002E7 0xFFFFFFE7 0x00000001 False   [] [E]
  192 0x00000300 0xFFFFFFE7 0x00000000 False   [] []
  193 0x00000301 0xFFFFFFE7 0x00000000 False   [] []
  194 0x00000302 0xFFFFFFE7 0x00000000 False   [] []
  195 0x00000303 0xFFFFFFE7 0x00000000 False   [] []
  196 0x00000304 0xFFFFFFE7 0x00000000 False   [] []
  197 0x00000305 0xFFFFFFE7 0x00000000 False   [] []
  198 0x00000306 0xFFFFFFE7 0x00000000 False   [] []
  199 0x00000307 0xFFFFFFE7 0x00000001 False   [] [E]
  200 0x00000320 0xFFFFFFE7 0x00000000 False   [] []
  201 0x00000321 0xFFFFFFE7 0x00000000 False   [] []
  202 0x00000322 0xFFFFFFE7 0x00000000 False   [] []
  203 0x00000323 0xFFFFFFE7 0x00000000 False   [] []
  204 0x00000324 0xFFFFFFE7 0x00000000 False   [] []
  205 0x00000325 0xFFFFFFE7 0x00000000 False   [] []
  206 0x00000326 0xFFFFFFE7 0x00000000 False   [] []
  207 0x00000327 0xFFFFFFE7 0x00000001 False   [] [E]
  208 0x00000340 0xFFFFFFE7 0x00000000 False   [] []
  209 0x00000341 0xFFFFFFE7 0x00000000 False   [] []
  210 0x00000342 0xFFFFFFE7 0x00000000 False   [] []
  211 0x00000343 0xFFFFFFE7 0x00000000 False   [] []
  212 0x00000344 0xFFFFFFE7 0x00000000 False   [] []
  213 0x00000345 0xFFFFFFE7 0x00000000 False   [] []
  214 0x00000346 0xFFFFFFE7 0x00000000 False   [] []
  215 0x00000347 0xFFFFFFE7 0x00000001 False   [] [E]
  216 0x00000360 0xFFFFFFE7 0x00000000 False   [] []
  217 0x00000361 0xFFFFFFE7 0x00000000 False   [] []
  218 0x00000362 0xFFFFFFE7 0x00000000 False   [] []
  219 0x00000363 0xFFFFFFE7 0x00000000 False   [] []
  220 0x00000364 0xFFFFFFE7 0x00000000 False   [] []
  221 0x00000365 0xFFFFFFE7 0x00000000 False   [] []
  222 0x00000366 0xFFFFFFE7 0x00000000 False   [] []
  223 0x00000367 0xFFFFFFE7 0x00000001 False   [] [E]
  224 0x00000380 0xFFFFFFE7 0x00000000 False   [] []
  225 0x00000381 0xFFFFFFE7 0x00000000 False   [] []
  226 0x00000382 0xFFFFFFE7 0x00000000 False   [] []
  227 0x00000383 0xFFFFFFE7 0x00000000 False   [] []
  228 0x00000384 0xFFFFFFE7 0x00000000 False   [] []
  229 0x00000385 0xFFFFFFE7 0x00000000 False   [] []
  230 0x00000386 0xFFFFFFE7 0x00000000 False   [] []
  231 0x00000387 0xFFFFFFE7 0x00000001 False   [] [E]
  232 0x000003A0 0xFFFFFFE7 0x00000000 False   [] []
  233 0x000003A1 0xFFFFFFE7 0x00000000 False   [] []
  234 0x000003A2 0xFFFFFFE7 0x00000000 False   [] []
  235 0x000003A3 0xFFFFFFE7 0x00000000 False   [] []
  236 0x000003A4 0xFFFFFFE7 0x00000000 False   [] []
  237 0x000003A5 0xFFFFFFE7 0x00000000 False   [] []
  238 0x000003A6 0xFFFFFFE7 0x00000000 False   [] []
  239 0x000003A7 0xFFFFFFE7 0x00000001 False   [] [E]
  240 0x000003C0 0xFFFFFFE7 0x00000000 False   [] []
  241 0x000003C1 0xFFFFFFE7 0x00000000 False   [] []
  242 0x000003C2 0xFFFFFFE7 0x00000000 False   [] []
  243 0x000003C3 0xFFFFFFE7 0x00000000 False   [] []
  244 0x000003C4 0xFFFFFFE7 0x00000000 False   [] []
  245 0x000003C5 0xFFFFFFE7 0x00000000 False   [] []
  246 0x000003C6 0xFFFFFFE7 0x00000000 False   [] []
  247 0x000003C7 0xFFFFFFE7 0x00000001 False   [] [E]
  248 0x000003E0 0xFFFFFFE7 0x00000000 False   [] []
  249 0x000003E1 0xFFFFFFE7 0x00000000 False   [] []
  250 0x000003E2 0xFFFFFFE7 0x00000000 False   [] []
  251 0x000003E3 0xFFFFFFE7 0x00000000 False   [] []
  252 0x000003E4 0xFFFFFFE7 0x00000000 False   [] []
  253 0x000003E5 0xFFFFFFE7 0x00000000 False   [] []
  254 0x000003E6 0xFFFFFFE7 0x00000000 False   [] []
  255 0x000003E7 0xFFFFFFE7 0x00000001 False   [] [E]
  256 0x00000400 0xFFFFFFE7 0x00000000 False   [] []
  257 0x00000401 0xFFFFFFE7 0x00000000 False   [] []
  258 0x00000402 0xFFFFFFE7 0x00000000 False   [] []
  259 0x00000403 0xFFFFFFE7 0x00000000 False   [] []
  260 0x00000404 0xFFFFFFE7 0x00000000 False   [] []
  261 0x00000405 0xFFFFFFE7 0x00000000 False   [] []
  262 0x00000406 0xFFFFFFE7 0x00000000 False   [] []
  263 0x00000407 0xFFFFFFE7 0x00000001 False   [] [E]
  264 0x00000420 0xFFFFFFE7 0x00000000 False   [] []
  265 0x00000421 0xFFFFFFE7 0x00000000 False   [] []
  266 0x00000422 0xFFFFFFE7 0x00000000 False   [] []
  267 0x00000423 0xFFFFFFE7 0x00000000 False   [] []
  268 0x00000424 0xFFFFFFE7 0x00000000 False   [] []
  269 0x00000425 0xFFFFFFE7 0x00000000 False   [] []
  270 0x00000426 0xFFFFFFE7 0x00000000 False   [] []
  271 0x00000427 0xFFFFFFE7 0x00000001 False   [] [E]
  272 0x00000440 0xFFFFFFE7 0x00000000 False   [] []
  273 0x00000441 0xFFFFFFE7 0x00000000 False   [] []
  274 0x00000442 0xFFFFFFE7 0x00000000 False   [] []
  275 0x00000443 0xFFFFFFE7 0x00000000 False   [] []
  276 0x00000444 0xFFFFFFE7 0x00000000 False   [] []
  277 0x00000445 0xFFFFFFE7 0x00000000 False   [] []
  278 0x00000446 0xFFFFFFE7 0x00000000 False   [] []
  279 0x00000447 0xFFFFFFE7 0x00000001 False   [] [E]
  280 0x00000460 0xFFFFFFE7 0x00000000 False   [] []
  281 0x00000461 0xFFFFFFE7 0x00000000 False   [] []
  282 0x00000462 0xFFFFFFE7 0x00000000 False   [] []
  283 0x00000463 0xFFFFFFE7 0x00000000 False   [] []
  284 0x00000464 0xFFFFFFE7 0x00000000 False   [] []
  285 0x00000465 0xFFFFFFE7 0x00000000 False   [] []
  286 0x00000466 0xFFFFFFE7 0x00000000 False   [] []
  287 0x00000467 0xFFFFFFE7 0x00000001 False   [] [E]
  288 0x00000480 0xFFFFFFE7 0x00000000 False   [] []
  289 0x00000481 0xFFFFFFE7 0x00000000 False   [] []
  290 0x00000482 0xFFFFFFE7 0x00000000 False   [] []
  291 0x00000483 0xFFFFFFE7 0x00000000 False   [] []
  292 0x00000484 0xFFFFFFE7 0x00000000 False   [] []
  293 0x00000485 0xFFFFFFE7 0x00000000 False   [] []
  294 0x00000486 0xFFFFFFE7 0x00000000 False   [] []
  295 0x00000487 0xFFFFFFE7 0x00000001 False   [] [E]
  296 0x000004A0 0xFFFFFFE7 0x00000000 False   [] []
  297 0x000004A1 0xFFFFFFE7 0x00000000 False   [] []
  298 0x000004A2 0xFFFFFFE7 0x00000000 False   [] []
  299 0x000004A3 0xFFFFFFE7 0x00000000 False   [] []
  300 0x000004A4 0xFFFFFFE7 0x00000000 False   [] []
  301 0x000004A5 0xFFFFFFE7 0x00000000 False   [] []
  302 0x000004A6 0xFFFFFFE7 0x00000000 False   [] []
  303 0x000004A7 0xFFFFFFE7 0x00000001 False   [] [E]
  304 0x000004C0 0xFFFFFFE7 0x00000000 False   [] []
  305 0x000004C1 0xFFFFFFE7 0x00000000 False   [] []
  306 0x000004C2 0xFFFFFFE7 0x00000000 False   [] []
  307 0x000004C3 0xFFFFFFE7 0x00000000 False   [] []
  308 0x000004C4 0xFFFFFFE7 0x00000000 False   [] []
  309 0x000004C5 0xFFFFFFE7 0x00000000 False   [] []
  310 0x000004C6 0xFFFFFFE7 0x00000000 False   [] []
  311 0x000004C7 0xFFFFFFE7 0x00000001 False   [] [E]
  312 0x000004E0 0xFFFFFFE7 0x00000000 False   [] []
  313 0x000004E1 0xFFFFFFE7 0x00000000 False   [] []
  314 0x000004E2 0xFFFFFFE7 0x00000000 False   [] []
  315 0x000004E3 0xFFFFFFE7 0x00000000 False   [] []
  316 0x000004E4 0xFFFFFFE7 0x00000000 False   [] []
  317 0x000004E5 0xFFFFFFE7 0x00000000 False   [] []
  318 0x000004E6 0xFFFFFFE7 0x00000000 False   [] []
  319 0x000004E7 0xFFFFFFE7 0x00000001 False   [] [E]
  320 0x00000500 0xFFFFFFE7 0x00000000 False   [] []
  321 0x00000501 0xFFFFFFE7 0x00000000 False   [] []
  322 0x00000502 0xFFFFFFE7 0x00000000 False   [] []
  323 0x00000503 0xFFFFFFE7 0x00000000 False   [] []
  324 0x00000504 0xFFFFFFE7 0x00000000 False   [] []
  325 0x00000505 0xFFFFFFE7 0x00000000 False   [] []
  326 0x00000506 0xFFFFFFE7 0x00000000 False   [] []
  327 0x00000507 0xFFFFFFE7 0x00000001 False   [] [E]
  328 0x00000520 0xFFFFFFE7 0x00000000 False   [] []
  329 0x00000521 0xFFFFFFE7 0x00000000 False   [] []
  330 0x00000522 0xFFFFFFE7 0x00000000 False   [] []
  331 0x00000523 0xFFFFFFE7 0x00000000 False   [] []
  332 0x00000524 0xFFFFFFE7 0x00000000 False   [] []
  333 0x00000525 0xFFFFFFE7 0x00000000 False   [] []
  334 0x00000526 0xFFFFFFE7 0x00000000 False   [] []
  335 0x00000527 0xFFFFFFE7 0x00000001 False   [] [E]
  336 0x00000540 0xFFFFFFE7 0x00000000 False   [] []
  337 0x00000541 0xFFFFFFE7 0x00000000 False   [] []
  338 0x00000542 0xFFFFFFE7 0x00000000 False   [] []
  339 0x00000543 0xFFFFFFE7 0x00000000 False   [] []
  340 0x00000544 0xFFFFFFE7 0x00000000 False   [] []
  341 0x00000545 0xFFFFFFE7 0x00000000 False   [] []
  342 0x00000546 0xFFFFFFE7 0x00000000 False   [] []
  343 0x00000547 0xFFFFFFE7 0x00000001 False   [] [E]
  344 0x00000560 0xFFFFFFE7 0x00000000 False   [] []
  345 0x00000561 0xFFFFFFE7 0x00000000 False   [] []
  346 0x00000562 0xFFFFFFE7 0x00000000 False   [] []
  347 0x00000563 0xFFFFFFE7 0x00000000 False   [] []
  348 0x00000564 0xFFFFFFE7 0x00000000 False   [] []
  349 0x00000565 0xFFFFFFE7 0x00000000 False   [] []
  350 0x00000566 0xFFFFFFE7 0x00000000 False   [] []
  351 0x00000567 0xFFFFFFE7 0x00000001 False   [] [E]
  352 0x00000580 0xFFFFFFE7 0x00000000 False   [] []
  353 0x00000581 0xFFFFFFE7 0x00000000 False   [] []
  354 0x00000582 0xFFFFFFE7 0x00000000 False   [] []
  355 0x00000583 0xFFFFFFE7 0x00000000 False   [] []
  356 0x00000584 0xFFFFFFE7 0x00000000 False   [] []
  357 0x00000585 0xFFFFFFE7 0x00000000 False   [] []
  358 0x00000586 0xFFFFFFE7 0x00000000 False   [] []
  359 0x00000587 0xFFFFFFE7 0x00000001 False   [] [E]
  360 0x000005A0 0xFFFFFFE7 0x00000000 False   [] []
  361 0x000005A1 0xFFFFFFE7 0x00000000 False   [] []
  362 0x000005A2 0xFFFFFFE7 0x00000000 False   [] []
  363 0x000005A3 0xFFFFFFE7 0x00000000 False   [] []
  364 0x000005A4 0xFFFFFFE7 0x00000000 False   [] []
  365 0x000005A5 0xFFFFFFE7 0x00000000 False   [] []
  366 0x000005A6 0xFFFFFFE7 0x00000000 False   [] []
  367 0x000005A7 0xFFFFFFE7 0x00000001 False   [] [E]
  368 0x000005C0 0xFFFFFFE7 0x00000000 False   [] []
  369 0x000005C1 0xFFFFFFE7 0x00000000 False   [] []
  370 0x000005C2 0xFFFFFFE7 0x00000000 False   [] []
  371 0x000005C3 0xFFFFFFE7 0x00000000 False   [] []
  372 0x000005C4 0xFFFFFFE7 0x00000000 False   [] []
  373 0x000005C5 0xFFFFFFE7 0x00000000 False   [] []
  374 0x000005C6 0xFFFFFFE7 0x00000000 False   [] []
  375 0x000005C7 0xFFFFFFE7 0x00000001 False   [] [E]
  376 0x000005E0 0xFFFFFFE7 0x00000000 False   [] []
  377 0x000005E1 0xFFFFFFE7 0x00000000 False   [] []
  378 0x000005E2 0xFFFFFFE7 0x00000000 False   [] []
  379 0x000005E3 0xFFFFFFE7 0x00000000 False   [] []
  380 0x000005E4 0xFFFFFFE7 0x00000000 False   [] []
  381 0x000005E5 0xFFFFFFE7 0x00000000 False   [] []
  382 0x000005E6 0xFFFFFFE7 0x00000000 False   [] []
  383 0x000005E7 0xFFFFFFE7 0x00000001 False   [] [E]
  384 0x00000600 0xFFFFFFE7 0x00000000 False   [] []
  385 0x00000601 0xFFFFFFE7 0x00000000 False   [] []
  386 0x00000602 0xFFFFFFE7 0x00000000 False   [] []
  387 0x00000603 0xFFFFFFE7 0x00000000 False   [] []
  388 0x00000604 0xFFFFFFE7 0x00000000 False   [] []
  389 0x00000605 0xFFFFFFE7 0x00000000 False   [] []
  390 0x00000606 0xFFFFFFE7 0x00000000 False   [] []
  391 0x00000607 0xFFFFFFE7 0x00000001 False   [] [E]
  392 0x00000620 0xFFFFFFE7 0x00000000 False   [] []
  393 0x00000621 0xFFFFFFE7 0x00000000 False   [] []
  394 0x00000622 0xFFFFFFE7 0x00000000 False   [] []
  395 0x00000623 0xFFFFFFE7 0x00000000 False   [] []
  396 0x00000624 0xFFFFFFE7 0x00000000 False   [] []
  397 0x00000625 0xFFFFFFE7 0x00000000 False   [] []
  398 0x00000626 0xFFFFFFE7 0x00000000 False   [] []
  399 0x00000627 0xFFFFFFE7 0x00000001 False   [] [E]
  400 0x00000640 0xFFFFFFE7 0x00000000 False   [] []
  401 0x00000641 0xFFFFFFE7 0x00000000 False   [] []
  402 0x00000642 0xFFFFFFE7 0x00000000 False   [] []
  403 0x00000643 0xFFFFFFE7 0x00000000 False   [] []
  404 0x00000644 0xFFFFFFE7 0x00000000 False   [] []
  405 0x00000645 0xFFFFFFE7 0x00000000 False   [] []
  406 0x00000646 0xFFFFFFE7 0x00000000 False   [] []
  407 0x00000647 0xFFFFFFE7 0x00000001 False   [] [E]
  408 0x00000660 0xFFFFFFE7 0x00000000 False   [] []
  409 0x00000661 0xFFFFFFE7 0x00000000 False   [] []
  410 0x00000662 0xFFFFFFE7 0x00000000 False   [] []
  411 0x00000663 0xFFFFFFE7 0x00000000 False   [] []
  412 0x00000664 0xFFFFFFE7 0x00000000 False   [] []
  413 0x00000665 0xFFFFFFE7 0x00000000 False   [] []
  414 0x00000666 0xFFFFFFE7 0x00000000 False   [] []
  415 0x00000667 0xFFFFFFE7 0x00000001 False   [] [E]
  416 0x00000680 0xFFFFFFE7 0x00000000 False   [] []
  417 0x00000681 0xFFFFFFE7 0x00000000 False   [] []
  418 0x00000682 0xFFFFFFE7 0x00000000 False   [] []
  419 0x00000683 0xFFFFFFE7 0x00000000 False   [] []
  420 0x00000684 0xFFFFFFE7 0x00000000 False   [] []
  421 0x00000685 0xFFFFFFE7 0x00000000 False   [] []
  422 0x00000686 0xFFFFFFE7 0x00000000 False   [] []
  423 0x00000687 0xFFFFFFE7 0x00000001 False   [] [E]
  424 0x000006A0 0xFFFFFFE7 0x00000000 False   [] []
  425 0x000006A1 0xFFFFFFE7 0x00000000 False   [] []
  426 0x000006A2 0xFFFFFFE7 0x00000000 False   [] []
  427 0x000006A3 0xFFFFFFE7 0x00000000 False   [] []
  428 0x000006A4 0xFFFFFFE7 0x00000000 False   [] []
  429 0x000006A5 0xFFFFFFE7 0x00000000 False   [] []
  430 0x000006A6 0xFFFFFFE7 0x00000000 False   [] []
  431 0x000006A7 0xFFFFFFE7 0x00000001 False   [] [E]
  432 0x000006C0 0xFFFFFFE7 0x00000000 False   [] []
  433 0x000006C1 0xFFFFFFE7 0x00000000 False   [] []
  434 0x000006C2 0xFFFFFFE7 0x00000000 False   [] []
  435 0x000006C3 0xFFFFFFE7 0x00000000 False   [] []
  436 0x000006C4 0xFFFFFFE7 0x00000000 False   [] []
  437 0x000006C5 0xFFFFFFE7 0x00000000 False   [] []
  438 0x000006C6 0xFFFFFFE7 0x00000000 False   [] []
  439 0x000006C7 0xFFFFFFE7 0x00000001 False   [] [E]
  440 0x000006E0 0xFFFFFFE7 0x00000000 False   [] []
  441 0x000006E1 0xFFFFFFE7 0x00000000 False   [] []
  442 0x000006E2 0xFFFFFFE7 0x00000000 False   [] []
  443 0x000006E3 0xFFFFFFE7 0x00000000 False   [] []
  444 0x000006E4 0xFFFFFFE7 0x00000000 False   [] []
  445 0x000006E5 0xFFFFFFE7 0x00000000 False   [] []
  446 0x000006E6 0xFFFFFFE7 0x00000000 False   [] []
  447 0x000006E7 0xFFFFFFE7 0x00000001 False   [] [E]
  448 0x00000700 0xFFFFFFE7 0x00000000 False   [] []
  449 0x00000701 0xFFFFFFE7 0x00000000 False   [] []
  450 0x00000702 0xFFFFFFE7 0x00000000 False   [] []
  451 0x00000703 0xFFFFFFE7 0x00000000 False   [] []
  452 0x00000704 0xFFFFFFE7 0x00000000 False   [] []
  453 0x00000705 0xFFFFFFE7 0x00000000 False   [] []
  454 0x00000706 0xFFFFFFE7 0x00000000 False   [] []
  455 0x00000707 0xFFFFFFE7 0x00000001 False   [] [E]
  456 0x00000720 0xFFFFFFE7 0x00000000 False   [] []
  457 0x00000721 0xFFFFFFE7 0x00000000 False   [] []
  458 0x00000722 0xFFFFFFE7 0x00000000 False   [] []
  459 0x00000723 0xFFFFFFE7 0x00000000 False   [] []
  460 0x00000724 0xFFFFFFE7 0x00000000 False   [] []
  461 0x00000725 0xFFFFFFE7 0x00000000 False   [] []
  462 0x00000726 0xFFFFFFE7 0x00000000 False   [] []
  463 0x00000727 0xFFFFFFE7 0x00000001 False   [] [E]
  464 0x00000740 0xFFFFFFE7 0x00000000 False   [] []
  465 0x00000741 0xFFFFFFE7 0x00000000 False   [] []
  466 0x00000742 0xFFFFFFE7 0x00000000 False   [] []
  467 0x00000743 0xFFFFFFE7 0x00000000 False   [] []
  468 0x00000744 0xFFFFFFE7 0x00000000 False   [] []
  469 0x00000745 0xFFFFFFE7 0x00000000 False   [] []
  470 0x00000746 0xFFFFFFE7 0x00000000 False   [] []
  471 0x00000747 0xFFFFFFE7 0x00000001 False   [] [E]
  472 0x00000760 0xFFFFFFE7 0x00000000 False   [] []
  473 0x00000761 0xFFFFFFE7 0x00000000 False   [] []
  474 0x00000762 0xFFFFFFE7 0x00000000 False   [] []
  475 0x00000763 0xFFFFFFE7 0x00000000 False   [] []
  476 0x00000764 0xFFFFFFE7 0x00000000 False   [] []
  477 0x00000765 0xFFFFFFE7 0x00000000 False   [] []
  478 0x00000766 0xFFFFFFE7 0x00000000 False   [] []
  479 0x00000767 0xFFFFFFE7 0x00000001 False   [] [E]
  480 0x00000780 0xFFFFFFE7 0x00000000 False   [] []
  481 0x00000781 0xFFFFFFE7 0x00000000 False   [] []
  482 0x00000782 0xFFFFFFE7 0x00000000 False   [] []
  483 0x00000783 0xFFFFFFE7 0x00000000 False   [] []
  484 0x00000784 0xFFFFFFE7 0x00000000 False   [] []
  485 0x00000785 0xFFFFFFE7 0x00000000 False   [] []
  486 0x00000786 0xFFFFFFE7 0x00000000 False   [] []
  487 0x00000787 0xFFFFFFE7 0x00000001 False   [] [E]
  488 0x000007A0 0xFFFFFFE7 0x00000000 False   [] []
  489 0x000007A1 0xFFFFFFE7 0x00000000 False   [] []
  490 0x000007A2 0xFFFFFFE7 0x00000000 False   [] []
  491 0x000007A3 0xFFFFFFE7 0x00000000 False   [] []
  492 0x000007A4 0xFFFFFFE7 0x00000000 False   [] []
  493 0x000007A5 0xFFFFFFE7 0x00000000 False   [] []
  494 0x000007A6 0xFFFFFFE7 0x00000000 False   [] []
  495 0x000007A7 0xFFFFFFE7 0x00000001 False   [] [E]
  496 0x000007C0 0xFFFFFFE7 0x00000000 False   [] []
  497 0x000007C1 0xFFFFFFE7 0x00000000 False   [] []
  498 0x000007C2 0xFFFFFFE7 0x00000000 False   [] []
  499 0x000007C3 0xFFFFFFE7 0x00000000 False   [] []
  500 0x000007C4 0xFFFFFFE7 0x00000000 False   [] []
  501 0x000007C5 0xFFFFFFE7 0x00000000 False   [] []
  502 0x000007C6 0xFFFFFFE7 0x00000000 False   [] []
  503 0x000007C7 0xFFFFFFE7 0x00000001 False   [] [E]
  504 0x000007E0 0xFFFFFFE7 0x00000000 False   [] []
  505 0x000007E1 0xFFFFFFE7 0x00000000 False   [] []
  506 0x000007E2 0xFFFFFFE7 0x00000000 False   [] []
  507 0x000007E3 0xFFFFFFE7 0x00000000 False   [] []
  508 0x000007E4 0xFFFFFFE7 0x00000000 False   [] []
  509 0x000007E5 0xFFFFFFE7 0x00000000 False   [] []
  510 0x000007E6 0xFFFFFFE7 0x00000000 False   [] []
  511 0x000007E7 0xFFFFFFE7 0x00000001 False   [] [E]
  512 0x00000800 0xFFFFFFE7 0x00000000 False   [] []
  513 0x00000801 0xFFFFFFE7 0x00000000 False   [] []
  514 0x00000802 0xFFFFFFE7 0x00000000 False   [] []
  515 0x00000803 0xFFFFFFE7 0x00000000 False   [] []
  516 0x00000804 0xFFFFFFE7 0x00000000 False   [] []
  517 0x00000805 0xFFFFFFE7 0x00000000 False   [] []
  518 0x00000806 0xFFFFFFE7 0x00000000 False   [] []
  519 0x00000807 0xFFFFFFE7 0x00000001 False   [] [E]
  520 0x00000820 0xFFFFFFE7 0x00000000 False   [] []
  521 0x00000821 0xFFFFFFE7 0x00000000 False   [] []
  522 0x00000822 0xFFFFFFE7 0x00000000 False   [] []
  523 0x00000823 0xFFFFFFE7 0x00000000 False   [] []
  524 0x00000824 0xFFFFFFE7 0x00000000 False   [] []
  525 0x00000825 0xFFFFFFE7 0x00000000 False   [] []
  526 0x00000826 0xFFFFFFE7 0x00000000 False   [] []
  527 0x00000827 0xFFFFFFE7 0x00000001 False   [] [E]
  528 0x00000840 0xFFFFFFE7 0x00000000 False   [] []
  529 0x00000841 0xFFFFFFE7 0x00000000 False   [] []
  530 0x00000842 0xFFFFFFE7 0x00000000 False   [] []
  531 0x00000843 0xFFFFFFE7 0x00000000 False   [] []
  532 0x00000844 0xFFFFFFE7 0x00000000 False   [] []
  533 0x00000845 0xFFFFFFE7 0x00000000 False   [] []
  534 0x00000846 0xFFFFFFE7 0x00000000 False   [] []
  535 0x00000847 0xFFFFFFE7 0x00000001 False   [] [E]
  536 0x00000860 0xFFFFFFE7 0x00000000 False   [] []
  537 0x00000861 0xFFFFFFE7 0x00000000 False   [] []
  538 0x00000862 0xFFFFFFE7 0x00000000 False   [] []
  539 0x00000863 0xFFFFFFE7 0x00000000 False   [] []
  540 0x00000864 0xFFFFFFE7 0x00000000 False   [] []
  541 0x00000865 0xFFFFFFE7 0x00000000 False   [] []
  542 0x00000866 0xFFFFFFE7 0x00000000 False   [] []
  543 0x00000867 0xFFFFFFE7 0x00000001 False   [] [E]
  544 0x00000880 0xFFFFFFE7 0x00000000 False   [] []
  545 0x00000881 0xFFFFFFE7 0x00000000 False   [] []
  546 0x00000882 0xFFFFFFE7 0x00000000 False   [] []
  547 0x00000883 0xFFFFFFE7 0x00000000 False   [] []
  548 0x00000884 0xFFFFFFE7 0x00000000 False   [] []
  549 0x00000885 0xFFFFFFE7 0x00000000 False   [] []
  550 0x00000886 0xFFFFFFE7 0x00000000 False   [] []
  551 0x00000887 0xFFFFFFE7 0x00000001 False   [] [E]
  552 0x000008A0 0xFFFFFFE7 0x00000000 False   [] []
  553 0x000008A1 0xFFFFFFE7 0x00000000 False   [] []
  554 0x000008A2 0xFFFFFFE7 0x00000000 False   [] []
  555 0x000008A3 0xFFFFFFE7 0x00000000 False   [] []
  556 0x000008A4 0xFFFFFFE7 0x00000000 False   [] []
  557 0x000008A5 0xFFFFFFE7 0x00000000 False   [] []
  558 0x000008A6 0xFFFFFFE7 0x00000000 False   [] []
  559 0x000008A7 0xFFFFFFE7 0x00000001 False   [] [E]
  560 0x000008C0 0xFFFFFFE7 0x00000000 False   [] []
  561 0x000008C1 0xFFFFFFE7 0x00000000 False   [] []
  562 0x000008C2 0xFFFFFFE7 0x00000000 False   [] []
  563 0x000008C3 0xFFFFFFE7 0x00000000 False   [] []
  564 0x000008C4 0xFFFFFFE7 0x00000000 False   [] []
  565 0x000008C5 0xFFFFFFE7 0x00000000 False   [] []
  566 0x000008C6 0xFFFFFFE7 0x00000000 False   [] []
  567 0x000008C7 0xFFFFFFE7 0x00000001 False   [] [E]
  568 0x000008E0 0xFFFFFFE7 0x00000000 False   [] []
  569 0x000008E1 0xFFFFFFE7 0x00000000 False   [] []
  570 0x000008E2 0xFFFFFFE7 0x00000000 False   [] []
  571 0x000008E3 0xFFFFFFE7 0x00000000 False   [] []
  572 0x000008E4 0xFFFFFFE7 0x00000000 False   [] []
  573 0x000008E5 0xFFFFFFE7 0x00000000 False   [] []
  574 0x000008E6 0xFFFFFFE7 0x00000000 False   [] []
  575 0x000008E7 0xFFFFFFE7 0x00000001 False   [] [E]
  576 0x00000900 0xFFFFFFE7 0x00000000 False   [] []
  577 0x00000901 0xFFFFFFE7 0x00000000 False   [] []
  578 0x00000902 0xFFFFFFE7 0x00000000 False   [] []
  579 0x00000903 0xFFFFFFE7 0x00000000 False   [] []
  580 0x00000904 0xFFFFFFE7 0x00000000 False   [] []
  581 0x00000905 0xFFFFFFE7 0x00000000 False   [] []
  582 0x00000906 0xFFFFFFE7 0x00000000 False   [] []
  583 0x00000907 0xFFFFFFE7 0x00000001 False   [] [E]
  584 0x00000920 0xFFFFFFE7 0x00000000 False   [] []
  585 0x00000921 0xFFFFFFE7 0x00000000 False   [] []
  586 0x00000922 0xFFFFFFE7 0x00000000 False   [] []
  587 0x00000923 0xFFFFFFE7 0x00000000 False   [] []
  588 0x00000924 0xFFFFFFE7 0x00000000 False   [] []
  589 0x00000925 0xFFFFFFE7 0x00000000 False   [] []
  590 0x00000926 0xFFFFFFE7 0x00000000 False   [] []
  591 0x00000927 0xFFFFFFE7 0x00000001 False   [] [E]
  592 0x00000940 0xFFFFFFE7 0x00000000 False   [] []
  593 0x00000941 0xFFFFFFE7 0x00000000 False   [] []
  594 0x00000942 0xFFFFFFE7 0x00000000 False   [] []
  595 0x00000943 0xFFFFFFE7 0x00000000 False   [] []
  596 0x00000944 0xFFFFFFE7 0x00000000 False   [] []
  597 0x00000945 0xFFFFFFE7 0x00000000 False   [] []
  598 0x00000946 0xFFFFFFE7 0x00000000 False   [] []
  599 0x00000947 0xFFFFFFE7 0x00000001 False   [] [E]
  600 0x00000960 0xFFFFFFE7 0x00000000 False   [] []
  601 0x00000961 0xFFFFFFE7 0x00000000 False   [] []
  602 0x00000962 0xFFFFFFE7 0x00000000 False   [] []
  603 0x00000963 0xFFFFFFE7 0x00000000 False   [] []
  604 0x00000964 0xFFFFFFE7 0x00000000 False   [] []
  605 0x00000965 0xFFFFFFE7 0x00000000 False   [] []
  606 0x00000966 0xFFFFFFE7 0x00000000 False   [] []
  607 0x00000967 0xFFFFFFE7 0x00000001 False   [] [E]
  608 0x00000980 0xFFFFFFE7 0x00000000 False   [] []
  609 0x00000981 0xFFFFFFE7 0x00000000 False   [] []
  610 0x00000982 0xFFFFFFE7 0x00000000 False   [] []
  611 0x00000983 0xFFFFFFE7 0x00000000 False   [] []
  612 0x00000984 0xFFFFFFE7 0x00000000 False   [] []
  613 0x00000985 0xFFFFFFE7 0x00000000 False   [] []
  614 0x00000986 0xFFFFFFE7 0x00000000 False   [] []
  615 0x00000987 0xFFFFFFE7 0x00000001 False   [] [E]
  616 0x000009A0 0xFFFFFFE7 0x00000000 False   [] []
  617 0x000009A1 0xFFFFFFE7 0x00000000 False   [] []
  618 0x000009A2 0xFFFFFFE7 0x00000000 False   [] []
  619 0x000009A3 0xFFFFFFE7 0x00000000 False   [] []
  620 0x000009A4 0xFFFFFFE7 0x00000000 False   [] []
  621 0x000009A5 0xFFFFFFE7 0x00000000 False   [] []
  622 0x000009A6 0xFFFFFFE7 0x00000000 False   [] []
  623 0x000009A7 0xFFFFFFE7 0x00000001 False   [] [E]
  624 0x000009C0 0xFFFFFFE7 0x00000000 False   [] []
  625 0x000009C1 0xFFFFFFE7 0x00000000 False   [] []
  626 0x000009C2 0xFFFFFFE7 0x00000000 False   [] []
  627 0x000009C3 0xFFFFFFE7 0x00000000 False   [] []
  628 0x000009C4 0xFFFFFFE7 0x00000000 False   [] []
  629 0x000009C5 0xFFFFFFE7 0x00000000 False   [] []
  630 0x000009C6 0xFFFFFFE7 0x00000000 False   [] []
  631 0x000009C7 0xFFFFFFE7 0x00000001 False   [] [E]
  632 0x000009E0 0xFFFFFFE7 0x00000000 False   [] []
  633 0x000009E1 0xFFFFFFE7 0x00000000 False   [] []
  634 0x000009E2 0xFFFFFFE7 0x00000000 False   [] []
  635 0x000009E3 0xFFFFFFE7 0x00000000 False   [] []
  636 0x000009E4 0xFFFFFFE7 0x00000000 False   [] []
  637 0x000009E5 0xFFFFFFE7 0x00000000 False   [] []
  638 0x000009E6 0xFFFFFFE7 0x00000000 False   [] []
  639 0x000009E7 0xFFFFFFE7 0x00000001 False   [] [E]
  640 0x00000A00 0xFFFFFFE7 0x00000000 False   [] []
  641 0x00000A01 0xFFFFFFE7 0x00000000 False   [] []
  642 0x00000A02 0xFFFFFFE7 0x00000000 False   [] []
  643 0x00000A03 0xFFFFFFE7 0x00000000 False   [] []
  644 0x00000A04 0xFFFFFFE7 0x00000000 False   [] []
  645 0x00000A05 0xFFFFFFE7 0x00000000 False   [] []
  646 0x00000A06 0xFFFFFFE7 0x00000000 False   [] []
  647 0x00000A07 0xFFFFFFE7 0x00000001 False   [] [E]
  648 0x00000A20 0xFFFFFFE7 0x00000000 False   [] []
  649 0x00000A21 0xFFFFFFE7 0x00000000 False   [] []
  650 0x00000A22 0xFFFFFFE7 0x00000000 False   [] []
  651 0x00000A23 0xFFFFFFE7 0x00000000 False   [] []
  652 0x00000A24 0xFFFFFFE7 0x00000000 False   [] []
  653 0x00000A25 0xFFFFFFE7 0x00000000 False   [] []
  654 0x00000A26 0xFFFFFFE7 0x00000000 False   [] []
  655 0x00000A27 0xFFFFFFE7 0x00000001 False   [] [E]
  656 0x00000A40 0xFFFFFFE7 0x00000000 False   [] []
  657 0x00000A41 0xFFFFFFE7 0x00000000 False   [] []
  658 0x00000A42 0xFFFFFFE7 0x00000000 False   [] []
  659 0x00000A43 0xFFFFFFE7 0x00000000 False   [] []
  660 0x00000A44 0xFFFFFFE7 0x00000000 False   [] []
  661 0x00000A45 0xFFFFFFE7 0x00000000 False   [] []
  662 0x00000A46 0xFFFFFFE7 0x00000000 False   [] []
  663 0x00000A47 0xFFFFFFE7 0x00000001 False   [] [E]
  664 0x00000A60 0xFFFFFFE7 0x00000000 False   [] []
  665 0x00000A61 0xFFFFFFE7 0x00000000 False   [] []
  666 0x00000A62 0xFFFFFFE7 0x00000000 False   [] []
  667 0x00000A63 0xFFFFFFE7 0x00000000 False   [] []
  668 0x00000A64 0xFFFFFFE7 0x00000000 False   [] []
  669 0x00000A65 0xFFFFFFE7 0x00000000 False   [] []
  670 0x00000A66 0xFFFFFFE7 0x00000000 False   [] []
  671 0x00000A67 0xFFFFFFE7 0x00000001 False   [] [E]
  672 0x00000A80 0xFFFFFFE7 0x00000000 False   [] []
  673 0x00000A81 0xFFFFFFE7 0x00000000 False   [] []
  674 0x00000A82 0xFFFFFFE7 0x00000000 False   [] []
  675 0x00000A83 0xFFFFFFE7 0x00000000 False   [] []
  676 0x00000A84 0xFFFFFFE7 0x00000000 False   [] []
  677 0x00000A85 0xFFFFFFE7 0x00000000 False   [] []
  678 0x00000A86 0xFFFFFFE7 0x00000000 False   [] []
  679 0x00000A87 0xFFFFFFE7 0x00000001 False   [] [E]
  680 0x00000AA0 0xFFFFFFE7 0x00000000 False   [] []
  681 0x00000AA1 0xFFFFFFE7 0x00000000 False   [] []
  682 0x00000AA2 0xFFFFFFE7 0x00000000 False   [] []
  683 0x00000AA3 0xFFFFFFE7 0x00000000 False   [] []
  684 0x00000AA4 0xFFFFFFE7 0x00000000 False   [] []
  685 0x00000AA5 0xFFFFFFE7 0x00000000 False   [] []
  686 0x00000AA6 0xFFFFFFE7 0x00000000 False   [] []
  687 0x00000AA7 0xFFFFFFE7 0x00000001 False   [] [E]
  688 0x00000AC0 0xFFFFFFE7 0x00000000 False   [] []
  689 0x00000AC1 0xFFFFFFE7 0x00000000 False   [] []
  690 0x00000AC2 0xFFFFFFE7 0x00000000 False   [] []
  691 0x00000AC3 0xFFFFFFE7 0x00000000 False   [] []
  692 0x00000AC4 0xFFFFFFE7 0x00000000 False   [] []
  693 0x00000AC5 0xFFFFFFE7 0x00000000 False   [] []
  694 0x00000AC6 0xFFFFFFE7 0x00000000 False   [] []
  695 0x00000AC7 0xFFFFFFE7 0x00000001 False   [] [E]
  696 0x00000AE0 0xFFFFFFE7 0x00000000 False   [] []
  697 0x00000AE1 0xFFFFFFE7 0x00000000 False   [] []
  698 0x00000AE2 0xFFFFFFE7 0x00000000 False   [] []
  699 0x00000AE3 0xFFFFFFE7 0x00000000 False   [] []
  700 0x00000AE4 0xFFFFFFE7 0x00000000 False   [] []
  701 0x00000AE5 0xFFFFFFE7 0x00000000 False   [] []
  702 0x00000AE6 0xFFFFFFE7 0x00000000 False   [] []
  703 0x00000AE7 0xFFFFFFE7 0x00000001 False   [] [E]
  704 0x00000B00 0xFFFFFFE7 0x00000000 False   [] []
  705 0x00000B01 0xFFFFFFE7 0x00000000 False   [] []
  706 0x00000B02 0xFFFFFFE7 0x00000000 False   [] []
  707 0x00000B03 0xFFFFFFE7 0x00000000 False   [] []
  708 0x00000B04 0xFFFFFFE7 0x00000000 False   [] []
  709 0x00000B05 0xFFFFFFE7 0x00000000 False   [] []
  710 0x00000B06 0xFFFFFFE7 0x00000000 False   [] []
  711 0x00000B07 0xFFFFFFE7 0x00000001 False   [] [E]
  712 0x00000B20 0xFFFFFFE7 0x00000000 False   [] []
  713 0x00000B21 0xFFFFFFE7 0x00000000 False   [] []
  714 0x00000B22 0xFFFFFFE7 0x00000000 False   [] []
  715 0x00000B23 0xFFFFFFE7 0x00000000 False   [] []
  716 0x00000B24 0xFFFFFFE7 0x00000000 False   [] []
  717 0x00000B25 0xFFFFFFE7 0x00000000 False   [] []
  718 0x00000B26 0xFFFFFFE7 0x00000000 False   [] []
  719 0x00000B27 0xFFFFFFE7 0x00000001 False   [] [E]
  720 0x00000B40 0xFFFFFFE7 0x00000000 False   [] []
  721 0x00000B41 0xFFFFFFE7 0x00000000 False   [] []
  722 0x00000B42 0xFFFFFFE7 0x00000000 False   [] []
  723 0x00000B43 0xFFFFFFE7 0x00000000 False   [] []
  724 0x00000B44 0xFFFFFFE7 0x00000000 False   [] []
  725 0x00000B45 0xFFFFFFE7 0x00000000 False   [] []
  726 0x00000B46 0xFFFFFFE7 0x00000000 False   [] []
  727 0x00000B47 0xFFFFFFE7 0x00000001 False   [] [E]
  728 0x00000B60 0xFFFFFFE7 0x00000000 False   [] []
  729 0x00000B61 0xFFFFFFE7 0x00000000 False   [] []
  730 0x00000B62 0xFFFFFFE7 0x00000000 False   [] []
  731 0x00000B63 0xFFFFFFE7 0x00000000 False   [] []
  732 0x00000B64 0xFFFFFFE7 0x00000000 False   [] []
  733 0x00000B65 0xFFFFFFE7 0x00000000 False   [] []
  734 0x00000B66 0xFFFFFFE7 0x00000000 False   [] []
  735 0x00000B67 0xFFFFFFE7 0x00000001 False   [] [E]
  736 0x00000B80 0xFFFFFFE7 0x00000000 False   [] []
  737 0x00000B81 0xFFFFFFE7 0x00000000 False   [] []
  738 0x00000B82 0xFFFFFFE7 0x00000000 False   [] []
  739 0x00000B83 0xFFFFFFE7 0x00000000 False   [] []
  740 0x00000B84 0xFFFFFFE7 0x00000000 False   [] []
  741 0x00000B85 0xFFFFFFE7 0x00000000 False   [] []
  742 0x00000B86 0xFFFFFFE7 0x00000000 False   [] []
  743 0x00000B87 0xFFFFFFE7 0x00000001 False   [] [E]
  744 0x00000BA0 0xFFFFFFE7 0x00000000 False   [] []
  745 0x00000BA1 0xFFFFFFE7 0x00000000 False   [] []
  746 0x00000BA2 0xFFFFFFE7 0x00000000 False   [] []
  747 0x00000BA3 0xFFFFFFE7 0x00000000 False   [] []
  748 0x00000BA4 0xFFFFFFE7 0x00000000 False   [] []
  749 0x00000BA5 0xFFFFFFE7 0x00000000 False   [] []
  750 0x00000BA6 0xFFFFFFE7 0x00000000 False   [] []
  751 0x00000BA7 0xFFFFFFE7 0x00000001 False   [] [E]
  752 0x00000BC0 0xFFFFFFE7 0x00000000 False   [] []
  753 0x00000BC1 0xFFFFFFE7 0x00000000 False   [] []
  754 0x00000BC2 0xFFFFFFE7 0x00000000 False   [] []
  755 0x00000BC3 0xFFFFFFE7 0x00000000 False   [] []
  756 0x00000BC4 0xFFFFFFE7 0x00000000 False   [] []
  757 0x00000BC5 0xFFFFFFE7 0x00000000 False   [] []
  758 0x00000BC6 0xFFFFFFE7 0x00000000 False   [] []
  759 0x00000BC7 0xFFFFFFE7 0x00000001 False   [] [E]
  760 0x00000BE0 0xFFFFFFE7 0x00000000 False   [] []
  761 0x00000BE1 0xFFFFFFE7 0x00000000 False   [] []
  762 0x00000BE2 0xFFFFFFE7 0x00000000 False   [] []
  763 0x00000BE3 0xFFFFFFE7 0x00000000 False   [] []
  764 0x00000BE4 0xFFFFFFE7 0x00000000 False   [] []
  765 0x00000BE5 0xFFFFFFE7 0x00000000 False   [] []
  766 0x00000BE6 0xFFFFFFE7 0x00000000 False   [] []
  767 0x00000BE7 0xFFFFFFE7 0x00000001 False   [] [E]
  768 0x00000C00 0xFFFFFFE7 0x00000000 False   [] []
  769 0x00000C01 0xFFFFFFE7 0x00000000 False   [] []
  770 0x00000C02 0xFFFFFFE7 0x00000000 False   [] []
  771 0x00000C03 0xFFFFFFE7 0x00000000 False   [] []
  772 0x00000C04 0xFFFFFFE7 0x00000000 False   [] []
  773 0x00000C05 0xFFFFFFE7 0x00000000 False   [] []
  774 0x00000C06 0xFFFFFFE7 0x00000000 False   [] []
  775 0x00000C07 0xFFFFFFE7 0x00000001 False   [] [E]
  776 0x00000C20 0xFFFFFFE7 0x00000000 False   [] []
  777 0x00000C21 0xFFFFFFE7 0x00000000 False   [] []
  778 0x00000C22 0xFFFFFFE7 0x00000000 False   [] []
  779 0x00000C23 0xFFFFFFE7 0x00000000 False   [] []
  780 0x00000C24 0xFFFFFFE7 0x00000000 False   [] []
  781 0x00000C25 0xFFFFFFE7 0x00000000 False   [] []
  782 0x00000C26 0xFFFFFFE7 0x00000000 False   [] []
  783 0x00000C27 0xFFFFFFE7 0x00000001 False   [] [E]
  784 0x00000C40 0xFFFFFFE7 0x00000000 False   [] []
  785 0x00000C41 0xFFFFFFE7 0x00000000 False   [] []
  786 0x00000C42 0xFFFFFFE7 0x00000000 False   [] []
  787 0x00000C43 0xFFFFFFE7 0x00000000 False   [] []
  788 0x00000C44 0xFFFFFFE7 0x00000000 False   [] []
  789 0x00000C45 0xFFFFFFE7 0x00000000 False   [] []
  790 0x00000C46 0xFFFFFFE7 0x00000000 False   [] []
  791 0x00000C47 0xFFFFFFE7 0x00000001 False   [] [E]
  792 0x00000C60 0xFFFFFFE7 0x00000000 False   [] []
  793 0x00000C61 0xFFFFFFE7 0x00000000 False   [] []
  794 0x00000C62 0xFFFFFFE7 0x00000000 False   [] []
  795 0x00000C63 0xFFFFFFE7 0x00000000 False   [] []
  796 0x00000C64 0xFFFFFFE7 0x00000000 False   [] []
  797 0x00000C65 0xFFFFFFE7 0x00000000 False   [] []
  798 0x00000C66 0xFFFFFFE7 0x00000000 False   [] []
  799 0x00000C67 0xFFFFFFE7 0x00000001 False   [] [E]
  800 0x00000C80 0xFFFFFFE7 0x00000000 False   [] []
  801 0x00000C81 0xFFFFFFE7 0x00000000 False   [] []
  802 0x00000C82 0xFFFFFFE7 0x00000000 False   [] []
  803 0x00000C83 0xFFFFFFE7 0x00000000 False   [] []
  804 0x00000C84 0xFFFFFFE7 0x00000000 False   [] []
  805 0x00000C85 0xFFFFFFE7 0x00000000 False   [] []
  806 0x00000C86 0xFFFFFFE7 0x00000000 False   [] []
  807 0x00000C87 0xFFFFFFE7 0x00000001 False   [] [E]
  808 0x00000CA0 0xFFFFFFE7 0x00000000 False   [] []
  809 0x00000CA1 0xFFFFFFE7 0x00000000 False   [] []
  810 0x00000CA2 0xFFFFFFE7 0x00000000 False   [] []
  811 0x00000CA3 0xFFFFFFE7 0x00000000 False   [] []
  812 0x00000CA4 0xFFFFFFE7 0x00000000 False   [] []
  813 0x00000CA5 0xFFFFFFE7 0x00000000 False   [] []
  814 0x00000CA6 0xFFFFFFE7 0x00000000 False   [] []
  815 0x00000CA7 0xFFFFFFE7 0x00000001 False   [] [E]
  816 0x00000CC0 0xFFFFFFE7 0x00000000 False   [] []
  817 0x00000CC1 0xFFFFFFE7 0x00000000 False   [] []
  818 0x00000CC2 0xFFFFFFE7 0x00000000 False   [] []
  819 0x00000CC3 0xFFFFFFE7 0x00000000 False   [] []
  820 0x00000CC4 0xFFFFFFE7 0x00000000 False   [] []
  821 0x00000CC5 0xFFFFFFE7 0x00000000 False   [] []
  822 0x00000CC6 0xFFFFFFE7 0x00000000 False   [] []
  823 0x00000CC7 0xFFFFFFE7 0x00000001 False   [] [E]
  824 0x00000CE0 0xFFFFFFE7 0x00000000 False   [] []
  825 0x00000CE1 0xFFFFFFE7 0x00000000 False   [] []
  826 0x00000CE2 0xFFFFFFE7 0x00000000 False   [] []
  827 0x00000CE3 0xFFFFFFE7 0x00000000 False   [] []
  828 0x00000CE4 0xFFFFFFE7 0x00000000 False   [] []
  829 0x00000CE5 0xFFFFFFE7 0x00000000 False   [] []
  830 0x00000CE6 0xFFFFFFE7 0x00000000 False   [] []
  831 0x00000CE7 0xFFFFFFE7 0x00000001 False   [] [E]
  832 0x00000D00 0xFFFFFFE7 0x00000000 False   [] []
  833 0x00000D01 0xFFFFFFE7 0x00000000 False   [] []
  834 0x00000D02 0xFFFFFFE7 0x00000000 False   [] []
  835 0x00000D03 0xFFFFFFE7 0x00000000 False   [] []
  836 0x00000D04 0xFFFFFFE7 0x00000000 False   [] []
  837 0x00000D05 0xFFFFFFE7 0x00000000 False   [] []
  838 0x00000D06 0xFFFFFFE7 0x00000000 False   [] []
  839 0x00000D07 0xFFFFFFE7 0x00000001 False   [] [E]
  840 0x00000D20 0xFFFFFFE7 0x00000000 False   [] []
  841 0x00000D21 0xFFFFFFE7 0x00000000 False   [] []
  842 0x00000D22 0xFFFFFFE7 0x00000000 False   [] []
  843 0x00000D23 0xFFFFFFE7 0x00000000 False   [] []
  844 0x00000D24 0xFFFFFFE7 0x00000000 False   [] []
  845 0x00000D25 0xFFFFFFE7 0x00000000 False   [] []
  846 0x00000D26 0xFFFFFFE7 0x00000000 False   [] []
  847 0x00000D27 0xFFFFFFE7 0x00000001 False   [] [E]
  848 0x00000D40 0xFFFFFFE7 0x00000000 False   [] []
  849 0x00000D41 0xFFFFFFE7 0x00000000 False   [] []
  850 0x00000D42 0xFFFFFFE7 0x00000000 False   [] []
  851 0x00000D43 0xFFFFFFE7 0x00000000 False   [] []
  852 0x00000D44 0xFFFFFFE7 0x00000000 False   [] []
  853 0x00000D45 0xFFFFFFE7 0x00000000 False   [] []
  854 0x00000D46 0xFFFFFFE7 0x00000000 False   [] []
  855 0x00000D47 0xFFFFFFE7 0x00000001 False   [] [E]
  856 0x00000D60 0xFFFFFFE7 0x00000000 False   [] []
  857 0x00000D61 0xFFFFFFE7 0x00000000 False   [] []
  858 0x00000D62 0xFFFFFFE7 0x00000000 False   [] []
  859 0x00000D63 0xFFFFFFE7 0x00000000 False   [] []
  860 0x00000D64 0xFFFFFFE7 0x00000000 False   [] []
  861 0x00000D65 0xFFFFFFE7 0x00000000 False   [] []
  862 0x00000D66 0xFFFFFFE7 0x00000000 False   [] []
  863 0x00000D67 0xFFFFFFE7 0x00000001 False   [] [E]
  864 0x00000D80 0xFFFFFFE7 0x00000000 False   [] []
  865 0x00000D81 0xFFFFFFE7 0x00000000 False   [] []
  866 0x00000D82 0xFFFFFFE7 0x00000000 False   [] []
  867 0x00000D83 0xFFFFFFE7 0x00000000 False   [] []
  868 0x00000D84 0xFFFFFFE7 0x00000000 False   [] []
  869 0x00000D85 0xFFFFFFE7 0x00000000 False   [] []
  870 0x00000D86 0xFFFFFFE7 0x00000000 False   [] []
  871 0x00000D87 0xFFFFFFE7 0x00000001 False   [] [E]
  872 0x00000DA0 0xFFFFFFE7 0x00000000 False   [] []
  873 0x00000DA1 0xFFFFFFE7 0x00000000 False   [] []
  874 0x00000DA2 0xFFFFFFE7 0x00000000 False   [] []
  875 0x00000DA3 0xFFFFFFE7 0x00000000 False   [] []
  876 0x00000DA4 0xFFFFFFE7 0x00000000 False   [] []
  877 0x00000DA5 0xFFFFFFE7 0x00000000 False   [] []
  878 0x00000DA6 0xFFFFFFE7 0x00000000 False   [] []
  879 0x00000DA7 0xFFFFFFE7 0x00000001 False   [] [E]
  880 0x00000DC0 0xFFFFFFE7 0x00000000 False   [] []
  881 0x00000DC1 0xFFFFFFE7 0x00000000 False   [] []
  882 0x00000DC2 0xFFFFFFE7 0x00000000 False   [] []
  883 0x00000DC3 0xFFFFFFE7 0x00000000 False   [] []
  884 0x00000DC4 0xFFFFFFE7 0x00000000 False   [] []
  885 0x00000DC5 0xFFFFFFE7 0x00000000 False   [] []
  886 0x00000DC6 0xFFFFFFE7 0x00000000 False   [] []
  887 0x00000DC7 0xFFFFFFE7 0x00000001 False   [] [E]
  888 0x00000DE0 0xFFFFFFE7 0x00000000 False   [] []
  889 0x00000DE1 0xFFFFFFE7 0x00000000 False   [] []
  890 0x00000DE2 0xFFFFFFE7 0x00000000 False   [] []
  891 0x00000DE3 0xFFFFFFE7 0x00000000 False   [] []
  892 0x00000DE4 0xFFFFFFE7 0x00000000 False   [] []
  893 0x00000DE5 0xFFFFFFE7 0x00000000 False   [] []
  894 0x00000DE6 0xFFFFFFE7 0x00000000 False   [] []
  895 0x00000DE7 0xFFFFFFE7 0x00000001 False   [] [E]
  896 0x00000E00 0xFFFFFFE7 0x00000000 False   [] []
  897 0x00000E01 0xFFFFFFE7 0x00000000 False   [] []
  898 0x00000E02 0xFFFFFFE7 0x00000000 False   [] []
  899 0x00000E03 0xFFFFFFE7 0x00000000 False   [] []
  900 0x00000E04 0xFFFFFFE7 0x00000000 False   [] []
  901 0x00000E05 0xFFFFFFE7 0x00000000 False   [] []
  902 0x00000E06 0xFFFFFFE7 0x00000000 False   [] []
  903 0x00000E07 0xFFFFFFE7 0x00000001 False   [] [E]
  904 0x00000E20 0xFFFFFFE7 0x00000000 False   [] []
  905 0x00000E21 0xFFFFFFE7 0x00000000 False   [] []
  906 0x00000E22 0xFFFFFFE7 0x00000000 False   [] []
  907 0x00000E23 0xFFFFFFE7 0x00000000 False   [] []
  908 0x00000E24 0xFFFFFFE7 0x00000000 False   [] []
  909 0x00000E25 0xFFFFFFE7 0x00000000 False   [] []
  910 0x00000E26 0xFFFFFFE7 0x00000000 False   [] []
  911 0x00000E27 0xFFFFFFE7 0x00000001 False   [] [E]
  912 0x00000E40 0xFFFFFFE7 0x00000000 False   [] []
  913 0x00000E41 0xFFFFFFE7 0x00000000 False   [] []
  914 0x00000E42 0xFFFFFFE7 0x00000000 False   [] []
  915 0x00000E43 0xFFFFFFE7 0x00000000 False   [] []
  916 0x00000E44 0xFFFFFFE7 0x00000000 False   [] []
  917 0x00000E45 0xFFFFFFE7 0x00000000 False   [] []
  918 0x00000E46 0xFFFFFFE7 0x00000000 False   [] []
  919 0x00000E47 0xFFFFFFE7 0x00000001 False   [] [E]
  920 0x00000E60 0xFFFFFFE7 0x00000000 False   [] []
  921 0x00000E61 0xFFFFFFE7 0x00000000 False   [] []
  922 0x00000E62 0xFFFFFFE7 0x00000000 False   [] []
  923 0x00000E63 0xFFFFFFE7 0x00000000 False   [] []
  924 0x00000E64 0xFFFFFFE7 0x00000000 False   [] []
  925 0x00000E65 0xFFFFFFE7 0x00000000 False   [] []
  926 0x00000E66 0xFFFFFFE7 0x00000000 False   [] []
  927 0x00000E67 0xFFFFFFE7 0x00000001 False   [] [E]
  928 0x00000E80 0xFFFFFFE7 0x00000000 False   [] []
  929 0x00000E81 0xFFFFFFE7 0x00000000 False   [] []
  930 0x00000E82 0xFFFFFFE7 0x00000000 False   [] []
  931 0x00000E83 0xFFFFFFE7 0x00000000 False   [] []
  932 0x00000E84 0xFFFFFFE7 0x00000000 False   [] []
  933 0x00000E85 0xFFFFFFE7 0x00000000 False   [] []
  934 0x00000E86 0xFFFFFFE7 0x00000000 False   [] []
  935 0x00000E87 0xFFFFFFE7 0x00000001 False   [] [E]
  936 0x00000EA0 0xFFFFFFE7 0x00000000 False   [] []
  937 0x00000EA1 0xFFFFFFE7 0x00000000 False   [] []
  938 0x00000EA2 0xFFFFFFE7 0x00000000 False   [] []
  939 0x00000EA3 0xFFFFFFE7 0x00000000 False   [] []
  940 0x00000EA4 0xFFFFFFE7 0x00000000 False   [] []
  941 0x00000EA5 0xFFFFFFE7 0x00000000 False   [] []
  942 0x00000EA6 0xFFFFFFE7 0x00000000 False   [] []
  943 0x00000EA7 0xFFFFFFE7 0x00000001 False   [] [E]
  944 0x00000EC0 0xFFFFFFE7 0x00000000 False   [] []
  945 0x00000EC1 0xFFFFFFE7 0x00000000 False   [] []
  946 0x00000EC2 0xFFFFFFE7 0x00000000 False   [] []
  947 0x00000EC3 0xFFFFFFE7 0x00000000 False   [] []
  948 0x00000EC4 0xFFFFFFE7 0x00000000 False   [] []
  949 0x00000EC5 0xFFFFFFE7 0x00000000 False   [] []
  950 0x00000EC6 0xFFFFFFE7 0x00000000 False   [] []
  951 0x00000EC7 0xFFFFFFE7 0x00000001 False   [] [E]
  952 0x00000EE0 0xFFFFFFE7 0x00000000 False   [] []
  953 0x00000EE1 0xFFFFFFE7 0x00000000 False   [] []
  954 0x00000EE2 0xFFFFFFE7 0x00000000 False   [] []
  955 0x00000EE3 0xFFFFFFE7 0x00000000 False   [] []
  956 0x00000EE4 0xFFFFFFE7 0x00000000 False   [] []
  957 0x00000EE5 0xFFFFFFE7 0x00000000 False   [] []
  958 0x00000EE6 0xFFFFFFE7 0x00000000 False   [] []
  959 0x00000EE7 0xFFFFFFE7 0x00000001 False   [] [E]
  960 0x00000F00 0xFFFFFFE7 0x00000000 False   [] []
  961 0x00000F01 0xFFFFFFE7 0x00000000 False   [] []
  962 0x00000F02 0xFFFFFFE7 0x00000000 False   [] []
  963 0x00000F03 0xFFFFFFE7 0x00000000 False   [] []
  964 0x00000F04 0xFFFFFFE7 0x00000000 False   [] []
  965 0x00000F05 0xFFFFFFE7 0x00000000 False   [] []
  966 0x00000F06 0xFFFFFFE7 0x00000000 False   [] []
  967 0x00000F07 0xFFFFFFE7 0x00000001 False   [] [E]
  968 0x00000F20 0xFFFFFFE7 0x00000000 False   [] []
  969 0x00000F21 0xFFFFFFE7 0x00000000 False   [] []
  970 0x00000F22 0xFFFFFFE7 0x00000000 False   [] []
  971 0x00000F23 0xFFFFFFE7 0x00000000 False   [] []
  972 0x00000F24 0xFFFFFFE7 0x00000000 False   [] []
  973 0x00000F25 0xFFFFFFE7 0x00000000 False   [] []
  974 0x00000F26 0xFFFFFFE7 0x00000000 False   [] []
  975 0x00000F27 0xFFFFFFE7 0x00000001 False   [] [E]
  976 0x00000F40 0xFFFFFFE7 0x00000000 False   [] []
  977 0x00000F41 0xFFFFFFE7 0x00000000 False   [] []
  978 0x00000F42 0xFFFFFFE7 0x00000000 False   [] []
  979 0x00000F43 0xFFFFFFE7 0x00000000 False   [] []
  980 0x00000F44 0xFFFFFFE7 0x00000000 False   [] []
  981 0x00000F45 0xFFFFFFE7 0x00000000 False   [] []
  982 0x00000F46 0xFFFFFFE7 0x00000000 False   [] []
  983 0x00000F47 0xFFFFFFE7 0x00000001 False   [] [E]
  984 0x00000F60 0xFFFFFFE7 0x00000000 False   [] []
  985 0x00000F61 0xFFFFFFE7 0x00000000 False   [] []
  986 0x00000F62 0xFFFFFFE7 0x00000000 False   [] []
  987 0x00000F63 0xFFFFFFE7 0x00000000 False   [] []
  988 0x00000F64 0xFFFFFFE7 0x00000000 False   [] []
  989 0x00000F65 0xFFFFFFE7 0x00000000 False   [] []
  990 0x00000F66 0xFFFFFFE7 0x00000000 False   [] []
  991 0x00000F67 0xFFFFFFE7 0x00000001 False   [] [E]
  992 0x00000F80 0xFFFFFFE7 0x00000000 False   [] []
  993 0x00000F81 0xFFFFFFE7 0x00000000 False   [] []
  994 0x00000F82 0xFFFFFFE7 0x00000000 False   [] []
  995 0x00000F83 0xFFFFFFE7 0x00000000 False   [] []
  996 0x00000F84 0xFFFFFFE7 0x00000000 False   [] []
  997 0x00000F85 0xFFFFFFE7 0x00000000 False   [] []
  998 0x00000F86 0xFFFFFFE7 0x00000000 False   [] []
  999 0x00000F87 0xFFFFFFE7 0x00000001 False   [] [E]
 1000 0x00000FA0 0xFFFFFFE7 0x00000000 False   [] []
 1001 0x00000FA1 0xFFFFFFE7 0x00000000 False   [] []
 1002 0x00000FA2 0xFFFFFFE7 0x00000000 False   [] []
 1003 0x00000FA3 0xFFFFFFE7 0x00000000 False   [] []
 1004 0x00000FA4 0xFFFFFFE7 0x00000000 False   [] []
 1005 0x00000FA5 0xFFFFFFE7 0x00000000 False   [] []
 1006 0x00000FA6 0xFFFFFFE7 0x00000000 False   [] []
 1007 0x00000FA7 0xFFFFFFE7 0x00000001 False   [] [E]
 1008 0x00000FC0 0xFFFFFFE7 0x00000000 False   [] []
 1009 0x00000FC1 0xFFFFFFE7 0x00000000 False   [] []
 1010 0x00000FC2 0xFFFFFFE7 0x00000000 False   [] []
 1011 0x00000FC3 0xFFFFFFE7 0x00000000 False   [] []
 1012 0x00000FC4 0xFFFFFFE7 0x00000000 False   [] []
 1013 0x00000FC5 0xFFFFFFE7 0x00000000 False   [] []
 1014 0x00000FC6 0xFFFFFFE7 0x00000000 False   [] []
 1015 0x00000FC7 0xFFFFFFE7 0x00000001 False   [] [E]
 1016 0x00000FE0 0xFFFFFFE7 0x00000000 False   [] []
 1017 0x00000FE1 0xFFFFFFE7 0x00000000 False   [] []
 1018 0x00000FE2 0xFFFFFFE7 0x00000000 False   [] []
 1019 0x00000FE3 0xFFFFFFE7 0x00000000 False   [] []
 1020 0x00000FE4 0xFFFFFFE7 0x00000000 False   [] []
 1021 0x00000FE5 0xFFFFFFE7 0x00000000 False   [] []
 1022 0x00000FE6 0xFFFFFFE7 0x00000000 False   [] []
 1023 0x00000FE7 0xFFFFFFE7 0x00000001 False   [] [E]
 1024 0x00002000 0xFFFFFF00 0x00000020 False   [] [S]
 1025 0x00002100 0xFFFFFF80 0x00000020 False   [] [S]
 1026 0x00002180 0xFFFFFFC0 0x00000020 False   [] [S]
 1027 0x000021C0 0xFFFFFFC0 0x00000020 False   [] [S]
 1028 0x00002200 0xFFFFFF00 0x00000020 False   [] [S]
 1029 0x00002300 0xFFFFFF80 0x00000020 False   [] [S]
 1030 0x00002380 0xFFFFFFC0 0x00000020 False   [] [S]
 1031 0x000023C0 0xFFFFFFC0 0x00000020 False   [] [S]
 1032 0x00002400 0xFFFFFF00 0x00000020 False   [] [S]
 1033 0x00002500 0xFFFFFF80 0x00000020 False   [] [S]
 1034 0x00002580 0xFFFFFFE0 0x00000020 False   [] [S]
 1035 0x000025A0 0xFFFFFFE0 0x00000020 True    [] [S]
 1036 0x000025C0 0xFFFFFFC0 0x00000020 True    [] [S]
 1037 0x00002600 0xFFFFFF00 0x00000020 True    [] [S]
 1038 0x00002700 0xFFFFFF80 0x00000020 True    [] [S]
 1039 0x00002780 0xFFFFFFE0 0x00000020 True    [] [S]
 1040 0x000027A0 0xFFFFFFE0 0x00000020 False   [] [S]
 1041 0x000027C0 0xFFFFFFC0 0x00000020 False   [] [S]
 1042 0x00002800 0xFFFFFF00 0x00000020 False   [] [S]
 1043 0x00002900 0xFFFFFF80 0x00000020 False   [] [S]
 1044 0x00002980 0xFFFFFFE0 0x00000020 False   [] [S]
 1045 0x000029A0 0xFFFFFFE0 0x00000020 False   [] [S]
 1046 0x000029C0 0xFFFFFFC0 0x00000020 False   [] [S]
 1047 0x00002A00 0xFFFFFE00 0x00000020 False   [] [S]
 1048 0x00002C00 0xFFFFFF00 0x00000020 False   [] [S]
 1049 0x00002D00 0xFFFFFF80 0x00000020 False   [] [S]
 1050 0x00002D80 0xFFFFFFE0 0x00000020 False   [] [S]
 1051 0x00002DA0 0xFFFFFFE0 0x00000020 True    [] [S]
 1052 0x00002DC0 0xFFFFFFC0 0x00000020 True    [] [S]
 1053 0x00002E00 0xFFFFFE00 0x00000020 True    [] [S]
 1054 0xFFFFFF80 0xFFFFFFFF 0x00000020 False   [] [S]
 1055 0xFFFFFF81 0xFFFFFFFF 0x00000020 False   [] [S]
 1056 0xFFFFFF82 0xFFFFFFFF 0x00000020 False   [] [S]
 1057 0xFFFFFF83 0xFFFFFFFF 0x00000020 False   [] [S]
 1058 0xFFFFFE10 0xFFFFFFFF 0x00000020 False   [] [S]
 1059 0xFFFFFF90 0xFFFFFFFF 0x00000020 False   [] [S]
 1060 0xFFFFFF91 0xFFFFFFFF 0x00000020 False   [] [S]
 1061 0xFFFFFF92 0xFFFFFFFF 0x00000020 False   [] [S]
 1062 0xFFFFFF93 0xFFFFFFFF 0x00000020 False   [] [S]
 1063 0xFFFFFF94 0xFFFFFFFF 0x00000020 False   [] [S]
 1064 0xFFFFFF95 0xFFFFFFFF 0x00000020 False   [] [S]
 1065 0xFFFFFF96 0xFFFFFFFF 0x00000020 False   [] [S]
 1066 0xFFFFFF97 0xFFFFFFFF 0x00000020 False   [] [S]
 1067 0xFFFFFF10 0xFFFFFFFF 0x00000020 False   [] [S]
 1068 0xFFFFFF11 0xFFFFFFFF 0x00000020 False   [] [S]
 1069 0xFFFFFF12 0xFFFFFFFF 0x00000020 False   [] [S]
 1070 0xFFFFFF13 0xFFFFFFFF 0x00000020 False   [] [S]
 1071 0xFFFFFF14 0xFFFFFFFF 0x00000020 False   [] [S]
 1072 0xFFFFFF15 0xFFFFFFFF 0x00000020 False   [] [S]
 1073 0xFFFFFF16 0xFFFFFFFF 0x00000020 False   [] [S]
 1074 0xFFFFFF17 0xFFFFFFFF 0x00000020 False   [] [S]
 1075 0xFFFFFF20 0xFFFFFFFF 0x00000020 False   [] [S]
 1076 0xFFFFFF21 0xFFFFFFFF 0x00000020 False   [] [S]
 1077 0xFFFFFF22 0xFFFFFFFF 0x00000020 False   [] [S]
 1078 0xFFFFFF23 0xFFFFFFFF 0x00000020 False   [] [S]
 1079 0xFFFFFF24 0xFFFFFFFF 0x00000020 False   [] [S]
 1080 0xFFFFFF25 0xFFFFFFFF 0x00000020 False   [] [S]
 1081 0xFFFFFF26 0xFFFFFFFF 0x00000020 False   [] [S]
 1082 0xFFFFFF27 0xFFFFFFFF 0x00000020 False   [] [S]
 1083 0xFFFFFFB0 0xFFFFFFFF 0x00000020 False   [] [S]
 1084 0xFFFFFFB1 0xFFFFFFFF 0x00000020 False   [] [S]
 1085 0xFFFFFFB2 0xFFFFFFFF 0x00000020 False   [] [S]
 1086 0xFFFFFFB3 0xFFFFFFFF 0x00000020 False   [] [S]
 1087 0xFFFFFFB4 0xFFFFFFFF 0x00000020 False   [] [S]
 1088 0xFFFFFFB5 0xFFFFFFFF 0x00000020 False   [] [S]
 1089 0xFFFFFFB6 0xFFFFFFFF 0x00000020 False   [] [S]
 1090 0xFFFFFFB7 0xFFFFFFFF 0x00000020 False   [] [S]
 1091 0xFFFFFF30 0xFFFFFFFF 0x00000020 False   [] [S]
 1092 0xFFFFFF31 0xFFFFFFFF 0x00000020 False   [] [S]
 1093 0xFFFFFF32 0xFFFFFFFF 0x00000020 False   [] [S]
 1094 0xFFFFFF33 0xFFFFFFFF 0x00000020 False   [] [S]
 1095 0xFFFFFF34 0xFFFFFFFF 0x00000020 False   [] [S]
 1096 0xFFFFFF35 0xFFFFFFFF 0x00000020 False   [] [S]
 1097 0xFFFFFF36 0xFFFFFFFF 0x00000020 False   [] [S]
 1098 0xFFFFFF37 0xFFFFFFFF 0x00000020 False   [] [S]
 1099 0xFFFFFF40 0xFFFFFFFF 0x00000020 False   [] [S]
 1100 0xFFFFFF41 0xFFFFFFFF 0x00000020 False   [] [S]
 1101 0xFFFFFF42 0xFFFFFFFF 0x00000020 False   [] [S]
 1102 0xFFFFFF43 0xFFFFFFFF 0x00000020 False   [] [S]
 1103 0xFFFFFE11 0xFFFFFFFF 0x00000020 False   [] [S]
 1104 0xFFFFFF50 0xFFFFFFFF 0x00000020 False   [] [S]
 1105 0xFFFFFF60 0xFFFFFFFF 0x00000020 False   [] [S]
 1106 0xFFFFFF61 0xFFFFFFFF 0x00000020 False   [] [S]
 1107 0xFFFFFF62 0xFFFFFFFF 0x00000020 False   [] [S]
 1108 0xFFFFFF63 0xFFFFFFFF 0x00000020 False   [] [S]
 1109 0xFFFFFF70 0xFFFFFFFF 0x00000020 False   [] [S]
 1110 0xFFFFFF71 0xFFFFFFFF 0x00000020 False   [] [S]
 1111 0xFFFFFF72 0xFFFFFFFF 0x00000020 False   [] [S]
 1112 0xFFFFFF73 0xFFFFFFFF 0x00000020 False   [] [S]
 1113 0xFFFFFE02 0xFFFFFFFF 0x00000020 False   [] [S]
 1114 0xFFFFFE03 0xFFFFFFFF 0x00000020 False   [] [S]
8 Defaultable entries
