Router contains 256 entries
Index Key        Mask       Route      Default [Cores][Links]
----- ---------- ---------- ---------- ------- --------------
    0 0x00000000 0xFFFFFFE7 0x00000010 True    [] [SW]
    1 0x00000020 0xFFFFFFE7 0x00000010 True    [] [SW]
    2 0x00000040 0xFFFFFFE7 0x00000010 True    [] [SW]
    3 0x00000060 0xFFFFFFE7 0x00000010 True    [] [SW]
    4 0x00000080 0xFFFFFFE7 0x00000010 True    [] [SW]
    5 0x000000A0 0xFFFFFFE7 0x00000010 True    [] [SW]
    6 0x000000C0 0xFFFFFFE7 0x00000010 True    [] [SW]
    7 0x000000E0 0xFFFFFFE7 0x00000010 True    [] [SW]
    8 0x00000100 0xFFFFFFE7 0x00000010 True    [] [SW]
    9 0x00000120 0xFFFFFFE7 0x00000010 True    [] [SW]
   10 0x00000140 0xFFFFFFE7 0x00000010 True    [] [SW]
   11 0x00000160 0xFFFFFFE7 0x00000010 True    [] [SW]
   12 0x00000180 0xFFFFFFE7 0x00000010 True    [] [SW]
   13 0x000001A0 0xFFFFFFE7 0x00000010 True    [] [SW]
   14 0x000001C0 0xFFFFFFE7 0x00000010 True    [] [SW]
   15 0x000001E0 0xFFFFFFE7 0x00000010 True    [] [SW]
   16 0x00000200 0xFFFFFFE7 0x00000010 True    [] [SW]
   17 0x00000220 0xFFFFFFE7 0x00000010 True    [] [SW]
   18 0x00000240 0xFFFFFFE7 0x00000010 True    [] [SW]
   19 0x00000260 0xFFFFFFE7 0x00000010 True    [] [SW]
   20 0x00000280 0xFFFFFFE7 0x00000010 True    [] [SW]
   21 0x000002A0 0xFFFFFFE7 0x00000010 True    [] [SW]
   22 0x000002C0 0xFFFFFFE7 0x00000010 True    [] [SW]
   23 0x000002E0 0xFFFFFFE7 0x00000010 True    [] [SW]
   24 0x00000300 0xFFFFFFE7 0x00000010 True    [] [SW]
   25 0x00000320 0xFFFFFFE7 0x00000010 True    [] [SW]
   26 0x00000340 0xFFFFFFE7 0x00000010 True    [] [SW]
   27 0x00000360 0xFFFFFFE7 0x00000010 True    [] [SW]
   28 0x00000380 0xFFFFFFE7 0x00000010 True    [] [SW]
   29 0x000003A0 0xFFFFFFE7 0x00000010 True    [] [SW]
   30 0x000003C0 0xFFFFFFE7 0x00000010 True    [] [SW]
   31 0x000003E0 0xFFFFFFE7 0x00000010 True    [] [SW]
   32 0x00000400 0xFFFFFFE7 0x00000010 True    [] [SW]
   33 0x00000420 0xFFFFFFE7 0x00000010 True    [] [SW]
   34 0x00000440 0xFFFFFFE7 0x00000010 True    [] [SW]
   35 0x00000460 0xFFFFFFE7 0x00000010 True    [] [SW]
   36 0x00000480 0xFFFFFFE7 0x00000010 True    [] [SW]
   37 0x000004A0 0xFFFFFFE7 0x00000010 True    [] [SW]
   38 0x000004C0 0xFFFFFFE7 0x00000010 True    [] [SW]
   39 0x000004E0 0xFFFFFFE7 0x00000010 True    [] [SW]
   40 0x00000500 0xFFFFFFE7 0x00000010 True    [] [SW]
   41 0x00000520 0xFFFFFFE7 0x00000010 True    [] [SW]
   42 0x00000540 0xFFFFFFE7 0x00000010 True    [] [SW]
   43 0x00000560 0xFFFFFFE7 0x00000010 True    [] [SW]
   44 0x00000580 0xFFFFFFE7 0x00000010 True    [] [SW]
   45 0x000005A0 0xFFFFFFE7 0x00000010 True    [] [SW]
   46 0x000005C0 0xFFFFFFE7 0x00000010 True    [] [SW]
   47 0x000005E0 0xFFFFFFE7 0x00000010 True    [] [SW]
   48 0x00000600 0xFFFFFFE7 0x00000010 True    [] [SW]
   49 0x00000620 0xFFFFFFE7 0x00000010 True    [] [SW]
   50 0x00000640 0xFFFFFFE7 0x00000010 True    [] [SW]
   51 0x00000660 0xFFFFFFE7 0x00000010 True    [] [SW]
   52 0x00000680 0xFFFFFFE7 0x00000010 True    [] [SW]
   53 0x000006A0 0xFFFFFFE7 0x00000010 True    [] [SW]
   54 0x000006C0 0xFFFFFFE7 0x00000010 True    [] [SW]
   55 0x000006E0 0xFFFFFFE7 0x00000010 True    [] [SW]
   56 0x00000700 0xFFFFFFE7 0x00000010 True    [] [SW]
   57 0x00000720 0xFFFFFFE7 0x00000010 True    [] [SW]
   58 0x00000740 0xFFFFFFE7 0x00000010 True    [] [SW]
   59 0x00000760 0xFFFFFFE7 0x00000010 True    [] [SW]
   60 0x00000780 0xFFFFFFE7 0x00000010 True    [] [SW]
   61 0x000007A0 0xFFFFFFE7 0x00000010 True    [] [SW]
   62 0x000007C0 0xFFFFFFE7 0x00000010 True    [] [SW]
   63 0x000007E0 0xFFFFFFE7 0x00000010 True    [] [SW]
   64 0x00000800 0xFFFFFFE7 0x00000010 True    [] [SW]
   65 0x00000820 0xFFFFFFE7 0x00000010 True    [] [SW]
   66 0x00000840 0xFFFFFFE7 0x00000010 True    [] [SW]
   67 0x00000860 0xFFFFFFE7 0x00000010 True    [] [SW]
   68 0x00000880 0xFFFFFFE7 0x00000010 True    [] [SW]
   69 0x000008A0 0xFFFFFFE7 0x00000010 True    [] [SW]
   70 0x000008C0 0xFFFFFFE7 0x00000010 True    [] [SW]
   71 0x000008E0 0xFFFFFFE7 0x00000010 True    [] [SW]
   72 0x00000900 0xFFFFFFE7 0x00000010 True    [] [SW]
   73 0x00000920 0xFFFFFFE7 0x00000010 True    [] [SW]
   74 0x00000940 0xFFFFFFE7 0x00000010 True    [] [SW]
   75 0x00000960 0xFFFFFFE7 0x00000010 True    [] [SW]
   76 0x00000980 0xFFFFFFE7 0x00000010 True    [] [SW]
   77 0x000009A0 0xFFFFFFE7 0x00000010 True    [] [SW]
   78 0x000009C0 0xFFFFFFE7 0x00000010 True    [] [SW]
   79 0x000009E0 0xFFFFFFE7 0x00000010 True    [] [SW]
   80 0x00000A00 0xFFFFFFE7 0x00000010 True    [] [SW]
   81 0x00000A20 0xFFFFFFE7 0x00000010 True    [] [SW]
   82 0x00000A40 0xFFFFFFE7 0x00000010 True    [] [SW]
   83 0x00000A60 0xFFFFFFE7 0x00000010 True    [] [SW]
   84 0x00000A80 0xFFFFFFE7 0x00000010 True    [] [SW]
   85 0x00000AA0 0xFFFFFFE7 0x00000010 True    [] [SW]
   86 0x00000AC0 0xFFFFFFE7 0x00000010 True    [] [SW]
   87 0x00000AE0 0xFFFFFFE7 0x00000010 True    [] [SW]
   88 0x00000B00 0xFFFFFFE7 0x00000010 True    [] [SW]
   89 0x00000B20 0xFFFFFFE7 0x00000010 True    [] [SW]
   90 0x00000B40 0xFFFFFFE7 0x00000010 True    [] [SW]
   91 0x00000B60 0xFFFFFFE7 0x00000010 True    [] [SW]
   92 0x00000B80 0xFFFFFFE7 0x00000010 True    [] [SW]
   93 0x00000BA0 0xFFFFFFE7 0x00000010 True    [] [SW]
   94 0x00000BC0 0xFFFFFFE7 0x00000010 True    [] [SW]
   95 0x00000BE0 0xFFFFFFE7 0x00000010 True    [] [SW]
   96 0x00000C00 0xFFFFFFE7 0x00000010 True    [] [SW]
   97 0x00000C20 0xFFFFFFE7 0x00000010 True    [] [SW]
   98 0x00000C40 0xFFFFFFE7 0x00000010 True    [] [SW]
   99 0x00000C60 0xFFFFFFE7 0x00000010 True    [] [SW]
  100 0x00000C80 0xFFFFFFE7 0x00000010 True    [] [SW]
  101 0x00000CA0 0xFFFFFFE7 0x00000010 True    [] [SW]
  102 0x00000CC0 0xFFFFFFE7 0x00000010 True    [] [SW]
  103 0x00000CE0 0xFFFFFFE7 0x00000010 True    [] [SW]
  104 0x00000D00 0xFFFFFFE7 0x00000010 True    [] [SW]
  105 0x00000D20 0xFFFFFFE7 0x00000010 True    [] [SW]
  106 0x00000D40 0xFFFFFFE7 0x00000010 True    [] [SW]
  107 0x00000D60 0xFFFFFFE7 0x00000010 True    [] [SW]
  108 0x00000D80 0xFFFFFFE7 0x00000010 True    [] [SW]
  109 0x00000DA0 0xFFFFFFE7 0x00000010 True    [] [SW]
  110 0x00000DC0 0xFFFFFFE7 0x00000010 True    [] [SW]
  111 0x00000DE0 0xFFFFFFE7 0x00000010 True    [] [SW]
  112 0x00000E00 0xFFFFFFE7 0x00000010 True    [] [SW]
  113 0x00000E20 0xFFFFFFE7 0x00000010 True    [] [SW]
  114 0x00000E40 0xFFFFFFE7 0x00000010 True    [] [SW]
  115 0x00000E60 0xFFFFFFE7 0x00000010 True    [] [SW]
  116 0x00000E80 0xFFFFFFE7 0x00000010 True    [] [SW]
  117 0x00000EA0 0xFFFFFFE7 0x00000010 True    [] [SW]
  118 0x00000EC0 0xFFFFFFE7 0x00000010 True    [] [SW]
  119 0x00000EE0 0xFFFFFFE7 0x00000010 True    [] [SW]
  120 0x00000F00 0xFFFFFFE7 0x00000010 True    [] [SW]
  121 0x00000F20 0xFFFFFFE7 0x00000010 True    [] [SW]
  122 0x00000F40 0xFFFFFFE7 0x00000010 True    [] [SW]
  123 0x00000F60 0xFFFFFFE7 0x00000010 True    [] [SW]
  124 0x00000F80 0xFFFFFFE7 0x00000010 True    [] [SW]
  125 0x00000FA0 0xFFFFFFE7 0x00000010 True    [] [SW]
  126 0x00000FC0 0xFFFFFFE7 0x00000010 True    [] [SW]
  127 0x00000FE0 0xFFFFFFE7 0x00000010 True    [] [SW]
  128 0x00000001 0xFFFFFFE7 0x00000010 False   [] [SW]
  129 0x00000021 0xFFFFFFE7 0x00000010 False   [] [SW]
  130 0x00000041 0xFFFFFFE7 0x00000010 False   [] [SW]
  131 0x00000061 0xFFFFFFE7 0x00000010 False   [] [SW]
  132 0x00000081 0xFFFFFFE7 0x00000010 False   [] [SW]
  133 0x000000A1 0xFFFFFFE7 0x00000010 False   [] [SW]
  134 0x000000C1 0xFFFFFFE7 0x00000010 False   [] [SW]
  135 0x000000E1 0xFFFFFFE7 0x00000010 False   [] [SW]
  136 0x00000101 0xFFFFFFE7 0x00000010 False   [] [SW]
  137 0x00000121 0xFFFFFFE7 0x00000010 False   [] [SW]
  138 0x00000141 0xFFFFFFE7 0x00000010 False   [] [SW]
  139 0x00000161 0xFFFFFFE7 0x00000010 False   [] [SW]
  140 0x00000181 0xFFFFFFE7 0x00000010 False   [] [SW]
  141 0x000001A1 0xFFFFFFE7 0x00000010 False   [] [SW]
  142 0x000001C1 0xFFFFFFE7 0x00000010 False   [] [SW]
  143 0x000001E1 0xFFFFFFE7 0x00000010 False   [] [SW]
  144 0x00000201 0xFFFFFFE7 0x00000010 False   [] [SW]
  145 0x00000221 0xFFFFFFE7 0x00000010 False   [] [SW]
  146 0x00000241 0xFFFFFFE7 0x00000010 False   [] [SW]
  147 0x00000261 0xFFFFFFE7 0x00000010 False   [] [SW]
  148 0x00000281 0xFFFFFFE7 0x00000010 False   [] [SW]
  149 0x000002A1 0xFFFFFFE7 0x00000010 False   [] [SW]
  150 0x000002C1 0xFFFFFFE7 0x00000010 False   [] [SW]
  151 0x000002E1 0xFFFFFFE7 0x00000010 False   [] [SW]
  152 0x00000301 0xFFFFFFE7 0x00000010 False   [] [SW]
  153 0x00000321 0xFFFFFFE7 0x00000010 False   [] [SW]
  154 0x00000341 0xFFFFFFE7 0x00000010 False   [] [SW]
  155 0x00000361 0xFFFFFFE7 0x00000010 False   [] [SW]
  156 0x00000381 0xFFFFFFE7 0x00000010 False   [] [SW]
  157 0x000003A1 0xFFFFFFE7 0x00000010 False   [] [SW]
  158 0x000003C1 0xFFFFFFE7 0x00000010 False   [] [SW]
  159 0x000003E1 0xFFFFFFE7 0x00000010 False   [] [SW]
  160 0x00000401 0xFFFFFFE7 0x00000010 False   [] [SW]
  161 0x00000421 0xFFFFFFE7 0x00000010 False   [] [SW]
  162 0x00000441 0xFFFFFFE7 0x00000010 False   [] [SW]
  163 0x00000461 0xFFFFFFE7 0x00000010 False   [] [SW]
  164 0x00000481 0xFFFFFFE7 0x00000010 False   [] [SW]
  165 0x000004A1 0xFFFFFFE7 0x00000010 False   [] [SW]
  166 0x000004C1 0xFFFFFFE7 0x00000010 False   [] [SW]
  167 0x000004E1 0xFFFFFFE7 0x00000010 False   [] [SW]
  168 0x00000501 0xFFFFFFE7 0x00000010 False   [] [SW]
  169 0x00000521 0xFFFFFFE7 0x00000010 False   [] [SW]
  170 0x00000541 0xFFFFFFE7 0x00000010 False   [] [SW]
  171 0x00000561 0xFFFFFFE7 0x00000010 False   [] [SW]
  172 0x00000581 0xFFFFFFE7 0x00000010 False   [] [SW]
  173 0x000005A1 0xFFFFFFE7 0x00000010 False   [] [SW]
  174 0x000005C1 0xFFFFFFE7 0x00000010 False   [] [SW]
  175 0x000005E1 0xFFFFFFE7 0x00000010 False   [] [SW]
  176 0x00000601 0xFFFFFFE7 0x00000010 False   [] [SW]
  177 0x00000621 0xFFFFFFE7 0x00000010 False   [] [SW]
  178 0x00000641 0xFFFFFFE7 0x00000010 False   [] [SW]
  179 0x00000661 0xFFFFFFE7 0x00000010 False   [] [SW]
  180 0x00000681 0xFFFFFFE7 0x00000010 False   [] [SW]
  181 0x000006A1 0xFFFFFFE7 0x00000010 False   [] [SW]
  182 0x000006C1 0xFFFFFFE7 0x00000010 False   [] [SW]
  183 0x000006E1 0xFFFFFFE7 0x00000010 False   [] [SW]
  184 0x00000701 0xFFFFFFE7 0x00000010 False   [] [SW]
  185 0x00000721 0xFFFFFFE7 0x00000010 False   [] [SW]
  186 0x00000741 0xFFFFFFE7 0x00000010 False   [] [SW]
  187 0x00000761 0xFFFFFFE7 0x00000010 False   [] [SW]
  188 0x00000781 0xFFFFFFE7 0x00000010 False   [] [SW]
  189 0x000007A1 0xFFFFFFE7 0x00000010 False   [] [SW]
  190 0x000007C1 0xFFFFFFE7 0x00000010 False   [] [SW]
  191 0x000007E1 0xFFFFFFE7 0x00000010 False   [] [SW]
  192 0x00000801 0xFFFFFFE7 0x00000010 False   [] [SW]
  193 0x00000821 0xFFFFFFE7 0x00000010 False   [] [SW]
  194 0x00000841 0xFFFFFFE7 0x00000010 False   [] [SW]
  195 0x00000861 0xFFFFFFE7 0x00000010 False   [] [SW]
  196 0x00000881 0xFFFFFFE7 0x00000010 False   [] [SW]
  197 0x000008A1 0xFFFFFFE7 0x00000010 False   [] [SW]
  198 0x000008C1 0xFFFFFFE7 0x00000010 False   [] [SW]
  199 0x000008E1 0xFFFFFFE7 0x00000010 False   [] [SW]
  200 0x00000901 0xFFFFFFE7 0x00000010 False   [] [SW]
  201 0x00000921 0xFFFFFFE7 0x00000010 False   [] [SW]
  202 0x00000941 0xFFFFFFE7 0x00000010 False   [] [SW]
  203 0x00000961 0xFFFFFFE7 0x00000010 False   [] [SW]
  204 0x00000981 0xFFFFFFE7 0x00000010 False   [] [SW]
  205 0x000009A1 0xFFFFFFE7 0x00000010 False   [] [SW]
  206 0x000009C1 0xFFFFFFE7 0x00000010 False   [] [SW]
  207 0x000009E1 0xFFFFFFE7 0x00000010 False   [] [SW]
  208 0x00000A01 0xFFFFFFE7 0x00000010 False   [] [SW]
  209 0x00000A21 0xFFFFFFE7 0x00000010 False   [] [SW]
  210 0x00000A41 0xFFFFFFE7 0x00000010 False   [] [SW]
  211 0x00000A61 0xFFFFFFE7 0x00000010 False   [] [SW]
  212 0x00000A81 0xFFFFFFE7 0x00000010 False   [] [SW]
  213 0x00000AA1 0xFFFFFFE7 0x00000010 False   [] [SW]
  214 0x00000AC1 0xFFFFFFE7 0x00000010 False   [] [SW]
  215 0x00000AE1 0xFFFFFFE7 0x00000010 False   [] [SW]
  216 0x00000B01 0xFFFFFFE7 0x00000010 False   [] [SW]
  217 0x00000B21 0xFFFFFFE7 0x00000010 False   [] [SW]
  218 0x00000B41 0xFFFFFFE7 0x00000010 False   [] [SW]
  219 0x00000B61 0xFFFFFFE7 0x00000010 False   [] [SW]
  220 0x00000B81 0xFFFFFFE7 0x00000010 False   [] [SW]
  221 0x00000BA1 0xFFFFFFE7 0x00000010 False   [] [SW]
  222 0x00000BC1 0xFFFFFFE7 0x00000010 False   [] [SW]
  223 0x00000BE1 0xFFFFFFE7 0x00000010 False   [] [SW]
  224 0x00000C01 0xFFFFFFE7 0x00000010 False   [] [SW]
  225 0x00000C21 0xFFFFFFE7 0x00000010 False   [] [SW]
  226 0x00000C41 0xFFFFFFE7 0x00000010 False   [] [SW]
  227 0x00000C61 0xFFFFFFE7 0x00000010 False   [] [SW]
  228 0x00000C81 0xFFFFFFE7 0x00000010 False   [] [SW]
  229 0x00000CA1 0xFFFFFFE7 0x00000010 False   [] [SW]
  230 0x00000CC1 0xFFFFFFE7 0x00000010 False   [] [SW]
  231 0x00000CE1 0xFFFFFFE7 0x00000010 False   [] [SW]
  232 0x00000D01 0xFFFFFFE7 0x00000010 False   [] [SW]
  233 0x00000D21 0xFFFFFFE7 0x00000010 False   [] [SW]
  234 0x00000D41 0xFFFFFFE7 0x00000010 False   [] [SW]
  235 0x00000D61 0xFFFFFFE7 0x00000010 False   [] [SW]
  236 0x00000D81 0xFFFFFFE7 0x00000010 False   [] [SW]
  237 0x00000DA1 0xFFFFFFE7 0x00000010 False   [] [SW]
  238 0x00000DC1 0xFFFFFFE7 0x00000010 False   [] [SW]
  239 0x00000DE1 0xFFFFFFE7 0x00000010 False   [] [SW]
  240 0x00000E01 0xFFFFFFE7 0x00000010 False   [] [SW]
  241 0x00000E21 0xFFFFFFE7 0x00000010 False   [] [SW]
  242 0x00000E41 0xFFFFFFE7 0x00000010 False   [] [SW]
  243 0x00000E61 0xFFFFFFE7 0x00000010 False   [] [SW]
  244 0x00000E81 0xFFFFFFE7 0x00000010 False   [] [SW]
  245 0x00000EA1 0xFFFFFFE7 0x00000010 False   [] [SW]
  246 0x00000EC1 0xFFFFFFE7 0x00000010 False   [] [SW]
  247 0x00000EE1 0xFFFFFFE7 0x00000010 False   [] [SW]
  248 0x00000F01 0xFFFFFFE7 0x00000010 False   [] [SW]
  249 0x00000F21 0xFFFFFFE7 0x00000010 False   [] [SW]
  250 0x00000F41 0xFFFFFFE7 0x00000010 False   [] [SW]
  251 0x00000F61 0xFFFFFFE7 0x00000010 False   [] [SW]
  252 0x00000F81 0xFFFFFFE7 0x00000010 False   [] [SW]
  253 0x00000FA1 0xFFFFFFE7 0x00000010 False   [] [SW]
  254 0x00000FC1 0xFFFFFFE7 0x00000010 False   [] [SW]
  255 0x00000FE1 0xFFFFFFE7 0x00000010 False   [] [SW]
128 Defaultable entries
