Router contains 78 entries
Index Key        Mask       Route      Default [Cores][Links]
----- ---------- ---------- ---------- ------- --------------
    0 0x00000000 0xFFFFFFE7 0x00000008 True    [] [W]
    1 0x00000020 0xFFFFFFE7 0x00000008 True    [] [W]
    2 0x00000040 0xFFFFFFE7 0x00000008 True    [] [W]
    3 0x00000060 0xFFFFFFE7 0x00000008 True    [] [W]
    4 0x00000080 0xFFFFFFE7 0x00000008 True    [] [W]
    5 0x000000A0 0xFFFFFFE7 0x00000008 True    [] [W]
    6 0x000000C0 0xFFFFFFE7 0x00000008 True    [] [W]
    7 0x000000E0 0xFFFFFFE7 0x00000008 True    [] [W]
    8 0x00000100 0xFFFFFFE7 0x00000008 True    [] [W]
    9 0x00000120 0xFFFFFFE7 0x00000008 True    [] [W]
   10 0x00000140 0xFFFFFFE7 0x00000008 True    [] [W]
   11 0x00000160 0xFFFFFFE7 0x00000008 True    [] [W]
   12 0x00000180 0xFFFFFFE7 0x00000008 True    [] [W]
   13 0x00000001 0xFFFFFFE7 0x00000008 True    [] [W]
   14 0x00000021 0xFFFFFFE7 0x00000008 True    [] [W]
   15 0x00000041 0xFFFFFFE7 0x00000008 True    [] [W]
   16 0x00000061 0xFFFFFFE7 0x00000008 True    [] [W]
   17 0x00000081 0xFFFFFFE7 0x00000008 True    [] [W]
   18 0x000000A1 0xFFFFFFE7 0x00000008 True    [] [W]
   19 0x000000C1 0xFFFFFFE7 0x00000008 True    [] [W]
   20 0x000000E1 0xFFFFFFE7 0x00000008 True    [] [W]
   21 0x00000101 0xFFFFFFE7 0x00000008 True    [] [W]
   22 0x00000121 0xFFFFFFE7 0x00000008 True    [] [W]
   23 0x00000141 0xFFFFFFE7 0x00000008 True    [] [W]
   24 0x00000161 0xFFFFFFE7 0x00000008 True    [] [W]
   25 0x00000181 0xFFFFFFE7 0x00000008 True    [] [W]
   26 0x00000002 0xFFFFFFE7 0x00000008 True    [] [W]
   27 0x00000022 0xFFFFFFE7 0x00000008 True    [] [W]
   28 0x00000042 0xFFFFFFE7 0x00000008 True    [] [W]
   29 0x00000062 0xFFFFFFE7 0x00000008 True    [] [W]
   30 0x00000082 0xFFFFFFE7 0x00000008 True    [] [W]
   31 0x000000A2 0xFFFFFFE7 0x00000008 True    [] [W]
   32 0x000000C2 0xFFFFFFE7 0x00000008 True    [] [W]
   33 0x000000E2 0xFFFFFFE7 0x00000008 True    [] [W]
   34 0x00000102 0xFFFFFFE7 0x00000008 True    [] [W]
   35 0x00000122 0xFFFFFFE7 0x00000008 True    [] [W]
   36 0x00000142 0xFFFFFFE7 0x00000008 True    [] [W]
   37 0x00000162 0xFFFFFFE7 0x00000008 True    [] [W]
   38 0x00000182 0xFFFFFFE7 0x00000008 True    [] [W]
   39 0x00000003 0xFFFFFFE7 0x00000008 True    [] [W]
   40 0x00000023 0xFFFFFFE7 0x00000008 True    [] [W]
   41 0x00000043 0xFFFFFFE7 0x00000008 True    [] [W]
   42 0x00000063 0xFFFFFFE7 0x00000008 True    [] [W]
   43 0x00000083 0xFFFFFFE7 0x00000008 True    [] [W]
   44 0x000000A3 0xFFFFFFE7 0x00000008 True    [] [W]
   45 0x000000C3 0xFFFFFFE7 0x00000008 True    [] [W]
   46 0x000000E3 0xFFFFFFE7 0x00000008 True    [] [W]
   47 0x00000103 0xFFFFFFE7 0x00000008 True    [] [W]
   48 0x00000123 0xFFFFFFE7 0x00000008 True    [] [W]
   49 0x00000143 0xFFFFFFE7 0x00000008 True    [] [W]
   50 0x00000163 0xFFFFFFE7 0x00000008 True    [] [W]
   51 0x00000183 0xFFFFFFE7 0x00000008 True    [] [W]
   52 0x00000004 0xFFFFFFE7 0x00000008 True    [] [W]
   53 0x00000024 0xFFFFFFE7 0x00000008 True    [] [W]
   54 0x00000044 0xFFFFFFE7 0x00000008 True    [] [W]
   55 0x00000064 0xFFFFFFE7 0x00000008 True    [] [W]
   56 0x00000084 0xFFFFFFE7 0x00000008 True    [] [W]
   57 0x000000A4 0xFFFFFFE7 0x00000008 True    [] [W]
   58 0x000000C4 0xFFFFFFE7 0x00000008 True    [] [W]
   59 0x000000E4 0xFFFFFFE7 0x00000008 True    [] [W]
   60 0x00000104 0xFFFFFFE7 0x00000008 True    [] [W]
   61 0x00000124 0xFFFFFFE7 0x00000008 True    [] [W]
   62 0x00000144 0xFFFFFFE7 0x00000008 True    [] [W]
   63 0x00000164 0xFFFFFFE7 0x00000008 True    [] [W]
   64 0x00000184 0xFFFFFFE7 0x00000008 True    [] [W]
   65 0x00000005 0xFFFFFFE7 0x00000008 False   [] [W]
   66 0x00000025 0xFFFFFFE7 0x00000008 False   [] [W]
   67 0x00000045 0xFFFFFFE7 0x00000008 False   [] [W]
   68 0x00000065 0xFFFFFFE7 0x00000008 False   [] [W]
   69 0x00000085 0xFFFFFFE7 0x00000008 False   [] [W]
   70 0x000000A5 0xFFFFFFE7 0x00000008 False   [] [W]
   71 0x000000C5 0xFFFFFFE7 0x00000008 False   [] [W]
   72 0x000000E5 0xFFFFFFE7 0x00000008 False   [] [W]
   73 0x00000105 0xFFFFFFE7 0x00000008 False   [] [W]
   74 0x00000125 0xFFFFFFE7 0x00000008 False   [] [W]
   75 0x00000145 0xFFFFFFE7 0x00000008 False   [] [W]
   76 0x00000165 0xFFFFFFE7 0x00000008 False   [] [W]
   77 0x00000185 0xFFFFFFE7 0x00000008 False   [] [W]
65 Defaultable entries
