Router contains 39 entries
Index Key        Mask       Route      Default [Cores][Links]
----- ---------- ---------- ---------- ------- --------------
    0 0x00000000 0xFFFFFFE7 0x00000010 True    [] [SW]
    1 0x00000020 0xFFFFFFE7 0x00000010 True    [] [SW]
    2 0x00000040 0xFFFFFFE7 0x00000010 True    [] [SW]
    3 0x00000060 0xFFFFFFE7 0x00000010 True    [] [SW]
    4 0x00000080 0xFFFFFFE7 0x00000010 True    [] [SW]
    5 0x000000A0 0xFFFFFFE7 0x00000010 True    [] [SW]
    6 0x000000C0 0xFFFFFFE7 0x00000010 True    [] [SW]
    7 0x000000E0 0xFFFFFFE7 0x00000010 True    [] [SW]
    8 0x00000100 0xFFFFFFE7 0x00000010 True    [] [SW]
    9 0x00000120 0xFFFFFFE7 0x00000010 True    [] [SW]
   10 0x00000140 0xFFFFFFE7 0x00000010 True    [] [SW]
   11 0x00000160 0xFFFFFFE7 0x00000010 True    [] [SW]
   12 0x00000180 0xFFFFFFE7 0x00000010 True    [] [SW]
   13 0x00000001 0xFFFFFFE7 0x00000010 True    [] [SW]
   14 0x00000021 0xFFFFFFE7 0x00000010 True    [] [SW]
   15 0x00000041 0xFFFFFFE7 0x00000010 True    [] [SW]
   16 0x00000061 0xFFFFFFE7 0x00000010 True    [] [SW]
   17 0x00000081 0xFFFFFFE7 0x00000010 True    [] [SW]
   18 0x000000A1 0xFFFFFFE7 0x00000010 True    [] [SW]
   19 0x000000C1 0xFFFFFFE7 0x00000010 True    [] [SW]
   20 0x000000E1 0xFFFFFFE7 0x00000010 True    [] [SW]
   21 0x00000101 0xFFFFFFE7 0x00000010 True    [] [SW]
   22 0x00000121 0xFFFFFFE7 0x00000010 True    [] [SW]
   23 0x00000141 0xFFFFFFE7 0x00000010 True    [] [SW]
   24 0x00000161 0xFFFFFFE7 0x00000010 True    [] [SW]
   25 0x00000181 0xFFFFFFE7 0x00000010 True    [] [SW]
   26 0x00000002 0xFFFFFFE7 0x00000010 False   [] [SW]
   27 0x00000022 0xFFFFFFE7 0x00000010 False   [] [SW]
   28 0x00000042 0xFFFFFFE7 0x00000010 False   [] [SW]
   29 0x00000062 0xFFFFFFE7 0x00000010 False   [] [SW]
   30 0x00000082 0xFFFFFFE7 0x00000010 False   [] [SW]
   31 0x000000A2 0xFFFFFFE7 0x00000010 False   [] [SW]
   32 0x000000C2 0xFFFFFFE7 0x00000010 False   [] [SW]
   33 0x000000E2 0xFFFFFFE7 0x00000010 False   [] [SW]
   34 0x00000102 0xFFFFFFE7 0x00000010 False   [] [SW]
   35 0x00000122 0xFFFFFFE7 0x00000010 False   [] [SW]
   36 0x00000142 0xFFFFFFE7 0x00000010 False   [] [SW]
   37 0x00000162 0xFFFFFFE7 0x00000010 False   [] [SW]
   38 0x00000182 0xFFFFFFE7 0x00000010 False   [] [SW]
26 Defaultable entries
