Router contains 52 entries
Index Key        Mask       Route      Default [Cores][Links]
----- ---------- ---------- ---------- ------- --------------
    0 0x00000000 0xFFFFFFE7 0x00000008 False   [] [W]
    1 0x00000020 0xFFFFFFE7 0x00000008 False   [] [W]
    2 0x00000040 0xFFFFFFE7 0x00000008 False   [] [W]
    3 0x00000060 0xFFFFFFE7 0x00000008 False   [] [W]
    4 0x00000080 0xFFFFFFE7 0x00000008 False   [] [W]
    5 0x000000A0 0xFFFFFFE7 0x00000008 False   [] [W]
    6 0x000000C0 0xFFFFFFE7 0x00000008 False   [] [W]
    7 0x000000E0 0xFFFFFFE7 0x00000008 False   [] [W]
    8 0x00000100 0xFFFFFFE7 0x00000008 False   [] [W]
    9 0x00000120 0xFFFFFFE7 0x00000008 False   [] [W]
   10 0x00000140 0xFFFFFFE7 0x00000008 False   [] [W]
   11 0x00000160 0xFFFFFFE7 0x00000008 False   [] [W]
   12 0x00000180 0xFFFFFFE7 0x00000008 False   [] [W]
   13 0x00000001 0xFFFFFFE7 0x00000008 False   [] [W]
   14 0x00000021 0xFFFFFFE7 0x00000008 False   [] [W]
   15 0x00000041 0xFFFFFFE7 0x00000008 False   [] [W]
   16 0x00000061 0xFFFFFFE7 0x00000008 False   [] [W]
   17 0x00000081 0xFFFFFFE7 0x00000008 False   [] [W]
   18 0x000000A1 0xFFFFFFE7 0x00000008 False   [] [W]
   19 0x000000C1 0xFFFFFFE7 0x00000008 False   [] [W]
   20 0x000000E1 0xFFFFFFE7 0x00000008 False   [] [W]
   21 0x00000101 0xFFFFFFE7 0x00000008 False   [] [W]
   22 0x00000121 0xFFFFFFE7 0x00000008 False   [] [W]
   23 0x00000141 0xFFFFFFE7 0x00000008 False   [] [W]
   24 0x00000161 0xFFFFFFE7 0x00000008 False   [] [W]
   25 0x00000181 0xFFFFFFE7 0x00000008 False   [] [W]
   26 0x00000002 0xFFFFFFE7 0x00000008 False   [] [W]
   27 0x00000022 0xFFFFFFE7 0x00000008 False   [] [W]
   28 0x00000042 0xFFFFFFE7 0x00000008 False   [] [W]
   29 0x00000062 0xFFFFFFE7 0x00000008 False   [] [W]
   30 0x00000082 0xFFFFFFE7 0x00000008 False   [] [W]
   31 0x000000A2 0xFFFFFFE7 0x00000008 False   [] [W]
   32 0x000000C2 0xFFFFFFE7 0x00000008 False   [] [W]
   33 0x000000E2 0xFFFFFFE7 0x00000008 False   [] [W]
   34 0x00000102 0xFFFFFFE7 0x00000008 False   [] [W]
   35 0x00000122 0xFFFFFFE7 0x00000008 False   [] [W]
   36 0x00000142 0xFFFFFFE7 0x00000008 False   [] [W]
   37 0x00000162 0xFFFFFFE7 0x00000008 False   [] [W]
   38 0x00000182 0xFFFFFFE7 0x00000008 False   [] [W]
   39 0x00000003 0xFFFFFFE7 0x00000008 False   [] [W]
   40 0x00000023 0xFFFFFFE7 0x00000008 False   [] [W]
   41 0x00000043 0xFFFFFFE7 0x00000008 False   [] [W]
   42 0x00000063 0xFFFFFFE7 0x00000008 False   [] [W]
   43 0x00000083 0xFFFFFFE7 0x00000008 False   [] [W]
   44 0x000000A3 0xFFFFFFE7 0x00000008 False   [] [W]
   45 0x000000C3 0xFFFFFFE7 0x00000008 False   [] [W]
   46 0x000000E3 0xFFFFFFE7 0x00000008 False   [] [W]
   47 0x00000103 0xFFFFFFE7 0x00000008 False   [] [W]
   48 0x00000123 0xFFFFFFE7 0x00000008 False   [] [W]
   49 0x00000143 0xFFFFFFE7 0x00000008 False   [] [W]
   50 0x00000163 0xFFFFFFE7 0x00000008 False   [] [W]
   51 0x00000183 0xFFFFFFE7 0x00000008 False   [] [W]
0 Defaultable entries
