Router contains 37 entries
Index Key        Mask       Route      Default [Cores][Links]
----- ---------- ---------- ---------- ------- --------------
    0 0x00002040 0xFFFFFFE4 0x0000010C False   [2] [N, W]
    1 0x00002044 0xFFFFFFE4 0x00000104 False   [2] [N]
    2 0x00002060 0xFFFFFFE4 0x0000030C False   [2, 3] [N, W]
    3 0x00002064 0xFFFFFFE4 0x00000304 False   [2, 3] [N]
    4 0x00002080 0xFFFFFFE4 0x0000060C False   [3, 4] [N, W]
    5 0x00002084 0xFFFFFFE4 0x00000604 False   [3, 4] [N]
    6 0x000020A0 0xFFFFFFE4 0x00000C0C False   [4, 5] [N, W]
    7 0x000020A4 0xFFFFFFE4 0x00000C04 False   [4, 5] [N]
    8 0x000020C0 0xFFFFFFE4 0x0000180C False   [5, 6] [N, W]
    9 0x000020C4 0xFFFFFFE4 0x00001804 False   [5, 6] [N]
   10 0x000020E0 0xFFFFFFE4 0x0000300C False   [6, 7] [N, W]
   11 0x000020E4 0xFFFFFFE4 0x00003004 False   [6, 7] [N]
   12 0x00002100 0xFFFFFFE4 0x0000600C False   [8, 7] [N, W]
   13 0x00002104 0xFFFFFFE4 0x00006004 False   [8, 7] [N]
   14 0x00002120 0xFFFFFFE4 0x0000C00C False   [8, 9] [N, W]
   15 0x00002124 0xFFFFFFE4 0x0000C004 False   [8, 9] [N]
   16 0x00002140 0xFFFFFFE4 0x0001800C False   [9, 10] [N, W]
   17 0x00002144 0xFFFFFFE4 0x00018004 False   [9, 10] [N]
   18 0x00002160 0xFFFFFFE4 0x0003000C False   [10, 11] [N, W]
   19 0x00002164 0xFFFFFFE4 0x00030004 False   [10, 11] [N]
   20 0x00002180 0xFFFFFFE4 0x0006000C False   [11, 12] [N, W]
   21 0x00002184 0xFFFFFFE4 0x00060004 False   [11, 12] [N]
   22 0x000021A0 0xFFFFFFE4 0x000C000C False   [12, 13] [N, W]
   23 0x000021A4 0xFFFFFFE4 0x000C0004 False   [12, 13] [N]
   24 0x000021C0 0xFFFFFFE4 0x0018000C False   [13, 14] [N, W]
   25 0x000021C4 0xFFFFFFE4 0x00180004 False   [13, 14] [N]
   26 0x000021E0 0xFFFFFFE4 0x0030000C False   [14, 15] [N, W]
   27 0x000021E4 0xFFFFFFE4 0x00300004 False   [14, 15] [N]
   28 0x00002200 0xFFFFFFE4 0x0060000C False   [16, 15] [N, W]
   29 0x00002204 0xFFFFFFE4 0x00600004 False   [16, 15] [N]
   30 0x00002220 0xFFFFFFE4 0x00C0000C False   [16, 17] [N, W]
   31 0x00002224 0xFFFFFFE4 0x00C00004 False   [16, 17] [N]
   32 0x00002240 0xFFFFFFE4 0x0080000C False   [17] [N, W]
   33 0x00002244 0xFFFFFFE4 0x00800004 False   [17] [N]
   34 0x00008000 0xFFFFC000 0x00000008 False   [] [W]
   35 0x00000000 0xFFFFC004 0x0000000C False   [] [N, W]
   36 0x00000004 0xFFFFC004 0x00000004 False   [] [N]
0 Defaultable entries
