Router contains 59 entries
Index Key        Mask       Route      Default [Cores][Links]
----- ---------- ---------- ---------- ------- --------------
    0 0xFFFFFF80 0xFFFFFFFF 0x00000020 False   [] [S]
    1 0xFFFFFF81 0xFFFFFFFF 0x00000020 False   [] [S]
    2 0xFFFFFF82 0xFFFFFFFF 0x00000020 False   [] [S]
    3 0xFFFFFF83 0xFFFFFFFF 0x00000020 False   [] [S]
    4 0xFFFFFE10 0xFFFFFFFF 0x00000020 False   [] [S]
    5 0xFFFFFF90 0xFFFFFFFF 0x00000020 False   [] [S]
    6 0xFFFFFF91 0xFFFFFFFF 0x00000020 False   [] [S]
    7 0xFFFFFF92 0xFFFFFFFF 0x00000020 False   [] [S]
    8 0xFFFFFF93 0xFFFFFFFF 0x00000020 False   [] [S]
    9 0xFFFFFF94 0xFFFFFFFF 0x00000020 False   [] [S]
   10 0xFFFFFF95 0xFFFFFFFF 0x00000020 False   [] [S]
   11 0xFFFFFF96 0xFFFFFFFF 0x00000020 False   [] [S]
   12 0xFFFFFF97 0xFFFFFFFF 0x00000020 False   [] [S]
   13 0xFFFFFF10 0xFFFFFFFF 0x00000020 False   [] [S]
   14 0xFFFFFF11 0xFFFFFFFF 0x00000020 False   [] [S]
   15 0xFFFFFF12 0xFFFFFFFF 0x00000020 False   [] [S]
   16 0xFFFFFF13 0xFFFFFFFF 0x00000020 False   [] [S]
   17 0xFFFFFF14 0xFFFFFFFF 0x00000020 False   [] [S]
   18 0xFFFFFF15 0xFFFFFFFF 0x00000020 False   [] [S]
   19 0xFFFFFF16 0xFFFFFFFF 0x00000020 False   [] [S]
   20 0xFFFFFF17 0xFFFFFFFF 0x00000020 False   [] [S]
   21 0xFFFFFF20 0xFFFFFFFF 0x00000020 False   [] [S]
   22 0xFFFFFF21 0xFFFFFFFF 0x00000020 False   [] [S]
   23 0xFFFFFF22 0xFFFFFFFF 0x00000020 False   [] [S]
   24 0xFFFFFF23 0xFFFFFFFF 0x00000020 False   [] [S]
   25 0xFFFFFF24 0xFFFFFFFF 0x00000020 False   [] [S]
   26 0xFFFFFF25 0xFFFFFFFF 0x00000020 False   [] [S]
   27 0xFFFFFF26 0xFFFFFFFF 0x00000020 False   [] [S]
   28 0xFFFFFF27 0xFFFFFFFF 0x00000020 False   [] [S]
   29 0xFFFFFFB0 0xFFFFFFFF 0x00000020 False   [] [S]
   30 0xFFFFFFB1 0xFFFFFFFF 0x00000020 False   [] [S]
   31 0xFFFFFFB2 0xFFFFFFFF 0x00000020 False   [] [S]
   32 0xFFFFFFB3 0xFFFFFFFF 0x00000020 False   [] [S]
   33 0xFFFFFFB4 0xFFFFFFFF 0x00000020 False   [] [S]
   34 0xFFFFFFB5 0xFFFFFFFF 0x00000020 False   [] [S]
   35 0xFFFFFFB6 0xFFFFFFFF 0x00000020 False   [] [S]
   36 0xFFFFFFB7 0xFFFFFFFF 0x00000020 False   [] [S]
   37 0xFFFFFF30 0xFFFFFFFF 0x00000020 False   [] [S]
   38 0xFFFFFF31 0xFFFFFFFF 0x00000020 False   [] [S]
   39 0xFFFFFF32 0xFFFFFFFF 0x00000020 False   [] [S]
   40 0xFFFFFF33 0xFFFFFFFF 0x00000020 False   [] [S]
   41 0xFFFFFF34 0xFFFFFFFF 0x00000020 False   [] [S]
   42 0xFFFFFF35 0xFFFFFFFF 0x00000020 False   [] [S]
   43 0xFFFFFF36 0xFFFFFFFF 0x00000020 False   [] [S]
   44 0xFFFFFF37 0xFFFFFFFF 0x00000020 False   [] [S]
   45 0xFFFFFF40 0xFFFFFFFF 0x00000020 False   [] [S]
   46 0xFFFFFF41 0xFFFFFFFF 0x00000020 False   [] [S]
   47 0xFFFFFF42 0xFFFFFFFF 0x00000020 False   [] [S]
   48 0xFFFFFF43 0xFFFFFFFF 0x00000020 False   [] [S]
   49 0xFFFFFE11 0xFFFFFFFF 0x00000020 False   [] [S]
   50 0xFFFFFF50 0xFFFFFFFF 0x00000020 False   [] [S]
   51 0xFFFFFF60 0xFFFFFFFF 0x00000020 False   [] [S]
   52 0xFFFFFF61 0xFFFFFFFF 0x00000020 False   [] [S]
   53 0xFFFFFF62 0xFFFFFFFF 0x00000020 False   [] [S]
   54 0xFFFFFF63 0xFFFFFFFF 0x00000020 False   [] [S]
   55 0xFFFFFF70 0xFFFFFFFF 0x00000020 False   [] [S]
   56 0xFFFFFF71 0xFFFFFFFF 0x00000020 False   [] [S]
   57 0xFFFFFF72 0xFFFFFFFF 0x00000020 False   [] [S]
   58 0xFFFFFF73 0xFFFFFFFF 0x00000020 False   [] [S]
0 Defaultable entries
