Router contains 18 entries
Index Key        Mask       Route      Default [Cores][Links]
----- ---------- ---------- ---------- ------- --------------
    0 0x00000400 0xFFFFFFE0 0x00000208 False   [3] [W]
    1 0x00000420 0xFFFFFFE0 0x00000608 False   [3, 4] [W]
    2 0x00000440 0xFFFFFFE0 0x00000C08 False   [4, 5] [W]
    3 0x00000460 0xFFFFFFE0 0x00001808 False   [5, 6] [W]
    4 0x00000480 0xFFFFFFE0 0x00003008 False   [6, 7] [W]
    5 0x000004A0 0xFFFFFFE0 0x00006008 False   [8, 7] [W]
    6 0x000004C0 0xFFFFFFE0 0x0000C008 False   [8, 9] [W]
    7 0x000004E0 0xFFFFFFE0 0x00018008 False   [9, 10] [W]
    8 0x00000500 0xFFFFFFE0 0x00030008 False   [10, 11] [W]
    9 0x00000520 0xFFFFFFE0 0x00060008 False   [11, 12] [W]
   10 0x00000540 0xFFFFFFE0 0x000C0008 False   [12, 13] [W]
   11 0x00000560 0xFFFFFFE0 0x00180008 False   [13, 14] [W]
   12 0x00000580 0xFFFFFFE0 0x00300008 False   [14, 15] [W]
   13 0x000005A0 0xFFFFFFE0 0x00600008 False   [16, 15] [W]
   14 0x000005C0 0xFFFFFFE0 0x00400008 False   [16] [W]
   15 0x000003C0 0xFFFFFFC0 0x00000108 False   [2] [W]
   16 0x00008000 0xFFFFC000 0x00000010 False   [] [SW]
   17 0x00000000 0xFFFFC000 0x00000008 False   [] [W]
0 Defaultable entries
