Router contains 19 entries
Index Key        Mask       Route      Default [Cores][Links]
----- ---------- ---------- ---------- ------- --------------
    0 0x00001020 0xFFFFFFE0 0x00000100 False   [2] []
    1 0x00001040 0xFFFFFFE0 0x00000300 False   [2, 3] []
    2 0x00001060 0xFFFFFFE0 0x00000600 False   [3, 4] []
    3 0x00001080 0xFFFFFFE0 0x00000C00 False   [4, 5] []
    4 0x000010A0 0xFFFFFFE0 0x00001800 False   [5, 6] []
    5 0x000010C0 0xFFFFFFE0 0x00003000 False   [6, 7] []
    6 0x000010E0 0xFFFFFFE0 0x00006000 False   [8, 7] []
    7 0x00001100 0xFFFFFFE0 0x0000C000 False   [8, 9] []
    8 0x00001120 0xFFFFFFE0 0x00018000 False   [9, 10] []
    9 0x00001140 0xFFFFFFE0 0x00030000 False   [10, 11] []
   10 0x00001160 0xFFFFFFE0 0x00060000 False   [11, 12] []
   11 0x00001180 0xFFFFFFE0 0x000C0000 False   [12, 13] []
   12 0x000011A0 0xFFFFFFE0 0x00180000 False   [13, 14] []
   13 0x000011C0 0xFFFFFFE0 0x00300000 False   [14, 15] []
   14 0x000011E0 0xFFFFFFE0 0x00600000 False   [16, 15] []
   15 0x00001200 0xFFFFFFE0 0x00C00000 False   [16, 17] []
   16 0x00001220 0xFFFFFFE0 0x00800000 False   [17] []
   17 0x00008000 0xFFFFE000 0x00000020 False   [] [S]
   18 0x00000000 0xFFFFC000 0x00000000 False   [] []
0 Defaultable entries
