SpYNNakerNeuronGraphNetworkSpecificationReport skipped as cfg Reports:write_network_graph is False
Network Specification report took 0:00:00.000247 
Splitter reset took 0:00:00.000010 
Spynnaker splitter selector took 0:00:00.010563 
DelaySupportAdder took 0:00:00.000151 
SpynnakerSplitterPartitioner took 0:00:00.004607 
SpallocAllocator took 0:00:19.286484 
Machine generator took 0:00:14.528926 
Json machine skipped as cfg Reports:write_json_machine is False
Board chip report took 0:00:00.005270 
Command Sender Adder took 0:00:00.000669 
Split Live Gather Vertices took 0:00:00.000008 
Insert chip power monitors skipped as cfg Reports:write_energy_report is False
Insert extra monitor vertices took 0:00:00.000008 
Partitioner report took 0:00:00.002009 
Local TDMA builder took 0:00:00.000038 
Application Placer took 0:00:00.037312 
Placements wth application graph report took 0:00:00.009838 
Json placements skipped as cfg Reports:write_json_placements is False
System multicast routing generator took 0:00:00.018793 
Fixed route router took 0:00:00.044548 
Application Router took 0:00:00.405394 
Basic tag allocator took 0:00:00.002870 
Tag allocator report took 0:00:00.000171 
Zoned routing info allocator took 0:00:00.093667 
Router info report took 0:00:00.004207 
Merged routing table generator took 0:00:00.284827 
Uncompressed routing table report took 0:00:00.265560 
Router report skipped as cfg Reports:write_router_reports is False
Router summary report skipped as cfg Reports:write_router_summary_report is False
Json routing tables skipped as cfg Reports:write_json_routing_tables is False
Locate executable start type took 0:00:00.002478 
Buffer manager creator took 0:00:00.001305 
SDRAM outgoing partition allocator took 0:00:00.000066 
Write Neo Metadata took 0:00:00.000980 
Record vertex labels to database took 0:00:00.007025 
Routing setup took 0:00:00.037418 
Graph binary gatherer took 0:00:00.013709 
Pair on chip router compression took 0:00:02.578304 
Graph data specification writer took 0:00:00.572309 
Control Sync took 0:00:00.000160 
Load fixed routes took 0:00:00.212394 
Execute system data specification took 0:00:01.605891 
Load executable system Images took 0:00:01.694225 
Tags Loader took 0:00:00.022527 
Host data specification took 0:00:02.574885 
Neuron expander took 0:00:01.428845 
Synapse expander took 0:00:02.121878 
Finish connection holders took 0:00:00.000482 
Bitfield compressor report skipped as cfg Reports:write_bit_field_compressor_report is False
Tags from machine report took 0:00:00.014853 
Memory report skipped as cfg Reports:write_memory_map_report is False
Memory report skipped as cfg Reports:write_memory_map_report is False
Compressor report took 0:00:00.311172 
Fixed route report took 0:00:00.223047 
Load executable app images took 0:00:02.392796 
Sdram usage per chip report took 0:00:00.017782 
Drift report skipped as cfg Reports:write_drift_report_start is False
Create database interface took 0:00:00.065846 
Create notification protocol took 0:00:00.000401 
Runtime Update took 0:00:00.040978 
Application runner exited with KeyboardInterrupt after 0:00:13.219229
