Router contains 531 entries
Index Key        Mask       Route      Default [Cores][Links]
----- ---------- ---------- ---------- ------- --------------
    0 0x00000000 0xFFFFFF87 0x00000400 False   [4] []
    1 0x00000001 0xFFFFFF87 0x00000400 False   [4] []
    2 0x00000002 0xFFFFFF87 0x00000400 False   [4] []
    3 0x00000003 0xFFFFFF87 0x00000400 False   [4] []
    4 0x00000004 0xFFFFFF87 0x00000400 False   [4] []
    5 0x00000005 0xFFFFFF87 0x00000400 False   [4] []
    6 0x00000006 0xFFFFFF87 0x00000400 False   [4] []
    7 0x00000007 0xFFFFFF87 0x00000401 False   [4] [E]
    8 0x00000080 0xFFFFFF87 0x00000C00 False   [4, 5] []
    9 0x00000081 0xFFFFFF87 0x00000C00 False   [4, 5] []
   10 0x00000082 0xFFFFFF87 0x00000C00 False   [4, 5] []
   11 0x00000083 0xFFFFFF87 0x00000C00 False   [4, 5] []
   12 0x00000084 0xFFFFFF87 0x00000C00 False   [4, 5] []
   13 0x00000085 0xFFFFFF87 0x00000C00 False   [4, 5] []
   14 0x00000086 0xFFFFFF87 0x00000C00 False   [4, 5] []
   15 0x00000087 0xFFFFFF87 0x00000C01 False   [4, 5] [E]
   16 0x00000100 0xFFFFFF87 0x00001800 False   [5, 6] []
   17 0x00000101 0xFFFFFF87 0x00001800 False   [5, 6] []
   18 0x00000102 0xFFFFFF87 0x00001800 False   [5, 6] []
   19 0x00000103 0xFFFFFF87 0x00001800 False   [5, 6] []
   20 0x00000104 0xFFFFFF87 0x00001800 False   [5, 6] []
   21 0x00000105 0xFFFFFF87 0x00001800 False   [5, 6] []
   22 0x00000106 0xFFFFFF87 0x00001800 False   [5, 6] []
   23 0x00000107 0xFFFFFF87 0x00001801 False   [5, 6] [E]
   24 0x00000180 0xFFFFFF87 0x00003000 False   [6, 7] []
   25 0x00000181 0xFFFFFF87 0x00003000 False   [6, 7] []
   26 0x00000182 0xFFFFFF87 0x00003000 False   [6, 7] []
   27 0x00000183 0xFFFFFF87 0x00003000 False   [6, 7] []
   28 0x00000184 0xFFFFFF87 0x00003000 False   [6, 7] []
   29 0x00000185 0xFFFFFF87 0x00003000 False   [6, 7] []
   30 0x00000186 0xFFFFFF87 0x00003000 False   [6, 7] []
   31 0x00000187 0xFFFFFF87 0x00003001 False   [6, 7] [E]
   32 0x00000200 0xFFFFFF87 0x00006000 False   [7, 8] []
   33 0x00000201 0xFFFFFF87 0x00006000 False   [7, 8] []
   34 0x00000202 0xFFFFFF87 0x00006000 False   [7, 8] []
   35 0x00000203 0xFFFFFF87 0x00006000 False   [7, 8] []
   36 0x00000204 0xFFFFFF87 0x00006000 False   [7, 8] []
   37 0x00000205 0xFFFFFF87 0x00006000 False   [7, 8] []
   38 0x00000206 0xFFFFFF87 0x00006000 False   [7, 8] []
   39 0x00000207 0xFFFFFF87 0x00006001 False   [7, 8] [E]
   40 0x00000280 0xFFFFFF87 0x0000C000 False   [8, 9] []
   41 0x00000281 0xFFFFFF87 0x0000C000 False   [8, 9] []
   42 0x00000282 0xFFFFFF87 0x0000C000 False   [8, 9] []
   43 0x00000283 0xFFFFFF87 0x0000C000 False   [8, 9] []
   44 0x00000284 0xFFFFFF87 0x0000C000 False   [8, 9] []
   45 0x00000285 0xFFFFFF87 0x0000C000 False   [8, 9] []
   46 0x00000286 0xFFFFFF87 0x0000C000 False   [8, 9] []
   47 0x00000287 0xFFFFFF87 0x0000C001 False   [8, 9] [E]
   48 0x00000300 0xFFFFFF87 0x00018000 False   [9, 10] []
   49 0x00000301 0xFFFFFF87 0x00018000 False   [9, 10] []
   50 0x00000302 0xFFFFFF87 0x00018000 False   [9, 10] []
   51 0x00000303 0xFFFFFF87 0x00018000 False   [9, 10] []
   52 0x00000304 0xFFFFFF87 0x00018000 False   [9, 10] []
   53 0x00000305 0xFFFFFF87 0x00018000 False   [9, 10] []
   54 0x00000306 0xFFFFFF87 0x00018000 False   [9, 10] []
   55 0x00000307 0xFFFFFF87 0x00018001 False   [9, 10] [E]
   56 0x00000380 0xFFFFFF87 0x00030000 False   [10, 11] []
   57 0x00000381 0xFFFFFF87 0x00030000 False   [10, 11] []
   58 0x00000382 0xFFFFFF87 0x00030000 False   [10, 11] []
   59 0x00000383 0xFFFFFF87 0x00030000 False   [10, 11] []
   60 0x00000384 0xFFFFFF87 0x00030000 False   [10, 11] []
   61 0x00000385 0xFFFFFF87 0x00030000 False   [10, 11] []
   62 0x00000386 0xFFFFFF87 0x00030000 False   [10, 11] []
   63 0x00000387 0xFFFFFF87 0x00030001 False   [10, 11] [E]
   64 0x00000400 0xFFFFFF87 0x00060000 False   [11, 12] []
   65 0x00000401 0xFFFFFF87 0x00060000 False   [11, 12] []
   66 0x00000402 0xFFFFFF87 0x00060000 False   [11, 12] []
   67 0x00000403 0xFFFFFF87 0x00060000 False   [11, 12] []
   68 0x00000404 0xFFFFFF87 0x00060000 False   [11, 12] []
   69 0x00000405 0xFFFFFF87 0x00060000 False   [11, 12] []
   70 0x00000406 0xFFFFFF87 0x00060000 False   [11, 12] []
   71 0x00000407 0xFFFFFF87 0x00060001 False   [11, 12] [E]
   72 0x00000480 0xFFFFFF87 0x000C0000 False   [12, 13] []
   73 0x00000481 0xFFFFFF87 0x000C0000 False   [12, 13] []
   74 0x00000482 0xFFFFFF87 0x000C0000 False   [12, 13] []
   75 0x00000483 0xFFFFFF87 0x000C0000 False   [12, 13] []
   76 0x00000484 0xFFFFFF87 0x000C0000 False   [12, 13] []
   77 0x00000485 0xFFFFFF87 0x000C0000 False   [12, 13] []
   78 0x00000486 0xFFFFFF87 0x000C0000 False   [12, 13] []
   79 0x00000487 0xFFFFFF87 0x000C0001 False   [12, 13] [E]
   80 0x00000500 0xFFFFFF87 0x00180000 False   [13, 14] []
   81 0x00000501 0xFFFFFF87 0x00180000 False   [13, 14] []
   82 0x00000502 0xFFFFFF87 0x00180000 False   [13, 14] []
   83 0x00000503 0xFFFFFF87 0x00180000 False   [13, 14] []
   84 0x00000504 0xFFFFFF87 0x00180000 False   [13, 14] []
   85 0x00000505 0xFFFFFF87 0x00180000 False   [13, 14] []
   86 0x00000506 0xFFFFFF87 0x00180000 False   [13, 14] []
   87 0x00000507 0xFFFFFF87 0x00180001 False   [13, 14] [E]
   88 0x00000580 0xFFFFFF87 0x00300000 False   [14, 15] []
   89 0x00000581 0xFFFFFF87 0x00300000 False   [14, 15] []
   90 0x00000582 0xFFFFFF87 0x00300000 False   [14, 15] []
   91 0x00000583 0xFFFFFF87 0x00300000 False   [14, 15] []
   92 0x00000584 0xFFFFFF87 0x00300000 False   [14, 15] []
   93 0x00000585 0xFFFFFF87 0x00300000 False   [14, 15] []
   94 0x00000586 0xFFFFFF87 0x00300000 False   [14, 15] []
   95 0x00000587 0xFFFFFF87 0x00300001 False   [14, 15] [E]
   96 0x00000600 0xFFFFFF87 0x00600000 False   [15, 16] []
   97 0x00000601 0xFFFFFF87 0x00600000 False   [15, 16] []
   98 0x00000602 0xFFFFFF87 0x00600000 False   [15, 16] []
   99 0x00000603 0xFFFFFF87 0x00600000 False   [15, 16] []
  100 0x00000604 0xFFFFFF87 0x00600000 False   [15, 16] []
  101 0x00000605 0xFFFFFF87 0x00600000 False   [15, 16] []
  102 0x00000606 0xFFFFFF87 0x00600000 False   [15, 16] []
  103 0x00000607 0xFFFFFF87 0x00600001 False   [15, 16] [E]
  104 0x00000680 0xFFFFFF87 0x00C00000 False   [16, 17] []
  105 0x00000681 0xFFFFFF87 0x00C00000 False   [16, 17] []
  106 0x00000682 0xFFFFFF87 0x00C00000 False   [16, 17] []
  107 0x00000683 0xFFFFFF87 0x00C00000 False   [16, 17] []
  108 0x00000684 0xFFFFFF87 0x00C00000 False   [16, 17] []
  109 0x00000685 0xFFFFFF87 0x00C00000 False   [16, 17] []
  110 0x00000686 0xFFFFFF87 0x00C00000 False   [16, 17] []
  111 0x00000687 0xFFFFFF87 0x00C00001 False   [16, 17] [E]
  112 0x00000700 0xFFFFFF87 0x00800000 False   [17] []
  113 0x00000701 0xFFFFFF87 0x00800000 False   [17] []
  114 0x00000702 0xFFFFFF87 0x00800000 False   [17] []
  115 0x00000703 0xFFFFFF87 0x00800000 False   [17] []
  116 0x00000704 0xFFFFFF87 0x00800000 False   [17] []
  117 0x00000705 0xFFFFFF87 0x00800000 False   [17] []
  118 0x00000706 0xFFFFFF87 0x00800000 False   [17] []
  119 0x00000707 0xFFFFFF87 0x00800001 False   [17] [E]
  120 0x00000780 0xFFFFFF87 0x00000000 False   [] []
  121 0x00000781 0xFFFFFF87 0x00000000 False   [] []
  122 0x00000782 0xFFFFFF87 0x00000000 False   [] []
  123 0x00000783 0xFFFFFF87 0x00000000 False   [] []
  124 0x00000784 0xFFFFFF87 0x00000000 False   [] []
  125 0x00000785 0xFFFFFF87 0x00000000 False   [] []
  126 0x00000786 0xFFFFFF87 0x00000000 False   [] []
  127 0x00000787 0xFFFFFF87 0x00000001 False   [] [E]
  128 0x00000800 0xFFFFFF87 0x00000000 False   [] []
  129 0x00000801 0xFFFFFF87 0x00000000 False   [] []
  130 0x00000802 0xFFFFFF87 0x00000000 False   [] []
  131 0x00000803 0xFFFFFF87 0x00000000 False   [] []
  132 0x00000804 0xFFFFFF87 0x00000000 False   [] []
  133 0x00000805 0xFFFFFF87 0x00000000 False   [] []
  134 0x00000806 0xFFFFFF87 0x00000000 False   [] []
  135 0x00000807 0xFFFFFF87 0x00000001 False   [] [E]
  136 0x00000880 0xFFFFFF87 0x00000000 False   [] []
  137 0x00000881 0xFFFFFF87 0x00000000 False   [] []
  138 0x00000882 0xFFFFFF87 0x00000000 False   [] []
  139 0x00000883 0xFFFFFF87 0x00000000 False   [] []
  140 0x00000884 0xFFFFFF87 0x00000000 False   [] []
  141 0x00000885 0xFFFFFF87 0x00000000 False   [] []
  142 0x00000886 0xFFFFFF87 0x00000000 False   [] []
  143 0x00000887 0xFFFFFF87 0x00000001 False   [] [E]
  144 0x00000900 0xFFFFFF87 0x00000000 False   [] []
  145 0x00000901 0xFFFFFF87 0x00000000 False   [] []
  146 0x00000902 0xFFFFFF87 0x00000000 False   [] []
  147 0x00000903 0xFFFFFF87 0x00000000 False   [] []
  148 0x00000904 0xFFFFFF87 0x00000000 False   [] []
  149 0x00000905 0xFFFFFF87 0x00000000 False   [] []
  150 0x00000906 0xFFFFFF87 0x00000000 False   [] []
  151 0x00000907 0xFFFFFF87 0x00000001 False   [] [E]
  152 0x00000980 0xFFFFFF87 0x00000000 False   [] []
  153 0x00000981 0xFFFFFF87 0x00000000 False   [] []
  154 0x00000982 0xFFFFFF87 0x00000000 False   [] []
  155 0x00000983 0xFFFFFF87 0x00000000 False   [] []
  156 0x00000984 0xFFFFFF87 0x00000000 False   [] []
  157 0x00000985 0xFFFFFF87 0x00000000 False   [] []
  158 0x00000986 0xFFFFFF87 0x00000000 False   [] []
  159 0x00000987 0xFFFFFF87 0x00000001 False   [] [E]
  160 0x00000A00 0xFFFFFF87 0x00000000 False   [] []
  161 0x00000A01 0xFFFFFF87 0x00000000 False   [] []
  162 0x00000A02 0xFFFFFF87 0x00000000 False   [] []
  163 0x00000A03 0xFFFFFF87 0x00000000 False   [] []
  164 0x00000A04 0xFFFFFF87 0x00000000 False   [] []
  165 0x00000A05 0xFFFFFF87 0x00000000 False   [] []
  166 0x00000A06 0xFFFFFF87 0x00000000 False   [] []
  167 0x00000A07 0xFFFFFF87 0x00000001 False   [] [E]
  168 0x00000A80 0xFFFFFF87 0x00000000 False   [] []
  169 0x00000A81 0xFFFFFF87 0x00000000 False   [] []
  170 0x00000A82 0xFFFFFF87 0x00000000 False   [] []
  171 0x00000A83 0xFFFFFF87 0x00000000 False   [] []
  172 0x00000A84 0xFFFFFF87 0x00000000 False   [] []
  173 0x00000A85 0xFFFFFF87 0x00000000 False   [] []
  174 0x00000A86 0xFFFFFF87 0x00000000 False   [] []
  175 0x00000A87 0xFFFFFF87 0x00000001 False   [] [E]
  176 0x00000B00 0xFFFFFF87 0x00000000 False   [] []
  177 0x00000B01 0xFFFFFF87 0x00000000 False   [] []
  178 0x00000B02 0xFFFFFF87 0x00000000 False   [] []
  179 0x00000B03 0xFFFFFF87 0x00000000 False   [] []
  180 0x00000B04 0xFFFFFF87 0x00000000 False   [] []
  181 0x00000B05 0xFFFFFF87 0x00000000 False   [] []
  182 0x00000B06 0xFFFFFF87 0x00000000 False   [] []
  183 0x00000B07 0xFFFFFF87 0x00000001 False   [] [E]
  184 0x00000B80 0xFFFFFF87 0x00000000 False   [] []
  185 0x00000B81 0xFFFFFF87 0x00000000 False   [] []
  186 0x00000B82 0xFFFFFF87 0x00000000 False   [] []
  187 0x00000B83 0xFFFFFF87 0x00000000 False   [] []
  188 0x00000B84 0xFFFFFF87 0x00000000 False   [] []
  189 0x00000B85 0xFFFFFF87 0x00000000 False   [] []
  190 0x00000B86 0xFFFFFF87 0x00000000 False   [] []
  191 0x00000B87 0xFFFFFF87 0x00000001 False   [] [E]
  192 0x00000C00 0xFFFFFF87 0x00000000 False   [] []
  193 0x00000C01 0xFFFFFF87 0x00000000 False   [] []
  194 0x00000C02 0xFFFFFF87 0x00000000 False   [] []
  195 0x00000C03 0xFFFFFF87 0x00000000 False   [] []
  196 0x00000C04 0xFFFFFF87 0x00000000 False   [] []
  197 0x00000C05 0xFFFFFF87 0x00000000 False   [] []
  198 0x00000C06 0xFFFFFF87 0x00000000 False   [] []
  199 0x00000C07 0xFFFFFF87 0x00000001 False   [] [E]
  200 0x00000C80 0xFFFFFF87 0x00000000 False   [] []
  201 0x00000C81 0xFFFFFF87 0x00000000 False   [] []
  202 0x00000C82 0xFFFFFF87 0x00000000 False   [] []
  203 0x00000C83 0xFFFFFF87 0x00000000 False   [] []
  204 0x00000C84 0xFFFFFF87 0x00000000 False   [] []
  205 0x00000C85 0xFFFFFF87 0x00000000 False   [] []
  206 0x00000C86 0xFFFFFF87 0x00000000 False   [] []
  207 0x00000C87 0xFFFFFF87 0x00000001 False   [] [E]
  208 0x00000D00 0xFFFFFF87 0x00000000 False   [] []
  209 0x00000D01 0xFFFFFF87 0x00000000 False   [] []
  210 0x00000D02 0xFFFFFF87 0x00000000 False   [] []
  211 0x00000D03 0xFFFFFF87 0x00000000 False   [] []
  212 0x00000D04 0xFFFFFF87 0x00000000 False   [] []
  213 0x00000D05 0xFFFFFF87 0x00000000 False   [] []
  214 0x00000D06 0xFFFFFF87 0x00000000 False   [] []
  215 0x00000D07 0xFFFFFF87 0x00000001 False   [] [E]
  216 0x00000D80 0xFFFFFF87 0x00000000 False   [] []
  217 0x00000D81 0xFFFFFF87 0x00000000 False   [] []
  218 0x00000D82 0xFFFFFF87 0x00000000 False   [] []
  219 0x00000D83 0xFFFFFF87 0x00000000 False   [] []
  220 0x00000D84 0xFFFFFF87 0x00000000 False   [] []
  221 0x00000D85 0xFFFFFF87 0x00000000 False   [] []
  222 0x00000D86 0xFFFFFF87 0x00000000 False   [] []
  223 0x00000D87 0xFFFFFF87 0x00000001 False   [] [E]
  224 0x00000E00 0xFFFFFF87 0x00000000 False   [] []
  225 0x00000E01 0xFFFFFF87 0x00000000 False   [] []
  226 0x00000E02 0xFFFFFF87 0x00000000 False   [] []
  227 0x00000E03 0xFFFFFF87 0x00000000 False   [] []
  228 0x00000E04 0xFFFFFF87 0x00000000 False   [] []
  229 0x00000E05 0xFFFFFF87 0x00000000 False   [] []
  230 0x00000E06 0xFFFFFF87 0x00000000 False   [] []
  231 0x00000E07 0xFFFFFF87 0x00000001 False   [] [E]
  232 0x00000E80 0xFFFFFF87 0x00000000 False   [] []
  233 0x00000E81 0xFFFFFF87 0x00000000 False   [] []
  234 0x00000E82 0xFFFFFF87 0x00000000 False   [] []
  235 0x00000E83 0xFFFFFF87 0x00000000 False   [] []
  236 0x00000E84 0xFFFFFF87 0x00000000 False   [] []
  237 0x00000E85 0xFFFFFF87 0x00000000 False   [] []
  238 0x00000E86 0xFFFFFF87 0x00000000 False   [] []
  239 0x00000E87 0xFFFFFF87 0x00000001 False   [] [E]
  240 0x00000F00 0xFFFFFF87 0x00000000 False   [] []
  241 0x00000F01 0xFFFFFF87 0x00000000 False   [] []
  242 0x00000F02 0xFFFFFF87 0x00000000 False   [] []
  243 0x00000F03 0xFFFFFF87 0x00000000 False   [] []
  244 0x00000F04 0xFFFFFF87 0x00000000 False   [] []
  245 0x00000F05 0xFFFFFF87 0x00000000 False   [] []
  246 0x00000F06 0xFFFFFF87 0x00000000 False   [] []
  247 0x00000F07 0xFFFFFF87 0x00000001 False   [] [E]
  248 0x00000F80 0xFFFFFF87 0x00000000 False   [] []
  249 0x00000F81 0xFFFFFF87 0x00000000 False   [] []
  250 0x00000F82 0xFFFFFF87 0x00000000 False   [] []
  251 0x00000F83 0xFFFFFF87 0x00000000 False   [] []
  252 0x00000F84 0xFFFFFF87 0x00000000 False   [] []
  253 0x00000F85 0xFFFFFF87 0x00000000 False   [] []
  254 0x00000F86 0xFFFFFF87 0x00000000 False   [] []
  255 0x00000F87 0xFFFFFF87 0x00000001 False   [] [E]
  256 0x00001000 0xFFFFFF87 0x00000000 False   [] []
  257 0x00001001 0xFFFFFF87 0x00000000 False   [] []
  258 0x00001002 0xFFFFFF87 0x00000000 False   [] []
  259 0x00001003 0xFFFFFF87 0x00000000 False   [] []
  260 0x00001004 0xFFFFFF87 0x00000000 False   [] []
  261 0x00001005 0xFFFFFF87 0x00000000 False   [] []
  262 0x00001006 0xFFFFFF87 0x00000000 False   [] []
  263 0x00001007 0xFFFFFF87 0x00000001 False   [] [E]
  264 0x00001080 0xFFFFFF87 0x00000000 False   [] []
  265 0x00001081 0xFFFFFF87 0x00000000 False   [] []
  266 0x00001082 0xFFFFFF87 0x00000000 False   [] []
  267 0x00001083 0xFFFFFF87 0x00000000 False   [] []
  268 0x00001084 0xFFFFFF87 0x00000000 False   [] []
  269 0x00001085 0xFFFFFF87 0x00000000 False   [] []
  270 0x00001086 0xFFFFFF87 0x00000000 False   [] []
  271 0x00001087 0xFFFFFF87 0x00000001 False   [] [E]
  272 0x00001100 0xFFFFFF87 0x00000000 False   [] []
  273 0x00001101 0xFFFFFF87 0x00000000 False   [] []
  274 0x00001102 0xFFFFFF87 0x00000000 False   [] []
  275 0x00001103 0xFFFFFF87 0x00000000 False   [] []
  276 0x00001104 0xFFFFFF87 0x00000000 False   [] []
  277 0x00001105 0xFFFFFF87 0x00000000 False   [] []
  278 0x00001106 0xFFFFFF87 0x00000000 False   [] []
  279 0x00001107 0xFFFFFF87 0x00000001 False   [] [E]
  280 0x00001180 0xFFFFFF87 0x00000000 False   [] []
  281 0x00001181 0xFFFFFF87 0x00000000 False   [] []
  282 0x00001182 0xFFFFFF87 0x00000000 False   [] []
  283 0x00001183 0xFFFFFF87 0x00000000 False   [] []
  284 0x00001184 0xFFFFFF87 0x00000000 False   [] []
  285 0x00001185 0xFFFFFF87 0x00000000 False   [] []
  286 0x00001186 0xFFFFFF87 0x00000000 False   [] []
  287 0x00001187 0xFFFFFF87 0x00000001 False   [] [E]
  288 0x00001200 0xFFFFFF87 0x00000000 False   [] []
  289 0x00001201 0xFFFFFF87 0x00000000 False   [] []
  290 0x00001202 0xFFFFFF87 0x00000000 False   [] []
  291 0x00001203 0xFFFFFF87 0x00000000 False   [] []
  292 0x00001204 0xFFFFFF87 0x00000000 False   [] []
  293 0x00001205 0xFFFFFF87 0x00000000 False   [] []
  294 0x00001206 0xFFFFFF87 0x00000000 False   [] []
  295 0x00001207 0xFFFFFF87 0x00000001 False   [] [E]
  296 0x00001280 0xFFFFFF87 0x00000000 False   [] []
  297 0x00001281 0xFFFFFF87 0x00000000 False   [] []
  298 0x00001282 0xFFFFFF87 0x00000000 False   [] []
  299 0x00001283 0xFFFFFF87 0x00000000 False   [] []
  300 0x00001284 0xFFFFFF87 0x00000000 False   [] []
  301 0x00001285 0xFFFFFF87 0x00000000 False   [] []
  302 0x00001286 0xFFFFFF87 0x00000000 False   [] []
  303 0x00001287 0xFFFFFF87 0x00000001 False   [] [E]
  304 0x00001300 0xFFFFFF87 0x00000000 False   [] []
  305 0x00001301 0xFFFFFF87 0x00000000 False   [] []
  306 0x00001302 0xFFFFFF87 0x00000000 False   [] []
  307 0x00001303 0xFFFFFF87 0x00000000 False   [] []
  308 0x00001304 0xFFFFFF87 0x00000000 False   [] []
  309 0x00001305 0xFFFFFF87 0x00000000 False   [] []
  310 0x00001306 0xFFFFFF87 0x00000000 False   [] []
  311 0x00001307 0xFFFFFF87 0x00000001 False   [] [E]
  312 0x00001380 0xFFFFFF87 0x00000000 False   [] []
  313 0x00001381 0xFFFFFF87 0x00000000 False   [] []
  314 0x00001382 0xFFFFFF87 0x00000000 False   [] []
  315 0x00001383 0xFFFFFF87 0x00000000 False   [] []
  316 0x00001384 0xFFFFFF87 0x00000000 False   [] []
  317 0x00001385 0xFFFFFF87 0x00000000 False   [] []
  318 0x00001386 0xFFFFFF87 0x00000000 False   [] []
  319 0x00001387 0xFFFFFF87 0x00000001 False   [] [E]
  320 0x00001400 0xFFFFFF87 0x00000000 False   [] []
  321 0x00001401 0xFFFFFF87 0x00000000 False   [] []
  322 0x00001402 0xFFFFFF87 0x00000000 False   [] []
  323 0x00001403 0xFFFFFF87 0x00000000 False   [] []
  324 0x00001404 0xFFFFFF87 0x00000000 False   [] []
  325 0x00001405 0xFFFFFF87 0x00000000 False   [] []
  326 0x00001406 0xFFFFFF87 0x00000000 False   [] []
  327 0x00001407 0xFFFFFF87 0x00000001 False   [] [E]
  328 0x00001480 0xFFFFFF87 0x00000000 False   [] []
  329 0x00001481 0xFFFFFF87 0x00000000 False   [] []
  330 0x00001482 0xFFFFFF87 0x00000000 False   [] []
  331 0x00001483 0xFFFFFF87 0x00000000 False   [] []
  332 0x00001484 0xFFFFFF87 0x00000000 False   [] []
  333 0x00001485 0xFFFFFF87 0x00000000 False   [] []
  334 0x00001486 0xFFFFFF87 0x00000000 False   [] []
  335 0x00001487 0xFFFFFF87 0x00000001 False   [] [E]
  336 0x00001500 0xFFFFFF87 0x00000000 False   [] []
  337 0x00001501 0xFFFFFF87 0x00000000 False   [] []
  338 0x00001502 0xFFFFFF87 0x00000000 False   [] []
  339 0x00001503 0xFFFFFF87 0x00000000 False   [] []
  340 0x00001504 0xFFFFFF87 0x00000000 False   [] []
  341 0x00001505 0xFFFFFF87 0x00000000 False   [] []
  342 0x00001506 0xFFFFFF87 0x00000000 False   [] []
  343 0x00001507 0xFFFFFF87 0x00000001 False   [] [E]
  344 0x00001580 0xFFFFFF87 0x00000000 False   [] []
  345 0x00001581 0xFFFFFF87 0x00000000 False   [] []
  346 0x00001582 0xFFFFFF87 0x00000000 False   [] []
  347 0x00001583 0xFFFFFF87 0x00000000 False   [] []
  348 0x00001584 0xFFFFFF87 0x00000000 False   [] []
  349 0x00001585 0xFFFFFF87 0x00000000 False   [] []
  350 0x00001586 0xFFFFFF87 0x00000000 False   [] []
  351 0x00001587 0xFFFFFF87 0x00000001 False   [] [E]
  352 0x00001600 0xFFFFFF87 0x00000000 False   [] []
  353 0x00001601 0xFFFFFF87 0x00000000 False   [] []
  354 0x00001602 0xFFFFFF87 0x00000000 False   [] []
  355 0x00001603 0xFFFFFF87 0x00000000 False   [] []
  356 0x00001604 0xFFFFFF87 0x00000000 False   [] []
  357 0x00001605 0xFFFFFF87 0x00000000 False   [] []
  358 0x00001606 0xFFFFFF87 0x00000000 False   [] []
  359 0x00001607 0xFFFFFF87 0x00000001 False   [] [E]
  360 0x00001680 0xFFFFFF87 0x00000000 False   [] []
  361 0x00001681 0xFFFFFF87 0x00000000 False   [] []
  362 0x00001682 0xFFFFFF87 0x00000000 False   [] []
  363 0x00001683 0xFFFFFF87 0x00000000 False   [] []
  364 0x00001684 0xFFFFFF87 0x00000000 False   [] []
  365 0x00001685 0xFFFFFF87 0x00000000 False   [] []
  366 0x00001686 0xFFFFFF87 0x00000000 False   [] []
  367 0x00001687 0xFFFFFF87 0x00000001 False   [] [E]
  368 0x00001700 0xFFFFFF87 0x00000000 False   [] []
  369 0x00001701 0xFFFFFF87 0x00000000 False   [] []
  370 0x00001702 0xFFFFFF87 0x00000000 False   [] []
  371 0x00001703 0xFFFFFF87 0x00000000 False   [] []
  372 0x00001704 0xFFFFFF87 0x00000000 False   [] []
  373 0x00001705 0xFFFFFF87 0x00000000 False   [] []
  374 0x00001706 0xFFFFFF87 0x00000000 False   [] []
  375 0x00001707 0xFFFFFF87 0x00000001 False   [] [E]
  376 0x00001780 0xFFFFFF87 0x00000000 False   [] []
  377 0x00001781 0xFFFFFF87 0x00000000 False   [] []
  378 0x00001782 0xFFFFFF87 0x00000000 False   [] []
  379 0x00001783 0xFFFFFF87 0x00000000 False   [] []
  380 0x00001784 0xFFFFFF87 0x00000000 False   [] []
  381 0x00001785 0xFFFFFF87 0x00000000 False   [] []
  382 0x00001786 0xFFFFFF87 0x00000000 False   [] []
  383 0x00001787 0xFFFFFF87 0x00000001 False   [] [E]
  384 0x00001800 0xFFFFFF87 0x00000000 False   [] []
  385 0x00001801 0xFFFFFF87 0x00000000 False   [] []
  386 0x00001802 0xFFFFFF87 0x00000000 False   [] []
  387 0x00001803 0xFFFFFF87 0x00000000 False   [] []
  388 0x00001804 0xFFFFFF87 0x00000000 False   [] []
  389 0x00001805 0xFFFFFF87 0x00000000 False   [] []
  390 0x00001806 0xFFFFFF87 0x00000000 False   [] []
  391 0x00001807 0xFFFFFF87 0x00000001 False   [] [E]
  392 0x00001880 0xFFFFFF87 0x00000000 False   [] []
  393 0x00001881 0xFFFFFF87 0x00000000 False   [] []
  394 0x00001882 0xFFFFFF87 0x00000000 False   [] []
  395 0x00001883 0xFFFFFF87 0x00000000 False   [] []
  396 0x00001884 0xFFFFFF87 0x00000000 False   [] []
  397 0x00001885 0xFFFFFF87 0x00000000 False   [] []
  398 0x00001886 0xFFFFFF87 0x00000000 False   [] []
  399 0x00001887 0xFFFFFF87 0x00000001 False   [] [E]
  400 0x00001900 0xFFFFFF87 0x00000000 False   [] []
  401 0x00001901 0xFFFFFF87 0x00000000 False   [] []
  402 0x00001902 0xFFFFFF87 0x00000000 False   [] []
  403 0x00001903 0xFFFFFF87 0x00000000 False   [] []
  404 0x00001904 0xFFFFFF87 0x00000000 False   [] []
  405 0x00001905 0xFFFFFF87 0x00000000 False   [] []
  406 0x00001906 0xFFFFFF87 0x00000000 False   [] []
  407 0x00001907 0xFFFFFF87 0x00000001 False   [] [E]
  408 0x00001980 0xFFFFFF87 0x00000000 False   [] []
  409 0x00001981 0xFFFFFF87 0x00000000 False   [] []
  410 0x00001982 0xFFFFFF87 0x00000000 False   [] []
  411 0x00001983 0xFFFFFF87 0x00000000 False   [] []
  412 0x00001984 0xFFFFFF87 0x00000000 False   [] []
  413 0x00001985 0xFFFFFF87 0x00000000 False   [] []
  414 0x00001986 0xFFFFFF87 0x00000000 False   [] []
  415 0x00001987 0xFFFFFF87 0x00000001 False   [] [E]
  416 0x00001A00 0xFFFFFF87 0x00000000 False   [] []
  417 0x00001A01 0xFFFFFF87 0x00000000 False   [] []
  418 0x00001A02 0xFFFFFF87 0x00000000 False   [] []
  419 0x00001A03 0xFFFFFF87 0x00000000 False   [] []
  420 0x00001A04 0xFFFFFF87 0x00000000 False   [] []
  421 0x00001A05 0xFFFFFF87 0x00000000 False   [] []
  422 0x00001A06 0xFFFFFF87 0x00000000 False   [] []
  423 0x00001A07 0xFFFFFF87 0x00000001 False   [] [E]
  424 0x00001A80 0xFFFFFF87 0x00000000 False   [] []
  425 0x00001A81 0xFFFFFF87 0x00000000 False   [] []
  426 0x00001A82 0xFFFFFF87 0x00000000 False   [] []
  427 0x00001A83 0xFFFFFF87 0x00000000 False   [] []
  428 0x00001A84 0xFFFFFF87 0x00000000 False   [] []
  429 0x00001A85 0xFFFFFF87 0x00000000 False   [] []
  430 0x00001A86 0xFFFFFF87 0x00000000 False   [] []
  431 0x00001A87 0xFFFFFF87 0x00000001 False   [] [E]
  432 0x00001B00 0xFFFFFF87 0x00000000 False   [] []
  433 0x00001B01 0xFFFFFF87 0x00000000 False   [] []
  434 0x00001B02 0xFFFFFF87 0x00000000 False   [] []
  435 0x00001B03 0xFFFFFF87 0x00000000 False   [] []
  436 0x00001B04 0xFFFFFF87 0x00000000 False   [] []
  437 0x00001B05 0xFFFFFF87 0x00000000 False   [] []
  438 0x00001B06 0xFFFFFF87 0x00000000 False   [] []
  439 0x00001B07 0xFFFFFF87 0x00000001 False   [] [E]
  440 0x00001B80 0xFFFFFF87 0x00000000 False   [] []
  441 0x00001B81 0xFFFFFF87 0x00000000 False   [] []
  442 0x00001B82 0xFFFFFF87 0x00000000 False   [] []
  443 0x00001B83 0xFFFFFF87 0x00000000 False   [] []
  444 0x00001B84 0xFFFFFF87 0x00000000 False   [] []
  445 0x00001B85 0xFFFFFF87 0x00000000 False   [] []
  446 0x00001B86 0xFFFFFF87 0x00000000 False   [] []
  447 0x00001B87 0xFFFFFF87 0x00000001 False   [] [E]
  448 0x00001C00 0xFFFFFF87 0x00000000 False   [] []
  449 0x00001C01 0xFFFFFF87 0x00000000 False   [] []
  450 0x00001C02 0xFFFFFF87 0x00000000 False   [] []
  451 0x00001C03 0xFFFFFF87 0x00000000 False   [] []
  452 0x00001C04 0xFFFFFF87 0x00000000 False   [] []
  453 0x00001C05 0xFFFFFF87 0x00000000 False   [] []
  454 0x00001C06 0xFFFFFF87 0x00000000 False   [] []
  455 0x00001C07 0xFFFFFF87 0x00000001 False   [] [E]
  456 0x00001C80 0xFFFFFF87 0x00000000 False   [] []
  457 0x00001C81 0xFFFFFF87 0x00000000 False   [] []
  458 0x00001C82 0xFFFFFF87 0x00000000 False   [] []
  459 0x00001C83 0xFFFFFF87 0x00000000 False   [] []
  460 0x00001C84 0xFFFFFF87 0x00000000 False   [] []
  461 0x00001C85 0xFFFFFF87 0x00000000 False   [] []
  462 0x00001C86 0xFFFFFF87 0x00000000 False   [] []
  463 0x00001C87 0xFFFFFF87 0x00000001 False   [] [E]
  464 0x00001D00 0xFFFFFF87 0x00000000 False   [] []
  465 0x00001D01 0xFFFFFF87 0x00000000 False   [] []
  466 0x00001D02 0xFFFFFF87 0x00000000 False   [] []
  467 0x00001D03 0xFFFFFF87 0x00000000 False   [] []
  468 0x00001D04 0xFFFFFF87 0x00000000 False   [] []
  469 0x00001D05 0xFFFFFF87 0x00000000 False   [] []
  470 0x00001D06 0xFFFFFF87 0x00000000 False   [] []
  471 0x00001D07 0xFFFFFF87 0x00000001 False   [] [E]
  472 0xFFFFFF80 0xFFFFFFFF 0x00000020 False   [] [S]
  473 0xFFFFFF81 0xFFFFFFFF 0x00000020 False   [] [S]
  474 0xFFFFFF82 0xFFFFFFFF 0x00000020 False   [] [S]
  475 0xFFFFFF83 0xFFFFFFFF 0x00000020 False   [] [S]
  476 0xFFFFFE10 0xFFFFFFFF 0x00000020 False   [] [S]
  477 0xFFFFFF90 0xFFFFFFFF 0x00000020 False   [] [S]
  478 0xFFFFFF91 0xFFFFFFFF 0x00000020 False   [] [S]
  479 0xFFFFFF92 0xFFFFFFFF 0x00000020 False   [] [S]
  480 0xFFFFFF93 0xFFFFFFFF 0x00000020 False   [] [S]
  481 0xFFFFFF94 0xFFFFFFFF 0x00000020 False   [] [S]
  482 0xFFFFFF95 0xFFFFFFFF 0x00000020 False   [] [S]
  483 0xFFFFFF96 0xFFFFFFFF 0x00000020 False   [] [S]
  484 0xFFFFFF97 0xFFFFFFFF 0x00000020 False   [] [S]
  485 0xFFFFFF10 0xFFFFFFFF 0x00000020 False   [] [S]
  486 0xFFFFFF11 0xFFFFFFFF 0x00000020 False   [] [S]
  487 0xFFFFFF12 0xFFFFFFFF 0x00000020 False   [] [S]
  488 0xFFFFFF13 0xFFFFFFFF 0x00000020 False   [] [S]
  489 0xFFFFFF14 0xFFFFFFFF 0x00000020 False   [] [S]
  490 0xFFFFFF15 0xFFFFFFFF 0x00000020 False   [] [S]
  491 0xFFFFFF16 0xFFFFFFFF 0x00000020 False   [] [S]
  492 0xFFFFFF17 0xFFFFFFFF 0x00000020 False   [] [S]
  493 0xFFFFFF20 0xFFFFFFFF 0x00000020 False   [] [S]
  494 0xFFFFFF21 0xFFFFFFFF 0x00000020 False   [] [S]
  495 0xFFFFFF22 0xFFFFFFFF 0x00000020 False   [] [S]
  496 0xFFFFFF23 0xFFFFFFFF 0x00000020 False   [] [S]
  497 0xFFFFFF24 0xFFFFFFFF 0x00000020 False   [] [S]
  498 0xFFFFFF25 0xFFFFFFFF 0x00000020 False   [] [S]
  499 0xFFFFFF26 0xFFFFFFFF 0x00000020 False   [] [S]
  500 0xFFFFFF27 0xFFFFFFFF 0x00000020 False   [] [S]
  501 0xFFFFFFB0 0xFFFFFFFF 0x00000020 False   [] [S]
  502 0xFFFFFFB1 0xFFFFFFFF 0x00000020 False   [] [S]
  503 0xFFFFFFB2 0xFFFFFFFF 0x00000020 False   [] [S]
  504 0xFFFFFFB3 0xFFFFFFFF 0x00000020 False   [] [S]
  505 0xFFFFFFB4 0xFFFFFFFF 0x00000020 False   [] [S]
  506 0xFFFFFFB5 0xFFFFFFFF 0x00000020 False   [] [S]
  507 0xFFFFFFB6 0xFFFFFFFF 0x00000020 False   [] [S]
  508 0xFFFFFFB7 0xFFFFFFFF 0x00000020 False   [] [S]
  509 0xFFFFFF30 0xFFFFFFFF 0x00000020 False   [] [S]
  510 0xFFFFFF31 0xFFFFFFFF 0x00000020 False   [] [S]
  511 0xFFFFFF32 0xFFFFFFFF 0x00000020 False   [] [S]
  512 0xFFFFFF33 0xFFFFFFFF 0x00000020 False   [] [S]
  513 0xFFFFFF34 0xFFFFFFFF 0x00000020 False   [] [S]
  514 0xFFFFFF35 0xFFFFFFFF 0x00000020 False   [] [S]
  515 0xFFFFFF36 0xFFFFFFFF 0x00000020 False   [] [S]
  516 0xFFFFFF37 0xFFFFFFFF 0x00000020 False   [] [S]
  517 0xFFFFFF40 0xFFFFFFFF 0x00000020 False   [] [S]
  518 0xFFFFFF41 0xFFFFFFFF 0x00000020 False   [] [S]
  519 0xFFFFFF42 0xFFFFFFFF 0x00000020 False   [] [S]
  520 0xFFFFFF43 0xFFFFFFFF 0x00000020 False   [] [S]
  521 0xFFFFFE11 0xFFFFFFFF 0x00000020 False   [] [S]
  522 0xFFFFFF50 0xFFFFFFFF 0x00000020 False   [] [S]
  523 0xFFFFFF60 0xFFFFFFFF 0x00000020 False   [] [S]
  524 0xFFFFFF61 0xFFFFFFFF 0x00000020 False   [] [S]
  525 0xFFFFFF62 0xFFFFFFFF 0x00000020 False   [] [S]
  526 0xFFFFFF63 0xFFFFFFFF 0x00000020 False   [] [S]
  527 0xFFFFFF70 0xFFFFFFFF 0x00000020 False   [] [S]
  528 0xFFFFFF71 0xFFFFFFFF 0x00000020 False   [] [S]
  529 0xFFFFFF72 0xFFFFFFFF 0x00000020 False   [] [S]
  530 0xFFFFFF73 0xFFFFFFFF 0x00000020 False   [] [S]
0 Defaultable entries
