Router contains 19 entries
Index Key        Mask       Route      Default [Cores][Links]
----- ---------- ---------- ---------- ------- --------------
    0 0x0000A000 0xFFFFF800 0x00000008 False   [] [W]
    1 0x00002460 0xFFFFFFE0 0x0000010C False   [2] [N, W]
    2 0x00002480 0xFFFFFFE0 0x0000030C False   [2, 3] [N, W]
    3 0x000024A0 0xFFFFFFE0 0x0000060C False   [3, 4] [N, W]
    4 0x000024C0 0xFFFFFFE0 0x00000C0C False   [4, 5] [N, W]
    5 0x000024E0 0xFFFFFFE0 0x0000180C False   [5, 6] [N, W]
    6 0x00002500 0xFFFFFFE0 0x0000300C False   [6, 7] [N, W]
    7 0x00002520 0xFFFFFFE0 0x0000600C False   [8, 7] [N, W]
    8 0x00002540 0xFFFFFFE0 0x0000C00C False   [8, 9] [N, W]
    9 0x00002560 0xFFFFFFE0 0x0001800C False   [9, 10] [N, W]
   10 0x00002580 0xFFFFFFE0 0x0003000C False   [10, 11] [N, W]
   11 0x000025A0 0xFFFFFFE0 0x0006000C False   [11, 12] [N, W]
   12 0x000025C0 0xFFFFFFE0 0x000C000C False   [12, 13] [N, W]
   13 0x000025E0 0xFFFFFFE0 0x0018000C False   [13, 14] [N, W]
   14 0x00002600 0xFFFFFFE0 0x0030000C False   [14, 15] [N, W]
   15 0x00002620 0xFFFFFFE0 0x0060000C False   [16, 15] [N, W]
   16 0x00002640 0xFFFFFFE0 0x00C0000C False   [16, 17] [N, W]
   17 0x00002660 0xFFFFFFE0 0x0080000C False   [17] [N, W]
   18 0x00000000 0xFFFFC000 0x0000000C False   [] [N, W]
0 Defaultable entries
