Router contains 128 entries
Index Key        Mask       Route      Default [Cores][Links]
----- ---------- ---------- ---------- ------- --------------
    0 0x00000000 0xFFFFFCF3 0x00000010 False   [] [SW]
    1 0x00000010 0xFFFFFCF3 0x00000010 False   [] [SW]
    2 0x00000020 0xFFFFFCF3 0x00000010 False   [] [SW]
    3 0x00000030 0xFFFFFCF3 0x00000010 False   [] [SW]
    4 0x00000040 0xFFFFFCF3 0x00000010 False   [] [SW]
    5 0x00000050 0xFFFFFCF3 0x00000010 False   [] [SW]
    6 0x00000060 0xFFFFFCF3 0x00000010 False   [] [SW]
    7 0x00000070 0xFFFFFCF3 0x00000010 False   [] [SW]
    8 0x00000400 0xFFFFFCF3 0x00000010 False   [] [SW]
    9 0x00000410 0xFFFFFCF3 0x00000010 False   [] [SW]
   10 0x00000420 0xFFFFFCF3 0x00000010 False   [] [SW]
   11 0x00000430 0xFFFFFCF3 0x00000010 False   [] [SW]
   12 0x00000440 0xFFFFFCF3 0x00000010 False   [] [SW]
   13 0x00000450 0xFFFFFCF3 0x00000010 False   [] [SW]
   14 0x00000460 0xFFFFFCF3 0x00000010 False   [] [SW]
   15 0x00000470 0xFFFFFCF3 0x00000010 False   [] [SW]
   16 0x00000800 0xFFFFFCF3 0x00000010 False   [] [SW]
   17 0x00000810 0xFFFFFCF3 0x00000010 False   [] [SW]
   18 0x00000820 0xFFFFFCF3 0x00000010 False   [] [SW]
   19 0x00000830 0xFFFFFCF3 0x00000010 False   [] [SW]
   20 0x00000840 0xFFFFFCF3 0x00000010 False   [] [SW]
   21 0x00000850 0xFFFFFCF3 0x00000010 False   [] [SW]
   22 0x00000860 0xFFFFFCF3 0x00000010 False   [] [SW]
   23 0x00000870 0xFFFFFCF3 0x00000010 False   [] [SW]
   24 0x00000C00 0xFFFFFCF3 0x00000010 False   [] [SW]
   25 0x00000C10 0xFFFFFCF3 0x00000010 False   [] [SW]
   26 0x00000C20 0xFFFFFCF3 0x00000010 False   [] [SW]
   27 0x00000C30 0xFFFFFCF3 0x00000010 False   [] [SW]
   28 0x00000C40 0xFFFFFCF3 0x00000010 False   [] [SW]
   29 0x00000C50 0xFFFFFCF3 0x00000010 False   [] [SW]
   30 0x00000C60 0xFFFFFCF3 0x00000010 False   [] [SW]
   31 0x00000C70 0xFFFFFCF3 0x00000010 False   [] [SW]
   32 0x00001000 0xFFFFFCF3 0x00000010 False   [] [SW]
   33 0x00001010 0xFFFFFCF3 0x00000010 False   [] [SW]
   34 0x00001020 0xFFFFFCF3 0x00000010 False   [] [SW]
   35 0x00001030 0xFFFFFCF3 0x00000010 False   [] [SW]
   36 0x00001040 0xFFFFFCF3 0x00000010 False   [] [SW]
   37 0x00001050 0xFFFFFCF3 0x00000010 False   [] [SW]
   38 0x00001060 0xFFFFFCF3 0x00000010 False   [] [SW]
   39 0x00001070 0xFFFFFCF3 0x00000010 False   [] [SW]
   40 0x00001400 0xFFFFFCF3 0x00000010 False   [] [SW]
   41 0x00001410 0xFFFFFCF3 0x00000010 False   [] [SW]
   42 0x00001420 0xFFFFFCF3 0x00000010 False   [] [SW]
   43 0x00001430 0xFFFFFCF3 0x00000010 False   [] [SW]
   44 0x00001440 0xFFFFFCF3 0x00000010 False   [] [SW]
   45 0x00001450 0xFFFFFCF3 0x00000010 False   [] [SW]
   46 0x00001460 0xFFFFFCF3 0x00000010 False   [] [SW]
   47 0x00001470 0xFFFFFCF3 0x00000010 False   [] [SW]
   48 0x00001800 0xFFFFFCF3 0x00000010 False   [] [SW]
   49 0x00001810 0xFFFFFCF3 0x00000010 False   [] [SW]
   50 0x00001820 0xFFFFFCF3 0x00000010 False   [] [SW]
   51 0x00001830 0xFFFFFCF3 0x00000010 False   [] [SW]
   52 0x00001840 0xFFFFFCF3 0x00000010 False   [] [SW]
   53 0x00001850 0xFFFFFCF3 0x00000010 False   [] [SW]
   54 0x00001860 0xFFFFFCF3 0x00000010 False   [] [SW]
   55 0x00001870 0xFFFFFCF3 0x00000010 False   [] [SW]
   56 0x00001C00 0xFFFFFCF3 0x00000010 False   [] [SW]
   57 0x00001C10 0xFFFFFCF3 0x00000010 False   [] [SW]
   58 0x00001C20 0xFFFFFCF3 0x00000010 False   [] [SW]
   59 0x00001C30 0xFFFFFCF3 0x00000010 False   [] [SW]
   60 0x00001C40 0xFFFFFCF3 0x00000010 False   [] [SW]
   61 0x00001C50 0xFFFFFCF3 0x00000010 False   [] [SW]
   62 0x00001C60 0xFFFFFCF3 0x00000010 False   [] [SW]
   63 0x00001C70 0xFFFFFCF3 0x00000010 False   [] [SW]
   64 0x00002000 0xFFFFFCF3 0x00000010 False   [] [SW]
   65 0x00002010 0xFFFFFCF3 0x00000010 False   [] [SW]
   66 0x00002020 0xFFFFFCF3 0x00000010 False   [] [SW]
   67 0x00002030 0xFFFFFCF3 0x00000010 False   [] [SW]
   68 0x00002040 0xFFFFFCF3 0x00000010 False   [] [SW]
   69 0x00002050 0xFFFFFCF3 0x00000010 False   [] [SW]
   70 0x00002060 0xFFFFFCF3 0x00000010 False   [] [SW]
   71 0x00002070 0xFFFFFCF3 0x00000010 False   [] [SW]
   72 0x00002400 0xFFFFFCF3 0x00000010 False   [] [SW]
   73 0x00002410 0xFFFFFCF3 0x00000010 False   [] [SW]
   74 0x00002420 0xFFFFFCF3 0x00000010 False   [] [SW]
   75 0x00002430 0xFFFFFCF3 0x00000010 False   [] [SW]
   76 0x00002440 0xFFFFFCF3 0x00000010 False   [] [SW]
   77 0x00002450 0xFFFFFCF3 0x00000010 False   [] [SW]
   78 0x00002460 0xFFFFFCF3 0x00000010 False   [] [SW]
   79 0x00002470 0xFFFFFCF3 0x00000010 False   [] [SW]
   80 0x00002800 0xFFFFFCF3 0x00000010 False   [] [SW]
   81 0x00002810 0xFFFFFCF3 0x00000010 False   [] [SW]
   82 0x00002820 0xFFFFFCF3 0x00000010 False   [] [SW]
   83 0x00002830 0xFFFFFCF3 0x00000010 False   [] [SW]
   84 0x00002840 0xFFFFFCF3 0x00000010 False   [] [SW]
   85 0x00002850 0xFFFFFCF3 0x00000010 False   [] [SW]
   86 0x00002860 0xFFFFFCF3 0x00000010 False   [] [SW]
   87 0x00002870 0xFFFFFCF3 0x00000010 False   [] [SW]
   88 0x00002C00 0xFFFFFCF3 0x00000010 False   [] [SW]
   89 0x00002C10 0xFFFFFCF3 0x00000010 False   [] [SW]
   90 0x00002C20 0xFFFFFCF3 0x00000010 False   [] [SW]
   91 0x00002C30 0xFFFFFCF3 0x00000010 False   [] [SW]
   92 0x00002C40 0xFFFFFCF3 0x00000010 False   [] [SW]
   93 0x00002C50 0xFFFFFCF3 0x00000010 False   [] [SW]
   94 0x00002C60 0xFFFFFCF3 0x00000010 False   [] [SW]
   95 0x00002C70 0xFFFFFCF3 0x00000010 False   [] [SW]
   96 0x00003000 0xFFFFFCF3 0x00000010 False   [] [SW]
   97 0x00003010 0xFFFFFCF3 0x00000010 False   [] [SW]
   98 0x00003020 0xFFFFFCF3 0x00000010 False   [] [SW]
   99 0x00003030 0xFFFFFCF3 0x00000010 False   [] [SW]
  100 0x00003040 0xFFFFFCF3 0x00000010 False   [] [SW]
  101 0x00003050 0xFFFFFCF3 0x00000010 False   [] [SW]
  102 0x00003060 0xFFFFFCF3 0x00000010 False   [] [SW]
  103 0x00003070 0xFFFFFCF3 0x00000010 False   [] [SW]
  104 0x00003400 0xFFFFFCF3 0x00000010 False   [] [SW]
  105 0x00003410 0xFFFFFCF3 0x00000010 False   [] [SW]
  106 0x00003420 0xFFFFFCF3 0x00000010 False   [] [SW]
  107 0x00003430 0xFFFFFCF3 0x00000010 False   [] [SW]
  108 0x00003440 0xFFFFFCF3 0x00000010 False   [] [SW]
  109 0x00003450 0xFFFFFCF3 0x00000010 False   [] [SW]
  110 0x00003460 0xFFFFFCF3 0x00000010 False   [] [SW]
  111 0x00003470 0xFFFFFCF3 0x00000010 False   [] [SW]
  112 0x00003800 0xFFFFFCF3 0x00000010 False   [] [SW]
  113 0x00003810 0xFFFFFCF3 0x00000010 False   [] [SW]
  114 0x00003820 0xFFFFFCF3 0x00000010 False   [] [SW]
  115 0x00003830 0xFFFFFCF3 0x00000010 False   [] [SW]
  116 0x00003840 0xFFFFFCF3 0x00000010 False   [] [SW]
  117 0x00003850 0xFFFFFCF3 0x00000010 False   [] [SW]
  118 0x00003860 0xFFFFFCF3 0x00000010 False   [] [SW]
  119 0x00003870 0xFFFFFCF3 0x00000010 False   [] [SW]
  120 0x00003C00 0xFFFFFCF3 0x00000010 False   [] [SW]
  121 0x00003C10 0xFFFFFCF3 0x00000010 False   [] [SW]
  122 0x00003C20 0xFFFFFCF3 0x00000010 False   [] [SW]
  123 0x00003C30 0xFFFFFCF3 0x00000010 False   [] [SW]
  124 0x00003C40 0xFFFFFCF3 0x00000010 False   [] [SW]
  125 0x00003C50 0xFFFFFCF3 0x00000010 False   [] [SW]
  126 0x00003C60 0xFFFFFCF3 0x00000010 False   [] [SW]
  127 0x00003C70 0xFFFFFCF3 0x00000010 False   [] [SW]
0 Defaultable entries
