Router contains 256 entries
Index Key        Mask       Route      Default [Cores][Links]
----- ---------- ---------- ---------- ------- --------------
    0 0x00000000 0xFFFFFCF3 0x00000010 False   [] [SW]
    1 0x00000010 0xFFFFFCF3 0x00000010 False   [] [SW]
    2 0x00000020 0xFFFFFCF3 0x00000010 False   [] [SW]
    3 0x00000030 0xFFFFFCF3 0x00000010 False   [] [SW]
    4 0x00000040 0xFFFFFCF3 0x00000010 False   [] [SW]
    5 0x00000050 0xFFFFFCF3 0x00000010 False   [] [SW]
    6 0x00000060 0xFFFFFCF3 0x00000010 False   [] [SW]
    7 0x00000070 0xFFFFFCF3 0x00000010 False   [] [SW]
    8 0x00000400 0xFFFFFCF3 0x00000010 False   [] [SW]
    9 0x00000410 0xFFFFFCF3 0x00000010 False   [] [SW]
   10 0x00000420 0xFFFFFCF3 0x00000010 False   [] [SW]
   11 0x00000430 0xFFFFFCF3 0x00000010 False   [] [SW]
   12 0x00000440 0xFFFFFCF3 0x00000010 False   [] [SW]
   13 0x00000450 0xFFFFFCF3 0x00000010 False   [] [SW]
   14 0x00000460 0xFFFFFCF3 0x00000010 False   [] [SW]
   15 0x00000470 0xFFFFFCF3 0x00000010 False   [] [SW]
   16 0x00000800 0xFFFFFCF3 0x00000010 False   [] [SW]
   17 0x00000810 0xFFFFFCF3 0x00000010 False   [] [SW]
   18 0x00000820 0xFFFFFCF3 0x00000010 False   [] [SW]
   19 0x00000830 0xFFFFFCF3 0x00000010 False   [] [SW]
   20 0x00000840 0xFFFFFCF3 0x00000010 False   [] [SW]
   21 0x00000850 0xFFFFFCF3 0x00000010 False   [] [SW]
   22 0x00000860 0xFFFFFCF3 0x00000010 False   [] [SW]
   23 0x00000870 0xFFFFFCF3 0x00000010 False   [] [SW]
   24 0x00000C00 0xFFFFFCF3 0x00000010 False   [] [SW]
   25 0x00000C10 0xFFFFFCF3 0x00000010 False   [] [SW]
   26 0x00000C20 0xFFFFFCF3 0x00000010 False   [] [SW]
   27 0x00000C30 0xFFFFFCF3 0x00000010 False   [] [SW]
   28 0x00000C40 0xFFFFFCF3 0x00000010 False   [] [SW]
   29 0x00000C50 0xFFFFFCF3 0x00000010 False   [] [SW]
   30 0x00000C60 0xFFFFFCF3 0x00000010 False   [] [SW]
   31 0x00000C70 0xFFFFFCF3 0x00000010 False   [] [SW]
   32 0x00001000 0xFFFFFCF3 0x00000010 False   [] [SW]
   33 0x00001010 0xFFFFFCF3 0x00000010 False   [] [SW]
   34 0x00001020 0xFFFFFCF3 0x00000010 False   [] [SW]
   35 0x00001030 0xFFFFFCF3 0x00000010 False   [] [SW]
   36 0x00001040 0xFFFFFCF3 0x00000010 False   [] [SW]
   37 0x00001050 0xFFFFFCF3 0x00000010 False   [] [SW]
   38 0x00001060 0xFFFFFCF3 0x00000010 False   [] [SW]
   39 0x00001070 0xFFFFFCF3 0x00000010 False   [] [SW]
   40 0x00001400 0xFFFFFCF3 0x00000010 False   [] [SW]
   41 0x00001410 0xFFFFFCF3 0x00000010 False   [] [SW]
   42 0x00001420 0xFFFFFCF3 0x00000010 False   [] [SW]
   43 0x00001430 0xFFFFFCF3 0x00000010 False   [] [SW]
   44 0x00001440 0xFFFFFCF3 0x00000010 False   [] [SW]
   45 0x00001450 0xFFFFFCF3 0x00000010 False   [] [SW]
   46 0x00001460 0xFFFFFCF3 0x00000010 False   [] [SW]
   47 0x00001470 0xFFFFFCF3 0x00000010 False   [] [SW]
   48 0x00001800 0xFFFFFCF3 0x00000010 False   [] [SW]
   49 0x00001810 0xFFFFFCF3 0x00000010 False   [] [SW]
   50 0x00001820 0xFFFFFCF3 0x00000010 False   [] [SW]
   51 0x00001830 0xFFFFFCF3 0x00000010 False   [] [SW]
   52 0x00001840 0xFFFFFCF3 0x00000010 False   [] [SW]
   53 0x00001850 0xFFFFFCF3 0x00000010 False   [] [SW]
   54 0x00001860 0xFFFFFCF3 0x00000010 False   [] [SW]
   55 0x00001870 0xFFFFFCF3 0x00000010 False   [] [SW]
   56 0x00001C00 0xFFFFFCF3 0x00000010 False   [] [SW]
   57 0x00001C10 0xFFFFFCF3 0x00000010 False   [] [SW]
   58 0x00001C20 0xFFFFFCF3 0x00000010 False   [] [SW]
   59 0x00001C30 0xFFFFFCF3 0x00000010 False   [] [SW]
   60 0x00001C40 0xFFFFFCF3 0x00000010 False   [] [SW]
   61 0x00001C50 0xFFFFFCF3 0x00000010 False   [] [SW]
   62 0x00001C60 0xFFFFFCF3 0x00000010 False   [] [SW]
   63 0x00001C70 0xFFFFFCF3 0x00000010 False   [] [SW]
   64 0x00002000 0xFFFFFCF3 0x00000010 False   [] [SW]
   65 0x00002010 0xFFFFFCF3 0x00000010 False   [] [SW]
   66 0x00002020 0xFFFFFCF3 0x00000010 False   [] [SW]
   67 0x00002030 0xFFFFFCF3 0x00000010 False   [] [SW]
   68 0x00002040 0xFFFFFCF3 0x00000010 False   [] [SW]
   69 0x00002050 0xFFFFFCF3 0x00000010 False   [] [SW]
   70 0x00002060 0xFFFFFCF3 0x00000010 False   [] [SW]
   71 0x00002070 0xFFFFFCF3 0x00000010 False   [] [SW]
   72 0x00002400 0xFFFFFCF3 0x00000010 False   [] [SW]
   73 0x00002410 0xFFFFFCF3 0x00000010 False   [] [SW]
   74 0x00002420 0xFFFFFCF3 0x00000010 False   [] [SW]
   75 0x00002430 0xFFFFFCF3 0x00000010 False   [] [SW]
   76 0x00002440 0xFFFFFCF3 0x00000010 False   [] [SW]
   77 0x00002450 0xFFFFFCF3 0x00000010 False   [] [SW]
   78 0x00002460 0xFFFFFCF3 0x00000010 False   [] [SW]
   79 0x00002470 0xFFFFFCF3 0x00000010 False   [] [SW]
   80 0x00002800 0xFFFFFCF3 0x00000010 False   [] [SW]
   81 0x00002810 0xFFFFFCF3 0x00000010 False   [] [SW]
   82 0x00002820 0xFFFFFCF3 0x00000010 False   [] [SW]
   83 0x00002830 0xFFFFFCF3 0x00000010 False   [] [SW]
   84 0x00002840 0xFFFFFCF3 0x00000010 False   [] [SW]
   85 0x00002850 0xFFFFFCF3 0x00000010 False   [] [SW]
   86 0x00002860 0xFFFFFCF3 0x00000010 False   [] [SW]
   87 0x00002870 0xFFFFFCF3 0x00000010 False   [] [SW]
   88 0x00002C00 0xFFFFFCF3 0x00000010 False   [] [SW]
   89 0x00002C10 0xFFFFFCF3 0x00000010 False   [] [SW]
   90 0x00002C20 0xFFFFFCF3 0x00000010 False   [] [SW]
   91 0x00002C30 0xFFFFFCF3 0x00000010 False   [] [SW]
   92 0x00002C40 0xFFFFFCF3 0x00000010 False   [] [SW]
   93 0x00002C50 0xFFFFFCF3 0x00000010 False   [] [SW]
   94 0x00002C60 0xFFFFFCF3 0x00000010 False   [] [SW]
   95 0x00002C70 0xFFFFFCF3 0x00000010 False   [] [SW]
   96 0x00003000 0xFFFFFCF3 0x00000010 False   [] [SW]
   97 0x00003010 0xFFFFFCF3 0x00000010 False   [] [SW]
   98 0x00003020 0xFFFFFCF3 0x00000010 False   [] [SW]
   99 0x00003030 0xFFFFFCF3 0x00000010 False   [] [SW]
  100 0x00003040 0xFFFFFCF3 0x00000010 False   [] [SW]
  101 0x00003050 0xFFFFFCF3 0x00000010 False   [] [SW]
  102 0x00003060 0xFFFFFCF3 0x00000010 False   [] [SW]
  103 0x00003070 0xFFFFFCF3 0x00000010 False   [] [SW]
  104 0x00003400 0xFFFFFCF3 0x00000010 False   [] [SW]
  105 0x00003410 0xFFFFFCF3 0x00000010 False   [] [SW]
  106 0x00003420 0xFFFFFCF3 0x00000010 False   [] [SW]
  107 0x00003430 0xFFFFFCF3 0x00000010 False   [] [SW]
  108 0x00003440 0xFFFFFCF3 0x00000010 False   [] [SW]
  109 0x00003450 0xFFFFFCF3 0x00000010 False   [] [SW]
  110 0x00003460 0xFFFFFCF3 0x00000010 False   [] [SW]
  111 0x00003470 0xFFFFFCF3 0x00000010 False   [] [SW]
  112 0x00003800 0xFFFFFCF3 0x00000010 False   [] [SW]
  113 0x00003810 0xFFFFFCF3 0x00000010 False   [] [SW]
  114 0x00003820 0xFFFFFCF3 0x00000010 False   [] [SW]
  115 0x00003830 0xFFFFFCF3 0x00000010 False   [] [SW]
  116 0x00003840 0xFFFFFCF3 0x00000010 False   [] [SW]
  117 0x00003850 0xFFFFFCF3 0x00000010 False   [] [SW]
  118 0x00003860 0xFFFFFCF3 0x00000010 False   [] [SW]
  119 0x00003870 0xFFFFFCF3 0x00000010 False   [] [SW]
  120 0x00003C00 0xFFFFFCF3 0x00000010 False   [] [SW]
  121 0x00003C10 0xFFFFFCF3 0x00000010 False   [] [SW]
  122 0x00003C20 0xFFFFFCF3 0x00000010 False   [] [SW]
  123 0x00003C30 0xFFFFFCF3 0x00000010 False   [] [SW]
  124 0x00003C40 0xFFFFFCF3 0x00000010 False   [] [SW]
  125 0x00003C50 0xFFFFFCF3 0x00000010 False   [] [SW]
  126 0x00003C60 0xFFFFFCF3 0x00000010 False   [] [SW]
  127 0x00003C70 0xFFFFFCF3 0x00000010 False   [] [SW]
  128 0x00000001 0xFFFFFCF3 0x00000010 False   [] [SW]
  129 0x00000011 0xFFFFFCF3 0x00000010 False   [] [SW]
  130 0x00000021 0xFFFFFCF3 0x00000010 False   [] [SW]
  131 0x00000031 0xFFFFFCF3 0x00000010 False   [] [SW]
  132 0x00000041 0xFFFFFCF3 0x00000010 False   [] [SW]
  133 0x00000051 0xFFFFFCF3 0x00000010 False   [] [SW]
  134 0x00000061 0xFFFFFCF3 0x00000010 False   [] [SW]
  135 0x00000071 0xFFFFFCF3 0x00000010 False   [] [SW]
  136 0x00000401 0xFFFFFCF3 0x00000010 False   [] [SW]
  137 0x00000411 0xFFFFFCF3 0x00000010 False   [] [SW]
  138 0x00000421 0xFFFFFCF3 0x00000010 False   [] [SW]
  139 0x00000431 0xFFFFFCF3 0x00000010 False   [] [SW]
  140 0x00000441 0xFFFFFCF3 0x00000010 False   [] [SW]
  141 0x00000451 0xFFFFFCF3 0x00000010 False   [] [SW]
  142 0x00000461 0xFFFFFCF3 0x00000010 False   [] [SW]
  143 0x00000471 0xFFFFFCF3 0x00000010 False   [] [SW]
  144 0x00000801 0xFFFFFCF3 0x00000010 False   [] [SW]
  145 0x00000811 0xFFFFFCF3 0x00000010 False   [] [SW]
  146 0x00000821 0xFFFFFCF3 0x00000010 False   [] [SW]
  147 0x00000831 0xFFFFFCF3 0x00000010 False   [] [SW]
  148 0x00000841 0xFFFFFCF3 0x00000010 False   [] [SW]
  149 0x00000851 0xFFFFFCF3 0x00000010 False   [] [SW]
  150 0x00000861 0xFFFFFCF3 0x00000010 False   [] [SW]
  151 0x00000871 0xFFFFFCF3 0x00000010 False   [] [SW]
  152 0x00000C01 0xFFFFFCF3 0x00000010 False   [] [SW]
  153 0x00000C11 0xFFFFFCF3 0x00000010 False   [] [SW]
  154 0x00000C21 0xFFFFFCF3 0x00000010 False   [] [SW]
  155 0x00000C31 0xFFFFFCF3 0x00000010 False   [] [SW]
  156 0x00000C41 0xFFFFFCF3 0x00000010 False   [] [SW]
  157 0x00000C51 0xFFFFFCF3 0x00000010 False   [] [SW]
  158 0x00000C61 0xFFFFFCF3 0x00000010 False   [] [SW]
  159 0x00000C71 0xFFFFFCF3 0x00000010 False   [] [SW]
  160 0x00001001 0xFFFFFCF3 0x00000010 False   [] [SW]
  161 0x00001011 0xFFFFFCF3 0x00000010 False   [] [SW]
  162 0x00001021 0xFFFFFCF3 0x00000010 False   [] [SW]
  163 0x00001031 0xFFFFFCF3 0x00000010 False   [] [SW]
  164 0x00001041 0xFFFFFCF3 0x00000010 False   [] [SW]
  165 0x00001051 0xFFFFFCF3 0x00000010 False   [] [SW]
  166 0x00001061 0xFFFFFCF3 0x00000010 False   [] [SW]
  167 0x00001071 0xFFFFFCF3 0x00000010 False   [] [SW]
  168 0x00001401 0xFFFFFCF3 0x00000010 False   [] [SW]
  169 0x00001411 0xFFFFFCF3 0x00000010 False   [] [SW]
  170 0x00001421 0xFFFFFCF3 0x00000010 False   [] [SW]
  171 0x00001431 0xFFFFFCF3 0x00000010 False   [] [SW]
  172 0x00001441 0xFFFFFCF3 0x00000010 False   [] [SW]
  173 0x00001451 0xFFFFFCF3 0x00000010 False   [] [SW]
  174 0x00001461 0xFFFFFCF3 0x00000010 False   [] [SW]
  175 0x00001471 0xFFFFFCF3 0x00000010 False   [] [SW]
  176 0x00001801 0xFFFFFCF3 0x00000010 False   [] [SW]
  177 0x00001811 0xFFFFFCF3 0x00000010 False   [] [SW]
  178 0x00001821 0xFFFFFCF3 0x00000010 False   [] [SW]
  179 0x00001831 0xFFFFFCF3 0x00000010 False   [] [SW]
  180 0x00001841 0xFFFFFCF3 0x00000010 False   [] [SW]
  181 0x00001851 0xFFFFFCF3 0x00000010 False   [] [SW]
  182 0x00001861 0xFFFFFCF3 0x00000010 False   [] [SW]
  183 0x00001871 0xFFFFFCF3 0x00000010 False   [] [SW]
  184 0x00001C01 0xFFFFFCF3 0x00000010 False   [] [SW]
  185 0x00001C11 0xFFFFFCF3 0x00000010 False   [] [SW]
  186 0x00001C21 0xFFFFFCF3 0x00000010 False   [] [SW]
  187 0x00001C31 0xFFFFFCF3 0x00000010 False   [] [SW]
  188 0x00001C41 0xFFFFFCF3 0x00000010 False   [] [SW]
  189 0x00001C51 0xFFFFFCF3 0x00000010 False   [] [SW]
  190 0x00001C61 0xFFFFFCF3 0x00000010 False   [] [SW]
  191 0x00001C71 0xFFFFFCF3 0x00000010 False   [] [SW]
  192 0x00002001 0xFFFFFCF3 0x00000010 False   [] [SW]
  193 0x00002011 0xFFFFFCF3 0x00000010 False   [] [SW]
  194 0x00002021 0xFFFFFCF3 0x00000010 False   [] [SW]
  195 0x00002031 0xFFFFFCF3 0x00000010 False   [] [SW]
  196 0x00002041 0xFFFFFCF3 0x00000010 False   [] [SW]
  197 0x00002051 0xFFFFFCF3 0x00000010 False   [] [SW]
  198 0x00002061 0xFFFFFCF3 0x00000010 False   [] [SW]
  199 0x00002071 0xFFFFFCF3 0x00000010 False   [] [SW]
  200 0x00002401 0xFFFFFCF3 0x00000010 False   [] [SW]
  201 0x00002411 0xFFFFFCF3 0x00000010 False   [] [SW]
  202 0x00002421 0xFFFFFCF3 0x00000010 False   [] [SW]
  203 0x00002431 0xFFFFFCF3 0x00000010 False   [] [SW]
  204 0x00002441 0xFFFFFCF3 0x00000010 False   [] [SW]
  205 0x00002451 0xFFFFFCF3 0x00000010 False   [] [SW]
  206 0x00002461 0xFFFFFCF3 0x00000010 False   [] [SW]
  207 0x00002471 0xFFFFFCF3 0x00000010 False   [] [SW]
  208 0x00002801 0xFFFFFCF3 0x00000010 False   [] [SW]
  209 0x00002811 0xFFFFFCF3 0x00000010 False   [] [SW]
  210 0x00002821 0xFFFFFCF3 0x00000010 False   [] [SW]
  211 0x00002831 0xFFFFFCF3 0x00000010 False   [] [SW]
  212 0x00002841 0xFFFFFCF3 0x00000010 False   [] [SW]
  213 0x00002851 0xFFFFFCF3 0x00000010 False   [] [SW]
  214 0x00002861 0xFFFFFCF3 0x00000010 False   [] [SW]
  215 0x00002871 0xFFFFFCF3 0x00000010 False   [] [SW]
  216 0x00002C01 0xFFFFFCF3 0x00000010 False   [] [SW]
  217 0x00002C11 0xFFFFFCF3 0x00000010 False   [] [SW]
  218 0x00002C21 0xFFFFFCF3 0x00000010 False   [] [SW]
  219 0x00002C31 0xFFFFFCF3 0x00000010 False   [] [SW]
  220 0x00002C41 0xFFFFFCF3 0x00000010 False   [] [SW]
  221 0x00002C51 0xFFFFFCF3 0x00000010 False   [] [SW]
  222 0x00002C61 0xFFFFFCF3 0x00000010 False   [] [SW]
  223 0x00002C71 0xFFFFFCF3 0x00000010 False   [] [SW]
  224 0x00003001 0xFFFFFCF3 0x00000010 False   [] [SW]
  225 0x00003011 0xFFFFFCF3 0x00000010 False   [] [SW]
  226 0x00003021 0xFFFFFCF3 0x00000010 False   [] [SW]
  227 0x00003031 0xFFFFFCF3 0x00000010 False   [] [SW]
  228 0x00003041 0xFFFFFCF3 0x00000010 False   [] [SW]
  229 0x00003051 0xFFFFFCF3 0x00000010 False   [] [SW]
  230 0x00003061 0xFFFFFCF3 0x00000010 False   [] [SW]
  231 0x00003071 0xFFFFFCF3 0x00000010 False   [] [SW]
  232 0x00003401 0xFFFFFCF3 0x00000010 False   [] [SW]
  233 0x00003411 0xFFFFFCF3 0x00000010 False   [] [SW]
  234 0x00003421 0xFFFFFCF3 0x00000010 False   [] [SW]
  235 0x00003431 0xFFFFFCF3 0x00000010 False   [] [SW]
  236 0x00003441 0xFFFFFCF3 0x00000010 False   [] [SW]
  237 0x00003451 0xFFFFFCF3 0x00000010 False   [] [SW]
  238 0x00003461 0xFFFFFCF3 0x00000010 False   [] [SW]
  239 0x00003471 0xFFFFFCF3 0x00000010 False   [] [SW]
  240 0x00003801 0xFFFFFCF3 0x00000010 False   [] [SW]
  241 0x00003811 0xFFFFFCF3 0x00000010 False   [] [SW]
  242 0x00003821 0xFFFFFCF3 0x00000010 False   [] [SW]
  243 0x00003831 0xFFFFFCF3 0x00000010 False   [] [SW]
  244 0x00003841 0xFFFFFCF3 0x00000010 False   [] [SW]
  245 0x00003851 0xFFFFFCF3 0x00000010 False   [] [SW]
  246 0x00003861 0xFFFFFCF3 0x00000010 False   [] [SW]
  247 0x00003871 0xFFFFFCF3 0x00000010 False   [] [SW]
  248 0x00003C01 0xFFFFFCF3 0x00000010 False   [] [SW]
  249 0x00003C11 0xFFFFFCF3 0x00000010 False   [] [SW]
  250 0x00003C21 0xFFFFFCF3 0x00000010 False   [] [SW]
  251 0x00003C31 0xFFFFFCF3 0x00000010 False   [] [SW]
  252 0x00003C41 0xFFFFFCF3 0x00000010 False   [] [SW]
  253 0x00003C51 0xFFFFFCF3 0x00000010 False   [] [SW]
  254 0x00003C61 0xFFFFFCF3 0x00000010 False   [] [SW]
  255 0x00003C71 0xFFFFFCF3 0x00000010 False   [] [SW]
0 Defaultable entries
