SpYNNakerNeuronGraphNetworkSpecificationReport skipped as cfg Reports:write_network_graph is False
Network Specification report took 0:00:00.000169 
Splitter reset took 0:00:00.000014 
Spynnaker splitter selector took 0:00:00.006354 
DelaySupportAdder took 0:00:00.000058 
SpynnakerSplitterPartitioner took 0:00:00.000993 
SpallocAllocator took 0:00:09.254368 
Machine generator took 0:00:14.193853 
Json machine skipped as cfg Reports:write_json_machine is False
Board chip report took 0:00:00.005212 
Command Sender Adder took 0:00:00.000693 
Split Live Gather Vertices took 0:00:00.000008 
Insert chip power monitors skipped as cfg Reports:write_energy_report is False
Insert extra monitor vertices took 0:00:00.000008 
Partitioner report took 0:00:00.001923 
Local TDMA builder took 0:00:00.000036 
Application Placer took 0:00:00.013387 
Placements wth application graph report took 0:00:00.009751 
Json placements skipped as cfg Reports:write_json_placements is False
System multicast routing generator took 0:00:00.018911 
Fixed route router took 0:00:00.009185 
Application Router took 0:00:00.048544 
Basic tag allocator took 0:00:00.002317 
Tag allocator report took 0:00:00.000169 
Zoned routing info allocator took 0:00:00.127129 
Router info report took 0:00:00.003043 
Merged routing table generator took 0:00:00.023507 
Uncompressed routing table report took 0:00:00.019814 
Router report skipped as cfg Reports:write_router_reports is False
Router summary report skipped as cfg Reports:write_router_summary_report is False
Json routing tables skipped as cfg Reports:write_json_routing_tables is False
Locate executable start type took 0:00:00.002077 
Buffer manager creator took 0:00:00.001274 
SDRAM outgoing partition allocator took 0:00:00.000056 
Write Neo Metadata took 0:00:00.000953 
Record vertex labels to database took 0:00:00.006214 
Routing setup took 0:00:00.012616 
Graph binary gatherer took 0:00:00.009862 
Pair on chip router compression took 0:00:01.573497 
Graph data specification writer took 0:00:00.357070 
Control Sync took 0:00:00.000163 
Load fixed routes took 0:00:00.206109 
Execute system data specification took 0:00:01.649431 
Load executable system Images took 0:00:01.586392 
Tags Loader took 0:00:00.020700 
Host data specification took 0:00:00.791262 
Neuron expander took 0:00:00.514149 
Synapse expander took 0:00:00.514021 
Finish connection holders took 0:00:00.000423 
Bitfield compressor report skipped as cfg Reports:write_bit_field_compressor_report is False
Tags from machine report took 0:00:00.015332 
Memory report skipped as cfg Reports:write_memory_map_report is False
Memory report skipped as cfg Reports:write_memory_map_report is False
Compressor report took 0:00:00.121631 
Fixed route report took 0:00:00.221367 
Load executable app images took 0:00:00.761872 
Sdram usage per chip report took 0:00:00.012899 
Drift report skipped as cfg Reports:write_drift_report_start is False
Create database interface took 0:00:00.081211 
Create notification protocol took 0:00:00.000345 
Runtime Update took 0:00:00.020745 
Application runner exited with KeyboardInterrupt after 0:00:27.865359
