        Placement Information by Vertex
        ===============================

Generated: Thu Mar 23 09:36:06 2023 for target machine '172.16.223.1'

**** Vertex: 'input'
Model: SPIFRetinaDevice
Pop size: 16384
Machine Vertices: 
  Slice 0(0:16)(0:8) on FGPA 0, FPGA link 11, board None, linked to chip (0, 0)
  Slice 0(0:16)(0:8) on FGPA 0, FPGA link 13, board None, linked to chip (0, 0)
  Slice 0(0:16)(0:8) on FGPA 0, FPGA link 15, board None, linked to chip (0, 0)
  Slice 0(0:16)(0:8) on FGPA 0, FPGA link 1, board None, linked to chip (0, 0)
  Slice 0(0:16)(0:8) on FGPA 0, FPGA link 3, board None, linked to chip (0, 0)
  Slice 0(0:16)(0:8) on FGPA 0, FPGA link 5, board None, linked to chip (0, 0)
  Slice 0(0:16)(0:8) on FGPA 0, FPGA link 7, board None, linked to chip (0, 0)
  Slice 0(0:16)(0:8) on FGPA 0, FPGA link 9, board None, linked to chip (0, 0)
  Slice (0:16383) on FGPA 0, FPGA link 15, board None, linked to chip (0, 0)
  Slice 128(16:32)(0:8) on FGPA 0, FPGA link 11, board None, linked to chip (0, 0)
  Slice 128(16:32)(0:8) on FGPA 0, FPGA link 13, board None, linked to chip (0, 0)
  Slice 128(16:32)(0:8) on FGPA 0, FPGA link 15, board None, linked to chip (0, 0)
  Slice 128(16:32)(0:8) on FGPA 0, FPGA link 1, board None, linked to chip (0, 0)
  Slice 128(16:32)(0:8) on FGPA 0, FPGA link 3, board None, linked to chip (0, 0)
  Slice 128(16:32)(0:8) on FGPA 0, FPGA link 5, board None, linked to chip (0, 0)
  Slice 128(16:32)(0:8) on FGPA 0, FPGA link 7, board None, linked to chip (0, 0)
  Slice 128(16:32)(0:8) on FGPA 0, FPGA link 9, board None, linked to chip (0, 0)
  Slice 256(32:48)(0:8) on FGPA 0, FPGA link 11, board None, linked to chip (0, 0)
  Slice 256(32:48)(0:8) on FGPA 0, FPGA link 13, board None, linked to chip (0, 0)
  Slice 256(32:48)(0:8) on FGPA 0, FPGA link 15, board None, linked to chip (0, 0)
  Slice 256(32:48)(0:8) on FGPA 0, FPGA link 1, board None, linked to chip (0, 0)
  Slice 256(32:48)(0:8) on FGPA 0, FPGA link 3, board None, linked to chip (0, 0)
  Slice 256(32:48)(0:8) on FGPA 0, FPGA link 5, board None, linked to chip (0, 0)
  Slice 256(32:48)(0:8) on FGPA 0, FPGA link 7, board None, linked to chip (0, 0)
  Slice 256(32:48)(0:8) on FGPA 0, FPGA link 9, board None, linked to chip (0, 0)
  Slice 384(48:64)(0:8) on FGPA 0, FPGA link 11, board None, linked to chip (0, 0)
  Slice 384(48:64)(0:8) on FGPA 0, FPGA link 13, board None, linked to chip (0, 0)
  Slice 384(48:64)(0:8) on FGPA 0, FPGA link 15, board None, linked to chip (0, 0)
  Slice 384(48:64)(0:8) on FGPA 0, FPGA link 1, board None, linked to chip (0, 0)
  Slice 384(48:64)(0:8) on FGPA 0, FPGA link 3, board None, linked to chip (0, 0)
  Slice 384(48:64)(0:8) on FGPA 0, FPGA link 5, board None, linked to chip (0, 0)
  Slice 384(48:64)(0:8) on FGPA 0, FPGA link 7, board None, linked to chip (0, 0)
  Slice 384(48:64)(0:8) on FGPA 0, FPGA link 9, board None, linked to chip (0, 0)
  Slice 512(64:80)(0:8) on FGPA 0, FPGA link 11, board None, linked to chip (0, 0)
  Slice 512(64:80)(0:8) on FGPA 0, FPGA link 13, board None, linked to chip (0, 0)
  Slice 512(64:80)(0:8) on FGPA 0, FPGA link 15, board None, linked to chip (0, 0)
  Slice 512(64:80)(0:8) on FGPA 0, FPGA link 1, board None, linked to chip (0, 0)
  Slice 512(64:80)(0:8) on FGPA 0, FPGA link 3, board None, linked to chip (0, 0)
  Slice 512(64:80)(0:8) on FGPA 0, FPGA link 5, board None, linked to chip (0, 0)
  Slice 512(64:80)(0:8) on FGPA 0, FPGA link 7, board None, linked to chip (0, 0)
  Slice 512(64:80)(0:8) on FGPA 0, FPGA link 9, board None, linked to chip (0, 0)
  Slice 640(80:96)(0:8) on FGPA 0, FPGA link 11, board None, linked to chip (0, 0)
  Slice 640(80:96)(0:8) on FGPA 0, FPGA link 13, board None, linked to chip (0, 0)
  Slice 640(80:96)(0:8) on FGPA 0, FPGA link 15, board None, linked to chip (0, 0)
  Slice 640(80:96)(0:8) on FGPA 0, FPGA link 1, board None, linked to chip (0, 0)
  Slice 640(80:96)(0:8) on FGPA 0, FPGA link 3, board None, linked to chip (0, 0)
  Slice 640(80:96)(0:8) on FGPA 0, FPGA link 5, board None, linked to chip (0, 0)
  Slice 640(80:96)(0:8) on FGPA 0, FPGA link 7, board None, linked to chip (0, 0)
  Slice 640(80:96)(0:8) on FGPA 0, FPGA link 9, board None, linked to chip (0, 0)
  Slice 768(96:112)(0:8) on FGPA 0, FPGA link 11, board None, linked to chip (0, 0)
  Slice 768(96:112)(0:8) on FGPA 0, FPGA link 13, board None, linked to chip (0, 0)
  Slice 768(96:112)(0:8) on FGPA 0, FPGA link 15, board None, linked to chip (0, 0)
  Slice 768(96:112)(0:8) on FGPA 0, FPGA link 1, board None, linked to chip (0, 0)
  Slice 768(96:112)(0:8) on FGPA 0, FPGA link 3, board None, linked to chip (0, 0)
  Slice 768(96:112)(0:8) on FGPA 0, FPGA link 5, board None, linked to chip (0, 0)
  Slice 768(96:112)(0:8) on FGPA 0, FPGA link 7, board None, linked to chip (0, 0)
  Slice 768(96:112)(0:8) on FGPA 0, FPGA link 9, board None, linked to chip (0, 0)
  Slice 896(112:128)(0:8) on FGPA 0, FPGA link 11, board None, linked to chip (0, 0)
  Slice 896(112:128)(0:8) on FGPA 0, FPGA link 13, board None, linked to chip (0, 0)
  Slice 896(112:128)(0:8) on FGPA 0, FPGA link 15, board None, linked to chip (0, 0)
  Slice 896(112:128)(0:8) on FGPA 0, FPGA link 1, board None, linked to chip (0, 0)
  Slice 896(112:128)(0:8) on FGPA 0, FPGA link 3, board None, linked to chip (0, 0)
  Slice 896(112:128)(0:8) on FGPA 0, FPGA link 5, board None, linked to chip (0, 0)
  Slice 896(112:128)(0:8) on FGPA 0, FPGA link 7, board None, linked to chip (0, 0)
  Slice 896(112:128)(0:8) on FGPA 0, FPGA link 9, board None, linked to chip (0, 0)
  Slice 1024(0:16)(8:16) on FGPA 0, FPGA link 11, board None, linked to chip (0, 0)
  Slice 1024(0:16)(8:16) on FGPA 0, FPGA link 13, board None, linked to chip (0, 0)
  Slice 1024(0:16)(8:16) on FGPA 0, FPGA link 15, board None, linked to chip (0, 0)
  Slice 1024(0:16)(8:16) on FGPA 0, FPGA link 1, board None, linked to chip (0, 0)
  Slice 1024(0:16)(8:16) on FGPA 0, FPGA link 3, board None, linked to chip (0, 0)
  Slice 1024(0:16)(8:16) on FGPA 0, FPGA link 5, board None, linked to chip (0, 0)
  Slice 1024(0:16)(8:16) on FGPA 0, FPGA link 7, board None, linked to chip (0, 0)
  Slice 1024(0:16)(8:16) on FGPA 0, FPGA link 9, board None, linked to chip (0, 0)
  Slice 1152(16:32)(8:16) on FGPA 0, FPGA link 11, board None, linked to chip (0, 0)
  Slice 1152(16:32)(8:16) on FGPA 0, FPGA link 13, board None, linked to chip (0, 0)
  Slice 1152(16:32)(8:16) on FGPA 0, FPGA link 15, board None, linked to chip (0, 0)
  Slice 1152(16:32)(8:16) on FGPA 0, FPGA link 1, board None, linked to chip (0, 0)
  Slice 1152(16:32)(8:16) on FGPA 0, FPGA link 3, board None, linked to chip (0, 0)
  Slice 1152(16:32)(8:16) on FGPA 0, FPGA link 5, board None, linked to chip (0, 0)
  Slice 1152(16:32)(8:16) on FGPA 0, FPGA link 7, board None, linked to chip (0, 0)
  Slice 1152(16:32)(8:16) on FGPA 0, FPGA link 9, board None, linked to chip (0, 0)
  Slice 1280(32:48)(8:16) on FGPA 0, FPGA link 11, board None, linked to chip (0, 0)
  Slice 1280(32:48)(8:16) on FGPA 0, FPGA link 13, board None, linked to chip (0, 0)
  Slice 1280(32:48)(8:16) on FGPA 0, FPGA link 15, board None, linked to chip (0, 0)
  Slice 1280(32:48)(8:16) on FGPA 0, FPGA link 1, board None, linked to chip (0, 0)
  Slice 1280(32:48)(8:16) on FGPA 0, FPGA link 3, board None, linked to chip (0, 0)
  Slice 1280(32:48)(8:16) on FGPA 0, FPGA link 5, board None, linked to chip (0, 0)
  Slice 1280(32:48)(8:16) on FGPA 0, FPGA link 7, board None, linked to chip (0, 0)
  Slice 1280(32:48)(8:16) on FGPA 0, FPGA link 9, board None, linked to chip (0, 0)
  Slice 1408(48:64)(8:16) on FGPA 0, FPGA link 11, board None, linked to chip (0, 0)
  Slice 1408(48:64)(8:16) on FGPA 0, FPGA link 13, board None, linked to chip (0, 0)
  Slice 1408(48:64)(8:16) on FGPA 0, FPGA link 15, board None, linked to chip (0, 0)
  Slice 1408(48:64)(8:16) on FGPA 0, FPGA link 1, board None, linked to chip (0, 0)
  Slice 1408(48:64)(8:16) on FGPA 0, FPGA link 3, board None, linked to chip (0, 0)
  Slice 1408(48:64)(8:16) on FGPA 0, FPGA link 5, board None, linked to chip (0, 0)
  Slice 1408(48:64)(8:16) on FGPA 0, FPGA link 7, board None, linked to chip (0, 0)
  Slice 1408(48:64)(8:16) on FGPA 0, FPGA link 9, board None, linked to chip (0, 0)
  Slice 1536(64:80)(8:16) on FGPA 0, FPGA link 11, board None, linked to chip (0, 0)
  Slice 1536(64:80)(8:16) on FGPA 0, FPGA link 13, board None, linked to chip (0, 0)
  Slice 1536(64:80)(8:16) on FGPA 0, FPGA link 15, board None, linked to chip (0, 0)
  Slice 1536(64:80)(8:16) on FGPA 0, FPGA link 1, board None, linked to chip (0, 0)
  Slice 1536(64:80)(8:16) on FGPA 0, FPGA link 3, board None, linked to chip (0, 0)
  Slice 1536(64:80)(8:16) on FGPA 0, FPGA link 5, board None, linked to chip (0, 0)
  Slice 1536(64:80)(8:16) on FGPA 0, FPGA link 7, board None, linked to chip (0, 0)
  Slice 1536(64:80)(8:16) on FGPA 0, FPGA link 9, board None, linked to chip (0, 0)
  Slice 1664(80:96)(8:16) on FGPA 0, FPGA link 11, board None, linked to chip (0, 0)
  Slice 1664(80:96)(8:16) on FGPA 0, FPGA link 13, board None, linked to chip (0, 0)
  Slice 1664(80:96)(8:16) on FGPA 0, FPGA link 15, board None, linked to chip (0, 0)
  Slice 1664(80:96)(8:16) on FGPA 0, FPGA link 1, board None, linked to chip (0, 0)
  Slice 1664(80:96)(8:16) on FGPA 0, FPGA link 3, board None, linked to chip (0, 0)
  Slice 1664(80:96)(8:16) on FGPA 0, FPGA link 5, board None, linked to chip (0, 0)
  Slice 1664(80:96)(8:16) on FGPA 0, FPGA link 7, board None, linked to chip (0, 0)
  Slice 1664(80:96)(8:16) on FGPA 0, FPGA link 9, board None, linked to chip (0, 0)
  Slice 1792(96:112)(8:16) on FGPA 0, FPGA link 11, board None, linked to chip (0, 0)
  Slice 1792(96:112)(8:16) on FGPA 0, FPGA link 13, board None, linked to chip (0, 0)
  Slice 1792(96:112)(8:16) on FGPA 0, FPGA link 15, board None, linked to chip (0, 0)
  Slice 1792(96:112)(8:16) on FGPA 0, FPGA link 1, board None, linked to chip (0, 0)
  Slice 1792(96:112)(8:16) on FGPA 0, FPGA link 3, board None, linked to chip (0, 0)
  Slice 1792(96:112)(8:16) on FGPA 0, FPGA link 5, board None, linked to chip (0, 0)
  Slice 1792(96:112)(8:16) on FGPA 0, FPGA link 7, board None, linked to chip (0, 0)
  Slice 1792(96:112)(8:16) on FGPA 0, FPGA link 9, board None, linked to chip (0, 0)
  Slice 1920(112:128)(8:16) on FGPA 0, FPGA link 11, board None, linked to chip (0, 0)
  Slice 1920(112:128)(8:16) on FGPA 0, FPGA link 13, board None, linked to chip (0, 0)
  Slice 1920(112:128)(8:16) on FGPA 0, FPGA link 15, board None, linked to chip (0, 0)
  Slice 1920(112:128)(8:16) on FGPA 0, FPGA link 1, board None, linked to chip (0, 0)
  Slice 1920(112:128)(8:16) on FGPA 0, FPGA link 3, board None, linked to chip (0, 0)
  Slice 1920(112:128)(8:16) on FGPA 0, FPGA link 5, board None, linked to chip (0, 0)
  Slice 1920(112:128)(8:16) on FGPA 0, FPGA link 7, board None, linked to chip (0, 0)
  Slice 1920(112:128)(8:16) on FGPA 0, FPGA link 9, board None, linked to chip (0, 0)
  Slice 2048(0:16)(16:24) on FGPA 0, FPGA link 11, board None, linked to chip (0, 0)
  Slice 2048(0:16)(16:24) on FGPA 0, FPGA link 13, board None, linked to chip (0, 0)
  Slice 2048(0:16)(16:24) on FGPA 0, FPGA link 15, board None, linked to chip (0, 0)
  Slice 2048(0:16)(16:24) on FGPA 0, FPGA link 1, board None, linked to chip (0, 0)
  Slice 2048(0:16)(16:24) on FGPA 0, FPGA link 3, board None, linked to chip (0, 0)
  Slice 2048(0:16)(16:24) on FGPA 0, FPGA link 5, board None, linked to chip (0, 0)
  Slice 2048(0:16)(16:24) on FGPA 0, FPGA link 7, board None, linked to chip (0, 0)
  Slice 2048(0:16)(16:24) on FGPA 0, FPGA link 9, board None, linked to chip (0, 0)
  Slice 2176(16:32)(16:24) on FGPA 0, FPGA link 11, board None, linked to chip (0, 0)
  Slice 2176(16:32)(16:24) on FGPA 0, FPGA link 13, board None, linked to chip (0, 0)
  Slice 2176(16:32)(16:24) on FGPA 0, FPGA link 15, board None, linked to chip (0, 0)
  Slice 2176(16:32)(16:24) on FGPA 0, FPGA link 1, board None, linked to chip (0, 0)
  Slice 2176(16:32)(16:24) on FGPA 0, FPGA link 3, board None, linked to chip (0, 0)
  Slice 2176(16:32)(16:24) on FGPA 0, FPGA link 5, board None, linked to chip (0, 0)
  Slice 2176(16:32)(16:24) on FGPA 0, FPGA link 7, board None, linked to chip (0, 0)
  Slice 2176(16:32)(16:24) on FGPA 0, FPGA link 9, board None, linked to chip (0, 0)
  Slice 2304(32:48)(16:24) on FGPA 0, FPGA link 11, board None, linked to chip (0, 0)
  Slice 2304(32:48)(16:24) on FGPA 0, FPGA link 13, board None, linked to chip (0, 0)
  Slice 2304(32:48)(16:24) on FGPA 0, FPGA link 15, board None, linked to chip (0, 0)
  Slice 2304(32:48)(16:24) on FGPA 0, FPGA link 1, board None, linked to chip (0, 0)
  Slice 2304(32:48)(16:24) on FGPA 0, FPGA link 3, board None, linked to chip (0, 0)
  Slice 2304(32:48)(16:24) on FGPA 0, FPGA link 5, board None, linked to chip (0, 0)
  Slice 2304(32:48)(16:24) on FGPA 0, FPGA link 7, board None, linked to chip (0, 0)
  Slice 2304(32:48)(16:24) on FGPA 0, FPGA link 9, board None, linked to chip (0, 0)
  Slice 2432(48:64)(16:24) on FGPA 0, FPGA link 11, board None, linked to chip (0, 0)
  Slice 2432(48:64)(16:24) on FGPA 0, FPGA link 13, board None, linked to chip (0, 0)
  Slice 2432(48:64)(16:24) on FGPA 0, FPGA link 15, board None, linked to chip (0, 0)
  Slice 2432(48:64)(16:24) on FGPA 0, FPGA link 1, board None, linked to chip (0, 0)
  Slice 2432(48:64)(16:24) on FGPA 0, FPGA link 3, board None, linked to chip (0, 0)
  Slice 2432(48:64)(16:24) on FGPA 0, FPGA link 5, board None, linked to chip (0, 0)
  Slice 2432(48:64)(16:24) on FGPA 0, FPGA link 7, board None, linked to chip (0, 0)
  Slice 2432(48:64)(16:24) on FGPA 0, FPGA link 9, board None, linked to chip (0, 0)
  Slice 2560(64:80)(16:24) on FGPA 0, FPGA link 11, board None, linked to chip (0, 0)
  Slice 2560(64:80)(16:24) on FGPA 0, FPGA link 13, board None, linked to chip (0, 0)
  Slice 2560(64:80)(16:24) on FGPA 0, FPGA link 15, board None, linked to chip (0, 0)
  Slice 2560(64:80)(16:24) on FGPA 0, FPGA link 1, board None, linked to chip (0, 0)
  Slice 2560(64:80)(16:24) on FGPA 0, FPGA link 3, board None, linked to chip (0, 0)
  Slice 2560(64:80)(16:24) on FGPA 0, FPGA link 5, board None, linked to chip (0, 0)
  Slice 2560(64:80)(16:24) on FGPA 0, FPGA link 7, board None, linked to chip (0, 0)
  Slice 2560(64:80)(16:24) on FGPA 0, FPGA link 9, board None, linked to chip (0, 0)
  Slice 2688(80:96)(16:24) on FGPA 0, FPGA link 11, board None, linked to chip (0, 0)
  Slice 2688(80:96)(16:24) on FGPA 0, FPGA link 13, board None, linked to chip (0, 0)
  Slice 2688(80:96)(16:24) on FGPA 0, FPGA link 15, board None, linked to chip (0, 0)
  Slice 2688(80:96)(16:24) on FGPA 0, FPGA link 1, board None, linked to chip (0, 0)
  Slice 2688(80:96)(16:24) on FGPA 0, FPGA link 3, board None, linked to chip (0, 0)
  Slice 2688(80:96)(16:24) on FGPA 0, FPGA link 5, board None, linked to chip (0, 0)
  Slice 2688(80:96)(16:24) on FGPA 0, FPGA link 7, board None, linked to chip (0, 0)
  Slice 2688(80:96)(16:24) on FGPA 0, FPGA link 9, board None, linked to chip (0, 0)
  Slice 2816(96:112)(16:24) on FGPA 0, FPGA link 11, board None, linked to chip (0, 0)
  Slice 2816(96:112)(16:24) on FGPA 0, FPGA link 13, board None, linked to chip (0, 0)
  Slice 2816(96:112)(16:24) on FGPA 0, FPGA link 15, board None, linked to chip (0, 0)
  Slice 2816(96:112)(16:24) on FGPA 0, FPGA link 1, board None, linked to chip (0, 0)
  Slice 2816(96:112)(16:24) on FGPA 0, FPGA link 3, board None, linked to chip (0, 0)
  Slice 2816(96:112)(16:24) on FGPA 0, FPGA link 5, board None, linked to chip (0, 0)
  Slice 2816(96:112)(16:24) on FGPA 0, FPGA link 7, board None, linked to chip (0, 0)
  Slice 2816(96:112)(16:24) on FGPA 0, FPGA link 9, board None, linked to chip (0, 0)
  Slice 2944(112:128)(16:24) on FGPA 0, FPGA link 11, board None, linked to chip (0, 0)
  Slice 2944(112:128)(16:24) on FGPA 0, FPGA link 13, board None, linked to chip (0, 0)
  Slice 2944(112:128)(16:24) on FGPA 0, FPGA link 15, board None, linked to chip (0, 0)
  Slice 2944(112:128)(16:24) on FGPA 0, FPGA link 1, board None, linked to chip (0, 0)
  Slice 2944(112:128)(16:24) on FGPA 0, FPGA link 3, board None, linked to chip (0, 0)
  Slice 2944(112:128)(16:24) on FGPA 0, FPGA link 5, board None, linked to chip (0, 0)
  Slice 2944(112:128)(16:24) on FGPA 0, FPGA link 7, board None, linked to chip (0, 0)
  Slice 2944(112:128)(16:24) on FGPA 0, FPGA link 9, board None, linked to chip (0, 0)
  Slice 3072(0:16)(24:32) on FGPA 0, FPGA link 11, board None, linked to chip (0, 0)
  Slice 3072(0:16)(24:32) on FGPA 0, FPGA link 13, board None, linked to chip (0, 0)
  Slice 3072(0:16)(24:32) on FGPA 0, FPGA link 15, board None, linked to chip (0, 0)
  Slice 3072(0:16)(24:32) on FGPA 0, FPGA link 1, board None, linked to chip (0, 0)
  Slice 3072(0:16)(24:32) on FGPA 0, FPGA link 3, board None, linked to chip (0, 0)
  Slice 3072(0:16)(24:32) on FGPA 0, FPGA link 5, board None, linked to chip (0, 0)
  Slice 3072(0:16)(24:32) on FGPA 0, FPGA link 7, board None, linked to chip (0, 0)
  Slice 3072(0:16)(24:32) on FGPA 0, FPGA link 9, board None, linked to chip (0, 0)
  Slice 3200(16:32)(24:32) on FGPA 0, FPGA link 11, board None, linked to chip (0, 0)
  Slice 3200(16:32)(24:32) on FGPA 0, FPGA link 13, board None, linked to chip (0, 0)
  Slice 3200(16:32)(24:32) on FGPA 0, FPGA link 15, board None, linked to chip (0, 0)
  Slice 3200(16:32)(24:32) on FGPA 0, FPGA link 1, board None, linked to chip (0, 0)
  Slice 3200(16:32)(24:32) on FGPA 0, FPGA link 3, board None, linked to chip (0, 0)
  Slice 3200(16:32)(24:32) on FGPA 0, FPGA link 5, board None, linked to chip (0, 0)
  Slice 3200(16:32)(24:32) on FGPA 0, FPGA link 7, board None, linked to chip (0, 0)
  Slice 3200(16:32)(24:32) on FGPA 0, FPGA link 9, board None, linked to chip (0, 0)
  Slice 3328(32:48)(24:32) on FGPA 0, FPGA link 11, board None, linked to chip (0, 0)
  Slice 3328(32:48)(24:32) on FGPA 0, FPGA link 13, board None, linked to chip (0, 0)
  Slice 3328(32:48)(24:32) on FGPA 0, FPGA link 15, board None, linked to chip (0, 0)
  Slice 3328(32:48)(24:32) on FGPA 0, FPGA link 1, board None, linked to chip (0, 0)
  Slice 3328(32:48)(24:32) on FGPA 0, FPGA link 3, board None, linked to chip (0, 0)
  Slice 3328(32:48)(24:32) on FGPA 0, FPGA link 5, board None, linked to chip (0, 0)
  Slice 3328(32:48)(24:32) on FGPA 0, FPGA link 7, board None, linked to chip (0, 0)
  Slice 3328(32:48)(24:32) on FGPA 0, FPGA link 9, board None, linked to chip (0, 0)
  Slice 3456(48:64)(24:32) on FGPA 0, FPGA link 11, board None, linked to chip (0, 0)
  Slice 3456(48:64)(24:32) on FGPA 0, FPGA link 13, board None, linked to chip (0, 0)
  Slice 3456(48:64)(24:32) on FGPA 0, FPGA link 15, board None, linked to chip (0, 0)
  Slice 3456(48:64)(24:32) on FGPA 0, FPGA link 1, board None, linked to chip (0, 0)
  Slice 3456(48:64)(24:32) on FGPA 0, FPGA link 3, board None, linked to chip (0, 0)
  Slice 3456(48:64)(24:32) on FGPA 0, FPGA link 5, board None, linked to chip (0, 0)
  Slice 3456(48:64)(24:32) on FGPA 0, FPGA link 7, board None, linked to chip (0, 0)
  Slice 3456(48:64)(24:32) on FGPA 0, FPGA link 9, board None, linked to chip (0, 0)
  Slice 3584(64:80)(24:32) on FGPA 0, FPGA link 11, board None, linked to chip (0, 0)
  Slice 3584(64:80)(24:32) on FGPA 0, FPGA link 13, board None, linked to chip (0, 0)
  Slice 3584(64:80)(24:32) on FGPA 0, FPGA link 15, board None, linked to chip (0, 0)
  Slice 3584(64:80)(24:32) on FGPA 0, FPGA link 1, board None, linked to chip (0, 0)
  Slice 3584(64:80)(24:32) on FGPA 0, FPGA link 3, board None, linked to chip (0, 0)
  Slice 3584(64:80)(24:32) on FGPA 0, FPGA link 5, board None, linked to chip (0, 0)
  Slice 3584(64:80)(24:32) on FGPA 0, FPGA link 7, board None, linked to chip (0, 0)
  Slice 3584(64:80)(24:32) on FGPA 0, FPGA link 9, board None, linked to chip (0, 0)
  Slice 3712(80:96)(24:32) on FGPA 0, FPGA link 11, board None, linked to chip (0, 0)
  Slice 3712(80:96)(24:32) on FGPA 0, FPGA link 13, board None, linked to chip (0, 0)
  Slice 3712(80:96)(24:32) on FGPA 0, FPGA link 15, board None, linked to chip (0, 0)
  Slice 3712(80:96)(24:32) on FGPA 0, FPGA link 1, board None, linked to chip (0, 0)
  Slice 3712(80:96)(24:32) on FGPA 0, FPGA link 3, board None, linked to chip (0, 0)
  Slice 3712(80:96)(24:32) on FGPA 0, FPGA link 5, board None, linked to chip (0, 0)
  Slice 3712(80:96)(24:32) on FGPA 0, FPGA link 7, board None, linked to chip (0, 0)
  Slice 3712(80:96)(24:32) on FGPA 0, FPGA link 9, board None, linked to chip (0, 0)
  Slice 3840(96:112)(24:32) on FGPA 0, FPGA link 11, board None, linked to chip (0, 0)
  Slice 3840(96:112)(24:32) on FGPA 0, FPGA link 13, board None, linked to chip (0, 0)
  Slice 3840(96:112)(24:32) on FGPA 0, FPGA link 15, board None, linked to chip (0, 0)
  Slice 3840(96:112)(24:32) on FGPA 0, FPGA link 1, board None, linked to chip (0, 0)
  Slice 3840(96:112)(24:32) on FGPA 0, FPGA link 3, board None, linked to chip (0, 0)
  Slice 3840(96:112)(24:32) on FGPA 0, FPGA link 5, board None, linked to chip (0, 0)
  Slice 3840(96:112)(24:32) on FGPA 0, FPGA link 7, board None, linked to chip (0, 0)
  Slice 3840(96:112)(24:32) on FGPA 0, FPGA link 9, board None, linked to chip (0, 0)
  Slice 3968(112:128)(24:32) on FGPA 0, FPGA link 11, board None, linked to chip (0, 0)
  Slice 3968(112:128)(24:32) on FGPA 0, FPGA link 13, board None, linked to chip (0, 0)
  Slice 3968(112:128)(24:32) on FGPA 0, FPGA link 15, board None, linked to chip (0, 0)
  Slice 3968(112:128)(24:32) on FGPA 0, FPGA link 1, board None, linked to chip (0, 0)
  Slice 3968(112:128)(24:32) on FGPA 0, FPGA link 3, board None, linked to chip (0, 0)
  Slice 3968(112:128)(24:32) on FGPA 0, FPGA link 5, board None, linked to chip (0, 0)
  Slice 3968(112:128)(24:32) on FGPA 0, FPGA link 7, board None, linked to chip (0, 0)
  Slice 3968(112:128)(24:32) on FGPA 0, FPGA link 9, board None, linked to chip (0, 0)
  Slice 4096(0:16)(32:40) on FGPA 0, FPGA link 11, board None, linked to chip (0, 0)
  Slice 4096(0:16)(32:40) on FGPA 0, FPGA link 13, board None, linked to chip (0, 0)
  Slice 4096(0:16)(32:40) on FGPA 0, FPGA link 15, board None, linked to chip (0, 0)
  Slice 4096(0:16)(32:40) on FGPA 0, FPGA link 1, board None, linked to chip (0, 0)
  Slice 4096(0:16)(32:40) on FGPA 0, FPGA link 3, board None, linked to chip (0, 0)
  Slice 4096(0:16)(32:40) on FGPA 0, FPGA link 5, board None, linked to chip (0, 0)
  Slice 4096(0:16)(32:40) on FGPA 0, FPGA link 7, board None, linked to chip (0, 0)
  Slice 4096(0:16)(32:40) on FGPA 0, FPGA link 9, board None, linked to chip (0, 0)
  Slice 4224(16:32)(32:40) on FGPA 0, FPGA link 11, board None, linked to chip (0, 0)
  Slice 4224(16:32)(32:40) on FGPA 0, FPGA link 13, board None, linked to chip (0, 0)
  Slice 4224(16:32)(32:40) on FGPA 0, FPGA link 15, board None, linked to chip (0, 0)
  Slice 4224(16:32)(32:40) on FGPA 0, FPGA link 1, board None, linked to chip (0, 0)
  Slice 4224(16:32)(32:40) on FGPA 0, FPGA link 3, board None, linked to chip (0, 0)
  Slice 4224(16:32)(32:40) on FGPA 0, FPGA link 5, board None, linked to chip (0, 0)
  Slice 4224(16:32)(32:40) on FGPA 0, FPGA link 7, board None, linked to chip (0, 0)
  Slice 4224(16:32)(32:40) on FGPA 0, FPGA link 9, board None, linked to chip (0, 0)
  Slice 4352(32:48)(32:40) on FGPA 0, FPGA link 11, board None, linked to chip (0, 0)
  Slice 4352(32:48)(32:40) on FGPA 0, FPGA link 13, board None, linked to chip (0, 0)
  Slice 4352(32:48)(32:40) on FGPA 0, FPGA link 15, board None, linked to chip (0, 0)
  Slice 4352(32:48)(32:40) on FGPA 0, FPGA link 1, board None, linked to chip (0, 0)
  Slice 4352(32:48)(32:40) on FGPA 0, FPGA link 3, board None, linked to chip (0, 0)
  Slice 4352(32:48)(32:40) on FGPA 0, FPGA link 5, board None, linked to chip (0, 0)
  Slice 4352(32:48)(32:40) on FGPA 0, FPGA link 7, board None, linked to chip (0, 0)
  Slice 4352(32:48)(32:40) on FGPA 0, FPGA link 9, board None, linked to chip (0, 0)
  Slice 4480(48:64)(32:40) on FGPA 0, FPGA link 11, board None, linked to chip (0, 0)
  Slice 4480(48:64)(32:40) on FGPA 0, FPGA link 13, board None, linked to chip (0, 0)
  Slice 4480(48:64)(32:40) on FGPA 0, FPGA link 15, board None, linked to chip (0, 0)
  Slice 4480(48:64)(32:40) on FGPA 0, FPGA link 1, board None, linked to chip (0, 0)
  Slice 4480(48:64)(32:40) on FGPA 0, FPGA link 3, board None, linked to chip (0, 0)
  Slice 4480(48:64)(32:40) on FGPA 0, FPGA link 5, board None, linked to chip (0, 0)
  Slice 4480(48:64)(32:40) on FGPA 0, FPGA link 7, board None, linked to chip (0, 0)
  Slice 4480(48:64)(32:40) on FGPA 0, FPGA link 9, board None, linked to chip (0, 0)
  Slice 4608(64:80)(32:40) on FGPA 0, FPGA link 11, board None, linked to chip (0, 0)
  Slice 4608(64:80)(32:40) on FGPA 0, FPGA link 13, board None, linked to chip (0, 0)
  Slice 4608(64:80)(32:40) on FGPA 0, FPGA link 15, board None, linked to chip (0, 0)
  Slice 4608(64:80)(32:40) on FGPA 0, FPGA link 1, board None, linked to chip (0, 0)
  Slice 4608(64:80)(32:40) on FGPA 0, FPGA link 3, board None, linked to chip (0, 0)
  Slice 4608(64:80)(32:40) on FGPA 0, FPGA link 5, board None, linked to chip (0, 0)
  Slice 4608(64:80)(32:40) on FGPA 0, FPGA link 7, board None, linked to chip (0, 0)
  Slice 4608(64:80)(32:40) on FGPA 0, FPGA link 9, board None, linked to chip (0, 0)
  Slice 4736(80:96)(32:40) on FGPA 0, FPGA link 11, board None, linked to chip (0, 0)
  Slice 4736(80:96)(32:40) on FGPA 0, FPGA link 13, board None, linked to chip (0, 0)
  Slice 4736(80:96)(32:40) on FGPA 0, FPGA link 15, board None, linked to chip (0, 0)
  Slice 4736(80:96)(32:40) on FGPA 0, FPGA link 1, board None, linked to chip (0, 0)
  Slice 4736(80:96)(32:40) on FGPA 0, FPGA link 3, board None, linked to chip (0, 0)
  Slice 4736(80:96)(32:40) on FGPA 0, FPGA link 5, board None, linked to chip (0, 0)
  Slice 4736(80:96)(32:40) on FGPA 0, FPGA link 7, board None, linked to chip (0, 0)
  Slice 4736(80:96)(32:40) on FGPA 0, FPGA link 9, board None, linked to chip (0, 0)
  Slice 4864(96:112)(32:40) on FGPA 0, FPGA link 11, board None, linked to chip (0, 0)
  Slice 4864(96:112)(32:40) on FGPA 0, FPGA link 13, board None, linked to chip (0, 0)
  Slice 4864(96:112)(32:40) on FGPA 0, FPGA link 15, board None, linked to chip (0, 0)
  Slice 4864(96:112)(32:40) on FGPA 0, FPGA link 1, board None, linked to chip (0, 0)
  Slice 4864(96:112)(32:40) on FGPA 0, FPGA link 3, board None, linked to chip (0, 0)
  Slice 4864(96:112)(32:40) on FGPA 0, FPGA link 5, board None, linked to chip (0, 0)
  Slice 4864(96:112)(32:40) on FGPA 0, FPGA link 7, board None, linked to chip (0, 0)
  Slice 4864(96:112)(32:40) on FGPA 0, FPGA link 9, board None, linked to chip (0, 0)
  Slice 4992(112:128)(32:40) on FGPA 0, FPGA link 11, board None, linked to chip (0, 0)
  Slice 4992(112:128)(32:40) on FGPA 0, FPGA link 13, board None, linked to chip (0, 0)
  Slice 4992(112:128)(32:40) on FGPA 0, FPGA link 15, board None, linked to chip (0, 0)
  Slice 4992(112:128)(32:40) on FGPA 0, FPGA link 1, board None, linked to chip (0, 0)
  Slice 4992(112:128)(32:40) on FGPA 0, FPGA link 3, board None, linked to chip (0, 0)
  Slice 4992(112:128)(32:40) on FGPA 0, FPGA link 5, board None, linked to chip (0, 0)
  Slice 4992(112:128)(32:40) on FGPA 0, FPGA link 7, board None, linked to chip (0, 0)
  Slice 4992(112:128)(32:40) on FGPA 0, FPGA link 9, board None, linked to chip (0, 0)
  Slice 5120(0:16)(40:48) on FGPA 0, FPGA link 11, board None, linked to chip (0, 0)
  Slice 5120(0:16)(40:48) on FGPA 0, FPGA link 13, board None, linked to chip (0, 0)
  Slice 5120(0:16)(40:48) on FGPA 0, FPGA link 15, board None, linked to chip (0, 0)
  Slice 5120(0:16)(40:48) on FGPA 0, FPGA link 1, board None, linked to chip (0, 0)
  Slice 5120(0:16)(40:48) on FGPA 0, FPGA link 3, board None, linked to chip (0, 0)
  Slice 5120(0:16)(40:48) on FGPA 0, FPGA link 5, board None, linked to chip (0, 0)
  Slice 5120(0:16)(40:48) on FGPA 0, FPGA link 7, board None, linked to chip (0, 0)
  Slice 5120(0:16)(40:48) on FGPA 0, FPGA link 9, board None, linked to chip (0, 0)
  Slice 5248(16:32)(40:48) on FGPA 0, FPGA link 11, board None, linked to chip (0, 0)
  Slice 5248(16:32)(40:48) on FGPA 0, FPGA link 13, board None, linked to chip (0, 0)
  Slice 5248(16:32)(40:48) on FGPA 0, FPGA link 15, board None, linked to chip (0, 0)
  Slice 5248(16:32)(40:48) on FGPA 0, FPGA link 1, board None, linked to chip (0, 0)
  Slice 5248(16:32)(40:48) on FGPA 0, FPGA link 3, board None, linked to chip (0, 0)
  Slice 5248(16:32)(40:48) on FGPA 0, FPGA link 5, board None, linked to chip (0, 0)
  Slice 5248(16:32)(40:48) on FGPA 0, FPGA link 7, board None, linked to chip (0, 0)
  Slice 5248(16:32)(40:48) on FGPA 0, FPGA link 9, board None, linked to chip (0, 0)
  Slice 5376(32:48)(40:48) on FGPA 0, FPGA link 11, board None, linked to chip (0, 0)
  Slice 5376(32:48)(40:48) on FGPA 0, FPGA link 13, board None, linked to chip (0, 0)
  Slice 5376(32:48)(40:48) on FGPA 0, FPGA link 15, board None, linked to chip (0, 0)
  Slice 5376(32:48)(40:48) on FGPA 0, FPGA link 1, board None, linked to chip (0, 0)
  Slice 5376(32:48)(40:48) on FGPA 0, FPGA link 3, board None, linked to chip (0, 0)
  Slice 5376(32:48)(40:48) on FGPA 0, FPGA link 5, board None, linked to chip (0, 0)
  Slice 5376(32:48)(40:48) on FGPA 0, FPGA link 7, board None, linked to chip (0, 0)
  Slice 5376(32:48)(40:48) on FGPA 0, FPGA link 9, board None, linked to chip (0, 0)
  Slice 5504(48:64)(40:48) on FGPA 0, FPGA link 11, board None, linked to chip (0, 0)
  Slice 5504(48:64)(40:48) on FGPA 0, FPGA link 13, board None, linked to chip (0, 0)
  Slice 5504(48:64)(40:48) on FGPA 0, FPGA link 15, board None, linked to chip (0, 0)
  Slice 5504(48:64)(40:48) on FGPA 0, FPGA link 1, board None, linked to chip (0, 0)
  Slice 5504(48:64)(40:48) on FGPA 0, FPGA link 3, board None, linked to chip (0, 0)
  Slice 5504(48:64)(40:48) on FGPA 0, FPGA link 5, board None, linked to chip (0, 0)
  Slice 5504(48:64)(40:48) on FGPA 0, FPGA link 7, board None, linked to chip (0, 0)
  Slice 5504(48:64)(40:48) on FGPA 0, FPGA link 9, board None, linked to chip (0, 0)
  Slice 5632(64:80)(40:48) on FGPA 0, FPGA link 11, board None, linked to chip (0, 0)
  Slice 5632(64:80)(40:48) on FGPA 0, FPGA link 13, board None, linked to chip (0, 0)
  Slice 5632(64:80)(40:48) on FGPA 0, FPGA link 15, board None, linked to chip (0, 0)
  Slice 5632(64:80)(40:48) on FGPA 0, FPGA link 1, board None, linked to chip (0, 0)
  Slice 5632(64:80)(40:48) on FGPA 0, FPGA link 3, board None, linked to chip (0, 0)
  Slice 5632(64:80)(40:48) on FGPA 0, FPGA link 5, board None, linked to chip (0, 0)
  Slice 5632(64:80)(40:48) on FGPA 0, FPGA link 7, board None, linked to chip (0, 0)
  Slice 5632(64:80)(40:48) on FGPA 0, FPGA link 9, board None, linked to chip (0, 0)
  Slice 5760(80:96)(40:48) on FGPA 0, FPGA link 11, board None, linked to chip (0, 0)
  Slice 5760(80:96)(40:48) on FGPA 0, FPGA link 13, board None, linked to chip (0, 0)
  Slice 5760(80:96)(40:48) on FGPA 0, FPGA link 15, board None, linked to chip (0, 0)
  Slice 5760(80:96)(40:48) on FGPA 0, FPGA link 1, board None, linked to chip (0, 0)
  Slice 5760(80:96)(40:48) on FGPA 0, FPGA link 3, board None, linked to chip (0, 0)
  Slice 5760(80:96)(40:48) on FGPA 0, FPGA link 5, board None, linked to chip (0, 0)
  Slice 5760(80:96)(40:48) on FGPA 0, FPGA link 7, board None, linked to chip (0, 0)
  Slice 5760(80:96)(40:48) on FGPA 0, FPGA link 9, board None, linked to chip (0, 0)
  Slice 5888(96:112)(40:48) on FGPA 0, FPGA link 11, board None, linked to chip (0, 0)
  Slice 5888(96:112)(40:48) on FGPA 0, FPGA link 13, board None, linked to chip (0, 0)
  Slice 5888(96:112)(40:48) on FGPA 0, FPGA link 15, board None, linked to chip (0, 0)
  Slice 5888(96:112)(40:48) on FGPA 0, FPGA link 1, board None, linked to chip (0, 0)
  Slice 5888(96:112)(40:48) on FGPA 0, FPGA link 3, board None, linked to chip (0, 0)
  Slice 5888(96:112)(40:48) on FGPA 0, FPGA link 5, board None, linked to chip (0, 0)
  Slice 5888(96:112)(40:48) on FGPA 0, FPGA link 7, board None, linked to chip (0, 0)
  Slice 5888(96:112)(40:48) on FGPA 0, FPGA link 9, board None, linked to chip (0, 0)
  Slice 6016(112:128)(40:48) on FGPA 0, FPGA link 11, board None, linked to chip (0, 0)
  Slice 6016(112:128)(40:48) on FGPA 0, FPGA link 13, board None, linked to chip (0, 0)
  Slice 6016(112:128)(40:48) on FGPA 0, FPGA link 15, board None, linked to chip (0, 0)
  Slice 6016(112:128)(40:48) on FGPA 0, FPGA link 1, board None, linked to chip (0, 0)
  Slice 6016(112:128)(40:48) on FGPA 0, FPGA link 3, board None, linked to chip (0, 0)
  Slice 6016(112:128)(40:48) on FGPA 0, FPGA link 5, board None, linked to chip (0, 0)
  Slice 6016(112:128)(40:48) on FGPA 0, FPGA link 7, board None, linked to chip (0, 0)
  Slice 6016(112:128)(40:48) on FGPA 0, FPGA link 9, board None, linked to chip (0, 0)
  Slice 6144(0:16)(48:56) on FGPA 0, FPGA link 11, board None, linked to chip (0, 0)
  Slice 6144(0:16)(48:56) on FGPA 0, FPGA link 13, board None, linked to chip (0, 0)
  Slice 6144(0:16)(48:56) on FGPA 0, FPGA link 15, board None, linked to chip (0, 0)
  Slice 6144(0:16)(48:56) on FGPA 0, FPGA link 1, board None, linked to chip (0, 0)
  Slice 6144(0:16)(48:56) on FGPA 0, FPGA link 3, board None, linked to chip (0, 0)
  Slice 6144(0:16)(48:56) on FGPA 0, FPGA link 5, board None, linked to chip (0, 0)
  Slice 6144(0:16)(48:56) on FGPA 0, FPGA link 7, board None, linked to chip (0, 0)
  Slice 6144(0:16)(48:56) on FGPA 0, FPGA link 9, board None, linked to chip (0, 0)
  Slice 6272(16:32)(48:56) on FGPA 0, FPGA link 11, board None, linked to chip (0, 0)
  Slice 6272(16:32)(48:56) on FGPA 0, FPGA link 13, board None, linked to chip (0, 0)
  Slice 6272(16:32)(48:56) on FGPA 0, FPGA link 15, board None, linked to chip (0, 0)
  Slice 6272(16:32)(48:56) on FGPA 0, FPGA link 1, board None, linked to chip (0, 0)
  Slice 6272(16:32)(48:56) on FGPA 0, FPGA link 3, board None, linked to chip (0, 0)
  Slice 6272(16:32)(48:56) on FGPA 0, FPGA link 5, board None, linked to chip (0, 0)
  Slice 6272(16:32)(48:56) on FGPA 0, FPGA link 7, board None, linked to chip (0, 0)
  Slice 6272(16:32)(48:56) on FGPA 0, FPGA link 9, board None, linked to chip (0, 0)
  Slice 6400(32:48)(48:56) on FGPA 0, FPGA link 11, board None, linked to chip (0, 0)
  Slice 6400(32:48)(48:56) on FGPA 0, FPGA link 13, board None, linked to chip (0, 0)
  Slice 6400(32:48)(48:56) on FGPA 0, FPGA link 15, board None, linked to chip (0, 0)
  Slice 6400(32:48)(48:56) on FGPA 0, FPGA link 1, board None, linked to chip (0, 0)
  Slice 6400(32:48)(48:56) on FGPA 0, FPGA link 3, board None, linked to chip (0, 0)
  Slice 6400(32:48)(48:56) on FGPA 0, FPGA link 5, board None, linked to chip (0, 0)
  Slice 6400(32:48)(48:56) on FGPA 0, FPGA link 7, board None, linked to chip (0, 0)
  Slice 6400(32:48)(48:56) on FGPA 0, FPGA link 9, board None, linked to chip (0, 0)
  Slice 6528(48:64)(48:56) on FGPA 0, FPGA link 11, board None, linked to chip (0, 0)
  Slice 6528(48:64)(48:56) on FGPA 0, FPGA link 13, board None, linked to chip (0, 0)
  Slice 6528(48:64)(48:56) on FGPA 0, FPGA link 15, board None, linked to chip (0, 0)
  Slice 6528(48:64)(48:56) on FGPA 0, FPGA link 1, board None, linked to chip (0, 0)
  Slice 6528(48:64)(48:56) on FGPA 0, FPGA link 3, board None, linked to chip (0, 0)
  Slice 6528(48:64)(48:56) on FGPA 0, FPGA link 5, board None, linked to chip (0, 0)
  Slice 6528(48:64)(48:56) on FGPA 0, FPGA link 7, board None, linked to chip (0, 0)
  Slice 6528(48:64)(48:56) on FGPA 0, FPGA link 9, board None, linked to chip (0, 0)
  Slice 6656(64:80)(48:56) on FGPA 0, FPGA link 11, board None, linked to chip (0, 0)
  Slice 6656(64:80)(48:56) on FGPA 0, FPGA link 13, board None, linked to chip (0, 0)
  Slice 6656(64:80)(48:56) on FGPA 0, FPGA link 15, board None, linked to chip (0, 0)
  Slice 6656(64:80)(48:56) on FGPA 0, FPGA link 1, board None, linked to chip (0, 0)
  Slice 6656(64:80)(48:56) on FGPA 0, FPGA link 3, board None, linked to chip (0, 0)
  Slice 6656(64:80)(48:56) on FGPA 0, FPGA link 5, board None, linked to chip (0, 0)
  Slice 6656(64:80)(48:56) on FGPA 0, FPGA link 7, board None, linked to chip (0, 0)
  Slice 6656(64:80)(48:56) on FGPA 0, FPGA link 9, board None, linked to chip (0, 0)
  Slice 6784(80:96)(48:56) on FGPA 0, FPGA link 11, board None, linked to chip (0, 0)
  Slice 6784(80:96)(48:56) on FGPA 0, FPGA link 13, board None, linked to chip (0, 0)
  Slice 6784(80:96)(48:56) on FGPA 0, FPGA link 15, board None, linked to chip (0, 0)
  Slice 6784(80:96)(48:56) on FGPA 0, FPGA link 1, board None, linked to chip (0, 0)
  Slice 6784(80:96)(48:56) on FGPA 0, FPGA link 3, board None, linked to chip (0, 0)
  Slice 6784(80:96)(48:56) on FGPA 0, FPGA link 5, board None, linked to chip (0, 0)
  Slice 6784(80:96)(48:56) on FGPA 0, FPGA link 7, board None, linked to chip (0, 0)
  Slice 6784(80:96)(48:56) on FGPA 0, FPGA link 9, board None, linked to chip (0, 0)
  Slice 6912(96:112)(48:56) on FGPA 0, FPGA link 11, board None, linked to chip (0, 0)
  Slice 6912(96:112)(48:56) on FGPA 0, FPGA link 13, board None, linked to chip (0, 0)
  Slice 6912(96:112)(48:56) on FGPA 0, FPGA link 15, board None, linked to chip (0, 0)
  Slice 6912(96:112)(48:56) on FGPA 0, FPGA link 1, board None, linked to chip (0, 0)
  Slice 6912(96:112)(48:56) on FGPA 0, FPGA link 3, board None, linked to chip (0, 0)
  Slice 6912(96:112)(48:56) on FGPA 0, FPGA link 5, board None, linked to chip (0, 0)
  Slice 6912(96:112)(48:56) on FGPA 0, FPGA link 7, board None, linked to chip (0, 0)
  Slice 6912(96:112)(48:56) on FGPA 0, FPGA link 9, board None, linked to chip (0, 0)
  Slice 7040(112:128)(48:56) on FGPA 0, FPGA link 11, board None, linked to chip (0, 0)
  Slice 7040(112:128)(48:56) on FGPA 0, FPGA link 13, board None, linked to chip (0, 0)
  Slice 7040(112:128)(48:56) on FGPA 0, FPGA link 15, board None, linked to chip (0, 0)
  Slice 7040(112:128)(48:56) on FGPA 0, FPGA link 1, board None, linked to chip (0, 0)
  Slice 7040(112:128)(48:56) on FGPA 0, FPGA link 3, board None, linked to chip (0, 0)
  Slice 7040(112:128)(48:56) on FGPA 0, FPGA link 5, board None, linked to chip (0, 0)
  Slice 7040(112:128)(48:56) on FGPA 0, FPGA link 7, board None, linked to chip (0, 0)
  Slice 7040(112:128)(48:56) on FGPA 0, FPGA link 9, board None, linked to chip (0, 0)
  Slice 7168(0:16)(56:64) on FGPA 0, FPGA link 11, board None, linked to chip (0, 0)
  Slice 7168(0:16)(56:64) on FGPA 0, FPGA link 13, board None, linked to chip (0, 0)
  Slice 7168(0:16)(56:64) on FGPA 0, FPGA link 15, board None, linked to chip (0, 0)
  Slice 7168(0:16)(56:64) on FGPA 0, FPGA link 1, board None, linked to chip (0, 0)
  Slice 7168(0:16)(56:64) on FGPA 0, FPGA link 3, board None, linked to chip (0, 0)
  Slice 7168(0:16)(56:64) on FGPA 0, FPGA link 5, board None, linked to chip (0, 0)
  Slice 7168(0:16)(56:64) on FGPA 0, FPGA link 7, board None, linked to chip (0, 0)
  Slice 7168(0:16)(56:64) on FGPA 0, FPGA link 9, board None, linked to chip (0, 0)
  Slice 7296(16:32)(56:64) on FGPA 0, FPGA link 11, board None, linked to chip (0, 0)
  Slice 7296(16:32)(56:64) on FGPA 0, FPGA link 13, board None, linked to chip (0, 0)
  Slice 7296(16:32)(56:64) on FGPA 0, FPGA link 15, board None, linked to chip (0, 0)
  Slice 7296(16:32)(56:64) on FGPA 0, FPGA link 1, board None, linked to chip (0, 0)
  Slice 7296(16:32)(56:64) on FGPA 0, FPGA link 3, board None, linked to chip (0, 0)
  Slice 7296(16:32)(56:64) on FGPA 0, FPGA link 5, board None, linked to chip (0, 0)
  Slice 7296(16:32)(56:64) on FGPA 0, FPGA link 7, board None, linked to chip (0, 0)
  Slice 7296(16:32)(56:64) on FGPA 0, FPGA link 9, board None, linked to chip (0, 0)
  Slice 7424(32:48)(56:64) on FGPA 0, FPGA link 11, board None, linked to chip (0, 0)
  Slice 7424(32:48)(56:64) on FGPA 0, FPGA link 13, board None, linked to chip (0, 0)
  Slice 7424(32:48)(56:64) on FGPA 0, FPGA link 15, board None, linked to chip (0, 0)
  Slice 7424(32:48)(56:64) on FGPA 0, FPGA link 1, board None, linked to chip (0, 0)
  Slice 7424(32:48)(56:64) on FGPA 0, FPGA link 3, board None, linked to chip (0, 0)
  Slice 7424(32:48)(56:64) on FGPA 0, FPGA link 5, board None, linked to chip (0, 0)
  Slice 7424(32:48)(56:64) on FGPA 0, FPGA link 7, board None, linked to chip (0, 0)
  Slice 7424(32:48)(56:64) on FGPA 0, FPGA link 9, board None, linked to chip (0, 0)
  Slice 7552(48:64)(56:64) on FGPA 0, FPGA link 11, board None, linked to chip (0, 0)
  Slice 7552(48:64)(56:64) on FGPA 0, FPGA link 13, board None, linked to chip (0, 0)
  Slice 7552(48:64)(56:64) on FGPA 0, FPGA link 15, board None, linked to chip (0, 0)
  Slice 7552(48:64)(56:64) on FGPA 0, FPGA link 1, board None, linked to chip (0, 0)
  Slice 7552(48:64)(56:64) on FGPA 0, FPGA link 3, board None, linked to chip (0, 0)
  Slice 7552(48:64)(56:64) on FGPA 0, FPGA link 5, board None, linked to chip (0, 0)
  Slice 7552(48:64)(56:64) on FGPA 0, FPGA link 7, board None, linked to chip (0, 0)
  Slice 7552(48:64)(56:64) on FGPA 0, FPGA link 9, board None, linked to chip (0, 0)
  Slice 7680(64:80)(56:64) on FGPA 0, FPGA link 11, board None, linked to chip (0, 0)
  Slice 7680(64:80)(56:64) on FGPA 0, FPGA link 13, board None, linked to chip (0, 0)
  Slice 7680(64:80)(56:64) on FGPA 0, FPGA link 15, board None, linked to chip (0, 0)
  Slice 7680(64:80)(56:64) on FGPA 0, FPGA link 1, board None, linked to chip (0, 0)
  Slice 7680(64:80)(56:64) on FGPA 0, FPGA link 3, board None, linked to chip (0, 0)
  Slice 7680(64:80)(56:64) on FGPA 0, FPGA link 5, board None, linked to chip (0, 0)
  Slice 7680(64:80)(56:64) on FGPA 0, FPGA link 7, board None, linked to chip (0, 0)
  Slice 7680(64:80)(56:64) on FGPA 0, FPGA link 9, board None, linked to chip (0, 0)
  Slice 7808(80:96)(56:64) on FGPA 0, FPGA link 11, board None, linked to chip (0, 0)
  Slice 7808(80:96)(56:64) on FGPA 0, FPGA link 13, board None, linked to chip (0, 0)
  Slice 7808(80:96)(56:64) on FGPA 0, FPGA link 15, board None, linked to chip (0, 0)
  Slice 7808(80:96)(56:64) on FGPA 0, FPGA link 1, board None, linked to chip (0, 0)
  Slice 7808(80:96)(56:64) on FGPA 0, FPGA link 3, board None, linked to chip (0, 0)
  Slice 7808(80:96)(56:64) on FGPA 0, FPGA link 5, board None, linked to chip (0, 0)
  Slice 7808(80:96)(56:64) on FGPA 0, FPGA link 7, board None, linked to chip (0, 0)
  Slice 7808(80:96)(56:64) on FGPA 0, FPGA link 9, board None, linked to chip (0, 0)
  Slice 7936(96:112)(56:64) on FGPA 0, FPGA link 11, board None, linked to chip (0, 0)
  Slice 7936(96:112)(56:64) on FGPA 0, FPGA link 13, board None, linked to chip (0, 0)
  Slice 7936(96:112)(56:64) on FGPA 0, FPGA link 15, board None, linked to chip (0, 0)
  Slice 7936(96:112)(56:64) on FGPA 0, FPGA link 1, board None, linked to chip (0, 0)
  Slice 7936(96:112)(56:64) on FGPA 0, FPGA link 3, board None, linked to chip (0, 0)
  Slice 7936(96:112)(56:64) on FGPA 0, FPGA link 5, board None, linked to chip (0, 0)
  Slice 7936(96:112)(56:64) on FGPA 0, FPGA link 7, board None, linked to chip (0, 0)
  Slice 7936(96:112)(56:64) on FGPA 0, FPGA link 9, board None, linked to chip (0, 0)
  Slice 8064(112:128)(56:64) on FGPA 0, FPGA link 11, board None, linked to chip (0, 0)
  Slice 8064(112:128)(56:64) on FGPA 0, FPGA link 13, board None, linked to chip (0, 0)
  Slice 8064(112:128)(56:64) on FGPA 0, FPGA link 15, board None, linked to chip (0, 0)
  Slice 8064(112:128)(56:64) on FGPA 0, FPGA link 1, board None, linked to chip (0, 0)
  Slice 8064(112:128)(56:64) on FGPA 0, FPGA link 3, board None, linked to chip (0, 0)
  Slice 8064(112:128)(56:64) on FGPA 0, FPGA link 5, board None, linked to chip (0, 0)
  Slice 8064(112:128)(56:64) on FGPA 0, FPGA link 7, board None, linked to chip (0, 0)
  Slice 8064(112:128)(56:64) on FGPA 0, FPGA link 9, board None, linked to chip (0, 0)
  Slice 8192(0:16)(64:72) on FGPA 0, FPGA link 11, board None, linked to chip (0, 0)
  Slice 8192(0:16)(64:72) on FGPA 0, FPGA link 13, board None, linked to chip (0, 0)
  Slice 8192(0:16)(64:72) on FGPA 0, FPGA link 15, board None, linked to chip (0, 0)
  Slice 8192(0:16)(64:72) on FGPA 0, FPGA link 1, board None, linked to chip (0, 0)
  Slice 8192(0:16)(64:72) on FGPA 0, FPGA link 3, board None, linked to chip (0, 0)
  Slice 8192(0:16)(64:72) on FGPA 0, FPGA link 5, board None, linked to chip (0, 0)
  Slice 8192(0:16)(64:72) on FGPA 0, FPGA link 7, board None, linked to chip (0, 0)
  Slice 8192(0:16)(64:72) on FGPA 0, FPGA link 9, board None, linked to chip (0, 0)
  Slice 8320(16:32)(64:72) on FGPA 0, FPGA link 11, board None, linked to chip (0, 0)
  Slice 8320(16:32)(64:72) on FGPA 0, FPGA link 13, board None, linked to chip (0, 0)
  Slice 8320(16:32)(64:72) on FGPA 0, FPGA link 15, board None, linked to chip (0, 0)
  Slice 8320(16:32)(64:72) on FGPA 0, FPGA link 1, board None, linked to chip (0, 0)
  Slice 8320(16:32)(64:72) on FGPA 0, FPGA link 3, board None, linked to chip (0, 0)
  Slice 8320(16:32)(64:72) on FGPA 0, FPGA link 5, board None, linked to chip (0, 0)
  Slice 8320(16:32)(64:72) on FGPA 0, FPGA link 7, board None, linked to chip (0, 0)
  Slice 8320(16:32)(64:72) on FGPA 0, FPGA link 9, board None, linked to chip (0, 0)
  Slice 8448(32:48)(64:72) on FGPA 0, FPGA link 11, board None, linked to chip (0, 0)
  Slice 8448(32:48)(64:72) on FGPA 0, FPGA link 13, board None, linked to chip (0, 0)
  Slice 8448(32:48)(64:72) on FGPA 0, FPGA link 15, board None, linked to chip (0, 0)
  Slice 8448(32:48)(64:72) on FGPA 0, FPGA link 1, board None, linked to chip (0, 0)
  Slice 8448(32:48)(64:72) on FGPA 0, FPGA link 3, board None, linked to chip (0, 0)
  Slice 8448(32:48)(64:72) on FGPA 0, FPGA link 5, board None, linked to chip (0, 0)
  Slice 8448(32:48)(64:72) on FGPA 0, FPGA link 7, board None, linked to chip (0, 0)
  Slice 8448(32:48)(64:72) on FGPA 0, FPGA link 9, board None, linked to chip (0, 0)
  Slice 8576(48:64)(64:72) on FGPA 0, FPGA link 11, board None, linked to chip (0, 0)
  Slice 8576(48:64)(64:72) on FGPA 0, FPGA link 13, board None, linked to chip (0, 0)
  Slice 8576(48:64)(64:72) on FGPA 0, FPGA link 15, board None, linked to chip (0, 0)
  Slice 8576(48:64)(64:72) on FGPA 0, FPGA link 1, board None, linked to chip (0, 0)
  Slice 8576(48:64)(64:72) on FGPA 0, FPGA link 3, board None, linked to chip (0, 0)
  Slice 8576(48:64)(64:72) on FGPA 0, FPGA link 5, board None, linked to chip (0, 0)
  Slice 8576(48:64)(64:72) on FGPA 0, FPGA link 7, board None, linked to chip (0, 0)
  Slice 8576(48:64)(64:72) on FGPA 0, FPGA link 9, board None, linked to chip (0, 0)
  Slice 8704(64:80)(64:72) on FGPA 0, FPGA link 11, board None, linked to chip (0, 0)
  Slice 8704(64:80)(64:72) on FGPA 0, FPGA link 13, board None, linked to chip (0, 0)
  Slice 8704(64:80)(64:72) on FGPA 0, FPGA link 15, board None, linked to chip (0, 0)
  Slice 8704(64:80)(64:72) on FGPA 0, FPGA link 1, board None, linked to chip (0, 0)
  Slice 8704(64:80)(64:72) on FGPA 0, FPGA link 3, board None, linked to chip (0, 0)
  Slice 8704(64:80)(64:72) on FGPA 0, FPGA link 5, board None, linked to chip (0, 0)
  Slice 8704(64:80)(64:72) on FGPA 0, FPGA link 7, board None, linked to chip (0, 0)
  Slice 8704(64:80)(64:72) on FGPA 0, FPGA link 9, board None, linked to chip (0, 0)
  Slice 8832(80:96)(64:72) on FGPA 0, FPGA link 11, board None, linked to chip (0, 0)
  Slice 8832(80:96)(64:72) on FGPA 0, FPGA link 13, board None, linked to chip (0, 0)
  Slice 8832(80:96)(64:72) on FGPA 0, FPGA link 15, board None, linked to chip (0, 0)
  Slice 8832(80:96)(64:72) on FGPA 0, FPGA link 1, board None, linked to chip (0, 0)
  Slice 8832(80:96)(64:72) on FGPA 0, FPGA link 3, board None, linked to chip (0, 0)
  Slice 8832(80:96)(64:72) on FGPA 0, FPGA link 5, board None, linked to chip (0, 0)
  Slice 8832(80:96)(64:72) on FGPA 0, FPGA link 7, board None, linked to chip (0, 0)
  Slice 8832(80:96)(64:72) on FGPA 0, FPGA link 9, board None, linked to chip (0, 0)
  Slice 8960(96:112)(64:72) on FGPA 0, FPGA link 11, board None, linked to chip (0, 0)
  Slice 8960(96:112)(64:72) on FGPA 0, FPGA link 13, board None, linked to chip (0, 0)
  Slice 8960(96:112)(64:72) on FGPA 0, FPGA link 15, board None, linked to chip (0, 0)
  Slice 8960(96:112)(64:72) on FGPA 0, FPGA link 1, board None, linked to chip (0, 0)
  Slice 8960(96:112)(64:72) on FGPA 0, FPGA link 3, board None, linked to chip (0, 0)
  Slice 8960(96:112)(64:72) on FGPA 0, FPGA link 5, board None, linked to chip (0, 0)
  Slice 8960(96:112)(64:72) on FGPA 0, FPGA link 7, board None, linked to chip (0, 0)
  Slice 8960(96:112)(64:72) on FGPA 0, FPGA link 9, board None, linked to chip (0, 0)
  Slice 9088(112:128)(64:72) on FGPA 0, FPGA link 11, board None, linked to chip (0, 0)
  Slice 9088(112:128)(64:72) on FGPA 0, FPGA link 13, board None, linked to chip (0, 0)
  Slice 9088(112:128)(64:72) on FGPA 0, FPGA link 15, board None, linked to chip (0, 0)
  Slice 9088(112:128)(64:72) on FGPA 0, FPGA link 1, board None, linked to chip (0, 0)
  Slice 9088(112:128)(64:72) on FGPA 0, FPGA link 3, board None, linked to chip (0, 0)
  Slice 9088(112:128)(64:72) on FGPA 0, FPGA link 5, board None, linked to chip (0, 0)
  Slice 9088(112:128)(64:72) on FGPA 0, FPGA link 7, board None, linked to chip (0, 0)
  Slice 9088(112:128)(64:72) on FGPA 0, FPGA link 9, board None, linked to chip (0, 0)
  Slice 9216(0:16)(72:80) on FGPA 0, FPGA link 11, board None, linked to chip (0, 0)
  Slice 9216(0:16)(72:80) on FGPA 0, FPGA link 13, board None, linked to chip (0, 0)
  Slice 9216(0:16)(72:80) on FGPA 0, FPGA link 15, board None, linked to chip (0, 0)
  Slice 9216(0:16)(72:80) on FGPA 0, FPGA link 1, board None, linked to chip (0, 0)
  Slice 9216(0:16)(72:80) on FGPA 0, FPGA link 3, board None, linked to chip (0, 0)
  Slice 9216(0:16)(72:80) on FGPA 0, FPGA link 5, board None, linked to chip (0, 0)
  Slice 9216(0:16)(72:80) on FGPA 0, FPGA link 7, board None, linked to chip (0, 0)
  Slice 9216(0:16)(72:80) on FGPA 0, FPGA link 9, board None, linked to chip (0, 0)
  Slice 9344(16:32)(72:80) on FGPA 0, FPGA link 11, board None, linked to chip (0, 0)
  Slice 9344(16:32)(72:80) on FGPA 0, FPGA link 13, board None, linked to chip (0, 0)
  Slice 9344(16:32)(72:80) on FGPA 0, FPGA link 15, board None, linked to chip (0, 0)
  Slice 9344(16:32)(72:80) on FGPA 0, FPGA link 1, board None, linked to chip (0, 0)
  Slice 9344(16:32)(72:80) on FGPA 0, FPGA link 3, board None, linked to chip (0, 0)
  Slice 9344(16:32)(72:80) on FGPA 0, FPGA link 5, board None, linked to chip (0, 0)
  Slice 9344(16:32)(72:80) on FGPA 0, FPGA link 7, board None, linked to chip (0, 0)
  Slice 9344(16:32)(72:80) on FGPA 0, FPGA link 9, board None, linked to chip (0, 0)
  Slice 9472(32:48)(72:80) on FGPA 0, FPGA link 11, board None, linked to chip (0, 0)
  Slice 9472(32:48)(72:80) on FGPA 0, FPGA link 13, board None, linked to chip (0, 0)
  Slice 9472(32:48)(72:80) on FGPA 0, FPGA link 15, board None, linked to chip (0, 0)
  Slice 9472(32:48)(72:80) on FGPA 0, FPGA link 1, board None, linked to chip (0, 0)
  Slice 9472(32:48)(72:80) on FGPA 0, FPGA link 3, board None, linked to chip (0, 0)
  Slice 9472(32:48)(72:80) on FGPA 0, FPGA link 5, board None, linked to chip (0, 0)
  Slice 9472(32:48)(72:80) on FGPA 0, FPGA link 7, board None, linked to chip (0, 0)
  Slice 9472(32:48)(72:80) on FGPA 0, FPGA link 9, board None, linked to chip (0, 0)
  Slice 9600(48:64)(72:80) on FGPA 0, FPGA link 11, board None, linked to chip (0, 0)
  Slice 9600(48:64)(72:80) on FGPA 0, FPGA link 13, board None, linked to chip (0, 0)
  Slice 9600(48:64)(72:80) on FGPA 0, FPGA link 15, board None, linked to chip (0, 0)
  Slice 9600(48:64)(72:80) on FGPA 0, FPGA link 1, board None, linked to chip (0, 0)
  Slice 9600(48:64)(72:80) on FGPA 0, FPGA link 3, board None, linked to chip (0, 0)
  Slice 9600(48:64)(72:80) on FGPA 0, FPGA link 5, board None, linked to chip (0, 0)
  Slice 9600(48:64)(72:80) on FGPA 0, FPGA link 7, board None, linked to chip (0, 0)
  Slice 9600(48:64)(72:80) on FGPA 0, FPGA link 9, board None, linked to chip (0, 0)
  Slice 9728(64:80)(72:80) on FGPA 0, FPGA link 11, board None, linked to chip (0, 0)
  Slice 9728(64:80)(72:80) on FGPA 0, FPGA link 13, board None, linked to chip (0, 0)
  Slice 9728(64:80)(72:80) on FGPA 0, FPGA link 15, board None, linked to chip (0, 0)
  Slice 9728(64:80)(72:80) on FGPA 0, FPGA link 1, board None, linked to chip (0, 0)
  Slice 9728(64:80)(72:80) on FGPA 0, FPGA link 3, board None, linked to chip (0, 0)
  Slice 9728(64:80)(72:80) on FGPA 0, FPGA link 5, board None, linked to chip (0, 0)
  Slice 9728(64:80)(72:80) on FGPA 0, FPGA link 7, board None, linked to chip (0, 0)
  Slice 9728(64:80)(72:80) on FGPA 0, FPGA link 9, board None, linked to chip (0, 0)
  Slice 9856(80:96)(72:80) on FGPA 0, FPGA link 11, board None, linked to chip (0, 0)
  Slice 9856(80:96)(72:80) on FGPA 0, FPGA link 13, board None, linked to chip (0, 0)
  Slice 9856(80:96)(72:80) on FGPA 0, FPGA link 15, board None, linked to chip (0, 0)
  Slice 9856(80:96)(72:80) on FGPA 0, FPGA link 1, board None, linked to chip (0, 0)
  Slice 9856(80:96)(72:80) on FGPA 0, FPGA link 3, board None, linked to chip (0, 0)
  Slice 9856(80:96)(72:80) on FGPA 0, FPGA link 5, board None, linked to chip (0, 0)
  Slice 9856(80:96)(72:80) on FGPA 0, FPGA link 7, board None, linked to chip (0, 0)
  Slice 9856(80:96)(72:80) on FGPA 0, FPGA link 9, board None, linked to chip (0, 0)
  Slice 9984(96:112)(72:80) on FGPA 0, FPGA link 11, board None, linked to chip (0, 0)
  Slice 9984(96:112)(72:80) on FGPA 0, FPGA link 13, board None, linked to chip (0, 0)
  Slice 9984(96:112)(72:80) on FGPA 0, FPGA link 15, board None, linked to chip (0, 0)
  Slice 9984(96:112)(72:80) on FGPA 0, FPGA link 1, board None, linked to chip (0, 0)
  Slice 9984(96:112)(72:80) on FGPA 0, FPGA link 3, board None, linked to chip (0, 0)
  Slice 9984(96:112)(72:80) on FGPA 0, FPGA link 5, board None, linked to chip (0, 0)
  Slice 9984(96:112)(72:80) on FGPA 0, FPGA link 7, board None, linked to chip (0, 0)
  Slice 9984(96:112)(72:80) on FGPA 0, FPGA link 9, board None, linked to chip (0, 0)
  Slice 10112(112:128)(72:80) on FGPA 0, FPGA link 11, board None, linked to chip (0, 0)
  Slice 10112(112:128)(72:80) on FGPA 0, FPGA link 13, board None, linked to chip (0, 0)
  Slice 10112(112:128)(72:80) on FGPA 0, FPGA link 15, board None, linked to chip (0, 0)
  Slice 10112(112:128)(72:80) on FGPA 0, FPGA link 1, board None, linked to chip (0, 0)
  Slice 10112(112:128)(72:80) on FGPA 0, FPGA link 3, board None, linked to chip (0, 0)
  Slice 10112(112:128)(72:80) on FGPA 0, FPGA link 5, board None, linked to chip (0, 0)
  Slice 10112(112:128)(72:80) on FGPA 0, FPGA link 7, board None, linked to chip (0, 0)
  Slice 10112(112:128)(72:80) on FGPA 0, FPGA link 9, board None, linked to chip (0, 0)
  Slice 10240(0:16)(80:88) on FGPA 0, FPGA link 11, board None, linked to chip (0, 0)
  Slice 10240(0:16)(80:88) on FGPA 0, FPGA link 13, board None, linked to chip (0, 0)
  Slice 10240(0:16)(80:88) on FGPA 0, FPGA link 15, board None, linked to chip (0, 0)
  Slice 10240(0:16)(80:88) on FGPA 0, FPGA link 1, board None, linked to chip (0, 0)
  Slice 10240(0:16)(80:88) on FGPA 0, FPGA link 3, board None, linked to chip (0, 0)
  Slice 10240(0:16)(80:88) on FGPA 0, FPGA link 5, board None, linked to chip (0, 0)
  Slice 10240(0:16)(80:88) on FGPA 0, FPGA link 7, board None, linked to chip (0, 0)
  Slice 10240(0:16)(80:88) on FGPA 0, FPGA link 9, board None, linked to chip (0, 0)
  Slice 10368(16:32)(80:88) on FGPA 0, FPGA link 11, board None, linked to chip (0, 0)
  Slice 10368(16:32)(80:88) on FGPA 0, FPGA link 13, board None, linked to chip (0, 0)
  Slice 10368(16:32)(80:88) on FGPA 0, FPGA link 15, board None, linked to chip (0, 0)
  Slice 10368(16:32)(80:88) on FGPA 0, FPGA link 1, board None, linked to chip (0, 0)
  Slice 10368(16:32)(80:88) on FGPA 0, FPGA link 3, board None, linked to chip (0, 0)
  Slice 10368(16:32)(80:88) on FGPA 0, FPGA link 5, board None, linked to chip (0, 0)
  Slice 10368(16:32)(80:88) on FGPA 0, FPGA link 7, board None, linked to chip (0, 0)
  Slice 10368(16:32)(80:88) on FGPA 0, FPGA link 9, board None, linked to chip (0, 0)
  Slice 10496(32:48)(80:88) on FGPA 0, FPGA link 11, board None, linked to chip (0, 0)
  Slice 10496(32:48)(80:88) on FGPA 0, FPGA link 13, board None, linked to chip (0, 0)
  Slice 10496(32:48)(80:88) on FGPA 0, FPGA link 15, board None, linked to chip (0, 0)
  Slice 10496(32:48)(80:88) on FGPA 0, FPGA link 1, board None, linked to chip (0, 0)
  Slice 10496(32:48)(80:88) on FGPA 0, FPGA link 3, board None, linked to chip (0, 0)
  Slice 10496(32:48)(80:88) on FGPA 0, FPGA link 5, board None, linked to chip (0, 0)
  Slice 10496(32:48)(80:88) on FGPA 0, FPGA link 7, board None, linked to chip (0, 0)
  Slice 10496(32:48)(80:88) on FGPA 0, FPGA link 9, board None, linked to chip (0, 0)
  Slice 10624(48:64)(80:88) on FGPA 0, FPGA link 11, board None, linked to chip (0, 0)
  Slice 10624(48:64)(80:88) on FGPA 0, FPGA link 13, board None, linked to chip (0, 0)
  Slice 10624(48:64)(80:88) on FGPA 0, FPGA link 15, board None, linked to chip (0, 0)
  Slice 10624(48:64)(80:88) on FGPA 0, FPGA link 1, board None, linked to chip (0, 0)
  Slice 10624(48:64)(80:88) on FGPA 0, FPGA link 3, board None, linked to chip (0, 0)
  Slice 10624(48:64)(80:88) on FGPA 0, FPGA link 5, board None, linked to chip (0, 0)
  Slice 10624(48:64)(80:88) on FGPA 0, FPGA link 7, board None, linked to chip (0, 0)
  Slice 10624(48:64)(80:88) on FGPA 0, FPGA link 9, board None, linked to chip (0, 0)
  Slice 10752(64:80)(80:88) on FGPA 0, FPGA link 11, board None, linked to chip (0, 0)
  Slice 10752(64:80)(80:88) on FGPA 0, FPGA link 13, board None, linked to chip (0, 0)
  Slice 10752(64:80)(80:88) on FGPA 0, FPGA link 15, board None, linked to chip (0, 0)
  Slice 10752(64:80)(80:88) on FGPA 0, FPGA link 1, board None, linked to chip (0, 0)
  Slice 10752(64:80)(80:88) on FGPA 0, FPGA link 3, board None, linked to chip (0, 0)
  Slice 10752(64:80)(80:88) on FGPA 0, FPGA link 5, board None, linked to chip (0, 0)
  Slice 10752(64:80)(80:88) on FGPA 0, FPGA link 7, board None, linked to chip (0, 0)
  Slice 10752(64:80)(80:88) on FGPA 0, FPGA link 9, board None, linked to chip (0, 0)
  Slice 10880(80:96)(80:88) on FGPA 0, FPGA link 11, board None, linked to chip (0, 0)
  Slice 10880(80:96)(80:88) on FGPA 0, FPGA link 13, board None, linked to chip (0, 0)
  Slice 10880(80:96)(80:88) on FGPA 0, FPGA link 15, board None, linked to chip (0, 0)
  Slice 10880(80:96)(80:88) on FGPA 0, FPGA link 1, board None, linked to chip (0, 0)
  Slice 10880(80:96)(80:88) on FGPA 0, FPGA link 3, board None, linked to chip (0, 0)
  Slice 10880(80:96)(80:88) on FGPA 0, FPGA link 5, board None, linked to chip (0, 0)
  Slice 10880(80:96)(80:88) on FGPA 0, FPGA link 7, board None, linked to chip (0, 0)
  Slice 10880(80:96)(80:88) on FGPA 0, FPGA link 9, board None, linked to chip (0, 0)
  Slice 11008(96:112)(80:88) on FGPA 0, FPGA link 11, board None, linked to chip (0, 0)
  Slice 11008(96:112)(80:88) on FGPA 0, FPGA link 13, board None, linked to chip (0, 0)
  Slice 11008(96:112)(80:88) on FGPA 0, FPGA link 15, board None, linked to chip (0, 0)
  Slice 11008(96:112)(80:88) on FGPA 0, FPGA link 1, board None, linked to chip (0, 0)
  Slice 11008(96:112)(80:88) on FGPA 0, FPGA link 3, board None, linked to chip (0, 0)
  Slice 11008(96:112)(80:88) on FGPA 0, FPGA link 5, board None, linked to chip (0, 0)
  Slice 11008(96:112)(80:88) on FGPA 0, FPGA link 7, board None, linked to chip (0, 0)
  Slice 11008(96:112)(80:88) on FGPA 0, FPGA link 9, board None, linked to chip (0, 0)
  Slice 11136(112:128)(80:88) on FGPA 0, FPGA link 11, board None, linked to chip (0, 0)
  Slice 11136(112:128)(80:88) on FGPA 0, FPGA link 13, board None, linked to chip (0, 0)
  Slice 11136(112:128)(80:88) on FGPA 0, FPGA link 15, board None, linked to chip (0, 0)
  Slice 11136(112:128)(80:88) on FGPA 0, FPGA link 1, board None, linked to chip (0, 0)
  Slice 11136(112:128)(80:88) on FGPA 0, FPGA link 3, board None, linked to chip (0, 0)
  Slice 11136(112:128)(80:88) on FGPA 0, FPGA link 5, board None, linked to chip (0, 0)
  Slice 11136(112:128)(80:88) on FGPA 0, FPGA link 7, board None, linked to chip (0, 0)
  Slice 11136(112:128)(80:88) on FGPA 0, FPGA link 9, board None, linked to chip (0, 0)
  Slice 11264(0:16)(88:96) on FGPA 0, FPGA link 11, board None, linked to chip (0, 0)
  Slice 11264(0:16)(88:96) on FGPA 0, FPGA link 13, board None, linked to chip (0, 0)
  Slice 11264(0:16)(88:96) on FGPA 0, FPGA link 15, board None, linked to chip (0, 0)
  Slice 11264(0:16)(88:96) on FGPA 0, FPGA link 1, board None, linked to chip (0, 0)
  Slice 11264(0:16)(88:96) on FGPA 0, FPGA link 3, board None, linked to chip (0, 0)
  Slice 11264(0:16)(88:96) on FGPA 0, FPGA link 5, board None, linked to chip (0, 0)
  Slice 11264(0:16)(88:96) on FGPA 0, FPGA link 7, board None, linked to chip (0, 0)
  Slice 11264(0:16)(88:96) on FGPA 0, FPGA link 9, board None, linked to chip (0, 0)
  Slice 11392(16:32)(88:96) on FGPA 0, FPGA link 11, board None, linked to chip (0, 0)
  Slice 11392(16:32)(88:96) on FGPA 0, FPGA link 13, board None, linked to chip (0, 0)
  Slice 11392(16:32)(88:96) on FGPA 0, FPGA link 15, board None, linked to chip (0, 0)
  Slice 11392(16:32)(88:96) on FGPA 0, FPGA link 1, board None, linked to chip (0, 0)
  Slice 11392(16:32)(88:96) on FGPA 0, FPGA link 3, board None, linked to chip (0, 0)
  Slice 11392(16:32)(88:96) on FGPA 0, FPGA link 5, board None, linked to chip (0, 0)
  Slice 11392(16:32)(88:96) on FGPA 0, FPGA link 7, board None, linked to chip (0, 0)
  Slice 11392(16:32)(88:96) on FGPA 0, FPGA link 9, board None, linked to chip (0, 0)
  Slice 11520(32:48)(88:96) on FGPA 0, FPGA link 11, board None, linked to chip (0, 0)
  Slice 11520(32:48)(88:96) on FGPA 0, FPGA link 13, board None, linked to chip (0, 0)
  Slice 11520(32:48)(88:96) on FGPA 0, FPGA link 15, board None, linked to chip (0, 0)
  Slice 11520(32:48)(88:96) on FGPA 0, FPGA link 1, board None, linked to chip (0, 0)
  Slice 11520(32:48)(88:96) on FGPA 0, FPGA link 3, board None, linked to chip (0, 0)
  Slice 11520(32:48)(88:96) on FGPA 0, FPGA link 5, board None, linked to chip (0, 0)
  Slice 11520(32:48)(88:96) on FGPA 0, FPGA link 7, board None, linked to chip (0, 0)
  Slice 11520(32:48)(88:96) on FGPA 0, FPGA link 9, board None, linked to chip (0, 0)
  Slice 11648(48:64)(88:96) on FGPA 0, FPGA link 11, board None, linked to chip (0, 0)
  Slice 11648(48:64)(88:96) on FGPA 0, FPGA link 13, board None, linked to chip (0, 0)
  Slice 11648(48:64)(88:96) on FGPA 0, FPGA link 15, board None, linked to chip (0, 0)
  Slice 11648(48:64)(88:96) on FGPA 0, FPGA link 1, board None, linked to chip (0, 0)
  Slice 11648(48:64)(88:96) on FGPA 0, FPGA link 3, board None, linked to chip (0, 0)
  Slice 11648(48:64)(88:96) on FGPA 0, FPGA link 5, board None, linked to chip (0, 0)
  Slice 11648(48:64)(88:96) on FGPA 0, FPGA link 7, board None, linked to chip (0, 0)
  Slice 11648(48:64)(88:96) on FGPA 0, FPGA link 9, board None, linked to chip (0, 0)
  Slice 11776(64:80)(88:96) on FGPA 0, FPGA link 11, board None, linked to chip (0, 0)
  Slice 11776(64:80)(88:96) on FGPA 0, FPGA link 13, board None, linked to chip (0, 0)
  Slice 11776(64:80)(88:96) on FGPA 0, FPGA link 15, board None, linked to chip (0, 0)
  Slice 11776(64:80)(88:96) on FGPA 0, FPGA link 1, board None, linked to chip (0, 0)
  Slice 11776(64:80)(88:96) on FGPA 0, FPGA link 3, board None, linked to chip (0, 0)
  Slice 11776(64:80)(88:96) on FGPA 0, FPGA link 5, board None, linked to chip (0, 0)
  Slice 11776(64:80)(88:96) on FGPA 0, FPGA link 7, board None, linked to chip (0, 0)
  Slice 11776(64:80)(88:96) on FGPA 0, FPGA link 9, board None, linked to chip (0, 0)
  Slice 11904(80:96)(88:96) on FGPA 0, FPGA link 11, board None, linked to chip (0, 0)
  Slice 11904(80:96)(88:96) on FGPA 0, FPGA link 13, board None, linked to chip (0, 0)
  Slice 11904(80:96)(88:96) on FGPA 0, FPGA link 15, board None, linked to chip (0, 0)
  Slice 11904(80:96)(88:96) on FGPA 0, FPGA link 1, board None, linked to chip (0, 0)
  Slice 11904(80:96)(88:96) on FGPA 0, FPGA link 3, board None, linked to chip (0, 0)
  Slice 11904(80:96)(88:96) on FGPA 0, FPGA link 5, board None, linked to chip (0, 0)
  Slice 11904(80:96)(88:96) on FGPA 0, FPGA link 7, board None, linked to chip (0, 0)
  Slice 11904(80:96)(88:96) on FGPA 0, FPGA link 9, board None, linked to chip (0, 0)
  Slice 12032(96:112)(88:96) on FGPA 0, FPGA link 11, board None, linked to chip (0, 0)
  Slice 12032(96:112)(88:96) on FGPA 0, FPGA link 13, board None, linked to chip (0, 0)
  Slice 12032(96:112)(88:96) on FGPA 0, FPGA link 15, board None, linked to chip (0, 0)
  Slice 12032(96:112)(88:96) on FGPA 0, FPGA link 1, board None, linked to chip (0, 0)
  Slice 12032(96:112)(88:96) on FGPA 0, FPGA link 3, board None, linked to chip (0, 0)
  Slice 12032(96:112)(88:96) on FGPA 0, FPGA link 5, board None, linked to chip (0, 0)
  Slice 12032(96:112)(88:96) on FGPA 0, FPGA link 7, board None, linked to chip (0, 0)
  Slice 12032(96:112)(88:96) on FGPA 0, FPGA link 9, board None, linked to chip (0, 0)
  Slice 12160(112:128)(88:96) on FGPA 0, FPGA link 11, board None, linked to chip (0, 0)
  Slice 12160(112:128)(88:96) on FGPA 0, FPGA link 13, board None, linked to chip (0, 0)
  Slice 12160(112:128)(88:96) on FGPA 0, FPGA link 15, board None, linked to chip (0, 0)
  Slice 12160(112:128)(88:96) on FGPA 0, FPGA link 1, board None, linked to chip (0, 0)
  Slice 12160(112:128)(88:96) on FGPA 0, FPGA link 3, board None, linked to chip (0, 0)
  Slice 12160(112:128)(88:96) on FGPA 0, FPGA link 5, board None, linked to chip (0, 0)
  Slice 12160(112:128)(88:96) on FGPA 0, FPGA link 7, board None, linked to chip (0, 0)
  Slice 12160(112:128)(88:96) on FGPA 0, FPGA link 9, board None, linked to chip (0, 0)
  Slice 12288(0:16)(96:104) on FGPA 0, FPGA link 11, board None, linked to chip (0, 0)
  Slice 12288(0:16)(96:104) on FGPA 0, FPGA link 13, board None, linked to chip (0, 0)
  Slice 12288(0:16)(96:104) on FGPA 0, FPGA link 15, board None, linked to chip (0, 0)
  Slice 12288(0:16)(96:104) on FGPA 0, FPGA link 1, board None, linked to chip (0, 0)
  Slice 12288(0:16)(96:104) on FGPA 0, FPGA link 3, board None, linked to chip (0, 0)
  Slice 12288(0:16)(96:104) on FGPA 0, FPGA link 5, board None, linked to chip (0, 0)
  Slice 12288(0:16)(96:104) on FGPA 0, FPGA link 7, board None, linked to chip (0, 0)
  Slice 12288(0:16)(96:104) on FGPA 0, FPGA link 9, board None, linked to chip (0, 0)
  Slice 12416(16:32)(96:104) on FGPA 0, FPGA link 11, board None, linked to chip (0, 0)
  Slice 12416(16:32)(96:104) on FGPA 0, FPGA link 13, board None, linked to chip (0, 0)
  Slice 12416(16:32)(96:104) on FGPA 0, FPGA link 15, board None, linked to chip (0, 0)
  Slice 12416(16:32)(96:104) on FGPA 0, FPGA link 1, board None, linked to chip (0, 0)
  Slice 12416(16:32)(96:104) on FGPA 0, FPGA link 3, board None, linked to chip (0, 0)
  Slice 12416(16:32)(96:104) on FGPA 0, FPGA link 5, board None, linked to chip (0, 0)
  Slice 12416(16:32)(96:104) on FGPA 0, FPGA link 7, board None, linked to chip (0, 0)
  Slice 12416(16:32)(96:104) on FGPA 0, FPGA link 9, board None, linked to chip (0, 0)
  Slice 12544(32:48)(96:104) on FGPA 0, FPGA link 11, board None, linked to chip (0, 0)
  Slice 12544(32:48)(96:104) on FGPA 0, FPGA link 13, board None, linked to chip (0, 0)
  Slice 12544(32:48)(96:104) on FGPA 0, FPGA link 15, board None, linked to chip (0, 0)
  Slice 12544(32:48)(96:104) on FGPA 0, FPGA link 1, board None, linked to chip (0, 0)
  Slice 12544(32:48)(96:104) on FGPA 0, FPGA link 3, board None, linked to chip (0, 0)
  Slice 12544(32:48)(96:104) on FGPA 0, FPGA link 5, board None, linked to chip (0, 0)
  Slice 12544(32:48)(96:104) on FGPA 0, FPGA link 7, board None, linked to chip (0, 0)
  Slice 12544(32:48)(96:104) on FGPA 0, FPGA link 9, board None, linked to chip (0, 0)
  Slice 12672(48:64)(96:104) on FGPA 0, FPGA link 11, board None, linked to chip (0, 0)
  Slice 12672(48:64)(96:104) on FGPA 0, FPGA link 13, board None, linked to chip (0, 0)
  Slice 12672(48:64)(96:104) on FGPA 0, FPGA link 15, board None, linked to chip (0, 0)
  Slice 12672(48:64)(96:104) on FGPA 0, FPGA link 1, board None, linked to chip (0, 0)
  Slice 12672(48:64)(96:104) on FGPA 0, FPGA link 3, board None, linked to chip (0, 0)
  Slice 12672(48:64)(96:104) on FGPA 0, FPGA link 5, board None, linked to chip (0, 0)
  Slice 12672(48:64)(96:104) on FGPA 0, FPGA link 7, board None, linked to chip (0, 0)
  Slice 12672(48:64)(96:104) on FGPA 0, FPGA link 9, board None, linked to chip (0, 0)
  Slice 12800(64:80)(96:104) on FGPA 0, FPGA link 11, board None, linked to chip (0, 0)
  Slice 12800(64:80)(96:104) on FGPA 0, FPGA link 13, board None, linked to chip (0, 0)
  Slice 12800(64:80)(96:104) on FGPA 0, FPGA link 15, board None, linked to chip (0, 0)
  Slice 12800(64:80)(96:104) on FGPA 0, FPGA link 1, board None, linked to chip (0, 0)
  Slice 12800(64:80)(96:104) on FGPA 0, FPGA link 3, board None, linked to chip (0, 0)
  Slice 12800(64:80)(96:104) on FGPA 0, FPGA link 5, board None, linked to chip (0, 0)
  Slice 12800(64:80)(96:104) on FGPA 0, FPGA link 7, board None, linked to chip (0, 0)
  Slice 12800(64:80)(96:104) on FGPA 0, FPGA link 9, board None, linked to chip (0, 0)
  Slice 12928(80:96)(96:104) on FGPA 0, FPGA link 11, board None, linked to chip (0, 0)
  Slice 12928(80:96)(96:104) on FGPA 0, FPGA link 13, board None, linked to chip (0, 0)
  Slice 12928(80:96)(96:104) on FGPA 0, FPGA link 15, board None, linked to chip (0, 0)
  Slice 12928(80:96)(96:104) on FGPA 0, FPGA link 1, board None, linked to chip (0, 0)
  Slice 12928(80:96)(96:104) on FGPA 0, FPGA link 3, board None, linked to chip (0, 0)
  Slice 12928(80:96)(96:104) on FGPA 0, FPGA link 5, board None, linked to chip (0, 0)
  Slice 12928(80:96)(96:104) on FGPA 0, FPGA link 7, board None, linked to chip (0, 0)
  Slice 12928(80:96)(96:104) on FGPA 0, FPGA link 9, board None, linked to chip (0, 0)
  Slice 13056(96:112)(96:104) on FGPA 0, FPGA link 11, board None, linked to chip (0, 0)
  Slice 13056(96:112)(96:104) on FGPA 0, FPGA link 13, board None, linked to chip (0, 0)
  Slice 13056(96:112)(96:104) on FGPA 0, FPGA link 15, board None, linked to chip (0, 0)
  Slice 13056(96:112)(96:104) on FGPA 0, FPGA link 1, board None, linked to chip (0, 0)
  Slice 13056(96:112)(96:104) on FGPA 0, FPGA link 3, board None, linked to chip (0, 0)
  Slice 13056(96:112)(96:104) on FGPA 0, FPGA link 5, board None, linked to chip (0, 0)
  Slice 13056(96:112)(96:104) on FGPA 0, FPGA link 7, board None, linked to chip (0, 0)
  Slice 13056(96:112)(96:104) on FGPA 0, FPGA link 9, board None, linked to chip (0, 0)
  Slice 13184(112:128)(96:104) on FGPA 0, FPGA link 11, board None, linked to chip (0, 0)
  Slice 13184(112:128)(96:104) on FGPA 0, FPGA link 13, board None, linked to chip (0, 0)
  Slice 13184(112:128)(96:104) on FGPA 0, FPGA link 15, board None, linked to chip (0, 0)
  Slice 13184(112:128)(96:104) on FGPA 0, FPGA link 1, board None, linked to chip (0, 0)
  Slice 13184(112:128)(96:104) on FGPA 0, FPGA link 3, board None, linked to chip (0, 0)
  Slice 13184(112:128)(96:104) on FGPA 0, FPGA link 5, board None, linked to chip (0, 0)
  Slice 13184(112:128)(96:104) on FGPA 0, FPGA link 7, board None, linked to chip (0, 0)
  Slice 13184(112:128)(96:104) on FGPA 0, FPGA link 9, board None, linked to chip (0, 0)
  Slice 13312(0:16)(104:112) on FGPA 0, FPGA link 11, board None, linked to chip (0, 0)
  Slice 13312(0:16)(104:112) on FGPA 0, FPGA link 13, board None, linked to chip (0, 0)
  Slice 13312(0:16)(104:112) on FGPA 0, FPGA link 15, board None, linked to chip (0, 0)
  Slice 13312(0:16)(104:112) on FGPA 0, FPGA link 1, board None, linked to chip (0, 0)
  Slice 13312(0:16)(104:112) on FGPA 0, FPGA link 3, board None, linked to chip (0, 0)
  Slice 13312(0:16)(104:112) on FGPA 0, FPGA link 5, board None, linked to chip (0, 0)
  Slice 13312(0:16)(104:112) on FGPA 0, FPGA link 7, board None, linked to chip (0, 0)
  Slice 13312(0:16)(104:112) on FGPA 0, FPGA link 9, board None, linked to chip (0, 0)
  Slice 13440(16:32)(104:112) on FGPA 0, FPGA link 11, board None, linked to chip (0, 0)
  Slice 13440(16:32)(104:112) on FGPA 0, FPGA link 13, board None, linked to chip (0, 0)
  Slice 13440(16:32)(104:112) on FGPA 0, FPGA link 15, board None, linked to chip (0, 0)
  Slice 13440(16:32)(104:112) on FGPA 0, FPGA link 1, board None, linked to chip (0, 0)
  Slice 13440(16:32)(104:112) on FGPA 0, FPGA link 3, board None, linked to chip (0, 0)
  Slice 13440(16:32)(104:112) on FGPA 0, FPGA link 5, board None, linked to chip (0, 0)
  Slice 13440(16:32)(104:112) on FGPA 0, FPGA link 7, board None, linked to chip (0, 0)
  Slice 13440(16:32)(104:112) on FGPA 0, FPGA link 9, board None, linked to chip (0, 0)
  Slice 13568(32:48)(104:112) on FGPA 0, FPGA link 11, board None, linked to chip (0, 0)
  Slice 13568(32:48)(104:112) on FGPA 0, FPGA link 13, board None, linked to chip (0, 0)
  Slice 13568(32:48)(104:112) on FGPA 0, FPGA link 15, board None, linked to chip (0, 0)
  Slice 13568(32:48)(104:112) on FGPA 0, FPGA link 1, board None, linked to chip (0, 0)
  Slice 13568(32:48)(104:112) on FGPA 0, FPGA link 3, board None, linked to chip (0, 0)
  Slice 13568(32:48)(104:112) on FGPA 0, FPGA link 5, board None, linked to chip (0, 0)
  Slice 13568(32:48)(104:112) on FGPA 0, FPGA link 7, board None, linked to chip (0, 0)
  Slice 13568(32:48)(104:112) on FGPA 0, FPGA link 9, board None, linked to chip (0, 0)
  Slice 13696(48:64)(104:112) on FGPA 0, FPGA link 11, board None, linked to chip (0, 0)
  Slice 13696(48:64)(104:112) on FGPA 0, FPGA link 13, board None, linked to chip (0, 0)
  Slice 13696(48:64)(104:112) on FGPA 0, FPGA link 15, board None, linked to chip (0, 0)
  Slice 13696(48:64)(104:112) on FGPA 0, FPGA link 1, board None, linked to chip (0, 0)
  Slice 13696(48:64)(104:112) on FGPA 0, FPGA link 3, board None, linked to chip (0, 0)
  Slice 13696(48:64)(104:112) on FGPA 0, FPGA link 5, board None, linked to chip (0, 0)
  Slice 13696(48:64)(104:112) on FGPA 0, FPGA link 7, board None, linked to chip (0, 0)
  Slice 13696(48:64)(104:112) on FGPA 0, FPGA link 9, board None, linked to chip (0, 0)
  Slice 13824(64:80)(104:112) on FGPA 0, FPGA link 11, board None, linked to chip (0, 0)
  Slice 13824(64:80)(104:112) on FGPA 0, FPGA link 13, board None, linked to chip (0, 0)
  Slice 13824(64:80)(104:112) on FGPA 0, FPGA link 15, board None, linked to chip (0, 0)
  Slice 13824(64:80)(104:112) on FGPA 0, FPGA link 1, board None, linked to chip (0, 0)
  Slice 13824(64:80)(104:112) on FGPA 0, FPGA link 3, board None, linked to chip (0, 0)
  Slice 13824(64:80)(104:112) on FGPA 0, FPGA link 5, board None, linked to chip (0, 0)
  Slice 13824(64:80)(104:112) on FGPA 0, FPGA link 7, board None, linked to chip (0, 0)
  Slice 13824(64:80)(104:112) on FGPA 0, FPGA link 9, board None, linked to chip (0, 0)
  Slice 13952(80:96)(104:112) on FGPA 0, FPGA link 11, board None, linked to chip (0, 0)
  Slice 13952(80:96)(104:112) on FGPA 0, FPGA link 13, board None, linked to chip (0, 0)
  Slice 13952(80:96)(104:112) on FGPA 0, FPGA link 15, board None, linked to chip (0, 0)
  Slice 13952(80:96)(104:112) on FGPA 0, FPGA link 1, board None, linked to chip (0, 0)
  Slice 13952(80:96)(104:112) on FGPA 0, FPGA link 3, board None, linked to chip (0, 0)
  Slice 13952(80:96)(104:112) on FGPA 0, FPGA link 5, board None, linked to chip (0, 0)
  Slice 13952(80:96)(104:112) on FGPA 0, FPGA link 7, board None, linked to chip (0, 0)
  Slice 13952(80:96)(104:112) on FGPA 0, FPGA link 9, board None, linked to chip (0, 0)
  Slice 14080(96:112)(104:112) on FGPA 0, FPGA link 11, board None, linked to chip (0, 0)
  Slice 14080(96:112)(104:112) on FGPA 0, FPGA link 13, board None, linked to chip (0, 0)
  Slice 14080(96:112)(104:112) on FGPA 0, FPGA link 15, board None, linked to chip (0, 0)
  Slice 14080(96:112)(104:112) on FGPA 0, FPGA link 1, board None, linked to chip (0, 0)
  Slice 14080(96:112)(104:112) on FGPA 0, FPGA link 3, board None, linked to chip (0, 0)
  Slice 14080(96:112)(104:112) on FGPA 0, FPGA link 5, board None, linked to chip (0, 0)
  Slice 14080(96:112)(104:112) on FGPA 0, FPGA link 7, board None, linked to chip (0, 0)
  Slice 14080(96:112)(104:112) on FGPA 0, FPGA link 9, board None, linked to chip (0, 0)
  Slice 14208(112:128)(104:112) on FGPA 0, FPGA link 11, board None, linked to chip (0, 0)
  Slice 14208(112:128)(104:112) on FGPA 0, FPGA link 13, board None, linked to chip (0, 0)
  Slice 14208(112:128)(104:112) on FGPA 0, FPGA link 15, board None, linked to chip (0, 0)
  Slice 14208(112:128)(104:112) on FGPA 0, FPGA link 1, board None, linked to chip (0, 0)
  Slice 14208(112:128)(104:112) on FGPA 0, FPGA link 3, board None, linked to chip (0, 0)
  Slice 14208(112:128)(104:112) on FGPA 0, FPGA link 5, board None, linked to chip (0, 0)
  Slice 14208(112:128)(104:112) on FGPA 0, FPGA link 7, board None, linked to chip (0, 0)
  Slice 14208(112:128)(104:112) on FGPA 0, FPGA link 9, board None, linked to chip (0, 0)
  Slice 14336(0:16)(112:120) on FGPA 0, FPGA link 11, board None, linked to chip (0, 0)
  Slice 14336(0:16)(112:120) on FGPA 0, FPGA link 13, board None, linked to chip (0, 0)
  Slice 14336(0:16)(112:120) on FGPA 0, FPGA link 15, board None, linked to chip (0, 0)
  Slice 14336(0:16)(112:120) on FGPA 0, FPGA link 1, board None, linked to chip (0, 0)
  Slice 14336(0:16)(112:120) on FGPA 0, FPGA link 3, board None, linked to chip (0, 0)
  Slice 14336(0:16)(112:120) on FGPA 0, FPGA link 5, board None, linked to chip (0, 0)
  Slice 14336(0:16)(112:120) on FGPA 0, FPGA link 7, board None, linked to chip (0, 0)
  Slice 14336(0:16)(112:120) on FGPA 0, FPGA link 9, board None, linked to chip (0, 0)
  Slice 14464(16:32)(112:120) on FGPA 0, FPGA link 11, board None, linked to chip (0, 0)
  Slice 14464(16:32)(112:120) on FGPA 0, FPGA link 13, board None, linked to chip (0, 0)
  Slice 14464(16:32)(112:120) on FGPA 0, FPGA link 15, board None, linked to chip (0, 0)
  Slice 14464(16:32)(112:120) on FGPA 0, FPGA link 1, board None, linked to chip (0, 0)
  Slice 14464(16:32)(112:120) on FGPA 0, FPGA link 3, board None, linked to chip (0, 0)
  Slice 14464(16:32)(112:120) on FGPA 0, FPGA link 5, board None, linked to chip (0, 0)
  Slice 14464(16:32)(112:120) on FGPA 0, FPGA link 7, board None, linked to chip (0, 0)
  Slice 14464(16:32)(112:120) on FGPA 0, FPGA link 9, board None, linked to chip (0, 0)
  Slice 14592(32:48)(112:120) on FGPA 0, FPGA link 11, board None, linked to chip (0, 0)
  Slice 14592(32:48)(112:120) on FGPA 0, FPGA link 13, board None, linked to chip (0, 0)
  Slice 14592(32:48)(112:120) on FGPA 0, FPGA link 15, board None, linked to chip (0, 0)
  Slice 14592(32:48)(112:120) on FGPA 0, FPGA link 1, board None, linked to chip (0, 0)
  Slice 14592(32:48)(112:120) on FGPA 0, FPGA link 3, board None, linked to chip (0, 0)
  Slice 14592(32:48)(112:120) on FGPA 0, FPGA link 5, board None, linked to chip (0, 0)
  Slice 14592(32:48)(112:120) on FGPA 0, FPGA link 7, board None, linked to chip (0, 0)
  Slice 14592(32:48)(112:120) on FGPA 0, FPGA link 9, board None, linked to chip (0, 0)
  Slice 14720(48:64)(112:120) on FGPA 0, FPGA link 11, board None, linked to chip (0, 0)
  Slice 14720(48:64)(112:120) on FGPA 0, FPGA link 13, board None, linked to chip (0, 0)
  Slice 14720(48:64)(112:120) on FGPA 0, FPGA link 15, board None, linked to chip (0, 0)
  Slice 14720(48:64)(112:120) on FGPA 0, FPGA link 1, board None, linked to chip (0, 0)
  Slice 14720(48:64)(112:120) on FGPA 0, FPGA link 3, board None, linked to chip (0, 0)
  Slice 14720(48:64)(112:120) on FGPA 0, FPGA link 5, board None, linked to chip (0, 0)
  Slice 14720(48:64)(112:120) on FGPA 0, FPGA link 7, board None, linked to chip (0, 0)
  Slice 14720(48:64)(112:120) on FGPA 0, FPGA link 9, board None, linked to chip (0, 0)
  Slice 14848(64:80)(112:120) on FGPA 0, FPGA link 11, board None, linked to chip (0, 0)
  Slice 14848(64:80)(112:120) on FGPA 0, FPGA link 13, board None, linked to chip (0, 0)
  Slice 14848(64:80)(112:120) on FGPA 0, FPGA link 15, board None, linked to chip (0, 0)
  Slice 14848(64:80)(112:120) on FGPA 0, FPGA link 1, board None, linked to chip (0, 0)
  Slice 14848(64:80)(112:120) on FGPA 0, FPGA link 3, board None, linked to chip (0, 0)
  Slice 14848(64:80)(112:120) on FGPA 0, FPGA link 5, board None, linked to chip (0, 0)
  Slice 14848(64:80)(112:120) on FGPA 0, FPGA link 7, board None, linked to chip (0, 0)
  Slice 14848(64:80)(112:120) on FGPA 0, FPGA link 9, board None, linked to chip (0, 0)
  Slice 14976(80:96)(112:120) on FGPA 0, FPGA link 11, board None, linked to chip (0, 0)
  Slice 14976(80:96)(112:120) on FGPA 0, FPGA link 13, board None, linked to chip (0, 0)
  Slice 14976(80:96)(112:120) on FGPA 0, FPGA link 15, board None, linked to chip (0, 0)
  Slice 14976(80:96)(112:120) on FGPA 0, FPGA link 1, board None, linked to chip (0, 0)
  Slice 14976(80:96)(112:120) on FGPA 0, FPGA link 3, board None, linked to chip (0, 0)
  Slice 14976(80:96)(112:120) on FGPA 0, FPGA link 5, board None, linked to chip (0, 0)
  Slice 14976(80:96)(112:120) on FGPA 0, FPGA link 7, board None, linked to chip (0, 0)
  Slice 14976(80:96)(112:120) on FGPA 0, FPGA link 9, board None, linked to chip (0, 0)
  Slice 15104(96:112)(112:120) on FGPA 0, FPGA link 11, board None, linked to chip (0, 0)
  Slice 15104(96:112)(112:120) on FGPA 0, FPGA link 13, board None, linked to chip (0, 0)
  Slice 15104(96:112)(112:120) on FGPA 0, FPGA link 15, board None, linked to chip (0, 0)
  Slice 15104(96:112)(112:120) on FGPA 0, FPGA link 1, board None, linked to chip (0, 0)
  Slice 15104(96:112)(112:120) on FGPA 0, FPGA link 3, board None, linked to chip (0, 0)
  Slice 15104(96:112)(112:120) on FGPA 0, FPGA link 5, board None, linked to chip (0, 0)
  Slice 15104(96:112)(112:120) on FGPA 0, FPGA link 7, board None, linked to chip (0, 0)
  Slice 15104(96:112)(112:120) on FGPA 0, FPGA link 9, board None, linked to chip (0, 0)
  Slice 15232(112:128)(112:120) on FGPA 0, FPGA link 11, board None, linked to chip (0, 0)
  Slice 15232(112:128)(112:120) on FGPA 0, FPGA link 13, board None, linked to chip (0, 0)
  Slice 15232(112:128)(112:120) on FGPA 0, FPGA link 15, board None, linked to chip (0, 0)
  Slice 15232(112:128)(112:120) on FGPA 0, FPGA link 1, board None, linked to chip (0, 0)
  Slice 15232(112:128)(112:120) on FGPA 0, FPGA link 3, board None, linked to chip (0, 0)
  Slice 15232(112:128)(112:120) on FGPA 0, FPGA link 5, board None, linked to chip (0, 0)
  Slice 15232(112:128)(112:120) on FGPA 0, FPGA link 7, board None, linked to chip (0, 0)
  Slice 15232(112:128)(112:120) on FGPA 0, FPGA link 9, board None, linked to chip (0, 0)
  Slice 15360(0:16)(120:128) on FGPA 0, FPGA link 11, board None, linked to chip (0, 0)
  Slice 15360(0:16)(120:128) on FGPA 0, FPGA link 13, board None, linked to chip (0, 0)
  Slice 15360(0:16)(120:128) on FGPA 0, FPGA link 15, board None, linked to chip (0, 0)
  Slice 15360(0:16)(120:128) on FGPA 0, FPGA link 1, board None, linked to chip (0, 0)
  Slice 15360(0:16)(120:128) on FGPA 0, FPGA link 3, board None, linked to chip (0, 0)
  Slice 15360(0:16)(120:128) on FGPA 0, FPGA link 5, board None, linked to chip (0, 0)
  Slice 15360(0:16)(120:128) on FGPA 0, FPGA link 7, board None, linked to chip (0, 0)
  Slice 15360(0:16)(120:128) on FGPA 0, FPGA link 9, board None, linked to chip (0, 0)
  Slice 15488(16:32)(120:128) on FGPA 0, FPGA link 11, board None, linked to chip (0, 0)
  Slice 15488(16:32)(120:128) on FGPA 0, FPGA link 13, board None, linked to chip (0, 0)
  Slice 15488(16:32)(120:128) on FGPA 0, FPGA link 15, board None, linked to chip (0, 0)
  Slice 15488(16:32)(120:128) on FGPA 0, FPGA link 1, board None, linked to chip (0, 0)
  Slice 15488(16:32)(120:128) on FGPA 0, FPGA link 3, board None, linked to chip (0, 0)
  Slice 15488(16:32)(120:128) on FGPA 0, FPGA link 5, board None, linked to chip (0, 0)
  Slice 15488(16:32)(120:128) on FGPA 0, FPGA link 7, board None, linked to chip (0, 0)
  Slice 15488(16:32)(120:128) on FGPA 0, FPGA link 9, board None, linked to chip (0, 0)
  Slice 15616(32:48)(120:128) on FGPA 0, FPGA link 11, board None, linked to chip (0, 0)
  Slice 15616(32:48)(120:128) on FGPA 0, FPGA link 13, board None, linked to chip (0, 0)
  Slice 15616(32:48)(120:128) on FGPA 0, FPGA link 15, board None, linked to chip (0, 0)
  Slice 15616(32:48)(120:128) on FGPA 0, FPGA link 1, board None, linked to chip (0, 0)
  Slice 15616(32:48)(120:128) on FGPA 0, FPGA link 3, board None, linked to chip (0, 0)
  Slice 15616(32:48)(120:128) on FGPA 0, FPGA link 5, board None, linked to chip (0, 0)
  Slice 15616(32:48)(120:128) on FGPA 0, FPGA link 7, board None, linked to chip (0, 0)
  Slice 15616(32:48)(120:128) on FGPA 0, FPGA link 9, board None, linked to chip (0, 0)
  Slice 15744(48:64)(120:128) on FGPA 0, FPGA link 11, board None, linked to chip (0, 0)
  Slice 15744(48:64)(120:128) on FGPA 0, FPGA link 13, board None, linked to chip (0, 0)
  Slice 15744(48:64)(120:128) on FGPA 0, FPGA link 15, board None, linked to chip (0, 0)
  Slice 15744(48:64)(120:128) on FGPA 0, FPGA link 1, board None, linked to chip (0, 0)
  Slice 15744(48:64)(120:128) on FGPA 0, FPGA link 3, board None, linked to chip (0, 0)
  Slice 15744(48:64)(120:128) on FGPA 0, FPGA link 5, board None, linked to chip (0, 0)
  Slice 15744(48:64)(120:128) on FGPA 0, FPGA link 7, board None, linked to chip (0, 0)
  Slice 15744(48:64)(120:128) on FGPA 0, FPGA link 9, board None, linked to chip (0, 0)
  Slice 15872(64:80)(120:128) on FGPA 0, FPGA link 11, board None, linked to chip (0, 0)
  Slice 15872(64:80)(120:128) on FGPA 0, FPGA link 13, board None, linked to chip (0, 0)
  Slice 15872(64:80)(120:128) on FGPA 0, FPGA link 15, board None, linked to chip (0, 0)
  Slice 15872(64:80)(120:128) on FGPA 0, FPGA link 1, board None, linked to chip (0, 0)
  Slice 15872(64:80)(120:128) on FGPA 0, FPGA link 3, board None, linked to chip (0, 0)
  Slice 15872(64:80)(120:128) on FGPA 0, FPGA link 5, board None, linked to chip (0, 0)
  Slice 15872(64:80)(120:128) on FGPA 0, FPGA link 7, board None, linked to chip (0, 0)
  Slice 15872(64:80)(120:128) on FGPA 0, FPGA link 9, board None, linked to chip (0, 0)
  Slice 16000(80:96)(120:128) on FGPA 0, FPGA link 11, board None, linked to chip (0, 0)
  Slice 16000(80:96)(120:128) on FGPA 0, FPGA link 13, board None, linked to chip (0, 0)
  Slice 16000(80:96)(120:128) on FGPA 0, FPGA link 15, board None, linked to chip (0, 0)
  Slice 16000(80:96)(120:128) on FGPA 0, FPGA link 1, board None, linked to chip (0, 0)
  Slice 16000(80:96)(120:128) on FGPA 0, FPGA link 3, board None, linked to chip (0, 0)
  Slice 16000(80:96)(120:128) on FGPA 0, FPGA link 5, board None, linked to chip (0, 0)
  Slice 16000(80:96)(120:128) on FGPA 0, FPGA link 7, board None, linked to chip (0, 0)
  Slice 16000(80:96)(120:128) on FGPA 0, FPGA link 9, board None, linked to chip (0, 0)
  Slice 16128(96:112)(120:128) on FGPA 0, FPGA link 11, board None, linked to chip (0, 0)
  Slice 16128(96:112)(120:128) on FGPA 0, FPGA link 13, board None, linked to chip (0, 0)
  Slice 16128(96:112)(120:128) on FGPA 0, FPGA link 15, board None, linked to chip (0, 0)
  Slice 16128(96:112)(120:128) on FGPA 0, FPGA link 1, board None, linked to chip (0, 0)
  Slice 16128(96:112)(120:128) on FGPA 0, FPGA link 3, board None, linked to chip (0, 0)
  Slice 16128(96:112)(120:128) on FGPA 0, FPGA link 5, board None, linked to chip (0, 0)
  Slice 16128(96:112)(120:128) on FGPA 0, FPGA link 7, board None, linked to chip (0, 0)
  Slice 16128(96:112)(120:128) on FGPA 0, FPGA link 9, board None, linked to chip (0, 0)
  Slice 16256(112:128)(120:128) on FGPA 0, FPGA link 11, board None, linked to chip (0, 0)
  Slice 16256(112:128)(120:128) on FGPA 0, FPGA link 13, board None, linked to chip (0, 0)
  Slice 16256(112:128)(120:128) on FGPA 0, FPGA link 15, board None, linked to chip (0, 0)
  Slice 16256(112:128)(120:128) on FGPA 0, FPGA link 1, board None, linked to chip (0, 0)
  Slice 16256(112:128)(120:128) on FGPA 0, FPGA link 3, board None, linked to chip (0, 0)
  Slice 16256(112:128)(120:128) on FGPA 0, FPGA link 5, board None, linked to chip (0, 0)
  Slice 16256(112:128)(120:128) on FGPA 0, FPGA link 7, board None, linked to chip (0, 0)
  Slice 16256(112:128)(120:128) on FGPA 0, FPGA link 9, board None, linked to chip (0, 0)

**** Vertex: 'output'
Model: SPIFOutputDevice
Pop size: 1
Machine Vertices: 
  Slice (0:0) on FGPA 0, FPGA link 15, board None, linked to chip (0, 0)

**** Vertex: 'Command Sender on 0, 0'
Model: CommandSender
Pop size: 1
Machine Vertices: 
  Slice (0:0) on core (0, 0, 1) 

