Router contains 24 entries
Index Key        Mask       Route      Default [Cores][Links]
----- ---------- ---------- ---------- ------- --------------
    0 0x00000000 0xFFFFFF87 0x00000010 False   [] [SW]
    1 0x00000080 0xFFFFFF87 0x00000010 False   [] [SW]
    2 0x00000100 0xFFFFFF87 0x00000010 False   [] [SW]
    3 0x00000180 0xFFFFFF87 0x00000010 False   [] [SW]
    4 0x00000200 0xFFFFFF87 0x00000010 False   [] [SW]
    5 0x00000280 0xFFFFFF87 0x00000010 False   [] [SW]
    6 0x00000300 0xFFFFFF87 0x00000010 False   [] [SW]
    7 0x00000380 0xFFFFFF87 0x00000010 False   [] [SW]
    8 0x00000400 0xFFFFFF87 0x00000010 False   [] [SW]
    9 0x00000480 0xFFFFFF87 0x00000010 False   [] [SW]
   10 0x00000500 0xFFFFFF87 0x00000010 False   [] [SW]
   11 0x00000580 0xFFFFFF87 0x00000010 False   [] [SW]
   12 0x00000600 0xFFFFFF87 0x00000010 False   [] [SW]
   13 0x00000680 0xFFFFFF87 0x00000010 False   [] [SW]
   14 0x00000700 0xFFFFFF87 0x00000010 False   [] [SW]
   15 0x00000780 0xFFFFFF87 0x00000010 False   [] [SW]
   16 0x00000800 0xFFFFFF87 0x00000010 False   [] [SW]
   17 0x00000880 0xFFFFFF87 0x00000010 False   [] [SW]
   18 0x00000900 0xFFFFFF87 0x00000010 False   [] [SW]
   19 0x00000980 0xFFFFFF87 0x00000010 False   [] [SW]
   20 0x00000A00 0xFFFFFF87 0x00000010 False   [] [SW]
   21 0x00000A80 0xFFFFFF87 0x00000010 False   [] [SW]
   22 0x00000B00 0xFFFFFF87 0x00000010 False   [] [SW]
   23 0x00000B80 0xFFFFFF87 0x00000010 False   [] [SW]
0 Defaultable entries
