Router contains 251 entries
Index Key        Mask       Route      Default [Cores][Links]
----- ---------- ---------- ---------- ------- --------------
    0 0x00000000 0xFFFFFF87 0x00000400 False   [4] []
    1 0x00000001 0xFFFFFF87 0x00000400 False   [4] []
    2 0x00000002 0xFFFFFF87 0x00000400 False   [4] []
    3 0x00000003 0xFFFFFF87 0x00000400 False   [4] []
    4 0x00000004 0xFFFFFF87 0x00000400 False   [4] []
    5 0x00000005 0xFFFFFF87 0x00000400 False   [4] []
    6 0x00000006 0xFFFFFF87 0x00000400 False   [4] []
    7 0x00000007 0xFFFFFF87 0x00000401 False   [4] [E]
    8 0x00000080 0xFFFFFF87 0x00000800 False   [5] []
    9 0x00000081 0xFFFFFF87 0x00000800 False   [5] []
   10 0x00000082 0xFFFFFF87 0x00000800 False   [5] []
   11 0x00000083 0xFFFFFF87 0x00000800 False   [5] []
   12 0x00000084 0xFFFFFF87 0x00000800 False   [5] []
   13 0x00000085 0xFFFFFF87 0x00000800 False   [5] []
   14 0x00000086 0xFFFFFF87 0x00000800 False   [5] []
   15 0x00000087 0xFFFFFF87 0x00000801 False   [5] [E]
   16 0x00000100 0xFFFFFF87 0x00001000 False   [6] []
   17 0x00000101 0xFFFFFF87 0x00001000 False   [6] []
   18 0x00000102 0xFFFFFF87 0x00001000 False   [6] []
   19 0x00000103 0xFFFFFF87 0x00001000 False   [6] []
   20 0x00000104 0xFFFFFF87 0x00001000 False   [6] []
   21 0x00000105 0xFFFFFF87 0x00001000 False   [6] []
   22 0x00000106 0xFFFFFF87 0x00001000 False   [6] []
   23 0x00000107 0xFFFFFF87 0x00001001 False   [6] [E]
   24 0x00000180 0xFFFFFF87 0x00002000 False   [7] []
   25 0x00000181 0xFFFFFF87 0x00002000 False   [7] []
   26 0x00000182 0xFFFFFF87 0x00002000 False   [7] []
   27 0x00000183 0xFFFFFF87 0x00002000 False   [7] []
   28 0x00000184 0xFFFFFF87 0x00002000 False   [7] []
   29 0x00000185 0xFFFFFF87 0x00002000 False   [7] []
   30 0x00000186 0xFFFFFF87 0x00002000 False   [7] []
   31 0x00000187 0xFFFFFF87 0x00002001 False   [7] [E]
   32 0x00000200 0xFFFFFF87 0x00004000 False   [8] []
   33 0x00000201 0xFFFFFF87 0x00004000 False   [8] []
   34 0x00000202 0xFFFFFF87 0x00004000 False   [8] []
   35 0x00000203 0xFFFFFF87 0x00004000 False   [8] []
   36 0x00000204 0xFFFFFF87 0x00004000 False   [8] []
   37 0x00000205 0xFFFFFF87 0x00004000 False   [8] []
   38 0x00000206 0xFFFFFF87 0x00004000 False   [8] []
   39 0x00000207 0xFFFFFF87 0x00004001 False   [8] [E]
   40 0x00000280 0xFFFFFF87 0x00008000 False   [9] []
   41 0x00000281 0xFFFFFF87 0x00008000 False   [9] []
   42 0x00000282 0xFFFFFF87 0x00008000 False   [9] []
   43 0x00000283 0xFFFFFF87 0x00008000 False   [9] []
   44 0x00000284 0xFFFFFF87 0x00008000 False   [9] []
   45 0x00000285 0xFFFFFF87 0x00008000 False   [9] []
   46 0x00000286 0xFFFFFF87 0x00008000 False   [9] []
   47 0x00000287 0xFFFFFF87 0x00008001 False   [9] [E]
   48 0x00000300 0xFFFFFF87 0x00010000 False   [10] []
   49 0x00000301 0xFFFFFF87 0x00010000 False   [10] []
   50 0x00000302 0xFFFFFF87 0x00010000 False   [10] []
   51 0x00000303 0xFFFFFF87 0x00010000 False   [10] []
   52 0x00000304 0xFFFFFF87 0x00010000 False   [10] []
   53 0x00000305 0xFFFFFF87 0x00010000 False   [10] []
   54 0x00000306 0xFFFFFF87 0x00010000 False   [10] []
   55 0x00000307 0xFFFFFF87 0x00010001 False   [10] [E]
   56 0x00000380 0xFFFFFF87 0x00020000 False   [11] []
   57 0x00000381 0xFFFFFF87 0x00020000 False   [11] []
   58 0x00000382 0xFFFFFF87 0x00020000 False   [11] []
   59 0x00000383 0xFFFFFF87 0x00020000 False   [11] []
   60 0x00000384 0xFFFFFF87 0x00020000 False   [11] []
   61 0x00000385 0xFFFFFF87 0x00020000 False   [11] []
   62 0x00000386 0xFFFFFF87 0x00020000 False   [11] []
   63 0x00000387 0xFFFFFF87 0x00020001 False   [11] [E]
   64 0x00000400 0xFFFFFF87 0x00040000 False   [12] []
   65 0x00000401 0xFFFFFF87 0x00040000 False   [12] []
   66 0x00000402 0xFFFFFF87 0x00040000 False   [12] []
   67 0x00000403 0xFFFFFF87 0x00040000 False   [12] []
   68 0x00000404 0xFFFFFF87 0x00040000 False   [12] []
   69 0x00000405 0xFFFFFF87 0x00040000 False   [12] []
   70 0x00000406 0xFFFFFF87 0x00040000 False   [12] []
   71 0x00000407 0xFFFFFF87 0x00040001 False   [12] [E]
   72 0x00000480 0xFFFFFF87 0x00080000 False   [13] []
   73 0x00000481 0xFFFFFF87 0x00080000 False   [13] []
   74 0x00000482 0xFFFFFF87 0x00080000 False   [13] []
   75 0x00000483 0xFFFFFF87 0x00080000 False   [13] []
   76 0x00000484 0xFFFFFF87 0x00080000 False   [13] []
   77 0x00000485 0xFFFFFF87 0x00080000 False   [13] []
   78 0x00000486 0xFFFFFF87 0x00080000 False   [13] []
   79 0x00000487 0xFFFFFF87 0x00080001 False   [13] [E]
   80 0x00000500 0xFFFFFF87 0x00100000 False   [14] []
   81 0x00000501 0xFFFFFF87 0x00100000 False   [14] []
   82 0x00000502 0xFFFFFF87 0x00100000 False   [14] []
   83 0x00000503 0xFFFFFF87 0x00100000 False   [14] []
   84 0x00000504 0xFFFFFF87 0x00100000 False   [14] []
   85 0x00000505 0xFFFFFF87 0x00100000 False   [14] []
   86 0x00000506 0xFFFFFF87 0x00100000 False   [14] []
   87 0x00000507 0xFFFFFF87 0x00100001 False   [14] [E]
   88 0x00000580 0xFFFFFF87 0x00200000 False   [15] []
   89 0x00000581 0xFFFFFF87 0x00200000 False   [15] []
   90 0x00000582 0xFFFFFF87 0x00200000 False   [15] []
   91 0x00000583 0xFFFFFF87 0x00200000 False   [15] []
   92 0x00000584 0xFFFFFF87 0x00200000 False   [15] []
   93 0x00000585 0xFFFFFF87 0x00200000 False   [15] []
   94 0x00000586 0xFFFFFF87 0x00200000 False   [15] []
   95 0x00000587 0xFFFFFF87 0x00200001 False   [15] [E]
   96 0x00000600 0xFFFFFF87 0x00400000 False   [16] []
   97 0x00000601 0xFFFFFF87 0x00400000 False   [16] []
   98 0x00000602 0xFFFFFF87 0x00400000 False   [16] []
   99 0x00000603 0xFFFFFF87 0x00400000 False   [16] []
  100 0x00000604 0xFFFFFF87 0x00400000 False   [16] []
  101 0x00000605 0xFFFFFF87 0x00400000 False   [16] []
  102 0x00000606 0xFFFFFF87 0x00400000 False   [16] []
  103 0x00000607 0xFFFFFF87 0x00400001 False   [16] [E]
  104 0x00000680 0xFFFFFF87 0x00800000 False   [17] []
  105 0x00000681 0xFFFFFF87 0x00800000 False   [17] []
  106 0x00000682 0xFFFFFF87 0x00800000 False   [17] []
  107 0x00000683 0xFFFFFF87 0x00800000 False   [17] []
  108 0x00000684 0xFFFFFF87 0x00800000 False   [17] []
  109 0x00000685 0xFFFFFF87 0x00800000 False   [17] []
  110 0x00000686 0xFFFFFF87 0x00800000 False   [17] []
  111 0x00000687 0xFFFFFF87 0x00800001 False   [17] [E]
  112 0x00000700 0xFFFFFF87 0x00000000 False   [] []
  113 0x00000701 0xFFFFFF87 0x00000000 False   [] []
  114 0x00000702 0xFFFFFF87 0x00000000 False   [] []
  115 0x00000703 0xFFFFFF87 0x00000000 False   [] []
  116 0x00000704 0xFFFFFF87 0x00000000 False   [] []
  117 0x00000705 0xFFFFFF87 0x00000000 False   [] []
  118 0x00000706 0xFFFFFF87 0x00000000 False   [] []
  119 0x00000707 0xFFFFFF87 0x00000001 False   [] [E]
  120 0x00000780 0xFFFFFF87 0x00000000 False   [] []
  121 0x00000781 0xFFFFFF87 0x00000000 False   [] []
  122 0x00000782 0xFFFFFF87 0x00000000 False   [] []
  123 0x00000783 0xFFFFFF87 0x00000000 False   [] []
  124 0x00000784 0xFFFFFF87 0x00000000 False   [] []
  125 0x00000785 0xFFFFFF87 0x00000000 False   [] []
  126 0x00000786 0xFFFFFF87 0x00000000 False   [] []
  127 0x00000787 0xFFFFFF87 0x00000001 False   [] [E]
  128 0x00000800 0xFFFFFF87 0x00000000 False   [] []
  129 0x00000801 0xFFFFFF87 0x00000000 False   [] []
  130 0x00000802 0xFFFFFF87 0x00000000 False   [] []
  131 0x00000803 0xFFFFFF87 0x00000000 False   [] []
  132 0x00000804 0xFFFFFF87 0x00000000 False   [] []
  133 0x00000805 0xFFFFFF87 0x00000000 False   [] []
  134 0x00000806 0xFFFFFF87 0x00000000 False   [] []
  135 0x00000807 0xFFFFFF87 0x00000001 False   [] [E]
  136 0x00000880 0xFFFFFF87 0x00000000 False   [] []
  137 0x00000881 0xFFFFFF87 0x00000000 False   [] []
  138 0x00000882 0xFFFFFF87 0x00000000 False   [] []
  139 0x00000883 0xFFFFFF87 0x00000000 False   [] []
  140 0x00000884 0xFFFFFF87 0x00000000 False   [] []
  141 0x00000885 0xFFFFFF87 0x00000000 False   [] []
  142 0x00000886 0xFFFFFF87 0x00000000 False   [] []
  143 0x00000887 0xFFFFFF87 0x00000001 False   [] [E]
  144 0x00000900 0xFFFFFF87 0x00000000 False   [] []
  145 0x00000901 0xFFFFFF87 0x00000000 False   [] []
  146 0x00000902 0xFFFFFF87 0x00000000 False   [] []
  147 0x00000903 0xFFFFFF87 0x00000000 False   [] []
  148 0x00000904 0xFFFFFF87 0x00000000 False   [] []
  149 0x00000905 0xFFFFFF87 0x00000000 False   [] []
  150 0x00000906 0xFFFFFF87 0x00000000 False   [] []
  151 0x00000907 0xFFFFFF87 0x00000001 False   [] [E]
  152 0x00000980 0xFFFFFF87 0x00000000 False   [] []
  153 0x00000981 0xFFFFFF87 0x00000000 False   [] []
  154 0x00000982 0xFFFFFF87 0x00000000 False   [] []
  155 0x00000983 0xFFFFFF87 0x00000000 False   [] []
  156 0x00000984 0xFFFFFF87 0x00000000 False   [] []
  157 0x00000985 0xFFFFFF87 0x00000000 False   [] []
  158 0x00000986 0xFFFFFF87 0x00000000 False   [] []
  159 0x00000987 0xFFFFFF87 0x00000001 False   [] [E]
  160 0x00000A00 0xFFFFFF87 0x00000000 False   [] []
  161 0x00000A01 0xFFFFFF87 0x00000000 False   [] []
  162 0x00000A02 0xFFFFFF87 0x00000000 False   [] []
  163 0x00000A03 0xFFFFFF87 0x00000000 False   [] []
  164 0x00000A04 0xFFFFFF87 0x00000000 False   [] []
  165 0x00000A05 0xFFFFFF87 0x00000000 False   [] []
  166 0x00000A06 0xFFFFFF87 0x00000000 False   [] []
  167 0x00000A07 0xFFFFFF87 0x00000001 False   [] [E]
  168 0x00000A80 0xFFFFFF87 0x00000000 False   [] []
  169 0x00000A81 0xFFFFFF87 0x00000000 False   [] []
  170 0x00000A82 0xFFFFFF87 0x00000000 False   [] []
  171 0x00000A83 0xFFFFFF87 0x00000000 False   [] []
  172 0x00000A84 0xFFFFFF87 0x00000000 False   [] []
  173 0x00000A85 0xFFFFFF87 0x00000000 False   [] []
  174 0x00000A86 0xFFFFFF87 0x00000000 False   [] []
  175 0x00000A87 0xFFFFFF87 0x00000001 False   [] [E]
  176 0x00000B00 0xFFFFFF87 0x00000000 False   [] []
  177 0x00000B01 0xFFFFFF87 0x00000000 False   [] []
  178 0x00000B02 0xFFFFFF87 0x00000000 False   [] []
  179 0x00000B03 0xFFFFFF87 0x00000000 False   [] []
  180 0x00000B04 0xFFFFFF87 0x00000000 False   [] []
  181 0x00000B05 0xFFFFFF87 0x00000000 False   [] []
  182 0x00000B06 0xFFFFFF87 0x00000000 False   [] []
  183 0x00000B07 0xFFFFFF87 0x00000001 False   [] [E]
  184 0x00000B80 0xFFFFFF87 0x00000000 False   [] []
  185 0x00000B81 0xFFFFFF87 0x00000000 False   [] []
  186 0x00000B82 0xFFFFFF87 0x00000000 False   [] []
  187 0x00000B83 0xFFFFFF87 0x00000000 False   [] []
  188 0x00000B84 0xFFFFFF87 0x00000000 False   [] []
  189 0x00000B85 0xFFFFFF87 0x00000000 False   [] []
  190 0x00000B86 0xFFFFFF87 0x00000000 False   [] []
  191 0x00000B87 0xFFFFFF87 0x00000001 False   [] [E]
  192 0xFFFFFF80 0xFFFFFFFF 0x00000020 False   [] [S]
  193 0xFFFFFF81 0xFFFFFFFF 0x00000020 False   [] [S]
  194 0xFFFFFF82 0xFFFFFFFF 0x00000020 False   [] [S]
  195 0xFFFFFF83 0xFFFFFFFF 0x00000020 False   [] [S]
  196 0xFFFFFE10 0xFFFFFFFF 0x00000020 False   [] [S]
  197 0xFFFFFF90 0xFFFFFFFF 0x00000020 False   [] [S]
  198 0xFFFFFF91 0xFFFFFFFF 0x00000020 False   [] [S]
  199 0xFFFFFF92 0xFFFFFFFF 0x00000020 False   [] [S]
  200 0xFFFFFF93 0xFFFFFFFF 0x00000020 False   [] [S]
  201 0xFFFFFF94 0xFFFFFFFF 0x00000020 False   [] [S]
  202 0xFFFFFF95 0xFFFFFFFF 0x00000020 False   [] [S]
  203 0xFFFFFF96 0xFFFFFFFF 0x00000020 False   [] [S]
  204 0xFFFFFF97 0xFFFFFFFF 0x00000020 False   [] [S]
  205 0xFFFFFF10 0xFFFFFFFF 0x00000020 False   [] [S]
  206 0xFFFFFF11 0xFFFFFFFF 0x00000020 False   [] [S]
  207 0xFFFFFF12 0xFFFFFFFF 0x00000020 False   [] [S]
  208 0xFFFFFF13 0xFFFFFFFF 0x00000020 False   [] [S]
  209 0xFFFFFF14 0xFFFFFFFF 0x00000020 False   [] [S]
  210 0xFFFFFF15 0xFFFFFFFF 0x00000020 False   [] [S]
  211 0xFFFFFF16 0xFFFFFFFF 0x00000020 False   [] [S]
  212 0xFFFFFF17 0xFFFFFFFF 0x00000020 False   [] [S]
  213 0xFFFFFF20 0xFFFFFFFF 0x00000020 False   [] [S]
  214 0xFFFFFF21 0xFFFFFFFF 0x00000020 False   [] [S]
  215 0xFFFFFF22 0xFFFFFFFF 0x00000020 False   [] [S]
  216 0xFFFFFF23 0xFFFFFFFF 0x00000020 False   [] [S]
  217 0xFFFFFF24 0xFFFFFFFF 0x00000020 False   [] [S]
  218 0xFFFFFF25 0xFFFFFFFF 0x00000020 False   [] [S]
  219 0xFFFFFF26 0xFFFFFFFF 0x00000020 False   [] [S]
  220 0xFFFFFF27 0xFFFFFFFF 0x00000020 False   [] [S]
  221 0xFFFFFFB0 0xFFFFFFFF 0x00000020 False   [] [S]
  222 0xFFFFFFB1 0xFFFFFFFF 0x00000020 False   [] [S]
  223 0xFFFFFFB2 0xFFFFFFFF 0x00000020 False   [] [S]
  224 0xFFFFFFB3 0xFFFFFFFF 0x00000020 False   [] [S]
  225 0xFFFFFFB4 0xFFFFFFFF 0x00000020 False   [] [S]
  226 0xFFFFFFB5 0xFFFFFFFF 0x00000020 False   [] [S]
  227 0xFFFFFFB6 0xFFFFFFFF 0x00000020 False   [] [S]
  228 0xFFFFFFB7 0xFFFFFFFF 0x00000020 False   [] [S]
  229 0xFFFFFF30 0xFFFFFFFF 0x00000020 False   [] [S]
  230 0xFFFFFF31 0xFFFFFFFF 0x00000020 False   [] [S]
  231 0xFFFFFF32 0xFFFFFFFF 0x00000020 False   [] [S]
  232 0xFFFFFF33 0xFFFFFFFF 0x00000020 False   [] [S]
  233 0xFFFFFF34 0xFFFFFFFF 0x00000020 False   [] [S]
  234 0xFFFFFF35 0xFFFFFFFF 0x00000020 False   [] [S]
  235 0xFFFFFF36 0xFFFFFFFF 0x00000020 False   [] [S]
  236 0xFFFFFF37 0xFFFFFFFF 0x00000020 False   [] [S]
  237 0xFFFFFF40 0xFFFFFFFF 0x00000020 False   [] [S]
  238 0xFFFFFF41 0xFFFFFFFF 0x00000020 False   [] [S]
  239 0xFFFFFF42 0xFFFFFFFF 0x00000020 False   [] [S]
  240 0xFFFFFF43 0xFFFFFFFF 0x00000020 False   [] [S]
  241 0xFFFFFE11 0xFFFFFFFF 0x00000020 False   [] [S]
  242 0xFFFFFF50 0xFFFFFFFF 0x00000020 False   [] [S]
  243 0xFFFFFF60 0xFFFFFFFF 0x00000020 False   [] [S]
  244 0xFFFFFF61 0xFFFFFFFF 0x00000020 False   [] [S]
  245 0xFFFFFF62 0xFFFFFFFF 0x00000020 False   [] [S]
  246 0xFFFFFF63 0xFFFFFFFF 0x00000020 False   [] [S]
  247 0xFFFFFF70 0xFFFFFFFF 0x00000020 False   [] [S]
  248 0xFFFFFF71 0xFFFFFFFF 0x00000020 False   [] [S]
  249 0xFFFFFF72 0xFFFFFFFF 0x00000020 False   [] [S]
  250 0xFFFFFF73 0xFFFFFFFF 0x00000020 False   [] [S]
0 Defaultable entries
