Router contains 19 entries
Index Key        Mask       Route      Default [Cores][Links]
----- ---------- ---------- ---------- ------- --------------
    0 0x00000C00 0xFFFFFFE0 0x00000108 False   [2] [W]
    1 0x00000C20 0xFFFFFFE0 0x00000308 False   [2, 3] [W]
    2 0x00000C40 0xFFFFFFE0 0x00000608 False   [3, 4] [W]
    3 0x00000C60 0xFFFFFFE0 0x00000C08 False   [4, 5] [W]
    4 0x00000C80 0xFFFFFFE0 0x00001808 False   [5, 6] [W]
    5 0x00000CA0 0xFFFFFFE0 0x00003008 False   [6, 7] [W]
    6 0x00000CC0 0xFFFFFFE0 0x00006008 False   [8, 7] [W]
    7 0x00000CE0 0xFFFFFFE0 0x0000C008 False   [8, 9] [W]
    8 0x00000D00 0xFFFFFFE0 0x00018008 False   [9, 10] [W]
    9 0x00000D20 0xFFFFFFE0 0x00030008 False   [10, 11] [W]
   10 0x00000D40 0xFFFFFFE0 0x00060008 False   [11, 12] [W]
   11 0x00000D60 0xFFFFFFE0 0x000C0008 False   [12, 13] [W]
   12 0x00000D80 0xFFFFFFE0 0x00180008 False   [13, 14] [W]
   13 0x00000DA0 0xFFFFFFE0 0x00300008 False   [14, 15] [W]
   14 0x00000DC0 0xFFFFFFE0 0x00600008 False   [16, 15] [W]
   15 0x00000DE0 0xFFFFFFE0 0x00C00008 False   [16, 17] [W]
   16 0x00000E00 0xFFFFFFE0 0x00800008 False   [17] [W]
   17 0x00008000 0xFFFFC000 0x00000010 False   [] [SW]
   18 0x00000000 0xFFFFC000 0x00000008 False   [] [W]
0 Defaultable entries
