SpYNNakerNeuronGraphNetworkSpecificationReport skipped as cfg Reports:write_network_graph is False
Network Specification report took 0:00:00.000163 
Splitter reset took 0:00:00.000007 
Spynnaker splitter selector took 0:00:00.009652 
DelaySupportAdder took 0:00:00.000156 
SpynnakerSplitterPartitioner took 0:00:00.004575 
SpallocAllocator took 0:00:10.247259 
Machine generator took 0:00:14.202310 
Json machine skipped as cfg Reports:write_json_machine is False
Board chip report took 0:00:00.011001 
Command Sender Adder took 0:00:00.001147 
Split Live Gather Vertices took 0:00:00.000013 
Insert chip power monitors skipped as cfg Reports:write_energy_report is False
Insert extra monitor vertices took 0:00:00.000023 
Partitioner report took 0:00:00.001890 
Local TDMA builder took 0:00:00.000046 
Application Placer took 0:00:00.037691 
Placements wth application graph report took 0:00:00.009964 
Json placements skipped as cfg Reports:write_json_placements is False
System multicast routing generator took 0:00:00.018463 
Fixed route router took 0:00:00.043440 
Application Router took 0:00:00.401749 
Basic tag allocator took 0:00:00.002858 
Tag allocator report took 0:00:00.000233 
Zoned routing info allocator took 0:00:00.093104 
Router info report took 0:00:00.004205 
Merged routing table generator took 0:00:00.281308 
Uncompressed routing table report took 0:00:00.261331 
Router report skipped as cfg Reports:write_router_reports is False
Router summary report skipped as cfg Reports:write_router_summary_report is False
Json routing tables skipped as cfg Reports:write_json_routing_tables is False
Locate executable start type took 0:00:00.002478 
Buffer manager creator took 0:00:00.001322 
SDRAM outgoing partition allocator took 0:00:00.000068 
Write Neo Metadata took 0:00:00.000979 
Record vertex labels to database took 0:00:00.006881 
Routing setup took 0:00:00.037455 
Graph binary gatherer took 0:00:00.014601 
Pair on chip router compression took 0:00:03.556776 
Graph data specification writer took 0:00:00.574017 
Control Sync took 0:00:00.000161 
Load fixed routes took 0:00:00.209363 
Execute system data specification took 0:00:01.612740 
Load executable system Images took 0:00:02.859136 
Tags Loader took 0:00:00.019309 
Host data specification took 0:00:02.667028 
Neuron expander took 0:00:01.554005 
Synapse expander took 0:00:02.581728 
Finish connection holders took 0:00:00.000490 
Bitfield compressor report skipped as cfg Reports:write_bit_field_compressor_report is False
Tags from machine report took 0:00:00.014991 
Memory report skipped as cfg Reports:write_memory_map_report is False
Memory report skipped as cfg Reports:write_memory_map_report is False
Compressor report took 0:00:00.311973 
Fixed route report took 0:00:00.226869 
Load executable app images exited with SpinnmanGroupedProcessException after 0:00:07.108659
