SpYNNakerNeuronGraphNetworkSpecificationReport skipped as cfg Reports:write_network_graph is False
Network Specification report took 0:00:00.000167 
Splitter reset took 0:00:00.000008 
Spynnaker splitter selector took 0:00:00.011674 
DelaySupportAdder took 0:00:00.000159 
SpynnakerSplitterPartitioner took 0:00:00.004539 
SpallocAllocator took 0:00:37.397238 
Machine generator took 0:00:14.196839 
Json machine skipped as cfg Reports:write_json_machine is False
Board chip report took 0:00:00.005267 
Command Sender Adder took 0:00:00.000676 
Split Live Gather Vertices took 0:00:00.000008 
Insert chip power monitors skipped as cfg Reports:write_energy_report is False
Insert extra monitor vertices took 0:00:00.000007 
Partitioner report took 0:00:00.002015 
Local TDMA builder took 0:00:00.000038 
Application Placer took 0:00:00.037343 
Placements wth application graph report took 0:00:00.009934 
Json placements skipped as cfg Reports:write_json_placements is False
System multicast routing generator took 0:00:00.018695 
Fixed route router took 0:00:00.043055 
Application Router took 0:00:00.383615 
Basic tag allocator took 0:00:00.002815 
Tag allocator report took 0:00:00.000173 
Zoned routing info allocator took 0:00:00.098435 
Router info report took 0:00:00.004194 
Merged routing table generator took 0:00:00.283865 
Uncompressed routing table report took 0:00:00.263088 
Router report skipped as cfg Reports:write_router_reports is False
Router summary report skipped as cfg Reports:write_router_summary_report is False
Json routing tables skipped as cfg Reports:write_json_routing_tables is False
Locate executable start type took 0:00:00.002492 
Buffer manager creator took 0:00:00.001329 
SDRAM outgoing partition allocator took 0:00:00.000069 
Write Neo Metadata took 0:00:00.000982 
Record vertex labels to database took 0:00:00.006954 
Routing setup took 0:00:00.037490 
Graph binary gatherer took 0:00:00.014925 
Pair on chip router compression took 0:00:02.787373 
Graph data specification writer took 0:00:00.564430 
Control Sync took 0:00:00.000162 
Load fixed routes took 0:00:00.205852 
Execute system data specification took 0:00:01.649736 
Load executable system Images took 0:00:02.167275 
Tags Loader took 0:00:00.023202 
Host data specification took 0:00:02.597623 
Neuron expander took 0:00:01.741307 
Synapse expander took 0:00:02.244740 
Finish connection holders took 0:00:00.000610 
Bitfield compressor report skipped as cfg Reports:write_bit_field_compressor_report is False
Tags from machine report took 0:00:00.014993 
Memory report skipped as cfg Reports:write_memory_map_report is False
Memory report skipped as cfg Reports:write_memory_map_report is False
Compressor report took 0:00:00.311607 
Fixed route report took 0:00:00.222177 
Load executable app images took 0:00:05.298710 
Sdram usage per chip report took 0:00:00.018342 
Drift report skipped as cfg Reports:write_drift_report_start is False
Create database interface took 0:00:00.062347 
Create notification protocol took 0:00:00.000373 
Runtime Update took 0:00:00.040251 
Application runner exited with KeyboardInterrupt after 0:00:13.297509
