Router contains 59 entries
Index Key        Mask       Route      Default [Cores][Links]
----- ---------- ---------- ---------- ------- --------------
    0 0x00000000 0xFFFFFF87 0x00000010 False   [] [SW]
    1 0x00000080 0xFFFFFF87 0x00000010 False   [] [SW]
    2 0x00000100 0xFFFFFF87 0x00000010 False   [] [SW]
    3 0x00000180 0xFFFFFF87 0x00000010 False   [] [SW]
    4 0x00000200 0xFFFFFF87 0x00000010 False   [] [SW]
    5 0x00000280 0xFFFFFF87 0x00000010 False   [] [SW]
    6 0x00000300 0xFFFFFF87 0x00000010 False   [] [SW]
    7 0x00000380 0xFFFFFF87 0x00000010 False   [] [SW]
    8 0x00000400 0xFFFFFF87 0x00000010 False   [] [SW]
    9 0x00000480 0xFFFFFF87 0x00000010 False   [] [SW]
   10 0x00000500 0xFFFFFF87 0x00000010 False   [] [SW]
   11 0x00000580 0xFFFFFF87 0x00000010 False   [] [SW]
   12 0x00000600 0xFFFFFF87 0x00000010 False   [] [SW]
   13 0x00000680 0xFFFFFF87 0x00000010 False   [] [SW]
   14 0x00000700 0xFFFFFF87 0x00000010 False   [] [SW]
   15 0x00000780 0xFFFFFF87 0x00000010 False   [] [SW]
   16 0x00000800 0xFFFFFF87 0x00000010 False   [] [SW]
   17 0x00000880 0xFFFFFF87 0x00000010 False   [] [SW]
   18 0x00000900 0xFFFFFF87 0x00000010 False   [] [SW]
   19 0x00000980 0xFFFFFF87 0x00000010 False   [] [SW]
   20 0x00000A00 0xFFFFFF87 0x00000010 False   [] [SW]
   21 0x00000A80 0xFFFFFF87 0x00000010 False   [] [SW]
   22 0x00000B00 0xFFFFFF87 0x00000010 False   [] [SW]
   23 0x00000B80 0xFFFFFF87 0x00000010 False   [] [SW]
   24 0x00000C00 0xFFFFFF87 0x00000010 False   [] [SW]
   25 0x00000C80 0xFFFFFF87 0x00000010 False   [] [SW]
   26 0x00000D00 0xFFFFFF87 0x00000010 False   [] [SW]
   27 0x00000D80 0xFFFFFF87 0x00000010 False   [] [SW]
   28 0x00000E00 0xFFFFFF87 0x00000010 False   [] [SW]
   29 0x00000E80 0xFFFFFF87 0x00000010 False   [] [SW]
   30 0x00000F00 0xFFFFFF87 0x00000010 False   [] [SW]
   31 0x00000F80 0xFFFFFF87 0x00000010 False   [] [SW]
   32 0x00001000 0xFFFFFF87 0x00000010 False   [] [SW]
   33 0x00001080 0xFFFFFF87 0x00000010 False   [] [SW]
   34 0x00001100 0xFFFFFF87 0x00000010 False   [] [SW]
   35 0x00001180 0xFFFFFF87 0x00000010 False   [] [SW]
   36 0x00001200 0xFFFFFF87 0x00000010 False   [] [SW]
   37 0x00001280 0xFFFFFF87 0x00000010 False   [] [SW]
   38 0x00001300 0xFFFFFF87 0x00000010 False   [] [SW]
   39 0x00001380 0xFFFFFF87 0x00000010 False   [] [SW]
   40 0x00001400 0xFFFFFF87 0x00000010 False   [] [SW]
   41 0x00001480 0xFFFFFF87 0x00000010 False   [] [SW]
   42 0x00001500 0xFFFFFF87 0x00000010 False   [] [SW]
   43 0x00001580 0xFFFFFF87 0x00000010 False   [] [SW]
   44 0x00001600 0xFFFFFF87 0x00000010 False   [] [SW]
   45 0x00001680 0xFFFFFF87 0x00000010 False   [] [SW]
   46 0x00001700 0xFFFFFF87 0x00000010 False   [] [SW]
   47 0x00001780 0xFFFFFF87 0x00000010 False   [] [SW]
   48 0x00001800 0xFFFFFF87 0x00000010 False   [] [SW]
   49 0x00001880 0xFFFFFF87 0x00000010 False   [] [SW]
   50 0x00001900 0xFFFFFF87 0x00000010 False   [] [SW]
   51 0x00001980 0xFFFFFF87 0x00000010 False   [] [SW]
   52 0x00001A00 0xFFFFFF87 0x00000010 False   [] [SW]
   53 0x00001A80 0xFFFFFF87 0x00000010 False   [] [SW]
   54 0x00001B00 0xFFFFFF87 0x00000010 False   [] [SW]
   55 0x00001B80 0xFFFFFF87 0x00000010 False   [] [SW]
   56 0x00001C00 0xFFFFFF87 0x00000010 False   [] [SW]
   57 0x00001C80 0xFFFFFF87 0x00000010 False   [] [SW]
   58 0x00001D00 0xFFFFFF87 0x00000010 False   [] [SW]
0 Defaultable entries
