Router contains 118 entries
Index Key        Mask       Route      Default [Cores][Links]
----- ---------- ---------- ---------- ------- --------------
    0 0x00000000 0xFFFFFF87 0x00000010 True    [] [SW]
    1 0x00000080 0xFFFFFF87 0x00000010 True    [] [SW]
    2 0x00000100 0xFFFFFF87 0x00000010 True    [] [SW]
    3 0x00000180 0xFFFFFF87 0x00000010 True    [] [SW]
    4 0x00000200 0xFFFFFF87 0x00000010 True    [] [SW]
    5 0x00000280 0xFFFFFF87 0x00000010 True    [] [SW]
    6 0x00000300 0xFFFFFF87 0x00000010 True    [] [SW]
    7 0x00000380 0xFFFFFF87 0x00000010 True    [] [SW]
    8 0x00000400 0xFFFFFF87 0x00000010 True    [] [SW]
    9 0x00000480 0xFFFFFF87 0x00000010 True    [] [SW]
   10 0x00000500 0xFFFFFF87 0x00000010 True    [] [SW]
   11 0x00000580 0xFFFFFF87 0x00000010 True    [] [SW]
   12 0x00000600 0xFFFFFF87 0x00000010 True    [] [SW]
   13 0x00000680 0xFFFFFF87 0x00000010 True    [] [SW]
   14 0x00000700 0xFFFFFF87 0x00000010 True    [] [SW]
   15 0x00000780 0xFFFFFF87 0x00000010 True    [] [SW]
   16 0x00000800 0xFFFFFF87 0x00000010 True    [] [SW]
   17 0x00000880 0xFFFFFF87 0x00000010 True    [] [SW]
   18 0x00000900 0xFFFFFF87 0x00000010 True    [] [SW]
   19 0x00000980 0xFFFFFF87 0x00000010 True    [] [SW]
   20 0x00000A00 0xFFFFFF87 0x00000010 True    [] [SW]
   21 0x00000A80 0xFFFFFF87 0x00000010 True    [] [SW]
   22 0x00000B00 0xFFFFFF87 0x00000010 True    [] [SW]
   23 0x00000B80 0xFFFFFF87 0x00000010 True    [] [SW]
   24 0x00000C00 0xFFFFFF87 0x00000010 True    [] [SW]
   25 0x00000C80 0xFFFFFF87 0x00000010 True    [] [SW]
   26 0x00000D00 0xFFFFFF87 0x00000010 True    [] [SW]
   27 0x00000D80 0xFFFFFF87 0x00000010 True    [] [SW]
   28 0x00000E00 0xFFFFFF87 0x00000010 True    [] [SW]
   29 0x00000E80 0xFFFFFF87 0x00000010 True    [] [SW]
   30 0x00000F00 0xFFFFFF87 0x00000010 True    [] [SW]
   31 0x00000F80 0xFFFFFF87 0x00000010 True    [] [SW]
   32 0x00001000 0xFFFFFF87 0x00000010 True    [] [SW]
   33 0x00001080 0xFFFFFF87 0x00000010 True    [] [SW]
   34 0x00001100 0xFFFFFF87 0x00000010 True    [] [SW]
   35 0x00001180 0xFFFFFF87 0x00000010 True    [] [SW]
   36 0x00001200 0xFFFFFF87 0x00000010 True    [] [SW]
   37 0x00001280 0xFFFFFF87 0x00000010 True    [] [SW]
   38 0x00001300 0xFFFFFF87 0x00000010 True    [] [SW]
   39 0x00001380 0xFFFFFF87 0x00000010 True    [] [SW]
   40 0x00001400 0xFFFFFF87 0x00000010 True    [] [SW]
   41 0x00001480 0xFFFFFF87 0x00000010 True    [] [SW]
   42 0x00001500 0xFFFFFF87 0x00000010 True    [] [SW]
   43 0x00001580 0xFFFFFF87 0x00000010 True    [] [SW]
   44 0x00001600 0xFFFFFF87 0x00000010 True    [] [SW]
   45 0x00001680 0xFFFFFF87 0x00000010 True    [] [SW]
   46 0x00001700 0xFFFFFF87 0x00000010 True    [] [SW]
   47 0x00001780 0xFFFFFF87 0x00000010 True    [] [SW]
   48 0x00001800 0xFFFFFF87 0x00000010 True    [] [SW]
   49 0x00001880 0xFFFFFF87 0x00000010 True    [] [SW]
   50 0x00001900 0xFFFFFF87 0x00000010 True    [] [SW]
   51 0x00001980 0xFFFFFF87 0x00000010 True    [] [SW]
   52 0x00001A00 0xFFFFFF87 0x00000010 True    [] [SW]
   53 0x00001A80 0xFFFFFF87 0x00000010 True    [] [SW]
   54 0x00001B00 0xFFFFFF87 0x00000010 True    [] [SW]
   55 0x00001B80 0xFFFFFF87 0x00000010 True    [] [SW]
   56 0x00001C00 0xFFFFFF87 0x00000010 True    [] [SW]
   57 0x00001C80 0xFFFFFF87 0x00000010 True    [] [SW]
   58 0x00001D00 0xFFFFFF87 0x00000010 True    [] [SW]
   59 0x00000001 0xFFFFFF87 0x00000010 False   [] [SW]
   60 0x00000081 0xFFFFFF87 0x00000010 False   [] [SW]
   61 0x00000101 0xFFFFFF87 0x00000010 False   [] [SW]
   62 0x00000181 0xFFFFFF87 0x00000010 False   [] [SW]
   63 0x00000201 0xFFFFFF87 0x00000010 False   [] [SW]
   64 0x00000281 0xFFFFFF87 0x00000010 False   [] [SW]
   65 0x00000301 0xFFFFFF87 0x00000010 False   [] [SW]
   66 0x00000381 0xFFFFFF87 0x00000010 False   [] [SW]
   67 0x00000401 0xFFFFFF87 0x00000010 False   [] [SW]
   68 0x00000481 0xFFFFFF87 0x00000010 False   [] [SW]
   69 0x00000501 0xFFFFFF87 0x00000010 False   [] [SW]
   70 0x00000581 0xFFFFFF87 0x00000010 False   [] [SW]
   71 0x00000601 0xFFFFFF87 0x00000010 False   [] [SW]
   72 0x00000681 0xFFFFFF87 0x00000010 False   [] [SW]
   73 0x00000701 0xFFFFFF87 0x00000010 False   [] [SW]
   74 0x00000781 0xFFFFFF87 0x00000010 False   [] [SW]
   75 0x00000801 0xFFFFFF87 0x00000010 False   [] [SW]
   76 0x00000881 0xFFFFFF87 0x00000010 False   [] [SW]
   77 0x00000901 0xFFFFFF87 0x00000010 False   [] [SW]
   78 0x00000981 0xFFFFFF87 0x00000010 False   [] [SW]
   79 0x00000A01 0xFFFFFF87 0x00000010 False   [] [SW]
   80 0x00000A81 0xFFFFFF87 0x00000010 False   [] [SW]
   81 0x00000B01 0xFFFFFF87 0x00000010 False   [] [SW]
   82 0x00000B81 0xFFFFFF87 0x00000010 False   [] [SW]
   83 0x00000C01 0xFFFFFF87 0x00000010 False   [] [SW]
   84 0x00000C81 0xFFFFFF87 0x00000010 False   [] [SW]
   85 0x00000D01 0xFFFFFF87 0x00000010 False   [] [SW]
   86 0x00000D81 0xFFFFFF87 0x00000010 False   [] [SW]
   87 0x00000E01 0xFFFFFF87 0x00000010 False   [] [SW]
   88 0x00000E81 0xFFFFFF87 0x00000010 False   [] [SW]
   89 0x00000F01 0xFFFFFF87 0x00000010 False   [] [SW]
   90 0x00000F81 0xFFFFFF87 0x00000010 False   [] [SW]
   91 0x00001001 0xFFFFFF87 0x00000010 False   [] [SW]
   92 0x00001081 0xFFFFFF87 0x00000010 False   [] [SW]
   93 0x00001101 0xFFFFFF87 0x00000010 False   [] [SW]
   94 0x00001181 0xFFFFFF87 0x00000010 False   [] [SW]
   95 0x00001201 0xFFFFFF87 0x00000010 False   [] [SW]
   96 0x00001281 0xFFFFFF87 0x00000010 False   [] [SW]
   97 0x00001301 0xFFFFFF87 0x00000010 False   [] [SW]
   98 0x00001381 0xFFFFFF87 0x00000010 False   [] [SW]
   99 0x00001401 0xFFFFFF87 0x00000010 False   [] [SW]
  100 0x00001481 0xFFFFFF87 0x00000010 False   [] [SW]
  101 0x00001501 0xFFFFFF87 0x00000010 False   [] [SW]
  102 0x00001581 0xFFFFFF87 0x00000010 False   [] [SW]
  103 0x00001601 0xFFFFFF87 0x00000010 False   [] [SW]
  104 0x00001681 0xFFFFFF87 0x00000010 False   [] [SW]
  105 0x00001701 0xFFFFFF87 0x00000010 False   [] [SW]
  106 0x00001781 0xFFFFFF87 0x00000010 False   [] [SW]
  107 0x00001801 0xFFFFFF87 0x00000010 False   [] [SW]
  108 0x00001881 0xFFFFFF87 0x00000010 False   [] [SW]
  109 0x00001901 0xFFFFFF87 0x00000010 False   [] [SW]
  110 0x00001981 0xFFFFFF87 0x00000010 False   [] [SW]
  111 0x00001A01 0xFFFFFF87 0x00000010 False   [] [SW]
  112 0x00001A81 0xFFFFFF87 0x00000010 False   [] [SW]
  113 0x00001B01 0xFFFFFF87 0x00000010 False   [] [SW]
  114 0x00001B81 0xFFFFFF87 0x00000010 False   [] [SW]
  115 0x00001C01 0xFFFFFF87 0x00000010 False   [] [SW]
  116 0x00001C81 0xFFFFFF87 0x00000010 False   [] [SW]
  117 0x00001D01 0xFFFFFF87 0x00000010 False   [] [SW]
59 Defaultable entries
