Router contains 472 entries
Index Key        Mask       Route      Default [Cores][Links]
----- ---------- ---------- ---------- ------- --------------
    0 0x00000700 0xFFFFFF87 0x0000010C False   [2] [N, W]
    1 0x00000701 0xFFFFFF87 0x0000010C False   [2] [N, W]
    2 0x00000702 0xFFFFFF87 0x0000010C False   [2] [N, W]
    3 0x00000703 0xFFFFFF87 0x0000010C False   [2] [N, W]
    4 0x00000704 0xFFFFFF87 0x0000010C False   [2] [N, W]
    5 0x00000705 0xFFFFFF87 0x0000010C False   [2] [N, W]
    6 0x00000706 0xFFFFFF87 0x0000010C False   [2] [N, W]
    7 0x00000707 0xFFFFFF87 0x00000104 False   [2] [N]
    8 0x00000780 0xFFFFFF87 0x0000030C False   [2, 3] [N, W]
    9 0x00000781 0xFFFFFF87 0x0000030C False   [2, 3] [N, W]
   10 0x00000782 0xFFFFFF87 0x0000030C False   [2, 3] [N, W]
   11 0x00000783 0xFFFFFF87 0x0000030C False   [2, 3] [N, W]
   12 0x00000784 0xFFFFFF87 0x0000030C False   [2, 3] [N, W]
   13 0x00000785 0xFFFFFF87 0x0000030C False   [2, 3] [N, W]
   14 0x00000786 0xFFFFFF87 0x0000030C False   [2, 3] [N, W]
   15 0x00000787 0xFFFFFF87 0x00000304 False   [2, 3] [N]
   16 0x00000800 0xFFFFFF87 0x0000060C False   [3, 4] [N, W]
   17 0x00000801 0xFFFFFF87 0x0000060C False   [3, 4] [N, W]
   18 0x00000802 0xFFFFFF87 0x0000060C False   [3, 4] [N, W]
   19 0x00000803 0xFFFFFF87 0x0000060C False   [3, 4] [N, W]
   20 0x00000804 0xFFFFFF87 0x0000060C False   [3, 4] [N, W]
   21 0x00000805 0xFFFFFF87 0x0000060C False   [3, 4] [N, W]
   22 0x00000806 0xFFFFFF87 0x0000060C False   [3, 4] [N, W]
   23 0x00000807 0xFFFFFF87 0x00000604 False   [3, 4] [N]
   24 0x00000880 0xFFFFFF87 0x00000C0C False   [4, 5] [N, W]
   25 0x00000881 0xFFFFFF87 0x00000C0C False   [4, 5] [N, W]
   26 0x00000882 0xFFFFFF87 0x00000C0C False   [4, 5] [N, W]
   27 0x00000883 0xFFFFFF87 0x00000C0C False   [4, 5] [N, W]
   28 0x00000884 0xFFFFFF87 0x00000C0C False   [4, 5] [N, W]
   29 0x00000885 0xFFFFFF87 0x00000C0C False   [4, 5] [N, W]
   30 0x00000886 0xFFFFFF87 0x00000C0C False   [4, 5] [N, W]
   31 0x00000887 0xFFFFFF87 0x00000C04 False   [4, 5] [N]
   32 0x00000900 0xFFFFFF87 0x0000180C False   [5, 6] [N, W]
   33 0x00000901 0xFFFFFF87 0x0000180C False   [5, 6] [N, W]
   34 0x00000902 0xFFFFFF87 0x0000180C False   [5, 6] [N, W]
   35 0x00000903 0xFFFFFF87 0x0000180C False   [5, 6] [N, W]
   36 0x00000904 0xFFFFFF87 0x0000180C False   [5, 6] [N, W]
   37 0x00000905 0xFFFFFF87 0x0000180C False   [5, 6] [N, W]
   38 0x00000906 0xFFFFFF87 0x0000180C False   [5, 6] [N, W]
   39 0x00000907 0xFFFFFF87 0x00001804 False   [5, 6] [N]
   40 0x00000980 0xFFFFFF87 0x0000300C False   [6, 7] [N, W]
   41 0x00000981 0xFFFFFF87 0x0000300C False   [6, 7] [N, W]
   42 0x00000982 0xFFFFFF87 0x0000300C False   [6, 7] [N, W]
   43 0x00000983 0xFFFFFF87 0x0000300C False   [6, 7] [N, W]
   44 0x00000984 0xFFFFFF87 0x0000300C False   [6, 7] [N, W]
   45 0x00000985 0xFFFFFF87 0x0000300C False   [6, 7] [N, W]
   46 0x00000986 0xFFFFFF87 0x0000300C False   [6, 7] [N, W]
   47 0x00000987 0xFFFFFF87 0x00003004 False   [6, 7] [N]
   48 0x00000A00 0xFFFFFF87 0x0000600C False   [7, 8] [N, W]
   49 0x00000A01 0xFFFFFF87 0x0000600C False   [7, 8] [N, W]
   50 0x00000A02 0xFFFFFF87 0x0000600C False   [7, 8] [N, W]
   51 0x00000A03 0xFFFFFF87 0x0000600C False   [7, 8] [N, W]
   52 0x00000A04 0xFFFFFF87 0x0000600C False   [7, 8] [N, W]
   53 0x00000A05 0xFFFFFF87 0x0000600C False   [7, 8] [N, W]
   54 0x00000A06 0xFFFFFF87 0x0000600C False   [7, 8] [N, W]
   55 0x00000A07 0xFFFFFF87 0x00006004 False   [7, 8] [N]
   56 0x00000A80 0xFFFFFF87 0x0000C00C False   [8, 9] [N, W]
   57 0x00000A81 0xFFFFFF87 0x0000C00C False   [8, 9] [N, W]
   58 0x00000A82 0xFFFFFF87 0x0000C00C False   [8, 9] [N, W]
   59 0x00000A83 0xFFFFFF87 0x0000C00C False   [8, 9] [N, W]
   60 0x00000A84 0xFFFFFF87 0x0000C00C False   [8, 9] [N, W]
   61 0x00000A85 0xFFFFFF87 0x0000C00C False   [8, 9] [N, W]
   62 0x00000A86 0xFFFFFF87 0x0000C00C False   [8, 9] [N, W]
   63 0x00000A87 0xFFFFFF87 0x0000C004 False   [8, 9] [N]
   64 0x00000B00 0xFFFFFF87 0x0001800C False   [9, 10] [N, W]
   65 0x00000B01 0xFFFFFF87 0x0001800C False   [9, 10] [N, W]
   66 0x00000B02 0xFFFFFF87 0x0001800C False   [9, 10] [N, W]
   67 0x00000B03 0xFFFFFF87 0x0001800C False   [9, 10] [N, W]
   68 0x00000B04 0xFFFFFF87 0x0001800C False   [9, 10] [N, W]
   69 0x00000B05 0xFFFFFF87 0x0001800C False   [9, 10] [N, W]
   70 0x00000B06 0xFFFFFF87 0x0001800C False   [9, 10] [N, W]
   71 0x00000B07 0xFFFFFF87 0x00018004 False   [9, 10] [N]
   72 0x00000B80 0xFFFFFF87 0x0003000C False   [10, 11] [N, W]
   73 0x00000B81 0xFFFFFF87 0x0003000C False   [10, 11] [N, W]
   74 0x00000B82 0xFFFFFF87 0x0003000C False   [10, 11] [N, W]
   75 0x00000B83 0xFFFFFF87 0x0003000C False   [10, 11] [N, W]
   76 0x00000B84 0xFFFFFF87 0x0003000C False   [10, 11] [N, W]
   77 0x00000B85 0xFFFFFF87 0x0003000C False   [10, 11] [N, W]
   78 0x00000B86 0xFFFFFF87 0x0003000C False   [10, 11] [N, W]
   79 0x00000B87 0xFFFFFF87 0x00030004 False   [10, 11] [N]
   80 0x00000C00 0xFFFFFF87 0x0006000C False   [11, 12] [N, W]
   81 0x00000C01 0xFFFFFF87 0x0006000C False   [11, 12] [N, W]
   82 0x00000C02 0xFFFFFF87 0x0006000C False   [11, 12] [N, W]
   83 0x00000C03 0xFFFFFF87 0x0006000C False   [11, 12] [N, W]
   84 0x00000C04 0xFFFFFF87 0x0006000C False   [11, 12] [N, W]
   85 0x00000C05 0xFFFFFF87 0x0006000C False   [11, 12] [N, W]
   86 0x00000C06 0xFFFFFF87 0x0006000C False   [11, 12] [N, W]
   87 0x00000C07 0xFFFFFF87 0x00060004 False   [11, 12] [N]
   88 0x00000C80 0xFFFFFF87 0x000C000C False   [12, 13] [N, W]
   89 0x00000C81 0xFFFFFF87 0x000C000C False   [12, 13] [N, W]
   90 0x00000C82 0xFFFFFF87 0x000C000C False   [12, 13] [N, W]
   91 0x00000C83 0xFFFFFF87 0x000C000C False   [12, 13] [N, W]
   92 0x00000C84 0xFFFFFF87 0x000C000C False   [12, 13] [N, W]
   93 0x00000C85 0xFFFFFF87 0x000C000C False   [12, 13] [N, W]
   94 0x00000C86 0xFFFFFF87 0x000C000C False   [12, 13] [N, W]
   95 0x00000C87 0xFFFFFF87 0x000C0004 False   [12, 13] [N]
   96 0x00000D00 0xFFFFFF87 0x0018000C False   [13, 14] [N, W]
   97 0x00000D01 0xFFFFFF87 0x0018000C False   [13, 14] [N, W]
   98 0x00000D02 0xFFFFFF87 0x0018000C False   [13, 14] [N, W]
   99 0x00000D03 0xFFFFFF87 0x0018000C False   [13, 14] [N, W]
  100 0x00000D04 0xFFFFFF87 0x0018000C False   [13, 14] [N, W]
  101 0x00000D05 0xFFFFFF87 0x0018000C False   [13, 14] [N, W]
  102 0x00000D06 0xFFFFFF87 0x0018000C False   [13, 14] [N, W]
  103 0x00000D07 0xFFFFFF87 0x00180004 False   [13, 14] [N]
  104 0x00000D80 0xFFFFFF87 0x0030000C False   [14, 15] [N, W]
  105 0x00000D81 0xFFFFFF87 0x0030000C False   [14, 15] [N, W]
  106 0x00000D82 0xFFFFFF87 0x0030000C False   [14, 15] [N, W]
  107 0x00000D83 0xFFFFFF87 0x0030000C False   [14, 15] [N, W]
  108 0x00000D84 0xFFFFFF87 0x0030000C False   [14, 15] [N, W]
  109 0x00000D85 0xFFFFFF87 0x0030000C False   [14, 15] [N, W]
  110 0x00000D86 0xFFFFFF87 0x0030000C False   [14, 15] [N, W]
  111 0x00000D87 0xFFFFFF87 0x00300004 False   [14, 15] [N]
  112 0x00000E00 0xFFFFFF87 0x0060000C False   [15, 16] [N, W]
  113 0x00000E01 0xFFFFFF87 0x0060000C False   [15, 16] [N, W]
  114 0x00000E02 0xFFFFFF87 0x0060000C False   [15, 16] [N, W]
  115 0x00000E03 0xFFFFFF87 0x0060000C False   [15, 16] [N, W]
  116 0x00000E04 0xFFFFFF87 0x0060000C False   [15, 16] [N, W]
  117 0x00000E05 0xFFFFFF87 0x0060000C False   [15, 16] [N, W]
  118 0x00000E06 0xFFFFFF87 0x0060000C False   [15, 16] [N, W]
  119 0x00000E07 0xFFFFFF87 0x00600004 False   [15, 16] [N]
  120 0x00000E80 0xFFFFFF87 0x00C0000C False   [16, 17] [N, W]
  121 0x00000E81 0xFFFFFF87 0x00C0000C False   [16, 17] [N, W]
  122 0x00000E82 0xFFFFFF87 0x00C0000C False   [16, 17] [N, W]
  123 0x00000E83 0xFFFFFF87 0x00C0000C False   [16, 17] [N, W]
  124 0x00000E84 0xFFFFFF87 0x00C0000C False   [16, 17] [N, W]
  125 0x00000E85 0xFFFFFF87 0x00C0000C False   [16, 17] [N, W]
  126 0x00000E86 0xFFFFFF87 0x00C0000C False   [16, 17] [N, W]
  127 0x00000E87 0xFFFFFF87 0x00C00004 False   [16, 17] [N]
  128 0x00000F00 0xFFFFFF87 0x0080000C False   [17] [N, W]
  129 0x00000F01 0xFFFFFF87 0x0080000C False   [17] [N, W]
  130 0x00000F02 0xFFFFFF87 0x0080000C False   [17] [N, W]
  131 0x00000F03 0xFFFFFF87 0x0080000C False   [17] [N, W]
  132 0x00000F04 0xFFFFFF87 0x0080000C False   [17] [N, W]
  133 0x00000F05 0xFFFFFF87 0x0080000C False   [17] [N, W]
  134 0x00000F06 0xFFFFFF87 0x0080000C False   [17] [N, W]
  135 0x00000F07 0xFFFFFF87 0x00800004 False   [17] [N]
  136 0x00000000 0xFFFFFF87 0x0000000C False   [] [N, W]
  137 0x00000001 0xFFFFFF87 0x0000000C False   [] [N, W]
  138 0x00000002 0xFFFFFF87 0x0000000C False   [] [N, W]
  139 0x00000003 0xFFFFFF87 0x0000000C False   [] [N, W]
  140 0x00000004 0xFFFFFF87 0x0000000C False   [] [N, W]
  141 0x00000005 0xFFFFFF87 0x0000000C False   [] [N, W]
  142 0x00000006 0xFFFFFF87 0x0000000C False   [] [N, W]
  143 0x00000007 0xFFFFFF87 0x00000004 False   [] [N]
  144 0x00000080 0xFFFFFF87 0x0000000C False   [] [N, W]
  145 0x00000081 0xFFFFFF87 0x0000000C False   [] [N, W]
  146 0x00000082 0xFFFFFF87 0x0000000C False   [] [N, W]
  147 0x00000083 0xFFFFFF87 0x0000000C False   [] [N, W]
  148 0x00000084 0xFFFFFF87 0x0000000C False   [] [N, W]
  149 0x00000085 0xFFFFFF87 0x0000000C False   [] [N, W]
  150 0x00000086 0xFFFFFF87 0x0000000C False   [] [N, W]
  151 0x00000087 0xFFFFFF87 0x00000004 False   [] [N]
  152 0x00000100 0xFFFFFF87 0x0000000C False   [] [N, W]
  153 0x00000101 0xFFFFFF87 0x0000000C False   [] [N, W]
  154 0x00000102 0xFFFFFF87 0x0000000C False   [] [N, W]
  155 0x00000103 0xFFFFFF87 0x0000000C False   [] [N, W]
  156 0x00000104 0xFFFFFF87 0x0000000C False   [] [N, W]
  157 0x00000105 0xFFFFFF87 0x0000000C False   [] [N, W]
  158 0x00000106 0xFFFFFF87 0x0000000C False   [] [N, W]
  159 0x00000107 0xFFFFFF87 0x00000004 False   [] [N]
  160 0x00000180 0xFFFFFF87 0x0000000C False   [] [N, W]
  161 0x00000181 0xFFFFFF87 0x0000000C False   [] [N, W]
  162 0x00000182 0xFFFFFF87 0x0000000C False   [] [N, W]
  163 0x00000183 0xFFFFFF87 0x0000000C False   [] [N, W]
  164 0x00000184 0xFFFFFF87 0x0000000C False   [] [N, W]
  165 0x00000185 0xFFFFFF87 0x0000000C False   [] [N, W]
  166 0x00000186 0xFFFFFF87 0x0000000C False   [] [N, W]
  167 0x00000187 0xFFFFFF87 0x00000004 False   [] [N]
  168 0x00000200 0xFFFFFF87 0x0000000C False   [] [N, W]
  169 0x00000201 0xFFFFFF87 0x0000000C False   [] [N, W]
  170 0x00000202 0xFFFFFF87 0x0000000C False   [] [N, W]
  171 0x00000203 0xFFFFFF87 0x0000000C False   [] [N, W]
  172 0x00000204 0xFFFFFF87 0x0000000C False   [] [N, W]
  173 0x00000205 0xFFFFFF87 0x0000000C False   [] [N, W]
  174 0x00000206 0xFFFFFF87 0x0000000C False   [] [N, W]
  175 0x00000207 0xFFFFFF87 0x00000004 False   [] [N]
  176 0x00000280 0xFFFFFF87 0x0000000C False   [] [N, W]
  177 0x00000281 0xFFFFFF87 0x0000000C False   [] [N, W]
  178 0x00000282 0xFFFFFF87 0x0000000C False   [] [N, W]
  179 0x00000283 0xFFFFFF87 0x0000000C False   [] [N, W]
  180 0x00000284 0xFFFFFF87 0x0000000C False   [] [N, W]
  181 0x00000285 0xFFFFFF87 0x0000000C False   [] [N, W]
  182 0x00000286 0xFFFFFF87 0x0000000C False   [] [N, W]
  183 0x00000287 0xFFFFFF87 0x00000004 False   [] [N]
  184 0x00000300 0xFFFFFF87 0x0000000C False   [] [N, W]
  185 0x00000301 0xFFFFFF87 0x0000000C False   [] [N, W]
  186 0x00000302 0xFFFFFF87 0x0000000C False   [] [N, W]
  187 0x00000303 0xFFFFFF87 0x0000000C False   [] [N, W]
  188 0x00000304 0xFFFFFF87 0x0000000C False   [] [N, W]
  189 0x00000305 0xFFFFFF87 0x0000000C False   [] [N, W]
  190 0x00000306 0xFFFFFF87 0x0000000C False   [] [N, W]
  191 0x00000307 0xFFFFFF87 0x00000004 False   [] [N]
  192 0x00000380 0xFFFFFF87 0x0000000C False   [] [N, W]
  193 0x00000381 0xFFFFFF87 0x0000000C False   [] [N, W]
  194 0x00000382 0xFFFFFF87 0x0000000C False   [] [N, W]
  195 0x00000383 0xFFFFFF87 0x0000000C False   [] [N, W]
  196 0x00000384 0xFFFFFF87 0x0000000C False   [] [N, W]
  197 0x00000385 0xFFFFFF87 0x0000000C False   [] [N, W]
  198 0x00000386 0xFFFFFF87 0x0000000C False   [] [N, W]
  199 0x00000387 0xFFFFFF87 0x00000004 False   [] [N]
  200 0x00000400 0xFFFFFF87 0x0000000C False   [] [N, W]
  201 0x00000401 0xFFFFFF87 0x0000000C False   [] [N, W]
  202 0x00000402 0xFFFFFF87 0x0000000C False   [] [N, W]
  203 0x00000403 0xFFFFFF87 0x0000000C False   [] [N, W]
  204 0x00000404 0xFFFFFF87 0x0000000C False   [] [N, W]
  205 0x00000405 0xFFFFFF87 0x0000000C False   [] [N, W]
  206 0x00000406 0xFFFFFF87 0x0000000C False   [] [N, W]
  207 0x00000407 0xFFFFFF87 0x00000004 False   [] [N]
  208 0x00000480 0xFFFFFF87 0x0000000C False   [] [N, W]
  209 0x00000481 0xFFFFFF87 0x0000000C False   [] [N, W]
  210 0x00000482 0xFFFFFF87 0x0000000C False   [] [N, W]
  211 0x00000483 0xFFFFFF87 0x0000000C False   [] [N, W]
  212 0x00000484 0xFFFFFF87 0x0000000C False   [] [N, W]
  213 0x00000485 0xFFFFFF87 0x0000000C False   [] [N, W]
  214 0x00000486 0xFFFFFF87 0x0000000C False   [] [N, W]
  215 0x00000487 0xFFFFFF87 0x00000004 False   [] [N]
  216 0x00000500 0xFFFFFF87 0x0000000C False   [] [N, W]
  217 0x00000501 0xFFFFFF87 0x0000000C False   [] [N, W]
  218 0x00000502 0xFFFFFF87 0x0000000C False   [] [N, W]
  219 0x00000503 0xFFFFFF87 0x0000000C False   [] [N, W]
  220 0x00000504 0xFFFFFF87 0x0000000C False   [] [N, W]
  221 0x00000505 0xFFFFFF87 0x0000000C False   [] [N, W]
  222 0x00000506 0xFFFFFF87 0x0000000C False   [] [N, W]
  223 0x00000507 0xFFFFFF87 0x00000004 False   [] [N]
  224 0x00000580 0xFFFFFF87 0x0000000C False   [] [N, W]
  225 0x00000581 0xFFFFFF87 0x0000000C False   [] [N, W]
  226 0x00000582 0xFFFFFF87 0x0000000C False   [] [N, W]
  227 0x00000583 0xFFFFFF87 0x0000000C False   [] [N, W]
  228 0x00000584 0xFFFFFF87 0x0000000C False   [] [N, W]
  229 0x00000585 0xFFFFFF87 0x0000000C False   [] [N, W]
  230 0x00000586 0xFFFFFF87 0x0000000C False   [] [N, W]
  231 0x00000587 0xFFFFFF87 0x00000004 False   [] [N]
  232 0x00000600 0xFFFFFF87 0x0000000C False   [] [N, W]
  233 0x00000601 0xFFFFFF87 0x0000000C False   [] [N, W]
  234 0x00000602 0xFFFFFF87 0x0000000C False   [] [N, W]
  235 0x00000603 0xFFFFFF87 0x0000000C False   [] [N, W]
  236 0x00000604 0xFFFFFF87 0x0000000C False   [] [N, W]
  237 0x00000605 0xFFFFFF87 0x0000000C False   [] [N, W]
  238 0x00000606 0xFFFFFF87 0x0000000C False   [] [N, W]
  239 0x00000607 0xFFFFFF87 0x00000004 False   [] [N]
  240 0x00000680 0xFFFFFF87 0x0000000C False   [] [N, W]
  241 0x00000681 0xFFFFFF87 0x0000000C False   [] [N, W]
  242 0x00000682 0xFFFFFF87 0x0000000C False   [] [N, W]
  243 0x00000683 0xFFFFFF87 0x0000000C False   [] [N, W]
  244 0x00000684 0xFFFFFF87 0x0000000C False   [] [N, W]
  245 0x00000685 0xFFFFFF87 0x0000000C False   [] [N, W]
  246 0x00000686 0xFFFFFF87 0x0000000C False   [] [N, W]
  247 0x00000687 0xFFFFFF87 0x00000004 False   [] [N]
  248 0x00000F80 0xFFFFFF87 0x0000000C False   [] [N, W]
  249 0x00000F81 0xFFFFFF87 0x0000000C False   [] [N, W]
  250 0x00000F82 0xFFFFFF87 0x0000000C False   [] [N, W]
  251 0x00000F83 0xFFFFFF87 0x0000000C False   [] [N, W]
  252 0x00000F84 0xFFFFFF87 0x0000000C False   [] [N, W]
  253 0x00000F85 0xFFFFFF87 0x0000000C False   [] [N, W]
  254 0x00000F86 0xFFFFFF87 0x0000000C False   [] [N, W]
  255 0x00000F87 0xFFFFFF87 0x00000004 False   [] [N]
  256 0x00001000 0xFFFFFF87 0x0000000C False   [] [N, W]
  257 0x00001001 0xFFFFFF87 0x0000000C False   [] [N, W]
  258 0x00001002 0xFFFFFF87 0x0000000C False   [] [N, W]
  259 0x00001003 0xFFFFFF87 0x0000000C False   [] [N, W]
  260 0x00001004 0xFFFFFF87 0x0000000C False   [] [N, W]
  261 0x00001005 0xFFFFFF87 0x0000000C False   [] [N, W]
  262 0x00001006 0xFFFFFF87 0x0000000C False   [] [N, W]
  263 0x00001007 0xFFFFFF87 0x00000004 False   [] [N]
  264 0x00001080 0xFFFFFF87 0x0000000C False   [] [N, W]
  265 0x00001081 0xFFFFFF87 0x0000000C False   [] [N, W]
  266 0x00001082 0xFFFFFF87 0x0000000C False   [] [N, W]
  267 0x00001083 0xFFFFFF87 0x0000000C False   [] [N, W]
  268 0x00001084 0xFFFFFF87 0x0000000C False   [] [N, W]
  269 0x00001085 0xFFFFFF87 0x0000000C False   [] [N, W]
  270 0x00001086 0xFFFFFF87 0x0000000C False   [] [N, W]
  271 0x00001087 0xFFFFFF87 0x00000004 False   [] [N]
  272 0x00001100 0xFFFFFF87 0x0000000C False   [] [N, W]
  273 0x00001101 0xFFFFFF87 0x0000000C False   [] [N, W]
  274 0x00001102 0xFFFFFF87 0x0000000C False   [] [N, W]
  275 0x00001103 0xFFFFFF87 0x0000000C False   [] [N, W]
  276 0x00001104 0xFFFFFF87 0x0000000C False   [] [N, W]
  277 0x00001105 0xFFFFFF87 0x0000000C False   [] [N, W]
  278 0x00001106 0xFFFFFF87 0x0000000C False   [] [N, W]
  279 0x00001107 0xFFFFFF87 0x00000004 False   [] [N]
  280 0x00001180 0xFFFFFF87 0x0000000C False   [] [N, W]
  281 0x00001181 0xFFFFFF87 0x0000000C False   [] [N, W]
  282 0x00001182 0xFFFFFF87 0x0000000C False   [] [N, W]
  283 0x00001183 0xFFFFFF87 0x0000000C False   [] [N, W]
  284 0x00001184 0xFFFFFF87 0x0000000C False   [] [N, W]
  285 0x00001185 0xFFFFFF87 0x0000000C False   [] [N, W]
  286 0x00001186 0xFFFFFF87 0x0000000C False   [] [N, W]
  287 0x00001187 0xFFFFFF87 0x00000004 False   [] [N]
  288 0x00001200 0xFFFFFF87 0x0000000C False   [] [N, W]
  289 0x00001201 0xFFFFFF87 0x0000000C False   [] [N, W]
  290 0x00001202 0xFFFFFF87 0x0000000C False   [] [N, W]
  291 0x00001203 0xFFFFFF87 0x0000000C False   [] [N, W]
  292 0x00001204 0xFFFFFF87 0x0000000C False   [] [N, W]
  293 0x00001205 0xFFFFFF87 0x0000000C False   [] [N, W]
  294 0x00001206 0xFFFFFF87 0x0000000C False   [] [N, W]
  295 0x00001207 0xFFFFFF87 0x00000004 False   [] [N]
  296 0x00001280 0xFFFFFF87 0x0000000C False   [] [N, W]
  297 0x00001281 0xFFFFFF87 0x0000000C False   [] [N, W]
  298 0x00001282 0xFFFFFF87 0x0000000C False   [] [N, W]
  299 0x00001283 0xFFFFFF87 0x0000000C False   [] [N, W]
  300 0x00001284 0xFFFFFF87 0x0000000C False   [] [N, W]
  301 0x00001285 0xFFFFFF87 0x0000000C False   [] [N, W]
  302 0x00001286 0xFFFFFF87 0x0000000C False   [] [N, W]
  303 0x00001287 0xFFFFFF87 0x00000004 False   [] [N]
  304 0x00001300 0xFFFFFF87 0x0000000C False   [] [N, W]
  305 0x00001301 0xFFFFFF87 0x0000000C False   [] [N, W]
  306 0x00001302 0xFFFFFF87 0x0000000C False   [] [N, W]
  307 0x00001303 0xFFFFFF87 0x0000000C False   [] [N, W]
  308 0x00001304 0xFFFFFF87 0x0000000C False   [] [N, W]
  309 0x00001305 0xFFFFFF87 0x0000000C False   [] [N, W]
  310 0x00001306 0xFFFFFF87 0x0000000C False   [] [N, W]
  311 0x00001307 0xFFFFFF87 0x00000004 False   [] [N]
  312 0x00001380 0xFFFFFF87 0x0000000C False   [] [N, W]
  313 0x00001381 0xFFFFFF87 0x0000000C False   [] [N, W]
  314 0x00001382 0xFFFFFF87 0x0000000C False   [] [N, W]
  315 0x00001383 0xFFFFFF87 0x0000000C False   [] [N, W]
  316 0x00001384 0xFFFFFF87 0x0000000C False   [] [N, W]
  317 0x00001385 0xFFFFFF87 0x0000000C False   [] [N, W]
  318 0x00001386 0xFFFFFF87 0x0000000C False   [] [N, W]
  319 0x00001387 0xFFFFFF87 0x00000004 False   [] [N]
  320 0x00001400 0xFFFFFF87 0x0000000C False   [] [N, W]
  321 0x00001401 0xFFFFFF87 0x0000000C False   [] [N, W]
  322 0x00001402 0xFFFFFF87 0x0000000C False   [] [N, W]
  323 0x00001403 0xFFFFFF87 0x0000000C False   [] [N, W]
  324 0x00001404 0xFFFFFF87 0x0000000C False   [] [N, W]
  325 0x00001405 0xFFFFFF87 0x0000000C False   [] [N, W]
  326 0x00001406 0xFFFFFF87 0x0000000C False   [] [N, W]
  327 0x00001407 0xFFFFFF87 0x00000004 False   [] [N]
  328 0x00001480 0xFFFFFF87 0x0000000C False   [] [N, W]
  329 0x00001481 0xFFFFFF87 0x0000000C False   [] [N, W]
  330 0x00001482 0xFFFFFF87 0x0000000C False   [] [N, W]
  331 0x00001483 0xFFFFFF87 0x0000000C False   [] [N, W]
  332 0x00001484 0xFFFFFF87 0x0000000C False   [] [N, W]
  333 0x00001485 0xFFFFFF87 0x0000000C False   [] [N, W]
  334 0x00001486 0xFFFFFF87 0x0000000C False   [] [N, W]
  335 0x00001487 0xFFFFFF87 0x00000004 False   [] [N]
  336 0x00001500 0xFFFFFF87 0x0000000C False   [] [N, W]
  337 0x00001501 0xFFFFFF87 0x0000000C False   [] [N, W]
  338 0x00001502 0xFFFFFF87 0x0000000C False   [] [N, W]
  339 0x00001503 0xFFFFFF87 0x0000000C False   [] [N, W]
  340 0x00001504 0xFFFFFF87 0x0000000C False   [] [N, W]
  341 0x00001505 0xFFFFFF87 0x0000000C False   [] [N, W]
  342 0x00001506 0xFFFFFF87 0x0000000C False   [] [N, W]
  343 0x00001507 0xFFFFFF87 0x00000004 False   [] [N]
  344 0x00001580 0xFFFFFF87 0x0000000C False   [] [N, W]
  345 0x00001581 0xFFFFFF87 0x0000000C False   [] [N, W]
  346 0x00001582 0xFFFFFF87 0x0000000C False   [] [N, W]
  347 0x00001583 0xFFFFFF87 0x0000000C False   [] [N, W]
  348 0x00001584 0xFFFFFF87 0x0000000C False   [] [N, W]
  349 0x00001585 0xFFFFFF87 0x0000000C False   [] [N, W]
  350 0x00001586 0xFFFFFF87 0x0000000C False   [] [N, W]
  351 0x00001587 0xFFFFFF87 0x00000004 False   [] [N]
  352 0x00001600 0xFFFFFF87 0x0000000C False   [] [N, W]
  353 0x00001601 0xFFFFFF87 0x0000000C False   [] [N, W]
  354 0x00001602 0xFFFFFF87 0x0000000C False   [] [N, W]
  355 0x00001603 0xFFFFFF87 0x0000000C False   [] [N, W]
  356 0x00001604 0xFFFFFF87 0x0000000C False   [] [N, W]
  357 0x00001605 0xFFFFFF87 0x0000000C False   [] [N, W]
  358 0x00001606 0xFFFFFF87 0x0000000C False   [] [N, W]
  359 0x00001607 0xFFFFFF87 0x00000004 False   [] [N]
  360 0x00001680 0xFFFFFF87 0x0000000C False   [] [N, W]
  361 0x00001681 0xFFFFFF87 0x0000000C False   [] [N, W]
  362 0x00001682 0xFFFFFF87 0x0000000C False   [] [N, W]
  363 0x00001683 0xFFFFFF87 0x0000000C False   [] [N, W]
  364 0x00001684 0xFFFFFF87 0x0000000C False   [] [N, W]
  365 0x00001685 0xFFFFFF87 0x0000000C False   [] [N, W]
  366 0x00001686 0xFFFFFF87 0x0000000C False   [] [N, W]
  367 0x00001687 0xFFFFFF87 0x00000004 False   [] [N]
  368 0x00001700 0xFFFFFF87 0x0000000C False   [] [N, W]
  369 0x00001701 0xFFFFFF87 0x0000000C False   [] [N, W]
  370 0x00001702 0xFFFFFF87 0x0000000C False   [] [N, W]
  371 0x00001703 0xFFFFFF87 0x0000000C False   [] [N, W]
  372 0x00001704 0xFFFFFF87 0x0000000C False   [] [N, W]
  373 0x00001705 0xFFFFFF87 0x0000000C False   [] [N, W]
  374 0x00001706 0xFFFFFF87 0x0000000C False   [] [N, W]
  375 0x00001707 0xFFFFFF87 0x00000004 False   [] [N]
  376 0x00001780 0xFFFFFF87 0x0000000C False   [] [N, W]
  377 0x00001781 0xFFFFFF87 0x0000000C False   [] [N, W]
  378 0x00001782 0xFFFFFF87 0x0000000C False   [] [N, W]
  379 0x00001783 0xFFFFFF87 0x0000000C False   [] [N, W]
  380 0x00001784 0xFFFFFF87 0x0000000C False   [] [N, W]
  381 0x00001785 0xFFFFFF87 0x0000000C False   [] [N, W]
  382 0x00001786 0xFFFFFF87 0x0000000C False   [] [N, W]
  383 0x00001787 0xFFFFFF87 0x00000004 False   [] [N]
  384 0x00001800 0xFFFFFF87 0x0000000C False   [] [N, W]
  385 0x00001801 0xFFFFFF87 0x0000000C False   [] [N, W]
  386 0x00001802 0xFFFFFF87 0x0000000C False   [] [N, W]
  387 0x00001803 0xFFFFFF87 0x0000000C False   [] [N, W]
  388 0x00001804 0xFFFFFF87 0x0000000C False   [] [N, W]
  389 0x00001805 0xFFFFFF87 0x0000000C False   [] [N, W]
  390 0x00001806 0xFFFFFF87 0x0000000C False   [] [N, W]
  391 0x00001807 0xFFFFFF87 0x00000004 False   [] [N]
  392 0x00001880 0xFFFFFF87 0x0000000C False   [] [N, W]
  393 0x00001881 0xFFFFFF87 0x0000000C False   [] [N, W]
  394 0x00001882 0xFFFFFF87 0x0000000C False   [] [N, W]
  395 0x00001883 0xFFFFFF87 0x0000000C False   [] [N, W]
  396 0x00001884 0xFFFFFF87 0x0000000C False   [] [N, W]
  397 0x00001885 0xFFFFFF87 0x0000000C False   [] [N, W]
  398 0x00001886 0xFFFFFF87 0x0000000C False   [] [N, W]
  399 0x00001887 0xFFFFFF87 0x00000004 False   [] [N]
  400 0x00001900 0xFFFFFF87 0x0000000C False   [] [N, W]
  401 0x00001901 0xFFFFFF87 0x0000000C False   [] [N, W]
  402 0x00001902 0xFFFFFF87 0x0000000C False   [] [N, W]
  403 0x00001903 0xFFFFFF87 0x0000000C False   [] [N, W]
  404 0x00001904 0xFFFFFF87 0x0000000C False   [] [N, W]
  405 0x00001905 0xFFFFFF87 0x0000000C False   [] [N, W]
  406 0x00001906 0xFFFFFF87 0x0000000C False   [] [N, W]
  407 0x00001907 0xFFFFFF87 0x00000004 False   [] [N]
  408 0x00001980 0xFFFFFF87 0x0000000C False   [] [N, W]
  409 0x00001981 0xFFFFFF87 0x0000000C False   [] [N, W]
  410 0x00001982 0xFFFFFF87 0x0000000C False   [] [N, W]
  411 0x00001983 0xFFFFFF87 0x0000000C False   [] [N, W]
  412 0x00001984 0xFFFFFF87 0x0000000C False   [] [N, W]
  413 0x00001985 0xFFFFFF87 0x0000000C False   [] [N, W]
  414 0x00001986 0xFFFFFF87 0x0000000C False   [] [N, W]
  415 0x00001987 0xFFFFFF87 0x00000004 False   [] [N]
  416 0x00001A00 0xFFFFFF87 0x0000000C False   [] [N, W]
  417 0x00001A01 0xFFFFFF87 0x0000000C False   [] [N, W]
  418 0x00001A02 0xFFFFFF87 0x0000000C False   [] [N, W]
  419 0x00001A03 0xFFFFFF87 0x0000000C False   [] [N, W]
  420 0x00001A04 0xFFFFFF87 0x0000000C False   [] [N, W]
  421 0x00001A05 0xFFFFFF87 0x0000000C False   [] [N, W]
  422 0x00001A06 0xFFFFFF87 0x0000000C False   [] [N, W]
  423 0x00001A07 0xFFFFFF87 0x00000004 False   [] [N]
  424 0x00001A80 0xFFFFFF87 0x0000000C False   [] [N, W]
  425 0x00001A81 0xFFFFFF87 0x0000000C False   [] [N, W]
  426 0x00001A82 0xFFFFFF87 0x0000000C False   [] [N, W]
  427 0x00001A83 0xFFFFFF87 0x0000000C False   [] [N, W]
  428 0x00001A84 0xFFFFFF87 0x0000000C False   [] [N, W]
  429 0x00001A85 0xFFFFFF87 0x0000000C False   [] [N, W]
  430 0x00001A86 0xFFFFFF87 0x0000000C False   [] [N, W]
  431 0x00001A87 0xFFFFFF87 0x00000004 False   [] [N]
  432 0x00001B00 0xFFFFFF87 0x0000000C False   [] [N, W]
  433 0x00001B01 0xFFFFFF87 0x0000000C False   [] [N, W]
  434 0x00001B02 0xFFFFFF87 0x0000000C False   [] [N, W]
  435 0x00001B03 0xFFFFFF87 0x0000000C False   [] [N, W]
  436 0x00001B04 0xFFFFFF87 0x0000000C False   [] [N, W]
  437 0x00001B05 0xFFFFFF87 0x0000000C False   [] [N, W]
  438 0x00001B06 0xFFFFFF87 0x0000000C False   [] [N, W]
  439 0x00001B07 0xFFFFFF87 0x00000004 False   [] [N]
  440 0x00001B80 0xFFFFFF87 0x0000000C False   [] [N, W]
  441 0x00001B81 0xFFFFFF87 0x0000000C False   [] [N, W]
  442 0x00001B82 0xFFFFFF87 0x0000000C False   [] [N, W]
  443 0x00001B83 0xFFFFFF87 0x0000000C False   [] [N, W]
  444 0x00001B84 0xFFFFFF87 0x0000000C False   [] [N, W]
  445 0x00001B85 0xFFFFFF87 0x0000000C False   [] [N, W]
  446 0x00001B86 0xFFFFFF87 0x0000000C False   [] [N, W]
  447 0x00001B87 0xFFFFFF87 0x00000004 False   [] [N]
  448 0x00001C00 0xFFFFFF87 0x0000000C False   [] [N, W]
  449 0x00001C01 0xFFFFFF87 0x0000000C False   [] [N, W]
  450 0x00001C02 0xFFFFFF87 0x0000000C False   [] [N, W]
  451 0x00001C03 0xFFFFFF87 0x0000000C False   [] [N, W]
  452 0x00001C04 0xFFFFFF87 0x0000000C False   [] [N, W]
  453 0x00001C05 0xFFFFFF87 0x0000000C False   [] [N, W]
  454 0x00001C06 0xFFFFFF87 0x0000000C False   [] [N, W]
  455 0x00001C07 0xFFFFFF87 0x00000004 False   [] [N]
  456 0x00001C80 0xFFFFFF87 0x0000000C False   [] [N, W]
  457 0x00001C81 0xFFFFFF87 0x0000000C False   [] [N, W]
  458 0x00001C82 0xFFFFFF87 0x0000000C False   [] [N, W]
  459 0x00001C83 0xFFFFFF87 0x0000000C False   [] [N, W]
  460 0x00001C84 0xFFFFFF87 0x0000000C False   [] [N, W]
  461 0x00001C85 0xFFFFFF87 0x0000000C False   [] [N, W]
  462 0x00001C86 0xFFFFFF87 0x0000000C False   [] [N, W]
  463 0x00001C87 0xFFFFFF87 0x00000004 False   [] [N]
  464 0x00001D00 0xFFFFFF87 0x0000000C False   [] [N, W]
  465 0x00001D01 0xFFFFFF87 0x0000000C False   [] [N, W]
  466 0x00001D02 0xFFFFFF87 0x0000000C False   [] [N, W]
  467 0x00001D03 0xFFFFFF87 0x0000000C False   [] [N, W]
  468 0x00001D04 0xFFFFFF87 0x0000000C False   [] [N, W]
  469 0x00001D05 0xFFFFFF87 0x0000000C False   [] [N, W]
  470 0x00001D06 0xFFFFFF87 0x0000000C False   [] [N, W]
  471 0x00001D07 0xFFFFFF87 0x00000004 False   [] [N]
0 Defaultable entries
