Router contains 177 entries
Index Key        Mask       Route      Default [Cores][Links]
----- ---------- ---------- ---------- ------- --------------
    0 0x00000000 0xFFFFFF87 0x00000010 True    [] [SW]
    1 0x00000080 0xFFFFFF87 0x00000010 True    [] [SW]
    2 0x00000100 0xFFFFFF87 0x00000010 True    [] [SW]
    3 0x00000180 0xFFFFFF87 0x00000010 True    [] [SW]
    4 0x00000200 0xFFFFFF87 0x00000010 True    [] [SW]
    5 0x00000280 0xFFFFFF87 0x00000010 True    [] [SW]
    6 0x00000300 0xFFFFFF87 0x00000010 True    [] [SW]
    7 0x00000380 0xFFFFFF87 0x00000010 True    [] [SW]
    8 0x00000400 0xFFFFFF87 0x00000010 True    [] [SW]
    9 0x00000480 0xFFFFFF87 0x00000010 True    [] [SW]
   10 0x00000500 0xFFFFFF87 0x00000010 True    [] [SW]
   11 0x00000580 0xFFFFFF87 0x00000010 True    [] [SW]
   12 0x00000600 0xFFFFFF87 0x00000010 True    [] [SW]
   13 0x00000680 0xFFFFFF87 0x00000010 True    [] [SW]
   14 0x00000700 0xFFFFFF87 0x00000010 True    [] [SW]
   15 0x00000780 0xFFFFFF87 0x00000010 True    [] [SW]
   16 0x00000800 0xFFFFFF87 0x00000010 True    [] [SW]
   17 0x00000880 0xFFFFFF87 0x00000010 True    [] [SW]
   18 0x00000900 0xFFFFFF87 0x00000010 True    [] [SW]
   19 0x00000980 0xFFFFFF87 0x00000010 True    [] [SW]
   20 0x00000A00 0xFFFFFF87 0x00000010 True    [] [SW]
   21 0x00000A80 0xFFFFFF87 0x00000010 True    [] [SW]
   22 0x00000B00 0xFFFFFF87 0x00000010 True    [] [SW]
   23 0x00000B80 0xFFFFFF87 0x00000010 True    [] [SW]
   24 0x00000C00 0xFFFFFF87 0x00000010 True    [] [SW]
   25 0x00000C80 0xFFFFFF87 0x00000010 True    [] [SW]
   26 0x00000D00 0xFFFFFF87 0x00000010 True    [] [SW]
   27 0x00000D80 0xFFFFFF87 0x00000010 True    [] [SW]
   28 0x00000E00 0xFFFFFF87 0x00000010 True    [] [SW]
   29 0x00000E80 0xFFFFFF87 0x00000010 True    [] [SW]
   30 0x00000F00 0xFFFFFF87 0x00000010 True    [] [SW]
   31 0x00000F80 0xFFFFFF87 0x00000010 True    [] [SW]
   32 0x00001000 0xFFFFFF87 0x00000010 True    [] [SW]
   33 0x00001080 0xFFFFFF87 0x00000010 True    [] [SW]
   34 0x00001100 0xFFFFFF87 0x00000010 True    [] [SW]
   35 0x00001180 0xFFFFFF87 0x00000010 True    [] [SW]
   36 0x00001200 0xFFFFFF87 0x00000010 True    [] [SW]
   37 0x00001280 0xFFFFFF87 0x00000010 True    [] [SW]
   38 0x00001300 0xFFFFFF87 0x00000010 True    [] [SW]
   39 0x00001380 0xFFFFFF87 0x00000010 True    [] [SW]
   40 0x00001400 0xFFFFFF87 0x00000010 True    [] [SW]
   41 0x00001480 0xFFFFFF87 0x00000010 True    [] [SW]
   42 0x00001500 0xFFFFFF87 0x00000010 True    [] [SW]
   43 0x00001580 0xFFFFFF87 0x00000010 True    [] [SW]
   44 0x00001600 0xFFFFFF87 0x00000010 True    [] [SW]
   45 0x00001680 0xFFFFFF87 0x00000010 True    [] [SW]
   46 0x00001700 0xFFFFFF87 0x00000010 True    [] [SW]
   47 0x00001780 0xFFFFFF87 0x00000010 True    [] [SW]
   48 0x00001800 0xFFFFFF87 0x00000010 True    [] [SW]
   49 0x00001880 0xFFFFFF87 0x00000010 True    [] [SW]
   50 0x00001900 0xFFFFFF87 0x00000010 True    [] [SW]
   51 0x00001980 0xFFFFFF87 0x00000010 True    [] [SW]
   52 0x00001A00 0xFFFFFF87 0x00000010 True    [] [SW]
   53 0x00001A80 0xFFFFFF87 0x00000010 True    [] [SW]
   54 0x00001B00 0xFFFFFF87 0x00000010 True    [] [SW]
   55 0x00001B80 0xFFFFFF87 0x00000010 True    [] [SW]
   56 0x00001C00 0xFFFFFF87 0x00000010 True    [] [SW]
   57 0x00001C80 0xFFFFFF87 0x00000010 True    [] [SW]
   58 0x00001D00 0xFFFFFF87 0x00000010 True    [] [SW]
   59 0x00000001 0xFFFFFF87 0x00000010 True    [] [SW]
   60 0x00000081 0xFFFFFF87 0x00000010 True    [] [SW]
   61 0x00000101 0xFFFFFF87 0x00000010 True    [] [SW]
   62 0x00000181 0xFFFFFF87 0x00000010 True    [] [SW]
   63 0x00000201 0xFFFFFF87 0x00000010 True    [] [SW]
   64 0x00000281 0xFFFFFF87 0x00000010 True    [] [SW]
   65 0x00000301 0xFFFFFF87 0x00000010 True    [] [SW]
   66 0x00000381 0xFFFFFF87 0x00000010 True    [] [SW]
   67 0x00000401 0xFFFFFF87 0x00000010 True    [] [SW]
   68 0x00000481 0xFFFFFF87 0x00000010 True    [] [SW]
   69 0x00000501 0xFFFFFF87 0x00000010 True    [] [SW]
   70 0x00000581 0xFFFFFF87 0x00000010 True    [] [SW]
   71 0x00000601 0xFFFFFF87 0x00000010 True    [] [SW]
   72 0x00000681 0xFFFFFF87 0x00000010 True    [] [SW]
   73 0x00000701 0xFFFFFF87 0x00000010 True    [] [SW]
   74 0x00000781 0xFFFFFF87 0x00000010 True    [] [SW]
   75 0x00000801 0xFFFFFF87 0x00000010 True    [] [SW]
   76 0x00000881 0xFFFFFF87 0x00000010 True    [] [SW]
   77 0x00000901 0xFFFFFF87 0x00000010 True    [] [SW]
   78 0x00000981 0xFFFFFF87 0x00000010 True    [] [SW]
   79 0x00000A01 0xFFFFFF87 0x00000010 True    [] [SW]
   80 0x00000A81 0xFFFFFF87 0x00000010 True    [] [SW]
   81 0x00000B01 0xFFFFFF87 0x00000010 True    [] [SW]
   82 0x00000B81 0xFFFFFF87 0x00000010 True    [] [SW]
   83 0x00000C01 0xFFFFFF87 0x00000010 True    [] [SW]
   84 0x00000C81 0xFFFFFF87 0x00000010 True    [] [SW]
   85 0x00000D01 0xFFFFFF87 0x00000010 True    [] [SW]
   86 0x00000D81 0xFFFFFF87 0x00000010 True    [] [SW]
   87 0x00000E01 0xFFFFFF87 0x00000010 True    [] [SW]
   88 0x00000E81 0xFFFFFF87 0x00000010 True    [] [SW]
   89 0x00000F01 0xFFFFFF87 0x00000010 True    [] [SW]
   90 0x00000F81 0xFFFFFF87 0x00000010 True    [] [SW]
   91 0x00001001 0xFFFFFF87 0x00000010 True    [] [SW]
   92 0x00001081 0xFFFFFF87 0x00000010 True    [] [SW]
   93 0x00001101 0xFFFFFF87 0x00000010 True    [] [SW]
   94 0x00001181 0xFFFFFF87 0x00000010 True    [] [SW]
   95 0x00001201 0xFFFFFF87 0x00000010 True    [] [SW]
   96 0x00001281 0xFFFFFF87 0x00000010 True    [] [SW]
   97 0x00001301 0xFFFFFF87 0x00000010 True    [] [SW]
   98 0x00001381 0xFFFFFF87 0x00000010 True    [] [SW]
   99 0x00001401 0xFFFFFF87 0x00000010 True    [] [SW]
  100 0x00001481 0xFFFFFF87 0x00000010 True    [] [SW]
  101 0x00001501 0xFFFFFF87 0x00000010 True    [] [SW]
  102 0x00001581 0xFFFFFF87 0x00000010 True    [] [SW]
  103 0x00001601 0xFFFFFF87 0x00000010 True    [] [SW]
  104 0x00001681 0xFFFFFF87 0x00000010 True    [] [SW]
  105 0x00001701 0xFFFFFF87 0x00000010 True    [] [SW]
  106 0x00001781 0xFFFFFF87 0x00000010 True    [] [SW]
  107 0x00001801 0xFFFFFF87 0x00000010 True    [] [SW]
  108 0x00001881 0xFFFFFF87 0x00000010 True    [] [SW]
  109 0x00001901 0xFFFFFF87 0x00000010 True    [] [SW]
  110 0x00001981 0xFFFFFF87 0x00000010 True    [] [SW]
  111 0x00001A01 0xFFFFFF87 0x00000010 True    [] [SW]
  112 0x00001A81 0xFFFFFF87 0x00000010 True    [] [SW]
  113 0x00001B01 0xFFFFFF87 0x00000010 True    [] [SW]
  114 0x00001B81 0xFFFFFF87 0x00000010 True    [] [SW]
  115 0x00001C01 0xFFFFFF87 0x00000010 True    [] [SW]
  116 0x00001C81 0xFFFFFF87 0x00000010 True    [] [SW]
  117 0x00001D01 0xFFFFFF87 0x00000010 True    [] [SW]
  118 0x00000002 0xFFFFFF87 0x00000010 False   [] [SW]
  119 0x00000082 0xFFFFFF87 0x00000010 False   [] [SW]
  120 0x00000102 0xFFFFFF87 0x00000010 False   [] [SW]
  121 0x00000182 0xFFFFFF87 0x00000010 False   [] [SW]
  122 0x00000202 0xFFFFFF87 0x00000010 False   [] [SW]
  123 0x00000282 0xFFFFFF87 0x00000010 False   [] [SW]
  124 0x00000302 0xFFFFFF87 0x00000010 False   [] [SW]
  125 0x00000382 0xFFFFFF87 0x00000010 False   [] [SW]
  126 0x00000402 0xFFFFFF87 0x00000010 False   [] [SW]
  127 0x00000482 0xFFFFFF87 0x00000010 False   [] [SW]
  128 0x00000502 0xFFFFFF87 0x00000010 False   [] [SW]
  129 0x00000582 0xFFFFFF87 0x00000010 False   [] [SW]
  130 0x00000602 0xFFFFFF87 0x00000010 False   [] [SW]
  131 0x00000682 0xFFFFFF87 0x00000010 False   [] [SW]
  132 0x00000702 0xFFFFFF87 0x00000010 False   [] [SW]
  133 0x00000782 0xFFFFFF87 0x00000010 False   [] [SW]
  134 0x00000802 0xFFFFFF87 0x00000010 False   [] [SW]
  135 0x00000882 0xFFFFFF87 0x00000010 False   [] [SW]
  136 0x00000902 0xFFFFFF87 0x00000010 False   [] [SW]
  137 0x00000982 0xFFFFFF87 0x00000010 False   [] [SW]
  138 0x00000A02 0xFFFFFF87 0x00000010 False   [] [SW]
  139 0x00000A82 0xFFFFFF87 0x00000010 False   [] [SW]
  140 0x00000B02 0xFFFFFF87 0x00000010 False   [] [SW]
  141 0x00000B82 0xFFFFFF87 0x00000010 False   [] [SW]
  142 0x00000C02 0xFFFFFF87 0x00000010 False   [] [SW]
  143 0x00000C82 0xFFFFFF87 0x00000010 False   [] [SW]
  144 0x00000D02 0xFFFFFF87 0x00000010 False   [] [SW]
  145 0x00000D82 0xFFFFFF87 0x00000010 False   [] [SW]
  146 0x00000E02 0xFFFFFF87 0x00000010 False   [] [SW]
  147 0x00000E82 0xFFFFFF87 0x00000010 False   [] [SW]
  148 0x00000F02 0xFFFFFF87 0x00000010 False   [] [SW]
  149 0x00000F82 0xFFFFFF87 0x00000010 False   [] [SW]
  150 0x00001002 0xFFFFFF87 0x00000010 False   [] [SW]
  151 0x00001082 0xFFFFFF87 0x00000010 False   [] [SW]
  152 0x00001102 0xFFFFFF87 0x00000010 False   [] [SW]
  153 0x00001182 0xFFFFFF87 0x00000010 False   [] [SW]
  154 0x00001202 0xFFFFFF87 0x00000010 False   [] [SW]
  155 0x00001282 0xFFFFFF87 0x00000010 False   [] [SW]
  156 0x00001302 0xFFFFFF87 0x00000010 False   [] [SW]
  157 0x00001382 0xFFFFFF87 0x00000010 False   [] [SW]
  158 0x00001402 0xFFFFFF87 0x00000010 False   [] [SW]
  159 0x00001482 0xFFFFFF87 0x00000010 False   [] [SW]
  160 0x00001502 0xFFFFFF87 0x00000010 False   [] [SW]
  161 0x00001582 0xFFFFFF87 0x00000010 False   [] [SW]
  162 0x00001602 0xFFFFFF87 0x00000010 False   [] [SW]
  163 0x00001682 0xFFFFFF87 0x00000010 False   [] [SW]
  164 0x00001702 0xFFFFFF87 0x00000010 False   [] [SW]
  165 0x00001782 0xFFFFFF87 0x00000010 False   [] [SW]
  166 0x00001802 0xFFFFFF87 0x00000010 False   [] [SW]
  167 0x00001882 0xFFFFFF87 0x00000010 False   [] [SW]
  168 0x00001902 0xFFFFFF87 0x00000010 False   [] [SW]
  169 0x00001982 0xFFFFFF87 0x00000010 False   [] [SW]
  170 0x00001A02 0xFFFFFF87 0x00000010 False   [] [SW]
  171 0x00001A82 0xFFFFFF87 0x00000010 False   [] [SW]
  172 0x00001B02 0xFFFFFF87 0x00000010 False   [] [SW]
  173 0x00001B82 0xFFFFFF87 0x00000010 False   [] [SW]
  174 0x00001C02 0xFFFFFF87 0x00000010 False   [] [SW]
  175 0x00001C82 0xFFFFFF87 0x00000010 False   [] [SW]
  176 0x00001D02 0xFFFFFF87 0x00000010 False   [] [SW]
118 Defaultable entries
