SpYNNakerNeuronGraphNetworkSpecificationReport skipped as cfg Reports:write_network_graph is False
Network Specification report took 0:00:00.000279 
Splitter reset took 0:00:00.000013 
Spynnaker splitter selector took 0:00:00.012842 
DelaySupportAdder took 0:00:00.000149 
SpynnakerSplitterPartitioner took 0:00:00.004566 
SpallocAllocator took 0:00:37.441312 
Machine generator took 0:00:14.198026 
Json machine skipped as cfg Reports:write_json_machine is False
Board chip report took 0:00:00.006354 
Command Sender Adder took 0:00:00.000872 
Split Live Gather Vertices took 0:00:00.000008 
Insert chip power monitors skipped as cfg Reports:write_energy_report is False
Insert extra monitor vertices took 0:00:00.000008 
Partitioner report took 0:00:00.001974 
Local TDMA builder took 0:00:00.000038 
Application Placer took 0:00:00.037970 
Placements wth application graph report took 0:00:00.011480 
Json placements skipped as cfg Reports:write_json_placements is False
System multicast routing generator took 0:00:00.056822 
Fixed route router took 0:00:00.009742 
Application Router took 0:00:00.412528 
Basic tag allocator took 0:00:00.002843 
Tag allocator report took 0:00:00.000342 
Zoned routing info allocator took 0:00:00.111991 
Router info report took 0:00:00.004144 
Merged routing table generator took 0:00:00.284146 
Uncompressed routing table report took 0:00:00.264070 
Router report skipped as cfg Reports:write_router_reports is False
Router summary report skipped as cfg Reports:write_router_summary_report is False
Json routing tables skipped as cfg Reports:write_json_routing_tables is False
Locate executable start type took 0:00:00.002403 
Buffer manager creator took 0:00:00.001369 
SDRAM outgoing partition allocator took 0:00:00.000071 
Write Neo Metadata took 0:00:00.001001 
Record vertex labels to database took 0:00:00.006949 
Routing setup took 0:00:00.037671 
Graph binary gatherer took 0:00:00.013706 
Pair on chip router compression took 0:00:03.421177 
Graph data specification writer took 0:00:00.571150 
Control Sync took 0:00:00.000177 
Load fixed routes took 0:00:00.207117 
Execute system data specification took 0:00:01.628200 
Load executable system Images took 0:00:02.355998 
Tags Loader took 0:00:00.021691 
Host data specification took 0:00:02.576623 
Neuron expander took 0:00:01.549922 
Synapse expander took 0:00:02.778524 
Finish connection holders took 0:00:00.000691 
Bitfield compressor report skipped as cfg Reports:write_bit_field_compressor_report is False
Tags from machine report took 0:00:00.014446 
Memory report skipped as cfg Reports:write_memory_map_report is False
Memory report skipped as cfg Reports:write_memory_map_report is False
Compressor report took 0:00:00.310988 
Fixed route report took 0:00:00.219816 
Load executable app images exited with SpinnmanGenericProcessException after 0:00:06.360650
