SpYNNakerNeuronGraphNetworkSpecificationReport skipped as cfg Reports:write_network_graph is False
Network Specification report took 0:00:00.000178 
Splitter reset took 0:00:00.000008 
Spynnaker splitter selector took 0:00:00.011661 
DelaySupportAdder took 0:00:00.000164 
SpynnakerSplitterPartitioner took 0:00:00.004460 
SpallocAllocator took 0:00:14.279206 
Machine generator took 0:00:14.193096 
Json machine skipped as cfg Reports:write_json_machine is False
Board chip report took 0:00:00.005438 
Command Sender Adder took 0:00:00.000686 
Split Live Gather Vertices took 0:00:00.000008 
Insert chip power monitors skipped as cfg Reports:write_energy_report is False
Insert extra monitor vertices took 0:00:00.000006 
Partitioner report took 0:00:00.001976 
Local TDMA builder took 0:00:00.000038 
Application Placer took 0:00:00.036770 
Placements wth application graph report took 0:00:00.009653 
Json placements skipped as cfg Reports:write_json_placements is False
System multicast routing generator took 0:00:00.018026 
Fixed route router took 0:00:00.043504 
Application Router took 0:00:00.392657 
Basic tag allocator took 0:00:00.002912 
Tag allocator report took 0:00:00.000176 
Zoned routing info allocator took 0:00:00.092041 
Router info report took 0:00:00.004373 
Merged routing table generator took 0:00:00.280442 
Uncompressed routing table report took 0:00:00.259309 
Router report skipped as cfg Reports:write_router_reports is False
Router summary report skipped as cfg Reports:write_router_summary_report is False
Json routing tables skipped as cfg Reports:write_json_routing_tables is False
Locate executable start type took 0:00:00.002403 
Buffer manager creator took 0:00:00.001358 
SDRAM outgoing partition allocator took 0:00:00.000069 
Write Neo Metadata took 0:00:00.000981 
Record vertex labels to database took 0:00:00.006731 
Routing setup took 0:00:00.037830 
Graph binary gatherer took 0:00:00.020950 
Pair on chip router compression took 0:00:02.696220 
Graph data specification writer took 0:00:00.565155 
Control Sync took 0:00:00.000169 
Load fixed routes took 0:00:00.206291 
Execute system data specification took 0:00:01.654692 
Load executable system Images took 0:00:01.591023 
Tags Loader took 0:00:00.021110 
Host data specification took 0:00:02.581574 
Neuron expander took 0:00:01.655766 
Synapse expander took 0:00:02.113042 
Finish connection holders took 0:00:00.000393 
Bitfield compressor report skipped as cfg Reports:write_bit_field_compressor_report is False
Tags from machine report took 0:00:00.015007 
Memory report skipped as cfg Reports:write_memory_map_report is False
Memory report skipped as cfg Reports:write_memory_map_report is False
Compressor report took 0:00:00.311574 
Fixed route report took 0:00:00.226057 
Load executable app images exited with SpinnmanGenericProcessException after 0:00:07.134397
