        Partitioning Information by Vertex
        ===============================

Generated: Thu Mar 23 11:07:01 2023 for target machine '172.16.223.1'

**** Vertex: 'input'
Model: SPIFInputDevice
Pop size: 10000
Machine Vertices: 
  Slice (0:30)
  Slice (0:30)
  Slice (0:30)
  Slice (0:30)
  Slice (0:30)
  Slice (0:30)
  Slice (0:30)
  Slice (0:30)
  Slice (0:9999)
  Slice (31:61)
  Slice (31:61)
  Slice (31:61)
  Slice (31:61)
  Slice (31:61)
  Slice (31:61)
  Slice (31:61)
  Slice (31:61)
  Slice (62:92)
  Slice (62:92)
  Slice (62:92)
  Slice (62:92)
  Slice (62:92)
  Slice (62:92)
  Slice (62:92)
  Slice (62:92)
  Slice (93:123)
  Slice (93:123)
  Slice (93:123)
  Slice (93:123)
  Slice (93:123)
  Slice (93:123)
  Slice (93:123)
  Slice (93:123)
  Slice (124:154)
  Slice (124:154)
  Slice (124:154)
  Slice (124:154)
  Slice (124:154)
  Slice (124:154)
  Slice (124:154)
  Slice (124:154)
  Slice (155:185)
  Slice (155:185)
  Slice (155:185)
  Slice (155:185)
  Slice (155:185)
  Slice (155:185)
  Slice (155:185)
  Slice (155:185)
  Slice (186:216)
  Slice (186:216)
  Slice (186:216)
  Slice (186:216)
  Slice (186:216)
  Slice (186:216)
  Slice (186:216)
  Slice (186:216)
  Slice (217:247)
  Slice (217:247)
  Slice (217:247)
  Slice (217:247)
  Slice (217:247)
  Slice (217:247)
  Slice (217:247)
  Slice (217:247)
  Slice (248:278)
  Slice (248:278)
  Slice (248:278)
  Slice (248:278)
  Slice (248:278)
  Slice (248:278)
  Slice (248:278)
  Slice (248:278)
  Slice (279:309)
  Slice (279:309)
  Slice (279:309)
  Slice (279:309)
  Slice (279:309)
  Slice (279:309)
  Slice (279:309)
  Slice (279:309)
  Slice (310:340)
  Slice (310:340)
  Slice (310:340)
  Slice (310:340)
  Slice (310:340)
  Slice (310:340)
  Slice (310:340)
  Slice (310:340)
  Slice (341:371)
  Slice (341:371)
  Slice (341:371)
  Slice (341:371)
  Slice (341:371)
  Slice (341:371)
  Slice (341:371)
  Slice (341:371)
  Slice (372:402)
  Slice (372:402)
  Slice (372:402)
  Slice (372:402)
  Slice (372:402)
  Slice (372:402)
  Slice (372:402)
  Slice (372:402)
  Slice (403:433)
  Slice (403:433)
  Slice (403:433)
  Slice (403:433)
  Slice (403:433)
  Slice (403:433)
  Slice (403:433)
  Slice (403:433)
  Slice (434:464)
  Slice (434:464)
  Slice (434:464)
  Slice (434:464)
  Slice (434:464)
  Slice (434:464)
  Slice (434:464)
  Slice (434:464)
  Slice (465:495)
  Slice (465:495)
  Slice (465:495)
  Slice (465:495)
  Slice (465:495)
  Slice (465:495)
  Slice (465:495)
  Slice (465:495)
  Slice (496:526)
  Slice (496:526)
  Slice (496:526)
  Slice (496:526)
  Slice (496:526)
  Slice (496:526)
  Slice (496:526)
  Slice (496:526)
  Slice (527:557)
  Slice (527:557)
  Slice (527:557)
  Slice (527:557)
  Slice (527:557)
  Slice (527:557)
  Slice (527:557)
  Slice (527:557)
  Slice (558:588)
  Slice (558:588)
  Slice (558:588)
  Slice (558:588)
  Slice (558:588)
  Slice (558:588)
  Slice (558:588)
  Slice (558:588)
  Slice (589:619)
  Slice (589:619)
  Slice (589:619)
  Slice (589:619)
  Slice (589:619)
  Slice (589:619)
  Slice (589:619)
  Slice (589:619)
  Slice (620:650)
  Slice (620:650)
  Slice (620:650)
  Slice (620:650)
  Slice (620:650)
  Slice (620:650)
  Slice (620:650)
  Slice (620:650)
  Slice (651:681)
  Slice (651:681)
  Slice (651:681)
  Slice (651:681)
  Slice (651:681)
  Slice (651:681)
  Slice (651:681)
  Slice (651:681)
  Slice (682:712)
  Slice (682:712)
  Slice (682:712)
  Slice (682:712)
  Slice (682:712)
  Slice (682:712)
  Slice (682:712)
  Slice (682:712)
  Slice (713:743)
  Slice (713:743)
  Slice (713:743)
  Slice (713:743)
  Slice (713:743)
  Slice (713:743)
  Slice (713:743)
  Slice (713:743)
  Slice (744:774)
  Slice (744:774)
  Slice (744:774)
  Slice (744:774)
  Slice (744:774)
  Slice (744:774)
  Slice (744:774)
  Slice (744:774)
  Slice (775:805)
  Slice (775:805)
  Slice (775:805)
  Slice (775:805)
  Slice (775:805)
  Slice (775:805)
  Slice (775:805)
  Slice (775:805)
  Slice (806:836)
  Slice (806:836)
  Slice (806:836)
  Slice (806:836)
  Slice (806:836)
  Slice (806:836)
  Slice (806:836)
  Slice (806:836)
  Slice (837:867)
  Slice (837:867)
  Slice (837:867)
  Slice (837:867)
  Slice (837:867)
  Slice (837:867)
  Slice (837:867)
  Slice (837:867)
  Slice (868:898)
  Slice (868:898)
  Slice (868:898)
  Slice (868:898)
  Slice (868:898)
  Slice (868:898)
  Slice (868:898)
  Slice (868:898)
  Slice (899:929)
  Slice (899:929)
  Slice (899:929)
  Slice (899:929)
  Slice (899:929)
  Slice (899:929)
  Slice (899:929)
  Slice (899:929)
  Slice (930:960)
  Slice (930:960)
  Slice (930:960)
  Slice (930:960)
  Slice (930:960)
  Slice (930:960)
  Slice (930:960)
  Slice (930:960)
  Slice (961:991)
  Slice (961:991)
  Slice (961:991)
  Slice (961:991)
  Slice (961:991)
  Slice (961:991)
  Slice (961:991)
  Slice (961:991)
  Slice (992:1022)
  Slice (992:1022)
  Slice (992:1022)
  Slice (992:1022)
  Slice (992:1022)
  Slice (992:1022)
  Slice (992:1022)
  Slice (992:1022)
  Slice (1023:1053)
  Slice (1023:1053)
  Slice (1023:1053)
  Slice (1023:1053)
  Slice (1023:1053)
  Slice (1023:1053)
  Slice (1023:1053)
  Slice (1023:1053)
  Slice (1054:1084)
  Slice (1054:1084)
  Slice (1054:1084)
  Slice (1054:1084)
  Slice (1054:1084)
  Slice (1054:1084)
  Slice (1054:1084)
  Slice (1054:1084)
  Slice (1085:1115)
  Slice (1085:1115)
  Slice (1085:1115)
  Slice (1085:1115)
  Slice (1085:1115)
  Slice (1085:1115)
  Slice (1085:1115)
  Slice (1085:1115)
  Slice (1116:1146)
  Slice (1116:1146)
  Slice (1116:1146)
  Slice (1116:1146)
  Slice (1116:1146)
  Slice (1116:1146)
  Slice (1116:1146)
  Slice (1116:1146)
  Slice (1147:1177)
  Slice (1147:1177)
  Slice (1147:1177)
  Slice (1147:1177)
  Slice (1147:1177)
  Slice (1147:1177)
  Slice (1147:1177)
  Slice (1147:1177)
  Slice (1178:1208)
  Slice (1178:1208)
  Slice (1178:1208)
  Slice (1178:1208)
  Slice (1178:1208)
  Slice (1178:1208)
  Slice (1178:1208)
  Slice (1178:1208)
  Slice (1209:1239)
  Slice (1209:1239)
  Slice (1209:1239)
  Slice (1209:1239)
  Slice (1209:1239)
  Slice (1209:1239)
  Slice (1209:1239)
  Slice (1209:1239)
  Slice (1240:1270)
  Slice (1240:1270)
  Slice (1240:1270)
  Slice (1240:1270)
  Slice (1240:1270)
  Slice (1240:1270)
  Slice (1240:1270)
  Slice (1240:1270)
  Slice (1271:1301)
  Slice (1271:1301)
  Slice (1271:1301)
  Slice (1271:1301)
  Slice (1271:1301)
  Slice (1271:1301)
  Slice (1271:1301)
  Slice (1271:1301)
  Slice (1302:1332)
  Slice (1302:1332)
  Slice (1302:1332)
  Slice (1302:1332)
  Slice (1302:1332)
  Slice (1302:1332)
  Slice (1302:1332)
  Slice (1302:1332)
  Slice (1333:1363)
  Slice (1333:1363)
  Slice (1333:1363)
  Slice (1333:1363)
  Slice (1333:1363)
  Slice (1333:1363)
  Slice (1333:1363)
  Slice (1333:1363)
  Slice (1364:1394)
  Slice (1364:1394)
  Slice (1364:1394)
  Slice (1364:1394)
  Slice (1364:1394)
  Slice (1364:1394)
  Slice (1364:1394)
  Slice (1364:1394)
  Slice (1395:1425)
  Slice (1395:1425)
  Slice (1395:1425)
  Slice (1395:1425)
  Slice (1395:1425)
  Slice (1395:1425)
  Slice (1395:1425)
  Slice (1395:1425)
  Slice (1426:1456)
  Slice (1426:1456)
  Slice (1426:1456)
  Slice (1426:1456)
  Slice (1426:1456)
  Slice (1426:1456)
  Slice (1426:1456)
  Slice (1426:1456)
  Slice (1457:1487)
  Slice (1457:1487)
  Slice (1457:1487)
  Slice (1457:1487)
  Slice (1457:1487)
  Slice (1457:1487)
  Slice (1457:1487)
  Slice (1457:1487)
  Slice (1488:1518)
  Slice (1488:1518)
  Slice (1488:1518)
  Slice (1488:1518)
  Slice (1488:1518)
  Slice (1488:1518)
  Slice (1488:1518)
  Slice (1488:1518)
  Slice (1519:1549)
  Slice (1519:1549)
  Slice (1519:1549)
  Slice (1519:1549)
  Slice (1519:1549)
  Slice (1519:1549)
  Slice (1519:1549)
  Slice (1519:1549)
  Slice (1550:1580)
  Slice (1550:1580)
  Slice (1550:1580)
  Slice (1550:1580)
  Slice (1550:1580)
  Slice (1550:1580)
  Slice (1550:1580)
  Slice (1550:1580)
  Slice (1581:1611)
  Slice (1581:1611)
  Slice (1581:1611)
  Slice (1581:1611)
  Slice (1581:1611)
  Slice (1581:1611)
  Slice (1581:1611)
  Slice (1581:1611)
  Slice (1612:1642)
  Slice (1612:1642)
  Slice (1612:1642)
  Slice (1612:1642)
  Slice (1612:1642)
  Slice (1612:1642)
  Slice (1612:1642)
  Slice (1612:1642)
  Slice (1643:1673)
  Slice (1643:1673)
  Slice (1643:1673)
  Slice (1643:1673)
  Slice (1643:1673)
  Slice (1643:1673)
  Slice (1643:1673)
  Slice (1643:1673)
  Slice (1674:1704)
  Slice (1674:1704)
  Slice (1674:1704)
  Slice (1674:1704)
  Slice (1674:1704)
  Slice (1674:1704)
  Slice (1674:1704)
  Slice (1674:1704)
  Slice (1705:1735)
  Slice (1705:1735)
  Slice (1705:1735)
  Slice (1705:1735)
  Slice (1705:1735)
  Slice (1705:1735)
  Slice (1705:1735)
  Slice (1705:1735)
  Slice (1736:1766)
  Slice (1736:1766)
  Slice (1736:1766)
  Slice (1736:1766)
  Slice (1736:1766)
  Slice (1736:1766)
  Slice (1736:1766)
  Slice (1736:1766)
  Slice (1767:1797)
  Slice (1767:1797)
  Slice (1767:1797)
  Slice (1767:1797)
  Slice (1767:1797)
  Slice (1767:1797)
  Slice (1767:1797)
  Slice (1767:1797)
  Slice (1798:1828)
  Slice (1798:1828)
  Slice (1798:1828)
  Slice (1798:1828)
  Slice (1798:1828)
  Slice (1798:1828)
  Slice (1798:1828)
  Slice (1798:1828)
  Slice (1829:1859)
  Slice (1829:1859)
  Slice (1829:1859)
  Slice (1829:1859)
  Slice (1829:1859)
  Slice (1829:1859)
  Slice (1829:1859)
  Slice (1829:1859)
  Slice (1860:1890)
  Slice (1860:1890)
  Slice (1860:1890)
  Slice (1860:1890)
  Slice (1860:1890)
  Slice (1860:1890)
  Slice (1860:1890)
  Slice (1860:1890)
  Slice (1891:1921)
  Slice (1891:1921)
  Slice (1891:1921)
  Slice (1891:1921)
  Slice (1891:1921)
  Slice (1891:1921)
  Slice (1891:1921)
  Slice (1891:1921)
  Slice (1922:1952)
  Slice (1922:1952)
  Slice (1922:1952)
  Slice (1922:1952)
  Slice (1922:1952)
  Slice (1922:1952)
  Slice (1922:1952)
  Slice (1922:1952)
  Slice (1953:1983)
  Slice (1953:1983)
  Slice (1953:1983)
  Slice (1953:1983)
  Slice (1953:1983)
  Slice (1953:1983)
  Slice (1953:1983)
  Slice (1953:1983)
  Slice (1984:2014)
  Slice (1984:2014)
  Slice (1984:2014)
  Slice (1984:2014)
  Slice (1984:2014)
  Slice (1984:2014)
  Slice (1984:2014)
  Slice (1984:2014)
  Slice (2015:2045)
  Slice (2015:2045)
  Slice (2015:2045)
  Slice (2015:2045)
  Slice (2015:2045)
  Slice (2015:2045)
  Slice (2015:2045)
  Slice (2015:2045)
  Slice (2046:2076)
  Slice (2046:2076)
  Slice (2046:2076)
  Slice (2046:2076)
  Slice (2046:2076)
  Slice (2046:2076)
  Slice (2046:2076)
  Slice (2046:2076)
  Slice (2077:2107)
  Slice (2077:2107)
  Slice (2077:2107)
  Slice (2077:2107)
  Slice (2077:2107)
  Slice (2077:2107)
  Slice (2077:2107)
  Slice (2077:2107)
  Slice (2108:2138)
  Slice (2108:2138)
  Slice (2108:2138)
  Slice (2108:2138)
  Slice (2108:2138)
  Slice (2108:2138)
  Slice (2108:2138)
  Slice (2108:2138)
  Slice (2139:2169)
  Slice (2139:2169)
  Slice (2139:2169)
  Slice (2139:2169)
  Slice (2139:2169)
  Slice (2139:2169)
  Slice (2139:2169)
  Slice (2139:2169)
  Slice (2170:2200)
  Slice (2170:2200)
  Slice (2170:2200)
  Slice (2170:2200)
  Slice (2170:2200)
  Slice (2170:2200)
  Slice (2170:2200)
  Slice (2170:2200)
  Slice (2201:2231)
  Slice (2201:2231)
  Slice (2201:2231)
  Slice (2201:2231)
  Slice (2201:2231)
  Slice (2201:2231)
  Slice (2201:2231)
  Slice (2201:2231)
  Slice (2232:2262)
  Slice (2232:2262)
  Slice (2232:2262)
  Slice (2232:2262)
  Slice (2232:2262)
  Slice (2232:2262)
  Slice (2232:2262)
  Slice (2232:2262)
  Slice (2263:2293)
  Slice (2263:2293)
  Slice (2263:2293)
  Slice (2263:2293)
  Slice (2263:2293)
  Slice (2263:2293)
  Slice (2263:2293)
  Slice (2263:2293)
  Slice (2294:2324)
  Slice (2294:2324)
  Slice (2294:2324)
  Slice (2294:2324)
  Slice (2294:2324)
  Slice (2294:2324)
  Slice (2294:2324)
  Slice (2294:2324)
  Slice (2325:2355)
  Slice (2325:2355)
  Slice (2325:2355)
  Slice (2325:2355)
  Slice (2325:2355)
  Slice (2325:2355)
  Slice (2325:2355)
  Slice (2325:2355)
  Slice (2356:2386)
  Slice (2356:2386)
  Slice (2356:2386)
  Slice (2356:2386)
  Slice (2356:2386)
  Slice (2356:2386)
  Slice (2356:2386)
  Slice (2356:2386)
  Slice (2387:2417)
  Slice (2387:2417)
  Slice (2387:2417)
  Slice (2387:2417)
  Slice (2387:2417)
  Slice (2387:2417)
  Slice (2387:2417)
  Slice (2387:2417)
  Slice (2418:2448)
  Slice (2418:2448)
  Slice (2418:2448)
  Slice (2418:2448)
  Slice (2418:2448)
  Slice (2418:2448)
  Slice (2418:2448)
  Slice (2418:2448)
  Slice (2449:2479)
  Slice (2449:2479)
  Slice (2449:2479)
  Slice (2449:2479)
  Slice (2449:2479)
  Slice (2449:2479)
  Slice (2449:2479)
  Slice (2449:2479)
  Slice (2480:2510)
  Slice (2480:2510)
  Slice (2480:2510)
  Slice (2480:2510)
  Slice (2480:2510)
  Slice (2480:2510)
  Slice (2480:2510)
  Slice (2480:2510)
  Slice (2511:2541)
  Slice (2511:2541)
  Slice (2511:2541)
  Slice (2511:2541)
  Slice (2511:2541)
  Slice (2511:2541)
  Slice (2511:2541)
  Slice (2511:2541)
  Slice (2542:2572)
  Slice (2542:2572)
  Slice (2542:2572)
  Slice (2542:2572)
  Slice (2542:2572)
  Slice (2542:2572)
  Slice (2542:2572)
  Slice (2542:2572)
  Slice (2573:2603)
  Slice (2573:2603)
  Slice (2573:2603)
  Slice (2573:2603)
  Slice (2573:2603)
  Slice (2573:2603)
  Slice (2573:2603)
  Slice (2573:2603)
  Slice (2604:2634)
  Slice (2604:2634)
  Slice (2604:2634)
  Slice (2604:2634)
  Slice (2604:2634)
  Slice (2604:2634)
  Slice (2604:2634)
  Slice (2604:2634)
  Slice (2635:2665)
  Slice (2635:2665)
  Slice (2635:2665)
  Slice (2635:2665)
  Slice (2635:2665)
  Slice (2635:2665)
  Slice (2635:2665)
  Slice (2635:2665)
  Slice (2666:2696)
  Slice (2666:2696)
  Slice (2666:2696)
  Slice (2666:2696)
  Slice (2666:2696)
  Slice (2666:2696)
  Slice (2666:2696)
  Slice (2666:2696)
  Slice (2697:2727)
  Slice (2697:2727)
  Slice (2697:2727)
  Slice (2697:2727)
  Slice (2697:2727)
  Slice (2697:2727)
  Slice (2697:2727)
  Slice (2697:2727)
  Slice (2728:2758)
  Slice (2728:2758)
  Slice (2728:2758)
  Slice (2728:2758)
  Slice (2728:2758)
  Slice (2728:2758)
  Slice (2728:2758)
  Slice (2728:2758)
  Slice (2759:2789)
  Slice (2759:2789)
  Slice (2759:2789)
  Slice (2759:2789)
  Slice (2759:2789)
  Slice (2759:2789)
  Slice (2759:2789)
  Slice (2759:2789)
  Slice (2790:2820)
  Slice (2790:2820)
  Slice (2790:2820)
  Slice (2790:2820)
  Slice (2790:2820)
  Slice (2790:2820)
  Slice (2790:2820)
  Slice (2790:2820)
  Slice (2821:2851)
  Slice (2821:2851)
  Slice (2821:2851)
  Slice (2821:2851)
  Slice (2821:2851)
  Slice (2821:2851)
  Slice (2821:2851)
  Slice (2821:2851)
  Slice (2852:2882)
  Slice (2852:2882)
  Slice (2852:2882)
  Slice (2852:2882)
  Slice (2852:2882)
  Slice (2852:2882)
  Slice (2852:2882)
  Slice (2852:2882)
  Slice (2883:2913)
  Slice (2883:2913)
  Slice (2883:2913)
  Slice (2883:2913)
  Slice (2883:2913)
  Slice (2883:2913)
  Slice (2883:2913)
  Slice (2883:2913)
  Slice (2914:2944)
  Slice (2914:2944)
  Slice (2914:2944)
  Slice (2914:2944)
  Slice (2914:2944)
  Slice (2914:2944)
  Slice (2914:2944)
  Slice (2914:2944)
  Slice (2945:2975)
  Slice (2945:2975)
  Slice (2945:2975)
  Slice (2945:2975)
  Slice (2945:2975)
  Slice (2945:2975)
  Slice (2945:2975)
  Slice (2945:2975)
  Slice (2976:3006)
  Slice (2976:3006)
  Slice (2976:3006)
  Slice (2976:3006)
  Slice (2976:3006)
  Slice (2976:3006)
  Slice (2976:3006)
  Slice (2976:3006)
  Slice (3007:3037)
  Slice (3007:3037)
  Slice (3007:3037)
  Slice (3007:3037)
  Slice (3007:3037)
  Slice (3007:3037)
  Slice (3007:3037)
  Slice (3007:3037)
  Slice (3038:3068)
  Slice (3038:3068)
  Slice (3038:3068)
  Slice (3038:3068)
  Slice (3038:3068)
  Slice (3038:3068)
  Slice (3038:3068)
  Slice (3038:3068)
  Slice (3069:3099)
  Slice (3069:3099)
  Slice (3069:3099)
  Slice (3069:3099)
  Slice (3069:3099)
  Slice (3069:3099)
  Slice (3069:3099)
  Slice (3069:3099)
  Slice (3100:3130)
  Slice (3100:3130)
  Slice (3100:3130)
  Slice (3100:3130)
  Slice (3100:3130)
  Slice (3100:3130)
  Slice (3100:3130)
  Slice (3100:3130)
  Slice (3131:3161)
  Slice (3131:3161)
  Slice (3131:3161)
  Slice (3131:3161)
  Slice (3131:3161)
  Slice (3131:3161)
  Slice (3131:3161)
  Slice (3131:3161)
  Slice (3162:3192)
  Slice (3162:3192)
  Slice (3162:3192)
  Slice (3162:3192)
  Slice (3162:3192)
  Slice (3162:3192)
  Slice (3162:3192)
  Slice (3162:3192)
  Slice (3193:3223)
  Slice (3193:3223)
  Slice (3193:3223)
  Slice (3193:3223)
  Slice (3193:3223)
  Slice (3193:3223)
  Slice (3193:3223)
  Slice (3193:3223)
  Slice (3224:3254)
  Slice (3224:3254)
  Slice (3224:3254)
  Slice (3224:3254)
  Slice (3224:3254)
  Slice (3224:3254)
  Slice (3224:3254)
  Slice (3224:3254)
  Slice (3255:3285)
  Slice (3255:3285)
  Slice (3255:3285)
  Slice (3255:3285)
  Slice (3255:3285)
  Slice (3255:3285)
  Slice (3255:3285)
  Slice (3255:3285)
  Slice (3286:3316)
  Slice (3286:3316)
  Slice (3286:3316)
  Slice (3286:3316)
  Slice (3286:3316)
  Slice (3286:3316)
  Slice (3286:3316)
  Slice (3286:3316)
  Slice (3317:3347)
  Slice (3317:3347)
  Slice (3317:3347)
  Slice (3317:3347)
  Slice (3317:3347)
  Slice (3317:3347)
  Slice (3317:3347)
  Slice (3317:3347)
  Slice (3348:3378)
  Slice (3348:3378)
  Slice (3348:3378)
  Slice (3348:3378)
  Slice (3348:3378)
  Slice (3348:3378)
  Slice (3348:3378)
  Slice (3348:3378)
  Slice (3379:3409)
  Slice (3379:3409)
  Slice (3379:3409)
  Slice (3379:3409)
  Slice (3379:3409)
  Slice (3379:3409)
  Slice (3379:3409)
  Slice (3379:3409)
  Slice (3410:3440)
  Slice (3410:3440)
  Slice (3410:3440)
  Slice (3410:3440)
  Slice (3410:3440)
  Slice (3410:3440)
  Slice (3410:3440)
  Slice (3410:3440)
  Slice (3441:3471)
  Slice (3441:3471)
  Slice (3441:3471)
  Slice (3441:3471)
  Slice (3441:3471)
  Slice (3441:3471)
  Slice (3441:3471)
  Slice (3441:3471)
  Slice (3472:3502)
  Slice (3472:3502)
  Slice (3472:3502)
  Slice (3472:3502)
  Slice (3472:3502)
  Slice (3472:3502)
  Slice (3472:3502)
  Slice (3472:3502)
  Slice (3503:3533)
  Slice (3503:3533)
  Slice (3503:3533)
  Slice (3503:3533)
  Slice (3503:3533)
  Slice (3503:3533)
  Slice (3503:3533)
  Slice (3503:3533)
  Slice (3534:3564)
  Slice (3534:3564)
  Slice (3534:3564)
  Slice (3534:3564)
  Slice (3534:3564)
  Slice (3534:3564)
  Slice (3534:3564)
  Slice (3534:3564)
  Slice (3565:3595)
  Slice (3565:3595)
  Slice (3565:3595)
  Slice (3565:3595)
  Slice (3565:3595)
  Slice (3565:3595)
  Slice (3565:3595)
  Slice (3565:3595)
  Slice (3596:3626)
  Slice (3596:3626)
  Slice (3596:3626)
  Slice (3596:3626)
  Slice (3596:3626)
  Slice (3596:3626)
  Slice (3596:3626)
  Slice (3596:3626)
  Slice (3627:3657)
  Slice (3627:3657)
  Slice (3627:3657)
  Slice (3627:3657)
  Slice (3627:3657)
  Slice (3627:3657)
  Slice (3627:3657)
  Slice (3627:3657)
  Slice (3658:3688)
  Slice (3658:3688)
  Slice (3658:3688)
  Slice (3658:3688)
  Slice (3658:3688)
  Slice (3658:3688)
  Slice (3658:3688)
  Slice (3658:3688)
  Slice (3689:3719)
  Slice (3689:3719)
  Slice (3689:3719)
  Slice (3689:3719)
  Slice (3689:3719)
  Slice (3689:3719)
  Slice (3689:3719)
  Slice (3689:3719)
  Slice (3720:3750)
  Slice (3720:3750)
  Slice (3720:3750)
  Slice (3720:3750)
  Slice (3720:3750)
  Slice (3720:3750)
  Slice (3720:3750)
  Slice (3720:3750)
  Slice (3751:3781)
  Slice (3751:3781)
  Slice (3751:3781)
  Slice (3751:3781)
  Slice (3751:3781)
  Slice (3751:3781)
  Slice (3751:3781)
  Slice (3751:3781)
  Slice (3782:3812)
  Slice (3782:3812)
  Slice (3782:3812)
  Slice (3782:3812)
  Slice (3782:3812)
  Slice (3782:3812)
  Slice (3782:3812)
  Slice (3782:3812)
  Slice (3813:3843)
  Slice (3813:3843)
  Slice (3813:3843)
  Slice (3813:3843)
  Slice (3813:3843)
  Slice (3813:3843)
  Slice (3813:3843)
  Slice (3813:3843)
  Slice (3844:3874)
  Slice (3844:3874)
  Slice (3844:3874)
  Slice (3844:3874)
  Slice (3844:3874)
  Slice (3844:3874)
  Slice (3844:3874)
  Slice (3844:3874)
  Slice (3875:3905)
  Slice (3875:3905)
  Slice (3875:3905)
  Slice (3875:3905)
  Slice (3875:3905)
  Slice (3875:3905)
  Slice (3875:3905)
  Slice (3875:3905)
  Slice (3906:3936)
  Slice (3906:3936)
  Slice (3906:3936)
  Slice (3906:3936)
  Slice (3906:3936)
  Slice (3906:3936)
  Slice (3906:3936)
  Slice (3906:3936)
  Slice (3937:3967)
  Slice (3937:3967)
  Slice (3937:3967)
  Slice (3937:3967)
  Slice (3937:3967)
  Slice (3937:3967)
  Slice (3937:3967)
  Slice (3937:3967)
  Slice (3968:3998)
  Slice (3968:3998)
  Slice (3968:3998)
  Slice (3968:3998)
  Slice (3968:3998)
  Slice (3968:3998)
  Slice (3968:3998)
  Slice (3968:3998)
  Slice (3999:4029)
  Slice (3999:4029)
  Slice (3999:4029)
  Slice (3999:4029)
  Slice (3999:4029)
  Slice (3999:4029)
  Slice (3999:4029)
  Slice (3999:4029)
  Slice (4030:4060)
  Slice (4030:4060)
  Slice (4030:4060)
  Slice (4030:4060)
  Slice (4030:4060)
  Slice (4030:4060)
  Slice (4030:4060)
  Slice (4030:4060)
  Slice (4061:4091)
  Slice (4061:4091)
  Slice (4061:4091)
  Slice (4061:4091)
  Slice (4061:4091)
  Slice (4061:4091)
  Slice (4061:4091)
  Slice (4061:4091)
  Slice (4092:4122)
  Slice (4092:4122)
  Slice (4092:4122)
  Slice (4092:4122)
  Slice (4092:4122)
  Slice (4092:4122)
  Slice (4092:4122)
  Slice (4092:4122)
  Slice (4123:4153)
  Slice (4123:4153)
  Slice (4123:4153)
  Slice (4123:4153)
  Slice (4123:4153)
  Slice (4123:4153)
  Slice (4123:4153)
  Slice (4123:4153)
  Slice (4154:4184)
  Slice (4154:4184)
  Slice (4154:4184)
  Slice (4154:4184)
  Slice (4154:4184)
  Slice (4154:4184)
  Slice (4154:4184)
  Slice (4154:4184)
  Slice (4185:4215)
  Slice (4185:4215)
  Slice (4185:4215)
  Slice (4185:4215)
  Slice (4185:4215)
  Slice (4185:4215)
  Slice (4185:4215)
  Slice (4185:4215)
  Slice (4216:4246)
  Slice (4216:4246)
  Slice (4216:4246)
  Slice (4216:4246)
  Slice (4216:4246)
  Slice (4216:4246)
  Slice (4216:4246)
  Slice (4216:4246)
  Slice (4247:4277)
  Slice (4247:4277)
  Slice (4247:4277)
  Slice (4247:4277)
  Slice (4247:4277)
  Slice (4247:4277)
  Slice (4247:4277)
  Slice (4247:4277)
  Slice (4278:4308)
  Slice (4278:4308)
  Slice (4278:4308)
  Slice (4278:4308)
  Slice (4278:4308)
  Slice (4278:4308)
  Slice (4278:4308)
  Slice (4278:4308)
  Slice (4309:4339)
  Slice (4309:4339)
  Slice (4309:4339)
  Slice (4309:4339)
  Slice (4309:4339)
  Slice (4309:4339)
  Slice (4309:4339)
  Slice (4309:4339)
  Slice (4340:4370)
  Slice (4340:4370)
  Slice (4340:4370)
  Slice (4340:4370)
  Slice (4340:4370)
  Slice (4340:4370)
  Slice (4340:4370)
  Slice (4340:4370)
  Slice (4371:4401)
  Slice (4371:4401)
  Slice (4371:4401)
  Slice (4371:4401)
  Slice (4371:4401)
  Slice (4371:4401)
  Slice (4371:4401)
  Slice (4371:4401)
  Slice (4402:4432)
  Slice (4402:4432)
  Slice (4402:4432)
  Slice (4402:4432)
  Slice (4402:4432)
  Slice (4402:4432)
  Slice (4402:4432)
  Slice (4402:4432)
  Slice (4433:4463)
  Slice (4433:4463)
  Slice (4433:4463)
  Slice (4433:4463)
  Slice (4433:4463)
  Slice (4433:4463)
  Slice (4433:4463)
  Slice (4433:4463)
  Slice (4464:4494)
  Slice (4464:4494)
  Slice (4464:4494)
  Slice (4464:4494)
  Slice (4464:4494)
  Slice (4464:4494)
  Slice (4464:4494)
  Slice (4464:4494)
  Slice (4495:4525)
  Slice (4495:4525)
  Slice (4495:4525)
  Slice (4495:4525)
  Slice (4495:4525)
  Slice (4495:4525)
  Slice (4495:4525)
  Slice (4495:4525)
  Slice (4526:4556)
  Slice (4526:4556)
  Slice (4526:4556)
  Slice (4526:4556)
  Slice (4526:4556)
  Slice (4526:4556)
  Slice (4526:4556)
  Slice (4526:4556)
  Slice (4557:4587)
  Slice (4557:4587)
  Slice (4557:4587)
  Slice (4557:4587)
  Slice (4557:4587)
  Slice (4557:4587)
  Slice (4557:4587)
  Slice (4557:4587)
  Slice (4588:4618)
  Slice (4588:4618)
  Slice (4588:4618)
  Slice (4588:4618)
  Slice (4588:4618)
  Slice (4588:4618)
  Slice (4588:4618)
  Slice (4588:4618)
  Slice (4619:4649)
  Slice (4619:4649)
  Slice (4619:4649)
  Slice (4619:4649)
  Slice (4619:4649)
  Slice (4619:4649)
  Slice (4619:4649)
  Slice (4619:4649)
  Slice (4650:4680)
  Slice (4650:4680)
  Slice (4650:4680)
  Slice (4650:4680)
  Slice (4650:4680)
  Slice (4650:4680)
  Slice (4650:4680)
  Slice (4650:4680)
  Slice (4681:4711)
  Slice (4681:4711)
  Slice (4681:4711)
  Slice (4681:4711)
  Slice (4681:4711)
  Slice (4681:4711)
  Slice (4681:4711)
  Slice (4681:4711)
  Slice (4712:4742)
  Slice (4712:4742)
  Slice (4712:4742)
  Slice (4712:4742)
  Slice (4712:4742)
  Slice (4712:4742)
  Slice (4712:4742)
  Slice (4712:4742)
  Slice (4743:4773)
  Slice (4743:4773)
  Slice (4743:4773)
  Slice (4743:4773)
  Slice (4743:4773)
  Slice (4743:4773)
  Slice (4743:4773)
  Slice (4743:4773)
  Slice (4774:4804)
  Slice (4774:4804)
  Slice (4774:4804)
  Slice (4774:4804)
  Slice (4774:4804)
  Slice (4774:4804)
  Slice (4774:4804)
  Slice (4774:4804)
  Slice (4805:4835)
  Slice (4805:4835)
  Slice (4805:4835)
  Slice (4805:4835)
  Slice (4805:4835)
  Slice (4805:4835)
  Slice (4805:4835)
  Slice (4805:4835)
  Slice (4836:4866)
  Slice (4836:4866)
  Slice (4836:4866)
  Slice (4836:4866)
  Slice (4836:4866)
  Slice (4836:4866)
  Slice (4836:4866)
  Slice (4836:4866)
  Slice (4867:4897)
  Slice (4867:4897)
  Slice (4867:4897)
  Slice (4867:4897)
  Slice (4867:4897)
  Slice (4867:4897)
  Slice (4867:4897)
  Slice (4867:4897)
  Slice (4898:4928)
  Slice (4898:4928)
  Slice (4898:4928)
  Slice (4898:4928)
  Slice (4898:4928)
  Slice (4898:4928)
  Slice (4898:4928)
  Slice (4898:4928)
  Slice (4929:4959)
  Slice (4929:4959)
  Slice (4929:4959)
  Slice (4929:4959)
  Slice (4929:4959)
  Slice (4929:4959)
  Slice (4929:4959)
  Slice (4929:4959)
  Slice (4960:4990)
  Slice (4960:4990)
  Slice (4960:4990)
  Slice (4960:4990)
  Slice (4960:4990)
  Slice (4960:4990)
  Slice (4960:4990)
  Slice (4960:4990)
  Slice (4991:5021)
  Slice (4991:5021)
  Slice (4991:5021)
  Slice (4991:5021)
  Slice (4991:5021)
  Slice (4991:5021)
  Slice (4991:5021)
  Slice (4991:5021)
  Slice (5022:5052)
  Slice (5022:5052)
  Slice (5022:5052)
  Slice (5022:5052)
  Slice (5022:5052)
  Slice (5022:5052)
  Slice (5022:5052)
  Slice (5022:5052)
  Slice (5053:5083)
  Slice (5053:5083)
  Slice (5053:5083)
  Slice (5053:5083)
  Slice (5053:5083)
  Slice (5053:5083)
  Slice (5053:5083)
  Slice (5053:5083)
  Slice (5084:5114)
  Slice (5084:5114)
  Slice (5084:5114)
  Slice (5084:5114)
  Slice (5084:5114)
  Slice (5084:5114)
  Slice (5084:5114)
  Slice (5084:5114)
  Slice (5115:5145)
  Slice (5115:5145)
  Slice (5115:5145)
  Slice (5115:5145)
  Slice (5115:5145)
  Slice (5115:5145)
  Slice (5115:5145)
  Slice (5115:5145)
  Slice (5146:5176)
  Slice (5146:5176)
  Slice (5146:5176)
  Slice (5146:5176)
  Slice (5146:5176)
  Slice (5146:5176)
  Slice (5146:5176)
  Slice (5146:5176)
  Slice (5177:5207)
  Slice (5177:5207)
  Slice (5177:5207)
  Slice (5177:5207)
  Slice (5177:5207)
  Slice (5177:5207)
  Slice (5177:5207)
  Slice (5177:5207)
  Slice (5208:5238)
  Slice (5208:5238)
  Slice (5208:5238)
  Slice (5208:5238)
  Slice (5208:5238)
  Slice (5208:5238)
  Slice (5208:5238)
  Slice (5208:5238)
  Slice (5239:5269)
  Slice (5239:5269)
  Slice (5239:5269)
  Slice (5239:5269)
  Slice (5239:5269)
  Slice (5239:5269)
  Slice (5239:5269)
  Slice (5239:5269)
  Slice (5270:5300)
  Slice (5270:5300)
  Slice (5270:5300)
  Slice (5270:5300)
  Slice (5270:5300)
  Slice (5270:5300)
  Slice (5270:5300)
  Slice (5270:5300)
  Slice (5301:5331)
  Slice (5301:5331)
  Slice (5301:5331)
  Slice (5301:5331)
  Slice (5301:5331)
  Slice (5301:5331)
  Slice (5301:5331)
  Slice (5301:5331)
  Slice (5332:5362)
  Slice (5332:5362)
  Slice (5332:5362)
  Slice (5332:5362)
  Slice (5332:5362)
  Slice (5332:5362)
  Slice (5332:5362)
  Slice (5332:5362)
  Slice (5363:5393)
  Slice (5363:5393)
  Slice (5363:5393)
  Slice (5363:5393)
  Slice (5363:5393)
  Slice (5363:5393)
  Slice (5363:5393)
  Slice (5363:5393)
  Slice (5394:5424)
  Slice (5394:5424)
  Slice (5394:5424)
  Slice (5394:5424)
  Slice (5394:5424)
  Slice (5394:5424)
  Slice (5394:5424)
  Slice (5394:5424)
  Slice (5425:5455)
  Slice (5425:5455)
  Slice (5425:5455)
  Slice (5425:5455)
  Slice (5425:5455)
  Slice (5425:5455)
  Slice (5425:5455)
  Slice (5425:5455)
  Slice (5456:5486)
  Slice (5456:5486)
  Slice (5456:5486)
  Slice (5456:5486)
  Slice (5456:5486)
  Slice (5456:5486)
  Slice (5456:5486)
  Slice (5456:5486)
  Slice (5487:5517)
  Slice (5487:5517)
  Slice (5487:5517)
  Slice (5487:5517)
  Slice (5487:5517)
  Slice (5487:5517)
  Slice (5487:5517)
  Slice (5487:5517)
  Slice (5518:5548)
  Slice (5518:5548)
  Slice (5518:5548)
  Slice (5518:5548)
  Slice (5518:5548)
  Slice (5518:5548)
  Slice (5518:5548)
  Slice (5518:5548)
  Slice (5549:5579)
  Slice (5549:5579)
  Slice (5549:5579)
  Slice (5549:5579)
  Slice (5549:5579)
  Slice (5549:5579)
  Slice (5549:5579)
  Slice (5549:5579)
  Slice (5580:5610)
  Slice (5580:5610)
  Slice (5580:5610)
  Slice (5580:5610)
  Slice (5580:5610)
  Slice (5580:5610)
  Slice (5580:5610)
  Slice (5580:5610)
  Slice (5611:5641)
  Slice (5611:5641)
  Slice (5611:5641)
  Slice (5611:5641)
  Slice (5611:5641)
  Slice (5611:5641)
  Slice (5611:5641)
  Slice (5611:5641)
  Slice (5642:5672)
  Slice (5642:5672)
  Slice (5642:5672)
  Slice (5642:5672)
  Slice (5642:5672)
  Slice (5642:5672)
  Slice (5642:5672)
  Slice (5642:5672)
  Slice (5673:5703)
  Slice (5673:5703)
  Slice (5673:5703)
  Slice (5673:5703)
  Slice (5673:5703)
  Slice (5673:5703)
  Slice (5673:5703)
  Slice (5673:5703)
  Slice (5704:5734)
  Slice (5704:5734)
  Slice (5704:5734)
  Slice (5704:5734)
  Slice (5704:5734)
  Slice (5704:5734)
  Slice (5704:5734)
  Slice (5704:5734)
  Slice (5735:5765)
  Slice (5735:5765)
  Slice (5735:5765)
  Slice (5735:5765)
  Slice (5735:5765)
  Slice (5735:5765)
  Slice (5735:5765)
  Slice (5735:5765)
  Slice (5766:5796)
  Slice (5766:5796)
  Slice (5766:5796)
  Slice (5766:5796)
  Slice (5766:5796)
  Slice (5766:5796)
  Slice (5766:5796)
  Slice (5766:5796)
  Slice (5797:5827)
  Slice (5797:5827)
  Slice (5797:5827)
  Slice (5797:5827)
  Slice (5797:5827)
  Slice (5797:5827)
  Slice (5797:5827)
  Slice (5797:5827)
  Slice (5828:5858)
  Slice (5828:5858)
  Slice (5828:5858)
  Slice (5828:5858)
  Slice (5828:5858)
  Slice (5828:5858)
  Slice (5828:5858)
  Slice (5828:5858)
  Slice (5859:5889)
  Slice (5859:5889)
  Slice (5859:5889)
  Slice (5859:5889)
  Slice (5859:5889)
  Slice (5859:5889)
  Slice (5859:5889)
  Slice (5859:5889)
  Slice (5890:5920)
  Slice (5890:5920)
  Slice (5890:5920)
  Slice (5890:5920)
  Slice (5890:5920)
  Slice (5890:5920)
  Slice (5890:5920)
  Slice (5890:5920)
  Slice (5921:5951)
  Slice (5921:5951)
  Slice (5921:5951)
  Slice (5921:5951)
  Slice (5921:5951)
  Slice (5921:5951)
  Slice (5921:5951)
  Slice (5921:5951)
  Slice (5952:5982)
  Slice (5952:5982)
  Slice (5952:5982)
  Slice (5952:5982)
  Slice (5952:5982)
  Slice (5952:5982)
  Slice (5952:5982)
  Slice (5952:5982)
  Slice (5983:6013)
  Slice (5983:6013)
  Slice (5983:6013)
  Slice (5983:6013)
  Slice (5983:6013)
  Slice (5983:6013)
  Slice (5983:6013)
  Slice (5983:6013)
  Slice (6014:6044)
  Slice (6014:6044)
  Slice (6014:6044)
  Slice (6014:6044)
  Slice (6014:6044)
  Slice (6014:6044)
  Slice (6014:6044)
  Slice (6014:6044)
  Slice (6045:6075)
  Slice (6045:6075)
  Slice (6045:6075)
  Slice (6045:6075)
  Slice (6045:6075)
  Slice (6045:6075)
  Slice (6045:6075)
  Slice (6045:6075)
  Slice (6076:6106)
  Slice (6076:6106)
  Slice (6076:6106)
  Slice (6076:6106)
  Slice (6076:6106)
  Slice (6076:6106)
  Slice (6076:6106)
  Slice (6076:6106)
  Slice (6107:6137)
  Slice (6107:6137)
  Slice (6107:6137)
  Slice (6107:6137)
  Slice (6107:6137)
  Slice (6107:6137)
  Slice (6107:6137)
  Slice (6107:6137)
  Slice (6138:6168)
  Slice (6138:6168)
  Slice (6138:6168)
  Slice (6138:6168)
  Slice (6138:6168)
  Slice (6138:6168)
  Slice (6138:6168)
  Slice (6138:6168)
  Slice (6169:6199)
  Slice (6169:6199)
  Slice (6169:6199)
  Slice (6169:6199)
  Slice (6169:6199)
  Slice (6169:6199)
  Slice (6169:6199)
  Slice (6169:6199)
  Slice (6200:6230)
  Slice (6200:6230)
  Slice (6200:6230)
  Slice (6200:6230)
  Slice (6200:6230)
  Slice (6200:6230)
  Slice (6200:6230)
  Slice (6200:6230)
  Slice (6231:6261)
  Slice (6231:6261)
  Slice (6231:6261)
  Slice (6231:6261)
  Slice (6231:6261)
  Slice (6231:6261)
  Slice (6231:6261)
  Slice (6231:6261)
  Slice (6262:6292)
  Slice (6262:6292)
  Slice (6262:6292)
  Slice (6262:6292)
  Slice (6262:6292)
  Slice (6262:6292)
  Slice (6262:6292)
  Slice (6262:6292)
  Slice (6293:6323)
  Slice (6293:6323)
  Slice (6293:6323)
  Slice (6293:6323)
  Slice (6293:6323)
  Slice (6293:6323)
  Slice (6293:6323)
  Slice (6293:6323)
  Slice (6324:6354)
  Slice (6324:6354)
  Slice (6324:6354)
  Slice (6324:6354)
  Slice (6324:6354)
  Slice (6324:6354)
  Slice (6324:6354)
  Slice (6324:6354)
  Slice (6355:6385)
  Slice (6355:6385)
  Slice (6355:6385)
  Slice (6355:6385)
  Slice (6355:6385)
  Slice (6355:6385)
  Slice (6355:6385)
  Slice (6355:6385)
  Slice (6386:6416)
  Slice (6386:6416)
  Slice (6386:6416)
  Slice (6386:6416)
  Slice (6386:6416)
  Slice (6386:6416)
  Slice (6386:6416)
  Slice (6386:6416)
  Slice (6417:6447)
  Slice (6417:6447)
  Slice (6417:6447)
  Slice (6417:6447)
  Slice (6417:6447)
  Slice (6417:6447)
  Slice (6417:6447)
  Slice (6417:6447)
  Slice (6448:6478)
  Slice (6448:6478)
  Slice (6448:6478)
  Slice (6448:6478)
  Slice (6448:6478)
  Slice (6448:6478)
  Slice (6448:6478)
  Slice (6448:6478)
  Slice (6479:6509)
  Slice (6479:6509)
  Slice (6479:6509)
  Slice (6479:6509)
  Slice (6479:6509)
  Slice (6479:6509)
  Slice (6479:6509)
  Slice (6479:6509)
  Slice (6510:6540)
  Slice (6510:6540)
  Slice (6510:6540)
  Slice (6510:6540)
  Slice (6510:6540)
  Slice (6510:6540)
  Slice (6510:6540)
  Slice (6510:6540)
  Slice (6541:6571)
  Slice (6541:6571)
  Slice (6541:6571)
  Slice (6541:6571)
  Slice (6541:6571)
  Slice (6541:6571)
  Slice (6541:6571)
  Slice (6541:6571)
  Slice (6572:6602)
  Slice (6572:6602)
  Slice (6572:6602)
  Slice (6572:6602)
  Slice (6572:6602)
  Slice (6572:6602)
  Slice (6572:6602)
  Slice (6572:6602)
  Slice (6603:6633)
  Slice (6603:6633)
  Slice (6603:6633)
  Slice (6603:6633)
  Slice (6603:6633)
  Slice (6603:6633)
  Slice (6603:6633)
  Slice (6603:6633)
  Slice (6634:6664)
  Slice (6634:6664)
  Slice (6634:6664)
  Slice (6634:6664)
  Slice (6634:6664)
  Slice (6634:6664)
  Slice (6634:6664)
  Slice (6634:6664)
  Slice (6665:6695)
  Slice (6665:6695)
  Slice (6665:6695)
  Slice (6665:6695)
  Slice (6665:6695)
  Slice (6665:6695)
  Slice (6665:6695)
  Slice (6665:6695)
  Slice (6696:6726)
  Slice (6696:6726)
  Slice (6696:6726)
  Slice (6696:6726)
  Slice (6696:6726)
  Slice (6696:6726)
  Slice (6696:6726)
  Slice (6696:6726)
  Slice (6727:6757)
  Slice (6727:6757)
  Slice (6727:6757)
  Slice (6727:6757)
  Slice (6727:6757)
  Slice (6727:6757)
  Slice (6727:6757)
  Slice (6727:6757)
  Slice (6758:6788)
  Slice (6758:6788)
  Slice (6758:6788)
  Slice (6758:6788)
  Slice (6758:6788)
  Slice (6758:6788)
  Slice (6758:6788)
  Slice (6758:6788)
  Slice (6789:6819)
  Slice (6789:6819)
  Slice (6789:6819)
  Slice (6789:6819)
  Slice (6789:6819)
  Slice (6789:6819)
  Slice (6789:6819)
  Slice (6789:6819)
  Slice (6820:6850)
  Slice (6820:6850)
  Slice (6820:6850)
  Slice (6820:6850)
  Slice (6820:6850)
  Slice (6820:6850)
  Slice (6820:6850)
  Slice (6820:6850)
  Slice (6851:6881)
  Slice (6851:6881)
  Slice (6851:6881)
  Slice (6851:6881)
  Slice (6851:6881)
  Slice (6851:6881)
  Slice (6851:6881)
  Slice (6851:6881)
  Slice (6882:6912)
  Slice (6882:6912)
  Slice (6882:6912)
  Slice (6882:6912)
  Slice (6882:6912)
  Slice (6882:6912)
  Slice (6882:6912)
  Slice (6882:6912)
  Slice (6913:6943)
  Slice (6913:6943)
  Slice (6913:6943)
  Slice (6913:6943)
  Slice (6913:6943)
  Slice (6913:6943)
  Slice (6913:6943)
  Slice (6913:6943)
  Slice (6944:6974)
  Slice (6944:6974)
  Slice (6944:6974)
  Slice (6944:6974)
  Slice (6944:6974)
  Slice (6944:6974)
  Slice (6944:6974)
  Slice (6944:6974)
  Slice (6975:7005)
  Slice (6975:7005)
  Slice (6975:7005)
  Slice (6975:7005)
  Slice (6975:7005)
  Slice (6975:7005)
  Slice (6975:7005)
  Slice (6975:7005)
  Slice (7006:7036)
  Slice (7006:7036)
  Slice (7006:7036)
  Slice (7006:7036)
  Slice (7006:7036)
  Slice (7006:7036)
  Slice (7006:7036)
  Slice (7006:7036)
  Slice (7037:7067)
  Slice (7037:7067)
  Slice (7037:7067)
  Slice (7037:7067)
  Slice (7037:7067)
  Slice (7037:7067)
  Slice (7037:7067)
  Slice (7037:7067)
  Slice (7068:7098)
  Slice (7068:7098)
  Slice (7068:7098)
  Slice (7068:7098)
  Slice (7068:7098)
  Slice (7068:7098)
  Slice (7068:7098)
  Slice (7068:7098)
  Slice (7099:7129)
  Slice (7099:7129)
  Slice (7099:7129)
  Slice (7099:7129)
  Slice (7099:7129)
  Slice (7099:7129)
  Slice (7099:7129)
  Slice (7099:7129)
  Slice (7130:7160)
  Slice (7130:7160)
  Slice (7130:7160)
  Slice (7130:7160)
  Slice (7130:7160)
  Slice (7130:7160)
  Slice (7130:7160)
  Slice (7130:7160)
  Slice (7161:7191)
  Slice (7161:7191)
  Slice (7161:7191)
  Slice (7161:7191)
  Slice (7161:7191)
  Slice (7161:7191)
  Slice (7161:7191)
  Slice (7161:7191)
  Slice (7192:7222)
  Slice (7192:7222)
  Slice (7192:7222)
  Slice (7192:7222)
  Slice (7192:7222)
  Slice (7192:7222)
  Slice (7192:7222)
  Slice (7192:7222)
  Slice (7223:7253)
  Slice (7223:7253)
  Slice (7223:7253)
  Slice (7223:7253)
  Slice (7223:7253)
  Slice (7223:7253)
  Slice (7223:7253)
  Slice (7223:7253)
  Slice (7254:7284)
  Slice (7254:7284)
  Slice (7254:7284)
  Slice (7254:7284)
  Slice (7254:7284)
  Slice (7254:7284)
  Slice (7254:7284)
  Slice (7254:7284)
  Slice (7285:7315)
  Slice (7285:7315)
  Slice (7285:7315)
  Slice (7285:7315)
  Slice (7285:7315)
  Slice (7285:7315)
  Slice (7285:7315)
  Slice (7285:7315)
  Slice (7316:7346)
  Slice (7316:7346)
  Slice (7316:7346)
  Slice (7316:7346)
  Slice (7316:7346)
  Slice (7316:7346)
  Slice (7316:7346)
  Slice (7316:7346)
  Slice (7347:7377)
  Slice (7347:7377)
  Slice (7347:7377)
  Slice (7347:7377)
  Slice (7347:7377)
  Slice (7347:7377)
  Slice (7347:7377)
  Slice (7347:7377)
  Slice (7378:7408)
  Slice (7378:7408)
  Slice (7378:7408)
  Slice (7378:7408)
  Slice (7378:7408)
  Slice (7378:7408)
  Slice (7378:7408)
  Slice (7378:7408)
  Slice (7409:7439)
  Slice (7409:7439)
  Slice (7409:7439)
  Slice (7409:7439)
  Slice (7409:7439)
  Slice (7409:7439)
  Slice (7409:7439)
  Slice (7409:7439)
  Slice (7440:7470)
  Slice (7440:7470)
  Slice (7440:7470)
  Slice (7440:7470)
  Slice (7440:7470)
  Slice (7440:7470)
  Slice (7440:7470)
  Slice (7440:7470)
  Slice (7471:7501)
  Slice (7471:7501)
  Slice (7471:7501)
  Slice (7471:7501)
  Slice (7471:7501)
  Slice (7471:7501)
  Slice (7471:7501)
  Slice (7471:7501)
  Slice (7502:7532)
  Slice (7502:7532)
  Slice (7502:7532)
  Slice (7502:7532)
  Slice (7502:7532)
  Slice (7502:7532)
  Slice (7502:7532)
  Slice (7502:7532)
  Slice (7533:7563)
  Slice (7533:7563)
  Slice (7533:7563)
  Slice (7533:7563)
  Slice (7533:7563)
  Slice (7533:7563)
  Slice (7533:7563)
  Slice (7533:7563)
  Slice (7564:7594)
  Slice (7564:7594)
  Slice (7564:7594)
  Slice (7564:7594)
  Slice (7564:7594)
  Slice (7564:7594)
  Slice (7564:7594)
  Slice (7564:7594)
  Slice (7595:7625)
  Slice (7595:7625)
  Slice (7595:7625)
  Slice (7595:7625)
  Slice (7595:7625)
  Slice (7595:7625)
  Slice (7595:7625)
  Slice (7595:7625)
  Slice (7626:7656)
  Slice (7626:7656)
  Slice (7626:7656)
  Slice (7626:7656)
  Slice (7626:7656)
  Slice (7626:7656)
  Slice (7626:7656)
  Slice (7626:7656)
  Slice (7657:7687)
  Slice (7657:7687)
  Slice (7657:7687)
  Slice (7657:7687)
  Slice (7657:7687)
  Slice (7657:7687)
  Slice (7657:7687)
  Slice (7657:7687)
  Slice (7688:7718)
  Slice (7688:7718)
  Slice (7688:7718)
  Slice (7688:7718)
  Slice (7688:7718)
  Slice (7688:7718)
  Slice (7688:7718)
  Slice (7688:7718)
  Slice (7719:7749)
  Slice (7719:7749)
  Slice (7719:7749)
  Slice (7719:7749)
  Slice (7719:7749)
  Slice (7719:7749)
  Slice (7719:7749)
  Slice (7719:7749)
  Slice (7750:7780)
  Slice (7750:7780)
  Slice (7750:7780)
  Slice (7750:7780)
  Slice (7750:7780)
  Slice (7750:7780)
  Slice (7750:7780)
  Slice (7750:7780)
  Slice (7781:7811)
  Slice (7781:7811)
  Slice (7781:7811)
  Slice (7781:7811)
  Slice (7781:7811)
  Slice (7781:7811)
  Slice (7781:7811)
  Slice (7781:7811)
  Slice (7812:7842)
  Slice (7812:7842)
  Slice (7812:7842)
  Slice (7812:7842)
  Slice (7812:7842)
  Slice (7812:7842)
  Slice (7812:7842)
  Slice (7812:7842)
  Slice (7843:7873)
  Slice (7843:7873)
  Slice (7843:7873)
  Slice (7843:7873)
  Slice (7843:7873)
  Slice (7843:7873)
  Slice (7843:7873)
  Slice (7843:7873)
  Slice (7874:7904)
  Slice (7874:7904)
  Slice (7874:7904)
  Slice (7874:7904)
  Slice (7874:7904)
  Slice (7874:7904)
  Slice (7874:7904)
  Slice (7874:7904)
  Slice (7905:7935)
  Slice (7905:7935)
  Slice (7905:7935)
  Slice (7905:7935)
  Slice (7905:7935)
  Slice (7905:7935)
  Slice (7905:7935)
  Slice (7905:7935)
  Slice (7936:7966)
  Slice (7936:7966)
  Slice (7936:7966)
  Slice (7936:7966)
  Slice (7936:7966)
  Slice (7936:7966)
  Slice (7936:7966)
  Slice (7936:7966)
  Slice (7967:7997)
  Slice (7967:7997)
  Slice (7967:7997)
  Slice (7967:7997)
  Slice (7967:7997)
  Slice (7967:7997)
  Slice (7967:7997)
  Slice (7967:7997)
  Slice (7998:8028)
  Slice (7998:8028)
  Slice (7998:8028)
  Slice (7998:8028)
  Slice (7998:8028)
  Slice (7998:8028)
  Slice (7998:8028)
  Slice (7998:8028)
  Slice (8029:8059)
  Slice (8029:8059)
  Slice (8029:8059)
  Slice (8029:8059)
  Slice (8029:8059)
  Slice (8029:8059)
  Slice (8029:8059)
  Slice (8029:8059)
  Slice (8060:8090)
  Slice (8060:8090)
  Slice (8060:8090)
  Slice (8060:8090)
  Slice (8060:8090)
  Slice (8060:8090)
  Slice (8060:8090)
  Slice (8060:8090)
  Slice (8091:8121)
  Slice (8091:8121)
  Slice (8091:8121)
  Slice (8091:8121)
  Slice (8091:8121)
  Slice (8091:8121)
  Slice (8091:8121)
  Slice (8091:8121)
  Slice (8122:8152)
  Slice (8122:8152)
  Slice (8122:8152)
  Slice (8122:8152)
  Slice (8122:8152)
  Slice (8122:8152)
  Slice (8122:8152)
  Slice (8122:8152)
  Slice (8153:8183)
  Slice (8153:8183)
  Slice (8153:8183)
  Slice (8153:8183)
  Slice (8153:8183)
  Slice (8153:8183)
  Slice (8153:8183)
  Slice (8153:8183)
  Slice (8184:8214)
  Slice (8184:8214)
  Slice (8184:8214)
  Slice (8184:8214)
  Slice (8184:8214)
  Slice (8184:8214)
  Slice (8184:8214)
  Slice (8184:8214)
  Slice (8215:8245)
  Slice (8215:8245)
  Slice (8215:8245)
  Slice (8215:8245)
  Slice (8215:8245)
  Slice (8215:8245)
  Slice (8215:8245)
  Slice (8215:8245)
  Slice (8246:8276)
  Slice (8246:8276)
  Slice (8246:8276)
  Slice (8246:8276)
  Slice (8246:8276)
  Slice (8246:8276)
  Slice (8246:8276)
  Slice (8246:8276)
  Slice (8277:8307)
  Slice (8277:8307)
  Slice (8277:8307)
  Slice (8277:8307)
  Slice (8277:8307)
  Slice (8277:8307)
  Slice (8277:8307)
  Slice (8277:8307)
  Slice (8308:8338)
  Slice (8308:8338)
  Slice (8308:8338)
  Slice (8308:8338)
  Slice (8308:8338)
  Slice (8308:8338)
  Slice (8308:8338)
  Slice (8308:8338)
  Slice (8339:8369)
  Slice (8339:8369)
  Slice (8339:8369)
  Slice (8339:8369)
  Slice (8339:8369)
  Slice (8339:8369)
  Slice (8339:8369)
  Slice (8339:8369)
  Slice (8370:8400)
  Slice (8370:8400)
  Slice (8370:8400)
  Slice (8370:8400)
  Slice (8370:8400)
  Slice (8370:8400)
  Slice (8370:8400)
  Slice (8370:8400)
  Slice (8401:8431)
  Slice (8401:8431)
  Slice (8401:8431)
  Slice (8401:8431)
  Slice (8401:8431)
  Slice (8401:8431)
  Slice (8401:8431)
  Slice (8401:8431)
  Slice (8432:8462)
  Slice (8432:8462)
  Slice (8432:8462)
  Slice (8432:8462)
  Slice (8432:8462)
  Slice (8432:8462)
  Slice (8432:8462)
  Slice (8432:8462)
  Slice (8463:8493)
  Slice (8463:8493)
  Slice (8463:8493)
  Slice (8463:8493)
  Slice (8463:8493)
  Slice (8463:8493)
  Slice (8463:8493)
  Slice (8463:8493)
  Slice (8494:8524)
  Slice (8494:8524)
  Slice (8494:8524)
  Slice (8494:8524)
  Slice (8494:8524)
  Slice (8494:8524)
  Slice (8494:8524)
  Slice (8494:8524)
  Slice (8525:8555)
  Slice (8525:8555)
  Slice (8525:8555)
  Slice (8525:8555)
  Slice (8525:8555)
  Slice (8525:8555)
  Slice (8525:8555)
  Slice (8525:8555)
  Slice (8556:8586)
  Slice (8556:8586)
  Slice (8556:8586)
  Slice (8556:8586)
  Slice (8556:8586)
  Slice (8556:8586)
  Slice (8556:8586)
  Slice (8556:8586)
  Slice (8587:8617)
  Slice (8587:8617)
  Slice (8587:8617)
  Slice (8587:8617)
  Slice (8587:8617)
  Slice (8587:8617)
  Slice (8587:8617)
  Slice (8587:8617)
  Slice (8618:8648)
  Slice (8618:8648)
  Slice (8618:8648)
  Slice (8618:8648)
  Slice (8618:8648)
  Slice (8618:8648)
  Slice (8618:8648)
  Slice (8618:8648)
  Slice (8649:8679)
  Slice (8649:8679)
  Slice (8649:8679)
  Slice (8649:8679)
  Slice (8649:8679)
  Slice (8649:8679)
  Slice (8649:8679)
  Slice (8649:8679)
  Slice (8680:8710)
  Slice (8680:8710)
  Slice (8680:8710)
  Slice (8680:8710)
  Slice (8680:8710)
  Slice (8680:8710)
  Slice (8680:8710)
  Slice (8680:8710)
  Slice (8711:8741)
  Slice (8711:8741)
  Slice (8711:8741)
  Slice (8711:8741)
  Slice (8711:8741)
  Slice (8711:8741)
  Slice (8711:8741)
  Slice (8711:8741)
  Slice (8742:8772)
  Slice (8742:8772)
  Slice (8742:8772)
  Slice (8742:8772)
  Slice (8742:8772)
  Slice (8742:8772)
  Slice (8742:8772)
  Slice (8742:8772)
  Slice (8773:8803)
  Slice (8773:8803)
  Slice (8773:8803)
  Slice (8773:8803)
  Slice (8773:8803)
  Slice (8773:8803)
  Slice (8773:8803)
  Slice (8773:8803)
  Slice (8804:8834)
  Slice (8804:8834)
  Slice (8804:8834)
  Slice (8804:8834)
  Slice (8804:8834)
  Slice (8804:8834)
  Slice (8804:8834)
  Slice (8804:8834)
  Slice (8835:8865)
  Slice (8835:8865)
  Slice (8835:8865)
  Slice (8835:8865)
  Slice (8835:8865)
  Slice (8835:8865)
  Slice (8835:8865)
  Slice (8835:8865)
  Slice (8866:8896)
  Slice (8866:8896)
  Slice (8866:8896)
  Slice (8866:8896)
  Slice (8866:8896)
  Slice (8866:8896)
  Slice (8866:8896)
  Slice (8866:8896)
  Slice (8897:8927)
  Slice (8897:8927)
  Slice (8897:8927)
  Slice (8897:8927)
  Slice (8897:8927)
  Slice (8897:8927)
  Slice (8897:8927)
  Slice (8897:8927)
  Slice (8928:8958)
  Slice (8928:8958)
  Slice (8928:8958)
  Slice (8928:8958)
  Slice (8928:8958)
  Slice (8928:8958)
  Slice (8928:8958)
  Slice (8928:8958)
  Slice (8959:8989)
  Slice (8959:8989)
  Slice (8959:8989)
  Slice (8959:8989)
  Slice (8959:8989)
  Slice (8959:8989)
  Slice (8959:8989)
  Slice (8959:8989)
  Slice (8990:9020)
  Slice (8990:9020)
  Slice (8990:9020)
  Slice (8990:9020)
  Slice (8990:9020)
  Slice (8990:9020)
  Slice (8990:9020)
  Slice (8990:9020)
  Slice (9021:9051)
  Slice (9021:9051)
  Slice (9021:9051)
  Slice (9021:9051)
  Slice (9021:9051)
  Slice (9021:9051)
  Slice (9021:9051)
  Slice (9021:9051)
  Slice (9052:9082)
  Slice (9052:9082)
  Slice (9052:9082)
  Slice (9052:9082)
  Slice (9052:9082)
  Slice (9052:9082)
  Slice (9052:9082)
  Slice (9052:9082)
  Slice (9083:9113)
  Slice (9083:9113)
  Slice (9083:9113)
  Slice (9083:9113)
  Slice (9083:9113)
  Slice (9083:9113)
  Slice (9083:9113)
  Slice (9083:9113)
  Slice (9114:9144)
  Slice (9114:9144)
  Slice (9114:9144)
  Slice (9114:9144)
  Slice (9114:9144)
  Slice (9114:9144)
  Slice (9114:9144)
  Slice (9114:9144)
  Slice (9145:9175)
  Slice (9145:9175)
  Slice (9145:9175)
  Slice (9145:9175)
  Slice (9145:9175)
  Slice (9145:9175)
  Slice (9145:9175)
  Slice (9145:9175)
  Slice (9176:9206)
  Slice (9176:9206)
  Slice (9176:9206)
  Slice (9176:9206)
  Slice (9176:9206)
  Slice (9176:9206)
  Slice (9176:9206)
  Slice (9176:9206)
  Slice (9207:9237)
  Slice (9207:9237)
  Slice (9207:9237)
  Slice (9207:9237)
  Slice (9207:9237)
  Slice (9207:9237)
  Slice (9207:9237)
  Slice (9207:9237)
  Slice (9238:9268)
  Slice (9238:9268)
  Slice (9238:9268)
  Slice (9238:9268)
  Slice (9238:9268)
  Slice (9238:9268)
  Slice (9238:9268)
  Slice (9238:9268)
  Slice (9269:9299)
  Slice (9269:9299)
  Slice (9269:9299)
  Slice (9269:9299)
  Slice (9269:9299)
  Slice (9269:9299)
  Slice (9269:9299)
  Slice (9269:9299)
  Slice (9300:9330)
  Slice (9300:9330)
  Slice (9300:9330)
  Slice (9300:9330)
  Slice (9300:9330)
  Slice (9300:9330)
  Slice (9300:9330)
  Slice (9300:9330)
  Slice (9331:9361)
  Slice (9331:9361)
  Slice (9331:9361)
  Slice (9331:9361)
  Slice (9331:9361)
  Slice (9331:9361)
  Slice (9331:9361)
  Slice (9331:9361)
  Slice (9362:9392)
  Slice (9362:9392)
  Slice (9362:9392)
  Slice (9362:9392)
  Slice (9362:9392)
  Slice (9362:9392)
  Slice (9362:9392)
  Slice (9362:9392)
  Slice (9393:9423)
  Slice (9393:9423)
  Slice (9393:9423)
  Slice (9393:9423)
  Slice (9393:9423)
  Slice (9393:9423)
  Slice (9393:9423)
  Slice (9393:9423)
  Slice (9424:9454)
  Slice (9424:9454)
  Slice (9424:9454)
  Slice (9424:9454)
  Slice (9424:9454)
  Slice (9424:9454)
  Slice (9424:9454)
  Slice (9424:9454)
  Slice (9455:9485)
  Slice (9455:9485)
  Slice (9455:9485)
  Slice (9455:9485)
  Slice (9455:9485)
  Slice (9455:9485)
  Slice (9455:9485)
  Slice (9455:9485)
  Slice (9486:9516)
  Slice (9486:9516)
  Slice (9486:9516)
  Slice (9486:9516)
  Slice (9486:9516)
  Slice (9486:9516)
  Slice (9486:9516)
  Slice (9486:9516)
  Slice (9517:9547)
  Slice (9517:9547)
  Slice (9517:9547)
  Slice (9517:9547)
  Slice (9517:9547)
  Slice (9517:9547)
  Slice (9517:9547)
  Slice (9517:9547)
  Slice (9548:9578)
  Slice (9548:9578)
  Slice (9548:9578)
  Slice (9548:9578)
  Slice (9548:9578)
  Slice (9548:9578)
  Slice (9548:9578)
  Slice (9548:9578)
  Slice (9579:9609)
  Slice (9579:9609)
  Slice (9579:9609)
  Slice (9579:9609)
  Slice (9579:9609)
  Slice (9579:9609)
  Slice (9579:9609)
  Slice (9579:9609)
  Slice (9610:9640)
  Slice (9610:9640)
  Slice (9610:9640)
  Slice (9610:9640)
  Slice (9610:9640)
  Slice (9610:9640)
  Slice (9610:9640)
  Slice (9610:9640)
  Slice (9641:9671)
  Slice (9641:9671)
  Slice (9641:9671)
  Slice (9641:9671)
  Slice (9641:9671)
  Slice (9641:9671)
  Slice (9641:9671)
  Slice (9641:9671)
  Slice (9672:9702)
  Slice (9672:9702)
  Slice (9672:9702)
  Slice (9672:9702)
  Slice (9672:9702)
  Slice (9672:9702)
  Slice (9672:9702)
  Slice (9672:9702)

**** Vertex: 'middle'
Model: AbstractPopulationVertex
Pop size: 10000
Machine Vertices: 
  Slice (0:31)
  Slice (32:63)
  Slice (64:95)
  Slice (96:127)
  Slice (128:159)
  Slice (160:191)
  Slice (192:223)
  Slice (224:255)
  Slice (256:287)
  Slice (288:319)
  Slice (320:351)
  Slice (352:383)
  Slice (384:415)
  Slice (416:447)
  Slice (448:479)
  Slice (480:511)
  Slice (512:543)
  Slice (544:575)
  Slice (576:607)
  Slice (608:639)
  Slice (640:671)
  Slice (672:703)
  Slice (704:735)
  Slice (736:767)
  Slice (768:799)
  Slice (800:831)
  Slice (832:863)
  Slice (864:895)
  Slice (896:927)
  Slice (928:959)
  Slice (960:991)
  Slice (992:1023)
  Slice (1024:1055)
  Slice (1056:1087)
  Slice (1088:1119)
  Slice (1120:1151)
  Slice (1152:1183)
  Slice (1184:1215)
  Slice (1216:1247)
  Slice (1248:1279)
  Slice (1280:1311)
  Slice (1312:1343)
  Slice (1344:1375)
  Slice (1376:1407)
  Slice (1408:1439)
  Slice (1440:1471)
  Slice (1472:1503)
  Slice (1504:1535)
  Slice (1536:1567)
  Slice (1568:1599)
  Slice (1600:1631)
  Slice (1632:1663)
  Slice (1664:1695)
  Slice (1696:1727)
  Slice (1728:1759)
  Slice (1760:1791)
  Slice (1792:1823)
  Slice (1824:1855)
  Slice (1856:1887)
  Slice (1888:1919)
  Slice (1920:1951)
  Slice (1952:1983)
  Slice (1984:2015)
  Slice (2016:2047)
  Slice (2048:2079)
  Slice (2080:2111)
  Slice (2112:2143)
  Slice (2144:2175)
  Slice (2176:2207)
  Slice (2208:2239)
  Slice (2240:2271)
  Slice (2272:2303)
  Slice (2304:2335)
  Slice (2336:2367)
  Slice (2368:2399)
  Slice (2400:2431)
  Slice (2432:2463)
  Slice (2464:2495)
  Slice (2496:2527)
  Slice (2528:2559)
  Slice (2560:2591)
  Slice (2592:2623)
  Slice (2624:2655)
  Slice (2656:2687)
  Slice (2688:2719)
  Slice (2720:2751)
  Slice (2752:2783)
  Slice (2784:2815)
  Slice (2816:2847)
  Slice (2848:2879)
  Slice (2880:2911)
  Slice (2912:2943)
  Slice (2944:2975)
  Slice (2976:3007)
  Slice (3008:3039)
  Slice (3040:3071)
  Slice (3072:3103)
  Slice (3104:3135)
  Slice (3136:3167)
  Slice (3168:3199)
  Slice (3200:3231)
  Slice (3232:3263)
  Slice (3264:3295)
  Slice (3296:3327)
  Slice (3328:3359)
  Slice (3360:3391)
  Slice (3392:3423)
  Slice (3424:3455)
  Slice (3456:3487)
  Slice (3488:3519)
  Slice (3520:3551)
  Slice (3552:3583)
  Slice (3584:3615)
  Slice (3616:3647)
  Slice (3648:3679)
  Slice (3680:3711)
  Slice (3712:3743)
  Slice (3744:3775)
  Slice (3776:3807)
  Slice (3808:3839)
  Slice (3840:3871)
  Slice (3872:3903)
  Slice (3904:3935)
  Slice (3936:3967)
  Slice (3968:3999)
  Slice (4000:4031)
  Slice (4032:4063)
  Slice (4064:4095)
  Slice (4096:4127)
  Slice (4128:4159)
  Slice (4160:4191)
  Slice (4192:4223)
  Slice (4224:4255)
  Slice (4256:4287)
  Slice (4288:4319)
  Slice (4320:4351)
  Slice (4352:4383)
  Slice (4384:4415)
  Slice (4416:4447)
  Slice (4448:4479)
  Slice (4480:4511)
  Slice (4512:4543)
  Slice (4544:4575)
  Slice (4576:4607)
  Slice (4608:4639)
  Slice (4640:4671)
  Slice (4672:4703)
  Slice (4704:4735)
  Slice (4736:4767)
  Slice (4768:4799)
  Slice (4800:4831)
  Slice (4832:4863)
  Slice (4864:4895)
  Slice (4896:4927)
  Slice (4928:4959)
  Slice (4960:4991)
  Slice (4992:5023)
  Slice (5024:5055)
  Slice (5056:5087)
  Slice (5088:5119)
  Slice (5120:5151)
  Slice (5152:5183)
  Slice (5184:5215)
  Slice (5216:5247)
  Slice (5248:5279)
  Slice (5280:5311)
  Slice (5312:5343)
  Slice (5344:5375)
  Slice (5376:5407)
  Slice (5408:5439)
  Slice (5440:5471)
  Slice (5472:5503)
  Slice (5504:5535)
  Slice (5536:5567)
  Slice (5568:5599)
  Slice (5600:5631)
  Slice (5632:5663)
  Slice (5664:5695)
  Slice (5696:5727)
  Slice (5728:5759)
  Slice (5760:5791)
  Slice (5792:5823)
  Slice (5824:5855)
  Slice (5856:5887)
  Slice (5888:5919)
  Slice (5920:5951)
  Slice (5952:5983)
  Slice (5984:6015)
  Slice (6016:6047)
  Slice (6048:6079)
  Slice (6080:6111)
  Slice (6112:6143)
  Slice (6144:6175)
  Slice (6176:6207)
  Slice (6208:6239)
  Slice (6240:6271)
  Slice (6272:6303)
  Slice (6304:6335)
  Slice (6336:6367)
  Slice (6368:6399)
  Slice (6400:6431)
  Slice (6432:6463)
  Slice (6464:6495)
  Slice (6496:6527)
  Slice (6528:6559)
  Slice (6560:6591)
  Slice (6592:6623)
  Slice (6624:6655)
  Slice (6656:6687)
  Slice (6688:6719)
  Slice (6720:6751)
  Slice (6752:6783)
  Slice (6784:6815)
  Slice (6816:6847)
  Slice (6848:6879)
  Slice (6880:6911)
  Slice (6912:6943)
  Slice (6944:6975)
  Slice (6976:7007)
  Slice (7008:7039)
  Slice (7040:7071)
  Slice (7072:7103)
  Slice (7104:7135)
  Slice (7136:7167)
  Slice (7168:7199)
  Slice (7200:7231)
  Slice (7232:7263)
  Slice (7264:7295)
  Slice (7296:7327)
  Slice (7328:7359)
  Slice (7360:7391)
  Slice (7392:7423)
  Slice (7424:7455)
  Slice (7456:7487)
  Slice (7488:7519)
  Slice (7520:7551)
  Slice (7552:7583)
  Slice (7584:7615)
  Slice (7616:7647)
  Slice (7648:7679)
  Slice (7680:7711)
  Slice (7712:7743)
  Slice (7744:7775)
  Slice (7776:7807)
  Slice (7808:7839)
  Slice (7840:7871)
  Slice (7872:7903)
  Slice (7904:7935)
  Slice (7936:7967)
  Slice (7968:7999)
  Slice (8000:8031)
  Slice (8032:8063)
  Slice (8064:8095)
  Slice (8096:8127)
  Slice (8128:8159)
  Slice (8160:8191)
  Slice (8192:8223)
  Slice (8224:8255)
  Slice (8256:8287)
  Slice (8288:8319)
  Slice (8320:8351)
  Slice (8352:8383)
  Slice (8384:8415)
  Slice (8416:8447)
  Slice (8448:8479)
  Slice (8480:8511)
  Slice (8512:8543)
  Slice (8544:8575)
  Slice (8576:8607)
  Slice (8608:8639)
  Slice (8640:8671)
  Slice (8672:8703)
  Slice (8704:8735)
  Slice (8736:8767)
  Slice (8768:8799)
  Slice (8800:8831)
  Slice (8832:8863)
  Slice (8864:8895)
  Slice (8896:8927)
  Slice (8928:8959)
  Slice (8960:8991)
  Slice (8992:9023)
  Slice (9024:9055)
  Slice (9056:9087)
  Slice (9088:9119)
  Slice (9120:9151)
  Slice (9152:9183)
  Slice (9184:9215)
  Slice (9216:9247)
  Slice (9248:9279)
  Slice (9280:9311)
  Slice (9312:9343)
  Slice (9344:9375)
  Slice (9376:9407)
  Slice (9408:9439)
  Slice (9440:9471)
  Slice (9472:9503)
  Slice (9504:9535)
  Slice (9536:9567)
  Slice (9568:9599)
  Slice (9600:9631)
  Slice (9632:9663)
  Slice (9664:9695)
  Slice (9696:9727)
  Slice (9728:9759)
  Slice (9760:9791)
  Slice (9792:9823)
  Slice (9824:9855)
  Slice (9856:9887)
  Slice (9888:9919)
  Slice (9920:9951)
  Slice (9952:9983)
  Slice (9984:9999)

**** Vertex: 'output'
Model: SPIFOutputDevice
Pop size: 1
Machine Vertices: 
  Slice (0:0)

**** Vertex: 'Command Sender on 0, 0'
Model: CommandSender
Pop size: 1
Machine Vertices: 
  Slice (0:0)

