SpYNNakerNeuronGraphNetworkSpecificationReport skipped as cfg Reports:write_network_graph is False
Network Specification report took 0:00:00.000236 
Splitter reset took 0:00:00.000012 
Spynnaker splitter selector took 0:00:00.018844 
DelaySupportAdder took 0:00:00.000180 
SpynnakerSplitterPartitioner took 0:00:00.007381 
SpallocAllocator took 0:00:09.247984 
Machine generator took 0:00:14.112472 
Json machine skipped as cfg Reports:write_json_machine is False
Board chip report took 0:00:00.005215 
Command Sender Adder took 0:00:00.000678 
Split Live Gather Vertices took 0:00:00.000008 
Insert chip power monitors skipped as cfg Reports:write_energy_report is False
Insert extra monitor vertices took 0:00:00.000008 
Partitioner report took 0:00:00.003209 
Local TDMA builder took 0:00:00.000036 
Application Placer took 0:00:00.062119 
Placements wth application graph report took 0:00:00.013005 
Json placements skipped as cfg Reports:write_json_placements is False
System multicast routing generator took 0:00:00.050756 
Fixed route router took 0:00:00.009421 
Application Router took 0:00:01.075259 
Basic tag allocator took 0:00:00.003391 
Tag allocator report took 0:00:00.000171 
Zoned routing info allocator took 0:00:00.151243 
Router info report took 0:00:00.006613 
Merged routing table generator took 0:00:00.628500 
Uncompressed routing table report took 0:00:00.712451 
Router report skipped as cfg Reports:write_router_reports is False
Router summary report skipped as cfg Reports:write_router_summary_report is False
Json routing tables skipped as cfg Reports:write_json_routing_tables is False
Locate executable start type took 0:00:00.002729 
Buffer manager creator took 0:00:00.001569 
SDRAM outgoing partition allocator took 0:00:00.000069 
Write Neo Metadata took 0:00:00.001003 
Record vertex labels to database took 0:00:00.007362 
Routing setup took 0:00:00.055810 
Graph binary gatherer took 0:00:00.014153 
Pair on chip router compression took 0:00:04.844959 
Graph data specification writer took 0:00:00.701039 
Control Sync took 0:00:00.000155 
Load fixed routes took 0:00:00.204667 
Execute system data specification took 0:00:01.625320 
Load executable system Images took 0:00:01.561724 
Tags Loader took 0:00:00.020614 
Host data specification took 0:00:03.659117 
Neuron expander took 0:00:01.469197 
Synapse expander took 0:00:02.156500 
Finish connection holders took 0:00:00.000452 
Bitfield compressor report skipped as cfg Reports:write_bit_field_compressor_report is False
Tags from machine report took 0:00:00.014986 
Memory report skipped as cfg Reports:write_memory_map_report is False
Memory report skipped as cfg Reports:write_memory_map_report is False
Compressor report took 0:00:00.461080 
Fixed route report took 0:00:00.222599 
Load executable app images took 0:00:02.390085 
Sdram usage per chip report took 0:00:00.023186 
Drift report skipped as cfg Reports:write_drift_report_start is False
Create database interface took 0:00:00.084644 
Create notification protocol took 0:00:00.000403 
Runtime Update took 0:00:00.055001 
Application runner exited with KeyboardInterrupt after 0:04:28.474621
