        Partitioning Information by Vertex
        ===============================

Generated: Thu Mar 23 10:12:47 2023 for target machine '172.16.223.1'

**** Vertex: 'input'
Model: SPIFInputDevice
Pop size: 16384
Machine Vertices: 
  Slice (0:31)
  Slice (0:31)
  Slice (0:31)
  Slice (0:31)
  Slice (0:31)
  Slice (0:31)
  Slice (0:31)
  Slice (0:31)
  Slice (0:16383)
  Slice (32:63)
  Slice (32:63)
  Slice (32:63)
  Slice (32:63)
  Slice (32:63)
  Slice (32:63)
  Slice (32:63)
  Slice (32:63)
  Slice (64:95)
  Slice (64:95)
  Slice (64:95)
  Slice (64:95)
  Slice (64:95)
  Slice (64:95)
  Slice (64:95)
  Slice (64:95)
  Slice (96:127)
  Slice (96:127)
  Slice (96:127)
  Slice (96:127)
  Slice (96:127)
  Slice (96:127)
  Slice (96:127)
  Slice (96:127)
  Slice (128:159)
  Slice (128:159)
  Slice (128:159)
  Slice (128:159)
  Slice (128:159)
  Slice (128:159)
  Slice (128:159)
  Slice (128:159)
  Slice (160:191)
  Slice (160:191)
  Slice (160:191)
  Slice (160:191)
  Slice (160:191)
  Slice (160:191)
  Slice (160:191)
  Slice (160:191)
  Slice (192:223)
  Slice (192:223)
  Slice (192:223)
  Slice (192:223)
  Slice (192:223)
  Slice (192:223)
  Slice (192:223)
  Slice (192:223)
  Slice (224:255)
  Slice (224:255)
  Slice (224:255)
  Slice (224:255)
  Slice (224:255)
  Slice (224:255)
  Slice (224:255)
  Slice (224:255)
  Slice (256:287)
  Slice (256:287)
  Slice (256:287)
  Slice (256:287)
  Slice (256:287)
  Slice (256:287)
  Slice (256:287)
  Slice (256:287)
  Slice (288:319)
  Slice (288:319)
  Slice (288:319)
  Slice (288:319)
  Slice (288:319)
  Slice (288:319)
  Slice (288:319)
  Slice (288:319)
  Slice (320:351)
  Slice (320:351)
  Slice (320:351)
  Slice (320:351)
  Slice (320:351)
  Slice (320:351)
  Slice (320:351)
  Slice (320:351)
  Slice (352:383)
  Slice (352:383)
  Slice (352:383)
  Slice (352:383)
  Slice (352:383)
  Slice (352:383)
  Slice (352:383)
  Slice (352:383)
  Slice (384:415)
  Slice (384:415)
  Slice (384:415)
  Slice (384:415)
  Slice (384:415)
  Slice (384:415)
  Slice (384:415)
  Slice (384:415)
  Slice (416:447)
  Slice (416:447)
  Slice (416:447)
  Slice (416:447)
  Slice (416:447)
  Slice (416:447)
  Slice (416:447)
  Slice (416:447)
  Slice (448:479)
  Slice (448:479)
  Slice (448:479)
  Slice (448:479)
  Slice (448:479)
  Slice (448:479)
  Slice (448:479)
  Slice (448:479)
  Slice (480:511)
  Slice (480:511)
  Slice (480:511)
  Slice (480:511)
  Slice (480:511)
  Slice (480:511)
  Slice (480:511)
  Slice (480:511)
  Slice (512:543)
  Slice (512:543)
  Slice (512:543)
  Slice (512:543)
  Slice (512:543)
  Slice (512:543)
  Slice (512:543)
  Slice (512:543)
  Slice (544:575)
  Slice (544:575)
  Slice (544:575)
  Slice (544:575)
  Slice (544:575)
  Slice (544:575)
  Slice (544:575)
  Slice (544:575)
  Slice (576:607)
  Slice (576:607)
  Slice (576:607)
  Slice (576:607)
  Slice (576:607)
  Slice (576:607)
  Slice (576:607)
  Slice (576:607)
  Slice (608:639)
  Slice (608:639)
  Slice (608:639)
  Slice (608:639)
  Slice (608:639)
  Slice (608:639)
  Slice (608:639)
  Slice (608:639)
  Slice (640:671)
  Slice (640:671)
  Slice (640:671)
  Slice (640:671)
  Slice (640:671)
  Slice (640:671)
  Slice (640:671)
  Slice (640:671)
  Slice (672:703)
  Slice (672:703)
  Slice (672:703)
  Slice (672:703)
  Slice (672:703)
  Slice (672:703)
  Slice (672:703)
  Slice (672:703)
  Slice (704:735)
  Slice (704:735)
  Slice (704:735)
  Slice (704:735)
  Slice (704:735)
  Slice (704:735)
  Slice (704:735)
  Slice (704:735)
  Slice (736:767)
  Slice (736:767)
  Slice (736:767)
  Slice (736:767)
  Slice (736:767)
  Slice (736:767)
  Slice (736:767)
  Slice (736:767)
  Slice (768:799)
  Slice (768:799)
  Slice (768:799)
  Slice (768:799)
  Slice (768:799)
  Slice (768:799)
  Slice (768:799)
  Slice (768:799)
  Slice (800:831)
  Slice (800:831)
  Slice (800:831)
  Slice (800:831)
  Slice (800:831)
  Slice (800:831)
  Slice (800:831)
  Slice (800:831)
  Slice (832:863)
  Slice (832:863)
  Slice (832:863)
  Slice (832:863)
  Slice (832:863)
  Slice (832:863)
  Slice (832:863)
  Slice (832:863)
  Slice (864:895)
  Slice (864:895)
  Slice (864:895)
  Slice (864:895)
  Slice (864:895)
  Slice (864:895)
  Slice (864:895)
  Slice (864:895)
  Slice (896:927)
  Slice (896:927)
  Slice (896:927)
  Slice (896:927)
  Slice (896:927)
  Slice (896:927)
  Slice (896:927)
  Slice (896:927)
  Slice (928:959)
  Slice (928:959)
  Slice (928:959)
  Slice (928:959)
  Slice (928:959)
  Slice (928:959)
  Slice (928:959)
  Slice (928:959)
  Slice (960:991)
  Slice (960:991)
  Slice (960:991)
  Slice (960:991)
  Slice (960:991)
  Slice (960:991)
  Slice (960:991)
  Slice (960:991)
  Slice (992:1023)
  Slice (992:1023)
  Slice (992:1023)
  Slice (992:1023)
  Slice (992:1023)
  Slice (992:1023)
  Slice (992:1023)
  Slice (992:1023)
  Slice (1024:1055)
  Slice (1024:1055)
  Slice (1024:1055)
  Slice (1024:1055)
  Slice (1024:1055)
  Slice (1024:1055)
  Slice (1024:1055)
  Slice (1024:1055)
  Slice (1056:1087)
  Slice (1056:1087)
  Slice (1056:1087)
  Slice (1056:1087)
  Slice (1056:1087)
  Slice (1056:1087)
  Slice (1056:1087)
  Slice (1056:1087)
  Slice (1088:1119)
  Slice (1088:1119)
  Slice (1088:1119)
  Slice (1088:1119)
  Slice (1088:1119)
  Slice (1088:1119)
  Slice (1088:1119)
  Slice (1088:1119)
  Slice (1120:1151)
  Slice (1120:1151)
  Slice (1120:1151)
  Slice (1120:1151)
  Slice (1120:1151)
  Slice (1120:1151)
  Slice (1120:1151)
  Slice (1120:1151)
  Slice (1152:1183)
  Slice (1152:1183)
  Slice (1152:1183)
  Slice (1152:1183)
  Slice (1152:1183)
  Slice (1152:1183)
  Slice (1152:1183)
  Slice (1152:1183)
  Slice (1184:1215)
  Slice (1184:1215)
  Slice (1184:1215)
  Slice (1184:1215)
  Slice (1184:1215)
  Slice (1184:1215)
  Slice (1184:1215)
  Slice (1184:1215)
  Slice (1216:1247)
  Slice (1216:1247)
  Slice (1216:1247)
  Slice (1216:1247)
  Slice (1216:1247)
  Slice (1216:1247)
  Slice (1216:1247)
  Slice (1216:1247)
  Slice (1248:1279)
  Slice (1248:1279)
  Slice (1248:1279)
  Slice (1248:1279)
  Slice (1248:1279)
  Slice (1248:1279)
  Slice (1248:1279)
  Slice (1248:1279)
  Slice (1280:1311)
  Slice (1280:1311)
  Slice (1280:1311)
  Slice (1280:1311)
  Slice (1280:1311)
  Slice (1280:1311)
  Slice (1280:1311)
  Slice (1280:1311)
  Slice (1312:1343)
  Slice (1312:1343)
  Slice (1312:1343)
  Slice (1312:1343)
  Slice (1312:1343)
  Slice (1312:1343)
  Slice (1312:1343)
  Slice (1312:1343)
  Slice (1344:1375)
  Slice (1344:1375)
  Slice (1344:1375)
  Slice (1344:1375)
  Slice (1344:1375)
  Slice (1344:1375)
  Slice (1344:1375)
  Slice (1344:1375)
  Slice (1376:1407)
  Slice (1376:1407)
  Slice (1376:1407)
  Slice (1376:1407)
  Slice (1376:1407)
  Slice (1376:1407)
  Slice (1376:1407)
  Slice (1376:1407)
  Slice (1408:1439)
  Slice (1408:1439)
  Slice (1408:1439)
  Slice (1408:1439)
  Slice (1408:1439)
  Slice (1408:1439)
  Slice (1408:1439)
  Slice (1408:1439)
  Slice (1440:1471)
  Slice (1440:1471)
  Slice (1440:1471)
  Slice (1440:1471)
  Slice (1440:1471)
  Slice (1440:1471)
  Slice (1440:1471)
  Slice (1440:1471)
  Slice (1472:1503)
  Slice (1472:1503)
  Slice (1472:1503)
  Slice (1472:1503)
  Slice (1472:1503)
  Slice (1472:1503)
  Slice (1472:1503)
  Slice (1472:1503)
  Slice (1504:1535)
  Slice (1504:1535)
  Slice (1504:1535)
  Slice (1504:1535)
  Slice (1504:1535)
  Slice (1504:1535)
  Slice (1504:1535)
  Slice (1504:1535)
  Slice (1536:1567)
  Slice (1536:1567)
  Slice (1536:1567)
  Slice (1536:1567)
  Slice (1536:1567)
  Slice (1536:1567)
  Slice (1536:1567)
  Slice (1536:1567)
  Slice (1568:1599)
  Slice (1568:1599)
  Slice (1568:1599)
  Slice (1568:1599)
  Slice (1568:1599)
  Slice (1568:1599)
  Slice (1568:1599)
  Slice (1568:1599)
  Slice (1600:1631)
  Slice (1600:1631)
  Slice (1600:1631)
  Slice (1600:1631)
  Slice (1600:1631)
  Slice (1600:1631)
  Slice (1600:1631)
  Slice (1600:1631)
  Slice (1632:1663)
  Slice (1632:1663)
  Slice (1632:1663)
  Slice (1632:1663)
  Slice (1632:1663)
  Slice (1632:1663)
  Slice (1632:1663)
  Slice (1632:1663)
  Slice (1664:1695)
  Slice (1664:1695)
  Slice (1664:1695)
  Slice (1664:1695)
  Slice (1664:1695)
  Slice (1664:1695)
  Slice (1664:1695)
  Slice (1664:1695)
  Slice (1696:1727)
  Slice (1696:1727)
  Slice (1696:1727)
  Slice (1696:1727)
  Slice (1696:1727)
  Slice (1696:1727)
  Slice (1696:1727)
  Slice (1696:1727)
  Slice (1728:1759)
  Slice (1728:1759)
  Slice (1728:1759)
  Slice (1728:1759)
  Slice (1728:1759)
  Slice (1728:1759)
  Slice (1728:1759)
  Slice (1728:1759)
  Slice (1760:1791)
  Slice (1760:1791)
  Slice (1760:1791)
  Slice (1760:1791)
  Slice (1760:1791)
  Slice (1760:1791)
  Slice (1760:1791)
  Slice (1760:1791)
  Slice (1792:1823)
  Slice (1792:1823)
  Slice (1792:1823)
  Slice (1792:1823)
  Slice (1792:1823)
  Slice (1792:1823)
  Slice (1792:1823)
  Slice (1792:1823)
  Slice (1824:1855)
  Slice (1824:1855)
  Slice (1824:1855)
  Slice (1824:1855)
  Slice (1824:1855)
  Slice (1824:1855)
  Slice (1824:1855)
  Slice (1824:1855)
  Slice (1856:1887)
  Slice (1856:1887)
  Slice (1856:1887)
  Slice (1856:1887)
  Slice (1856:1887)
  Slice (1856:1887)
  Slice (1856:1887)
  Slice (1856:1887)
  Slice (1888:1919)
  Slice (1888:1919)
  Slice (1888:1919)
  Slice (1888:1919)
  Slice (1888:1919)
  Slice (1888:1919)
  Slice (1888:1919)
  Slice (1888:1919)
  Slice (1920:1951)
  Slice (1920:1951)
  Slice (1920:1951)
  Slice (1920:1951)
  Slice (1920:1951)
  Slice (1920:1951)
  Slice (1920:1951)
  Slice (1920:1951)
  Slice (1952:1983)
  Slice (1952:1983)
  Slice (1952:1983)
  Slice (1952:1983)
  Slice (1952:1983)
  Slice (1952:1983)
  Slice (1952:1983)
  Slice (1952:1983)
  Slice (1984:2015)
  Slice (1984:2015)
  Slice (1984:2015)
  Slice (1984:2015)
  Slice (1984:2015)
  Slice (1984:2015)
  Slice (1984:2015)
  Slice (1984:2015)
  Slice (2016:2047)
  Slice (2016:2047)
  Slice (2016:2047)
  Slice (2016:2047)
  Slice (2016:2047)
  Slice (2016:2047)
  Slice (2016:2047)
  Slice (2016:2047)
  Slice (2048:2079)
  Slice (2048:2079)
  Slice (2048:2079)
  Slice (2048:2079)
  Slice (2048:2079)
  Slice (2048:2079)
  Slice (2048:2079)
  Slice (2048:2079)
  Slice (2080:2111)
  Slice (2080:2111)
  Slice (2080:2111)
  Slice (2080:2111)
  Slice (2080:2111)
  Slice (2080:2111)
  Slice (2080:2111)
  Slice (2080:2111)
  Slice (2112:2143)
  Slice (2112:2143)
  Slice (2112:2143)
  Slice (2112:2143)
  Slice (2112:2143)
  Slice (2112:2143)
  Slice (2112:2143)
  Slice (2112:2143)
  Slice (2144:2175)
  Slice (2144:2175)
  Slice (2144:2175)
  Slice (2144:2175)
  Slice (2144:2175)
  Slice (2144:2175)
  Slice (2144:2175)
  Slice (2144:2175)
  Slice (2176:2207)
  Slice (2176:2207)
  Slice (2176:2207)
  Slice (2176:2207)
  Slice (2176:2207)
  Slice (2176:2207)
  Slice (2176:2207)
  Slice (2176:2207)
  Slice (2208:2239)
  Slice (2208:2239)
  Slice (2208:2239)
  Slice (2208:2239)
  Slice (2208:2239)
  Slice (2208:2239)
  Slice (2208:2239)
  Slice (2208:2239)
  Slice (2240:2271)
  Slice (2240:2271)
  Slice (2240:2271)
  Slice (2240:2271)
  Slice (2240:2271)
  Slice (2240:2271)
  Slice (2240:2271)
  Slice (2240:2271)
  Slice (2272:2303)
  Slice (2272:2303)
  Slice (2272:2303)
  Slice (2272:2303)
  Slice (2272:2303)
  Slice (2272:2303)
  Slice (2272:2303)
  Slice (2272:2303)
  Slice (2304:2335)
  Slice (2304:2335)
  Slice (2304:2335)
  Slice (2304:2335)
  Slice (2304:2335)
  Slice (2304:2335)
  Slice (2304:2335)
  Slice (2304:2335)
  Slice (2336:2367)
  Slice (2336:2367)
  Slice (2336:2367)
  Slice (2336:2367)
  Slice (2336:2367)
  Slice (2336:2367)
  Slice (2336:2367)
  Slice (2336:2367)
  Slice (2368:2399)
  Slice (2368:2399)
  Slice (2368:2399)
  Slice (2368:2399)
  Slice (2368:2399)
  Slice (2368:2399)
  Slice (2368:2399)
  Slice (2368:2399)
  Slice (2400:2431)
  Slice (2400:2431)
  Slice (2400:2431)
  Slice (2400:2431)
  Slice (2400:2431)
  Slice (2400:2431)
  Slice (2400:2431)
  Slice (2400:2431)
  Slice (2432:2463)
  Slice (2432:2463)
  Slice (2432:2463)
  Slice (2432:2463)
  Slice (2432:2463)
  Slice (2432:2463)
  Slice (2432:2463)
  Slice (2432:2463)
  Slice (2464:2495)
  Slice (2464:2495)
  Slice (2464:2495)
  Slice (2464:2495)
  Slice (2464:2495)
  Slice (2464:2495)
  Slice (2464:2495)
  Slice (2464:2495)
  Slice (2496:2527)
  Slice (2496:2527)
  Slice (2496:2527)
  Slice (2496:2527)
  Slice (2496:2527)
  Slice (2496:2527)
  Slice (2496:2527)
  Slice (2496:2527)
  Slice (2528:2559)
  Slice (2528:2559)
  Slice (2528:2559)
  Slice (2528:2559)
  Slice (2528:2559)
  Slice (2528:2559)
  Slice (2528:2559)
  Slice (2528:2559)
  Slice (2560:2591)
  Slice (2560:2591)
  Slice (2560:2591)
  Slice (2560:2591)
  Slice (2560:2591)
  Slice (2560:2591)
  Slice (2560:2591)
  Slice (2560:2591)
  Slice (2592:2623)
  Slice (2592:2623)
  Slice (2592:2623)
  Slice (2592:2623)
  Slice (2592:2623)
  Slice (2592:2623)
  Slice (2592:2623)
  Slice (2592:2623)
  Slice (2624:2655)
  Slice (2624:2655)
  Slice (2624:2655)
  Slice (2624:2655)
  Slice (2624:2655)
  Slice (2624:2655)
  Slice (2624:2655)
  Slice (2624:2655)
  Slice (2656:2687)
  Slice (2656:2687)
  Slice (2656:2687)
  Slice (2656:2687)
  Slice (2656:2687)
  Slice (2656:2687)
  Slice (2656:2687)
  Slice (2656:2687)
  Slice (2688:2719)
  Slice (2688:2719)
  Slice (2688:2719)
  Slice (2688:2719)
  Slice (2688:2719)
  Slice (2688:2719)
  Slice (2688:2719)
  Slice (2688:2719)
  Slice (2720:2751)
  Slice (2720:2751)
  Slice (2720:2751)
  Slice (2720:2751)
  Slice (2720:2751)
  Slice (2720:2751)
  Slice (2720:2751)
  Slice (2720:2751)
  Slice (2752:2783)
  Slice (2752:2783)
  Slice (2752:2783)
  Slice (2752:2783)
  Slice (2752:2783)
  Slice (2752:2783)
  Slice (2752:2783)
  Slice (2752:2783)
  Slice (2784:2815)
  Slice (2784:2815)
  Slice (2784:2815)
  Slice (2784:2815)
  Slice (2784:2815)
  Slice (2784:2815)
  Slice (2784:2815)
  Slice (2784:2815)
  Slice (2816:2847)
  Slice (2816:2847)
  Slice (2816:2847)
  Slice (2816:2847)
  Slice (2816:2847)
  Slice (2816:2847)
  Slice (2816:2847)
  Slice (2816:2847)
  Slice (2848:2879)
  Slice (2848:2879)
  Slice (2848:2879)
  Slice (2848:2879)
  Slice (2848:2879)
  Slice (2848:2879)
  Slice (2848:2879)
  Slice (2848:2879)
  Slice (2880:2911)
  Slice (2880:2911)
  Slice (2880:2911)
  Slice (2880:2911)
  Slice (2880:2911)
  Slice (2880:2911)
  Slice (2880:2911)
  Slice (2880:2911)
  Slice (2912:2943)
  Slice (2912:2943)
  Slice (2912:2943)
  Slice (2912:2943)
  Slice (2912:2943)
  Slice (2912:2943)
  Slice (2912:2943)
  Slice (2912:2943)
  Slice (2944:2975)
  Slice (2944:2975)
  Slice (2944:2975)
  Slice (2944:2975)
  Slice (2944:2975)
  Slice (2944:2975)
  Slice (2944:2975)
  Slice (2944:2975)
  Slice (2976:3007)
  Slice (2976:3007)
  Slice (2976:3007)
  Slice (2976:3007)
  Slice (2976:3007)
  Slice (2976:3007)
  Slice (2976:3007)
  Slice (2976:3007)
  Slice (3008:3039)
  Slice (3008:3039)
  Slice (3008:3039)
  Slice (3008:3039)
  Slice (3008:3039)
  Slice (3008:3039)
  Slice (3008:3039)
  Slice (3008:3039)
  Slice (3040:3071)
  Slice (3040:3071)
  Slice (3040:3071)
  Slice (3040:3071)
  Slice (3040:3071)
  Slice (3040:3071)
  Slice (3040:3071)
  Slice (3040:3071)
  Slice (3072:3103)
  Slice (3072:3103)
  Slice (3072:3103)
  Slice (3072:3103)
  Slice (3072:3103)
  Slice (3072:3103)
  Slice (3072:3103)
  Slice (3072:3103)
  Slice (3104:3135)
  Slice (3104:3135)
  Slice (3104:3135)
  Slice (3104:3135)
  Slice (3104:3135)
  Slice (3104:3135)
  Slice (3104:3135)
  Slice (3104:3135)
  Slice (3136:3167)
  Slice (3136:3167)
  Slice (3136:3167)
  Slice (3136:3167)
  Slice (3136:3167)
  Slice (3136:3167)
  Slice (3136:3167)
  Slice (3136:3167)
  Slice (3168:3199)
  Slice (3168:3199)
  Slice (3168:3199)
  Slice (3168:3199)
  Slice (3168:3199)
  Slice (3168:3199)
  Slice (3168:3199)
  Slice (3168:3199)
  Slice (3200:3231)
  Slice (3200:3231)
  Slice (3200:3231)
  Slice (3200:3231)
  Slice (3200:3231)
  Slice (3200:3231)
  Slice (3200:3231)
  Slice (3200:3231)
  Slice (3232:3263)
  Slice (3232:3263)
  Slice (3232:3263)
  Slice (3232:3263)
  Slice (3232:3263)
  Slice (3232:3263)
  Slice (3232:3263)
  Slice (3232:3263)
  Slice (3264:3295)
  Slice (3264:3295)
  Slice (3264:3295)
  Slice (3264:3295)
  Slice (3264:3295)
  Slice (3264:3295)
  Slice (3264:3295)
  Slice (3264:3295)
  Slice (3296:3327)
  Slice (3296:3327)
  Slice (3296:3327)
  Slice (3296:3327)
  Slice (3296:3327)
  Slice (3296:3327)
  Slice (3296:3327)
  Slice (3296:3327)
  Slice (3328:3359)
  Slice (3328:3359)
  Slice (3328:3359)
  Slice (3328:3359)
  Slice (3328:3359)
  Slice (3328:3359)
  Slice (3328:3359)
  Slice (3328:3359)
  Slice (3360:3391)
  Slice (3360:3391)
  Slice (3360:3391)
  Slice (3360:3391)
  Slice (3360:3391)
  Slice (3360:3391)
  Slice (3360:3391)
  Slice (3360:3391)
  Slice (3392:3423)
  Slice (3392:3423)
  Slice (3392:3423)
  Slice (3392:3423)
  Slice (3392:3423)
  Slice (3392:3423)
  Slice (3392:3423)
  Slice (3392:3423)
  Slice (3424:3455)
  Slice (3424:3455)
  Slice (3424:3455)
  Slice (3424:3455)
  Slice (3424:3455)
  Slice (3424:3455)
  Slice (3424:3455)
  Slice (3424:3455)
  Slice (3456:3487)
  Slice (3456:3487)
  Slice (3456:3487)
  Slice (3456:3487)
  Slice (3456:3487)
  Slice (3456:3487)
  Slice (3456:3487)
  Slice (3456:3487)
  Slice (3488:3519)
  Slice (3488:3519)
  Slice (3488:3519)
  Slice (3488:3519)
  Slice (3488:3519)
  Slice (3488:3519)
  Slice (3488:3519)
  Slice (3488:3519)
  Slice (3520:3551)
  Slice (3520:3551)
  Slice (3520:3551)
  Slice (3520:3551)
  Slice (3520:3551)
  Slice (3520:3551)
  Slice (3520:3551)
  Slice (3520:3551)
  Slice (3552:3583)
  Slice (3552:3583)
  Slice (3552:3583)
  Slice (3552:3583)
  Slice (3552:3583)
  Slice (3552:3583)
  Slice (3552:3583)
  Slice (3552:3583)
  Slice (3584:3615)
  Slice (3584:3615)
  Slice (3584:3615)
  Slice (3584:3615)
  Slice (3584:3615)
  Slice (3584:3615)
  Slice (3584:3615)
  Slice (3584:3615)
  Slice (3616:3647)
  Slice (3616:3647)
  Slice (3616:3647)
  Slice (3616:3647)
  Slice (3616:3647)
  Slice (3616:3647)
  Slice (3616:3647)
  Slice (3616:3647)
  Slice (3648:3679)
  Slice (3648:3679)
  Slice (3648:3679)
  Slice (3648:3679)
  Slice (3648:3679)
  Slice (3648:3679)
  Slice (3648:3679)
  Slice (3648:3679)
  Slice (3680:3711)
  Slice (3680:3711)
  Slice (3680:3711)
  Slice (3680:3711)
  Slice (3680:3711)
  Slice (3680:3711)
  Slice (3680:3711)
  Slice (3680:3711)
  Slice (3712:3743)
  Slice (3712:3743)
  Slice (3712:3743)
  Slice (3712:3743)
  Slice (3712:3743)
  Slice (3712:3743)
  Slice (3712:3743)
  Slice (3712:3743)
  Slice (3744:3775)
  Slice (3744:3775)
  Slice (3744:3775)
  Slice (3744:3775)
  Slice (3744:3775)
  Slice (3744:3775)
  Slice (3744:3775)
  Slice (3744:3775)
  Slice (3776:3807)
  Slice (3776:3807)
  Slice (3776:3807)
  Slice (3776:3807)
  Slice (3776:3807)
  Slice (3776:3807)
  Slice (3776:3807)
  Slice (3776:3807)
  Slice (3808:3839)
  Slice (3808:3839)
  Slice (3808:3839)
  Slice (3808:3839)
  Slice (3808:3839)
  Slice (3808:3839)
  Slice (3808:3839)
  Slice (3808:3839)
  Slice (3840:3871)
  Slice (3840:3871)
  Slice (3840:3871)
  Slice (3840:3871)
  Slice (3840:3871)
  Slice (3840:3871)
  Slice (3840:3871)
  Slice (3840:3871)
  Slice (3872:3903)
  Slice (3872:3903)
  Slice (3872:3903)
  Slice (3872:3903)
  Slice (3872:3903)
  Slice (3872:3903)
  Slice (3872:3903)
  Slice (3872:3903)
  Slice (3904:3935)
  Slice (3904:3935)
  Slice (3904:3935)
  Slice (3904:3935)
  Slice (3904:3935)
  Slice (3904:3935)
  Slice (3904:3935)
  Slice (3904:3935)
  Slice (3936:3967)
  Slice (3936:3967)
  Slice (3936:3967)
  Slice (3936:3967)
  Slice (3936:3967)
  Slice (3936:3967)
  Slice (3936:3967)
  Slice (3936:3967)
  Slice (3968:3999)
  Slice (3968:3999)
  Slice (3968:3999)
  Slice (3968:3999)
  Slice (3968:3999)
  Slice (3968:3999)
  Slice (3968:3999)
  Slice (3968:3999)
  Slice (4000:4031)
  Slice (4000:4031)
  Slice (4000:4031)
  Slice (4000:4031)
  Slice (4000:4031)
  Slice (4000:4031)
  Slice (4000:4031)
  Slice (4000:4031)
  Slice (4032:4063)
  Slice (4032:4063)
  Slice (4032:4063)
  Slice (4032:4063)
  Slice (4032:4063)
  Slice (4032:4063)
  Slice (4032:4063)
  Slice (4032:4063)
  Slice (4064:4095)
  Slice (4064:4095)
  Slice (4064:4095)
  Slice (4064:4095)
  Slice (4064:4095)
  Slice (4064:4095)
  Slice (4064:4095)
  Slice (4064:4095)
  Slice (4096:4127)
  Slice (4096:4127)
  Slice (4096:4127)
  Slice (4096:4127)
  Slice (4096:4127)
  Slice (4096:4127)
  Slice (4096:4127)
  Slice (4096:4127)
  Slice (4128:4159)
  Slice (4128:4159)
  Slice (4128:4159)
  Slice (4128:4159)
  Slice (4128:4159)
  Slice (4128:4159)
  Slice (4128:4159)
  Slice (4128:4159)
  Slice (4160:4191)
  Slice (4160:4191)
  Slice (4160:4191)
  Slice (4160:4191)
  Slice (4160:4191)
  Slice (4160:4191)
  Slice (4160:4191)
  Slice (4160:4191)
  Slice (4192:4223)
  Slice (4192:4223)
  Slice (4192:4223)
  Slice (4192:4223)
  Slice (4192:4223)
  Slice (4192:4223)
  Slice (4192:4223)
  Slice (4192:4223)
  Slice (4224:4255)
  Slice (4224:4255)
  Slice (4224:4255)
  Slice (4224:4255)
  Slice (4224:4255)
  Slice (4224:4255)
  Slice (4224:4255)
  Slice (4224:4255)
  Slice (4256:4287)
  Slice (4256:4287)
  Slice (4256:4287)
  Slice (4256:4287)
  Slice (4256:4287)
  Slice (4256:4287)
  Slice (4256:4287)
  Slice (4256:4287)
  Slice (4288:4319)
  Slice (4288:4319)
  Slice (4288:4319)
  Slice (4288:4319)
  Slice (4288:4319)
  Slice (4288:4319)
  Slice (4288:4319)
  Slice (4288:4319)
  Slice (4320:4351)
  Slice (4320:4351)
  Slice (4320:4351)
  Slice (4320:4351)
  Slice (4320:4351)
  Slice (4320:4351)
  Slice (4320:4351)
  Slice (4320:4351)
  Slice (4352:4383)
  Slice (4352:4383)
  Slice (4352:4383)
  Slice (4352:4383)
  Slice (4352:4383)
  Slice (4352:4383)
  Slice (4352:4383)
  Slice (4352:4383)
  Slice (4384:4415)
  Slice (4384:4415)
  Slice (4384:4415)
  Slice (4384:4415)
  Slice (4384:4415)
  Slice (4384:4415)
  Slice (4384:4415)
  Slice (4384:4415)
  Slice (4416:4447)
  Slice (4416:4447)
  Slice (4416:4447)
  Slice (4416:4447)
  Slice (4416:4447)
  Slice (4416:4447)
  Slice (4416:4447)
  Slice (4416:4447)
  Slice (4448:4479)
  Slice (4448:4479)
  Slice (4448:4479)
  Slice (4448:4479)
  Slice (4448:4479)
  Slice (4448:4479)
  Slice (4448:4479)
  Slice (4448:4479)
  Slice (4480:4511)
  Slice (4480:4511)
  Slice (4480:4511)
  Slice (4480:4511)
  Slice (4480:4511)
  Slice (4480:4511)
  Slice (4480:4511)
  Slice (4480:4511)
  Slice (4512:4543)
  Slice (4512:4543)
  Slice (4512:4543)
  Slice (4512:4543)
  Slice (4512:4543)
  Slice (4512:4543)
  Slice (4512:4543)
  Slice (4512:4543)
  Slice (4544:4575)
  Slice (4544:4575)
  Slice (4544:4575)
  Slice (4544:4575)
  Slice (4544:4575)
  Slice (4544:4575)
  Slice (4544:4575)
  Slice (4544:4575)
  Slice (4576:4607)
  Slice (4576:4607)
  Slice (4576:4607)
  Slice (4576:4607)
  Slice (4576:4607)
  Slice (4576:4607)
  Slice (4576:4607)
  Slice (4576:4607)
  Slice (4608:4639)
  Slice (4608:4639)
  Slice (4608:4639)
  Slice (4608:4639)
  Slice (4608:4639)
  Slice (4608:4639)
  Slice (4608:4639)
  Slice (4608:4639)
  Slice (4640:4671)
  Slice (4640:4671)
  Slice (4640:4671)
  Slice (4640:4671)
  Slice (4640:4671)
  Slice (4640:4671)
  Slice (4640:4671)
  Slice (4640:4671)
  Slice (4672:4703)
  Slice (4672:4703)
  Slice (4672:4703)
  Slice (4672:4703)
  Slice (4672:4703)
  Slice (4672:4703)
  Slice (4672:4703)
  Slice (4672:4703)
  Slice (4704:4735)
  Slice (4704:4735)
  Slice (4704:4735)
  Slice (4704:4735)
  Slice (4704:4735)
  Slice (4704:4735)
  Slice (4704:4735)
  Slice (4704:4735)
  Slice (4736:4767)
  Slice (4736:4767)
  Slice (4736:4767)
  Slice (4736:4767)
  Slice (4736:4767)
  Slice (4736:4767)
  Slice (4736:4767)
  Slice (4736:4767)
  Slice (4768:4799)
  Slice (4768:4799)
  Slice (4768:4799)
  Slice (4768:4799)
  Slice (4768:4799)
  Slice (4768:4799)
  Slice (4768:4799)
  Slice (4768:4799)
  Slice (4800:4831)
  Slice (4800:4831)
  Slice (4800:4831)
  Slice (4800:4831)
  Slice (4800:4831)
  Slice (4800:4831)
  Slice (4800:4831)
  Slice (4800:4831)
  Slice (4832:4863)
  Slice (4832:4863)
  Slice (4832:4863)
  Slice (4832:4863)
  Slice (4832:4863)
  Slice (4832:4863)
  Slice (4832:4863)
  Slice (4832:4863)
  Slice (4864:4895)
  Slice (4864:4895)
  Slice (4864:4895)
  Slice (4864:4895)
  Slice (4864:4895)
  Slice (4864:4895)
  Slice (4864:4895)
  Slice (4864:4895)
  Slice (4896:4927)
  Slice (4896:4927)
  Slice (4896:4927)
  Slice (4896:4927)
  Slice (4896:4927)
  Slice (4896:4927)
  Slice (4896:4927)
  Slice (4896:4927)
  Slice (4928:4959)
  Slice (4928:4959)
  Slice (4928:4959)
  Slice (4928:4959)
  Slice (4928:4959)
  Slice (4928:4959)
  Slice (4928:4959)
  Slice (4928:4959)
  Slice (4960:4991)
  Slice (4960:4991)
  Slice (4960:4991)
  Slice (4960:4991)
  Slice (4960:4991)
  Slice (4960:4991)
  Slice (4960:4991)
  Slice (4960:4991)
  Slice (4992:5023)
  Slice (4992:5023)
  Slice (4992:5023)
  Slice (4992:5023)
  Slice (4992:5023)
  Slice (4992:5023)
  Slice (4992:5023)
  Slice (4992:5023)
  Slice (5024:5055)
  Slice (5024:5055)
  Slice (5024:5055)
  Slice (5024:5055)
  Slice (5024:5055)
  Slice (5024:5055)
  Slice (5024:5055)
  Slice (5024:5055)
  Slice (5056:5087)
  Slice (5056:5087)
  Slice (5056:5087)
  Slice (5056:5087)
  Slice (5056:5087)
  Slice (5056:5087)
  Slice (5056:5087)
  Slice (5056:5087)
  Slice (5088:5119)
  Slice (5088:5119)
  Slice (5088:5119)
  Slice (5088:5119)
  Slice (5088:5119)
  Slice (5088:5119)
  Slice (5088:5119)
  Slice (5088:5119)
  Slice (5120:5151)
  Slice (5120:5151)
  Slice (5120:5151)
  Slice (5120:5151)
  Slice (5120:5151)
  Slice (5120:5151)
  Slice (5120:5151)
  Slice (5120:5151)
  Slice (5152:5183)
  Slice (5152:5183)
  Slice (5152:5183)
  Slice (5152:5183)
  Slice (5152:5183)
  Slice (5152:5183)
  Slice (5152:5183)
  Slice (5152:5183)
  Slice (5184:5215)
  Slice (5184:5215)
  Slice (5184:5215)
  Slice (5184:5215)
  Slice (5184:5215)
  Slice (5184:5215)
  Slice (5184:5215)
  Slice (5184:5215)
  Slice (5216:5247)
  Slice (5216:5247)
  Slice (5216:5247)
  Slice (5216:5247)
  Slice (5216:5247)
  Slice (5216:5247)
  Slice (5216:5247)
  Slice (5216:5247)
  Slice (5248:5279)
  Slice (5248:5279)
  Slice (5248:5279)
  Slice (5248:5279)
  Slice (5248:5279)
  Slice (5248:5279)
  Slice (5248:5279)
  Slice (5248:5279)
  Slice (5280:5311)
  Slice (5280:5311)
  Slice (5280:5311)
  Slice (5280:5311)
  Slice (5280:5311)
  Slice (5280:5311)
  Slice (5280:5311)
  Slice (5280:5311)
  Slice (5312:5343)
  Slice (5312:5343)
  Slice (5312:5343)
  Slice (5312:5343)
  Slice (5312:5343)
  Slice (5312:5343)
  Slice (5312:5343)
  Slice (5312:5343)
  Slice (5344:5375)
  Slice (5344:5375)
  Slice (5344:5375)
  Slice (5344:5375)
  Slice (5344:5375)
  Slice (5344:5375)
  Slice (5344:5375)
  Slice (5344:5375)
  Slice (5376:5407)
  Slice (5376:5407)
  Slice (5376:5407)
  Slice (5376:5407)
  Slice (5376:5407)
  Slice (5376:5407)
  Slice (5376:5407)
  Slice (5376:5407)
  Slice (5408:5439)
  Slice (5408:5439)
  Slice (5408:5439)
  Slice (5408:5439)
  Slice (5408:5439)
  Slice (5408:5439)
  Slice (5408:5439)
  Slice (5408:5439)
  Slice (5440:5471)
  Slice (5440:5471)
  Slice (5440:5471)
  Slice (5440:5471)
  Slice (5440:5471)
  Slice (5440:5471)
  Slice (5440:5471)
  Slice (5440:5471)
  Slice (5472:5503)
  Slice (5472:5503)
  Slice (5472:5503)
  Slice (5472:5503)
  Slice (5472:5503)
  Slice (5472:5503)
  Slice (5472:5503)
  Slice (5472:5503)
  Slice (5504:5535)
  Slice (5504:5535)
  Slice (5504:5535)
  Slice (5504:5535)
  Slice (5504:5535)
  Slice (5504:5535)
  Slice (5504:5535)
  Slice (5504:5535)
  Slice (5536:5567)
  Slice (5536:5567)
  Slice (5536:5567)
  Slice (5536:5567)
  Slice (5536:5567)
  Slice (5536:5567)
  Slice (5536:5567)
  Slice (5536:5567)
  Slice (5568:5599)
  Slice (5568:5599)
  Slice (5568:5599)
  Slice (5568:5599)
  Slice (5568:5599)
  Slice (5568:5599)
  Slice (5568:5599)
  Slice (5568:5599)
  Slice (5600:5631)
  Slice (5600:5631)
  Slice (5600:5631)
  Slice (5600:5631)
  Slice (5600:5631)
  Slice (5600:5631)
  Slice (5600:5631)
  Slice (5600:5631)
  Slice (5632:5663)
  Slice (5632:5663)
  Slice (5632:5663)
  Slice (5632:5663)
  Slice (5632:5663)
  Slice (5632:5663)
  Slice (5632:5663)
  Slice (5632:5663)
  Slice (5664:5695)
  Slice (5664:5695)
  Slice (5664:5695)
  Slice (5664:5695)
  Slice (5664:5695)
  Slice (5664:5695)
  Slice (5664:5695)
  Slice (5664:5695)
  Slice (5696:5727)
  Slice (5696:5727)
  Slice (5696:5727)
  Slice (5696:5727)
  Slice (5696:5727)
  Slice (5696:5727)
  Slice (5696:5727)
  Slice (5696:5727)
  Slice (5728:5759)
  Slice (5728:5759)
  Slice (5728:5759)
  Slice (5728:5759)
  Slice (5728:5759)
  Slice (5728:5759)
  Slice (5728:5759)
  Slice (5728:5759)
  Slice (5760:5791)
  Slice (5760:5791)
  Slice (5760:5791)
  Slice (5760:5791)
  Slice (5760:5791)
  Slice (5760:5791)
  Slice (5760:5791)
  Slice (5760:5791)
  Slice (5792:5823)
  Slice (5792:5823)
  Slice (5792:5823)
  Slice (5792:5823)
  Slice (5792:5823)
  Slice (5792:5823)
  Slice (5792:5823)
  Slice (5792:5823)
  Slice (5824:5855)
  Slice (5824:5855)
  Slice (5824:5855)
  Slice (5824:5855)
  Slice (5824:5855)
  Slice (5824:5855)
  Slice (5824:5855)
  Slice (5824:5855)
  Slice (5856:5887)
  Slice (5856:5887)
  Slice (5856:5887)
  Slice (5856:5887)
  Slice (5856:5887)
  Slice (5856:5887)
  Slice (5856:5887)
  Slice (5856:5887)
  Slice (5888:5919)
  Slice (5888:5919)
  Slice (5888:5919)
  Slice (5888:5919)
  Slice (5888:5919)
  Slice (5888:5919)
  Slice (5888:5919)
  Slice (5888:5919)
  Slice (5920:5951)
  Slice (5920:5951)
  Slice (5920:5951)
  Slice (5920:5951)
  Slice (5920:5951)
  Slice (5920:5951)
  Slice (5920:5951)
  Slice (5920:5951)
  Slice (5952:5983)
  Slice (5952:5983)
  Slice (5952:5983)
  Slice (5952:5983)
  Slice (5952:5983)
  Slice (5952:5983)
  Slice (5952:5983)
  Slice (5952:5983)
  Slice (5984:6015)
  Slice (5984:6015)
  Slice (5984:6015)
  Slice (5984:6015)
  Slice (5984:6015)
  Slice (5984:6015)
  Slice (5984:6015)
  Slice (5984:6015)
  Slice (6016:6047)
  Slice (6016:6047)
  Slice (6016:6047)
  Slice (6016:6047)
  Slice (6016:6047)
  Slice (6016:6047)
  Slice (6016:6047)
  Slice (6016:6047)
  Slice (6048:6079)
  Slice (6048:6079)
  Slice (6048:6079)
  Slice (6048:6079)
  Slice (6048:6079)
  Slice (6048:6079)
  Slice (6048:6079)
  Slice (6048:6079)
  Slice (6080:6111)
  Slice (6080:6111)
  Slice (6080:6111)
  Slice (6080:6111)
  Slice (6080:6111)
  Slice (6080:6111)
  Slice (6080:6111)
  Slice (6080:6111)
  Slice (6112:6143)
  Slice (6112:6143)
  Slice (6112:6143)
  Slice (6112:6143)
  Slice (6112:6143)
  Slice (6112:6143)
  Slice (6112:6143)
  Slice (6112:6143)
  Slice (6144:6175)
  Slice (6144:6175)
  Slice (6144:6175)
  Slice (6144:6175)
  Slice (6144:6175)
  Slice (6144:6175)
  Slice (6144:6175)
  Slice (6144:6175)
  Slice (6176:6207)
  Slice (6176:6207)
  Slice (6176:6207)
  Slice (6176:6207)
  Slice (6176:6207)
  Slice (6176:6207)
  Slice (6176:6207)
  Slice (6176:6207)
  Slice (6208:6239)
  Slice (6208:6239)
  Slice (6208:6239)
  Slice (6208:6239)
  Slice (6208:6239)
  Slice (6208:6239)
  Slice (6208:6239)
  Slice (6208:6239)
  Slice (6240:6271)
  Slice (6240:6271)
  Slice (6240:6271)
  Slice (6240:6271)
  Slice (6240:6271)
  Slice (6240:6271)
  Slice (6240:6271)
  Slice (6240:6271)
  Slice (6272:6303)
  Slice (6272:6303)
  Slice (6272:6303)
  Slice (6272:6303)
  Slice (6272:6303)
  Slice (6272:6303)
  Slice (6272:6303)
  Slice (6272:6303)
  Slice (6304:6335)
  Slice (6304:6335)
  Slice (6304:6335)
  Slice (6304:6335)
  Slice (6304:6335)
  Slice (6304:6335)
  Slice (6304:6335)
  Slice (6304:6335)
  Slice (6336:6367)
  Slice (6336:6367)
  Slice (6336:6367)
  Slice (6336:6367)
  Slice (6336:6367)
  Slice (6336:6367)
  Slice (6336:6367)
  Slice (6336:6367)
  Slice (6368:6399)
  Slice (6368:6399)
  Slice (6368:6399)
  Slice (6368:6399)
  Slice (6368:6399)
  Slice (6368:6399)
  Slice (6368:6399)
  Slice (6368:6399)
  Slice (6400:6431)
  Slice (6400:6431)
  Slice (6400:6431)
  Slice (6400:6431)
  Slice (6400:6431)
  Slice (6400:6431)
  Slice (6400:6431)
  Slice (6400:6431)
  Slice (6432:6463)
  Slice (6432:6463)
  Slice (6432:6463)
  Slice (6432:6463)
  Slice (6432:6463)
  Slice (6432:6463)
  Slice (6432:6463)
  Slice (6432:6463)
  Slice (6464:6495)
  Slice (6464:6495)
  Slice (6464:6495)
  Slice (6464:6495)
  Slice (6464:6495)
  Slice (6464:6495)
  Slice (6464:6495)
  Slice (6464:6495)
  Slice (6496:6527)
  Slice (6496:6527)
  Slice (6496:6527)
  Slice (6496:6527)
  Slice (6496:6527)
  Slice (6496:6527)
  Slice (6496:6527)
  Slice (6496:6527)
  Slice (6528:6559)
  Slice (6528:6559)
  Slice (6528:6559)
  Slice (6528:6559)
  Slice (6528:6559)
  Slice (6528:6559)
  Slice (6528:6559)
  Slice (6528:6559)
  Slice (6560:6591)
  Slice (6560:6591)
  Slice (6560:6591)
  Slice (6560:6591)
  Slice (6560:6591)
  Slice (6560:6591)
  Slice (6560:6591)
  Slice (6560:6591)
  Slice (6592:6623)
  Slice (6592:6623)
  Slice (6592:6623)
  Slice (6592:6623)
  Slice (6592:6623)
  Slice (6592:6623)
  Slice (6592:6623)
  Slice (6592:6623)
  Slice (6624:6655)
  Slice (6624:6655)
  Slice (6624:6655)
  Slice (6624:6655)
  Slice (6624:6655)
  Slice (6624:6655)
  Slice (6624:6655)
  Slice (6624:6655)
  Slice (6656:6687)
  Slice (6656:6687)
  Slice (6656:6687)
  Slice (6656:6687)
  Slice (6656:6687)
  Slice (6656:6687)
  Slice (6656:6687)
  Slice (6656:6687)
  Slice (6688:6719)
  Slice (6688:6719)
  Slice (6688:6719)
  Slice (6688:6719)
  Slice (6688:6719)
  Slice (6688:6719)
  Slice (6688:6719)
  Slice (6688:6719)
  Slice (6720:6751)
  Slice (6720:6751)
  Slice (6720:6751)
  Slice (6720:6751)
  Slice (6720:6751)
  Slice (6720:6751)
  Slice (6720:6751)
  Slice (6720:6751)
  Slice (6752:6783)
  Slice (6752:6783)
  Slice (6752:6783)
  Slice (6752:6783)
  Slice (6752:6783)
  Slice (6752:6783)
  Slice (6752:6783)
  Slice (6752:6783)
  Slice (6784:6815)
  Slice (6784:6815)
  Slice (6784:6815)
  Slice (6784:6815)
  Slice (6784:6815)
  Slice (6784:6815)
  Slice (6784:6815)
  Slice (6784:6815)
  Slice (6816:6847)
  Slice (6816:6847)
  Slice (6816:6847)
  Slice (6816:6847)
  Slice (6816:6847)
  Slice (6816:6847)
  Slice (6816:6847)
  Slice (6816:6847)
  Slice (6848:6879)
  Slice (6848:6879)
  Slice (6848:6879)
  Slice (6848:6879)
  Slice (6848:6879)
  Slice (6848:6879)
  Slice (6848:6879)
  Slice (6848:6879)
  Slice (6880:6911)
  Slice (6880:6911)
  Slice (6880:6911)
  Slice (6880:6911)
  Slice (6880:6911)
  Slice (6880:6911)
  Slice (6880:6911)
  Slice (6880:6911)
  Slice (6912:6943)
  Slice (6912:6943)
  Slice (6912:6943)
  Slice (6912:6943)
  Slice (6912:6943)
  Slice (6912:6943)
  Slice (6912:6943)
  Slice (6912:6943)
  Slice (6944:6975)
  Slice (6944:6975)
  Slice (6944:6975)
  Slice (6944:6975)
  Slice (6944:6975)
  Slice (6944:6975)
  Slice (6944:6975)
  Slice (6944:6975)
  Slice (6976:7007)
  Slice (6976:7007)
  Slice (6976:7007)
  Slice (6976:7007)
  Slice (6976:7007)
  Slice (6976:7007)
  Slice (6976:7007)
  Slice (6976:7007)
  Slice (7008:7039)
  Slice (7008:7039)
  Slice (7008:7039)
  Slice (7008:7039)
  Slice (7008:7039)
  Slice (7008:7039)
  Slice (7008:7039)
  Slice (7008:7039)
  Slice (7040:7071)
  Slice (7040:7071)
  Slice (7040:7071)
  Slice (7040:7071)
  Slice (7040:7071)
  Slice (7040:7071)
  Slice (7040:7071)
  Slice (7040:7071)
  Slice (7072:7103)
  Slice (7072:7103)
  Slice (7072:7103)
  Slice (7072:7103)
  Slice (7072:7103)
  Slice (7072:7103)
  Slice (7072:7103)
  Slice (7072:7103)
  Slice (7104:7135)
  Slice (7104:7135)
  Slice (7104:7135)
  Slice (7104:7135)
  Slice (7104:7135)
  Slice (7104:7135)
  Slice (7104:7135)
  Slice (7104:7135)
  Slice (7136:7167)
  Slice (7136:7167)
  Slice (7136:7167)
  Slice (7136:7167)
  Slice (7136:7167)
  Slice (7136:7167)
  Slice (7136:7167)
  Slice (7136:7167)
  Slice (7168:7199)
  Slice (7168:7199)
  Slice (7168:7199)
  Slice (7168:7199)
  Slice (7168:7199)
  Slice (7168:7199)
  Slice (7168:7199)
  Slice (7168:7199)
  Slice (7200:7231)
  Slice (7200:7231)
  Slice (7200:7231)
  Slice (7200:7231)
  Slice (7200:7231)
  Slice (7200:7231)
  Slice (7200:7231)
  Slice (7200:7231)
  Slice (7232:7263)
  Slice (7232:7263)
  Slice (7232:7263)
  Slice (7232:7263)
  Slice (7232:7263)
  Slice (7232:7263)
  Slice (7232:7263)
  Slice (7232:7263)
  Slice (7264:7295)
  Slice (7264:7295)
  Slice (7264:7295)
  Slice (7264:7295)
  Slice (7264:7295)
  Slice (7264:7295)
  Slice (7264:7295)
  Slice (7264:7295)
  Slice (7296:7327)
  Slice (7296:7327)
  Slice (7296:7327)
  Slice (7296:7327)
  Slice (7296:7327)
  Slice (7296:7327)
  Slice (7296:7327)
  Slice (7296:7327)
  Slice (7328:7359)
  Slice (7328:7359)
  Slice (7328:7359)
  Slice (7328:7359)
  Slice (7328:7359)
  Slice (7328:7359)
  Slice (7328:7359)
  Slice (7328:7359)
  Slice (7360:7391)
  Slice (7360:7391)
  Slice (7360:7391)
  Slice (7360:7391)
  Slice (7360:7391)
  Slice (7360:7391)
  Slice (7360:7391)
  Slice (7360:7391)
  Slice (7392:7423)
  Slice (7392:7423)
  Slice (7392:7423)
  Slice (7392:7423)
  Slice (7392:7423)
  Slice (7392:7423)
  Slice (7392:7423)
  Slice (7392:7423)
  Slice (7424:7455)
  Slice (7424:7455)
  Slice (7424:7455)
  Slice (7424:7455)
  Slice (7424:7455)
  Slice (7424:7455)
  Slice (7424:7455)
  Slice (7424:7455)
  Slice (7456:7487)
  Slice (7456:7487)
  Slice (7456:7487)
  Slice (7456:7487)
  Slice (7456:7487)
  Slice (7456:7487)
  Slice (7456:7487)
  Slice (7456:7487)
  Slice (7488:7519)
  Slice (7488:7519)
  Slice (7488:7519)
  Slice (7488:7519)
  Slice (7488:7519)
  Slice (7488:7519)
  Slice (7488:7519)
  Slice (7488:7519)
  Slice (7520:7551)
  Slice (7520:7551)
  Slice (7520:7551)
  Slice (7520:7551)
  Slice (7520:7551)
  Slice (7520:7551)
  Slice (7520:7551)
  Slice (7520:7551)
  Slice (7552:7583)
  Slice (7552:7583)
  Slice (7552:7583)
  Slice (7552:7583)
  Slice (7552:7583)
  Slice (7552:7583)
  Slice (7552:7583)
  Slice (7552:7583)
  Slice (7584:7615)
  Slice (7584:7615)
  Slice (7584:7615)
  Slice (7584:7615)
  Slice (7584:7615)
  Slice (7584:7615)
  Slice (7584:7615)
  Slice (7584:7615)
  Slice (7616:7647)
  Slice (7616:7647)
  Slice (7616:7647)
  Slice (7616:7647)
  Slice (7616:7647)
  Slice (7616:7647)
  Slice (7616:7647)
  Slice (7616:7647)
  Slice (7648:7679)
  Slice (7648:7679)
  Slice (7648:7679)
  Slice (7648:7679)
  Slice (7648:7679)
  Slice (7648:7679)
  Slice (7648:7679)
  Slice (7648:7679)
  Slice (7680:7711)
  Slice (7680:7711)
  Slice (7680:7711)
  Slice (7680:7711)
  Slice (7680:7711)
  Slice (7680:7711)
  Slice (7680:7711)
  Slice (7680:7711)
  Slice (7712:7743)
  Slice (7712:7743)
  Slice (7712:7743)
  Slice (7712:7743)
  Slice (7712:7743)
  Slice (7712:7743)
  Slice (7712:7743)
  Slice (7712:7743)
  Slice (7744:7775)
  Slice (7744:7775)
  Slice (7744:7775)
  Slice (7744:7775)
  Slice (7744:7775)
  Slice (7744:7775)
  Slice (7744:7775)
  Slice (7744:7775)
  Slice (7776:7807)
  Slice (7776:7807)
  Slice (7776:7807)
  Slice (7776:7807)
  Slice (7776:7807)
  Slice (7776:7807)
  Slice (7776:7807)
  Slice (7776:7807)
  Slice (7808:7839)
  Slice (7808:7839)
  Slice (7808:7839)
  Slice (7808:7839)
  Slice (7808:7839)
  Slice (7808:7839)
  Slice (7808:7839)
  Slice (7808:7839)
  Slice (7840:7871)
  Slice (7840:7871)
  Slice (7840:7871)
  Slice (7840:7871)
  Slice (7840:7871)
  Slice (7840:7871)
  Slice (7840:7871)
  Slice (7840:7871)
  Slice (7872:7903)
  Slice (7872:7903)
  Slice (7872:7903)
  Slice (7872:7903)
  Slice (7872:7903)
  Slice (7872:7903)
  Slice (7872:7903)
  Slice (7872:7903)
  Slice (7904:7935)
  Slice (7904:7935)
  Slice (7904:7935)
  Slice (7904:7935)
  Slice (7904:7935)
  Slice (7904:7935)
  Slice (7904:7935)
  Slice (7904:7935)
  Slice (7936:7967)
  Slice (7936:7967)
  Slice (7936:7967)
  Slice (7936:7967)
  Slice (7936:7967)
  Slice (7936:7967)
  Slice (7936:7967)
  Slice (7936:7967)
  Slice (7968:7999)
  Slice (7968:7999)
  Slice (7968:7999)
  Slice (7968:7999)
  Slice (7968:7999)
  Slice (7968:7999)
  Slice (7968:7999)
  Slice (7968:7999)
  Slice (8000:8031)
  Slice (8000:8031)
  Slice (8000:8031)
  Slice (8000:8031)
  Slice (8000:8031)
  Slice (8000:8031)
  Slice (8000:8031)
  Slice (8000:8031)
  Slice (8032:8063)
  Slice (8032:8063)
  Slice (8032:8063)
  Slice (8032:8063)
  Slice (8032:8063)
  Slice (8032:8063)
  Slice (8032:8063)
  Slice (8032:8063)
  Slice (8064:8095)
  Slice (8064:8095)
  Slice (8064:8095)
  Slice (8064:8095)
  Slice (8064:8095)
  Slice (8064:8095)
  Slice (8064:8095)
  Slice (8064:8095)
  Slice (8096:8127)
  Slice (8096:8127)
  Slice (8096:8127)
  Slice (8096:8127)
  Slice (8096:8127)
  Slice (8096:8127)
  Slice (8096:8127)
  Slice (8096:8127)
  Slice (8128:8159)
  Slice (8128:8159)
  Slice (8128:8159)
  Slice (8128:8159)
  Slice (8128:8159)
  Slice (8128:8159)
  Slice (8128:8159)
  Slice (8128:8159)
  Slice (8160:8191)
  Slice (8160:8191)
  Slice (8160:8191)
  Slice (8160:8191)
  Slice (8160:8191)
  Slice (8160:8191)
  Slice (8160:8191)
  Slice (8160:8191)
  Slice (8192:8223)
  Slice (8192:8223)
  Slice (8192:8223)
  Slice (8192:8223)
  Slice (8192:8223)
  Slice (8192:8223)
  Slice (8192:8223)
  Slice (8192:8223)
  Slice (8224:8255)
  Slice (8224:8255)
  Slice (8224:8255)
  Slice (8224:8255)
  Slice (8224:8255)
  Slice (8224:8255)
  Slice (8224:8255)
  Slice (8224:8255)
  Slice (8256:8287)
  Slice (8256:8287)
  Slice (8256:8287)
  Slice (8256:8287)
  Slice (8256:8287)
  Slice (8256:8287)
  Slice (8256:8287)
  Slice (8256:8287)
  Slice (8288:8319)
  Slice (8288:8319)
  Slice (8288:8319)
  Slice (8288:8319)
  Slice (8288:8319)
  Slice (8288:8319)
  Slice (8288:8319)
  Slice (8288:8319)
  Slice (8320:8351)
  Slice (8320:8351)
  Slice (8320:8351)
  Slice (8320:8351)
  Slice (8320:8351)
  Slice (8320:8351)
  Slice (8320:8351)
  Slice (8320:8351)
  Slice (8352:8383)
  Slice (8352:8383)
  Slice (8352:8383)
  Slice (8352:8383)
  Slice (8352:8383)
  Slice (8352:8383)
  Slice (8352:8383)
  Slice (8352:8383)
  Slice (8384:8415)
  Slice (8384:8415)
  Slice (8384:8415)
  Slice (8384:8415)
  Slice (8384:8415)
  Slice (8384:8415)
  Slice (8384:8415)
  Slice (8384:8415)
  Slice (8416:8447)
  Slice (8416:8447)
  Slice (8416:8447)
  Slice (8416:8447)
  Slice (8416:8447)
  Slice (8416:8447)
  Slice (8416:8447)
  Slice (8416:8447)
  Slice (8448:8479)
  Slice (8448:8479)
  Slice (8448:8479)
  Slice (8448:8479)
  Slice (8448:8479)
  Slice (8448:8479)
  Slice (8448:8479)
  Slice (8448:8479)
  Slice (8480:8511)
  Slice (8480:8511)
  Slice (8480:8511)
  Slice (8480:8511)
  Slice (8480:8511)
  Slice (8480:8511)
  Slice (8480:8511)
  Slice (8480:8511)
  Slice (8512:8543)
  Slice (8512:8543)
  Slice (8512:8543)
  Slice (8512:8543)
  Slice (8512:8543)
  Slice (8512:8543)
  Slice (8512:8543)
  Slice (8512:8543)
  Slice (8544:8575)
  Slice (8544:8575)
  Slice (8544:8575)
  Slice (8544:8575)
  Slice (8544:8575)
  Slice (8544:8575)
  Slice (8544:8575)
  Slice (8544:8575)
  Slice (8576:8607)
  Slice (8576:8607)
  Slice (8576:8607)
  Slice (8576:8607)
  Slice (8576:8607)
  Slice (8576:8607)
  Slice (8576:8607)
  Slice (8576:8607)
  Slice (8608:8639)
  Slice (8608:8639)
  Slice (8608:8639)
  Slice (8608:8639)
  Slice (8608:8639)
  Slice (8608:8639)
  Slice (8608:8639)
  Slice (8608:8639)
  Slice (8640:8671)
  Slice (8640:8671)
  Slice (8640:8671)
  Slice (8640:8671)
  Slice (8640:8671)
  Slice (8640:8671)
  Slice (8640:8671)
  Slice (8640:8671)
  Slice (8672:8703)
  Slice (8672:8703)
  Slice (8672:8703)
  Slice (8672:8703)
  Slice (8672:8703)
  Slice (8672:8703)
  Slice (8672:8703)
  Slice (8672:8703)
  Slice (8704:8735)
  Slice (8704:8735)
  Slice (8704:8735)
  Slice (8704:8735)
  Slice (8704:8735)
  Slice (8704:8735)
  Slice (8704:8735)
  Slice (8704:8735)
  Slice (8736:8767)
  Slice (8736:8767)
  Slice (8736:8767)
  Slice (8736:8767)
  Slice (8736:8767)
  Slice (8736:8767)
  Slice (8736:8767)
  Slice (8736:8767)
  Slice (8768:8799)
  Slice (8768:8799)
  Slice (8768:8799)
  Slice (8768:8799)
  Slice (8768:8799)
  Slice (8768:8799)
  Slice (8768:8799)
  Slice (8768:8799)
  Slice (8800:8831)
  Slice (8800:8831)
  Slice (8800:8831)
  Slice (8800:8831)
  Slice (8800:8831)
  Slice (8800:8831)
  Slice (8800:8831)
  Slice (8800:8831)
  Slice (8832:8863)
  Slice (8832:8863)
  Slice (8832:8863)
  Slice (8832:8863)
  Slice (8832:8863)
  Slice (8832:8863)
  Slice (8832:8863)
  Slice (8832:8863)
  Slice (8864:8895)
  Slice (8864:8895)
  Slice (8864:8895)
  Slice (8864:8895)
  Slice (8864:8895)
  Slice (8864:8895)
  Slice (8864:8895)
  Slice (8864:8895)
  Slice (8896:8927)
  Slice (8896:8927)
  Slice (8896:8927)
  Slice (8896:8927)
  Slice (8896:8927)
  Slice (8896:8927)
  Slice (8896:8927)
  Slice (8896:8927)
  Slice (8928:8959)
  Slice (8928:8959)
  Slice (8928:8959)
  Slice (8928:8959)
  Slice (8928:8959)
  Slice (8928:8959)
  Slice (8928:8959)
  Slice (8928:8959)
  Slice (8960:8991)
  Slice (8960:8991)
  Slice (8960:8991)
  Slice (8960:8991)
  Slice (8960:8991)
  Slice (8960:8991)
  Slice (8960:8991)
  Slice (8960:8991)
  Slice (8992:9023)
  Slice (8992:9023)
  Slice (8992:9023)
  Slice (8992:9023)
  Slice (8992:9023)
  Slice (8992:9023)
  Slice (8992:9023)
  Slice (8992:9023)
  Slice (9024:9055)
  Slice (9024:9055)
  Slice (9024:9055)
  Slice (9024:9055)
  Slice (9024:9055)
  Slice (9024:9055)
  Slice (9024:9055)
  Slice (9024:9055)
  Slice (9056:9087)
  Slice (9056:9087)
  Slice (9056:9087)
  Slice (9056:9087)
  Slice (9056:9087)
  Slice (9056:9087)
  Slice (9056:9087)
  Slice (9056:9087)
  Slice (9088:9119)
  Slice (9088:9119)
  Slice (9088:9119)
  Slice (9088:9119)
  Slice (9088:9119)
  Slice (9088:9119)
  Slice (9088:9119)
  Slice (9088:9119)
  Slice (9120:9151)
  Slice (9120:9151)
  Slice (9120:9151)
  Slice (9120:9151)
  Slice (9120:9151)
  Slice (9120:9151)
  Slice (9120:9151)
  Slice (9120:9151)
  Slice (9152:9183)
  Slice (9152:9183)
  Slice (9152:9183)
  Slice (9152:9183)
  Slice (9152:9183)
  Slice (9152:9183)
  Slice (9152:9183)
  Slice (9152:9183)
  Slice (9184:9215)
  Slice (9184:9215)
  Slice (9184:9215)
  Slice (9184:9215)
  Slice (9184:9215)
  Slice (9184:9215)
  Slice (9184:9215)
  Slice (9184:9215)
  Slice (9216:9247)
  Slice (9216:9247)
  Slice (9216:9247)
  Slice (9216:9247)
  Slice (9216:9247)
  Slice (9216:9247)
  Slice (9216:9247)
  Slice (9216:9247)
  Slice (9248:9279)
  Slice (9248:9279)
  Slice (9248:9279)
  Slice (9248:9279)
  Slice (9248:9279)
  Slice (9248:9279)
  Slice (9248:9279)
  Slice (9248:9279)
  Slice (9280:9311)
  Slice (9280:9311)
  Slice (9280:9311)
  Slice (9280:9311)
  Slice (9280:9311)
  Slice (9280:9311)
  Slice (9280:9311)
  Slice (9280:9311)
  Slice (9312:9343)
  Slice (9312:9343)
  Slice (9312:9343)
  Slice (9312:9343)
  Slice (9312:9343)
  Slice (9312:9343)
  Slice (9312:9343)
  Slice (9312:9343)
  Slice (9344:9375)
  Slice (9344:9375)
  Slice (9344:9375)
  Slice (9344:9375)
  Slice (9344:9375)
  Slice (9344:9375)
  Slice (9344:9375)
  Slice (9344:9375)
  Slice (9376:9407)
  Slice (9376:9407)
  Slice (9376:9407)
  Slice (9376:9407)
  Slice (9376:9407)
  Slice (9376:9407)
  Slice (9376:9407)
  Slice (9376:9407)
  Slice (9408:9439)
  Slice (9408:9439)
  Slice (9408:9439)
  Slice (9408:9439)
  Slice (9408:9439)
  Slice (9408:9439)
  Slice (9408:9439)
  Slice (9408:9439)
  Slice (9440:9471)
  Slice (9440:9471)
  Slice (9440:9471)
  Slice (9440:9471)
  Slice (9440:9471)
  Slice (9440:9471)
  Slice (9440:9471)
  Slice (9440:9471)
  Slice (9472:9503)
  Slice (9472:9503)
  Slice (9472:9503)
  Slice (9472:9503)
  Slice (9472:9503)
  Slice (9472:9503)
  Slice (9472:9503)
  Slice (9472:9503)
  Slice (9504:9535)
  Slice (9504:9535)
  Slice (9504:9535)
  Slice (9504:9535)
  Slice (9504:9535)
  Slice (9504:9535)
  Slice (9504:9535)
  Slice (9504:9535)
  Slice (9536:9567)
  Slice (9536:9567)
  Slice (9536:9567)
  Slice (9536:9567)
  Slice (9536:9567)
  Slice (9536:9567)
  Slice (9536:9567)
  Slice (9536:9567)
  Slice (9568:9599)
  Slice (9568:9599)
  Slice (9568:9599)
  Slice (9568:9599)
  Slice (9568:9599)
  Slice (9568:9599)
  Slice (9568:9599)
  Slice (9568:9599)
  Slice (9600:9631)
  Slice (9600:9631)
  Slice (9600:9631)
  Slice (9600:9631)
  Slice (9600:9631)
  Slice (9600:9631)
  Slice (9600:9631)
  Slice (9600:9631)
  Slice (9632:9663)
  Slice (9632:9663)
  Slice (9632:9663)
  Slice (9632:9663)
  Slice (9632:9663)
  Slice (9632:9663)
  Slice (9632:9663)
  Slice (9632:9663)
  Slice (9664:9695)
  Slice (9664:9695)
  Slice (9664:9695)
  Slice (9664:9695)
  Slice (9664:9695)
  Slice (9664:9695)
  Slice (9664:9695)
  Slice (9664:9695)
  Slice (9696:9727)
  Slice (9696:9727)
  Slice (9696:9727)
  Slice (9696:9727)
  Slice (9696:9727)
  Slice (9696:9727)
  Slice (9696:9727)
  Slice (9696:9727)
  Slice (9728:9759)
  Slice (9728:9759)
  Slice (9728:9759)
  Slice (9728:9759)
  Slice (9728:9759)
  Slice (9728:9759)
  Slice (9728:9759)
  Slice (9728:9759)
  Slice (9760:9791)
  Slice (9760:9791)
  Slice (9760:9791)
  Slice (9760:9791)
  Slice (9760:9791)
  Slice (9760:9791)
  Slice (9760:9791)
  Slice (9760:9791)
  Slice (9792:9823)
  Slice (9792:9823)
  Slice (9792:9823)
  Slice (9792:9823)
  Slice (9792:9823)
  Slice (9792:9823)
  Slice (9792:9823)
  Slice (9792:9823)
  Slice (9824:9855)
  Slice (9824:9855)
  Slice (9824:9855)
  Slice (9824:9855)
  Slice (9824:9855)
  Slice (9824:9855)
  Slice (9824:9855)
  Slice (9824:9855)
  Slice (9856:9887)
  Slice (9856:9887)
  Slice (9856:9887)
  Slice (9856:9887)
  Slice (9856:9887)
  Slice (9856:9887)
  Slice (9856:9887)
  Slice (9856:9887)
  Slice (9888:9919)
  Slice (9888:9919)
  Slice (9888:9919)
  Slice (9888:9919)
  Slice (9888:9919)
  Slice (9888:9919)
  Slice (9888:9919)
  Slice (9888:9919)
  Slice (9920:9951)
  Slice (9920:9951)
  Slice (9920:9951)
  Slice (9920:9951)
  Slice (9920:9951)
  Slice (9920:9951)
  Slice (9920:9951)
  Slice (9920:9951)
  Slice (9952:9983)
  Slice (9952:9983)
  Slice (9952:9983)
  Slice (9952:9983)
  Slice (9952:9983)
  Slice (9952:9983)
  Slice (9952:9983)
  Slice (9952:9983)
  Slice (9984:10015)
  Slice (9984:10015)
  Slice (9984:10015)
  Slice (9984:10015)
  Slice (9984:10015)
  Slice (9984:10015)
  Slice (9984:10015)
  Slice (9984:10015)
  Slice (10016:10047)
  Slice (10016:10047)
  Slice (10016:10047)
  Slice (10016:10047)
  Slice (10016:10047)
  Slice (10016:10047)
  Slice (10016:10047)
  Slice (10016:10047)
  Slice (10048:10079)
  Slice (10048:10079)
  Slice (10048:10079)
  Slice (10048:10079)
  Slice (10048:10079)
  Slice (10048:10079)
  Slice (10048:10079)
  Slice (10048:10079)
  Slice (10080:10111)
  Slice (10080:10111)
  Slice (10080:10111)
  Slice (10080:10111)
  Slice (10080:10111)
  Slice (10080:10111)
  Slice (10080:10111)
  Slice (10080:10111)
  Slice (10112:10143)
  Slice (10112:10143)
  Slice (10112:10143)
  Slice (10112:10143)
  Slice (10112:10143)
  Slice (10112:10143)
  Slice (10112:10143)
  Slice (10112:10143)
  Slice (10144:10175)
  Slice (10144:10175)
  Slice (10144:10175)
  Slice (10144:10175)
  Slice (10144:10175)
  Slice (10144:10175)
  Slice (10144:10175)
  Slice (10144:10175)
  Slice (10176:10207)
  Slice (10176:10207)
  Slice (10176:10207)
  Slice (10176:10207)
  Slice (10176:10207)
  Slice (10176:10207)
  Slice (10176:10207)
  Slice (10176:10207)
  Slice (10208:10239)
  Slice (10208:10239)
  Slice (10208:10239)
  Slice (10208:10239)
  Slice (10208:10239)
  Slice (10208:10239)
  Slice (10208:10239)
  Slice (10208:10239)
  Slice (10240:10271)
  Slice (10240:10271)
  Slice (10240:10271)
  Slice (10240:10271)
  Slice (10240:10271)
  Slice (10240:10271)
  Slice (10240:10271)
  Slice (10240:10271)
  Slice (10272:10303)
  Slice (10272:10303)
  Slice (10272:10303)
  Slice (10272:10303)
  Slice (10272:10303)
  Slice (10272:10303)
  Slice (10272:10303)
  Slice (10272:10303)
  Slice (10304:10335)
  Slice (10304:10335)
  Slice (10304:10335)
  Slice (10304:10335)
  Slice (10304:10335)
  Slice (10304:10335)
  Slice (10304:10335)
  Slice (10304:10335)
  Slice (10336:10367)
  Slice (10336:10367)
  Slice (10336:10367)
  Slice (10336:10367)
  Slice (10336:10367)
  Slice (10336:10367)
  Slice (10336:10367)
  Slice (10336:10367)
  Slice (10368:10399)
  Slice (10368:10399)
  Slice (10368:10399)
  Slice (10368:10399)
  Slice (10368:10399)
  Slice (10368:10399)
  Slice (10368:10399)
  Slice (10368:10399)
  Slice (10400:10431)
  Slice (10400:10431)
  Slice (10400:10431)
  Slice (10400:10431)
  Slice (10400:10431)
  Slice (10400:10431)
  Slice (10400:10431)
  Slice (10400:10431)
  Slice (10432:10463)
  Slice (10432:10463)
  Slice (10432:10463)
  Slice (10432:10463)
  Slice (10432:10463)
  Slice (10432:10463)
  Slice (10432:10463)
  Slice (10432:10463)
  Slice (10464:10495)
  Slice (10464:10495)
  Slice (10464:10495)
  Slice (10464:10495)
  Slice (10464:10495)
  Slice (10464:10495)
  Slice (10464:10495)
  Slice (10464:10495)
  Slice (10496:10527)
  Slice (10496:10527)
  Slice (10496:10527)
  Slice (10496:10527)
  Slice (10496:10527)
  Slice (10496:10527)
  Slice (10496:10527)
  Slice (10496:10527)
  Slice (10528:10559)
  Slice (10528:10559)
  Slice (10528:10559)
  Slice (10528:10559)
  Slice (10528:10559)
  Slice (10528:10559)
  Slice (10528:10559)
  Slice (10528:10559)
  Slice (10560:10591)
  Slice (10560:10591)
  Slice (10560:10591)
  Slice (10560:10591)
  Slice (10560:10591)
  Slice (10560:10591)
  Slice (10560:10591)
  Slice (10560:10591)
  Slice (10592:10623)
  Slice (10592:10623)
  Slice (10592:10623)
  Slice (10592:10623)
  Slice (10592:10623)
  Slice (10592:10623)
  Slice (10592:10623)
  Slice (10592:10623)
  Slice (10624:10655)
  Slice (10624:10655)
  Slice (10624:10655)
  Slice (10624:10655)
  Slice (10624:10655)
  Slice (10624:10655)
  Slice (10624:10655)
  Slice (10624:10655)
  Slice (10656:10687)
  Slice (10656:10687)
  Slice (10656:10687)
  Slice (10656:10687)
  Slice (10656:10687)
  Slice (10656:10687)
  Slice (10656:10687)
  Slice (10656:10687)
  Slice (10688:10719)
  Slice (10688:10719)
  Slice (10688:10719)
  Slice (10688:10719)
  Slice (10688:10719)
  Slice (10688:10719)
  Slice (10688:10719)
  Slice (10688:10719)
  Slice (10720:10751)
  Slice (10720:10751)
  Slice (10720:10751)
  Slice (10720:10751)
  Slice (10720:10751)
  Slice (10720:10751)
  Slice (10720:10751)
  Slice (10720:10751)
  Slice (10752:10783)
  Slice (10752:10783)
  Slice (10752:10783)
  Slice (10752:10783)
  Slice (10752:10783)
  Slice (10752:10783)
  Slice (10752:10783)
  Slice (10752:10783)
  Slice (10784:10815)
  Slice (10784:10815)
  Slice (10784:10815)
  Slice (10784:10815)
  Slice (10784:10815)
  Slice (10784:10815)
  Slice (10784:10815)
  Slice (10784:10815)
  Slice (10816:10847)
  Slice (10816:10847)
  Slice (10816:10847)
  Slice (10816:10847)
  Slice (10816:10847)
  Slice (10816:10847)
  Slice (10816:10847)
  Slice (10816:10847)
  Slice (10848:10879)
  Slice (10848:10879)
  Slice (10848:10879)
  Slice (10848:10879)
  Slice (10848:10879)
  Slice (10848:10879)
  Slice (10848:10879)
  Slice (10848:10879)
  Slice (10880:10911)
  Slice (10880:10911)
  Slice (10880:10911)
  Slice (10880:10911)
  Slice (10880:10911)
  Slice (10880:10911)
  Slice (10880:10911)
  Slice (10880:10911)
  Slice (10912:10943)
  Slice (10912:10943)
  Slice (10912:10943)
  Slice (10912:10943)
  Slice (10912:10943)
  Slice (10912:10943)
  Slice (10912:10943)
  Slice (10912:10943)
  Slice (10944:10975)
  Slice (10944:10975)
  Slice (10944:10975)
  Slice (10944:10975)
  Slice (10944:10975)
  Slice (10944:10975)
  Slice (10944:10975)
  Slice (10944:10975)
  Slice (10976:11007)
  Slice (10976:11007)
  Slice (10976:11007)
  Slice (10976:11007)
  Slice (10976:11007)
  Slice (10976:11007)
  Slice (10976:11007)
  Slice (10976:11007)
  Slice (11008:11039)
  Slice (11008:11039)
  Slice (11008:11039)
  Slice (11008:11039)
  Slice (11008:11039)
  Slice (11008:11039)
  Slice (11008:11039)
  Slice (11008:11039)
  Slice (11040:11071)
  Slice (11040:11071)
  Slice (11040:11071)
  Slice (11040:11071)
  Slice (11040:11071)
  Slice (11040:11071)
  Slice (11040:11071)
  Slice (11040:11071)
  Slice (11072:11103)
  Slice (11072:11103)
  Slice (11072:11103)
  Slice (11072:11103)
  Slice (11072:11103)
  Slice (11072:11103)
  Slice (11072:11103)
  Slice (11072:11103)
  Slice (11104:11135)
  Slice (11104:11135)
  Slice (11104:11135)
  Slice (11104:11135)
  Slice (11104:11135)
  Slice (11104:11135)
  Slice (11104:11135)
  Slice (11104:11135)
  Slice (11136:11167)
  Slice (11136:11167)
  Slice (11136:11167)
  Slice (11136:11167)
  Slice (11136:11167)
  Slice (11136:11167)
  Slice (11136:11167)
  Slice (11136:11167)
  Slice (11168:11199)
  Slice (11168:11199)
  Slice (11168:11199)
  Slice (11168:11199)
  Slice (11168:11199)
  Slice (11168:11199)
  Slice (11168:11199)
  Slice (11168:11199)
  Slice (11200:11231)
  Slice (11200:11231)
  Slice (11200:11231)
  Slice (11200:11231)
  Slice (11200:11231)
  Slice (11200:11231)
  Slice (11200:11231)
  Slice (11200:11231)
  Slice (11232:11263)
  Slice (11232:11263)
  Slice (11232:11263)
  Slice (11232:11263)
  Slice (11232:11263)
  Slice (11232:11263)
  Slice (11232:11263)
  Slice (11232:11263)
  Slice (11264:11295)
  Slice (11264:11295)
  Slice (11264:11295)
  Slice (11264:11295)
  Slice (11264:11295)
  Slice (11264:11295)
  Slice (11264:11295)
  Slice (11264:11295)
  Slice (11296:11327)
  Slice (11296:11327)
  Slice (11296:11327)
  Slice (11296:11327)
  Slice (11296:11327)
  Slice (11296:11327)
  Slice (11296:11327)
  Slice (11296:11327)
  Slice (11328:11359)
  Slice (11328:11359)
  Slice (11328:11359)
  Slice (11328:11359)
  Slice (11328:11359)
  Slice (11328:11359)
  Slice (11328:11359)
  Slice (11328:11359)
  Slice (11360:11391)
  Slice (11360:11391)
  Slice (11360:11391)
  Slice (11360:11391)
  Slice (11360:11391)
  Slice (11360:11391)
  Slice (11360:11391)
  Slice (11360:11391)
  Slice (11392:11423)
  Slice (11392:11423)
  Slice (11392:11423)
  Slice (11392:11423)
  Slice (11392:11423)
  Slice (11392:11423)
  Slice (11392:11423)
  Slice (11392:11423)
  Slice (11424:11455)
  Slice (11424:11455)
  Slice (11424:11455)
  Slice (11424:11455)
  Slice (11424:11455)
  Slice (11424:11455)
  Slice (11424:11455)
  Slice (11424:11455)
  Slice (11456:11487)
  Slice (11456:11487)
  Slice (11456:11487)
  Slice (11456:11487)
  Slice (11456:11487)
  Slice (11456:11487)
  Slice (11456:11487)
  Slice (11456:11487)
  Slice (11488:11519)
  Slice (11488:11519)
  Slice (11488:11519)
  Slice (11488:11519)
  Slice (11488:11519)
  Slice (11488:11519)
  Slice (11488:11519)
  Slice (11488:11519)
  Slice (11520:11551)
  Slice (11520:11551)
  Slice (11520:11551)
  Slice (11520:11551)
  Slice (11520:11551)
  Slice (11520:11551)
  Slice (11520:11551)
  Slice (11520:11551)
  Slice (11552:11583)
  Slice (11552:11583)
  Slice (11552:11583)
  Slice (11552:11583)
  Slice (11552:11583)
  Slice (11552:11583)
  Slice (11552:11583)
  Slice (11552:11583)
  Slice (11584:11615)
  Slice (11584:11615)
  Slice (11584:11615)
  Slice (11584:11615)
  Slice (11584:11615)
  Slice (11584:11615)
  Slice (11584:11615)
  Slice (11584:11615)
  Slice (11616:11647)
  Slice (11616:11647)
  Slice (11616:11647)
  Slice (11616:11647)
  Slice (11616:11647)
  Slice (11616:11647)
  Slice (11616:11647)
  Slice (11616:11647)
  Slice (11648:11679)
  Slice (11648:11679)
  Slice (11648:11679)
  Slice (11648:11679)
  Slice (11648:11679)
  Slice (11648:11679)
  Slice (11648:11679)
  Slice (11648:11679)
  Slice (11680:11711)
  Slice (11680:11711)
  Slice (11680:11711)
  Slice (11680:11711)
  Slice (11680:11711)
  Slice (11680:11711)
  Slice (11680:11711)
  Slice (11680:11711)
  Slice (11712:11743)
  Slice (11712:11743)
  Slice (11712:11743)
  Slice (11712:11743)
  Slice (11712:11743)
  Slice (11712:11743)
  Slice (11712:11743)
  Slice (11712:11743)
  Slice (11744:11775)
  Slice (11744:11775)
  Slice (11744:11775)
  Slice (11744:11775)
  Slice (11744:11775)
  Slice (11744:11775)
  Slice (11744:11775)
  Slice (11744:11775)
  Slice (11776:11807)
  Slice (11776:11807)
  Slice (11776:11807)
  Slice (11776:11807)
  Slice (11776:11807)
  Slice (11776:11807)
  Slice (11776:11807)
  Slice (11776:11807)
  Slice (11808:11839)
  Slice (11808:11839)
  Slice (11808:11839)
  Slice (11808:11839)
  Slice (11808:11839)
  Slice (11808:11839)
  Slice (11808:11839)
  Slice (11808:11839)
  Slice (11840:11871)
  Slice (11840:11871)
  Slice (11840:11871)
  Slice (11840:11871)
  Slice (11840:11871)
  Slice (11840:11871)
  Slice (11840:11871)
  Slice (11840:11871)
  Slice (11872:11903)
  Slice (11872:11903)
  Slice (11872:11903)
  Slice (11872:11903)
  Slice (11872:11903)
  Slice (11872:11903)
  Slice (11872:11903)
  Slice (11872:11903)
  Slice (11904:11935)
  Slice (11904:11935)
  Slice (11904:11935)
  Slice (11904:11935)
  Slice (11904:11935)
  Slice (11904:11935)
  Slice (11904:11935)
  Slice (11904:11935)
  Slice (11936:11967)
  Slice (11936:11967)
  Slice (11936:11967)
  Slice (11936:11967)
  Slice (11936:11967)
  Slice (11936:11967)
  Slice (11936:11967)
  Slice (11936:11967)
  Slice (11968:11999)
  Slice (11968:11999)
  Slice (11968:11999)
  Slice (11968:11999)
  Slice (11968:11999)
  Slice (11968:11999)
  Slice (11968:11999)
  Slice (11968:11999)
  Slice (12000:12031)
  Slice (12000:12031)
  Slice (12000:12031)
  Slice (12000:12031)
  Slice (12000:12031)
  Slice (12000:12031)
  Slice (12000:12031)
  Slice (12000:12031)
  Slice (12032:12063)
  Slice (12032:12063)
  Slice (12032:12063)
  Slice (12032:12063)
  Slice (12032:12063)
  Slice (12032:12063)
  Slice (12032:12063)
  Slice (12032:12063)
  Slice (12064:12095)
  Slice (12064:12095)
  Slice (12064:12095)
  Slice (12064:12095)
  Slice (12064:12095)
  Slice (12064:12095)
  Slice (12064:12095)
  Slice (12064:12095)
  Slice (12096:12127)
  Slice (12096:12127)
  Slice (12096:12127)
  Slice (12096:12127)
  Slice (12096:12127)
  Slice (12096:12127)
  Slice (12096:12127)
  Slice (12096:12127)
  Slice (12128:12159)
  Slice (12128:12159)
  Slice (12128:12159)
  Slice (12128:12159)
  Slice (12128:12159)
  Slice (12128:12159)
  Slice (12128:12159)
  Slice (12128:12159)
  Slice (12160:12191)
  Slice (12160:12191)
  Slice (12160:12191)
  Slice (12160:12191)
  Slice (12160:12191)
  Slice (12160:12191)
  Slice (12160:12191)
  Slice (12160:12191)
  Slice (12192:12223)
  Slice (12192:12223)
  Slice (12192:12223)
  Slice (12192:12223)
  Slice (12192:12223)
  Slice (12192:12223)
  Slice (12192:12223)
  Slice (12192:12223)
  Slice (12224:12255)
  Slice (12224:12255)
  Slice (12224:12255)
  Slice (12224:12255)
  Slice (12224:12255)
  Slice (12224:12255)
  Slice (12224:12255)
  Slice (12224:12255)
  Slice (12256:12287)
  Slice (12256:12287)
  Slice (12256:12287)
  Slice (12256:12287)
  Slice (12256:12287)
  Slice (12256:12287)
  Slice (12256:12287)
  Slice (12256:12287)
  Slice (12288:12319)
  Slice (12288:12319)
  Slice (12288:12319)
  Slice (12288:12319)
  Slice (12288:12319)
  Slice (12288:12319)
  Slice (12288:12319)
  Slice (12288:12319)
  Slice (12320:12351)
  Slice (12320:12351)
  Slice (12320:12351)
  Slice (12320:12351)
  Slice (12320:12351)
  Slice (12320:12351)
  Slice (12320:12351)
  Slice (12320:12351)
  Slice (12352:12383)
  Slice (12352:12383)
  Slice (12352:12383)
  Slice (12352:12383)
  Slice (12352:12383)
  Slice (12352:12383)
  Slice (12352:12383)
  Slice (12352:12383)
  Slice (12384:12415)
  Slice (12384:12415)
  Slice (12384:12415)
  Slice (12384:12415)
  Slice (12384:12415)
  Slice (12384:12415)
  Slice (12384:12415)
  Slice (12384:12415)
  Slice (12416:12447)
  Slice (12416:12447)
  Slice (12416:12447)
  Slice (12416:12447)
  Slice (12416:12447)
  Slice (12416:12447)
  Slice (12416:12447)
  Slice (12416:12447)
  Slice (12448:12479)
  Slice (12448:12479)
  Slice (12448:12479)
  Slice (12448:12479)
  Slice (12448:12479)
  Slice (12448:12479)
  Slice (12448:12479)
  Slice (12448:12479)
  Slice (12480:12511)
  Slice (12480:12511)
  Slice (12480:12511)
  Slice (12480:12511)
  Slice (12480:12511)
  Slice (12480:12511)
  Slice (12480:12511)
  Slice (12480:12511)
  Slice (12512:12543)
  Slice (12512:12543)
  Slice (12512:12543)
  Slice (12512:12543)
  Slice (12512:12543)
  Slice (12512:12543)
  Slice (12512:12543)
  Slice (12512:12543)
  Slice (12544:12575)
  Slice (12544:12575)
  Slice (12544:12575)
  Slice (12544:12575)
  Slice (12544:12575)
  Slice (12544:12575)
  Slice (12544:12575)
  Slice (12544:12575)
  Slice (12576:12607)
  Slice (12576:12607)
  Slice (12576:12607)
  Slice (12576:12607)
  Slice (12576:12607)
  Slice (12576:12607)
  Slice (12576:12607)
  Slice (12576:12607)
  Slice (12608:12639)
  Slice (12608:12639)
  Slice (12608:12639)
  Slice (12608:12639)
  Slice (12608:12639)
  Slice (12608:12639)
  Slice (12608:12639)
  Slice (12608:12639)
  Slice (12640:12671)
  Slice (12640:12671)
  Slice (12640:12671)
  Slice (12640:12671)
  Slice (12640:12671)
  Slice (12640:12671)
  Slice (12640:12671)
  Slice (12640:12671)
  Slice (12672:12703)
  Slice (12672:12703)
  Slice (12672:12703)
  Slice (12672:12703)
  Slice (12672:12703)
  Slice (12672:12703)
  Slice (12672:12703)
  Slice (12672:12703)
  Slice (12704:12735)
  Slice (12704:12735)
  Slice (12704:12735)
  Slice (12704:12735)
  Slice (12704:12735)
  Slice (12704:12735)
  Slice (12704:12735)
  Slice (12704:12735)
  Slice (12736:12767)
  Slice (12736:12767)
  Slice (12736:12767)
  Slice (12736:12767)
  Slice (12736:12767)
  Slice (12736:12767)
  Slice (12736:12767)
  Slice (12736:12767)
  Slice (12768:12799)
  Slice (12768:12799)
  Slice (12768:12799)
  Slice (12768:12799)
  Slice (12768:12799)
  Slice (12768:12799)
  Slice (12768:12799)
  Slice (12768:12799)
  Slice (12800:12831)
  Slice (12800:12831)
  Slice (12800:12831)
  Slice (12800:12831)
  Slice (12800:12831)
  Slice (12800:12831)
  Slice (12800:12831)
  Slice (12800:12831)
  Slice (12832:12863)
  Slice (12832:12863)
  Slice (12832:12863)
  Slice (12832:12863)
  Slice (12832:12863)
  Slice (12832:12863)
  Slice (12832:12863)
  Slice (12832:12863)
  Slice (12864:12895)
  Slice (12864:12895)
  Slice (12864:12895)
  Slice (12864:12895)
  Slice (12864:12895)
  Slice (12864:12895)
  Slice (12864:12895)
  Slice (12864:12895)
  Slice (12896:12927)
  Slice (12896:12927)
  Slice (12896:12927)
  Slice (12896:12927)
  Slice (12896:12927)
  Slice (12896:12927)
  Slice (12896:12927)
  Slice (12896:12927)
  Slice (12928:12959)
  Slice (12928:12959)
  Slice (12928:12959)
  Slice (12928:12959)
  Slice (12928:12959)
  Slice (12928:12959)
  Slice (12928:12959)
  Slice (12928:12959)
  Slice (12960:12991)
  Slice (12960:12991)
  Slice (12960:12991)
  Slice (12960:12991)
  Slice (12960:12991)
  Slice (12960:12991)
  Slice (12960:12991)
  Slice (12960:12991)
  Slice (12992:13023)
  Slice (12992:13023)
  Slice (12992:13023)
  Slice (12992:13023)
  Slice (12992:13023)
  Slice (12992:13023)
  Slice (12992:13023)
  Slice (12992:13023)
  Slice (13024:13055)
  Slice (13024:13055)
  Slice (13024:13055)
  Slice (13024:13055)
  Slice (13024:13055)
  Slice (13024:13055)
  Slice (13024:13055)
  Slice (13024:13055)
  Slice (13056:13087)
  Slice (13056:13087)
  Slice (13056:13087)
  Slice (13056:13087)
  Slice (13056:13087)
  Slice (13056:13087)
  Slice (13056:13087)
  Slice (13056:13087)
  Slice (13088:13119)
  Slice (13088:13119)
  Slice (13088:13119)
  Slice (13088:13119)
  Slice (13088:13119)
  Slice (13088:13119)
  Slice (13088:13119)
  Slice (13088:13119)
  Slice (13120:13151)
  Slice (13120:13151)
  Slice (13120:13151)
  Slice (13120:13151)
  Slice (13120:13151)
  Slice (13120:13151)
  Slice (13120:13151)
  Slice (13120:13151)
  Slice (13152:13183)
  Slice (13152:13183)
  Slice (13152:13183)
  Slice (13152:13183)
  Slice (13152:13183)
  Slice (13152:13183)
  Slice (13152:13183)
  Slice (13152:13183)
  Slice (13184:13215)
  Slice (13184:13215)
  Slice (13184:13215)
  Slice (13184:13215)
  Slice (13184:13215)
  Slice (13184:13215)
  Slice (13184:13215)
  Slice (13184:13215)
  Slice (13216:13247)
  Slice (13216:13247)
  Slice (13216:13247)
  Slice (13216:13247)
  Slice (13216:13247)
  Slice (13216:13247)
  Slice (13216:13247)
  Slice (13216:13247)
  Slice (13248:13279)
  Slice (13248:13279)
  Slice (13248:13279)
  Slice (13248:13279)
  Slice (13248:13279)
  Slice (13248:13279)
  Slice (13248:13279)
  Slice (13248:13279)
  Slice (13280:13311)
  Slice (13280:13311)
  Slice (13280:13311)
  Slice (13280:13311)
  Slice (13280:13311)
  Slice (13280:13311)
  Slice (13280:13311)
  Slice (13280:13311)
  Slice (13312:13343)
  Slice (13312:13343)
  Slice (13312:13343)
  Slice (13312:13343)
  Slice (13312:13343)
  Slice (13312:13343)
  Slice (13312:13343)
  Slice (13312:13343)
  Slice (13344:13375)
  Slice (13344:13375)
  Slice (13344:13375)
  Slice (13344:13375)
  Slice (13344:13375)
  Slice (13344:13375)
  Slice (13344:13375)
  Slice (13344:13375)
  Slice (13376:13407)
  Slice (13376:13407)
  Slice (13376:13407)
  Slice (13376:13407)
  Slice (13376:13407)
  Slice (13376:13407)
  Slice (13376:13407)
  Slice (13376:13407)
  Slice (13408:13439)
  Slice (13408:13439)
  Slice (13408:13439)
  Slice (13408:13439)
  Slice (13408:13439)
  Slice (13408:13439)
  Slice (13408:13439)
  Slice (13408:13439)
  Slice (13440:13471)
  Slice (13440:13471)
  Slice (13440:13471)
  Slice (13440:13471)
  Slice (13440:13471)
  Slice (13440:13471)
  Slice (13440:13471)
  Slice (13440:13471)
  Slice (13472:13503)
  Slice (13472:13503)
  Slice (13472:13503)
  Slice (13472:13503)
  Slice (13472:13503)
  Slice (13472:13503)
  Slice (13472:13503)
  Slice (13472:13503)
  Slice (13504:13535)
  Slice (13504:13535)
  Slice (13504:13535)
  Slice (13504:13535)
  Slice (13504:13535)
  Slice (13504:13535)
  Slice (13504:13535)
  Slice (13504:13535)
  Slice (13536:13567)
  Slice (13536:13567)
  Slice (13536:13567)
  Slice (13536:13567)
  Slice (13536:13567)
  Slice (13536:13567)
  Slice (13536:13567)
  Slice (13536:13567)
  Slice (13568:13599)
  Slice (13568:13599)
  Slice (13568:13599)
  Slice (13568:13599)
  Slice (13568:13599)
  Slice (13568:13599)
  Slice (13568:13599)
  Slice (13568:13599)
  Slice (13600:13631)
  Slice (13600:13631)
  Slice (13600:13631)
  Slice (13600:13631)
  Slice (13600:13631)
  Slice (13600:13631)
  Slice (13600:13631)
  Slice (13600:13631)
  Slice (13632:13663)
  Slice (13632:13663)
  Slice (13632:13663)
  Slice (13632:13663)
  Slice (13632:13663)
  Slice (13632:13663)
  Slice (13632:13663)
  Slice (13632:13663)
  Slice (13664:13695)
  Slice (13664:13695)
  Slice (13664:13695)
  Slice (13664:13695)
  Slice (13664:13695)
  Slice (13664:13695)
  Slice (13664:13695)
  Slice (13664:13695)
  Slice (13696:13727)
  Slice (13696:13727)
  Slice (13696:13727)
  Slice (13696:13727)
  Slice (13696:13727)
  Slice (13696:13727)
  Slice (13696:13727)
  Slice (13696:13727)
  Slice (13728:13759)
  Slice (13728:13759)
  Slice (13728:13759)
  Slice (13728:13759)
  Slice (13728:13759)
  Slice (13728:13759)
  Slice (13728:13759)
  Slice (13728:13759)
  Slice (13760:13791)
  Slice (13760:13791)
  Slice (13760:13791)
  Slice (13760:13791)
  Slice (13760:13791)
  Slice (13760:13791)
  Slice (13760:13791)
  Slice (13760:13791)
  Slice (13792:13823)
  Slice (13792:13823)
  Slice (13792:13823)
  Slice (13792:13823)
  Slice (13792:13823)
  Slice (13792:13823)
  Slice (13792:13823)
  Slice (13792:13823)
  Slice (13824:13855)
  Slice (13824:13855)
  Slice (13824:13855)
  Slice (13824:13855)
  Slice (13824:13855)
  Slice (13824:13855)
  Slice (13824:13855)
  Slice (13824:13855)
  Slice (13856:13887)
  Slice (13856:13887)
  Slice (13856:13887)
  Slice (13856:13887)
  Slice (13856:13887)
  Slice (13856:13887)
  Slice (13856:13887)
  Slice (13856:13887)
  Slice (13888:13919)
  Slice (13888:13919)
  Slice (13888:13919)
  Slice (13888:13919)
  Slice (13888:13919)
  Slice (13888:13919)
  Slice (13888:13919)
  Slice (13888:13919)
  Slice (13920:13951)
  Slice (13920:13951)
  Slice (13920:13951)
  Slice (13920:13951)
  Slice (13920:13951)
  Slice (13920:13951)
  Slice (13920:13951)
  Slice (13920:13951)
  Slice (13952:13983)
  Slice (13952:13983)
  Slice (13952:13983)
  Slice (13952:13983)
  Slice (13952:13983)
  Slice (13952:13983)
  Slice (13952:13983)
  Slice (13952:13983)
  Slice (13984:14015)
  Slice (13984:14015)
  Slice (13984:14015)
  Slice (13984:14015)
  Slice (13984:14015)
  Slice (13984:14015)
  Slice (13984:14015)
  Slice (13984:14015)
  Slice (14016:14047)
  Slice (14016:14047)
  Slice (14016:14047)
  Slice (14016:14047)
  Slice (14016:14047)
  Slice (14016:14047)
  Slice (14016:14047)
  Slice (14016:14047)
  Slice (14048:14079)
  Slice (14048:14079)
  Slice (14048:14079)
  Slice (14048:14079)
  Slice (14048:14079)
  Slice (14048:14079)
  Slice (14048:14079)
  Slice (14048:14079)
  Slice (14080:14111)
  Slice (14080:14111)
  Slice (14080:14111)
  Slice (14080:14111)
  Slice (14080:14111)
  Slice (14080:14111)
  Slice (14080:14111)
  Slice (14080:14111)
  Slice (14112:14143)
  Slice (14112:14143)
  Slice (14112:14143)
  Slice (14112:14143)
  Slice (14112:14143)
  Slice (14112:14143)
  Slice (14112:14143)
  Slice (14112:14143)
  Slice (14144:14175)
  Slice (14144:14175)
  Slice (14144:14175)
  Slice (14144:14175)
  Slice (14144:14175)
  Slice (14144:14175)
  Slice (14144:14175)
  Slice (14144:14175)
  Slice (14176:14207)
  Slice (14176:14207)
  Slice (14176:14207)
  Slice (14176:14207)
  Slice (14176:14207)
  Slice (14176:14207)
  Slice (14176:14207)
  Slice (14176:14207)
  Slice (14208:14239)
  Slice (14208:14239)
  Slice (14208:14239)
  Slice (14208:14239)
  Slice (14208:14239)
  Slice (14208:14239)
  Slice (14208:14239)
  Slice (14208:14239)
  Slice (14240:14271)
  Slice (14240:14271)
  Slice (14240:14271)
  Slice (14240:14271)
  Slice (14240:14271)
  Slice (14240:14271)
  Slice (14240:14271)
  Slice (14240:14271)
  Slice (14272:14303)
  Slice (14272:14303)
  Slice (14272:14303)
  Slice (14272:14303)
  Slice (14272:14303)
  Slice (14272:14303)
  Slice (14272:14303)
  Slice (14272:14303)
  Slice (14304:14335)
  Slice (14304:14335)
  Slice (14304:14335)
  Slice (14304:14335)
  Slice (14304:14335)
  Slice (14304:14335)
  Slice (14304:14335)
  Slice (14304:14335)
  Slice (14336:14367)
  Slice (14336:14367)
  Slice (14336:14367)
  Slice (14336:14367)
  Slice (14336:14367)
  Slice (14336:14367)
  Slice (14336:14367)
  Slice (14336:14367)
  Slice (14368:14399)
  Slice (14368:14399)
  Slice (14368:14399)
  Slice (14368:14399)
  Slice (14368:14399)
  Slice (14368:14399)
  Slice (14368:14399)
  Slice (14368:14399)
  Slice (14400:14431)
  Slice (14400:14431)
  Slice (14400:14431)
  Slice (14400:14431)
  Slice (14400:14431)
  Slice (14400:14431)
  Slice (14400:14431)
  Slice (14400:14431)
  Slice (14432:14463)
  Slice (14432:14463)
  Slice (14432:14463)
  Slice (14432:14463)
  Slice (14432:14463)
  Slice (14432:14463)
  Slice (14432:14463)
  Slice (14432:14463)
  Slice (14464:14495)
  Slice (14464:14495)
  Slice (14464:14495)
  Slice (14464:14495)
  Slice (14464:14495)
  Slice (14464:14495)
  Slice (14464:14495)
  Slice (14464:14495)
  Slice (14496:14527)
  Slice (14496:14527)
  Slice (14496:14527)
  Slice (14496:14527)
  Slice (14496:14527)
  Slice (14496:14527)
  Slice (14496:14527)
  Slice (14496:14527)
  Slice (14528:14559)
  Slice (14528:14559)
  Slice (14528:14559)
  Slice (14528:14559)
  Slice (14528:14559)
  Slice (14528:14559)
  Slice (14528:14559)
  Slice (14528:14559)
  Slice (14560:14591)
  Slice (14560:14591)
  Slice (14560:14591)
  Slice (14560:14591)
  Slice (14560:14591)
  Slice (14560:14591)
  Slice (14560:14591)
  Slice (14560:14591)
  Slice (14592:14623)
  Slice (14592:14623)
  Slice (14592:14623)
  Slice (14592:14623)
  Slice (14592:14623)
  Slice (14592:14623)
  Slice (14592:14623)
  Slice (14592:14623)
  Slice (14624:14655)
  Slice (14624:14655)
  Slice (14624:14655)
  Slice (14624:14655)
  Slice (14624:14655)
  Slice (14624:14655)
  Slice (14624:14655)
  Slice (14624:14655)
  Slice (14656:14687)
  Slice (14656:14687)
  Slice (14656:14687)
  Slice (14656:14687)
  Slice (14656:14687)
  Slice (14656:14687)
  Slice (14656:14687)
  Slice (14656:14687)
  Slice (14688:14719)
  Slice (14688:14719)
  Slice (14688:14719)
  Slice (14688:14719)
  Slice (14688:14719)
  Slice (14688:14719)
  Slice (14688:14719)
  Slice (14688:14719)
  Slice (14720:14751)
  Slice (14720:14751)
  Slice (14720:14751)
  Slice (14720:14751)
  Slice (14720:14751)
  Slice (14720:14751)
  Slice (14720:14751)
  Slice (14720:14751)
  Slice (14752:14783)
  Slice (14752:14783)
  Slice (14752:14783)
  Slice (14752:14783)
  Slice (14752:14783)
  Slice (14752:14783)
  Slice (14752:14783)
  Slice (14752:14783)
  Slice (14784:14815)
  Slice (14784:14815)
  Slice (14784:14815)
  Slice (14784:14815)
  Slice (14784:14815)
  Slice (14784:14815)
  Slice (14784:14815)
  Slice (14784:14815)
  Slice (14816:14847)
  Slice (14816:14847)
  Slice (14816:14847)
  Slice (14816:14847)
  Slice (14816:14847)
  Slice (14816:14847)
  Slice (14816:14847)
  Slice (14816:14847)
  Slice (14848:14879)
  Slice (14848:14879)
  Slice (14848:14879)
  Slice (14848:14879)
  Slice (14848:14879)
  Slice (14848:14879)
  Slice (14848:14879)
  Slice (14848:14879)
  Slice (14880:14911)
  Slice (14880:14911)
  Slice (14880:14911)
  Slice (14880:14911)
  Slice (14880:14911)
  Slice (14880:14911)
  Slice (14880:14911)
  Slice (14880:14911)
  Slice (14912:14943)
  Slice (14912:14943)
  Slice (14912:14943)
  Slice (14912:14943)
  Slice (14912:14943)
  Slice (14912:14943)
  Slice (14912:14943)
  Slice (14912:14943)
  Slice (14944:14975)
  Slice (14944:14975)
  Slice (14944:14975)
  Slice (14944:14975)
  Slice (14944:14975)
  Slice (14944:14975)
  Slice (14944:14975)
  Slice (14944:14975)
  Slice (14976:15007)
  Slice (14976:15007)
  Slice (14976:15007)
  Slice (14976:15007)
  Slice (14976:15007)
  Slice (14976:15007)
  Slice (14976:15007)
  Slice (14976:15007)
  Slice (15008:15039)
  Slice (15008:15039)
  Slice (15008:15039)
  Slice (15008:15039)
  Slice (15008:15039)
  Slice (15008:15039)
  Slice (15008:15039)
  Slice (15008:15039)
  Slice (15040:15071)
  Slice (15040:15071)
  Slice (15040:15071)
  Slice (15040:15071)
  Slice (15040:15071)
  Slice (15040:15071)
  Slice (15040:15071)
  Slice (15040:15071)
  Slice (15072:15103)
  Slice (15072:15103)
  Slice (15072:15103)
  Slice (15072:15103)
  Slice (15072:15103)
  Slice (15072:15103)
  Slice (15072:15103)
  Slice (15072:15103)
  Slice (15104:15135)
  Slice (15104:15135)
  Slice (15104:15135)
  Slice (15104:15135)
  Slice (15104:15135)
  Slice (15104:15135)
  Slice (15104:15135)
  Slice (15104:15135)
  Slice (15136:15167)
  Slice (15136:15167)
  Slice (15136:15167)
  Slice (15136:15167)
  Slice (15136:15167)
  Slice (15136:15167)
  Slice (15136:15167)
  Slice (15136:15167)
  Slice (15168:15199)
  Slice (15168:15199)
  Slice (15168:15199)
  Slice (15168:15199)
  Slice (15168:15199)
  Slice (15168:15199)
  Slice (15168:15199)
  Slice (15168:15199)
  Slice (15200:15231)
  Slice (15200:15231)
  Slice (15200:15231)
  Slice (15200:15231)
  Slice (15200:15231)
  Slice (15200:15231)
  Slice (15200:15231)
  Slice (15200:15231)
  Slice (15232:15263)
  Slice (15232:15263)
  Slice (15232:15263)
  Slice (15232:15263)
  Slice (15232:15263)
  Slice (15232:15263)
  Slice (15232:15263)
  Slice (15232:15263)
  Slice (15264:15295)
  Slice (15264:15295)
  Slice (15264:15295)
  Slice (15264:15295)
  Slice (15264:15295)
  Slice (15264:15295)
  Slice (15264:15295)
  Slice (15264:15295)
  Slice (15296:15327)
  Slice (15296:15327)
  Slice (15296:15327)
  Slice (15296:15327)
  Slice (15296:15327)
  Slice (15296:15327)
  Slice (15296:15327)
  Slice (15296:15327)
  Slice (15328:15359)
  Slice (15328:15359)
  Slice (15328:15359)
  Slice (15328:15359)
  Slice (15328:15359)
  Slice (15328:15359)
  Slice (15328:15359)
  Slice (15328:15359)
  Slice (15360:15391)
  Slice (15360:15391)
  Slice (15360:15391)
  Slice (15360:15391)
  Slice (15360:15391)
  Slice (15360:15391)
  Slice (15360:15391)
  Slice (15360:15391)
  Slice (15392:15423)
  Slice (15392:15423)
  Slice (15392:15423)
  Slice (15392:15423)
  Slice (15392:15423)
  Slice (15392:15423)
  Slice (15392:15423)
  Slice (15392:15423)
  Slice (15424:15455)
  Slice (15424:15455)
  Slice (15424:15455)
  Slice (15424:15455)
  Slice (15424:15455)
  Slice (15424:15455)
  Slice (15424:15455)
  Slice (15424:15455)
  Slice (15456:15487)
  Slice (15456:15487)
  Slice (15456:15487)
  Slice (15456:15487)
  Slice (15456:15487)
  Slice (15456:15487)
  Slice (15456:15487)
  Slice (15456:15487)
  Slice (15488:15519)
  Slice (15488:15519)
  Slice (15488:15519)
  Slice (15488:15519)
  Slice (15488:15519)
  Slice (15488:15519)
  Slice (15488:15519)
  Slice (15488:15519)
  Slice (15520:15551)
  Slice (15520:15551)
  Slice (15520:15551)
  Slice (15520:15551)
  Slice (15520:15551)
  Slice (15520:15551)
  Slice (15520:15551)
  Slice (15520:15551)
  Slice (15552:15583)
  Slice (15552:15583)
  Slice (15552:15583)
  Slice (15552:15583)
  Slice (15552:15583)
  Slice (15552:15583)
  Slice (15552:15583)
  Slice (15552:15583)
  Slice (15584:15615)
  Slice (15584:15615)
  Slice (15584:15615)
  Slice (15584:15615)
  Slice (15584:15615)
  Slice (15584:15615)
  Slice (15584:15615)
  Slice (15584:15615)
  Slice (15616:15647)
  Slice (15616:15647)
  Slice (15616:15647)
  Slice (15616:15647)
  Slice (15616:15647)
  Slice (15616:15647)
  Slice (15616:15647)
  Slice (15616:15647)
  Slice (15648:15679)
  Slice (15648:15679)
  Slice (15648:15679)
  Slice (15648:15679)
  Slice (15648:15679)
  Slice (15648:15679)
  Slice (15648:15679)
  Slice (15648:15679)
  Slice (15680:15711)
  Slice (15680:15711)
  Slice (15680:15711)
  Slice (15680:15711)
  Slice (15680:15711)
  Slice (15680:15711)
  Slice (15680:15711)
  Slice (15680:15711)
  Slice (15712:15743)
  Slice (15712:15743)
  Slice (15712:15743)
  Slice (15712:15743)
  Slice (15712:15743)
  Slice (15712:15743)
  Slice (15712:15743)
  Slice (15712:15743)
  Slice (15744:15775)
  Slice (15744:15775)
  Slice (15744:15775)
  Slice (15744:15775)
  Slice (15744:15775)
  Slice (15744:15775)
  Slice (15744:15775)
  Slice (15744:15775)
  Slice (15776:15807)
  Slice (15776:15807)
  Slice (15776:15807)
  Slice (15776:15807)
  Slice (15776:15807)
  Slice (15776:15807)
  Slice (15776:15807)
  Slice (15776:15807)
  Slice (15808:15839)
  Slice (15808:15839)
  Slice (15808:15839)
  Slice (15808:15839)
  Slice (15808:15839)
  Slice (15808:15839)
  Slice (15808:15839)
  Slice (15808:15839)
  Slice (15840:15871)
  Slice (15840:15871)
  Slice (15840:15871)
  Slice (15840:15871)
  Slice (15840:15871)
  Slice (15840:15871)
  Slice (15840:15871)
  Slice (15840:15871)
  Slice (15872:15903)
  Slice (15872:15903)
  Slice (15872:15903)
  Slice (15872:15903)
  Slice (15872:15903)
  Slice (15872:15903)
  Slice (15872:15903)
  Slice (15872:15903)
  Slice (15904:15935)
  Slice (15904:15935)
  Slice (15904:15935)
  Slice (15904:15935)
  Slice (15904:15935)
  Slice (15904:15935)
  Slice (15904:15935)
  Slice (15904:15935)
  Slice (15936:15967)
  Slice (15936:15967)
  Slice (15936:15967)
  Slice (15936:15967)
  Slice (15936:15967)
  Slice (15936:15967)
  Slice (15936:15967)
  Slice (15936:15967)
  Slice (15968:15999)
  Slice (15968:15999)
  Slice (15968:15999)
  Slice (15968:15999)
  Slice (15968:15999)
  Slice (15968:15999)
  Slice (15968:15999)
  Slice (15968:15999)
  Slice (16000:16031)
  Slice (16000:16031)
  Slice (16000:16031)
  Slice (16000:16031)
  Slice (16000:16031)
  Slice (16000:16031)
  Slice (16000:16031)
  Slice (16000:16031)
  Slice (16032:16063)
  Slice (16032:16063)
  Slice (16032:16063)
  Slice (16032:16063)
  Slice (16032:16063)
  Slice (16032:16063)
  Slice (16032:16063)
  Slice (16032:16063)
  Slice (16064:16095)
  Slice (16064:16095)
  Slice (16064:16095)
  Slice (16064:16095)
  Slice (16064:16095)
  Slice (16064:16095)
  Slice (16064:16095)
  Slice (16064:16095)
  Slice (16096:16127)
  Slice (16096:16127)
  Slice (16096:16127)
  Slice (16096:16127)
  Slice (16096:16127)
  Slice (16096:16127)
  Slice (16096:16127)
  Slice (16096:16127)
  Slice (16128:16159)
  Slice (16128:16159)
  Slice (16128:16159)
  Slice (16128:16159)
  Slice (16128:16159)
  Slice (16128:16159)
  Slice (16128:16159)
  Slice (16128:16159)
  Slice (16160:16191)
  Slice (16160:16191)
  Slice (16160:16191)
  Slice (16160:16191)
  Slice (16160:16191)
  Slice (16160:16191)
  Slice (16160:16191)
  Slice (16160:16191)
  Slice (16192:16223)
  Slice (16192:16223)
  Slice (16192:16223)
  Slice (16192:16223)
  Slice (16192:16223)
  Slice (16192:16223)
  Slice (16192:16223)
  Slice (16192:16223)
  Slice (16224:16255)
  Slice (16224:16255)
  Slice (16224:16255)
  Slice (16224:16255)
  Slice (16224:16255)
  Slice (16224:16255)
  Slice (16224:16255)
  Slice (16224:16255)
  Slice (16256:16287)
  Slice (16256:16287)
  Slice (16256:16287)
  Slice (16256:16287)
  Slice (16256:16287)
  Slice (16256:16287)
  Slice (16256:16287)
  Slice (16256:16287)
  Slice (16288:16319)
  Slice (16288:16319)
  Slice (16288:16319)
  Slice (16288:16319)
  Slice (16288:16319)
  Slice (16288:16319)
  Slice (16288:16319)
  Slice (16288:16319)
  Slice (16320:16351)
  Slice (16320:16351)
  Slice (16320:16351)
  Slice (16320:16351)
  Slice (16320:16351)
  Slice (16320:16351)
  Slice (16320:16351)
  Slice (16320:16351)
  Slice (16352:16383)
  Slice (16352:16383)
  Slice (16352:16383)
  Slice (16352:16383)
  Slice (16352:16383)
  Slice (16352:16383)
  Slice (16352:16383)
  Slice (16352:16383)

**** Vertex: 'middle'
Model: AbstractPopulationVertex
Pop size: 16384
Machine Vertices: 
  Slice (0:31)
  Slice (32:63)
  Slice (64:95)
  Slice (96:127)
  Slice (128:159)
  Slice (160:191)
  Slice (192:223)
  Slice (224:255)
  Slice (256:287)
  Slice (288:319)
  Slice (320:351)
  Slice (352:383)
  Slice (384:415)
  Slice (416:447)
  Slice (448:479)
  Slice (480:511)
  Slice (512:543)
  Slice (544:575)
  Slice (576:607)
  Slice (608:639)
  Slice (640:671)
  Slice (672:703)
  Slice (704:735)
  Slice (736:767)
  Slice (768:799)
  Slice (800:831)
  Slice (832:863)
  Slice (864:895)
  Slice (896:927)
  Slice (928:959)
  Slice (960:991)
  Slice (992:1023)
  Slice (1024:1055)
  Slice (1056:1087)
  Slice (1088:1119)
  Slice (1120:1151)
  Slice (1152:1183)
  Slice (1184:1215)
  Slice (1216:1247)
  Slice (1248:1279)
  Slice (1280:1311)
  Slice (1312:1343)
  Slice (1344:1375)
  Slice (1376:1407)
  Slice (1408:1439)
  Slice (1440:1471)
  Slice (1472:1503)
  Slice (1504:1535)
  Slice (1536:1567)
  Slice (1568:1599)
  Slice (1600:1631)
  Slice (1632:1663)
  Slice (1664:1695)
  Slice (1696:1727)
  Slice (1728:1759)
  Slice (1760:1791)
  Slice (1792:1823)
  Slice (1824:1855)
  Slice (1856:1887)
  Slice (1888:1919)
  Slice (1920:1951)
  Slice (1952:1983)
  Slice (1984:2015)
  Slice (2016:2047)
  Slice (2048:2079)
  Slice (2080:2111)
  Slice (2112:2143)
  Slice (2144:2175)
  Slice (2176:2207)
  Slice (2208:2239)
  Slice (2240:2271)
  Slice (2272:2303)
  Slice (2304:2335)
  Slice (2336:2367)
  Slice (2368:2399)
  Slice (2400:2431)
  Slice (2432:2463)
  Slice (2464:2495)
  Slice (2496:2527)
  Slice (2528:2559)
  Slice (2560:2591)
  Slice (2592:2623)
  Slice (2624:2655)
  Slice (2656:2687)
  Slice (2688:2719)
  Slice (2720:2751)
  Slice (2752:2783)
  Slice (2784:2815)
  Slice (2816:2847)
  Slice (2848:2879)
  Slice (2880:2911)
  Slice (2912:2943)
  Slice (2944:2975)
  Slice (2976:3007)
  Slice (3008:3039)
  Slice (3040:3071)
  Slice (3072:3103)
  Slice (3104:3135)
  Slice (3136:3167)
  Slice (3168:3199)
  Slice (3200:3231)
  Slice (3232:3263)
  Slice (3264:3295)
  Slice (3296:3327)
  Slice (3328:3359)
  Slice (3360:3391)
  Slice (3392:3423)
  Slice (3424:3455)
  Slice (3456:3487)
  Slice (3488:3519)
  Slice (3520:3551)
  Slice (3552:3583)
  Slice (3584:3615)
  Slice (3616:3647)
  Slice (3648:3679)
  Slice (3680:3711)
  Slice (3712:3743)
  Slice (3744:3775)
  Slice (3776:3807)
  Slice (3808:3839)
  Slice (3840:3871)
  Slice (3872:3903)
  Slice (3904:3935)
  Slice (3936:3967)
  Slice (3968:3999)
  Slice (4000:4031)
  Slice (4032:4063)
  Slice (4064:4095)
  Slice (4096:4127)
  Slice (4128:4159)
  Slice (4160:4191)
  Slice (4192:4223)
  Slice (4224:4255)
  Slice (4256:4287)
  Slice (4288:4319)
  Slice (4320:4351)
  Slice (4352:4383)
  Slice (4384:4415)
  Slice (4416:4447)
  Slice (4448:4479)
  Slice (4480:4511)
  Slice (4512:4543)
  Slice (4544:4575)
  Slice (4576:4607)
  Slice (4608:4639)
  Slice (4640:4671)
  Slice (4672:4703)
  Slice (4704:4735)
  Slice (4736:4767)
  Slice (4768:4799)
  Slice (4800:4831)
  Slice (4832:4863)
  Slice (4864:4895)
  Slice (4896:4927)
  Slice (4928:4959)
  Slice (4960:4991)
  Slice (4992:5023)
  Slice (5024:5055)
  Slice (5056:5087)
  Slice (5088:5119)
  Slice (5120:5151)
  Slice (5152:5183)
  Slice (5184:5215)
  Slice (5216:5247)
  Slice (5248:5279)
  Slice (5280:5311)
  Slice (5312:5343)
  Slice (5344:5375)
  Slice (5376:5407)
  Slice (5408:5439)
  Slice (5440:5471)
  Slice (5472:5503)
  Slice (5504:5535)
  Slice (5536:5567)
  Slice (5568:5599)
  Slice (5600:5631)
  Slice (5632:5663)
  Slice (5664:5695)
  Slice (5696:5727)
  Slice (5728:5759)
  Slice (5760:5791)
  Slice (5792:5823)
  Slice (5824:5855)
  Slice (5856:5887)
  Slice (5888:5919)
  Slice (5920:5951)
  Slice (5952:5983)
  Slice (5984:6015)
  Slice (6016:6047)
  Slice (6048:6079)
  Slice (6080:6111)
  Slice (6112:6143)
  Slice (6144:6175)
  Slice (6176:6207)
  Slice (6208:6239)
  Slice (6240:6271)
  Slice (6272:6303)
  Slice (6304:6335)
  Slice (6336:6367)
  Slice (6368:6399)
  Slice (6400:6431)
  Slice (6432:6463)
  Slice (6464:6495)
  Slice (6496:6527)
  Slice (6528:6559)
  Slice (6560:6591)
  Slice (6592:6623)
  Slice (6624:6655)
  Slice (6656:6687)
  Slice (6688:6719)
  Slice (6720:6751)
  Slice (6752:6783)
  Slice (6784:6815)
  Slice (6816:6847)
  Slice (6848:6879)
  Slice (6880:6911)
  Slice (6912:6943)
  Slice (6944:6975)
  Slice (6976:7007)
  Slice (7008:7039)
  Slice (7040:7071)
  Slice (7072:7103)
  Slice (7104:7135)
  Slice (7136:7167)
  Slice (7168:7199)
  Slice (7200:7231)
  Slice (7232:7263)
  Slice (7264:7295)
  Slice (7296:7327)
  Slice (7328:7359)
  Slice (7360:7391)
  Slice (7392:7423)
  Slice (7424:7455)
  Slice (7456:7487)
  Slice (7488:7519)
  Slice (7520:7551)
  Slice (7552:7583)
  Slice (7584:7615)
  Slice (7616:7647)
  Slice (7648:7679)
  Slice (7680:7711)
  Slice (7712:7743)
  Slice (7744:7775)
  Slice (7776:7807)
  Slice (7808:7839)
  Slice (7840:7871)
  Slice (7872:7903)
  Slice (7904:7935)
  Slice (7936:7967)
  Slice (7968:7999)
  Slice (8000:8031)
  Slice (8032:8063)
  Slice (8064:8095)
  Slice (8096:8127)
  Slice (8128:8159)
  Slice (8160:8191)
  Slice (8192:8223)
  Slice (8224:8255)
  Slice (8256:8287)
  Slice (8288:8319)
  Slice (8320:8351)
  Slice (8352:8383)
  Slice (8384:8415)
  Slice (8416:8447)
  Slice (8448:8479)
  Slice (8480:8511)
  Slice (8512:8543)
  Slice (8544:8575)
  Slice (8576:8607)
  Slice (8608:8639)
  Slice (8640:8671)
  Slice (8672:8703)
  Slice (8704:8735)
  Slice (8736:8767)
  Slice (8768:8799)
  Slice (8800:8831)
  Slice (8832:8863)
  Slice (8864:8895)
  Slice (8896:8927)
  Slice (8928:8959)
  Slice (8960:8991)
  Slice (8992:9023)
  Slice (9024:9055)
  Slice (9056:9087)
  Slice (9088:9119)
  Slice (9120:9151)
  Slice (9152:9183)
  Slice (9184:9215)
  Slice (9216:9247)
  Slice (9248:9279)
  Slice (9280:9311)
  Slice (9312:9343)
  Slice (9344:9375)
  Slice (9376:9407)
  Slice (9408:9439)
  Slice (9440:9471)
  Slice (9472:9503)
  Slice (9504:9535)
  Slice (9536:9567)
  Slice (9568:9599)
  Slice (9600:9631)
  Slice (9632:9663)
  Slice (9664:9695)
  Slice (9696:9727)
  Slice (9728:9759)
  Slice (9760:9791)
  Slice (9792:9823)
  Slice (9824:9855)
  Slice (9856:9887)
  Slice (9888:9919)
  Slice (9920:9951)
  Slice (9952:9983)
  Slice (9984:10015)
  Slice (10016:10047)
  Slice (10048:10079)
  Slice (10080:10111)
  Slice (10112:10143)
  Slice (10144:10175)
  Slice (10176:10207)
  Slice (10208:10239)
  Slice (10240:10271)
  Slice (10272:10303)
  Slice (10304:10335)
  Slice (10336:10367)
  Slice (10368:10399)
  Slice (10400:10431)
  Slice (10432:10463)
  Slice (10464:10495)
  Slice (10496:10527)
  Slice (10528:10559)
  Slice (10560:10591)
  Slice (10592:10623)
  Slice (10624:10655)
  Slice (10656:10687)
  Slice (10688:10719)
  Slice (10720:10751)
  Slice (10752:10783)
  Slice (10784:10815)
  Slice (10816:10847)
  Slice (10848:10879)
  Slice (10880:10911)
  Slice (10912:10943)
  Slice (10944:10975)
  Slice (10976:11007)
  Slice (11008:11039)
  Slice (11040:11071)
  Slice (11072:11103)
  Slice (11104:11135)
  Slice (11136:11167)
  Slice (11168:11199)
  Slice (11200:11231)
  Slice (11232:11263)
  Slice (11264:11295)
  Slice (11296:11327)
  Slice (11328:11359)
  Slice (11360:11391)
  Slice (11392:11423)
  Slice (11424:11455)
  Slice (11456:11487)
  Slice (11488:11519)
  Slice (11520:11551)
  Slice (11552:11583)
  Slice (11584:11615)
  Slice (11616:11647)
  Slice (11648:11679)
  Slice (11680:11711)
  Slice (11712:11743)
  Slice (11744:11775)
  Slice (11776:11807)
  Slice (11808:11839)
  Slice (11840:11871)
  Slice (11872:11903)
  Slice (11904:11935)
  Slice (11936:11967)
  Slice (11968:11999)
  Slice (12000:12031)
  Slice (12032:12063)
  Slice (12064:12095)
  Slice (12096:12127)
  Slice (12128:12159)
  Slice (12160:12191)
  Slice (12192:12223)
  Slice (12224:12255)
  Slice (12256:12287)
  Slice (12288:12319)
  Slice (12320:12351)
  Slice (12352:12383)
  Slice (12384:12415)
  Slice (12416:12447)
  Slice (12448:12479)
  Slice (12480:12511)
  Slice (12512:12543)
  Slice (12544:12575)
  Slice (12576:12607)
  Slice (12608:12639)
  Slice (12640:12671)
  Slice (12672:12703)
  Slice (12704:12735)
  Slice (12736:12767)
  Slice (12768:12799)
  Slice (12800:12831)
  Slice (12832:12863)
  Slice (12864:12895)
  Slice (12896:12927)
  Slice (12928:12959)
  Slice (12960:12991)
  Slice (12992:13023)
  Slice (13024:13055)
  Slice (13056:13087)
  Slice (13088:13119)
  Slice (13120:13151)
  Slice (13152:13183)
  Slice (13184:13215)
  Slice (13216:13247)
  Slice (13248:13279)
  Slice (13280:13311)
  Slice (13312:13343)
  Slice (13344:13375)
  Slice (13376:13407)
  Slice (13408:13439)
  Slice (13440:13471)
  Slice (13472:13503)
  Slice (13504:13535)
  Slice (13536:13567)
  Slice (13568:13599)
  Slice (13600:13631)
  Slice (13632:13663)
  Slice (13664:13695)
  Slice (13696:13727)
  Slice (13728:13759)
  Slice (13760:13791)
  Slice (13792:13823)
  Slice (13824:13855)
  Slice (13856:13887)
  Slice (13888:13919)
  Slice (13920:13951)
  Slice (13952:13983)
  Slice (13984:14015)
  Slice (14016:14047)
  Slice (14048:14079)
  Slice (14080:14111)
  Slice (14112:14143)
  Slice (14144:14175)
  Slice (14176:14207)
  Slice (14208:14239)
  Slice (14240:14271)
  Slice (14272:14303)
  Slice (14304:14335)
  Slice (14336:14367)
  Slice (14368:14399)
  Slice (14400:14431)
  Slice (14432:14463)
  Slice (14464:14495)
  Slice (14496:14527)
  Slice (14528:14559)
  Slice (14560:14591)
  Slice (14592:14623)
  Slice (14624:14655)
  Slice (14656:14687)
  Slice (14688:14719)
  Slice (14720:14751)
  Slice (14752:14783)
  Slice (14784:14815)
  Slice (14816:14847)
  Slice (14848:14879)
  Slice (14880:14911)
  Slice (14912:14943)
  Slice (14944:14975)
  Slice (14976:15007)
  Slice (15008:15039)
  Slice (15040:15071)
  Slice (15072:15103)
  Slice (15104:15135)
  Slice (15136:15167)
  Slice (15168:15199)
  Slice (15200:15231)
  Slice (15232:15263)
  Slice (15264:15295)
  Slice (15296:15327)
  Slice (15328:15359)
  Slice (15360:15391)
  Slice (15392:15423)
  Slice (15424:15455)
  Slice (15456:15487)
  Slice (15488:15519)
  Slice (15520:15551)
  Slice (15552:15583)
  Slice (15584:15615)
  Slice (15616:15647)
  Slice (15648:15679)
  Slice (15680:15711)
  Slice (15712:15743)
  Slice (15744:15775)
  Slice (15776:15807)
  Slice (15808:15839)
  Slice (15840:15871)
  Slice (15872:15903)
  Slice (15904:15935)
  Slice (15936:15967)
  Slice (15968:15999)
  Slice (16000:16031)
  Slice (16032:16063)
  Slice (16064:16095)
  Slice (16096:16127)
  Slice (16128:16159)
  Slice (16160:16191)
  Slice (16192:16223)
  Slice (16224:16255)
  Slice (16256:16287)
  Slice (16288:16319)
  Slice (16320:16351)
  Slice (16352:16383)

**** Vertex: 'output'
Model: SPIFOutputDevice
Pop size: 1
Machine Vertices: 
  Slice (0:0)

**** Vertex: 'Command Sender on 0, 0'
Model: CommandSender
Pop size: 1
Machine Vertices: 
  Slice (0:0)

