Router contains 20 entries
Index Key        Mask       Route      Default [Cores][Links]
----- ---------- ---------- ---------- ------- --------------
    0 0x00009800 0xFFFFFC00 0x00000010 False   [] [SW]
    1 0x00001A20 0xFFFFFFE0 0x00000108 False   [2] [W]
    2 0x00001A40 0xFFFFFFE0 0x00000308 False   [2, 3] [W]
    3 0x00001A60 0xFFFFFFE0 0x00000608 False   [3, 4] [W]
    4 0x00001A80 0xFFFFFFE0 0x00000C08 False   [4, 5] [W]
    5 0x00001AA0 0xFFFFFFE0 0x00001808 False   [5, 6] [W]
    6 0x00001AC0 0xFFFFFFE0 0x00003008 False   [6, 7] [W]
    7 0x00001AE0 0xFFFFFFE0 0x00006008 False   [8, 7] [W]
    8 0x00001B00 0xFFFFFFE0 0x0000C008 False   [8, 9] [W]
    9 0x00001B20 0xFFFFFFE0 0x00018008 False   [9, 10] [W]
   10 0x00001B40 0xFFFFFFE0 0x00030008 False   [10, 11] [W]
   11 0x00001B60 0xFFFFFFE0 0x00060008 False   [11, 12] [W]
   12 0x00001B80 0xFFFFFFE0 0x000C0008 False   [12, 13] [W]
   13 0x00001BA0 0xFFFFFFE0 0x00180008 False   [13, 14] [W]
   14 0x00001BC0 0xFFFFFFE0 0x00300008 False   [14, 15] [W]
   15 0x00001BE0 0xFFFFFFE0 0x00200008 False   [15] [W]
   16 0x00001C00 0xFFFFFFE0 0x00400008 False   [16] [W]
   17 0x00001C20 0xFFFFFFE0 0x00C00008 False   [16, 17] [W]
   18 0x00001C40 0xFFFFFFE0 0x00800008 False   [17] [W]
   19 0x00000000 0xFFFFC000 0x00000008 False   [] [W]
0 Defaultable entries
