Router contains 20 entries
Index Key        Mask       Route      Default [Cores][Links]
----- ---------- ---------- ---------- ------- --------------
    0 0x00009C00 0xFFFFFC00 0x00000020 False   [] [S]
    1 0x00001E20 0xFFFFFFE0 0x00000100 False   [2] []
    2 0x00001E40 0xFFFFFFE0 0x00000300 False   [2, 3] []
    3 0x00001E60 0xFFFFFFE0 0x00000600 False   [3, 4] []
    4 0x00001E80 0xFFFFFFE0 0x00000C00 False   [4, 5] []
    5 0x00001EA0 0xFFFFFFE0 0x00001800 False   [5, 6] []
    6 0x00001EC0 0xFFFFFFE0 0x00003000 False   [6, 7] []
    7 0x00001EE0 0xFFFFFFE0 0x00006000 False   [8, 7] []
    8 0x00001F00 0xFFFFFFE0 0x0000C000 False   [8, 9] []
    9 0x00001F20 0xFFFFFFE0 0x00018000 False   [9, 10] []
   10 0x00001F40 0xFFFFFFE0 0x00030000 False   [10, 11] []
   11 0x00001F60 0xFFFFFFE0 0x00060000 False   [11, 12] []
   12 0x00001F80 0xFFFFFFE0 0x000C0000 False   [12, 13] []
   13 0x00001FA0 0xFFFFFFE0 0x00180000 False   [13, 14] []
   14 0x00001FC0 0xFFFFFFE0 0x00300000 False   [14, 15] []
   15 0x00001FE0 0xFFFFFFE0 0x00200000 False   [15] []
   16 0x00002000 0xFFFFFFE0 0x00400000 False   [16] []
   17 0x00002020 0xFFFFFFE0 0x00C00000 False   [16, 17] []
   18 0x00002040 0xFFFFFFE0 0x00800000 False   [17] []
   19 0x00000000 0xFFFFC000 0x00000000 False   [] []
0 Defaultable entries
