Router contains 192 entries
Index Key        Mask       Route      Default [Cores][Links]
----- ---------- ---------- ---------- ------- --------------
    0 0x00000700 0xFFFFFF87 0x00000108 False   [2] [W]
    1 0x00000701 0xFFFFFF87 0x00000108 False   [2] [W]
    2 0x00000702 0xFFFFFF87 0x00000108 False   [2] [W]
    3 0x00000703 0xFFFFFF87 0x00000108 False   [2] [W]
    4 0x00000704 0xFFFFFF87 0x00000108 False   [2] [W]
    5 0x00000705 0xFFFFFF87 0x00000108 False   [2] [W]
    6 0x00000706 0xFFFFFF87 0x00000108 False   [2] [W]
    7 0x00000707 0xFFFFFF87 0x00000100 False   [2] []
    8 0x00000780 0xFFFFFF87 0x00000208 False   [3] [W]
    9 0x00000781 0xFFFFFF87 0x00000208 False   [3] [W]
   10 0x00000782 0xFFFFFF87 0x00000208 False   [3] [W]
   11 0x00000783 0xFFFFFF87 0x00000208 False   [3] [W]
   12 0x00000784 0xFFFFFF87 0x00000208 False   [3] [W]
   13 0x00000785 0xFFFFFF87 0x00000208 False   [3] [W]
   14 0x00000786 0xFFFFFF87 0x00000208 False   [3] [W]
   15 0x00000787 0xFFFFFF87 0x00000200 False   [3] []
   16 0x00000800 0xFFFFFF87 0x00000408 False   [4] [W]
   17 0x00000801 0xFFFFFF87 0x00000408 False   [4] [W]
   18 0x00000802 0xFFFFFF87 0x00000408 False   [4] [W]
   19 0x00000803 0xFFFFFF87 0x00000408 False   [4] [W]
   20 0x00000804 0xFFFFFF87 0x00000408 False   [4] [W]
   21 0x00000805 0xFFFFFF87 0x00000408 False   [4] [W]
   22 0x00000806 0xFFFFFF87 0x00000408 False   [4] [W]
   23 0x00000807 0xFFFFFF87 0x00000400 False   [4] []
   24 0x00000880 0xFFFFFF87 0x00000808 False   [5] [W]
   25 0x00000881 0xFFFFFF87 0x00000808 False   [5] [W]
   26 0x00000882 0xFFFFFF87 0x00000808 False   [5] [W]
   27 0x00000883 0xFFFFFF87 0x00000808 False   [5] [W]
   28 0x00000884 0xFFFFFF87 0x00000808 False   [5] [W]
   29 0x00000885 0xFFFFFF87 0x00000808 False   [5] [W]
   30 0x00000886 0xFFFFFF87 0x00000808 False   [5] [W]
   31 0x00000887 0xFFFFFF87 0x00000800 False   [5] []
   32 0x00000900 0xFFFFFF87 0x00001008 False   [6] [W]
   33 0x00000901 0xFFFFFF87 0x00001008 False   [6] [W]
   34 0x00000902 0xFFFFFF87 0x00001008 False   [6] [W]
   35 0x00000903 0xFFFFFF87 0x00001008 False   [6] [W]
   36 0x00000904 0xFFFFFF87 0x00001008 False   [6] [W]
   37 0x00000905 0xFFFFFF87 0x00001008 False   [6] [W]
   38 0x00000906 0xFFFFFF87 0x00001008 False   [6] [W]
   39 0x00000907 0xFFFFFF87 0x00001000 False   [6] []
   40 0x00000980 0xFFFFFF87 0x00002008 False   [7] [W]
   41 0x00000981 0xFFFFFF87 0x00002008 False   [7] [W]
   42 0x00000982 0xFFFFFF87 0x00002008 False   [7] [W]
   43 0x00000983 0xFFFFFF87 0x00002008 False   [7] [W]
   44 0x00000984 0xFFFFFF87 0x00002008 False   [7] [W]
   45 0x00000985 0xFFFFFF87 0x00002008 False   [7] [W]
   46 0x00000986 0xFFFFFF87 0x00002008 False   [7] [W]
   47 0x00000987 0xFFFFFF87 0x00002000 False   [7] []
   48 0x00000A00 0xFFFFFF87 0x00004008 False   [8] [W]
   49 0x00000A01 0xFFFFFF87 0x00004008 False   [8] [W]
   50 0x00000A02 0xFFFFFF87 0x00004008 False   [8] [W]
   51 0x00000A03 0xFFFFFF87 0x00004008 False   [8] [W]
   52 0x00000A04 0xFFFFFF87 0x00004008 False   [8] [W]
   53 0x00000A05 0xFFFFFF87 0x00004008 False   [8] [W]
   54 0x00000A06 0xFFFFFF87 0x00004008 False   [8] [W]
   55 0x00000A07 0xFFFFFF87 0x00004000 False   [8] []
   56 0x00000A80 0xFFFFFF87 0x00008008 False   [9] [W]
   57 0x00000A81 0xFFFFFF87 0x00008008 False   [9] [W]
   58 0x00000A82 0xFFFFFF87 0x00008008 False   [9] [W]
   59 0x00000A83 0xFFFFFF87 0x00008008 False   [9] [W]
   60 0x00000A84 0xFFFFFF87 0x00008008 False   [9] [W]
   61 0x00000A85 0xFFFFFF87 0x00008008 False   [9] [W]
   62 0x00000A86 0xFFFFFF87 0x00008008 False   [9] [W]
   63 0x00000A87 0xFFFFFF87 0x00008000 False   [9] []
   64 0x00000B00 0xFFFFFF87 0x00010008 False   [10] [W]
   65 0x00000B01 0xFFFFFF87 0x00010008 False   [10] [W]
   66 0x00000B02 0xFFFFFF87 0x00010008 False   [10] [W]
   67 0x00000B03 0xFFFFFF87 0x00010008 False   [10] [W]
   68 0x00000B04 0xFFFFFF87 0x00010008 False   [10] [W]
   69 0x00000B05 0xFFFFFF87 0x00010008 False   [10] [W]
   70 0x00000B06 0xFFFFFF87 0x00010008 False   [10] [W]
   71 0x00000B07 0xFFFFFF87 0x00010000 False   [10] []
   72 0x00000B80 0xFFFFFF87 0x00020008 False   [11] [W]
   73 0x00000B81 0xFFFFFF87 0x00020008 False   [11] [W]
   74 0x00000B82 0xFFFFFF87 0x00020008 False   [11] [W]
   75 0x00000B83 0xFFFFFF87 0x00020008 False   [11] [W]
   76 0x00000B84 0xFFFFFF87 0x00020008 False   [11] [W]
   77 0x00000B85 0xFFFFFF87 0x00020008 False   [11] [W]
   78 0x00000B86 0xFFFFFF87 0x00020008 False   [11] [W]
   79 0x00000B87 0xFFFFFF87 0x00020000 False   [11] []
   80 0x00000000 0xFFFFFF87 0x00000008 True    [] [W]
   81 0x00000001 0xFFFFFF87 0x00000008 True    [] [W]
   82 0x00000002 0xFFFFFF87 0x00000008 True    [] [W]
   83 0x00000003 0xFFFFFF87 0x00000008 True    [] [W]
   84 0x00000004 0xFFFFFF87 0x00000008 True    [] [W]
   85 0x00000005 0xFFFFFF87 0x00000008 True    [] [W]
   86 0x00000006 0xFFFFFF87 0x00000008 False   [] [W]
   87 0x00000007 0xFFFFFF87 0x00000000 False   [] []
   88 0x00000080 0xFFFFFF87 0x00000008 True    [] [W]
   89 0x00000081 0xFFFFFF87 0x00000008 True    [] [W]
   90 0x00000082 0xFFFFFF87 0x00000008 True    [] [W]
   91 0x00000083 0xFFFFFF87 0x00000008 True    [] [W]
   92 0x00000084 0xFFFFFF87 0x00000008 True    [] [W]
   93 0x00000085 0xFFFFFF87 0x00000008 True    [] [W]
   94 0x00000086 0xFFFFFF87 0x00000008 False   [] [W]
   95 0x00000087 0xFFFFFF87 0x00000000 False   [] []
   96 0x00000100 0xFFFFFF87 0x00000008 True    [] [W]
   97 0x00000101 0xFFFFFF87 0x00000008 True    [] [W]
   98 0x00000102 0xFFFFFF87 0x00000008 True    [] [W]
   99 0x00000103 0xFFFFFF87 0x00000008 True    [] [W]
  100 0x00000104 0xFFFFFF87 0x00000008 True    [] [W]
  101 0x00000105 0xFFFFFF87 0x00000008 True    [] [W]
  102 0x00000106 0xFFFFFF87 0x00000008 False   [] [W]
  103 0x00000107 0xFFFFFF87 0x00000000 False   [] []
  104 0x00000180 0xFFFFFF87 0x00000008 True    [] [W]
  105 0x00000181 0xFFFFFF87 0x00000008 True    [] [W]
  106 0x00000182 0xFFFFFF87 0x00000008 True    [] [W]
  107 0x00000183 0xFFFFFF87 0x00000008 True    [] [W]
  108 0x00000184 0xFFFFFF87 0x00000008 True    [] [W]
  109 0x00000185 0xFFFFFF87 0x00000008 True    [] [W]
  110 0x00000186 0xFFFFFF87 0x00000008 False   [] [W]
  111 0x00000187 0xFFFFFF87 0x00000000 False   [] []
  112 0x00000200 0xFFFFFF87 0x00000008 True    [] [W]
  113 0x00000201 0xFFFFFF87 0x00000008 True    [] [W]
  114 0x00000202 0xFFFFFF87 0x00000008 True    [] [W]
  115 0x00000203 0xFFFFFF87 0x00000008 True    [] [W]
  116 0x00000204 0xFFFFFF87 0x00000008 True    [] [W]
  117 0x00000205 0xFFFFFF87 0x00000008 True    [] [W]
  118 0x00000206 0xFFFFFF87 0x00000008 False   [] [W]
  119 0x00000207 0xFFFFFF87 0x00000000 False   [] []
  120 0x00000280 0xFFFFFF87 0x00000008 True    [] [W]
  121 0x00000281 0xFFFFFF87 0x00000008 True    [] [W]
  122 0x00000282 0xFFFFFF87 0x00000008 True    [] [W]
  123 0x00000283 0xFFFFFF87 0x00000008 True    [] [W]
  124 0x00000284 0xFFFFFF87 0x00000008 True    [] [W]
  125 0x00000285 0xFFFFFF87 0x00000008 True    [] [W]
  126 0x00000286 0xFFFFFF87 0x00000008 False   [] [W]
  127 0x00000287 0xFFFFFF87 0x00000000 False   [] []
  128 0x00000300 0xFFFFFF87 0x00000008 True    [] [W]
  129 0x00000301 0xFFFFFF87 0x00000008 True    [] [W]
  130 0x00000302 0xFFFFFF87 0x00000008 True    [] [W]
  131 0x00000303 0xFFFFFF87 0x00000008 True    [] [W]
  132 0x00000304 0xFFFFFF87 0x00000008 True    [] [W]
  133 0x00000305 0xFFFFFF87 0x00000008 True    [] [W]
  134 0x00000306 0xFFFFFF87 0x00000008 False   [] [W]
  135 0x00000307 0xFFFFFF87 0x00000000 False   [] []
  136 0x00000380 0xFFFFFF87 0x00000008 True    [] [W]
  137 0x00000381 0xFFFFFF87 0x00000008 True    [] [W]
  138 0x00000382 0xFFFFFF87 0x00000008 True    [] [W]
  139 0x00000383 0xFFFFFF87 0x00000008 True    [] [W]
  140 0x00000384 0xFFFFFF87 0x00000008 True    [] [W]
  141 0x00000385 0xFFFFFF87 0x00000008 True    [] [W]
  142 0x00000386 0xFFFFFF87 0x00000008 False   [] [W]
  143 0x00000387 0xFFFFFF87 0x00000000 False   [] []
  144 0x00000400 0xFFFFFF87 0x00000008 True    [] [W]
  145 0x00000401 0xFFFFFF87 0x00000008 True    [] [W]
  146 0x00000402 0xFFFFFF87 0x00000008 True    [] [W]
  147 0x00000403 0xFFFFFF87 0x00000008 True    [] [W]
  148 0x00000404 0xFFFFFF87 0x00000008 True    [] [W]
  149 0x00000405 0xFFFFFF87 0x00000008 True    [] [W]
  150 0x00000406 0xFFFFFF87 0x00000008 False   [] [W]
  151 0x00000407 0xFFFFFF87 0x00000000 False   [] []
  152 0x00000480 0xFFFFFF87 0x00000008 True    [] [W]
  153 0x00000481 0xFFFFFF87 0x00000008 True    [] [W]
  154 0x00000482 0xFFFFFF87 0x00000008 True    [] [W]
  155 0x00000483 0xFFFFFF87 0x00000008 True    [] [W]
  156 0x00000484 0xFFFFFF87 0x00000008 True    [] [W]
  157 0x00000485 0xFFFFFF87 0x00000008 True    [] [W]
  158 0x00000486 0xFFFFFF87 0x00000008 False   [] [W]
  159 0x00000487 0xFFFFFF87 0x00000000 False   [] []
  160 0x00000500 0xFFFFFF87 0x00000008 True    [] [W]
  161 0x00000501 0xFFFFFF87 0x00000008 True    [] [W]
  162 0x00000502 0xFFFFFF87 0x00000008 True    [] [W]
  163 0x00000503 0xFFFFFF87 0x00000008 True    [] [W]
  164 0x00000504 0xFFFFFF87 0x00000008 True    [] [W]
  165 0x00000505 0xFFFFFF87 0x00000008 True    [] [W]
  166 0x00000506 0xFFFFFF87 0x00000008 False   [] [W]
  167 0x00000507 0xFFFFFF87 0x00000000 False   [] []
  168 0x00000580 0xFFFFFF87 0x00000008 True    [] [W]
  169 0x00000581 0xFFFFFF87 0x00000008 True    [] [W]
  170 0x00000582 0xFFFFFF87 0x00000008 True    [] [W]
  171 0x00000583 0xFFFFFF87 0x00000008 True    [] [W]
  172 0x00000584 0xFFFFFF87 0x00000008 True    [] [W]
  173 0x00000585 0xFFFFFF87 0x00000008 True    [] [W]
  174 0x00000586 0xFFFFFF87 0x00000008 False   [] [W]
  175 0x00000587 0xFFFFFF87 0x00000000 False   [] []
  176 0x00000600 0xFFFFFF87 0x00000008 True    [] [W]
  177 0x00000601 0xFFFFFF87 0x00000008 True    [] [W]
  178 0x00000602 0xFFFFFF87 0x00000008 True    [] [W]
  179 0x00000603 0xFFFFFF87 0x00000008 True    [] [W]
  180 0x00000604 0xFFFFFF87 0x00000008 True    [] [W]
  181 0x00000605 0xFFFFFF87 0x00000008 True    [] [W]
  182 0x00000606 0xFFFFFF87 0x00000008 False   [] [W]
  183 0x00000607 0xFFFFFF87 0x00000000 False   [] []
  184 0x00000680 0xFFFFFF87 0x00000008 True    [] [W]
  185 0x00000681 0xFFFFFF87 0x00000008 True    [] [W]
  186 0x00000682 0xFFFFFF87 0x00000008 True    [] [W]
  187 0x00000683 0xFFFFFF87 0x00000008 True    [] [W]
  188 0x00000684 0xFFFFFF87 0x00000008 True    [] [W]
  189 0x00000685 0xFFFFFF87 0x00000008 True    [] [W]
  190 0x00000686 0xFFFFFF87 0x00000008 False   [] [W]
  191 0x00000687 0xFFFFFF87 0x00000000 False   [] []
84 Defaultable entries
