Router contains 51 entries
Index Key        Mask       Route      Default [Cores][Links]
----- ---------- ---------- ---------- ------- --------------
    0 0x000011A4 0xFFFFFFE7 0x00000109 False   [2] [E, W]
    1 0x000011C4 0xFFFFFFE7 0x00000209 False   [3] [E, W]
    2 0x000011E4 0xFFFFFFE7 0x00000409 False   [4] [E, W]
    3 0x00001204 0xFFFFFFE7 0x00000809 False   [5] [E, W]
    4 0x00001224 0xFFFFFFE7 0x00001009 False   [6] [E, W]
    5 0x00001244 0xFFFFFFE7 0x00002009 False   [7] [E, W]
    6 0x00001264 0xFFFFFFE7 0x00004009 False   [8] [E, W]
    7 0x00001284 0xFFFFFFE7 0x00008009 False   [9] [E, W]
    8 0x000012A4 0xFFFFFFE7 0x00010009 False   [10] [E, W]
    9 0x000012C4 0xFFFFFFE7 0x00020009 False   [11] [E, W]
   10 0x000012E4 0xFFFFFFE7 0x00040009 False   [12] [E, W]
   11 0x00001304 0xFFFFFFE7 0x00080009 False   [13] [E, W]
   12 0x00001324 0xFFFFFFE7 0x00100009 False   [14] [E, W]
   13 0x00001344 0xFFFFFFE7 0x00200009 False   [15] [E, W]
   14 0x00001364 0xFFFFFFE7 0x00400009 False   [16] [E, W]
   15 0x00001384 0xFFFFFFE7 0x00800009 False   [17] [E, W]
   16 0x000011A4 0xFFFFFFE4 0x00000101 False   [2] [E]
   17 0x000011C4 0xFFFFFFE4 0x00000201 False   [3] [E]
   18 0x000011E4 0xFFFFFFE4 0x00000401 False   [4] [E]
   19 0x00001204 0xFFFFFFE4 0x00000801 False   [5] [E]
   20 0x00001224 0xFFFFFFE4 0x00001001 False   [6] [E]
   21 0x00001244 0xFFFFFFE4 0x00002001 False   [7] [E]
   22 0x00001264 0xFFFFFFE4 0x00004001 False   [8] [E]
   23 0x00001284 0xFFFFFFE4 0x00008001 False   [9] [E]
   24 0x000012A4 0xFFFFFFE4 0x00010001 False   [10] [E]
   25 0x000012C4 0xFFFFFFE4 0x00020001 False   [11] [E]
   26 0x000012E4 0xFFFFFFE4 0x00040001 False   [12] [E]
   27 0x00001304 0xFFFFFFE4 0x00080001 False   [13] [E]
   28 0x00001324 0xFFFFFFE4 0x00100001 False   [14] [E]
   29 0x00001344 0xFFFFFFE4 0x00200001 False   [15] [E]
   30 0x00001364 0xFFFFFFE4 0x00400001 False   [16] [E]
   31 0x00001384 0xFFFFFFE4 0x00800001 False   [17] [E]
   32 0x000011A0 0xFFFFFFE4 0x00000108 False   [2] [W]
   33 0x000011C0 0xFFFFFFE4 0x00000208 False   [3] [W]
   34 0x000011E0 0xFFFFFFE4 0x00000408 False   [4] [W]
   35 0x00001200 0xFFFFFFE4 0x00000808 False   [5] [W]
   36 0x00001220 0xFFFFFFE4 0x00001008 False   [6] [W]
   37 0x00001240 0xFFFFFFE4 0x00002008 False   [7] [W]
   38 0x00001260 0xFFFFFFE4 0x00004008 False   [8] [W]
   39 0x00001280 0xFFFFFFE4 0x00008008 False   [9] [W]
   40 0x000012A0 0xFFFFFFE4 0x00010008 False   [10] [W]
   41 0x000012C0 0xFFFFFFE4 0x00020008 False   [11] [W]
   42 0x000012E0 0xFFFFFFE4 0x00040008 False   [12] [W]
   43 0x00001300 0xFFFFFFE4 0x00080008 False   [13] [W]
   44 0x00001320 0xFFFFFFE4 0x00100008 False   [14] [W]
   45 0x00001340 0xFFFFFFE4 0x00200008 False   [15] [W]
   46 0x00001360 0xFFFFFFE4 0x00400008 False   [16] [W]
   47 0x00001380 0xFFFFFFE4 0x00800008 False   [17] [W]
   48 0x00000004 0xFFFFC007 0x00000009 False   [] [E, W]
   49 0x00000004 0xFFFFC004 0x00000001 False   [] [E]
   50 0x00000000 0xFFFF4000 0x00000008 False   [] [W]
0 Defaultable entries
