Router contains 54 entries
Index Key        Mask       Route      Default [Cores][Links]
----- ---------- ---------- ---------- ------- --------------
    0 0x000001C6 0xFFFFFFE7 0x00000109 False   [2] [E, W]
    1 0x000001C7 0xFFFFFFE7 0x00000101 False   [2] [E]
    2 0x000001E6 0xFFFFFFE7 0x00000309 False   [2, 3] [E, W]
    3 0x000001E7 0xFFFFFFE7 0x00000301 False   [2, 3] [E]
    4 0x00000206 0xFFFFFFE7 0x00000609 False   [3, 4] [E, W]
    5 0x00000207 0xFFFFFFE7 0x00000601 False   [3, 4] [E]
    6 0x00000226 0xFFFFFFE7 0x00000C09 False   [4, 5] [E, W]
    7 0x00000227 0xFFFFFFE7 0x00000C01 False   [4, 5] [E]
    8 0x00000246 0xFFFFFFE7 0x00001809 False   [5, 6] [E, W]
    9 0x00000247 0xFFFFFFE7 0x00001801 False   [5, 6] [E]
   10 0x00000266 0xFFFFFFE7 0x00003009 False   [6, 7] [E, W]
   11 0x00000267 0xFFFFFFE7 0x00003001 False   [6, 7] [E]
   12 0x00000286 0xFFFFFFE7 0x00006009 False   [8, 7] [E, W]
   13 0x00000287 0xFFFFFFE7 0x00006001 False   [8, 7] [E]
   14 0x000002A6 0xFFFFFFE7 0x0000C009 False   [8, 9] [E, W]
   15 0x000002A7 0xFFFFFFE7 0x0000C001 False   [8, 9] [E]
   16 0x000002C6 0xFFFFFFE7 0x00018009 False   [9, 10] [E, W]
   17 0x000002C7 0xFFFFFFE7 0x00018001 False   [9, 10] [E]
   18 0x000002E6 0xFFFFFFE7 0x00030009 False   [10, 11] [E, W]
   19 0x000002E7 0xFFFFFFE7 0x00030001 False   [10, 11] [E]
   20 0x00000306 0xFFFFFFE7 0x00060009 False   [11, 12] [E, W]
   21 0x00000307 0xFFFFFFE7 0x00060001 False   [11, 12] [E]
   22 0x00000326 0xFFFFFFE7 0x000C0009 False   [12, 13] [E, W]
   23 0x00000327 0xFFFFFFE7 0x000C0001 False   [12, 13] [E]
   24 0x00000346 0xFFFFFFE7 0x00180009 False   [13, 14] [E, W]
   25 0x00000347 0xFFFFFFE7 0x00180001 False   [13, 14] [E]
   26 0x00000366 0xFFFFFFE7 0x00300009 False   [14, 15] [E, W]
   27 0x00000367 0xFFFFFFE7 0x00300001 False   [14, 15] [E]
   28 0x00000386 0xFFFFFFE7 0x00600009 False   [16, 15] [E, W]
   29 0x00000387 0xFFFFFFE7 0x00600001 False   [16, 15] [E]
   30 0x000003A6 0xFFFFFFE7 0x00C00009 False   [16, 17] [E, W]
   31 0x000003A7 0xFFFFFFE7 0x00C00001 False   [16, 17] [E]
   32 0x000003C6 0xFFFFFFE7 0x00800009 False   [17] [E, W]
   33 0x000003C7 0xFFFFFFE7 0x00800001 False   [17] [E]
   34 0x000001C0 0xFFFFFFE0 0x00000108 False   [2] [W]
   35 0x000001E0 0xFFFFFFE0 0x00000308 False   [2, 3] [W]
   36 0x00000200 0xFFFFFFE0 0x00000608 False   [3, 4] [W]
   37 0x00000220 0xFFFFFFE0 0x00000C08 False   [4, 5] [W]
   38 0x00000240 0xFFFFFFE0 0x00001808 False   [5, 6] [W]
   39 0x00000260 0xFFFFFFE0 0x00003008 False   [6, 7] [W]
   40 0x00000280 0xFFFFFFE0 0x00006008 False   [8, 7] [W]
   41 0x000002A0 0xFFFFFFE0 0x0000C008 False   [8, 9] [W]
   42 0x000002C0 0xFFFFFFE0 0x00018008 False   [9, 10] [W]
   43 0x000002E0 0xFFFFFFE0 0x00030008 False   [10, 11] [W]
   44 0x00000300 0xFFFFFFE0 0x00060008 False   [11, 12] [W]
   45 0x00000320 0xFFFFFFE0 0x000C0008 False   [12, 13] [W]
   46 0x00000340 0xFFFFFFE0 0x00180008 False   [13, 14] [W]
   47 0x00000360 0xFFFFFFE0 0x00300008 False   [14, 15] [W]
   48 0x00000380 0xFFFFFFE0 0x00600008 False   [16, 15] [W]
   49 0x000003A0 0xFFFFFFE0 0x00C00008 False   [16, 17] [W]
   50 0x000003C0 0xFFFFFFE0 0x00800008 False   [17] [W]
   51 0x00000006 0xFFFFC007 0x00000009 False   [] [E, W]
   52 0x00000007 0xFFFFC007 0x00000001 False   [] [E]
   53 0x00000000 0xFFFF4000 0x00000008 False   [] [W]
0 Defaultable entries
