SpYNNakerNeuronGraphNetworkSpecificationReport skipped as cfg Reports:write_network_graph is False
Network Specification report took 0:00:00.000274 
Splitter reset took 0:00:00.000013 
Spynnaker splitter selector took 0:00:00.004911 
DelaySupportAdder took 0:00:00.000156 
SpynnakerSplitterPartitioner took 0:00:00.002241 
SpallocAllocator took 0:00:14.279518 
Machine generator took 0:00:14.093931 
Json machine skipped as cfg Reports:write_json_machine is False
Board chip report took 0:00:00.005312 
Command Sender Adder took 0:00:00.000672 
Split Live Gather Vertices took 0:00:00.000009 
Insert chip power monitors skipped as cfg Reports:write_energy_report is False
Insert extra monitor vertices took 0:00:00.000008 
Partitioner report took 0:00:00.000902 
Local TDMA builder took 0:00:00.000037 
Application Placer took 0:00:00.015282 
Placements wth application graph report took 0:00:00.007034 
Json placements skipped as cfg Reports:write_json_placements is False
System multicast routing generator took 0:00:00.018526 
Fixed route router took 0:00:00.009208 
Application Router took 0:00:00.115777 
Basic tag allocator took 0:00:00.002496 
Tag allocator report took 0:00:00.000167 
Zoned routing info allocator took 0:00:00.045820 
Router info report took 0:00:00.002007 
Merged routing table generator took 0:00:00.059770 
Uncompressed routing table report took 0:00:00.049065 
Router report skipped as cfg Reports:write_router_reports is False
Router summary report skipped as cfg Reports:write_router_summary_report is False
Json routing tables skipped as cfg Reports:write_json_routing_tables is False
Locate executable start type took 0:00:00.002461 
Buffer manager creator took 0:00:00.001307 
SDRAM outgoing partition allocator took 0:00:00.000083 
Write Neo Metadata took 0:00:00.001012 
Record vertex labels to database took 0:00:00.006918 
Routing setup took 0:00:00.022821 
Graph binary gatherer took 0:00:00.016444 
Pair on chip router compression took 0:00:02.993395 
Graph data specification writer took 0:00:00.450473 
Control Sync took 0:00:00.000186 
Load fixed routes took 0:00:00.208093 
Execute system data specification took 0:00:01.663016 
Load executable system Images took 0:00:01.748869 
Tags Loader took 0:00:00.020831 
Host data specification took 0:00:01.520497 
Neuron expander took 0:00:01.392048 
Synapse expander took 0:00:01.948912 
Finish connection holders took 0:00:00.000715 
Bitfield compressor report skipped as cfg Reports:write_bit_field_compressor_report is False
Tags from machine report took 0:00:00.014161 
Memory report skipped as cfg Reports:write_memory_map_report is False
Memory report skipped as cfg Reports:write_memory_map_report is False
Compressor report took 0:00:00.190833 
Fixed route report took 0:00:00.225772 
Load executable app images took 0:00:02.401244 
Sdram usage per chip report took 0:00:00.013780 
Drift report skipped as cfg Reports:write_drift_report_start is False
Create database interface took 0:00:00.049573 
Create notification protocol took 0:00:00.000366 
Runtime Update took 0:00:00.028208 
Application runner exited with KeyboardInterrupt after 0:04:39.992134
