        Partitioning Information by Vertex
        ===============================

Generated: Thu Mar 23 10:41:27 2023 for target machine '172.16.223.1'

**** Vertex: 'input'
Model: SPIFInputDevice
Pop size: 4096
Machine Vertices: 
  Slice (0:31)
  Slice (0:31)
  Slice (0:31)
  Slice (0:31)
  Slice (0:31)
  Slice (0:31)
  Slice (0:31)
  Slice (0:31)
  Slice (0:4095)
  Slice (32:63)
  Slice (32:63)
  Slice (32:63)
  Slice (32:63)
  Slice (32:63)
  Slice (32:63)
  Slice (32:63)
  Slice (32:63)
  Slice (64:95)
  Slice (64:95)
  Slice (64:95)
  Slice (64:95)
  Slice (64:95)
  Slice (64:95)
  Slice (64:95)
  Slice (64:95)
  Slice (96:127)
  Slice (96:127)
  Slice (96:127)
  Slice (96:127)
  Slice (96:127)
  Slice (96:127)
  Slice (96:127)
  Slice (96:127)
  Slice (128:159)
  Slice (128:159)
  Slice (128:159)
  Slice (128:159)
  Slice (128:159)
  Slice (128:159)
  Slice (128:159)
  Slice (128:159)
  Slice (160:191)
  Slice (160:191)
  Slice (160:191)
  Slice (160:191)
  Slice (160:191)
  Slice (160:191)
  Slice (160:191)
  Slice (160:191)
  Slice (192:223)
  Slice (192:223)
  Slice (192:223)
  Slice (192:223)
  Slice (192:223)
  Slice (192:223)
  Slice (192:223)
  Slice (192:223)
  Slice (224:255)
  Slice (224:255)
  Slice (224:255)
  Slice (224:255)
  Slice (224:255)
  Slice (224:255)
  Slice (224:255)
  Slice (224:255)
  Slice (256:287)
  Slice (256:287)
  Slice (256:287)
  Slice (256:287)
  Slice (256:287)
  Slice (256:287)
  Slice (256:287)
  Slice (256:287)
  Slice (288:319)
  Slice (288:319)
  Slice (288:319)
  Slice (288:319)
  Slice (288:319)
  Slice (288:319)
  Slice (288:319)
  Slice (288:319)
  Slice (320:351)
  Slice (320:351)
  Slice (320:351)
  Slice (320:351)
  Slice (320:351)
  Slice (320:351)
  Slice (320:351)
  Slice (320:351)
  Slice (352:383)
  Slice (352:383)
  Slice (352:383)
  Slice (352:383)
  Slice (352:383)
  Slice (352:383)
  Slice (352:383)
  Slice (352:383)
  Slice (384:415)
  Slice (384:415)
  Slice (384:415)
  Slice (384:415)
  Slice (384:415)
  Slice (384:415)
  Slice (384:415)
  Slice (384:415)
  Slice (416:447)
  Slice (416:447)
  Slice (416:447)
  Slice (416:447)
  Slice (416:447)
  Slice (416:447)
  Slice (416:447)
  Slice (416:447)
  Slice (448:479)
  Slice (448:479)
  Slice (448:479)
  Slice (448:479)
  Slice (448:479)
  Slice (448:479)
  Slice (448:479)
  Slice (448:479)
  Slice (480:511)
  Slice (480:511)
  Slice (480:511)
  Slice (480:511)
  Slice (480:511)
  Slice (480:511)
  Slice (480:511)
  Slice (480:511)
  Slice (512:543)
  Slice (512:543)
  Slice (512:543)
  Slice (512:543)
  Slice (512:543)
  Slice (512:543)
  Slice (512:543)
  Slice (512:543)
  Slice (544:575)
  Slice (544:575)
  Slice (544:575)
  Slice (544:575)
  Slice (544:575)
  Slice (544:575)
  Slice (544:575)
  Slice (544:575)
  Slice (576:607)
  Slice (576:607)
  Slice (576:607)
  Slice (576:607)
  Slice (576:607)
  Slice (576:607)
  Slice (576:607)
  Slice (576:607)
  Slice (608:639)
  Slice (608:639)
  Slice (608:639)
  Slice (608:639)
  Slice (608:639)
  Slice (608:639)
  Slice (608:639)
  Slice (608:639)
  Slice (640:671)
  Slice (640:671)
  Slice (640:671)
  Slice (640:671)
  Slice (640:671)
  Slice (640:671)
  Slice (640:671)
  Slice (640:671)
  Slice (672:703)
  Slice (672:703)
  Slice (672:703)
  Slice (672:703)
  Slice (672:703)
  Slice (672:703)
  Slice (672:703)
  Slice (672:703)
  Slice (704:735)
  Slice (704:735)
  Slice (704:735)
  Slice (704:735)
  Slice (704:735)
  Slice (704:735)
  Slice (704:735)
  Slice (704:735)
  Slice (736:767)
  Slice (736:767)
  Slice (736:767)
  Slice (736:767)
  Slice (736:767)
  Slice (736:767)
  Slice (736:767)
  Slice (736:767)
  Slice (768:799)
  Slice (768:799)
  Slice (768:799)
  Slice (768:799)
  Slice (768:799)
  Slice (768:799)
  Slice (768:799)
  Slice (768:799)
  Slice (800:831)
  Slice (800:831)
  Slice (800:831)
  Slice (800:831)
  Slice (800:831)
  Slice (800:831)
  Slice (800:831)
  Slice (800:831)
  Slice (832:863)
  Slice (832:863)
  Slice (832:863)
  Slice (832:863)
  Slice (832:863)
  Slice (832:863)
  Slice (832:863)
  Slice (832:863)
  Slice (864:895)
  Slice (864:895)
  Slice (864:895)
  Slice (864:895)
  Slice (864:895)
  Slice (864:895)
  Slice (864:895)
  Slice (864:895)
  Slice (896:927)
  Slice (896:927)
  Slice (896:927)
  Slice (896:927)
  Slice (896:927)
  Slice (896:927)
  Slice (896:927)
  Slice (896:927)
  Slice (928:959)
  Slice (928:959)
  Slice (928:959)
  Slice (928:959)
  Slice (928:959)
  Slice (928:959)
  Slice (928:959)
  Slice (928:959)
  Slice (960:991)
  Slice (960:991)
  Slice (960:991)
  Slice (960:991)
  Slice (960:991)
  Slice (960:991)
  Slice (960:991)
  Slice (960:991)
  Slice (992:1023)
  Slice (992:1023)
  Slice (992:1023)
  Slice (992:1023)
  Slice (992:1023)
  Slice (992:1023)
  Slice (992:1023)
  Slice (992:1023)
  Slice (1024:1055)
  Slice (1024:1055)
  Slice (1024:1055)
  Slice (1024:1055)
  Slice (1024:1055)
  Slice (1024:1055)
  Slice (1024:1055)
  Slice (1024:1055)
  Slice (1056:1087)
  Slice (1056:1087)
  Slice (1056:1087)
  Slice (1056:1087)
  Slice (1056:1087)
  Slice (1056:1087)
  Slice (1056:1087)
  Slice (1056:1087)
  Slice (1088:1119)
  Slice (1088:1119)
  Slice (1088:1119)
  Slice (1088:1119)
  Slice (1088:1119)
  Slice (1088:1119)
  Slice (1088:1119)
  Slice (1088:1119)
  Slice (1120:1151)
  Slice (1120:1151)
  Slice (1120:1151)
  Slice (1120:1151)
  Slice (1120:1151)
  Slice (1120:1151)
  Slice (1120:1151)
  Slice (1120:1151)
  Slice (1152:1183)
  Slice (1152:1183)
  Slice (1152:1183)
  Slice (1152:1183)
  Slice (1152:1183)
  Slice (1152:1183)
  Slice (1152:1183)
  Slice (1152:1183)
  Slice (1184:1215)
  Slice (1184:1215)
  Slice (1184:1215)
  Slice (1184:1215)
  Slice (1184:1215)
  Slice (1184:1215)
  Slice (1184:1215)
  Slice (1184:1215)
  Slice (1216:1247)
  Slice (1216:1247)
  Slice (1216:1247)
  Slice (1216:1247)
  Slice (1216:1247)
  Slice (1216:1247)
  Slice (1216:1247)
  Slice (1216:1247)
  Slice (1248:1279)
  Slice (1248:1279)
  Slice (1248:1279)
  Slice (1248:1279)
  Slice (1248:1279)
  Slice (1248:1279)
  Slice (1248:1279)
  Slice (1248:1279)
  Slice (1280:1311)
  Slice (1280:1311)
  Slice (1280:1311)
  Slice (1280:1311)
  Slice (1280:1311)
  Slice (1280:1311)
  Slice (1280:1311)
  Slice (1280:1311)
  Slice (1312:1343)
  Slice (1312:1343)
  Slice (1312:1343)
  Slice (1312:1343)
  Slice (1312:1343)
  Slice (1312:1343)
  Slice (1312:1343)
  Slice (1312:1343)
  Slice (1344:1375)
  Slice (1344:1375)
  Slice (1344:1375)
  Slice (1344:1375)
  Slice (1344:1375)
  Slice (1344:1375)
  Slice (1344:1375)
  Slice (1344:1375)
  Slice (1376:1407)
  Slice (1376:1407)
  Slice (1376:1407)
  Slice (1376:1407)
  Slice (1376:1407)
  Slice (1376:1407)
  Slice (1376:1407)
  Slice (1376:1407)
  Slice (1408:1439)
  Slice (1408:1439)
  Slice (1408:1439)
  Slice (1408:1439)
  Slice (1408:1439)
  Slice (1408:1439)
  Slice (1408:1439)
  Slice (1408:1439)
  Slice (1440:1471)
  Slice (1440:1471)
  Slice (1440:1471)
  Slice (1440:1471)
  Slice (1440:1471)
  Slice (1440:1471)
  Slice (1440:1471)
  Slice (1440:1471)
  Slice (1472:1503)
  Slice (1472:1503)
  Slice (1472:1503)
  Slice (1472:1503)
  Slice (1472:1503)
  Slice (1472:1503)
  Slice (1472:1503)
  Slice (1472:1503)
  Slice (1504:1535)
  Slice (1504:1535)
  Slice (1504:1535)
  Slice (1504:1535)
  Slice (1504:1535)
  Slice (1504:1535)
  Slice (1504:1535)
  Slice (1504:1535)
  Slice (1536:1567)
  Slice (1536:1567)
  Slice (1536:1567)
  Slice (1536:1567)
  Slice (1536:1567)
  Slice (1536:1567)
  Slice (1536:1567)
  Slice (1536:1567)
  Slice (1568:1599)
  Slice (1568:1599)
  Slice (1568:1599)
  Slice (1568:1599)
  Slice (1568:1599)
  Slice (1568:1599)
  Slice (1568:1599)
  Slice (1568:1599)
  Slice (1600:1631)
  Slice (1600:1631)
  Slice (1600:1631)
  Slice (1600:1631)
  Slice (1600:1631)
  Slice (1600:1631)
  Slice (1600:1631)
  Slice (1600:1631)
  Slice (1632:1663)
  Slice (1632:1663)
  Slice (1632:1663)
  Slice (1632:1663)
  Slice (1632:1663)
  Slice (1632:1663)
  Slice (1632:1663)
  Slice (1632:1663)
  Slice (1664:1695)
  Slice (1664:1695)
  Slice (1664:1695)
  Slice (1664:1695)
  Slice (1664:1695)
  Slice (1664:1695)
  Slice (1664:1695)
  Slice (1664:1695)
  Slice (1696:1727)
  Slice (1696:1727)
  Slice (1696:1727)
  Slice (1696:1727)
  Slice (1696:1727)
  Slice (1696:1727)
  Slice (1696:1727)
  Slice (1696:1727)
  Slice (1728:1759)
  Slice (1728:1759)
  Slice (1728:1759)
  Slice (1728:1759)
  Slice (1728:1759)
  Slice (1728:1759)
  Slice (1728:1759)
  Slice (1728:1759)
  Slice (1760:1791)
  Slice (1760:1791)
  Slice (1760:1791)
  Slice (1760:1791)
  Slice (1760:1791)
  Slice (1760:1791)
  Slice (1760:1791)
  Slice (1760:1791)
  Slice (1792:1823)
  Slice (1792:1823)
  Slice (1792:1823)
  Slice (1792:1823)
  Slice (1792:1823)
  Slice (1792:1823)
  Slice (1792:1823)
  Slice (1792:1823)
  Slice (1824:1855)
  Slice (1824:1855)
  Slice (1824:1855)
  Slice (1824:1855)
  Slice (1824:1855)
  Slice (1824:1855)
  Slice (1824:1855)
  Slice (1824:1855)
  Slice (1856:1887)
  Slice (1856:1887)
  Slice (1856:1887)
  Slice (1856:1887)
  Slice (1856:1887)
  Slice (1856:1887)
  Slice (1856:1887)
  Slice (1856:1887)
  Slice (1888:1919)
  Slice (1888:1919)
  Slice (1888:1919)
  Slice (1888:1919)
  Slice (1888:1919)
  Slice (1888:1919)
  Slice (1888:1919)
  Slice (1888:1919)
  Slice (1920:1951)
  Slice (1920:1951)
  Slice (1920:1951)
  Slice (1920:1951)
  Slice (1920:1951)
  Slice (1920:1951)
  Slice (1920:1951)
  Slice (1920:1951)
  Slice (1952:1983)
  Slice (1952:1983)
  Slice (1952:1983)
  Slice (1952:1983)
  Slice (1952:1983)
  Slice (1952:1983)
  Slice (1952:1983)
  Slice (1952:1983)
  Slice (1984:2015)
  Slice (1984:2015)
  Slice (1984:2015)
  Slice (1984:2015)
  Slice (1984:2015)
  Slice (1984:2015)
  Slice (1984:2015)
  Slice (1984:2015)
  Slice (2016:2047)
  Slice (2016:2047)
  Slice (2016:2047)
  Slice (2016:2047)
  Slice (2016:2047)
  Slice (2016:2047)
  Slice (2016:2047)
  Slice (2016:2047)
  Slice (2048:2079)
  Slice (2048:2079)
  Slice (2048:2079)
  Slice (2048:2079)
  Slice (2048:2079)
  Slice (2048:2079)
  Slice (2048:2079)
  Slice (2048:2079)
  Slice (2080:2111)
  Slice (2080:2111)
  Slice (2080:2111)
  Slice (2080:2111)
  Slice (2080:2111)
  Slice (2080:2111)
  Slice (2080:2111)
  Slice (2080:2111)
  Slice (2112:2143)
  Slice (2112:2143)
  Slice (2112:2143)
  Slice (2112:2143)
  Slice (2112:2143)
  Slice (2112:2143)
  Slice (2112:2143)
  Slice (2112:2143)
  Slice (2144:2175)
  Slice (2144:2175)
  Slice (2144:2175)
  Slice (2144:2175)
  Slice (2144:2175)
  Slice (2144:2175)
  Slice (2144:2175)
  Slice (2144:2175)
  Slice (2176:2207)
  Slice (2176:2207)
  Slice (2176:2207)
  Slice (2176:2207)
  Slice (2176:2207)
  Slice (2176:2207)
  Slice (2176:2207)
  Slice (2176:2207)
  Slice (2208:2239)
  Slice (2208:2239)
  Slice (2208:2239)
  Slice (2208:2239)
  Slice (2208:2239)
  Slice (2208:2239)
  Slice (2208:2239)
  Slice (2208:2239)
  Slice (2240:2271)
  Slice (2240:2271)
  Slice (2240:2271)
  Slice (2240:2271)
  Slice (2240:2271)
  Slice (2240:2271)
  Slice (2240:2271)
  Slice (2240:2271)
  Slice (2272:2303)
  Slice (2272:2303)
  Slice (2272:2303)
  Slice (2272:2303)
  Slice (2272:2303)
  Slice (2272:2303)
  Slice (2272:2303)
  Slice (2272:2303)
  Slice (2304:2335)
  Slice (2304:2335)
  Slice (2304:2335)
  Slice (2304:2335)
  Slice (2304:2335)
  Slice (2304:2335)
  Slice (2304:2335)
  Slice (2304:2335)
  Slice (2336:2367)
  Slice (2336:2367)
  Slice (2336:2367)
  Slice (2336:2367)
  Slice (2336:2367)
  Slice (2336:2367)
  Slice (2336:2367)
  Slice (2336:2367)
  Slice (2368:2399)
  Slice (2368:2399)
  Slice (2368:2399)
  Slice (2368:2399)
  Slice (2368:2399)
  Slice (2368:2399)
  Slice (2368:2399)
  Slice (2368:2399)
  Slice (2400:2431)
  Slice (2400:2431)
  Slice (2400:2431)
  Slice (2400:2431)
  Slice (2400:2431)
  Slice (2400:2431)
  Slice (2400:2431)
  Slice (2400:2431)
  Slice (2432:2463)
  Slice (2432:2463)
  Slice (2432:2463)
  Slice (2432:2463)
  Slice (2432:2463)
  Slice (2432:2463)
  Slice (2432:2463)
  Slice (2432:2463)
  Slice (2464:2495)
  Slice (2464:2495)
  Slice (2464:2495)
  Slice (2464:2495)
  Slice (2464:2495)
  Slice (2464:2495)
  Slice (2464:2495)
  Slice (2464:2495)
  Slice (2496:2527)
  Slice (2496:2527)
  Slice (2496:2527)
  Slice (2496:2527)
  Slice (2496:2527)
  Slice (2496:2527)
  Slice (2496:2527)
  Slice (2496:2527)
  Slice (2528:2559)
  Slice (2528:2559)
  Slice (2528:2559)
  Slice (2528:2559)
  Slice (2528:2559)
  Slice (2528:2559)
  Slice (2528:2559)
  Slice (2528:2559)
  Slice (2560:2591)
  Slice (2560:2591)
  Slice (2560:2591)
  Slice (2560:2591)
  Slice (2560:2591)
  Slice (2560:2591)
  Slice (2560:2591)
  Slice (2560:2591)
  Slice (2592:2623)
  Slice (2592:2623)
  Slice (2592:2623)
  Slice (2592:2623)
  Slice (2592:2623)
  Slice (2592:2623)
  Slice (2592:2623)
  Slice (2592:2623)
  Slice (2624:2655)
  Slice (2624:2655)
  Slice (2624:2655)
  Slice (2624:2655)
  Slice (2624:2655)
  Slice (2624:2655)
  Slice (2624:2655)
  Slice (2624:2655)
  Slice (2656:2687)
  Slice (2656:2687)
  Slice (2656:2687)
  Slice (2656:2687)
  Slice (2656:2687)
  Slice (2656:2687)
  Slice (2656:2687)
  Slice (2656:2687)
  Slice (2688:2719)
  Slice (2688:2719)
  Slice (2688:2719)
  Slice (2688:2719)
  Slice (2688:2719)
  Slice (2688:2719)
  Slice (2688:2719)
  Slice (2688:2719)
  Slice (2720:2751)
  Slice (2720:2751)
  Slice (2720:2751)
  Slice (2720:2751)
  Slice (2720:2751)
  Slice (2720:2751)
  Slice (2720:2751)
  Slice (2720:2751)
  Slice (2752:2783)
  Slice (2752:2783)
  Slice (2752:2783)
  Slice (2752:2783)
  Slice (2752:2783)
  Slice (2752:2783)
  Slice (2752:2783)
  Slice (2752:2783)
  Slice (2784:2815)
  Slice (2784:2815)
  Slice (2784:2815)
  Slice (2784:2815)
  Slice (2784:2815)
  Slice (2784:2815)
  Slice (2784:2815)
  Slice (2784:2815)
  Slice (2816:2847)
  Slice (2816:2847)
  Slice (2816:2847)
  Slice (2816:2847)
  Slice (2816:2847)
  Slice (2816:2847)
  Slice (2816:2847)
  Slice (2816:2847)
  Slice (2848:2879)
  Slice (2848:2879)
  Slice (2848:2879)
  Slice (2848:2879)
  Slice (2848:2879)
  Slice (2848:2879)
  Slice (2848:2879)
  Slice (2848:2879)
  Slice (2880:2911)
  Slice (2880:2911)
  Slice (2880:2911)
  Slice (2880:2911)
  Slice (2880:2911)
  Slice (2880:2911)
  Slice (2880:2911)
  Slice (2880:2911)
  Slice (2912:2943)
  Slice (2912:2943)
  Slice (2912:2943)
  Slice (2912:2943)
  Slice (2912:2943)
  Slice (2912:2943)
  Slice (2912:2943)
  Slice (2912:2943)
  Slice (2944:2975)
  Slice (2944:2975)
  Slice (2944:2975)
  Slice (2944:2975)
  Slice (2944:2975)
  Slice (2944:2975)
  Slice (2944:2975)
  Slice (2944:2975)
  Slice (2976:3007)
  Slice (2976:3007)
  Slice (2976:3007)
  Slice (2976:3007)
  Slice (2976:3007)
  Slice (2976:3007)
  Slice (2976:3007)
  Slice (2976:3007)
  Slice (3008:3039)
  Slice (3008:3039)
  Slice (3008:3039)
  Slice (3008:3039)
  Slice (3008:3039)
  Slice (3008:3039)
  Slice (3008:3039)
  Slice (3008:3039)
  Slice (3040:3071)
  Slice (3040:3071)
  Slice (3040:3071)
  Slice (3040:3071)
  Slice (3040:3071)
  Slice (3040:3071)
  Slice (3040:3071)
  Slice (3040:3071)
  Slice (3072:3103)
  Slice (3072:3103)
  Slice (3072:3103)
  Slice (3072:3103)
  Slice (3072:3103)
  Slice (3072:3103)
  Slice (3072:3103)
  Slice (3072:3103)
  Slice (3104:3135)
  Slice (3104:3135)
  Slice (3104:3135)
  Slice (3104:3135)
  Slice (3104:3135)
  Slice (3104:3135)
  Slice (3104:3135)
  Slice (3104:3135)
  Slice (3136:3167)
  Slice (3136:3167)
  Slice (3136:3167)
  Slice (3136:3167)
  Slice (3136:3167)
  Slice (3136:3167)
  Slice (3136:3167)
  Slice (3136:3167)
  Slice (3168:3199)
  Slice (3168:3199)
  Slice (3168:3199)
  Slice (3168:3199)
  Slice (3168:3199)
  Slice (3168:3199)
  Slice (3168:3199)
  Slice (3168:3199)
  Slice (3200:3231)
  Slice (3200:3231)
  Slice (3200:3231)
  Slice (3200:3231)
  Slice (3200:3231)
  Slice (3200:3231)
  Slice (3200:3231)
  Slice (3200:3231)
  Slice (3232:3263)
  Slice (3232:3263)
  Slice (3232:3263)
  Slice (3232:3263)
  Slice (3232:3263)
  Slice (3232:3263)
  Slice (3232:3263)
  Slice (3232:3263)
  Slice (3264:3295)
  Slice (3264:3295)
  Slice (3264:3295)
  Slice (3264:3295)
  Slice (3264:3295)
  Slice (3264:3295)
  Slice (3264:3295)
  Slice (3264:3295)
  Slice (3296:3327)
  Slice (3296:3327)
  Slice (3296:3327)
  Slice (3296:3327)
  Slice (3296:3327)
  Slice (3296:3327)
  Slice (3296:3327)
  Slice (3296:3327)
  Slice (3328:3359)
  Slice (3328:3359)
  Slice (3328:3359)
  Slice (3328:3359)
  Slice (3328:3359)
  Slice (3328:3359)
  Slice (3328:3359)
  Slice (3328:3359)
  Slice (3360:3391)
  Slice (3360:3391)
  Slice (3360:3391)
  Slice (3360:3391)
  Slice (3360:3391)
  Slice (3360:3391)
  Slice (3360:3391)
  Slice (3360:3391)
  Slice (3392:3423)
  Slice (3392:3423)
  Slice (3392:3423)
  Slice (3392:3423)
  Slice (3392:3423)
  Slice (3392:3423)
  Slice (3392:3423)
  Slice (3392:3423)
  Slice (3424:3455)
  Slice (3424:3455)
  Slice (3424:3455)
  Slice (3424:3455)
  Slice (3424:3455)
  Slice (3424:3455)
  Slice (3424:3455)
  Slice (3424:3455)
  Slice (3456:3487)
  Slice (3456:3487)
  Slice (3456:3487)
  Slice (3456:3487)
  Slice (3456:3487)
  Slice (3456:3487)
  Slice (3456:3487)
  Slice (3456:3487)
  Slice (3488:3519)
  Slice (3488:3519)
  Slice (3488:3519)
  Slice (3488:3519)
  Slice (3488:3519)
  Slice (3488:3519)
  Slice (3488:3519)
  Slice (3488:3519)
  Slice (3520:3551)
  Slice (3520:3551)
  Slice (3520:3551)
  Slice (3520:3551)
  Slice (3520:3551)
  Slice (3520:3551)
  Slice (3520:3551)
  Slice (3520:3551)
  Slice (3552:3583)
  Slice (3552:3583)
  Slice (3552:3583)
  Slice (3552:3583)
  Slice (3552:3583)
  Slice (3552:3583)
  Slice (3552:3583)
  Slice (3552:3583)
  Slice (3584:3615)
  Slice (3584:3615)
  Slice (3584:3615)
  Slice (3584:3615)
  Slice (3584:3615)
  Slice (3584:3615)
  Slice (3584:3615)
  Slice (3584:3615)
  Slice (3616:3647)
  Slice (3616:3647)
  Slice (3616:3647)
  Slice (3616:3647)
  Slice (3616:3647)
  Slice (3616:3647)
  Slice (3616:3647)
  Slice (3616:3647)
  Slice (3648:3679)
  Slice (3648:3679)
  Slice (3648:3679)
  Slice (3648:3679)
  Slice (3648:3679)
  Slice (3648:3679)
  Slice (3648:3679)
  Slice (3648:3679)
  Slice (3680:3711)
  Slice (3680:3711)
  Slice (3680:3711)
  Slice (3680:3711)
  Slice (3680:3711)
  Slice (3680:3711)
  Slice (3680:3711)
  Slice (3680:3711)
  Slice (3712:3743)
  Slice (3712:3743)
  Slice (3712:3743)
  Slice (3712:3743)
  Slice (3712:3743)
  Slice (3712:3743)
  Slice (3712:3743)
  Slice (3712:3743)
  Slice (3744:3775)
  Slice (3744:3775)
  Slice (3744:3775)
  Slice (3744:3775)
  Slice (3744:3775)
  Slice (3744:3775)
  Slice (3744:3775)
  Slice (3744:3775)
  Slice (3776:3807)
  Slice (3776:3807)
  Slice (3776:3807)
  Slice (3776:3807)
  Slice (3776:3807)
  Slice (3776:3807)
  Slice (3776:3807)
  Slice (3776:3807)
  Slice (3808:3839)
  Slice (3808:3839)
  Slice (3808:3839)
  Slice (3808:3839)
  Slice (3808:3839)
  Slice (3808:3839)
  Slice (3808:3839)
  Slice (3808:3839)
  Slice (3840:3871)
  Slice (3840:3871)
  Slice (3840:3871)
  Slice (3840:3871)
  Slice (3840:3871)
  Slice (3840:3871)
  Slice (3840:3871)
  Slice (3840:3871)
  Slice (3872:3903)
  Slice (3872:3903)
  Slice (3872:3903)
  Slice (3872:3903)
  Slice (3872:3903)
  Slice (3872:3903)
  Slice (3872:3903)
  Slice (3872:3903)
  Slice (3904:3935)
  Slice (3904:3935)
  Slice (3904:3935)
  Slice (3904:3935)
  Slice (3904:3935)
  Slice (3904:3935)
  Slice (3904:3935)
  Slice (3904:3935)
  Slice (3936:3967)
  Slice (3936:3967)
  Slice (3936:3967)
  Slice (3936:3967)
  Slice (3936:3967)
  Slice (3936:3967)
  Slice (3936:3967)
  Slice (3936:3967)
  Slice (3968:3999)
  Slice (3968:3999)
  Slice (3968:3999)
  Slice (3968:3999)
  Slice (3968:3999)
  Slice (3968:3999)
  Slice (3968:3999)
  Slice (3968:3999)
  Slice (4000:4031)
  Slice (4000:4031)
  Slice (4000:4031)
  Slice (4000:4031)
  Slice (4000:4031)
  Slice (4000:4031)
  Slice (4000:4031)
  Slice (4000:4031)
  Slice (4032:4063)
  Slice (4032:4063)
  Slice (4032:4063)
  Slice (4032:4063)
  Slice (4032:4063)
  Slice (4032:4063)
  Slice (4032:4063)
  Slice (4032:4063)
  Slice (4064:4095)
  Slice (4064:4095)
  Slice (4064:4095)
  Slice (4064:4095)
  Slice (4064:4095)
  Slice (4064:4095)
  Slice (4064:4095)
  Slice (4064:4095)

**** Vertex: 'middle'
Model: AbstractPopulationVertex
Pop size: 4096
Machine Vertices: 
  Slice (0:31)
  Slice (32:63)
  Slice (64:95)
  Slice (96:127)
  Slice (128:159)
  Slice (160:191)
  Slice (192:223)
  Slice (224:255)
  Slice (256:287)
  Slice (288:319)
  Slice (320:351)
  Slice (352:383)
  Slice (384:415)
  Slice (416:447)
  Slice (448:479)
  Slice (480:511)
  Slice (512:543)
  Slice (544:575)
  Slice (576:607)
  Slice (608:639)
  Slice (640:671)
  Slice (672:703)
  Slice (704:735)
  Slice (736:767)
  Slice (768:799)
  Slice (800:831)
  Slice (832:863)
  Slice (864:895)
  Slice (896:927)
  Slice (928:959)
  Slice (960:991)
  Slice (992:1023)
  Slice (1024:1055)
  Slice (1056:1087)
  Slice (1088:1119)
  Slice (1120:1151)
  Slice (1152:1183)
  Slice (1184:1215)
  Slice (1216:1247)
  Slice (1248:1279)
  Slice (1280:1311)
  Slice (1312:1343)
  Slice (1344:1375)
  Slice (1376:1407)
  Slice (1408:1439)
  Slice (1440:1471)
  Slice (1472:1503)
  Slice (1504:1535)
  Slice (1536:1567)
  Slice (1568:1599)
  Slice (1600:1631)
  Slice (1632:1663)
  Slice (1664:1695)
  Slice (1696:1727)
  Slice (1728:1759)
  Slice (1760:1791)
  Slice (1792:1823)
  Slice (1824:1855)
  Slice (1856:1887)
  Slice (1888:1919)
  Slice (1920:1951)
  Slice (1952:1983)
  Slice (1984:2015)
  Slice (2016:2047)
  Slice (2048:2079)
  Slice (2080:2111)
  Slice (2112:2143)
  Slice (2144:2175)
  Slice (2176:2207)
  Slice (2208:2239)
  Slice (2240:2271)
  Slice (2272:2303)
  Slice (2304:2335)
  Slice (2336:2367)
  Slice (2368:2399)
  Slice (2400:2431)
  Slice (2432:2463)
  Slice (2464:2495)
  Slice (2496:2527)
  Slice (2528:2559)
  Slice (2560:2591)
  Slice (2592:2623)
  Slice (2624:2655)
  Slice (2656:2687)
  Slice (2688:2719)
  Slice (2720:2751)
  Slice (2752:2783)
  Slice (2784:2815)
  Slice (2816:2847)
  Slice (2848:2879)
  Slice (2880:2911)
  Slice (2912:2943)
  Slice (2944:2975)
  Slice (2976:3007)
  Slice (3008:3039)
  Slice (3040:3071)
  Slice (3072:3103)
  Slice (3104:3135)
  Slice (3136:3167)
  Slice (3168:3199)
  Slice (3200:3231)
  Slice (3232:3263)
  Slice (3264:3295)
  Slice (3296:3327)
  Slice (3328:3359)
  Slice (3360:3391)
  Slice (3392:3423)
  Slice (3424:3455)
  Slice (3456:3487)
  Slice (3488:3519)
  Slice (3520:3551)
  Slice (3552:3583)
  Slice (3584:3615)
  Slice (3616:3647)
  Slice (3648:3679)
  Slice (3680:3711)
  Slice (3712:3743)
  Slice (3744:3775)
  Slice (3776:3807)
  Slice (3808:3839)
  Slice (3840:3871)
  Slice (3872:3903)
  Slice (3904:3935)
  Slice (3936:3967)
  Slice (3968:3999)
  Slice (4000:4031)
  Slice (4032:4063)
  Slice (4064:4095)

**** Vertex: 'output'
Model: SPIFOutputDevice
Pop size: 1
Machine Vertices: 
  Slice (0:0)

**** Vertex: 'Command Sender on 0, 0'
Model: CommandSender
Pop size: 1
Machine Vertices: 
  Slice (0:0)

