Router contains 96 entries
Index Key        Mask       Route      Default [Cores][Links]
----- ---------- ---------- ---------- ------- --------------
    0 0x00000000 0xFFFFFF87 0x00000008 False   [] [W]
    1 0x00000080 0xFFFFFF87 0x00000008 False   [] [W]
    2 0x00000100 0xFFFFFF87 0x00000008 False   [] [W]
    3 0x00000180 0xFFFFFF87 0x00000008 False   [] [W]
    4 0x00000200 0xFFFFFF87 0x00000008 False   [] [W]
    5 0x00000280 0xFFFFFF87 0x00000008 False   [] [W]
    6 0x00000300 0xFFFFFF87 0x00000008 False   [] [W]
    7 0x00000380 0xFFFFFF87 0x00000008 False   [] [W]
    8 0x00000400 0xFFFFFF87 0x00000008 False   [] [W]
    9 0x00000480 0xFFFFFF87 0x00000008 False   [] [W]
   10 0x00000500 0xFFFFFF87 0x00000008 False   [] [W]
   11 0x00000580 0xFFFFFF87 0x00000008 False   [] [W]
   12 0x00000600 0xFFFFFF87 0x00000008 False   [] [W]
   13 0x00000680 0xFFFFFF87 0x00000008 False   [] [W]
   14 0x00000700 0xFFFFFF87 0x00000008 False   [] [W]
   15 0x00000780 0xFFFFFF87 0x00000008 False   [] [W]
   16 0x00000800 0xFFFFFF87 0x00000008 False   [] [W]
   17 0x00000880 0xFFFFFF87 0x00000008 False   [] [W]
   18 0x00000900 0xFFFFFF87 0x00000008 False   [] [W]
   19 0x00000980 0xFFFFFF87 0x00000008 False   [] [W]
   20 0x00000A00 0xFFFFFF87 0x00000008 False   [] [W]
   21 0x00000A80 0xFFFFFF87 0x00000008 False   [] [W]
   22 0x00000B00 0xFFFFFF87 0x00000008 False   [] [W]
   23 0x00000B80 0xFFFFFF87 0x00000008 False   [] [W]
   24 0x00000001 0xFFFFFF87 0x00000008 False   [] [W]
   25 0x00000081 0xFFFFFF87 0x00000008 False   [] [W]
   26 0x00000101 0xFFFFFF87 0x00000008 False   [] [W]
   27 0x00000181 0xFFFFFF87 0x00000008 False   [] [W]
   28 0x00000201 0xFFFFFF87 0x00000008 False   [] [W]
   29 0x00000281 0xFFFFFF87 0x00000008 False   [] [W]
   30 0x00000301 0xFFFFFF87 0x00000008 False   [] [W]
   31 0x00000381 0xFFFFFF87 0x00000008 False   [] [W]
   32 0x00000401 0xFFFFFF87 0x00000008 False   [] [W]
   33 0x00000481 0xFFFFFF87 0x00000008 False   [] [W]
   34 0x00000501 0xFFFFFF87 0x00000008 False   [] [W]
   35 0x00000581 0xFFFFFF87 0x00000008 False   [] [W]
   36 0x00000601 0xFFFFFF87 0x00000008 False   [] [W]
   37 0x00000681 0xFFFFFF87 0x00000008 False   [] [W]
   38 0x00000701 0xFFFFFF87 0x00000008 False   [] [W]
   39 0x00000781 0xFFFFFF87 0x00000008 False   [] [W]
   40 0x00000801 0xFFFFFF87 0x00000008 False   [] [W]
   41 0x00000881 0xFFFFFF87 0x00000008 False   [] [W]
   42 0x00000901 0xFFFFFF87 0x00000008 False   [] [W]
   43 0x00000981 0xFFFFFF87 0x00000008 False   [] [W]
   44 0x00000A01 0xFFFFFF87 0x00000008 False   [] [W]
   45 0x00000A81 0xFFFFFF87 0x00000008 False   [] [W]
   46 0x00000B01 0xFFFFFF87 0x00000008 False   [] [W]
   47 0x00000B81 0xFFFFFF87 0x00000008 False   [] [W]
   48 0x00000002 0xFFFFFF87 0x00000008 False   [] [W]
   49 0x00000082 0xFFFFFF87 0x00000008 False   [] [W]
   50 0x00000102 0xFFFFFF87 0x00000008 False   [] [W]
   51 0x00000182 0xFFFFFF87 0x00000008 False   [] [W]
   52 0x00000202 0xFFFFFF87 0x00000008 False   [] [W]
   53 0x00000282 0xFFFFFF87 0x00000008 False   [] [W]
   54 0x00000302 0xFFFFFF87 0x00000008 False   [] [W]
   55 0x00000382 0xFFFFFF87 0x00000008 False   [] [W]
   56 0x00000402 0xFFFFFF87 0x00000008 False   [] [W]
   57 0x00000482 0xFFFFFF87 0x00000008 False   [] [W]
   58 0x00000502 0xFFFFFF87 0x00000008 False   [] [W]
   59 0x00000582 0xFFFFFF87 0x00000008 False   [] [W]
   60 0x00000602 0xFFFFFF87 0x00000008 False   [] [W]
   61 0x00000682 0xFFFFFF87 0x00000008 False   [] [W]
   62 0x00000702 0xFFFFFF87 0x00000008 False   [] [W]
   63 0x00000782 0xFFFFFF87 0x00000008 False   [] [W]
   64 0x00000802 0xFFFFFF87 0x00000008 False   [] [W]
   65 0x00000882 0xFFFFFF87 0x00000008 False   [] [W]
   66 0x00000902 0xFFFFFF87 0x00000008 False   [] [W]
   67 0x00000982 0xFFFFFF87 0x00000008 False   [] [W]
   68 0x00000A02 0xFFFFFF87 0x00000008 False   [] [W]
   69 0x00000A82 0xFFFFFF87 0x00000008 False   [] [W]
   70 0x00000B02 0xFFFFFF87 0x00000008 False   [] [W]
   71 0x00000B82 0xFFFFFF87 0x00000008 False   [] [W]
   72 0x00000003 0xFFFFFF87 0x00000008 False   [] [W]
   73 0x00000083 0xFFFFFF87 0x00000008 False   [] [W]
   74 0x00000103 0xFFFFFF87 0x00000008 False   [] [W]
   75 0x00000183 0xFFFFFF87 0x00000008 False   [] [W]
   76 0x00000203 0xFFFFFF87 0x00000008 False   [] [W]
   77 0x00000283 0xFFFFFF87 0x00000008 False   [] [W]
   78 0x00000303 0xFFFFFF87 0x00000008 False   [] [W]
   79 0x00000383 0xFFFFFF87 0x00000008 False   [] [W]
   80 0x00000403 0xFFFFFF87 0x00000008 False   [] [W]
   81 0x00000483 0xFFFFFF87 0x00000008 False   [] [W]
   82 0x00000503 0xFFFFFF87 0x00000008 False   [] [W]
   83 0x00000583 0xFFFFFF87 0x00000008 False   [] [W]
   84 0x00000603 0xFFFFFF87 0x00000008 False   [] [W]
   85 0x00000683 0xFFFFFF87 0x00000008 False   [] [W]
   86 0x00000703 0xFFFFFF87 0x00000008 False   [] [W]
   87 0x00000783 0xFFFFFF87 0x00000008 False   [] [W]
   88 0x00000803 0xFFFFFF87 0x00000008 False   [] [W]
   89 0x00000883 0xFFFFFF87 0x00000008 False   [] [W]
   90 0x00000903 0xFFFFFF87 0x00000008 False   [] [W]
   91 0x00000983 0xFFFFFF87 0x00000008 False   [] [W]
   92 0x00000A03 0xFFFFFF87 0x00000008 False   [] [W]
   93 0x00000A83 0xFFFFFF87 0x00000008 False   [] [W]
   94 0x00000B03 0xFFFFFF87 0x00000008 False   [] [W]
   95 0x00000B83 0xFFFFFF87 0x00000008 False   [] [W]
0 Defaultable entries
