Router contains 48 entries
Index Key        Mask       Route      Default [Cores][Links]
----- ---------- ---------- ---------- ------- --------------
    0 0x00000000 0xFFFFFF87 0x00000010 True    [] [SW]
    1 0x00000080 0xFFFFFF87 0x00000010 True    [] [SW]
    2 0x00000100 0xFFFFFF87 0x00000010 True    [] [SW]
    3 0x00000180 0xFFFFFF87 0x00000010 True    [] [SW]
    4 0x00000200 0xFFFFFF87 0x00000010 True    [] [SW]
    5 0x00000280 0xFFFFFF87 0x00000010 True    [] [SW]
    6 0x00000300 0xFFFFFF87 0x00000010 True    [] [SW]
    7 0x00000380 0xFFFFFF87 0x00000010 True    [] [SW]
    8 0x00000400 0xFFFFFF87 0x00000010 True    [] [SW]
    9 0x00000480 0xFFFFFF87 0x00000010 True    [] [SW]
   10 0x00000500 0xFFFFFF87 0x00000010 True    [] [SW]
   11 0x00000580 0xFFFFFF87 0x00000010 True    [] [SW]
   12 0x00000600 0xFFFFFF87 0x00000010 True    [] [SW]
   13 0x00000680 0xFFFFFF87 0x00000010 True    [] [SW]
   14 0x00000700 0xFFFFFF87 0x00000010 True    [] [SW]
   15 0x00000780 0xFFFFFF87 0x00000010 True    [] [SW]
   16 0x00000800 0xFFFFFF87 0x00000010 True    [] [SW]
   17 0x00000880 0xFFFFFF87 0x00000010 True    [] [SW]
   18 0x00000900 0xFFFFFF87 0x00000010 True    [] [SW]
   19 0x00000980 0xFFFFFF87 0x00000010 True    [] [SW]
   20 0x00000A00 0xFFFFFF87 0x00000010 True    [] [SW]
   21 0x00000A80 0xFFFFFF87 0x00000010 True    [] [SW]
   22 0x00000B00 0xFFFFFF87 0x00000010 True    [] [SW]
   23 0x00000B80 0xFFFFFF87 0x00000010 True    [] [SW]
   24 0x00000001 0xFFFFFF87 0x00000010 False   [] [SW]
   25 0x00000081 0xFFFFFF87 0x00000010 False   [] [SW]
   26 0x00000101 0xFFFFFF87 0x00000010 False   [] [SW]
   27 0x00000181 0xFFFFFF87 0x00000010 False   [] [SW]
   28 0x00000201 0xFFFFFF87 0x00000010 False   [] [SW]
   29 0x00000281 0xFFFFFF87 0x00000010 False   [] [SW]
   30 0x00000301 0xFFFFFF87 0x00000010 False   [] [SW]
   31 0x00000381 0xFFFFFF87 0x00000010 False   [] [SW]
   32 0x00000401 0xFFFFFF87 0x00000010 False   [] [SW]
   33 0x00000481 0xFFFFFF87 0x00000010 False   [] [SW]
   34 0x00000501 0xFFFFFF87 0x00000010 False   [] [SW]
   35 0x00000581 0xFFFFFF87 0x00000010 False   [] [SW]
   36 0x00000601 0xFFFFFF87 0x00000010 False   [] [SW]
   37 0x00000681 0xFFFFFF87 0x00000010 False   [] [SW]
   38 0x00000701 0xFFFFFF87 0x00000010 False   [] [SW]
   39 0x00000781 0xFFFFFF87 0x00000010 False   [] [SW]
   40 0x00000801 0xFFFFFF87 0x00000010 False   [] [SW]
   41 0x00000881 0xFFFFFF87 0x00000010 False   [] [SW]
   42 0x00000901 0xFFFFFF87 0x00000010 False   [] [SW]
   43 0x00000981 0xFFFFFF87 0x00000010 False   [] [SW]
   44 0x00000A01 0xFFFFFF87 0x00000010 False   [] [SW]
   45 0x00000A81 0xFFFFFF87 0x00000010 False   [] [SW]
   46 0x00000B01 0xFFFFFF87 0x00000010 False   [] [SW]
   47 0x00000B81 0xFFFFFF87 0x00000010 False   [] [SW]
24 Defaultable entries
