Router contains 144 entries
Index Key        Mask       Route      Default [Cores][Links]
----- ---------- ---------- ---------- ------- --------------
    0 0x00000000 0xFFFFFF87 0x00000008 True    [] [W]
    1 0x00000080 0xFFFFFF87 0x00000008 True    [] [W]
    2 0x00000100 0xFFFFFF87 0x00000008 True    [] [W]
    3 0x00000180 0xFFFFFF87 0x00000008 True    [] [W]
    4 0x00000200 0xFFFFFF87 0x00000008 True    [] [W]
    5 0x00000280 0xFFFFFF87 0x00000008 True    [] [W]
    6 0x00000300 0xFFFFFF87 0x00000008 True    [] [W]
    7 0x00000380 0xFFFFFF87 0x00000008 True    [] [W]
    8 0x00000400 0xFFFFFF87 0x00000008 True    [] [W]
    9 0x00000480 0xFFFFFF87 0x00000008 True    [] [W]
   10 0x00000500 0xFFFFFF87 0x00000008 True    [] [W]
   11 0x00000580 0xFFFFFF87 0x00000008 True    [] [W]
   12 0x00000600 0xFFFFFF87 0x00000008 True    [] [W]
   13 0x00000680 0xFFFFFF87 0x00000008 True    [] [W]
   14 0x00000700 0xFFFFFF87 0x00000008 True    [] [W]
   15 0x00000780 0xFFFFFF87 0x00000008 True    [] [W]
   16 0x00000800 0xFFFFFF87 0x00000008 True    [] [W]
   17 0x00000880 0xFFFFFF87 0x00000008 True    [] [W]
   18 0x00000900 0xFFFFFF87 0x00000008 True    [] [W]
   19 0x00000980 0xFFFFFF87 0x00000008 True    [] [W]
   20 0x00000A00 0xFFFFFF87 0x00000008 True    [] [W]
   21 0x00000A80 0xFFFFFF87 0x00000008 True    [] [W]
   22 0x00000B00 0xFFFFFF87 0x00000008 True    [] [W]
   23 0x00000B80 0xFFFFFF87 0x00000008 True    [] [W]
   24 0x00000001 0xFFFFFF87 0x00000008 True    [] [W]
   25 0x00000081 0xFFFFFF87 0x00000008 True    [] [W]
   26 0x00000101 0xFFFFFF87 0x00000008 True    [] [W]
   27 0x00000181 0xFFFFFF87 0x00000008 True    [] [W]
   28 0x00000201 0xFFFFFF87 0x00000008 True    [] [W]
   29 0x00000281 0xFFFFFF87 0x00000008 True    [] [W]
   30 0x00000301 0xFFFFFF87 0x00000008 True    [] [W]
   31 0x00000381 0xFFFFFF87 0x00000008 True    [] [W]
   32 0x00000401 0xFFFFFF87 0x00000008 True    [] [W]
   33 0x00000481 0xFFFFFF87 0x00000008 True    [] [W]
   34 0x00000501 0xFFFFFF87 0x00000008 True    [] [W]
   35 0x00000581 0xFFFFFF87 0x00000008 True    [] [W]
   36 0x00000601 0xFFFFFF87 0x00000008 True    [] [W]
   37 0x00000681 0xFFFFFF87 0x00000008 True    [] [W]
   38 0x00000701 0xFFFFFF87 0x00000008 True    [] [W]
   39 0x00000781 0xFFFFFF87 0x00000008 True    [] [W]
   40 0x00000801 0xFFFFFF87 0x00000008 True    [] [W]
   41 0x00000881 0xFFFFFF87 0x00000008 True    [] [W]
   42 0x00000901 0xFFFFFF87 0x00000008 True    [] [W]
   43 0x00000981 0xFFFFFF87 0x00000008 True    [] [W]
   44 0x00000A01 0xFFFFFF87 0x00000008 True    [] [W]
   45 0x00000A81 0xFFFFFF87 0x00000008 True    [] [W]
   46 0x00000B01 0xFFFFFF87 0x00000008 True    [] [W]
   47 0x00000B81 0xFFFFFF87 0x00000008 True    [] [W]
   48 0x00000002 0xFFFFFF87 0x00000008 True    [] [W]
   49 0x00000082 0xFFFFFF87 0x00000008 True    [] [W]
   50 0x00000102 0xFFFFFF87 0x00000008 True    [] [W]
   51 0x00000182 0xFFFFFF87 0x00000008 True    [] [W]
   52 0x00000202 0xFFFFFF87 0x00000008 True    [] [W]
   53 0x00000282 0xFFFFFF87 0x00000008 True    [] [W]
   54 0x00000302 0xFFFFFF87 0x00000008 True    [] [W]
   55 0x00000382 0xFFFFFF87 0x00000008 True    [] [W]
   56 0x00000402 0xFFFFFF87 0x00000008 True    [] [W]
   57 0x00000482 0xFFFFFF87 0x00000008 True    [] [W]
   58 0x00000502 0xFFFFFF87 0x00000008 True    [] [W]
   59 0x00000582 0xFFFFFF87 0x00000008 True    [] [W]
   60 0x00000602 0xFFFFFF87 0x00000008 True    [] [W]
   61 0x00000682 0xFFFFFF87 0x00000008 True    [] [W]
   62 0x00000702 0xFFFFFF87 0x00000008 True    [] [W]
   63 0x00000782 0xFFFFFF87 0x00000008 True    [] [W]
   64 0x00000802 0xFFFFFF87 0x00000008 True    [] [W]
   65 0x00000882 0xFFFFFF87 0x00000008 True    [] [W]
   66 0x00000902 0xFFFFFF87 0x00000008 True    [] [W]
   67 0x00000982 0xFFFFFF87 0x00000008 True    [] [W]
   68 0x00000A02 0xFFFFFF87 0x00000008 True    [] [W]
   69 0x00000A82 0xFFFFFF87 0x00000008 True    [] [W]
   70 0x00000B02 0xFFFFFF87 0x00000008 True    [] [W]
   71 0x00000B82 0xFFFFFF87 0x00000008 True    [] [W]
   72 0x00000003 0xFFFFFF87 0x00000008 True    [] [W]
   73 0x00000083 0xFFFFFF87 0x00000008 True    [] [W]
   74 0x00000103 0xFFFFFF87 0x00000008 True    [] [W]
   75 0x00000183 0xFFFFFF87 0x00000008 True    [] [W]
   76 0x00000203 0xFFFFFF87 0x00000008 True    [] [W]
   77 0x00000283 0xFFFFFF87 0x00000008 True    [] [W]
   78 0x00000303 0xFFFFFF87 0x00000008 True    [] [W]
   79 0x00000383 0xFFFFFF87 0x00000008 True    [] [W]
   80 0x00000403 0xFFFFFF87 0x00000008 True    [] [W]
   81 0x00000483 0xFFFFFF87 0x00000008 True    [] [W]
   82 0x00000503 0xFFFFFF87 0x00000008 True    [] [W]
   83 0x00000583 0xFFFFFF87 0x00000008 True    [] [W]
   84 0x00000603 0xFFFFFF87 0x00000008 True    [] [W]
   85 0x00000683 0xFFFFFF87 0x00000008 True    [] [W]
   86 0x00000703 0xFFFFFF87 0x00000008 True    [] [W]
   87 0x00000783 0xFFFFFF87 0x00000008 True    [] [W]
   88 0x00000803 0xFFFFFF87 0x00000008 True    [] [W]
   89 0x00000883 0xFFFFFF87 0x00000008 True    [] [W]
   90 0x00000903 0xFFFFFF87 0x00000008 True    [] [W]
   91 0x00000983 0xFFFFFF87 0x00000008 True    [] [W]
   92 0x00000A03 0xFFFFFF87 0x00000008 True    [] [W]
   93 0x00000A83 0xFFFFFF87 0x00000008 True    [] [W]
   94 0x00000B03 0xFFFFFF87 0x00000008 True    [] [W]
   95 0x00000B83 0xFFFFFF87 0x00000008 True    [] [W]
   96 0x00000004 0xFFFFFF87 0x00000008 True    [] [W]
   97 0x00000084 0xFFFFFF87 0x00000008 True    [] [W]
   98 0x00000104 0xFFFFFF87 0x00000008 True    [] [W]
   99 0x00000184 0xFFFFFF87 0x00000008 True    [] [W]
  100 0x00000204 0xFFFFFF87 0x00000008 True    [] [W]
  101 0x00000284 0xFFFFFF87 0x00000008 True    [] [W]
  102 0x00000304 0xFFFFFF87 0x00000008 True    [] [W]
  103 0x00000384 0xFFFFFF87 0x00000008 True    [] [W]
  104 0x00000404 0xFFFFFF87 0x00000008 True    [] [W]
  105 0x00000484 0xFFFFFF87 0x00000008 True    [] [W]
  106 0x00000504 0xFFFFFF87 0x00000008 True    [] [W]
  107 0x00000584 0xFFFFFF87 0x00000008 True    [] [W]
  108 0x00000604 0xFFFFFF87 0x00000008 True    [] [W]
  109 0x00000684 0xFFFFFF87 0x00000008 True    [] [W]
  110 0x00000704 0xFFFFFF87 0x00000008 True    [] [W]
  111 0x00000784 0xFFFFFF87 0x00000008 True    [] [W]
  112 0x00000804 0xFFFFFF87 0x00000008 True    [] [W]
  113 0x00000884 0xFFFFFF87 0x00000008 True    [] [W]
  114 0x00000904 0xFFFFFF87 0x00000008 True    [] [W]
  115 0x00000984 0xFFFFFF87 0x00000008 True    [] [W]
  116 0x00000A04 0xFFFFFF87 0x00000008 True    [] [W]
  117 0x00000A84 0xFFFFFF87 0x00000008 True    [] [W]
  118 0x00000B04 0xFFFFFF87 0x00000008 True    [] [W]
  119 0x00000B84 0xFFFFFF87 0x00000008 True    [] [W]
  120 0x00000005 0xFFFFFF87 0x00000008 False   [] [W]
  121 0x00000085 0xFFFFFF87 0x00000008 False   [] [W]
  122 0x00000105 0xFFFFFF87 0x00000008 False   [] [W]
  123 0x00000185 0xFFFFFF87 0x00000008 False   [] [W]
  124 0x00000205 0xFFFFFF87 0x00000008 False   [] [W]
  125 0x00000285 0xFFFFFF87 0x00000008 False   [] [W]
  126 0x00000305 0xFFFFFF87 0x00000008 False   [] [W]
  127 0x00000385 0xFFFFFF87 0x00000008 False   [] [W]
  128 0x00000405 0xFFFFFF87 0x00000008 False   [] [W]
  129 0x00000485 0xFFFFFF87 0x00000008 False   [] [W]
  130 0x00000505 0xFFFFFF87 0x00000008 False   [] [W]
  131 0x00000585 0xFFFFFF87 0x00000008 False   [] [W]
  132 0x00000605 0xFFFFFF87 0x00000008 False   [] [W]
  133 0x00000685 0xFFFFFF87 0x00000008 False   [] [W]
  134 0x00000705 0xFFFFFF87 0x00000008 False   [] [W]
  135 0x00000785 0xFFFFFF87 0x00000008 False   [] [W]
  136 0x00000805 0xFFFFFF87 0x00000008 False   [] [W]
  137 0x00000885 0xFFFFFF87 0x00000008 False   [] [W]
  138 0x00000905 0xFFFFFF87 0x00000008 False   [] [W]
  139 0x00000985 0xFFFFFF87 0x00000008 False   [] [W]
  140 0x00000A05 0xFFFFFF87 0x00000008 False   [] [W]
  141 0x00000A85 0xFFFFFF87 0x00000008 False   [] [W]
  142 0x00000B05 0xFFFFFF87 0x00000008 False   [] [W]
  143 0x00000B85 0xFFFFFF87 0x00000008 False   [] [W]
120 Defaultable entries
