SpYNNakerNeuronGraphNetworkSpecificationReport skipped as cfg Reports:write_network_graph is False
Network Specification report took 0:00:00.000272 
Splitter reset took 0:00:00.000007 
Spynnaker splitter selector took 0:00:00.002086 
DelaySupportAdder took 0:00:00.000906 
SpynnakerSplitterPartitioner took 0:00:00.001362 
SpallocAllocator took 0:00:09.251091 
Machine generator took 0:00:14.192235 
Json machine skipped as cfg Reports:write_json_machine is False
Board chip report took 0:00:00.005258 
Command Sender Adder took 0:00:00.000629 
Split Live Gather Vertices took 0:00:00.000008 
Insert chip power monitors skipped as cfg Reports:write_energy_report is False
Insert extra monitor vertices took 0:00:00.000006 
Partitioner report took 0:00:00.000497 
Local TDMA builder took 0:00:00.000037 
Application Placer took 0:00:00.007831 
Placements wth application graph report took 0:00:00.006034 
Json placements skipped as cfg Reports:write_json_placements is False
System multicast routing generator took 0:00:00.022394 
Fixed route router took 0:00:00.009652 
Application Router took 0:00:00.022193 
Basic tag allocator took 0:00:00.002334 
Tag allocator report took 0:00:00.000160 
Zoned routing info allocator took 0:00:00.067505 
Router info report took 0:00:00.001184 
Merged routing table generator took 0:00:00.048354 
Uncompressed routing table report took 0:00:00.013929 
Router report skipped as cfg Reports:write_router_reports is False
Router summary report skipped as cfg Reports:write_router_summary_report is False
Json routing tables skipped as cfg Reports:write_json_routing_tables is False
Locate executable start type took 0:00:00.002259 
Buffer manager creator took 0:00:00.001369 
SDRAM outgoing partition allocator took 0:00:00.000079 
Write Neo Metadata took 0:00:00.003902 
Record vertex labels to database took 0:00:00.006766 
Routing setup took 0:00:00.016198 
Graph binary gatherer took 0:00:00.012007 
Pair on chip router compression skipped as Tables already small enough
Graph data specification writer took 0:00:00.405923 
Control Sync took 0:00:00.000163 
Load fixed routes took 0:00:00.211090 
Execute system data specification took 0:00:01.655230 
Load executable system Images took 0:00:01.570288 
Tags Loader took 0:00:00.019025 
Host data specification took 0:00:01.196286 
Neuron expander took 0:00:01.389522 
Synapse expander took 0:00:02.133070 
Finish connection holders took 0:00:00.000484 
Routing table loader took 0:00:00.055958 
Bitfield compressor report skipped as cfg Reports:write_bit_field_compressor_report is False
Tags from machine report took 0:00:00.014754 
Memory report skipped as cfg Reports:write_memory_map_report is False
Memory report skipped as cfg Reports:write_memory_map_report is False
Compressor report took 0:00:00.015584 
Fixed route report took 0:00:00.223432 
Load executable app images took 0:00:04.426527 
Sdram usage per chip report took 0:00:00.013461 
Drift report skipped as cfg Reports:write_drift_report_start is False
Create database interface took 0:00:00.037794 
Create notification protocol took 0:00:00.000336 
Runtime Update took 0:00:00.024136 
Application runner took 0:00:10.506263 
Extract IO buff took 0:00:00.268866 
Buffer extractor took 0:00:01.515536 
Clear IO buffer took 0:00:00.003728 
Graph provenance gatherer took 0:00:00.000833 
Placements provenance gatherer took 0:00:01.665646 
Router provenance gatherer took 0:00:05.815194 
Profile data gatherer took 0:00:00.035125 
Energy report skipped as cfg Reports:write_energy_report is False
Redundant packet count report took 0:00:00.003491 
Drift report skipped as cfg Reports:write_drift_report_end is False
Control Sync took 0:00:00.000139 
