        Partitioning Information by Vertex
        ===============================

Generated: Thu Mar 23 10:56:48 2023 for target machine '172.16.223.1'

**** Vertex: 'SPIFInputDevice_1'
Model: SPIFInputDevice
Pop size: 7500
Machine Vertices: 
  Slice (0:126)
  Slice (0:126)
  Slice (0:126)
  Slice (0:126)
  Slice (0:126)
  Slice (0:126)
  Slice (0:126)
  Slice (0:126)
  Slice (0:7499)
  Slice (127:253)
  Slice (127:253)
  Slice (127:253)
  Slice (127:253)
  Slice (127:253)
  Slice (127:253)
  Slice (127:253)
  Slice (127:253)
  Slice (254:380)
  Slice (254:380)
  Slice (254:380)
  Slice (254:380)
  Slice (254:380)
  Slice (254:380)
  Slice (254:380)
  Slice (254:380)
  Slice (381:507)
  Slice (381:507)
  Slice (381:507)
  Slice (381:507)
  Slice (381:507)
  Slice (381:507)
  Slice (381:507)
  Slice (381:507)
  Slice (508:634)
  Slice (508:634)
  Slice (508:634)
  Slice (508:634)
  Slice (508:634)
  Slice (508:634)
  Slice (508:634)
  Slice (508:634)
  Slice (635:761)
  Slice (635:761)
  Slice (635:761)
  Slice (635:761)
  Slice (635:761)
  Slice (635:761)
  Slice (635:761)
  Slice (635:761)
  Slice (762:888)
  Slice (762:888)
  Slice (762:888)
  Slice (762:888)
  Slice (762:888)
  Slice (762:888)
  Slice (762:888)
  Slice (762:888)
  Slice (889:1015)
  Slice (889:1015)
  Slice (889:1015)
  Slice (889:1015)
  Slice (889:1015)
  Slice (889:1015)
  Slice (889:1015)
  Slice (889:1015)
  Slice (1016:1142)
  Slice (1016:1142)
  Slice (1016:1142)
  Slice (1016:1142)
  Slice (1016:1142)
  Slice (1016:1142)
  Slice (1016:1142)
  Slice (1016:1142)
  Slice (1143:1269)
  Slice (1143:1269)
  Slice (1143:1269)
  Slice (1143:1269)
  Slice (1143:1269)
  Slice (1143:1269)
  Slice (1143:1269)
  Slice (1143:1269)
  Slice (1270:1396)
  Slice (1270:1396)
  Slice (1270:1396)
  Slice (1270:1396)
  Slice (1270:1396)
  Slice (1270:1396)
  Slice (1270:1396)
  Slice (1270:1396)
  Slice (1397:1523)
  Slice (1397:1523)
  Slice (1397:1523)
  Slice (1397:1523)
  Slice (1397:1523)
  Slice (1397:1523)
  Slice (1397:1523)
  Slice (1397:1523)
  Slice (1524:1650)
  Slice (1524:1650)
  Slice (1524:1650)
  Slice (1524:1650)
  Slice (1524:1650)
  Slice (1524:1650)
  Slice (1524:1650)
  Slice (1524:1650)
  Slice (1651:1777)
  Slice (1651:1777)
  Slice (1651:1777)
  Slice (1651:1777)
  Slice (1651:1777)
  Slice (1651:1777)
  Slice (1651:1777)
  Slice (1651:1777)
  Slice (1778:1904)
  Slice (1778:1904)
  Slice (1778:1904)
  Slice (1778:1904)
  Slice (1778:1904)
  Slice (1778:1904)
  Slice (1778:1904)
  Slice (1778:1904)
  Slice (1905:2031)
  Slice (1905:2031)
  Slice (1905:2031)
  Slice (1905:2031)
  Slice (1905:2031)
  Slice (1905:2031)
  Slice (1905:2031)
  Slice (1905:2031)
  Slice (2032:2158)
  Slice (2032:2158)
  Slice (2032:2158)
  Slice (2032:2158)
  Slice (2032:2158)
  Slice (2032:2158)
  Slice (2032:2158)
  Slice (2032:2158)
  Slice (2159:2285)
  Slice (2159:2285)
  Slice (2159:2285)
  Slice (2159:2285)
  Slice (2159:2285)
  Slice (2159:2285)
  Slice (2159:2285)
  Slice (2159:2285)
  Slice (2286:2412)
  Slice (2286:2412)
  Slice (2286:2412)
  Slice (2286:2412)
  Slice (2286:2412)
  Slice (2286:2412)
  Slice (2286:2412)
  Slice (2286:2412)
  Slice (2413:2539)
  Slice (2413:2539)
  Slice (2413:2539)
  Slice (2413:2539)
  Slice (2413:2539)
  Slice (2413:2539)
  Slice (2413:2539)
  Slice (2413:2539)
  Slice (2540:2666)
  Slice (2540:2666)
  Slice (2540:2666)
  Slice (2540:2666)
  Slice (2540:2666)
  Slice (2540:2666)
  Slice (2540:2666)
  Slice (2540:2666)
  Slice (2667:2793)
  Slice (2667:2793)
  Slice (2667:2793)
  Slice (2667:2793)
  Slice (2667:2793)
  Slice (2667:2793)
  Slice (2667:2793)
  Slice (2667:2793)
  Slice (2794:2920)
  Slice (2794:2920)
  Slice (2794:2920)
  Slice (2794:2920)
  Slice (2794:2920)
  Slice (2794:2920)
  Slice (2794:2920)
  Slice (2794:2920)
  Slice (2921:3047)
  Slice (2921:3047)
  Slice (2921:3047)
  Slice (2921:3047)
  Slice (2921:3047)
  Slice (2921:3047)
  Slice (2921:3047)
  Slice (2921:3047)
  Slice (3048:3174)
  Slice (3048:3174)
  Slice (3048:3174)
  Slice (3048:3174)
  Slice (3048:3174)
  Slice (3048:3174)
  Slice (3048:3174)
  Slice (3048:3174)
  Slice (3175:3301)
  Slice (3175:3301)
  Slice (3175:3301)
  Slice (3175:3301)
  Slice (3175:3301)
  Slice (3175:3301)
  Slice (3175:3301)
  Slice (3175:3301)
  Slice (3302:3428)
  Slice (3302:3428)
  Slice (3302:3428)
  Slice (3302:3428)
  Slice (3302:3428)
  Slice (3302:3428)
  Slice (3302:3428)
  Slice (3302:3428)
  Slice (3429:3555)
  Slice (3429:3555)
  Slice (3429:3555)
  Slice (3429:3555)
  Slice (3429:3555)
  Slice (3429:3555)
  Slice (3429:3555)
  Slice (3429:3555)
  Slice (3556:3682)
  Slice (3556:3682)
  Slice (3556:3682)
  Slice (3556:3682)
  Slice (3556:3682)
  Slice (3556:3682)
  Slice (3556:3682)
  Slice (3556:3682)
  Slice (3683:3809)
  Slice (3683:3809)
  Slice (3683:3809)
  Slice (3683:3809)
  Slice (3683:3809)
  Slice (3683:3809)
  Slice (3683:3809)
  Slice (3683:3809)
  Slice (3810:3936)
  Slice (3810:3936)
  Slice (3810:3936)
  Slice (3810:3936)
  Slice (3810:3936)
  Slice (3810:3936)
  Slice (3810:3936)
  Slice (3810:3936)
  Slice (3937:4063)
  Slice (3937:4063)
  Slice (3937:4063)
  Slice (3937:4063)
  Slice (3937:4063)
  Slice (3937:4063)
  Slice (3937:4063)
  Slice (3937:4063)
  Slice (4064:4190)
  Slice (4064:4190)
  Slice (4064:4190)
  Slice (4064:4190)
  Slice (4064:4190)
  Slice (4064:4190)
  Slice (4064:4190)
  Slice (4064:4190)
  Slice (4191:4317)
  Slice (4191:4317)
  Slice (4191:4317)
  Slice (4191:4317)
  Slice (4191:4317)
  Slice (4191:4317)
  Slice (4191:4317)
  Slice (4191:4317)
  Slice (4318:4444)
  Slice (4318:4444)
  Slice (4318:4444)
  Slice (4318:4444)
  Slice (4318:4444)
  Slice (4318:4444)
  Slice (4318:4444)
  Slice (4318:4444)
  Slice (4445:4571)
  Slice (4445:4571)
  Slice (4445:4571)
  Slice (4445:4571)
  Slice (4445:4571)
  Slice (4445:4571)
  Slice (4445:4571)
  Slice (4445:4571)
  Slice (4572:4698)
  Slice (4572:4698)
  Slice (4572:4698)
  Slice (4572:4698)
  Slice (4572:4698)
  Slice (4572:4698)
  Slice (4572:4698)
  Slice (4572:4698)
  Slice (4699:4825)
  Slice (4699:4825)
  Slice (4699:4825)
  Slice (4699:4825)
  Slice (4699:4825)
  Slice (4699:4825)
  Slice (4699:4825)
  Slice (4699:4825)
  Slice (4826:4952)
  Slice (4826:4952)
  Slice (4826:4952)
  Slice (4826:4952)
  Slice (4826:4952)
  Slice (4826:4952)
  Slice (4826:4952)
  Slice (4826:4952)
  Slice (4953:5079)
  Slice (4953:5079)
  Slice (4953:5079)
  Slice (4953:5079)
  Slice (4953:5079)
  Slice (4953:5079)
  Slice (4953:5079)
  Slice (4953:5079)
  Slice (5080:5206)
  Slice (5080:5206)
  Slice (5080:5206)
  Slice (5080:5206)
  Slice (5080:5206)
  Slice (5080:5206)
  Slice (5080:5206)
  Slice (5080:5206)
  Slice (5207:5333)
  Slice (5207:5333)
  Slice (5207:5333)
  Slice (5207:5333)
  Slice (5207:5333)
  Slice (5207:5333)
  Slice (5207:5333)
  Slice (5207:5333)
  Slice (5334:5460)
  Slice (5334:5460)
  Slice (5334:5460)
  Slice (5334:5460)
  Slice (5334:5460)
  Slice (5334:5460)
  Slice (5334:5460)
  Slice (5334:5460)
  Slice (5461:5587)
  Slice (5461:5587)
  Slice (5461:5587)
  Slice (5461:5587)
  Slice (5461:5587)
  Slice (5461:5587)
  Slice (5461:5587)
  Slice (5461:5587)
  Slice (5588:5714)
  Slice (5588:5714)
  Slice (5588:5714)
  Slice (5588:5714)
  Slice (5588:5714)
  Slice (5588:5714)
  Slice (5588:5714)
  Slice (5588:5714)
  Slice (5715:5841)
  Slice (5715:5841)
  Slice (5715:5841)
  Slice (5715:5841)
  Slice (5715:5841)
  Slice (5715:5841)
  Slice (5715:5841)
  Slice (5715:5841)
  Slice (5842:5968)
  Slice (5842:5968)
  Slice (5842:5968)
  Slice (5842:5968)
  Slice (5842:5968)
  Slice (5842:5968)
  Slice (5842:5968)
  Slice (5842:5968)
  Slice (5969:6095)
  Slice (5969:6095)
  Slice (5969:6095)
  Slice (5969:6095)
  Slice (5969:6095)
  Slice (5969:6095)
  Slice (5969:6095)
  Slice (5969:6095)
  Slice (6096:6222)
  Slice (6096:6222)
  Slice (6096:6222)
  Slice (6096:6222)
  Slice (6096:6222)
  Slice (6096:6222)
  Slice (6096:6222)
  Slice (6096:6222)
  Slice (6223:6349)
  Slice (6223:6349)
  Slice (6223:6349)
  Slice (6223:6349)
  Slice (6223:6349)
  Slice (6223:6349)
  Slice (6223:6349)
  Slice (6223:6349)
  Slice (6350:6476)
  Slice (6350:6476)
  Slice (6350:6476)
  Slice (6350:6476)
  Slice (6350:6476)
  Slice (6350:6476)
  Slice (6350:6476)
  Slice (6350:6476)
  Slice (6477:6603)
  Slice (6477:6603)
  Slice (6477:6603)
  Slice (6477:6603)
  Slice (6477:6603)
  Slice (6477:6603)
  Slice (6477:6603)
  Slice (6477:6603)
  Slice (6604:6730)
  Slice (6604:6730)
  Slice (6604:6730)
  Slice (6604:6730)
  Slice (6604:6730)
  Slice (6604:6730)
  Slice (6604:6730)
  Slice (6604:6730)
  Slice (6731:6857)
  Slice (6731:6857)
  Slice (6731:6857)
  Slice (6731:6857)
  Slice (6731:6857)
  Slice (6731:6857)
  Slice (6731:6857)
  Slice (6731:6857)
  Slice (6858:6984)
  Slice (6858:6984)
  Slice (6858:6984)
  Slice (6858:6984)
  Slice (6858:6984)
  Slice (6858:6984)
  Slice (6858:6984)
  Slice (6858:6984)
  Slice (6985:7111)
  Slice (6985:7111)
  Slice (6985:7111)
  Slice (6985:7111)
  Slice (6985:7111)
  Slice (6985:7111)
  Slice (6985:7111)
  Slice (6985:7111)
  Slice (7112:7238)
  Slice (7112:7238)
  Slice (7112:7238)
  Slice (7112:7238)
  Slice (7112:7238)
  Slice (7112:7238)
  Slice (7112:7238)
  Slice (7112:7238)
  Slice (7239:7365)
  Slice (7239:7365)
  Slice (7239:7365)
  Slice (7239:7365)
  Slice (7239:7365)
  Slice (7239:7365)
  Slice (7239:7365)
  Slice (7239:7365)
  Slice (7366:7492)
  Slice (7366:7492)
  Slice (7366:7492)
  Slice (7366:7492)
  Slice (7366:7492)
  Slice (7366:7492)
  Slice (7366:7492)
  Slice (7366:7492)

**** Vertex: 'Capture for device 0'
Model: AbstractPopulationVertex
Pop size: 7500
Machine Vertices: 
  Slice (0:127)
  Slice (128:255)
  Slice (256:383)
  Slice (384:511)
  Slice (512:639)
  Slice (640:767)
  Slice (768:895)
  Slice (896:1023)
  Slice (1024:1151)
  Slice (1152:1279)
  Slice (1280:1407)
  Slice (1408:1535)
  Slice (1536:1663)
  Slice (1664:1791)
  Slice (1792:1919)
  Slice (1920:2047)
  Slice (2048:2175)
  Slice (2176:2303)
  Slice (2304:2431)
  Slice (2432:2559)
  Slice (2560:2687)
  Slice (2688:2815)
  Slice (2816:2943)
  Slice (2944:3071)
  Slice (3072:3199)
  Slice (3200:3327)
  Slice (3328:3455)
  Slice (3456:3583)
  Slice (3584:3711)
  Slice (3712:3839)
  Slice (3840:3967)
  Slice (3968:4095)
  Slice (4096:4223)
  Slice (4224:4351)
  Slice (4352:4479)
  Slice (4480:4607)
  Slice (4608:4735)
  Slice (4736:4863)
  Slice (4864:4991)
  Slice (4992:5119)
  Slice (5120:5247)
  Slice (5248:5375)
  Slice (5376:5503)
  Slice (5504:5631)
  Slice (5632:5759)
  Slice (5760:5887)
  Slice (5888:6015)
  Slice (6016:6143)
  Slice (6144:6271)
  Slice (6272:6399)
  Slice (6400:6527)
  Slice (6528:6655)
  Slice (6656:6783)
  Slice (6784:6911)
  Slice (6912:7039)
  Slice (7040:7167)
  Slice (7168:7295)
  Slice (7296:7423)
  Slice (7424:7499)

**** Vertex: 'Command Sender on 0, 0'
Model: CommandSender
Pop size: 1
Machine Vertices: 
  Slice (0:0)

