        Placement Information by Vertex
        ===============================

Generated: Thu Mar 23 10:56:48 2023 for target machine '172.16.223.1'

**** Vertex: 'SPIFInputDevice_1'
Model: SPIFInputDevice
Pop size: 7500
Machine Vertices: 
  Slice (0:126) on FGPA 0, FPGA link 11, board None, linked to chip (0, 0)
  Slice (0:126) on FGPA 0, FPGA link 13, board None, linked to chip (0, 0)
  Slice (0:126) on FGPA 0, FPGA link 15, board None, linked to chip (0, 0)
  Slice (0:126) on FGPA 0, FPGA link 1, board None, linked to chip (0, 0)
  Slice (0:126) on FGPA 0, FPGA link 3, board None, linked to chip (0, 0)
  Slice (0:126) on FGPA 0, FPGA link 5, board None, linked to chip (0, 0)
  Slice (0:126) on FGPA 0, FPGA link 7, board None, linked to chip (0, 0)
  Slice (0:126) on FGPA 0, FPGA link 9, board None, linked to chip (0, 0)
  Slice (0:7499) on FGPA 0, FPGA link 15, board None, linked to chip (0, 0)
  Slice (127:253) on FGPA 0, FPGA link 11, board None, linked to chip (0, 0)
  Slice (127:253) on FGPA 0, FPGA link 13, board None, linked to chip (0, 0)
  Slice (127:253) on FGPA 0, FPGA link 15, board None, linked to chip (0, 0)
  Slice (127:253) on FGPA 0, FPGA link 1, board None, linked to chip (0, 0)
  Slice (127:253) on FGPA 0, FPGA link 3, board None, linked to chip (0, 0)
  Slice (127:253) on FGPA 0, FPGA link 5, board None, linked to chip (0, 0)
  Slice (127:253) on FGPA 0, FPGA link 7, board None, linked to chip (0, 0)
  Slice (127:253) on FGPA 0, FPGA link 9, board None, linked to chip (0, 0)
  Slice (254:380) on FGPA 0, FPGA link 11, board None, linked to chip (0, 0)
  Slice (254:380) on FGPA 0, FPGA link 13, board None, linked to chip (0, 0)
  Slice (254:380) on FGPA 0, FPGA link 15, board None, linked to chip (0, 0)
  Slice (254:380) on FGPA 0, FPGA link 1, board None, linked to chip (0, 0)
  Slice (254:380) on FGPA 0, FPGA link 3, board None, linked to chip (0, 0)
  Slice (254:380) on FGPA 0, FPGA link 5, board None, linked to chip (0, 0)
  Slice (254:380) on FGPA 0, FPGA link 7, board None, linked to chip (0, 0)
  Slice (254:380) on FGPA 0, FPGA link 9, board None, linked to chip (0, 0)
  Slice (381:507) on FGPA 0, FPGA link 11, board None, linked to chip (0, 0)
  Slice (381:507) on FGPA 0, FPGA link 13, board None, linked to chip (0, 0)
  Slice (381:507) on FGPA 0, FPGA link 15, board None, linked to chip (0, 0)
  Slice (381:507) on FGPA 0, FPGA link 1, board None, linked to chip (0, 0)
  Slice (381:507) on FGPA 0, FPGA link 3, board None, linked to chip (0, 0)
  Slice (381:507) on FGPA 0, FPGA link 5, board None, linked to chip (0, 0)
  Slice (381:507) on FGPA 0, FPGA link 7, board None, linked to chip (0, 0)
  Slice (381:507) on FGPA 0, FPGA link 9, board None, linked to chip (0, 0)
  Slice (508:634) on FGPA 0, FPGA link 11, board None, linked to chip (0, 0)
  Slice (508:634) on FGPA 0, FPGA link 13, board None, linked to chip (0, 0)
  Slice (508:634) on FGPA 0, FPGA link 15, board None, linked to chip (0, 0)
  Slice (508:634) on FGPA 0, FPGA link 1, board None, linked to chip (0, 0)
  Slice (508:634) on FGPA 0, FPGA link 3, board None, linked to chip (0, 0)
  Slice (508:634) on FGPA 0, FPGA link 5, board None, linked to chip (0, 0)
  Slice (508:634) on FGPA 0, FPGA link 7, board None, linked to chip (0, 0)
  Slice (508:634) on FGPA 0, FPGA link 9, board None, linked to chip (0, 0)
  Slice (635:761) on FGPA 0, FPGA link 11, board None, linked to chip (0, 0)
  Slice (635:761) on FGPA 0, FPGA link 13, board None, linked to chip (0, 0)
  Slice (635:761) on FGPA 0, FPGA link 15, board None, linked to chip (0, 0)
  Slice (635:761) on FGPA 0, FPGA link 1, board None, linked to chip (0, 0)
  Slice (635:761) on FGPA 0, FPGA link 3, board None, linked to chip (0, 0)
  Slice (635:761) on FGPA 0, FPGA link 5, board None, linked to chip (0, 0)
  Slice (635:761) on FGPA 0, FPGA link 7, board None, linked to chip (0, 0)
  Slice (635:761) on FGPA 0, FPGA link 9, board None, linked to chip (0, 0)
  Slice (762:888) on FGPA 0, FPGA link 11, board None, linked to chip (0, 0)
  Slice (762:888) on FGPA 0, FPGA link 13, board None, linked to chip (0, 0)
  Slice (762:888) on FGPA 0, FPGA link 15, board None, linked to chip (0, 0)
  Slice (762:888) on FGPA 0, FPGA link 1, board None, linked to chip (0, 0)
  Slice (762:888) on FGPA 0, FPGA link 3, board None, linked to chip (0, 0)
  Slice (762:888) on FGPA 0, FPGA link 5, board None, linked to chip (0, 0)
  Slice (762:888) on FGPA 0, FPGA link 7, board None, linked to chip (0, 0)
  Slice (762:888) on FGPA 0, FPGA link 9, board None, linked to chip (0, 0)
  Slice (889:1015) on FGPA 0, FPGA link 11, board None, linked to chip (0, 0)
  Slice (889:1015) on FGPA 0, FPGA link 13, board None, linked to chip (0, 0)
  Slice (889:1015) on FGPA 0, FPGA link 15, board None, linked to chip (0, 0)
  Slice (889:1015) on FGPA 0, FPGA link 1, board None, linked to chip (0, 0)
  Slice (889:1015) on FGPA 0, FPGA link 3, board None, linked to chip (0, 0)
  Slice (889:1015) on FGPA 0, FPGA link 5, board None, linked to chip (0, 0)
  Slice (889:1015) on FGPA 0, FPGA link 7, board None, linked to chip (0, 0)
  Slice (889:1015) on FGPA 0, FPGA link 9, board None, linked to chip (0, 0)
  Slice (1016:1142) on FGPA 0, FPGA link 11, board None, linked to chip (0, 0)
  Slice (1016:1142) on FGPA 0, FPGA link 13, board None, linked to chip (0, 0)
  Slice (1016:1142) on FGPA 0, FPGA link 15, board None, linked to chip (0, 0)
  Slice (1016:1142) on FGPA 0, FPGA link 1, board None, linked to chip (0, 0)
  Slice (1016:1142) on FGPA 0, FPGA link 3, board None, linked to chip (0, 0)
  Slice (1016:1142) on FGPA 0, FPGA link 5, board None, linked to chip (0, 0)
  Slice (1016:1142) on FGPA 0, FPGA link 7, board None, linked to chip (0, 0)
  Slice (1016:1142) on FGPA 0, FPGA link 9, board None, linked to chip (0, 0)
  Slice (1143:1269) on FGPA 0, FPGA link 11, board None, linked to chip (0, 0)
  Slice (1143:1269) on FGPA 0, FPGA link 13, board None, linked to chip (0, 0)
  Slice (1143:1269) on FGPA 0, FPGA link 15, board None, linked to chip (0, 0)
  Slice (1143:1269) on FGPA 0, FPGA link 1, board None, linked to chip (0, 0)
  Slice (1143:1269) on FGPA 0, FPGA link 3, board None, linked to chip (0, 0)
  Slice (1143:1269) on FGPA 0, FPGA link 5, board None, linked to chip (0, 0)
  Slice (1143:1269) on FGPA 0, FPGA link 7, board None, linked to chip (0, 0)
  Slice (1143:1269) on FGPA 0, FPGA link 9, board None, linked to chip (0, 0)
  Slice (1270:1396) on FGPA 0, FPGA link 11, board None, linked to chip (0, 0)
  Slice (1270:1396) on FGPA 0, FPGA link 13, board None, linked to chip (0, 0)
  Slice (1270:1396) on FGPA 0, FPGA link 15, board None, linked to chip (0, 0)
  Slice (1270:1396) on FGPA 0, FPGA link 1, board None, linked to chip (0, 0)
  Slice (1270:1396) on FGPA 0, FPGA link 3, board None, linked to chip (0, 0)
  Slice (1270:1396) on FGPA 0, FPGA link 5, board None, linked to chip (0, 0)
  Slice (1270:1396) on FGPA 0, FPGA link 7, board None, linked to chip (0, 0)
  Slice (1270:1396) on FGPA 0, FPGA link 9, board None, linked to chip (0, 0)
  Slice (1397:1523) on FGPA 0, FPGA link 11, board None, linked to chip (0, 0)
  Slice (1397:1523) on FGPA 0, FPGA link 13, board None, linked to chip (0, 0)
  Slice (1397:1523) on FGPA 0, FPGA link 15, board None, linked to chip (0, 0)
  Slice (1397:1523) on FGPA 0, FPGA link 1, board None, linked to chip (0, 0)
  Slice (1397:1523) on FGPA 0, FPGA link 3, board None, linked to chip (0, 0)
  Slice (1397:1523) on FGPA 0, FPGA link 5, board None, linked to chip (0, 0)
  Slice (1397:1523) on FGPA 0, FPGA link 7, board None, linked to chip (0, 0)
  Slice (1397:1523) on FGPA 0, FPGA link 9, board None, linked to chip (0, 0)
  Slice (1524:1650) on FGPA 0, FPGA link 11, board None, linked to chip (0, 0)
  Slice (1524:1650) on FGPA 0, FPGA link 13, board None, linked to chip (0, 0)
  Slice (1524:1650) on FGPA 0, FPGA link 15, board None, linked to chip (0, 0)
  Slice (1524:1650) on FGPA 0, FPGA link 1, board None, linked to chip (0, 0)
  Slice (1524:1650) on FGPA 0, FPGA link 3, board None, linked to chip (0, 0)
  Slice (1524:1650) on FGPA 0, FPGA link 5, board None, linked to chip (0, 0)
  Slice (1524:1650) on FGPA 0, FPGA link 7, board None, linked to chip (0, 0)
  Slice (1524:1650) on FGPA 0, FPGA link 9, board None, linked to chip (0, 0)
  Slice (1651:1777) on FGPA 0, FPGA link 11, board None, linked to chip (0, 0)
  Slice (1651:1777) on FGPA 0, FPGA link 13, board None, linked to chip (0, 0)
  Slice (1651:1777) on FGPA 0, FPGA link 15, board None, linked to chip (0, 0)
  Slice (1651:1777) on FGPA 0, FPGA link 1, board None, linked to chip (0, 0)
  Slice (1651:1777) on FGPA 0, FPGA link 3, board None, linked to chip (0, 0)
  Slice (1651:1777) on FGPA 0, FPGA link 5, board None, linked to chip (0, 0)
  Slice (1651:1777) on FGPA 0, FPGA link 7, board None, linked to chip (0, 0)
  Slice (1651:1777) on FGPA 0, FPGA link 9, board None, linked to chip (0, 0)
  Slice (1778:1904) on FGPA 0, FPGA link 11, board None, linked to chip (0, 0)
  Slice (1778:1904) on FGPA 0, FPGA link 13, board None, linked to chip (0, 0)
  Slice (1778:1904) on FGPA 0, FPGA link 15, board None, linked to chip (0, 0)
  Slice (1778:1904) on FGPA 0, FPGA link 1, board None, linked to chip (0, 0)
  Slice (1778:1904) on FGPA 0, FPGA link 3, board None, linked to chip (0, 0)
  Slice (1778:1904) on FGPA 0, FPGA link 5, board None, linked to chip (0, 0)
  Slice (1778:1904) on FGPA 0, FPGA link 7, board None, linked to chip (0, 0)
  Slice (1778:1904) on FGPA 0, FPGA link 9, board None, linked to chip (0, 0)
  Slice (1905:2031) on FGPA 0, FPGA link 11, board None, linked to chip (0, 0)
  Slice (1905:2031) on FGPA 0, FPGA link 13, board None, linked to chip (0, 0)
  Slice (1905:2031) on FGPA 0, FPGA link 15, board None, linked to chip (0, 0)
  Slice (1905:2031) on FGPA 0, FPGA link 1, board None, linked to chip (0, 0)
  Slice (1905:2031) on FGPA 0, FPGA link 3, board None, linked to chip (0, 0)
  Slice (1905:2031) on FGPA 0, FPGA link 5, board None, linked to chip (0, 0)
  Slice (1905:2031) on FGPA 0, FPGA link 7, board None, linked to chip (0, 0)
  Slice (1905:2031) on FGPA 0, FPGA link 9, board None, linked to chip (0, 0)
  Slice (2032:2158) on FGPA 0, FPGA link 11, board None, linked to chip (0, 0)
  Slice (2032:2158) on FGPA 0, FPGA link 13, board None, linked to chip (0, 0)
  Slice (2032:2158) on FGPA 0, FPGA link 15, board None, linked to chip (0, 0)
  Slice (2032:2158) on FGPA 0, FPGA link 1, board None, linked to chip (0, 0)
  Slice (2032:2158) on FGPA 0, FPGA link 3, board None, linked to chip (0, 0)
  Slice (2032:2158) on FGPA 0, FPGA link 5, board None, linked to chip (0, 0)
  Slice (2032:2158) on FGPA 0, FPGA link 7, board None, linked to chip (0, 0)
  Slice (2032:2158) on FGPA 0, FPGA link 9, board None, linked to chip (0, 0)
  Slice (2159:2285) on FGPA 0, FPGA link 11, board None, linked to chip (0, 0)
  Slice (2159:2285) on FGPA 0, FPGA link 13, board None, linked to chip (0, 0)
  Slice (2159:2285) on FGPA 0, FPGA link 15, board None, linked to chip (0, 0)
  Slice (2159:2285) on FGPA 0, FPGA link 1, board None, linked to chip (0, 0)
  Slice (2159:2285) on FGPA 0, FPGA link 3, board None, linked to chip (0, 0)
  Slice (2159:2285) on FGPA 0, FPGA link 5, board None, linked to chip (0, 0)
  Slice (2159:2285) on FGPA 0, FPGA link 7, board None, linked to chip (0, 0)
  Slice (2159:2285) on FGPA 0, FPGA link 9, board None, linked to chip (0, 0)
  Slice (2286:2412) on FGPA 0, FPGA link 11, board None, linked to chip (0, 0)
  Slice (2286:2412) on FGPA 0, FPGA link 13, board None, linked to chip (0, 0)
  Slice (2286:2412) on FGPA 0, FPGA link 15, board None, linked to chip (0, 0)
  Slice (2286:2412) on FGPA 0, FPGA link 1, board None, linked to chip (0, 0)
  Slice (2286:2412) on FGPA 0, FPGA link 3, board None, linked to chip (0, 0)
  Slice (2286:2412) on FGPA 0, FPGA link 5, board None, linked to chip (0, 0)
  Slice (2286:2412) on FGPA 0, FPGA link 7, board None, linked to chip (0, 0)
  Slice (2286:2412) on FGPA 0, FPGA link 9, board None, linked to chip (0, 0)
  Slice (2413:2539) on FGPA 0, FPGA link 11, board None, linked to chip (0, 0)
  Slice (2413:2539) on FGPA 0, FPGA link 13, board None, linked to chip (0, 0)
  Slice (2413:2539) on FGPA 0, FPGA link 15, board None, linked to chip (0, 0)
  Slice (2413:2539) on FGPA 0, FPGA link 1, board None, linked to chip (0, 0)
  Slice (2413:2539) on FGPA 0, FPGA link 3, board None, linked to chip (0, 0)
  Slice (2413:2539) on FGPA 0, FPGA link 5, board None, linked to chip (0, 0)
  Slice (2413:2539) on FGPA 0, FPGA link 7, board None, linked to chip (0, 0)
  Slice (2413:2539) on FGPA 0, FPGA link 9, board None, linked to chip (0, 0)
  Slice (2540:2666) on FGPA 0, FPGA link 11, board None, linked to chip (0, 0)
  Slice (2540:2666) on FGPA 0, FPGA link 13, board None, linked to chip (0, 0)
  Slice (2540:2666) on FGPA 0, FPGA link 15, board None, linked to chip (0, 0)
  Slice (2540:2666) on FGPA 0, FPGA link 1, board None, linked to chip (0, 0)
  Slice (2540:2666) on FGPA 0, FPGA link 3, board None, linked to chip (0, 0)
  Slice (2540:2666) on FGPA 0, FPGA link 5, board None, linked to chip (0, 0)
  Slice (2540:2666) on FGPA 0, FPGA link 7, board None, linked to chip (0, 0)
  Slice (2540:2666) on FGPA 0, FPGA link 9, board None, linked to chip (0, 0)
  Slice (2667:2793) on FGPA 0, FPGA link 11, board None, linked to chip (0, 0)
  Slice (2667:2793) on FGPA 0, FPGA link 13, board None, linked to chip (0, 0)
  Slice (2667:2793) on FGPA 0, FPGA link 15, board None, linked to chip (0, 0)
  Slice (2667:2793) on FGPA 0, FPGA link 1, board None, linked to chip (0, 0)
  Slice (2667:2793) on FGPA 0, FPGA link 3, board None, linked to chip (0, 0)
  Slice (2667:2793) on FGPA 0, FPGA link 5, board None, linked to chip (0, 0)
  Slice (2667:2793) on FGPA 0, FPGA link 7, board None, linked to chip (0, 0)
  Slice (2667:2793) on FGPA 0, FPGA link 9, board None, linked to chip (0, 0)
  Slice (2794:2920) on FGPA 0, FPGA link 11, board None, linked to chip (0, 0)
  Slice (2794:2920) on FGPA 0, FPGA link 13, board None, linked to chip (0, 0)
  Slice (2794:2920) on FGPA 0, FPGA link 15, board None, linked to chip (0, 0)
  Slice (2794:2920) on FGPA 0, FPGA link 1, board None, linked to chip (0, 0)
  Slice (2794:2920) on FGPA 0, FPGA link 3, board None, linked to chip (0, 0)
  Slice (2794:2920) on FGPA 0, FPGA link 5, board None, linked to chip (0, 0)
  Slice (2794:2920) on FGPA 0, FPGA link 7, board None, linked to chip (0, 0)
  Slice (2794:2920) on FGPA 0, FPGA link 9, board None, linked to chip (0, 0)
  Slice (2921:3047) on FGPA 0, FPGA link 11, board None, linked to chip (0, 0)
  Slice (2921:3047) on FGPA 0, FPGA link 13, board None, linked to chip (0, 0)
  Slice (2921:3047) on FGPA 0, FPGA link 15, board None, linked to chip (0, 0)
  Slice (2921:3047) on FGPA 0, FPGA link 1, board None, linked to chip (0, 0)
  Slice (2921:3047) on FGPA 0, FPGA link 3, board None, linked to chip (0, 0)
  Slice (2921:3047) on FGPA 0, FPGA link 5, board None, linked to chip (0, 0)
  Slice (2921:3047) on FGPA 0, FPGA link 7, board None, linked to chip (0, 0)
  Slice (2921:3047) on FGPA 0, FPGA link 9, board None, linked to chip (0, 0)
  Slice (3048:3174) on FGPA 0, FPGA link 11, board None, linked to chip (0, 0)
  Slice (3048:3174) on FGPA 0, FPGA link 13, board None, linked to chip (0, 0)
  Slice (3048:3174) on FGPA 0, FPGA link 15, board None, linked to chip (0, 0)
  Slice (3048:3174) on FGPA 0, FPGA link 1, board None, linked to chip (0, 0)
  Slice (3048:3174) on FGPA 0, FPGA link 3, board None, linked to chip (0, 0)
  Slice (3048:3174) on FGPA 0, FPGA link 5, board None, linked to chip (0, 0)
  Slice (3048:3174) on FGPA 0, FPGA link 7, board None, linked to chip (0, 0)
  Slice (3048:3174) on FGPA 0, FPGA link 9, board None, linked to chip (0, 0)
  Slice (3175:3301) on FGPA 0, FPGA link 11, board None, linked to chip (0, 0)
  Slice (3175:3301) on FGPA 0, FPGA link 13, board None, linked to chip (0, 0)
  Slice (3175:3301) on FGPA 0, FPGA link 15, board None, linked to chip (0, 0)
  Slice (3175:3301) on FGPA 0, FPGA link 1, board None, linked to chip (0, 0)
  Slice (3175:3301) on FGPA 0, FPGA link 3, board None, linked to chip (0, 0)
  Slice (3175:3301) on FGPA 0, FPGA link 5, board None, linked to chip (0, 0)
  Slice (3175:3301) on FGPA 0, FPGA link 7, board None, linked to chip (0, 0)
  Slice (3175:3301) on FGPA 0, FPGA link 9, board None, linked to chip (0, 0)
  Slice (3302:3428) on FGPA 0, FPGA link 11, board None, linked to chip (0, 0)
  Slice (3302:3428) on FGPA 0, FPGA link 13, board None, linked to chip (0, 0)
  Slice (3302:3428) on FGPA 0, FPGA link 15, board None, linked to chip (0, 0)
  Slice (3302:3428) on FGPA 0, FPGA link 1, board None, linked to chip (0, 0)
  Slice (3302:3428) on FGPA 0, FPGA link 3, board None, linked to chip (0, 0)
  Slice (3302:3428) on FGPA 0, FPGA link 5, board None, linked to chip (0, 0)
  Slice (3302:3428) on FGPA 0, FPGA link 7, board None, linked to chip (0, 0)
  Slice (3302:3428) on FGPA 0, FPGA link 9, board None, linked to chip (0, 0)
  Slice (3429:3555) on FGPA 0, FPGA link 11, board None, linked to chip (0, 0)
  Slice (3429:3555) on FGPA 0, FPGA link 13, board None, linked to chip (0, 0)
  Slice (3429:3555) on FGPA 0, FPGA link 15, board None, linked to chip (0, 0)
  Slice (3429:3555) on FGPA 0, FPGA link 1, board None, linked to chip (0, 0)
  Slice (3429:3555) on FGPA 0, FPGA link 3, board None, linked to chip (0, 0)
  Slice (3429:3555) on FGPA 0, FPGA link 5, board None, linked to chip (0, 0)
  Slice (3429:3555) on FGPA 0, FPGA link 7, board None, linked to chip (0, 0)
  Slice (3429:3555) on FGPA 0, FPGA link 9, board None, linked to chip (0, 0)
  Slice (3556:3682) on FGPA 0, FPGA link 11, board None, linked to chip (0, 0)
  Slice (3556:3682) on FGPA 0, FPGA link 13, board None, linked to chip (0, 0)
  Slice (3556:3682) on FGPA 0, FPGA link 15, board None, linked to chip (0, 0)
  Slice (3556:3682) on FGPA 0, FPGA link 1, board None, linked to chip (0, 0)
  Slice (3556:3682) on FGPA 0, FPGA link 3, board None, linked to chip (0, 0)
  Slice (3556:3682) on FGPA 0, FPGA link 5, board None, linked to chip (0, 0)
  Slice (3556:3682) on FGPA 0, FPGA link 7, board None, linked to chip (0, 0)
  Slice (3556:3682) on FGPA 0, FPGA link 9, board None, linked to chip (0, 0)
  Slice (3683:3809) on FGPA 0, FPGA link 11, board None, linked to chip (0, 0)
  Slice (3683:3809) on FGPA 0, FPGA link 13, board None, linked to chip (0, 0)
  Slice (3683:3809) on FGPA 0, FPGA link 15, board None, linked to chip (0, 0)
  Slice (3683:3809) on FGPA 0, FPGA link 1, board None, linked to chip (0, 0)
  Slice (3683:3809) on FGPA 0, FPGA link 3, board None, linked to chip (0, 0)
  Slice (3683:3809) on FGPA 0, FPGA link 5, board None, linked to chip (0, 0)
  Slice (3683:3809) on FGPA 0, FPGA link 7, board None, linked to chip (0, 0)
  Slice (3683:3809) on FGPA 0, FPGA link 9, board None, linked to chip (0, 0)
  Slice (3810:3936) on FGPA 0, FPGA link 11, board None, linked to chip (0, 0)
  Slice (3810:3936) on FGPA 0, FPGA link 13, board None, linked to chip (0, 0)
  Slice (3810:3936) on FGPA 0, FPGA link 15, board None, linked to chip (0, 0)
  Slice (3810:3936) on FGPA 0, FPGA link 1, board None, linked to chip (0, 0)
  Slice (3810:3936) on FGPA 0, FPGA link 3, board None, linked to chip (0, 0)
  Slice (3810:3936) on FGPA 0, FPGA link 5, board None, linked to chip (0, 0)
  Slice (3810:3936) on FGPA 0, FPGA link 7, board None, linked to chip (0, 0)
  Slice (3810:3936) on FGPA 0, FPGA link 9, board None, linked to chip (0, 0)
  Slice (3937:4063) on FGPA 0, FPGA link 11, board None, linked to chip (0, 0)
  Slice (3937:4063) on FGPA 0, FPGA link 13, board None, linked to chip (0, 0)
  Slice (3937:4063) on FGPA 0, FPGA link 15, board None, linked to chip (0, 0)
  Slice (3937:4063) on FGPA 0, FPGA link 1, board None, linked to chip (0, 0)
  Slice (3937:4063) on FGPA 0, FPGA link 3, board None, linked to chip (0, 0)
  Slice (3937:4063) on FGPA 0, FPGA link 5, board None, linked to chip (0, 0)
  Slice (3937:4063) on FGPA 0, FPGA link 7, board None, linked to chip (0, 0)
  Slice (3937:4063) on FGPA 0, FPGA link 9, board None, linked to chip (0, 0)
  Slice (4064:4190) on FGPA 0, FPGA link 11, board None, linked to chip (0, 0)
  Slice (4064:4190) on FGPA 0, FPGA link 13, board None, linked to chip (0, 0)
  Slice (4064:4190) on FGPA 0, FPGA link 15, board None, linked to chip (0, 0)
  Slice (4064:4190) on FGPA 0, FPGA link 1, board None, linked to chip (0, 0)
  Slice (4064:4190) on FGPA 0, FPGA link 3, board None, linked to chip (0, 0)
  Slice (4064:4190) on FGPA 0, FPGA link 5, board None, linked to chip (0, 0)
  Slice (4064:4190) on FGPA 0, FPGA link 7, board None, linked to chip (0, 0)
  Slice (4064:4190) on FGPA 0, FPGA link 9, board None, linked to chip (0, 0)
  Slice (4191:4317) on FGPA 0, FPGA link 11, board None, linked to chip (0, 0)
  Slice (4191:4317) on FGPA 0, FPGA link 13, board None, linked to chip (0, 0)
  Slice (4191:4317) on FGPA 0, FPGA link 15, board None, linked to chip (0, 0)
  Slice (4191:4317) on FGPA 0, FPGA link 1, board None, linked to chip (0, 0)
  Slice (4191:4317) on FGPA 0, FPGA link 3, board None, linked to chip (0, 0)
  Slice (4191:4317) on FGPA 0, FPGA link 5, board None, linked to chip (0, 0)
  Slice (4191:4317) on FGPA 0, FPGA link 7, board None, linked to chip (0, 0)
  Slice (4191:4317) on FGPA 0, FPGA link 9, board None, linked to chip (0, 0)
  Slice (4318:4444) on FGPA 0, FPGA link 11, board None, linked to chip (0, 0)
  Slice (4318:4444) on FGPA 0, FPGA link 13, board None, linked to chip (0, 0)
  Slice (4318:4444) on FGPA 0, FPGA link 15, board None, linked to chip (0, 0)
  Slice (4318:4444) on FGPA 0, FPGA link 1, board None, linked to chip (0, 0)
  Slice (4318:4444) on FGPA 0, FPGA link 3, board None, linked to chip (0, 0)
  Slice (4318:4444) on FGPA 0, FPGA link 5, board None, linked to chip (0, 0)
  Slice (4318:4444) on FGPA 0, FPGA link 7, board None, linked to chip (0, 0)
  Slice (4318:4444) on FGPA 0, FPGA link 9, board None, linked to chip (0, 0)
  Slice (4445:4571) on FGPA 0, FPGA link 11, board None, linked to chip (0, 0)
  Slice (4445:4571) on FGPA 0, FPGA link 13, board None, linked to chip (0, 0)
  Slice (4445:4571) on FGPA 0, FPGA link 15, board None, linked to chip (0, 0)
  Slice (4445:4571) on FGPA 0, FPGA link 1, board None, linked to chip (0, 0)
  Slice (4445:4571) on FGPA 0, FPGA link 3, board None, linked to chip (0, 0)
  Slice (4445:4571) on FGPA 0, FPGA link 5, board None, linked to chip (0, 0)
  Slice (4445:4571) on FGPA 0, FPGA link 7, board None, linked to chip (0, 0)
  Slice (4445:4571) on FGPA 0, FPGA link 9, board None, linked to chip (0, 0)
  Slice (4572:4698) on FGPA 0, FPGA link 11, board None, linked to chip (0, 0)
  Slice (4572:4698) on FGPA 0, FPGA link 13, board None, linked to chip (0, 0)
  Slice (4572:4698) on FGPA 0, FPGA link 15, board None, linked to chip (0, 0)
  Slice (4572:4698) on FGPA 0, FPGA link 1, board None, linked to chip (0, 0)
  Slice (4572:4698) on FGPA 0, FPGA link 3, board None, linked to chip (0, 0)
  Slice (4572:4698) on FGPA 0, FPGA link 5, board None, linked to chip (0, 0)
  Slice (4572:4698) on FGPA 0, FPGA link 7, board None, linked to chip (0, 0)
  Slice (4572:4698) on FGPA 0, FPGA link 9, board None, linked to chip (0, 0)
  Slice (4699:4825) on FGPA 0, FPGA link 11, board None, linked to chip (0, 0)
  Slice (4699:4825) on FGPA 0, FPGA link 13, board None, linked to chip (0, 0)
  Slice (4699:4825) on FGPA 0, FPGA link 15, board None, linked to chip (0, 0)
  Slice (4699:4825) on FGPA 0, FPGA link 1, board None, linked to chip (0, 0)
  Slice (4699:4825) on FGPA 0, FPGA link 3, board None, linked to chip (0, 0)
  Slice (4699:4825) on FGPA 0, FPGA link 5, board None, linked to chip (0, 0)
  Slice (4699:4825) on FGPA 0, FPGA link 7, board None, linked to chip (0, 0)
  Slice (4699:4825) on FGPA 0, FPGA link 9, board None, linked to chip (0, 0)
  Slice (4826:4952) on FGPA 0, FPGA link 11, board None, linked to chip (0, 0)
  Slice (4826:4952) on FGPA 0, FPGA link 13, board None, linked to chip (0, 0)
  Slice (4826:4952) on FGPA 0, FPGA link 15, board None, linked to chip (0, 0)
  Slice (4826:4952) on FGPA 0, FPGA link 1, board None, linked to chip (0, 0)
  Slice (4826:4952) on FGPA 0, FPGA link 3, board None, linked to chip (0, 0)
  Slice (4826:4952) on FGPA 0, FPGA link 5, board None, linked to chip (0, 0)
  Slice (4826:4952) on FGPA 0, FPGA link 7, board None, linked to chip (0, 0)
  Slice (4826:4952) on FGPA 0, FPGA link 9, board None, linked to chip (0, 0)
  Slice (4953:5079) on FGPA 0, FPGA link 11, board None, linked to chip (0, 0)
  Slice (4953:5079) on FGPA 0, FPGA link 13, board None, linked to chip (0, 0)
  Slice (4953:5079) on FGPA 0, FPGA link 15, board None, linked to chip (0, 0)
  Slice (4953:5079) on FGPA 0, FPGA link 1, board None, linked to chip (0, 0)
  Slice (4953:5079) on FGPA 0, FPGA link 3, board None, linked to chip (0, 0)
  Slice (4953:5079) on FGPA 0, FPGA link 5, board None, linked to chip (0, 0)
  Slice (4953:5079) on FGPA 0, FPGA link 7, board None, linked to chip (0, 0)
  Slice (4953:5079) on FGPA 0, FPGA link 9, board None, linked to chip (0, 0)
  Slice (5080:5206) on FGPA 0, FPGA link 11, board None, linked to chip (0, 0)
  Slice (5080:5206) on FGPA 0, FPGA link 13, board None, linked to chip (0, 0)
  Slice (5080:5206) on FGPA 0, FPGA link 15, board None, linked to chip (0, 0)
  Slice (5080:5206) on FGPA 0, FPGA link 1, board None, linked to chip (0, 0)
  Slice (5080:5206) on FGPA 0, FPGA link 3, board None, linked to chip (0, 0)
  Slice (5080:5206) on FGPA 0, FPGA link 5, board None, linked to chip (0, 0)
  Slice (5080:5206) on FGPA 0, FPGA link 7, board None, linked to chip (0, 0)
  Slice (5080:5206) on FGPA 0, FPGA link 9, board None, linked to chip (0, 0)
  Slice (5207:5333) on FGPA 0, FPGA link 11, board None, linked to chip (0, 0)
  Slice (5207:5333) on FGPA 0, FPGA link 13, board None, linked to chip (0, 0)
  Slice (5207:5333) on FGPA 0, FPGA link 15, board None, linked to chip (0, 0)
  Slice (5207:5333) on FGPA 0, FPGA link 1, board None, linked to chip (0, 0)
  Slice (5207:5333) on FGPA 0, FPGA link 3, board None, linked to chip (0, 0)
  Slice (5207:5333) on FGPA 0, FPGA link 5, board None, linked to chip (0, 0)
  Slice (5207:5333) on FGPA 0, FPGA link 7, board None, linked to chip (0, 0)
  Slice (5207:5333) on FGPA 0, FPGA link 9, board None, linked to chip (0, 0)
  Slice (5334:5460) on FGPA 0, FPGA link 11, board None, linked to chip (0, 0)
  Slice (5334:5460) on FGPA 0, FPGA link 13, board None, linked to chip (0, 0)
  Slice (5334:5460) on FGPA 0, FPGA link 15, board None, linked to chip (0, 0)
  Slice (5334:5460) on FGPA 0, FPGA link 1, board None, linked to chip (0, 0)
  Slice (5334:5460) on FGPA 0, FPGA link 3, board None, linked to chip (0, 0)
  Slice (5334:5460) on FGPA 0, FPGA link 5, board None, linked to chip (0, 0)
  Slice (5334:5460) on FGPA 0, FPGA link 7, board None, linked to chip (0, 0)
  Slice (5334:5460) on FGPA 0, FPGA link 9, board None, linked to chip (0, 0)
  Slice (5461:5587) on FGPA 0, FPGA link 11, board None, linked to chip (0, 0)
  Slice (5461:5587) on FGPA 0, FPGA link 13, board None, linked to chip (0, 0)
  Slice (5461:5587) on FGPA 0, FPGA link 15, board None, linked to chip (0, 0)
  Slice (5461:5587) on FGPA 0, FPGA link 1, board None, linked to chip (0, 0)
  Slice (5461:5587) on FGPA 0, FPGA link 3, board None, linked to chip (0, 0)
  Slice (5461:5587) on FGPA 0, FPGA link 5, board None, linked to chip (0, 0)
  Slice (5461:5587) on FGPA 0, FPGA link 7, board None, linked to chip (0, 0)
  Slice (5461:5587) on FGPA 0, FPGA link 9, board None, linked to chip (0, 0)
  Slice (5588:5714) on FGPA 0, FPGA link 11, board None, linked to chip (0, 0)
  Slice (5588:5714) on FGPA 0, FPGA link 13, board None, linked to chip (0, 0)
  Slice (5588:5714) on FGPA 0, FPGA link 15, board None, linked to chip (0, 0)
  Slice (5588:5714) on FGPA 0, FPGA link 1, board None, linked to chip (0, 0)
  Slice (5588:5714) on FGPA 0, FPGA link 3, board None, linked to chip (0, 0)
  Slice (5588:5714) on FGPA 0, FPGA link 5, board None, linked to chip (0, 0)
  Slice (5588:5714) on FGPA 0, FPGA link 7, board None, linked to chip (0, 0)
  Slice (5588:5714) on FGPA 0, FPGA link 9, board None, linked to chip (0, 0)
  Slice (5715:5841) on FGPA 0, FPGA link 11, board None, linked to chip (0, 0)
  Slice (5715:5841) on FGPA 0, FPGA link 13, board None, linked to chip (0, 0)
  Slice (5715:5841) on FGPA 0, FPGA link 15, board None, linked to chip (0, 0)
  Slice (5715:5841) on FGPA 0, FPGA link 1, board None, linked to chip (0, 0)
  Slice (5715:5841) on FGPA 0, FPGA link 3, board None, linked to chip (0, 0)
  Slice (5715:5841) on FGPA 0, FPGA link 5, board None, linked to chip (0, 0)
  Slice (5715:5841) on FGPA 0, FPGA link 7, board None, linked to chip (0, 0)
  Slice (5715:5841) on FGPA 0, FPGA link 9, board None, linked to chip (0, 0)
  Slice (5842:5968) on FGPA 0, FPGA link 11, board None, linked to chip (0, 0)
  Slice (5842:5968) on FGPA 0, FPGA link 13, board None, linked to chip (0, 0)
  Slice (5842:5968) on FGPA 0, FPGA link 15, board None, linked to chip (0, 0)
  Slice (5842:5968) on FGPA 0, FPGA link 1, board None, linked to chip (0, 0)
  Slice (5842:5968) on FGPA 0, FPGA link 3, board None, linked to chip (0, 0)
  Slice (5842:5968) on FGPA 0, FPGA link 5, board None, linked to chip (0, 0)
  Slice (5842:5968) on FGPA 0, FPGA link 7, board None, linked to chip (0, 0)
  Slice (5842:5968) on FGPA 0, FPGA link 9, board None, linked to chip (0, 0)
  Slice (5969:6095) on FGPA 0, FPGA link 11, board None, linked to chip (0, 0)
  Slice (5969:6095) on FGPA 0, FPGA link 13, board None, linked to chip (0, 0)
  Slice (5969:6095) on FGPA 0, FPGA link 15, board None, linked to chip (0, 0)
  Slice (5969:6095) on FGPA 0, FPGA link 1, board None, linked to chip (0, 0)
  Slice (5969:6095) on FGPA 0, FPGA link 3, board None, linked to chip (0, 0)
  Slice (5969:6095) on FGPA 0, FPGA link 5, board None, linked to chip (0, 0)
  Slice (5969:6095) on FGPA 0, FPGA link 7, board None, linked to chip (0, 0)
  Slice (5969:6095) on FGPA 0, FPGA link 9, board None, linked to chip (0, 0)
  Slice (6096:6222) on FGPA 0, FPGA link 11, board None, linked to chip (0, 0)
  Slice (6096:6222) on FGPA 0, FPGA link 13, board None, linked to chip (0, 0)
  Slice (6096:6222) on FGPA 0, FPGA link 15, board None, linked to chip (0, 0)
  Slice (6096:6222) on FGPA 0, FPGA link 1, board None, linked to chip (0, 0)
  Slice (6096:6222) on FGPA 0, FPGA link 3, board None, linked to chip (0, 0)
  Slice (6096:6222) on FGPA 0, FPGA link 5, board None, linked to chip (0, 0)
  Slice (6096:6222) on FGPA 0, FPGA link 7, board None, linked to chip (0, 0)
  Slice (6096:6222) on FGPA 0, FPGA link 9, board None, linked to chip (0, 0)
  Slice (6223:6349) on FGPA 0, FPGA link 11, board None, linked to chip (0, 0)
  Slice (6223:6349) on FGPA 0, FPGA link 13, board None, linked to chip (0, 0)
  Slice (6223:6349) on FGPA 0, FPGA link 15, board None, linked to chip (0, 0)
  Slice (6223:6349) on FGPA 0, FPGA link 1, board None, linked to chip (0, 0)
  Slice (6223:6349) on FGPA 0, FPGA link 3, board None, linked to chip (0, 0)
  Slice (6223:6349) on FGPA 0, FPGA link 5, board None, linked to chip (0, 0)
  Slice (6223:6349) on FGPA 0, FPGA link 7, board None, linked to chip (0, 0)
  Slice (6223:6349) on FGPA 0, FPGA link 9, board None, linked to chip (0, 0)
  Slice (6350:6476) on FGPA 0, FPGA link 11, board None, linked to chip (0, 0)
  Slice (6350:6476) on FGPA 0, FPGA link 13, board None, linked to chip (0, 0)
  Slice (6350:6476) on FGPA 0, FPGA link 15, board None, linked to chip (0, 0)
  Slice (6350:6476) on FGPA 0, FPGA link 1, board None, linked to chip (0, 0)
  Slice (6350:6476) on FGPA 0, FPGA link 3, board None, linked to chip (0, 0)
  Slice (6350:6476) on FGPA 0, FPGA link 5, board None, linked to chip (0, 0)
  Slice (6350:6476) on FGPA 0, FPGA link 7, board None, linked to chip (0, 0)
  Slice (6350:6476) on FGPA 0, FPGA link 9, board None, linked to chip (0, 0)
  Slice (6477:6603) on FGPA 0, FPGA link 11, board None, linked to chip (0, 0)
  Slice (6477:6603) on FGPA 0, FPGA link 13, board None, linked to chip (0, 0)
  Slice (6477:6603) on FGPA 0, FPGA link 15, board None, linked to chip (0, 0)
  Slice (6477:6603) on FGPA 0, FPGA link 1, board None, linked to chip (0, 0)
  Slice (6477:6603) on FGPA 0, FPGA link 3, board None, linked to chip (0, 0)
  Slice (6477:6603) on FGPA 0, FPGA link 5, board None, linked to chip (0, 0)
  Slice (6477:6603) on FGPA 0, FPGA link 7, board None, linked to chip (0, 0)
  Slice (6477:6603) on FGPA 0, FPGA link 9, board None, linked to chip (0, 0)
  Slice (6604:6730) on FGPA 0, FPGA link 11, board None, linked to chip (0, 0)
  Slice (6604:6730) on FGPA 0, FPGA link 13, board None, linked to chip (0, 0)
  Slice (6604:6730) on FGPA 0, FPGA link 15, board None, linked to chip (0, 0)
  Slice (6604:6730) on FGPA 0, FPGA link 1, board None, linked to chip (0, 0)
  Slice (6604:6730) on FGPA 0, FPGA link 3, board None, linked to chip (0, 0)
  Slice (6604:6730) on FGPA 0, FPGA link 5, board None, linked to chip (0, 0)
  Slice (6604:6730) on FGPA 0, FPGA link 7, board None, linked to chip (0, 0)
  Slice (6604:6730) on FGPA 0, FPGA link 9, board None, linked to chip (0, 0)
  Slice (6731:6857) on FGPA 0, FPGA link 11, board None, linked to chip (0, 0)
  Slice (6731:6857) on FGPA 0, FPGA link 13, board None, linked to chip (0, 0)
  Slice (6731:6857) on FGPA 0, FPGA link 15, board None, linked to chip (0, 0)
  Slice (6731:6857) on FGPA 0, FPGA link 1, board None, linked to chip (0, 0)
  Slice (6731:6857) on FGPA 0, FPGA link 3, board None, linked to chip (0, 0)
  Slice (6731:6857) on FGPA 0, FPGA link 5, board None, linked to chip (0, 0)
  Slice (6731:6857) on FGPA 0, FPGA link 7, board None, linked to chip (0, 0)
  Slice (6731:6857) on FGPA 0, FPGA link 9, board None, linked to chip (0, 0)
  Slice (6858:6984) on FGPA 0, FPGA link 11, board None, linked to chip (0, 0)
  Slice (6858:6984) on FGPA 0, FPGA link 13, board None, linked to chip (0, 0)
  Slice (6858:6984) on FGPA 0, FPGA link 15, board None, linked to chip (0, 0)
  Slice (6858:6984) on FGPA 0, FPGA link 1, board None, linked to chip (0, 0)
  Slice (6858:6984) on FGPA 0, FPGA link 3, board None, linked to chip (0, 0)
  Slice (6858:6984) on FGPA 0, FPGA link 5, board None, linked to chip (0, 0)
  Slice (6858:6984) on FGPA 0, FPGA link 7, board None, linked to chip (0, 0)
  Slice (6858:6984) on FGPA 0, FPGA link 9, board None, linked to chip (0, 0)
  Slice (6985:7111) on FGPA 0, FPGA link 11, board None, linked to chip (0, 0)
  Slice (6985:7111) on FGPA 0, FPGA link 13, board None, linked to chip (0, 0)
  Slice (6985:7111) on FGPA 0, FPGA link 15, board None, linked to chip (0, 0)
  Slice (6985:7111) on FGPA 0, FPGA link 1, board None, linked to chip (0, 0)
  Slice (6985:7111) on FGPA 0, FPGA link 3, board None, linked to chip (0, 0)
  Slice (6985:7111) on FGPA 0, FPGA link 5, board None, linked to chip (0, 0)
  Slice (6985:7111) on FGPA 0, FPGA link 7, board None, linked to chip (0, 0)
  Slice (6985:7111) on FGPA 0, FPGA link 9, board None, linked to chip (0, 0)
  Slice (7112:7238) on FGPA 0, FPGA link 11, board None, linked to chip (0, 0)
  Slice (7112:7238) on FGPA 0, FPGA link 13, board None, linked to chip (0, 0)
  Slice (7112:7238) on FGPA 0, FPGA link 15, board None, linked to chip (0, 0)
  Slice (7112:7238) on FGPA 0, FPGA link 1, board None, linked to chip (0, 0)
  Slice (7112:7238) on FGPA 0, FPGA link 3, board None, linked to chip (0, 0)
  Slice (7112:7238) on FGPA 0, FPGA link 5, board None, linked to chip (0, 0)
  Slice (7112:7238) on FGPA 0, FPGA link 7, board None, linked to chip (0, 0)
  Slice (7112:7238) on FGPA 0, FPGA link 9, board None, linked to chip (0, 0)
  Slice (7239:7365) on FGPA 0, FPGA link 11, board None, linked to chip (0, 0)
  Slice (7239:7365) on FGPA 0, FPGA link 13, board None, linked to chip (0, 0)
  Slice (7239:7365) on FGPA 0, FPGA link 15, board None, linked to chip (0, 0)
  Slice (7239:7365) on FGPA 0, FPGA link 1, board None, linked to chip (0, 0)
  Slice (7239:7365) on FGPA 0, FPGA link 3, board None, linked to chip (0, 0)
  Slice (7239:7365) on FGPA 0, FPGA link 5, board None, linked to chip (0, 0)
  Slice (7239:7365) on FGPA 0, FPGA link 7, board None, linked to chip (0, 0)
  Slice (7239:7365) on FGPA 0, FPGA link 9, board None, linked to chip (0, 0)
  Slice (7366:7492) on FGPA 0, FPGA link 11, board None, linked to chip (0, 0)
  Slice (7366:7492) on FGPA 0, FPGA link 13, board None, linked to chip (0, 0)
  Slice (7366:7492) on FGPA 0, FPGA link 15, board None, linked to chip (0, 0)
  Slice (7366:7492) on FGPA 0, FPGA link 1, board None, linked to chip (0, 0)
  Slice (7366:7492) on FGPA 0, FPGA link 3, board None, linked to chip (0, 0)
  Slice (7366:7492) on FGPA 0, FPGA link 5, board None, linked to chip (0, 0)
  Slice (7366:7492) on FGPA 0, FPGA link 7, board None, linked to chip (0, 0)
  Slice (7366:7492) on FGPA 0, FPGA link 9, board None, linked to chip (0, 0)

**** Vertex: 'Capture for device 0'
Model: AbstractPopulationVertex
Pop size: 7500
Machine Vertices: 
  Slice (0:127) on core (0, 0, 4) 
  Slice (128:255) on core (0, 0, 5) 
  Slice (256:383) on core (0, 0, 6) 
  Slice (384:511) on core (0, 0, 7) 
  Slice (512:639) on core (0, 0, 8) 
  Slice (640:767) on core (0, 0, 9) 
  Slice (768:895) on core (0, 0, 10) 
  Slice (896:1023) on core (0, 0, 11) 
  Slice (1024:1151) on core (0, 0, 12) 
  Slice (1152:1279) on core (0, 0, 13) 
  Slice (1280:1407) on core (0, 0, 14) 
  Slice (1408:1535) on core (0, 0, 15) 
  Slice (1536:1663) on core (0, 0, 16) 
  Slice (1664:1791) on core (0, 0, 17) 
  Slice (1792:1919) on core (1, 0, 2) 
  Slice (1920:2047) on core (1, 0, 3) 
  Slice (2048:2175) on core (1, 0, 4) 
  Slice (2176:2303) on core (1, 0, 5) 
  Slice (2304:2431) on core (1, 0, 6) 
  Slice (2432:2559) on core (1, 0, 7) 
  Slice (2560:2687) on core (1, 0, 8) 
  Slice (2688:2815) on core (1, 0, 9) 
  Slice (2816:2943) on core (1, 0, 10) 
  Slice (2944:3071) on core (1, 0, 11) 
  Slice (3072:3199) on core (1, 0, 12) 
  Slice (3200:3327) on core (1, 0, 13) 
  Slice (3328:3455) on core (1, 0, 14) 
  Slice (3456:3583) on core (1, 0, 15) 
  Slice (3584:3711) on core (1, 0, 16) 
  Slice (3712:3839) on core (1, 0, 17) 
  Slice (3840:3967) on core (1, 1, 2) 
  Slice (3968:4095) on core (1, 1, 3) 
  Slice (4096:4223) on core (1, 1, 4) 
  Slice (4224:4351) on core (1, 1, 5) 
  Slice (4352:4479) on core (1, 1, 6) 
  Slice (4480:4607) on core (1, 1, 7) 
  Slice (4608:4735) on core (1, 1, 8) 
  Slice (4736:4863) on core (1, 1, 9) 
  Slice (4864:4991) on core (1, 1, 10) 
  Slice (4992:5119) on core (1, 1, 11) 
  Slice (5120:5247) on core (1, 1, 12) 
  Slice (5248:5375) on core (1, 1, 13) 
  Slice (5376:5503) on core (1, 1, 14) 
  Slice (5504:5631) on core (1, 1, 15) 
  Slice (5632:5759) on core (1, 1, 16) 
  Slice (5760:5887) on core (0, 1, 2) 
  Slice (5888:6015) on core (0, 1, 3) 
  Slice (6016:6143) on core (0, 1, 4) 
  Slice (6144:6271) on core (0, 1, 5) 
  Slice (6272:6399) on core (0, 1, 6) 
  Slice (6400:6527) on core (0, 1, 7) 
  Slice (6528:6655) on core (0, 1, 8) 
  Slice (6656:6783) on core (0, 1, 9) 
  Slice (6784:6911) on core (0, 1, 10) 
  Slice (6912:7039) on core (0, 1, 11) 
  Slice (7040:7167) on core (0, 1, 12) 
  Slice (7168:7295) on core (0, 1, 13) 
  Slice (7296:7423) on core (0, 1, 14) 
  Slice (7424:7499) on core (0, 1, 15) 

**** Vertex: 'Command Sender on 0, 0'
Model: CommandSender
Pop size: 1
Machine Vertices: 
  Slice (0:0) on core (0, 0, 1) 

