Router contains 33 entries
Index Key        Mask       Route      Default [Cores][Links]
----- ---------- ---------- ---------- ------- --------------
    0 0x00000007 0xFFFFFFE7 0x00000401 False   [4] [E]
    1 0x00000027 0xFFFFFFE7 0x00000C01 False   [4, 5] [E]
    2 0x00000047 0xFFFFFFE7 0x00001801 False   [5, 6] [E]
    3 0x00000067 0xFFFFFFE7 0x00003001 False   [6, 7] [E]
    4 0x00000087 0xFFFFFFE7 0x00006001 False   [8, 7] [E]
    5 0x000000A7 0xFFFFFFE7 0x0000C001 False   [8, 9] [E]
    6 0x000000C7 0xFFFFFFE7 0x00018001 False   [9, 10] [E]
    7 0x000000E7 0xFFFFFFE7 0x00030001 False   [10, 11] [E]
    8 0x00000107 0xFFFFFFE7 0x00060001 False   [11, 12] [E]
    9 0x00000127 0xFFFFFFE7 0x000C0001 False   [12, 13] [E]
   10 0x00000147 0xFFFFFFE7 0x00180001 False   [13, 14] [E]
   11 0x00000167 0xFFFFFFE7 0x00300001 False   [14, 15] [E]
   12 0x00000187 0xFFFFFFE7 0x00600001 False   [16, 15] [E]
   13 0x000001A7 0xFFFFFFE7 0x00C00001 False   [16, 17] [E]
   14 0x000001C7 0xFFFFFFE7 0x00800001 False   [17] [E]
   15 0x00000000 0xFFFFFFE0 0x00000400 False   [4] []
   16 0x00000020 0xFFFFFFE0 0x00000C00 False   [4, 5] []
   17 0x00000040 0xFFFFFFE0 0x00001800 False   [5, 6] []
   18 0x00000060 0xFFFFFFE0 0x00003000 False   [6, 7] []
   19 0x00000080 0xFFFFFFE0 0x00006000 False   [8, 7] []
   20 0x000000A0 0xFFFFFFE0 0x0000C000 False   [8, 9] []
   21 0x000000C0 0xFFFFFFE0 0x00018000 False   [9, 10] []
   22 0x000000E0 0xFFFFFFE0 0x00030000 False   [10, 11] []
   23 0x00000100 0xFFFFFFE0 0x00060000 False   [11, 12] []
   24 0x00000120 0xFFFFFFE0 0x000C0000 False   [12, 13] []
   25 0x00000140 0xFFFFFFE0 0x00180000 False   [13, 14] []
   26 0x00000160 0xFFFFFFE0 0x00300000 False   [14, 15] []
   27 0x00000180 0xFFFFFFE0 0x00600000 False   [16, 15] []
   28 0x000001A0 0xFFFFFFE0 0x00C00000 False   [16, 17] []
   29 0x000001C0 0xFFFFFFE0 0x00800000 False   [17] []
   30 0x00008000 0x00008000 0x00000020 False   [] [S]
   31 0x00000007 0xFFFFC007 0x00000001 False   [] [E]
   32 0x00000000 0xFFFFC000 0x00000000 False   [] []
0 Defaultable entries
