SpYNNakerNeuronGraphNetworkSpecificationReport skipped as cfg Reports:write_network_graph is False
Network Specification report took 0:00:00.000240 
Splitter reset took 0:00:00.000011 
Spynnaker splitter selector took 0:00:00.015393 
DelaySupportAdder took 0:00:00.000183 
SpynnakerSplitterPartitioner took 0:00:00.004870 
SpallocAllocator took 0:00:14.275565 
Machine generator took 0:00:14.194386 
Json machine skipped as cfg Reports:write_json_machine is False
Board chip report took 0:00:00.005234 
Command Sender Adder took 0:00:00.000674 
Split Live Gather Vertices took 0:00:00.000008 
Insert chip power monitors skipped as cfg Reports:write_energy_report is False
Insert extra monitor vertices took 0:00:00.000008 
Partitioner report took 0:00:00.001978 
Local TDMA builder took 0:00:00.000037 
Application Placer took 0:00:00.038592 
Placements wth application graph report took 0:00:00.009917 
Json placements skipped as cfg Reports:write_json_placements is False
System multicast routing generator took 0:00:00.020574 
Fixed route router took 0:00:00.045981 
Application Router took 0:00:00.411904 
Basic tag allocator took 0:00:00.002846 
Tag allocator report took 0:00:00.000170 
Zoned routing info allocator took 0:00:00.096093 
Router info report took 0:00:00.004216 
Merged routing table generator took 0:00:00.289616 
Uncompressed routing table report took 0:00:00.271024 
Router report skipped as cfg Reports:write_router_reports is False
Router summary report skipped as cfg Reports:write_router_summary_report is False
Json routing tables skipped as cfg Reports:write_json_routing_tables is False
Locate executable start type took 0:00:00.002435 
Buffer manager creator took 0:00:00.001301 
SDRAM outgoing partition allocator took 0:00:00.000068 
Write Neo Metadata took 0:00:00.000967 
Record vertex labels to database took 0:00:00.006934 
Routing setup took 0:00:00.037516 
Graph binary gatherer took 0:00:00.014550 
Pair on chip router compression took 0:00:02.881001 
Graph data specification writer took 0:00:00.567182 
Control Sync took 0:00:00.000184 
Load fixed routes took 0:00:00.206189 
Execute system data specification took 0:00:01.630167 
Load executable system Images took 0:00:01.652622 
Tags Loader took 0:00:00.020663 
Host data specification took 0:00:02.605820 
Neuron expander took 0:00:01.509555 
Synapse expander took 0:00:02.073921 
Finish connection holders took 0:00:00.000495 
Bitfield compressor report skipped as cfg Reports:write_bit_field_compressor_report is False
Tags from machine report took 0:00:00.014815 
Memory report skipped as cfg Reports:write_memory_map_report is False
Memory report skipped as cfg Reports:write_memory_map_report is False
Compressor report took 0:00:00.313880 
Fixed route report took 0:00:00.217292 
Load executable app images took 0:00:03.586270 
Sdram usage per chip report took 0:00:00.021629 
Drift report skipped as cfg Reports:write_drift_report_start is False
Create database interface took 0:00:00.062087 
Create notification protocol took 0:00:00.000327 
Runtime Update took 0:00:00.040016 
Application runner exited with KeyboardInterrupt after 0:00:08.016096
