SpYNNakerNeuronGraphNetworkSpecificationReport skipped as cfg Reports:write_network_graph is False
Network Specification report took 0:00:00.000304 
Splitter reset took 0:00:00.000013 
Spynnaker splitter selector took 0:00:00.018003 
DelaySupportAdder took 0:00:00.000157 
SpynnakerSplitterPartitioner took 0:00:00.007257 
SpallocAllocator took 0:00:09.248456 
Machine generator took 0:00:14.098120 
Json machine skipped as cfg Reports:write_json_machine is False
Board chip report took 0:00:00.005185 
Command Sender Adder took 0:00:00.000664 
Split Live Gather Vertices took 0:00:00.000007 
Insert chip power monitors skipped as cfg Reports:write_energy_report is False
Insert extra monitor vertices took 0:00:00.000008 
Partitioner report took 0:00:00.003163 
Local TDMA builder took 0:00:00.000038 
Application Placer took 0:00:00.060579 
Placements wth application graph report took 0:00:00.013039 
Json placements skipped as cfg Reports:write_json_placements is False
System multicast routing generator took 0:00:00.052828 
Fixed route router took 0:00:00.009570 
Application Router took 0:00:01.043546 
Basic tag allocator took 0:00:00.003222 
Tag allocator report took 0:00:00.000171 
Zoned routing info allocator took 0:00:00.148437 
Router info report took 0:00:00.006465 
Merged routing table generator took 0:00:00.633855 
Uncompressed routing table report took 0:00:00.704377 
Router report skipped as cfg Reports:write_router_reports is False
Router summary report skipped as cfg Reports:write_router_summary_report is False
Json routing tables skipped as cfg Reports:write_json_routing_tables is False
Locate executable start type took 0:00:00.002730 
Buffer manager creator took 0:00:00.001531 
SDRAM outgoing partition allocator took 0:00:00.000070 
Write Neo Metadata took 0:00:00.000971 
Record vertex labels to database took 0:00:00.007347 
Routing setup took 0:00:00.056408 
Graph binary gatherer took 0:00:00.014718 
Pair on chip router compression took 0:00:04.825744 
Graph data specification writer took 0:00:00.750963 
Control Sync took 0:00:00.000175 
Load fixed routes took 0:00:00.207625 
Execute system data specification took 0:00:01.658834 
Load executable system Images took 0:00:01.588318 
Tags Loader took 0:00:00.022728 
Host data specification took 0:00:03.710552 
Neuron expander took 0:00:01.477175 
Synapse expander took 0:00:02.249181 
Finish connection holders took 0:00:00.000495 
Bitfield compressor report skipped as cfg Reports:write_bit_field_compressor_report is False
Tags from machine report took 0:00:00.014632 
Memory report skipped as cfg Reports:write_memory_map_report is False
Memory report skipped as cfg Reports:write_memory_map_report is False
Compressor report took 0:00:00.461320 
Fixed route report took 0:00:00.219462 
Load executable app images took 0:00:02.390433 
Sdram usage per chip report took 0:00:00.024259 
Drift report skipped as cfg Reports:write_drift_report_start is False
Create database interface took 0:00:00.088802 
Create notification protocol took 0:00:00.000365 
Runtime Update took 0:00:00.055054 
Application runner exited with KeyboardInterrupt after 0:03:52.102132
