Router contains 51 entries
Index Key        Mask       Route      Default [Cores][Links]
----- ---------- ---------- ---------- ------- --------------
    0 0x00001F43 0xFFFFFFE7 0x0000010A False   [2] [NE, W]
    1 0x00001F63 0xFFFFFFE7 0x0000020A False   [3] [NE, W]
    2 0x00001F83 0xFFFFFFE7 0x0000040A False   [4] [NE, W]
    3 0x00001FA3 0xFFFFFFE7 0x0000080A False   [5] [NE, W]
    4 0x00001FC3 0xFFFFFFE7 0x0000100A False   [6] [NE, W]
    5 0x00001FE3 0xFFFFFFE7 0x0000200A False   [7] [NE, W]
    6 0x00002003 0xFFFFFFE7 0x0000400A False   [8] [NE, W]
    7 0x00002023 0xFFFFFFE7 0x0000800A False   [9] [NE, W]
    8 0x00002043 0xFFFFFFE7 0x0001000A False   [10] [NE, W]
    9 0x00002063 0xFFFFFFE7 0x0002000A False   [11] [NE, W]
   10 0x00002083 0xFFFFFFE7 0x0004000A False   [12] [NE, W]
   11 0x000020A3 0xFFFFFFE7 0x0008000A False   [13] [NE, W]
   12 0x000020C3 0xFFFFFFE7 0x0010000A False   [14] [NE, W]
   13 0x000020E3 0xFFFFFFE7 0x0020000A False   [15] [NE, W]
   14 0x00002103 0xFFFFFFE7 0x0040000A False   [16] [NE, W]
   15 0x00002123 0xFFFFFFE7 0x0080000A False   [17] [NE, W]
   16 0x00001F40 0xFFFFFFE4 0x00000108 False   [2] [W]
   17 0x00001F60 0xFFFFFFE4 0x00000208 False   [3] [W]
   18 0x00001F80 0xFFFFFFE4 0x00000408 False   [4] [W]
   19 0x00001FA0 0xFFFFFFE4 0x00000808 False   [5] [W]
   20 0x00001FC0 0xFFFFFFE4 0x00001008 False   [6] [W]
   21 0x00001FE0 0xFFFFFFE4 0x00002008 False   [7] [W]
   22 0x00002000 0xFFFFFFE4 0x00004008 False   [8] [W]
   23 0x00002020 0xFFFFFFE4 0x00008008 False   [9] [W]
   24 0x00002040 0xFFFFFFE4 0x00010008 False   [10] [W]
   25 0x00002060 0xFFFFFFE4 0x00020008 False   [11] [W]
   26 0x00002080 0xFFFFFFE4 0x00040008 False   [12] [W]
   27 0x000020A0 0xFFFFFFE4 0x00080008 False   [13] [W]
   28 0x000020C0 0xFFFFFFE4 0x00100008 False   [14] [W]
   29 0x000020E0 0xFFFFFFE4 0x00200008 False   [15] [W]
   30 0x00002100 0xFFFFFFE4 0x00400008 False   [16] [W]
   31 0x00002120 0xFFFFFFE4 0x00800008 False   [17] [W]
   32 0x00001F44 0xFFFFFFE4 0x00000102 False   [2] [NE]
   33 0x00001F64 0xFFFFFFE4 0x00000202 False   [3] [NE]
   34 0x00001F84 0xFFFFFFE4 0x00000402 False   [4] [NE]
   35 0x00001FA4 0xFFFFFFE4 0x00000802 False   [5] [NE]
   36 0x00001FC4 0xFFFFFFE4 0x00001002 False   [6] [NE]
   37 0x00001FE4 0xFFFFFFE4 0x00002002 False   [7] [NE]
   38 0x00002004 0xFFFFFFE4 0x00004002 False   [8] [NE]
   39 0x00002024 0xFFFFFFE4 0x00008002 False   [9] [NE]
   40 0x00002044 0xFFFFFFE4 0x00010002 False   [10] [NE]
   41 0x00002064 0xFFFFFFE4 0x00020002 False   [11] [NE]
   42 0x00002084 0xFFFFFFE4 0x00040002 False   [12] [NE]
   43 0x000020A4 0xFFFFFFE4 0x00080002 False   [13] [NE]
   44 0x000020C4 0xFFFFFFE4 0x00100002 False   [14] [NE]
   45 0x000020E4 0xFFFFFFE4 0x00200002 False   [15] [NE]
   46 0x00002104 0xFFFFFFE4 0x00400002 False   [16] [NE]
   47 0x00002124 0xFFFFFFE4 0x00800002 False   [17] [NE]
   48 0x00000003 0xFFFFC007 0x0000000A False   [] [NE, W]
   49 0x00000000 0xFFFFC004 0x00000008 False   [] [W]
   50 0x00000004 0xFFFFC004 0x00000002 False   [] [NE]
0 Defaultable entries
