Router contains 51 entries
Index Key        Mask       Route      Default [Cores][Links]
----- ---------- ---------- ---------- ------- --------------
    0 0x00002D42 0xFFFFFFE7 0x00000112 False   [2] [NE, SW]
    1 0x00002D62 0xFFFFFFE7 0x00000212 False   [3] [NE, SW]
    2 0x00002D82 0xFFFFFFE7 0x00000412 False   [4] [NE, SW]
    3 0x00002DA2 0xFFFFFFE7 0x00000812 False   [5] [NE, SW]
    4 0x00002DC2 0xFFFFFFE7 0x00001012 False   [6] [NE, SW]
    5 0x00002DE2 0xFFFFFFE7 0x00002012 False   [7] [NE, SW]
    6 0x00002E02 0xFFFFFFE7 0x00004012 False   [8] [NE, SW]
    7 0x00002E22 0xFFFFFFE7 0x00008012 False   [9] [NE, SW]
    8 0x00002E42 0xFFFFFFE7 0x00010012 False   [10] [NE, SW]
    9 0x00002E62 0xFFFFFFE7 0x00020012 False   [11] [NE, SW]
   10 0x00002E82 0xFFFFFFE7 0x00040012 False   [12] [NE, SW]
   11 0x00002EA2 0xFFFFFFE7 0x00080012 False   [13] [NE, SW]
   12 0x00002EC2 0xFFFFFFE7 0x00100012 False   [14] [NE, SW]
   13 0x00002EE2 0xFFFFFFE7 0x00200012 False   [15] [NE, SW]
   14 0x00002F02 0xFFFFFFE7 0x00400012 False   [16] [NE, SW]
   15 0x00002F22 0xFFFFFFE7 0x00800012 False   [17] [NE, SW]
   16 0x00002D40 0xFFFFFFE6 0x00000110 False   [2] [SW]
   17 0x00002D60 0xFFFFFFE6 0x00000210 False   [3] [SW]
   18 0x00002D80 0xFFFFFFE6 0x00000410 False   [4] [SW]
   19 0x00002DA0 0xFFFFFFE6 0x00000810 False   [5] [SW]
   20 0x00002DC0 0xFFFFFFE6 0x00001010 False   [6] [SW]
   21 0x00002DE0 0xFFFFFFE6 0x00002010 False   [7] [SW]
   22 0x00002E00 0xFFFFFFE6 0x00004010 False   [8] [SW]
   23 0x00002E20 0xFFFFFFE6 0x00008010 False   [9] [SW]
   24 0x00002E40 0xFFFFFFE6 0x00010010 False   [10] [SW]
   25 0x00002E60 0xFFFFFFE6 0x00020010 False   [11] [SW]
   26 0x00002E80 0xFFFFFFE6 0x00040010 False   [12] [SW]
   27 0x00002EA0 0xFFFFFFE6 0x00080010 False   [13] [SW]
   28 0x00002EC0 0xFFFFFFE6 0x00100010 False   [14] [SW]
   29 0x00002EE0 0xFFFFFFE6 0x00200010 False   [15] [SW]
   30 0x00002F00 0xFFFFFFE6 0x00400010 False   [16] [SW]
   31 0x00002F20 0xFFFFFFE6 0x00800010 False   [17] [SW]
   32 0x00002D40 0xFFFFFFE0 0x00000102 False   [2] [NE]
   33 0x00002D60 0xFFFFFFE0 0x00000202 False   [3] [NE]
   34 0x00002D80 0xFFFFFFE0 0x00000402 False   [4] [NE]
   35 0x00002DA0 0xFFFFFFE0 0x00000802 False   [5] [NE]
   36 0x00002DC0 0xFFFFFFE0 0x00001002 False   [6] [NE]
   37 0x00002DE0 0xFFFFFFE0 0x00002002 False   [7] [NE]
   38 0x00002E00 0xFFFFFFE0 0x00004002 False   [8] [NE]
   39 0x00002E20 0xFFFFFFE0 0x00008002 False   [9] [NE]
   40 0x00002E40 0xFFFFFFE0 0x00010002 False   [10] [NE]
   41 0x00002E60 0xFFFFFFE0 0x00020002 False   [11] [NE]
   42 0x00002E80 0xFFFFFFE0 0x00040002 False   [12] [NE]
   43 0x00002EA0 0xFFFFFFE0 0x00080002 False   [13] [NE]
   44 0x00002EC0 0xFFFFFFE0 0x00100002 False   [14] [NE]
   45 0x00002EE0 0xFFFFFFE0 0x00200002 False   [15] [NE]
   46 0x00002F00 0xFFFFFFE0 0x00400002 False   [16] [NE]
   47 0x00002F20 0xFFFFFFE0 0x00800002 False   [17] [NE]
   48 0x00000002 0xFFFFC007 0x00000012 False   [] [NE, SW]
   49 0x00000000 0xFFFFC006 0x00000010 False   [] [SW]
   50 0x00000000 0xFFFFC000 0x00000002 False   [] [NE]
0 Defaultable entries
