Router contains 51 entries
Index Key        Mask       Route      Default [Cores][Links]
----- ---------- ---------- ---------- ------- --------------
    0 0x000001C6 0xFFFFFFE7 0x00000109 False   [2] [E, W]
    1 0x000001C7 0xFFFFFFE7 0x00000101 False   [2] [E]
    2 0x000001E6 0xFFFFFFE7 0x00000209 False   [3] [E, W]
    3 0x000001E7 0xFFFFFFE7 0x00000201 False   [3] [E]
    4 0x00000206 0xFFFFFFE7 0x00000409 False   [4] [E, W]
    5 0x00000207 0xFFFFFFE7 0x00000401 False   [4] [E]
    6 0x00000226 0xFFFFFFE7 0x00000809 False   [5] [E, W]
    7 0x00000227 0xFFFFFFE7 0x00000801 False   [5] [E]
    8 0x00000246 0xFFFFFFE7 0x00001009 False   [6] [E, W]
    9 0x00000247 0xFFFFFFE7 0x00001001 False   [6] [E]
   10 0x00000266 0xFFFFFFE7 0x00002009 False   [7] [E, W]
   11 0x00000267 0xFFFFFFE7 0x00002001 False   [7] [E]
   12 0x00000286 0xFFFFFFE7 0x00004009 False   [8] [E, W]
   13 0x00000287 0xFFFFFFE7 0x00004001 False   [8] [E]
   14 0x000002A6 0xFFFFFFE7 0x00008009 False   [9] [E, W]
   15 0x000002A7 0xFFFFFFE7 0x00008001 False   [9] [E]
   16 0x000002C6 0xFFFFFFE7 0x00010009 False   [10] [E, W]
   17 0x000002C7 0xFFFFFFE7 0x00010001 False   [10] [E]
   18 0x000002E6 0xFFFFFFE7 0x00020009 False   [11] [E, W]
   19 0x000002E7 0xFFFFFFE7 0x00020001 False   [11] [E]
   20 0x00000306 0xFFFFFFE7 0x00040009 False   [12] [E, W]
   21 0x00000307 0xFFFFFFE7 0x00040001 False   [12] [E]
   22 0x00000326 0xFFFFFFE7 0x00080009 False   [13] [E, W]
   23 0x00000327 0xFFFFFFE7 0x00080001 False   [13] [E]
   24 0x00000346 0xFFFFFFE7 0x00100009 False   [14] [E, W]
   25 0x00000347 0xFFFFFFE7 0x00100001 False   [14] [E]
   26 0x00000366 0xFFFFFFE7 0x00200009 False   [15] [E, W]
   27 0x00000367 0xFFFFFFE7 0x00200001 False   [15] [E]
   28 0x00000386 0xFFFFFFE7 0x00400009 False   [16] [E, W]
   29 0x00000387 0xFFFFFFE7 0x00400001 False   [16] [E]
   30 0x000003A6 0xFFFFFFE7 0x00800009 False   [17] [E, W]
   31 0x000003A7 0xFFFFFFE7 0x00800001 False   [17] [E]
   32 0x000001C0 0xFFFFFFE0 0x00000108 False   [2] [W]
   33 0x000001E0 0xFFFFFFE0 0x00000208 False   [3] [W]
   34 0x00000200 0xFFFFFFE0 0x00000408 False   [4] [W]
   35 0x00000220 0xFFFFFFE0 0x00000808 False   [5] [W]
   36 0x00000240 0xFFFFFFE0 0x00001008 False   [6] [W]
   37 0x00000260 0xFFFFFFE0 0x00002008 False   [7] [W]
   38 0x00000280 0xFFFFFFE0 0x00004008 False   [8] [W]
   39 0x000002A0 0xFFFFFFE0 0x00008008 False   [9] [W]
   40 0x000002C0 0xFFFFFFE0 0x00010008 False   [10] [W]
   41 0x000002E0 0xFFFFFFE0 0x00020008 False   [11] [W]
   42 0x00000300 0xFFFFFFE0 0x00040008 False   [12] [W]
   43 0x00000320 0xFFFFFFE0 0x00080008 False   [13] [W]
   44 0x00000340 0xFFFFFFE0 0x00100008 False   [14] [W]
   45 0x00000360 0xFFFFFFE0 0x00200008 False   [15] [W]
   46 0x00000380 0xFFFFFFE0 0x00400008 False   [16] [W]
   47 0x000003A0 0xFFFFFFE0 0x00800008 False   [17] [W]
   48 0x00000006 0xFFFFC007 0x00000009 False   [] [E, W]
   49 0x00000007 0xFFFFC007 0x00000001 False   [] [E]
   50 0x00000000 0xFFFFC000 0x00000008 False   [] [W]
0 Defaultable entries
