Router contains 16 entries
Index Key        Mask       Route      Default [Cores][Links]
----- ---------- ---------- ---------- ------- --------------
    0 0x000013A0 0xFFFFFFE0 0x00000100 False   [2] []
    1 0x000013C0 0xFFFFFFE0 0x00000200 False   [3] []
    2 0x000013E0 0xFFFFFFE0 0x00000400 False   [4] []
    3 0x00001400 0xFFFFFFE0 0x00000800 False   [5] []
    4 0x00001420 0xFFFFFFE0 0x00001000 False   [6] []
    5 0x00001440 0xFFFFFFE0 0x00002000 False   [7] []
    6 0x00001460 0xFFFFFFE0 0x00004000 False   [8] []
    7 0x00001480 0xFFFFFFE0 0x00008000 False   [9] []
    8 0x000014A0 0xFFFFFFE0 0x00010000 False   [10] []
    9 0x000014C0 0xFFFFFFE0 0x00020000 False   [11] []
   10 0x000014E0 0xFFFFFFE0 0x00040000 False   [12] []
   11 0x00001500 0xFFFFFFE0 0x00080000 False   [13] []
   12 0x00001520 0xFFFFFFE0 0x00100000 False   [14] []
   13 0x00001540 0xFFFFFFE0 0x00200000 False   [15] []
   14 0x00001560 0xFFFFFFE0 0x00400000 False   [16] []
   15 0x00000000 0xFFFFC000 0x00000000 False   [] []
0 Defaultable entries
