Router contains 640 entries
Index Key        Mask       Route      Default [Cores][Links]
----- ---------- ---------- ---------- ------- --------------
    0 0x00000000 0xFFFFFFE7 0x00000008 False   [] [W]
    1 0x00000020 0xFFFFFFE7 0x00000008 False   [] [W]
    2 0x00000040 0xFFFFFFE7 0x00000008 False   [] [W]
    3 0x00000060 0xFFFFFFE7 0x00000008 False   [] [W]
    4 0x00000080 0xFFFFFFE7 0x00000008 False   [] [W]
    5 0x000000A0 0xFFFFFFE7 0x00000008 False   [] [W]
    6 0x000000C0 0xFFFFFFE7 0x00000008 False   [] [W]
    7 0x000000E0 0xFFFFFFE7 0x00000008 False   [] [W]
    8 0x00000100 0xFFFFFFE7 0x00000008 False   [] [W]
    9 0x00000120 0xFFFFFFE7 0x00000008 False   [] [W]
   10 0x00000140 0xFFFFFFE7 0x00000008 False   [] [W]
   11 0x00000160 0xFFFFFFE7 0x00000008 False   [] [W]
   12 0x00000180 0xFFFFFFE7 0x00000008 False   [] [W]
   13 0x000001A0 0xFFFFFFE7 0x00000008 False   [] [W]
   14 0x000001C0 0xFFFFFFE7 0x00000008 False   [] [W]
   15 0x000001E0 0xFFFFFFE7 0x00000008 False   [] [W]
   16 0x00000200 0xFFFFFFE7 0x00000008 False   [] [W]
   17 0x00000220 0xFFFFFFE7 0x00000008 False   [] [W]
   18 0x00000240 0xFFFFFFE7 0x00000008 False   [] [W]
   19 0x00000260 0xFFFFFFE7 0x00000008 False   [] [W]
   20 0x00000280 0xFFFFFFE7 0x00000008 False   [] [W]
   21 0x000002A0 0xFFFFFFE7 0x00000008 False   [] [W]
   22 0x000002C0 0xFFFFFFE7 0x00000008 False   [] [W]
   23 0x000002E0 0xFFFFFFE7 0x00000008 False   [] [W]
   24 0x00000300 0xFFFFFFE7 0x00000008 False   [] [W]
   25 0x00000320 0xFFFFFFE7 0x00000008 False   [] [W]
   26 0x00000340 0xFFFFFFE7 0x00000008 False   [] [W]
   27 0x00000360 0xFFFFFFE7 0x00000008 False   [] [W]
   28 0x00000380 0xFFFFFFE7 0x00000008 False   [] [W]
   29 0x000003A0 0xFFFFFFE7 0x00000008 False   [] [W]
   30 0x000003C0 0xFFFFFFE7 0x00000008 False   [] [W]
   31 0x000003E0 0xFFFFFFE7 0x00000008 False   [] [W]
   32 0x00000400 0xFFFFFFE7 0x00000008 False   [] [W]
   33 0x00000420 0xFFFFFFE7 0x00000008 False   [] [W]
   34 0x00000440 0xFFFFFFE7 0x00000008 False   [] [W]
   35 0x00000460 0xFFFFFFE7 0x00000008 False   [] [W]
   36 0x00000480 0xFFFFFFE7 0x00000008 False   [] [W]
   37 0x000004A0 0xFFFFFFE7 0x00000008 False   [] [W]
   38 0x000004C0 0xFFFFFFE7 0x00000008 False   [] [W]
   39 0x000004E0 0xFFFFFFE7 0x00000008 False   [] [W]
   40 0x00000500 0xFFFFFFE7 0x00000008 False   [] [W]
   41 0x00000520 0xFFFFFFE7 0x00000008 False   [] [W]
   42 0x00000540 0xFFFFFFE7 0x00000008 False   [] [W]
   43 0x00000560 0xFFFFFFE7 0x00000008 False   [] [W]
   44 0x00000580 0xFFFFFFE7 0x00000008 False   [] [W]
   45 0x000005A0 0xFFFFFFE7 0x00000008 False   [] [W]
   46 0x000005C0 0xFFFFFFE7 0x00000008 False   [] [W]
   47 0x000005E0 0xFFFFFFE7 0x00000008 False   [] [W]
   48 0x00000600 0xFFFFFFE7 0x00000008 False   [] [W]
   49 0x00000620 0xFFFFFFE7 0x00000008 False   [] [W]
   50 0x00000640 0xFFFFFFE7 0x00000008 False   [] [W]
   51 0x00000660 0xFFFFFFE7 0x00000008 False   [] [W]
   52 0x00000680 0xFFFFFFE7 0x00000008 False   [] [W]
   53 0x000006A0 0xFFFFFFE7 0x00000008 False   [] [W]
   54 0x000006C0 0xFFFFFFE7 0x00000008 False   [] [W]
   55 0x000006E0 0xFFFFFFE7 0x00000008 False   [] [W]
   56 0x00000700 0xFFFFFFE7 0x00000008 False   [] [W]
   57 0x00000720 0xFFFFFFE7 0x00000008 False   [] [W]
   58 0x00000740 0xFFFFFFE7 0x00000008 False   [] [W]
   59 0x00000760 0xFFFFFFE7 0x00000008 False   [] [W]
   60 0x00000780 0xFFFFFFE7 0x00000008 False   [] [W]
   61 0x000007A0 0xFFFFFFE7 0x00000008 False   [] [W]
   62 0x000007C0 0xFFFFFFE7 0x00000008 False   [] [W]
   63 0x000007E0 0xFFFFFFE7 0x00000008 False   [] [W]
   64 0x00000800 0xFFFFFFE7 0x00000008 False   [] [W]
   65 0x00000820 0xFFFFFFE7 0x00000008 False   [] [W]
   66 0x00000840 0xFFFFFFE7 0x00000008 False   [] [W]
   67 0x00000860 0xFFFFFFE7 0x00000008 False   [] [W]
   68 0x00000880 0xFFFFFFE7 0x00000008 False   [] [W]
   69 0x000008A0 0xFFFFFFE7 0x00000008 False   [] [W]
   70 0x000008C0 0xFFFFFFE7 0x00000008 False   [] [W]
   71 0x000008E0 0xFFFFFFE7 0x00000008 False   [] [W]
   72 0x00000900 0xFFFFFFE7 0x00000008 False   [] [W]
   73 0x00000920 0xFFFFFFE7 0x00000008 False   [] [W]
   74 0x00000940 0xFFFFFFE7 0x00000008 False   [] [W]
   75 0x00000960 0xFFFFFFE7 0x00000008 False   [] [W]
   76 0x00000980 0xFFFFFFE7 0x00000008 False   [] [W]
   77 0x000009A0 0xFFFFFFE7 0x00000008 False   [] [W]
   78 0x000009C0 0xFFFFFFE7 0x00000008 False   [] [W]
   79 0x000009E0 0xFFFFFFE7 0x00000008 False   [] [W]
   80 0x00000A00 0xFFFFFFE7 0x00000008 False   [] [W]
   81 0x00000A20 0xFFFFFFE7 0x00000008 False   [] [W]
   82 0x00000A40 0xFFFFFFE7 0x00000008 False   [] [W]
   83 0x00000A60 0xFFFFFFE7 0x00000008 False   [] [W]
   84 0x00000A80 0xFFFFFFE7 0x00000008 False   [] [W]
   85 0x00000AA0 0xFFFFFFE7 0x00000008 False   [] [W]
   86 0x00000AC0 0xFFFFFFE7 0x00000008 False   [] [W]
   87 0x00000AE0 0xFFFFFFE7 0x00000008 False   [] [W]
   88 0x00000B00 0xFFFFFFE7 0x00000008 False   [] [W]
   89 0x00000B20 0xFFFFFFE7 0x00000008 False   [] [W]
   90 0x00000B40 0xFFFFFFE7 0x00000008 False   [] [W]
   91 0x00000B60 0xFFFFFFE7 0x00000008 False   [] [W]
   92 0x00000B80 0xFFFFFFE7 0x00000008 False   [] [W]
   93 0x00000BA0 0xFFFFFFE7 0x00000008 False   [] [W]
   94 0x00000BC0 0xFFFFFFE7 0x00000008 False   [] [W]
   95 0x00000BE0 0xFFFFFFE7 0x00000008 False   [] [W]
   96 0x00000C00 0xFFFFFFE7 0x00000008 False   [] [W]
   97 0x00000C20 0xFFFFFFE7 0x00000008 False   [] [W]
   98 0x00000C40 0xFFFFFFE7 0x00000008 False   [] [W]
   99 0x00000C60 0xFFFFFFE7 0x00000008 False   [] [W]
  100 0x00000C80 0xFFFFFFE7 0x00000008 False   [] [W]
  101 0x00000CA0 0xFFFFFFE7 0x00000008 False   [] [W]
  102 0x00000CC0 0xFFFFFFE7 0x00000008 False   [] [W]
  103 0x00000CE0 0xFFFFFFE7 0x00000008 False   [] [W]
  104 0x00000D00 0xFFFFFFE7 0x00000008 False   [] [W]
  105 0x00000D20 0xFFFFFFE7 0x00000008 False   [] [W]
  106 0x00000D40 0xFFFFFFE7 0x00000008 False   [] [W]
  107 0x00000D60 0xFFFFFFE7 0x00000008 False   [] [W]
  108 0x00000D80 0xFFFFFFE7 0x00000008 False   [] [W]
  109 0x00000DA0 0xFFFFFFE7 0x00000008 False   [] [W]
  110 0x00000DC0 0xFFFFFFE7 0x00000008 False   [] [W]
  111 0x00000DE0 0xFFFFFFE7 0x00000008 False   [] [W]
  112 0x00000E00 0xFFFFFFE7 0x00000008 False   [] [W]
  113 0x00000E20 0xFFFFFFE7 0x00000008 False   [] [W]
  114 0x00000E40 0xFFFFFFE7 0x00000008 False   [] [W]
  115 0x00000E60 0xFFFFFFE7 0x00000008 False   [] [W]
  116 0x00000E80 0xFFFFFFE7 0x00000008 False   [] [W]
  117 0x00000EA0 0xFFFFFFE7 0x00000008 False   [] [W]
  118 0x00000EC0 0xFFFFFFE7 0x00000008 False   [] [W]
  119 0x00000EE0 0xFFFFFFE7 0x00000008 False   [] [W]
  120 0x00000F00 0xFFFFFFE7 0x00000008 False   [] [W]
  121 0x00000F20 0xFFFFFFE7 0x00000008 False   [] [W]
  122 0x00000F40 0xFFFFFFE7 0x00000008 False   [] [W]
  123 0x00000F60 0xFFFFFFE7 0x00000008 False   [] [W]
  124 0x00000F80 0xFFFFFFE7 0x00000008 False   [] [W]
  125 0x00000FA0 0xFFFFFFE7 0x00000008 False   [] [W]
  126 0x00000FC0 0xFFFFFFE7 0x00000008 False   [] [W]
  127 0x00000FE0 0xFFFFFFE7 0x00000008 False   [] [W]
  128 0x00000001 0xFFFFFFE7 0x00000008 False   [] [W]
  129 0x00000021 0xFFFFFFE7 0x00000008 False   [] [W]
  130 0x00000041 0xFFFFFFE7 0x00000008 False   [] [W]
  131 0x00000061 0xFFFFFFE7 0x00000008 False   [] [W]
  132 0x00000081 0xFFFFFFE7 0x00000008 False   [] [W]
  133 0x000000A1 0xFFFFFFE7 0x00000008 False   [] [W]
  134 0x000000C1 0xFFFFFFE7 0x00000008 False   [] [W]
  135 0x000000E1 0xFFFFFFE7 0x00000008 False   [] [W]
  136 0x00000101 0xFFFFFFE7 0x00000008 False   [] [W]
  137 0x00000121 0xFFFFFFE7 0x00000008 False   [] [W]
  138 0x00000141 0xFFFFFFE7 0x00000008 False   [] [W]
  139 0x00000161 0xFFFFFFE7 0x00000008 False   [] [W]
  140 0x00000181 0xFFFFFFE7 0x00000008 False   [] [W]
  141 0x000001A1 0xFFFFFFE7 0x00000008 False   [] [W]
  142 0x000001C1 0xFFFFFFE7 0x00000008 False   [] [W]
  143 0x000001E1 0xFFFFFFE7 0x00000008 False   [] [W]
  144 0x00000201 0xFFFFFFE7 0x00000008 False   [] [W]
  145 0x00000221 0xFFFFFFE7 0x00000008 False   [] [W]
  146 0x00000241 0xFFFFFFE7 0x00000008 False   [] [W]
  147 0x00000261 0xFFFFFFE7 0x00000008 False   [] [W]
  148 0x00000281 0xFFFFFFE7 0x00000008 False   [] [W]
  149 0x000002A1 0xFFFFFFE7 0x00000008 False   [] [W]
  150 0x000002C1 0xFFFFFFE7 0x00000008 False   [] [W]
  151 0x000002E1 0xFFFFFFE7 0x00000008 False   [] [W]
  152 0x00000301 0xFFFFFFE7 0x00000008 False   [] [W]
  153 0x00000321 0xFFFFFFE7 0x00000008 False   [] [W]
  154 0x00000341 0xFFFFFFE7 0x00000008 False   [] [W]
  155 0x00000361 0xFFFFFFE7 0x00000008 False   [] [W]
  156 0x00000381 0xFFFFFFE7 0x00000008 False   [] [W]
  157 0x000003A1 0xFFFFFFE7 0x00000008 False   [] [W]
  158 0x000003C1 0xFFFFFFE7 0x00000008 False   [] [W]
  159 0x000003E1 0xFFFFFFE7 0x00000008 False   [] [W]
  160 0x00000401 0xFFFFFFE7 0x00000008 False   [] [W]
  161 0x00000421 0xFFFFFFE7 0x00000008 False   [] [W]
  162 0x00000441 0xFFFFFFE7 0x00000008 False   [] [W]
  163 0x00000461 0xFFFFFFE7 0x00000008 False   [] [W]
  164 0x00000481 0xFFFFFFE7 0x00000008 False   [] [W]
  165 0x000004A1 0xFFFFFFE7 0x00000008 False   [] [W]
  166 0x000004C1 0xFFFFFFE7 0x00000008 False   [] [W]
  167 0x000004E1 0xFFFFFFE7 0x00000008 False   [] [W]
  168 0x00000501 0xFFFFFFE7 0x00000008 False   [] [W]
  169 0x00000521 0xFFFFFFE7 0x00000008 False   [] [W]
  170 0x00000541 0xFFFFFFE7 0x00000008 False   [] [W]
  171 0x00000561 0xFFFFFFE7 0x00000008 False   [] [W]
  172 0x00000581 0xFFFFFFE7 0x00000008 False   [] [W]
  173 0x000005A1 0xFFFFFFE7 0x00000008 False   [] [W]
  174 0x000005C1 0xFFFFFFE7 0x00000008 False   [] [W]
  175 0x000005E1 0xFFFFFFE7 0x00000008 False   [] [W]
  176 0x00000601 0xFFFFFFE7 0x00000008 False   [] [W]
  177 0x00000621 0xFFFFFFE7 0x00000008 False   [] [W]
  178 0x00000641 0xFFFFFFE7 0x00000008 False   [] [W]
  179 0x00000661 0xFFFFFFE7 0x00000008 False   [] [W]
  180 0x00000681 0xFFFFFFE7 0x00000008 False   [] [W]
  181 0x000006A1 0xFFFFFFE7 0x00000008 False   [] [W]
  182 0x000006C1 0xFFFFFFE7 0x00000008 False   [] [W]
  183 0x000006E1 0xFFFFFFE7 0x00000008 False   [] [W]
  184 0x00000701 0xFFFFFFE7 0x00000008 False   [] [W]
  185 0x00000721 0xFFFFFFE7 0x00000008 False   [] [W]
  186 0x00000741 0xFFFFFFE7 0x00000008 False   [] [W]
  187 0x00000761 0xFFFFFFE7 0x00000008 False   [] [W]
  188 0x00000781 0xFFFFFFE7 0x00000008 False   [] [W]
  189 0x000007A1 0xFFFFFFE7 0x00000008 False   [] [W]
  190 0x000007C1 0xFFFFFFE7 0x00000008 False   [] [W]
  191 0x000007E1 0xFFFFFFE7 0x00000008 False   [] [W]
  192 0x00000801 0xFFFFFFE7 0x00000008 False   [] [W]
  193 0x00000821 0xFFFFFFE7 0x00000008 False   [] [W]
  194 0x00000841 0xFFFFFFE7 0x00000008 False   [] [W]
  195 0x00000861 0xFFFFFFE7 0x00000008 False   [] [W]
  196 0x00000881 0xFFFFFFE7 0x00000008 False   [] [W]
  197 0x000008A1 0xFFFFFFE7 0x00000008 False   [] [W]
  198 0x000008C1 0xFFFFFFE7 0x00000008 False   [] [W]
  199 0x000008E1 0xFFFFFFE7 0x00000008 False   [] [W]
  200 0x00000901 0xFFFFFFE7 0x00000008 False   [] [W]
  201 0x00000921 0xFFFFFFE7 0x00000008 False   [] [W]
  202 0x00000941 0xFFFFFFE7 0x00000008 False   [] [W]
  203 0x00000961 0xFFFFFFE7 0x00000008 False   [] [W]
  204 0x00000981 0xFFFFFFE7 0x00000008 False   [] [W]
  205 0x000009A1 0xFFFFFFE7 0x00000008 False   [] [W]
  206 0x000009C1 0xFFFFFFE7 0x00000008 False   [] [W]
  207 0x000009E1 0xFFFFFFE7 0x00000008 False   [] [W]
  208 0x00000A01 0xFFFFFFE7 0x00000008 False   [] [W]
  209 0x00000A21 0xFFFFFFE7 0x00000008 False   [] [W]
  210 0x00000A41 0xFFFFFFE7 0x00000008 False   [] [W]
  211 0x00000A61 0xFFFFFFE7 0x00000008 False   [] [W]
  212 0x00000A81 0xFFFFFFE7 0x00000008 False   [] [W]
  213 0x00000AA1 0xFFFFFFE7 0x00000008 False   [] [W]
  214 0x00000AC1 0xFFFFFFE7 0x00000008 False   [] [W]
  215 0x00000AE1 0xFFFFFFE7 0x00000008 False   [] [W]
  216 0x00000B01 0xFFFFFFE7 0x00000008 False   [] [W]
  217 0x00000B21 0xFFFFFFE7 0x00000008 False   [] [W]
  218 0x00000B41 0xFFFFFFE7 0x00000008 False   [] [W]
  219 0x00000B61 0xFFFFFFE7 0x00000008 False   [] [W]
  220 0x00000B81 0xFFFFFFE7 0x00000008 False   [] [W]
  221 0x00000BA1 0xFFFFFFE7 0x00000008 False   [] [W]
  222 0x00000BC1 0xFFFFFFE7 0x00000008 False   [] [W]
  223 0x00000BE1 0xFFFFFFE7 0x00000008 False   [] [W]
  224 0x00000C01 0xFFFFFFE7 0x00000008 False   [] [W]
  225 0x00000C21 0xFFFFFFE7 0x00000008 False   [] [W]
  226 0x00000C41 0xFFFFFFE7 0x00000008 False   [] [W]
  227 0x00000C61 0xFFFFFFE7 0x00000008 False   [] [W]
  228 0x00000C81 0xFFFFFFE7 0x00000008 False   [] [W]
  229 0x00000CA1 0xFFFFFFE7 0x00000008 False   [] [W]
  230 0x00000CC1 0xFFFFFFE7 0x00000008 False   [] [W]
  231 0x00000CE1 0xFFFFFFE7 0x00000008 False   [] [W]
  232 0x00000D01 0xFFFFFFE7 0x00000008 False   [] [W]
  233 0x00000D21 0xFFFFFFE7 0x00000008 False   [] [W]
  234 0x00000D41 0xFFFFFFE7 0x00000008 False   [] [W]
  235 0x00000D61 0xFFFFFFE7 0x00000008 False   [] [W]
  236 0x00000D81 0xFFFFFFE7 0x00000008 False   [] [W]
  237 0x00000DA1 0xFFFFFFE7 0x00000008 False   [] [W]
  238 0x00000DC1 0xFFFFFFE7 0x00000008 False   [] [W]
  239 0x00000DE1 0xFFFFFFE7 0x00000008 False   [] [W]
  240 0x00000E01 0xFFFFFFE7 0x00000008 False   [] [W]
  241 0x00000E21 0xFFFFFFE7 0x00000008 False   [] [W]
  242 0x00000E41 0xFFFFFFE7 0x00000008 False   [] [W]
  243 0x00000E61 0xFFFFFFE7 0x00000008 False   [] [W]
  244 0x00000E81 0xFFFFFFE7 0x00000008 False   [] [W]
  245 0x00000EA1 0xFFFFFFE7 0x00000008 False   [] [W]
  246 0x00000EC1 0xFFFFFFE7 0x00000008 False   [] [W]
  247 0x00000EE1 0xFFFFFFE7 0x00000008 False   [] [W]
  248 0x00000F01 0xFFFFFFE7 0x00000008 False   [] [W]
  249 0x00000F21 0xFFFFFFE7 0x00000008 False   [] [W]
  250 0x00000F41 0xFFFFFFE7 0x00000008 False   [] [W]
  251 0x00000F61 0xFFFFFFE7 0x00000008 False   [] [W]
  252 0x00000F81 0xFFFFFFE7 0x00000008 False   [] [W]
  253 0x00000FA1 0xFFFFFFE7 0x00000008 False   [] [W]
  254 0x00000FC1 0xFFFFFFE7 0x00000008 False   [] [W]
  255 0x00000FE1 0xFFFFFFE7 0x00000008 False   [] [W]
  256 0x00000002 0xFFFFFFE7 0x00000008 False   [] [W]
  257 0x00000022 0xFFFFFFE7 0x00000008 False   [] [W]
  258 0x00000042 0xFFFFFFE7 0x00000008 False   [] [W]
  259 0x00000062 0xFFFFFFE7 0x00000008 False   [] [W]
  260 0x00000082 0xFFFFFFE7 0x00000008 False   [] [W]
  261 0x000000A2 0xFFFFFFE7 0x00000008 False   [] [W]
  262 0x000000C2 0xFFFFFFE7 0x00000008 False   [] [W]
  263 0x000000E2 0xFFFFFFE7 0x00000008 False   [] [W]
  264 0x00000102 0xFFFFFFE7 0x00000008 False   [] [W]
  265 0x00000122 0xFFFFFFE7 0x00000008 False   [] [W]
  266 0x00000142 0xFFFFFFE7 0x00000008 False   [] [W]
  267 0x00000162 0xFFFFFFE7 0x00000008 False   [] [W]
  268 0x00000182 0xFFFFFFE7 0x00000008 False   [] [W]
  269 0x000001A2 0xFFFFFFE7 0x00000008 False   [] [W]
  270 0x000001C2 0xFFFFFFE7 0x00000008 False   [] [W]
  271 0x000001E2 0xFFFFFFE7 0x00000008 False   [] [W]
  272 0x00000202 0xFFFFFFE7 0x00000008 False   [] [W]
  273 0x00000222 0xFFFFFFE7 0x00000008 False   [] [W]
  274 0x00000242 0xFFFFFFE7 0x00000008 False   [] [W]
  275 0x00000262 0xFFFFFFE7 0x00000008 False   [] [W]
  276 0x00000282 0xFFFFFFE7 0x00000008 False   [] [W]
  277 0x000002A2 0xFFFFFFE7 0x00000008 False   [] [W]
  278 0x000002C2 0xFFFFFFE7 0x00000008 False   [] [W]
  279 0x000002E2 0xFFFFFFE7 0x00000008 False   [] [W]
  280 0x00000302 0xFFFFFFE7 0x00000008 False   [] [W]
  281 0x00000322 0xFFFFFFE7 0x00000008 False   [] [W]
  282 0x00000342 0xFFFFFFE7 0x00000008 False   [] [W]
  283 0x00000362 0xFFFFFFE7 0x00000008 False   [] [W]
  284 0x00000382 0xFFFFFFE7 0x00000008 False   [] [W]
  285 0x000003A2 0xFFFFFFE7 0x00000008 False   [] [W]
  286 0x000003C2 0xFFFFFFE7 0x00000008 False   [] [W]
  287 0x000003E2 0xFFFFFFE7 0x00000008 False   [] [W]
  288 0x00000402 0xFFFFFFE7 0x00000008 False   [] [W]
  289 0x00000422 0xFFFFFFE7 0x00000008 False   [] [W]
  290 0x00000442 0xFFFFFFE7 0x00000008 False   [] [W]
  291 0x00000462 0xFFFFFFE7 0x00000008 False   [] [W]
  292 0x00000482 0xFFFFFFE7 0x00000008 False   [] [W]
  293 0x000004A2 0xFFFFFFE7 0x00000008 False   [] [W]
  294 0x000004C2 0xFFFFFFE7 0x00000008 False   [] [W]
  295 0x000004E2 0xFFFFFFE7 0x00000008 False   [] [W]
  296 0x00000502 0xFFFFFFE7 0x00000008 False   [] [W]
  297 0x00000522 0xFFFFFFE7 0x00000008 False   [] [W]
  298 0x00000542 0xFFFFFFE7 0x00000008 False   [] [W]
  299 0x00000562 0xFFFFFFE7 0x00000008 False   [] [W]
  300 0x00000582 0xFFFFFFE7 0x00000008 False   [] [W]
  301 0x000005A2 0xFFFFFFE7 0x00000008 False   [] [W]
  302 0x000005C2 0xFFFFFFE7 0x00000008 False   [] [W]
  303 0x000005E2 0xFFFFFFE7 0x00000008 False   [] [W]
  304 0x00000602 0xFFFFFFE7 0x00000008 False   [] [W]
  305 0x00000622 0xFFFFFFE7 0x00000008 False   [] [W]
  306 0x00000642 0xFFFFFFE7 0x00000008 False   [] [W]
  307 0x00000662 0xFFFFFFE7 0x00000008 False   [] [W]
  308 0x00000682 0xFFFFFFE7 0x00000008 False   [] [W]
  309 0x000006A2 0xFFFFFFE7 0x00000008 False   [] [W]
  310 0x000006C2 0xFFFFFFE7 0x00000008 False   [] [W]
  311 0x000006E2 0xFFFFFFE7 0x00000008 False   [] [W]
  312 0x00000702 0xFFFFFFE7 0x00000008 False   [] [W]
  313 0x00000722 0xFFFFFFE7 0x00000008 False   [] [W]
  314 0x00000742 0xFFFFFFE7 0x00000008 False   [] [W]
  315 0x00000762 0xFFFFFFE7 0x00000008 False   [] [W]
  316 0x00000782 0xFFFFFFE7 0x00000008 False   [] [W]
  317 0x000007A2 0xFFFFFFE7 0x00000008 False   [] [W]
  318 0x000007C2 0xFFFFFFE7 0x00000008 False   [] [W]
  319 0x000007E2 0xFFFFFFE7 0x00000008 False   [] [W]
  320 0x00000802 0xFFFFFFE7 0x00000008 False   [] [W]
  321 0x00000822 0xFFFFFFE7 0x00000008 False   [] [W]
  322 0x00000842 0xFFFFFFE7 0x00000008 False   [] [W]
  323 0x00000862 0xFFFFFFE7 0x00000008 False   [] [W]
  324 0x00000882 0xFFFFFFE7 0x00000008 False   [] [W]
  325 0x000008A2 0xFFFFFFE7 0x00000008 False   [] [W]
  326 0x000008C2 0xFFFFFFE7 0x00000008 False   [] [W]
  327 0x000008E2 0xFFFFFFE7 0x00000008 False   [] [W]
  328 0x00000902 0xFFFFFFE7 0x00000008 False   [] [W]
  329 0x00000922 0xFFFFFFE7 0x00000008 False   [] [W]
  330 0x00000942 0xFFFFFFE7 0x00000008 False   [] [W]
  331 0x00000962 0xFFFFFFE7 0x00000008 False   [] [W]
  332 0x00000982 0xFFFFFFE7 0x00000008 False   [] [W]
  333 0x000009A2 0xFFFFFFE7 0x00000008 False   [] [W]
  334 0x000009C2 0xFFFFFFE7 0x00000008 False   [] [W]
  335 0x000009E2 0xFFFFFFE7 0x00000008 False   [] [W]
  336 0x00000A02 0xFFFFFFE7 0x00000008 False   [] [W]
  337 0x00000A22 0xFFFFFFE7 0x00000008 False   [] [W]
  338 0x00000A42 0xFFFFFFE7 0x00000008 False   [] [W]
  339 0x00000A62 0xFFFFFFE7 0x00000008 False   [] [W]
  340 0x00000A82 0xFFFFFFE7 0x00000008 False   [] [W]
  341 0x00000AA2 0xFFFFFFE7 0x00000008 False   [] [W]
  342 0x00000AC2 0xFFFFFFE7 0x00000008 False   [] [W]
  343 0x00000AE2 0xFFFFFFE7 0x00000008 False   [] [W]
  344 0x00000B02 0xFFFFFFE7 0x00000008 False   [] [W]
  345 0x00000B22 0xFFFFFFE7 0x00000008 False   [] [W]
  346 0x00000B42 0xFFFFFFE7 0x00000008 False   [] [W]
  347 0x00000B62 0xFFFFFFE7 0x00000008 False   [] [W]
  348 0x00000B82 0xFFFFFFE7 0x00000008 False   [] [W]
  349 0x00000BA2 0xFFFFFFE7 0x00000008 False   [] [W]
  350 0x00000BC2 0xFFFFFFE7 0x00000008 False   [] [W]
  351 0x00000BE2 0xFFFFFFE7 0x00000008 False   [] [W]
  352 0x00000C02 0xFFFFFFE7 0x00000008 False   [] [W]
  353 0x00000C22 0xFFFFFFE7 0x00000008 False   [] [W]
  354 0x00000C42 0xFFFFFFE7 0x00000008 False   [] [W]
  355 0x00000C62 0xFFFFFFE7 0x00000008 False   [] [W]
  356 0x00000C82 0xFFFFFFE7 0x00000008 False   [] [W]
  357 0x00000CA2 0xFFFFFFE7 0x00000008 False   [] [W]
  358 0x00000CC2 0xFFFFFFE7 0x00000008 False   [] [W]
  359 0x00000CE2 0xFFFFFFE7 0x00000008 False   [] [W]
  360 0x00000D02 0xFFFFFFE7 0x00000008 False   [] [W]
  361 0x00000D22 0xFFFFFFE7 0x00000008 False   [] [W]
  362 0x00000D42 0xFFFFFFE7 0x00000008 False   [] [W]
  363 0x00000D62 0xFFFFFFE7 0x00000008 False   [] [W]
  364 0x00000D82 0xFFFFFFE7 0x00000008 False   [] [W]
  365 0x00000DA2 0xFFFFFFE7 0x00000008 False   [] [W]
  366 0x00000DC2 0xFFFFFFE7 0x00000008 False   [] [W]
  367 0x00000DE2 0xFFFFFFE7 0x00000008 False   [] [W]
  368 0x00000E02 0xFFFFFFE7 0x00000008 False   [] [W]
  369 0x00000E22 0xFFFFFFE7 0x00000008 False   [] [W]
  370 0x00000E42 0xFFFFFFE7 0x00000008 False   [] [W]
  371 0x00000E62 0xFFFFFFE7 0x00000008 False   [] [W]
  372 0x00000E82 0xFFFFFFE7 0x00000008 False   [] [W]
  373 0x00000EA2 0xFFFFFFE7 0x00000008 False   [] [W]
  374 0x00000EC2 0xFFFFFFE7 0x00000008 False   [] [W]
  375 0x00000EE2 0xFFFFFFE7 0x00000008 False   [] [W]
  376 0x00000F02 0xFFFFFFE7 0x00000008 False   [] [W]
  377 0x00000F22 0xFFFFFFE7 0x00000008 False   [] [W]
  378 0x00000F42 0xFFFFFFE7 0x00000008 False   [] [W]
  379 0x00000F62 0xFFFFFFE7 0x00000008 False   [] [W]
  380 0x00000F82 0xFFFFFFE7 0x00000008 False   [] [W]
  381 0x00000FA2 0xFFFFFFE7 0x00000008 False   [] [W]
  382 0x00000FC2 0xFFFFFFE7 0x00000008 False   [] [W]
  383 0x00000FE2 0xFFFFFFE7 0x00000008 False   [] [W]
  384 0x00000003 0xFFFFFFE7 0x00000008 False   [] [W]
  385 0x00000023 0xFFFFFFE7 0x00000008 False   [] [W]
  386 0x00000043 0xFFFFFFE7 0x00000008 False   [] [W]
  387 0x00000063 0xFFFFFFE7 0x00000008 False   [] [W]
  388 0x00000083 0xFFFFFFE7 0x00000008 False   [] [W]
  389 0x000000A3 0xFFFFFFE7 0x00000008 False   [] [W]
  390 0x000000C3 0xFFFFFFE7 0x00000008 False   [] [W]
  391 0x000000E3 0xFFFFFFE7 0x00000008 False   [] [W]
  392 0x00000103 0xFFFFFFE7 0x00000008 False   [] [W]
  393 0x00000123 0xFFFFFFE7 0x00000008 False   [] [W]
  394 0x00000143 0xFFFFFFE7 0x00000008 False   [] [W]
  395 0x00000163 0xFFFFFFE7 0x00000008 False   [] [W]
  396 0x00000183 0xFFFFFFE7 0x00000008 False   [] [W]
  397 0x000001A3 0xFFFFFFE7 0x00000008 False   [] [W]
  398 0x000001C3 0xFFFFFFE7 0x00000008 False   [] [W]
  399 0x000001E3 0xFFFFFFE7 0x00000008 False   [] [W]
  400 0x00000203 0xFFFFFFE7 0x00000008 False   [] [W]
  401 0x00000223 0xFFFFFFE7 0x00000008 False   [] [W]
  402 0x00000243 0xFFFFFFE7 0x00000008 False   [] [W]
  403 0x00000263 0xFFFFFFE7 0x00000008 False   [] [W]
  404 0x00000283 0xFFFFFFE7 0x00000008 False   [] [W]
  405 0x000002A3 0xFFFFFFE7 0x00000008 False   [] [W]
  406 0x000002C3 0xFFFFFFE7 0x00000008 False   [] [W]
  407 0x000002E3 0xFFFFFFE7 0x00000008 False   [] [W]
  408 0x00000303 0xFFFFFFE7 0x00000008 False   [] [W]
  409 0x00000323 0xFFFFFFE7 0x00000008 False   [] [W]
  410 0x00000343 0xFFFFFFE7 0x00000008 False   [] [W]
  411 0x00000363 0xFFFFFFE7 0x00000008 False   [] [W]
  412 0x00000383 0xFFFFFFE7 0x00000008 False   [] [W]
  413 0x000003A3 0xFFFFFFE7 0x00000008 False   [] [W]
  414 0x000003C3 0xFFFFFFE7 0x00000008 False   [] [W]
  415 0x000003E3 0xFFFFFFE7 0x00000008 False   [] [W]
  416 0x00000403 0xFFFFFFE7 0x00000008 False   [] [W]
  417 0x00000423 0xFFFFFFE7 0x00000008 False   [] [W]
  418 0x00000443 0xFFFFFFE7 0x00000008 False   [] [W]
  419 0x00000463 0xFFFFFFE7 0x00000008 False   [] [W]
  420 0x00000483 0xFFFFFFE7 0x00000008 False   [] [W]
  421 0x000004A3 0xFFFFFFE7 0x00000008 False   [] [W]
  422 0x000004C3 0xFFFFFFE7 0x00000008 False   [] [W]
  423 0x000004E3 0xFFFFFFE7 0x00000008 False   [] [W]
  424 0x00000503 0xFFFFFFE7 0x00000008 False   [] [W]
  425 0x00000523 0xFFFFFFE7 0x00000008 False   [] [W]
  426 0x00000543 0xFFFFFFE7 0x00000008 False   [] [W]
  427 0x00000563 0xFFFFFFE7 0x00000008 False   [] [W]
  428 0x00000583 0xFFFFFFE7 0x00000008 False   [] [W]
  429 0x000005A3 0xFFFFFFE7 0x00000008 False   [] [W]
  430 0x000005C3 0xFFFFFFE7 0x00000008 False   [] [W]
  431 0x000005E3 0xFFFFFFE7 0x00000008 False   [] [W]
  432 0x00000603 0xFFFFFFE7 0x00000008 False   [] [W]
  433 0x00000623 0xFFFFFFE7 0x00000008 False   [] [W]
  434 0x00000643 0xFFFFFFE7 0x00000008 False   [] [W]
  435 0x00000663 0xFFFFFFE7 0x00000008 False   [] [W]
  436 0x00000683 0xFFFFFFE7 0x00000008 False   [] [W]
  437 0x000006A3 0xFFFFFFE7 0x00000008 False   [] [W]
  438 0x000006C3 0xFFFFFFE7 0x00000008 False   [] [W]
  439 0x000006E3 0xFFFFFFE7 0x00000008 False   [] [W]
  440 0x00000703 0xFFFFFFE7 0x00000008 False   [] [W]
  441 0x00000723 0xFFFFFFE7 0x00000008 False   [] [W]
  442 0x00000743 0xFFFFFFE7 0x00000008 False   [] [W]
  443 0x00000763 0xFFFFFFE7 0x00000008 False   [] [W]
  444 0x00000783 0xFFFFFFE7 0x00000008 False   [] [W]
  445 0x000007A3 0xFFFFFFE7 0x00000008 False   [] [W]
  446 0x000007C3 0xFFFFFFE7 0x00000008 False   [] [W]
  447 0x000007E3 0xFFFFFFE7 0x00000008 False   [] [W]
  448 0x00000803 0xFFFFFFE7 0x00000008 False   [] [W]
  449 0x00000823 0xFFFFFFE7 0x00000008 False   [] [W]
  450 0x00000843 0xFFFFFFE7 0x00000008 False   [] [W]
  451 0x00000863 0xFFFFFFE7 0x00000008 False   [] [W]
  452 0x00000883 0xFFFFFFE7 0x00000008 False   [] [W]
  453 0x000008A3 0xFFFFFFE7 0x00000008 False   [] [W]
  454 0x000008C3 0xFFFFFFE7 0x00000008 False   [] [W]
  455 0x000008E3 0xFFFFFFE7 0x00000008 False   [] [W]
  456 0x00000903 0xFFFFFFE7 0x00000008 False   [] [W]
  457 0x00000923 0xFFFFFFE7 0x00000008 False   [] [W]
  458 0x00000943 0xFFFFFFE7 0x00000008 False   [] [W]
  459 0x00000963 0xFFFFFFE7 0x00000008 False   [] [W]
  460 0x00000983 0xFFFFFFE7 0x00000008 False   [] [W]
  461 0x000009A3 0xFFFFFFE7 0x00000008 False   [] [W]
  462 0x000009C3 0xFFFFFFE7 0x00000008 False   [] [W]
  463 0x000009E3 0xFFFFFFE7 0x00000008 False   [] [W]
  464 0x00000A03 0xFFFFFFE7 0x00000008 False   [] [W]
  465 0x00000A23 0xFFFFFFE7 0x00000008 False   [] [W]
  466 0x00000A43 0xFFFFFFE7 0x00000008 False   [] [W]
  467 0x00000A63 0xFFFFFFE7 0x00000008 False   [] [W]
  468 0x00000A83 0xFFFFFFE7 0x00000008 False   [] [W]
  469 0x00000AA3 0xFFFFFFE7 0x00000008 False   [] [W]
  470 0x00000AC3 0xFFFFFFE7 0x00000008 False   [] [W]
  471 0x00000AE3 0xFFFFFFE7 0x00000008 False   [] [W]
  472 0x00000B03 0xFFFFFFE7 0x00000008 False   [] [W]
  473 0x00000B23 0xFFFFFFE7 0x00000008 False   [] [W]
  474 0x00000B43 0xFFFFFFE7 0x00000008 False   [] [W]
  475 0x00000B63 0xFFFFFFE7 0x00000008 False   [] [W]
  476 0x00000B83 0xFFFFFFE7 0x00000008 False   [] [W]
  477 0x00000BA3 0xFFFFFFE7 0x00000008 False   [] [W]
  478 0x00000BC3 0xFFFFFFE7 0x00000008 False   [] [W]
  479 0x00000BE3 0xFFFFFFE7 0x00000008 False   [] [W]
  480 0x00000C03 0xFFFFFFE7 0x00000008 False   [] [W]
  481 0x00000C23 0xFFFFFFE7 0x00000008 False   [] [W]
  482 0x00000C43 0xFFFFFFE7 0x00000008 False   [] [W]
  483 0x00000C63 0xFFFFFFE7 0x00000008 False   [] [W]
  484 0x00000C83 0xFFFFFFE7 0x00000008 False   [] [W]
  485 0x00000CA3 0xFFFFFFE7 0x00000008 False   [] [W]
  486 0x00000CC3 0xFFFFFFE7 0x00000008 False   [] [W]
  487 0x00000CE3 0xFFFFFFE7 0x00000008 False   [] [W]
  488 0x00000D03 0xFFFFFFE7 0x00000008 False   [] [W]
  489 0x00000D23 0xFFFFFFE7 0x00000008 False   [] [W]
  490 0x00000D43 0xFFFFFFE7 0x00000008 False   [] [W]
  491 0x00000D63 0xFFFFFFE7 0x00000008 False   [] [W]
  492 0x00000D83 0xFFFFFFE7 0x00000008 False   [] [W]
  493 0x00000DA3 0xFFFFFFE7 0x00000008 False   [] [W]
  494 0x00000DC3 0xFFFFFFE7 0x00000008 False   [] [W]
  495 0x00000DE3 0xFFFFFFE7 0x00000008 False   [] [W]
  496 0x00000E03 0xFFFFFFE7 0x00000008 False   [] [W]
  497 0x00000E23 0xFFFFFFE7 0x00000008 False   [] [W]
  498 0x00000E43 0xFFFFFFE7 0x00000008 False   [] [W]
  499 0x00000E63 0xFFFFFFE7 0x00000008 False   [] [W]
  500 0x00000E83 0xFFFFFFE7 0x00000008 False   [] [W]
  501 0x00000EA3 0xFFFFFFE7 0x00000008 False   [] [W]
  502 0x00000EC3 0xFFFFFFE7 0x00000008 False   [] [W]
  503 0x00000EE3 0xFFFFFFE7 0x00000008 False   [] [W]
  504 0x00000F03 0xFFFFFFE7 0x00000008 False   [] [W]
  505 0x00000F23 0xFFFFFFE7 0x00000008 False   [] [W]
  506 0x00000F43 0xFFFFFFE7 0x00000008 False   [] [W]
  507 0x00000F63 0xFFFFFFE7 0x00000008 False   [] [W]
  508 0x00000F83 0xFFFFFFE7 0x00000008 False   [] [W]
  509 0x00000FA3 0xFFFFFFE7 0x00000008 False   [] [W]
  510 0x00000FC3 0xFFFFFFE7 0x00000008 False   [] [W]
  511 0x00000FE3 0xFFFFFFE7 0x00000008 False   [] [W]
  512 0x00000004 0xFFFFFFE7 0x00000008 False   [] [W]
  513 0x00000024 0xFFFFFFE7 0x00000008 False   [] [W]
  514 0x00000044 0xFFFFFFE7 0x00000008 False   [] [W]
  515 0x00000064 0xFFFFFFE7 0x00000008 False   [] [W]
  516 0x00000084 0xFFFFFFE7 0x00000008 False   [] [W]
  517 0x000000A4 0xFFFFFFE7 0x00000008 False   [] [W]
  518 0x000000C4 0xFFFFFFE7 0x00000008 False   [] [W]
  519 0x000000E4 0xFFFFFFE7 0x00000008 False   [] [W]
  520 0x00000104 0xFFFFFFE7 0x00000008 False   [] [W]
  521 0x00000124 0xFFFFFFE7 0x00000008 False   [] [W]
  522 0x00000144 0xFFFFFFE7 0x00000008 False   [] [W]
  523 0x00000164 0xFFFFFFE7 0x00000008 False   [] [W]
  524 0x00000184 0xFFFFFFE7 0x00000008 False   [] [W]
  525 0x000001A4 0xFFFFFFE7 0x00000008 False   [] [W]
  526 0x000001C4 0xFFFFFFE7 0x00000008 False   [] [W]
  527 0x000001E4 0xFFFFFFE7 0x00000008 False   [] [W]
  528 0x00000204 0xFFFFFFE7 0x00000008 False   [] [W]
  529 0x00000224 0xFFFFFFE7 0x00000008 False   [] [W]
  530 0x00000244 0xFFFFFFE7 0x00000008 False   [] [W]
  531 0x00000264 0xFFFFFFE7 0x00000008 False   [] [W]
  532 0x00000284 0xFFFFFFE7 0x00000008 False   [] [W]
  533 0x000002A4 0xFFFFFFE7 0x00000008 False   [] [W]
  534 0x000002C4 0xFFFFFFE7 0x00000008 False   [] [W]
  535 0x000002E4 0xFFFFFFE7 0x00000008 False   [] [W]
  536 0x00000304 0xFFFFFFE7 0x00000008 False   [] [W]
  537 0x00000324 0xFFFFFFE7 0x00000008 False   [] [W]
  538 0x00000344 0xFFFFFFE7 0x00000008 False   [] [W]
  539 0x00000364 0xFFFFFFE7 0x00000008 False   [] [W]
  540 0x00000384 0xFFFFFFE7 0x00000008 False   [] [W]
  541 0x000003A4 0xFFFFFFE7 0x00000008 False   [] [W]
  542 0x000003C4 0xFFFFFFE7 0x00000008 False   [] [W]
  543 0x000003E4 0xFFFFFFE7 0x00000008 False   [] [W]
  544 0x00000404 0xFFFFFFE7 0x00000008 False   [] [W]
  545 0x00000424 0xFFFFFFE7 0x00000008 False   [] [W]
  546 0x00000444 0xFFFFFFE7 0x00000008 False   [] [W]
  547 0x00000464 0xFFFFFFE7 0x00000008 False   [] [W]
  548 0x00000484 0xFFFFFFE7 0x00000008 False   [] [W]
  549 0x000004A4 0xFFFFFFE7 0x00000008 False   [] [W]
  550 0x000004C4 0xFFFFFFE7 0x00000008 False   [] [W]
  551 0x000004E4 0xFFFFFFE7 0x00000008 False   [] [W]
  552 0x00000504 0xFFFFFFE7 0x00000008 False   [] [W]
  553 0x00000524 0xFFFFFFE7 0x00000008 False   [] [W]
  554 0x00000544 0xFFFFFFE7 0x00000008 False   [] [W]
  555 0x00000564 0xFFFFFFE7 0x00000008 False   [] [W]
  556 0x00000584 0xFFFFFFE7 0x00000008 False   [] [W]
  557 0x000005A4 0xFFFFFFE7 0x00000008 False   [] [W]
  558 0x000005C4 0xFFFFFFE7 0x00000008 False   [] [W]
  559 0x000005E4 0xFFFFFFE7 0x00000008 False   [] [W]
  560 0x00000604 0xFFFFFFE7 0x00000008 False   [] [W]
  561 0x00000624 0xFFFFFFE7 0x00000008 False   [] [W]
  562 0x00000644 0xFFFFFFE7 0x00000008 False   [] [W]
  563 0x00000664 0xFFFFFFE7 0x00000008 False   [] [W]
  564 0x00000684 0xFFFFFFE7 0x00000008 False   [] [W]
  565 0x000006A4 0xFFFFFFE7 0x00000008 False   [] [W]
  566 0x000006C4 0xFFFFFFE7 0x00000008 False   [] [W]
  567 0x000006E4 0xFFFFFFE7 0x00000008 False   [] [W]
  568 0x00000704 0xFFFFFFE7 0x00000008 False   [] [W]
  569 0x00000724 0xFFFFFFE7 0x00000008 False   [] [W]
  570 0x00000744 0xFFFFFFE7 0x00000008 False   [] [W]
  571 0x00000764 0xFFFFFFE7 0x00000008 False   [] [W]
  572 0x00000784 0xFFFFFFE7 0x00000008 False   [] [W]
  573 0x000007A4 0xFFFFFFE7 0x00000008 False   [] [W]
  574 0x000007C4 0xFFFFFFE7 0x00000008 False   [] [W]
  575 0x000007E4 0xFFFFFFE7 0x00000008 False   [] [W]
  576 0x00000804 0xFFFFFFE7 0x00000008 False   [] [W]
  577 0x00000824 0xFFFFFFE7 0x00000008 False   [] [W]
  578 0x00000844 0xFFFFFFE7 0x00000008 False   [] [W]
  579 0x00000864 0xFFFFFFE7 0x00000008 False   [] [W]
  580 0x00000884 0xFFFFFFE7 0x00000008 False   [] [W]
  581 0x000008A4 0xFFFFFFE7 0x00000008 False   [] [W]
  582 0x000008C4 0xFFFFFFE7 0x00000008 False   [] [W]
  583 0x000008E4 0xFFFFFFE7 0x00000008 False   [] [W]
  584 0x00000904 0xFFFFFFE7 0x00000008 False   [] [W]
  585 0x00000924 0xFFFFFFE7 0x00000008 False   [] [W]
  586 0x00000944 0xFFFFFFE7 0x00000008 False   [] [W]
  587 0x00000964 0xFFFFFFE7 0x00000008 False   [] [W]
  588 0x00000984 0xFFFFFFE7 0x00000008 False   [] [W]
  589 0x000009A4 0xFFFFFFE7 0x00000008 False   [] [W]
  590 0x000009C4 0xFFFFFFE7 0x00000008 False   [] [W]
  591 0x000009E4 0xFFFFFFE7 0x00000008 False   [] [W]
  592 0x00000A04 0xFFFFFFE7 0x00000008 False   [] [W]
  593 0x00000A24 0xFFFFFFE7 0x00000008 False   [] [W]
  594 0x00000A44 0xFFFFFFE7 0x00000008 False   [] [W]
  595 0x00000A64 0xFFFFFFE7 0x00000008 False   [] [W]
  596 0x00000A84 0xFFFFFFE7 0x00000008 False   [] [W]
  597 0x00000AA4 0xFFFFFFE7 0x00000008 False   [] [W]
  598 0x00000AC4 0xFFFFFFE7 0x00000008 False   [] [W]
  599 0x00000AE4 0xFFFFFFE7 0x00000008 False   [] [W]
  600 0x00000B04 0xFFFFFFE7 0x00000008 False   [] [W]
  601 0x00000B24 0xFFFFFFE7 0x00000008 False   [] [W]
  602 0x00000B44 0xFFFFFFE7 0x00000008 False   [] [W]
  603 0x00000B64 0xFFFFFFE7 0x00000008 False   [] [W]
  604 0x00000B84 0xFFFFFFE7 0x00000008 False   [] [W]
  605 0x00000BA4 0xFFFFFFE7 0x00000008 False   [] [W]
  606 0x00000BC4 0xFFFFFFE7 0x00000008 False   [] [W]
  607 0x00000BE4 0xFFFFFFE7 0x00000008 False   [] [W]
  608 0x00000C04 0xFFFFFFE7 0x00000008 False   [] [W]
  609 0x00000C24 0xFFFFFFE7 0x00000008 False   [] [W]
  610 0x00000C44 0xFFFFFFE7 0x00000008 False   [] [W]
  611 0x00000C64 0xFFFFFFE7 0x00000008 False   [] [W]
  612 0x00000C84 0xFFFFFFE7 0x00000008 False   [] [W]
  613 0x00000CA4 0xFFFFFFE7 0x00000008 False   [] [W]
  614 0x00000CC4 0xFFFFFFE7 0x00000008 False   [] [W]
  615 0x00000CE4 0xFFFFFFE7 0x00000008 False   [] [W]
  616 0x00000D04 0xFFFFFFE7 0x00000008 False   [] [W]
  617 0x00000D24 0xFFFFFFE7 0x00000008 False   [] [W]
  618 0x00000D44 0xFFFFFFE7 0x00000008 False   [] [W]
  619 0x00000D64 0xFFFFFFE7 0x00000008 False   [] [W]
  620 0x00000D84 0xFFFFFFE7 0x00000008 False   [] [W]
  621 0x00000DA4 0xFFFFFFE7 0x00000008 False   [] [W]
  622 0x00000DC4 0xFFFFFFE7 0x00000008 False   [] [W]
  623 0x00000DE4 0xFFFFFFE7 0x00000008 False   [] [W]
  624 0x00000E04 0xFFFFFFE7 0x00000008 False   [] [W]
  625 0x00000E24 0xFFFFFFE7 0x00000008 False   [] [W]
  626 0x00000E44 0xFFFFFFE7 0x00000008 False   [] [W]
  627 0x00000E64 0xFFFFFFE7 0x00000008 False   [] [W]
  628 0x00000E84 0xFFFFFFE7 0x00000008 False   [] [W]
  629 0x00000EA4 0xFFFFFFE7 0x00000008 False   [] [W]
  630 0x00000EC4 0xFFFFFFE7 0x00000008 False   [] [W]
  631 0x00000EE4 0xFFFFFFE7 0x00000008 False   [] [W]
  632 0x00000F04 0xFFFFFFE7 0x00000008 False   [] [W]
  633 0x00000F24 0xFFFFFFE7 0x00000008 False   [] [W]
  634 0x00000F44 0xFFFFFFE7 0x00000008 False   [] [W]
  635 0x00000F64 0xFFFFFFE7 0x00000008 False   [] [W]
  636 0x00000F84 0xFFFFFFE7 0x00000008 False   [] [W]
  637 0x00000FA4 0xFFFFFFE7 0x00000008 False   [] [W]
  638 0x00000FC4 0xFFFFFFE7 0x00000008 False   [] [W]
  639 0x00000FE4 0xFFFFFFE7 0x00000008 False   [] [W]
0 Defaultable entries
