Router contains 34 entries
Index Key        Mask       Route      Default [Cores][Links]
----- ---------- ---------- ---------- ------- --------------
    0 0x000007A6 0xFFFFFFE6 0x00000100 False   [2] []
    1 0x000007C6 0xFFFFFFE6 0x00000200 False   [3] []
    2 0x000007E6 0xFFFFFFE6 0x00000400 False   [4] []
    3 0x00000806 0xFFFFFFE6 0x00000800 False   [5] []
    4 0x00000826 0xFFFFFFE6 0x00001000 False   [6] []
    5 0x00000846 0xFFFFFFE6 0x00002000 False   [7] []
    6 0x00000866 0xFFFFFFE6 0x00004000 False   [8] []
    7 0x00000886 0xFFFFFFE6 0x00008000 False   [9] []
    8 0x000008A6 0xFFFFFFE6 0x00010000 False   [10] []
    9 0x000008C6 0xFFFFFFE6 0x00020000 False   [11] []
   10 0x000008E6 0xFFFFFFE6 0x00040000 False   [12] []
   11 0x00000906 0xFFFFFFE6 0x00080000 False   [13] []
   12 0x00000926 0xFFFFFFE6 0x00100000 False   [14] []
   13 0x00000946 0xFFFFFFE6 0x00200000 False   [15] []
   14 0x00000966 0xFFFFFFE6 0x00400000 False   [16] []
   15 0x00000986 0xFFFFFFE6 0x00800000 False   [17] []
   16 0x000007A0 0xFFFFFFE0 0x00000108 False   [2] [W]
   17 0x000007C0 0xFFFFFFE0 0x00000208 False   [3] [W]
   18 0x000007E0 0xFFFFFFE0 0x00000408 False   [4] [W]
   19 0x00000800 0xFFFFFFE0 0x00000808 False   [5] [W]
   20 0x00000820 0xFFFFFFE0 0x00001008 False   [6] [W]
   21 0x00000840 0xFFFFFFE0 0x00002008 False   [7] [W]
   22 0x00000860 0xFFFFFFE0 0x00004008 False   [8] [W]
   23 0x00000880 0xFFFFFFE0 0x00008008 False   [9] [W]
   24 0x000008A0 0xFFFFFFE0 0x00010008 False   [10] [W]
   25 0x000008C0 0xFFFFFFE0 0x00020008 False   [11] [W]
   26 0x000008E0 0xFFFFFFE0 0x00040008 False   [12] [W]
   27 0x00000900 0xFFFFFFE0 0x00080008 False   [13] [W]
   28 0x00000920 0xFFFFFFE0 0x00100008 False   [14] [W]
   29 0x00000940 0xFFFFFFE0 0x00200008 False   [15] [W]
   30 0x00000960 0xFFFFFFE0 0x00400008 False   [16] [W]
   31 0x00000980 0xFFFFFFE0 0x00800008 False   [17] [W]
   32 0x00000006 0xFFFFF006 0x00000000 False   [] []
   33 0x00000000 0xFFFFD000 0x00000008 False   [] [W]
0 Defaultable entries
