Router contains 57 entries
Index Key        Mask       Route      Default [Cores][Links]
----- ---------- ---------- ---------- ------- --------------
    0 0x00001224 0xFFFFFFE7 0x00000109 False   [2] [E, W]
    1 0x00001244 0xFFFFFFE7 0x00000309 False   [2, 3] [E, W]
    2 0x00001264 0xFFFFFFE7 0x00000609 False   [3, 4] [E, W]
    3 0x00001284 0xFFFFFFE7 0x00000C09 False   [4, 5] [E, W]
    4 0x000012A4 0xFFFFFFE7 0x00001809 False   [5, 6] [E, W]
    5 0x000012C4 0xFFFFFFE7 0x00003009 False   [6, 7] [E, W]
    6 0x000012E4 0xFFFFFFE7 0x00006009 False   [8, 7] [E, W]
    7 0x00001304 0xFFFFFFE7 0x0000C009 False   [8, 9] [E, W]
    8 0x00001324 0xFFFFFFE7 0x00018009 False   [9, 10] [E, W]
    9 0x00001344 0xFFFFFFE7 0x00030009 False   [10, 11] [E, W]
   10 0x00001364 0xFFFFFFE7 0x00060009 False   [11, 12] [E, W]
   11 0x00001384 0xFFFFFFE7 0x000C0009 False   [12, 13] [E, W]
   12 0x000013A4 0xFFFFFFE7 0x00180009 False   [13, 14] [E, W]
   13 0x000013C4 0xFFFFFFE7 0x00300009 False   [14, 15] [E, W]
   14 0x000013E4 0xFFFFFFE7 0x00200009 False   [15] [E, W]
   15 0x00001404 0xFFFFFFE7 0x00400009 False   [16] [E, W]
   16 0x00001424 0xFFFFFFE7 0x00C00009 False   [16, 17] [E, W]
   17 0x00001444 0xFFFFFFE7 0x00800009 False   [17] [E, W]
   18 0x00001224 0xFFFFFFE4 0x00000101 False   [2] [E]
   19 0x00001244 0xFFFFFFE4 0x00000301 False   [2, 3] [E]
   20 0x00001264 0xFFFFFFE4 0x00000601 False   [3, 4] [E]
   21 0x00001284 0xFFFFFFE4 0x00000C01 False   [4, 5] [E]
   22 0x000012A4 0xFFFFFFE4 0x00001801 False   [5, 6] [E]
   23 0x000012C4 0xFFFFFFE4 0x00003001 False   [6, 7] [E]
   24 0x000012E4 0xFFFFFFE4 0x00006001 False   [8, 7] [E]
   25 0x00001304 0xFFFFFFE4 0x0000C001 False   [8, 9] [E]
   26 0x00001324 0xFFFFFFE4 0x00018001 False   [9, 10] [E]
   27 0x00001344 0xFFFFFFE4 0x00030001 False   [10, 11] [E]
   28 0x00001364 0xFFFFFFE4 0x00060001 False   [11, 12] [E]
   29 0x00001384 0xFFFFFFE4 0x000C0001 False   [12, 13] [E]
   30 0x000013A4 0xFFFFFFE4 0x00180001 False   [13, 14] [E]
   31 0x000013C4 0xFFFFFFE4 0x00300001 False   [14, 15] [E]
   32 0x000013E4 0xFFFFFFE4 0x00200001 False   [15] [E]
   33 0x00001404 0xFFFFFFE4 0x00400001 False   [16] [E]
   34 0x00001424 0xFFFFFFE4 0x00C00001 False   [16, 17] [E]
   35 0x00001444 0xFFFFFFE4 0x00800001 False   [17] [E]
   36 0x00001220 0xFFFFFFE4 0x00000108 False   [2] [W]
   37 0x00001240 0xFFFFFFE4 0x00000308 False   [2, 3] [W]
   38 0x00001260 0xFFFFFFE4 0x00000608 False   [3, 4] [W]
   39 0x00001280 0xFFFFFFE4 0x00000C08 False   [4, 5] [W]
   40 0x000012A0 0xFFFFFFE4 0x00001808 False   [5, 6] [W]
   41 0x000012C0 0xFFFFFFE4 0x00003008 False   [6, 7] [W]
   42 0x000012E0 0xFFFFFFE4 0x00006008 False   [8, 7] [W]
   43 0x00001300 0xFFFFFFE4 0x0000C008 False   [8, 9] [W]
   44 0x00001320 0xFFFFFFE4 0x00018008 False   [9, 10] [W]
   45 0x00001340 0xFFFFFFE4 0x00030008 False   [10, 11] [W]
   46 0x00001360 0xFFFFFFE4 0x00060008 False   [11, 12] [W]
   47 0x00001380 0xFFFFFFE4 0x000C0008 False   [12, 13] [W]
   48 0x000013A0 0xFFFFFFE4 0x00180008 False   [13, 14] [W]
   49 0x000013C0 0xFFFFFFE4 0x00300008 False   [14, 15] [W]
   50 0x000013E0 0xFFFFFFE4 0x00200008 False   [15] [W]
   51 0x00001400 0xFFFFFFE4 0x00400008 False   [16] [W]
   52 0x00001420 0xFFFFFFE4 0x00C00008 False   [16, 17] [W]
   53 0x00001440 0xFFFFFFE4 0x00800008 False   [17] [W]
   54 0x00000004 0xFFFFC007 0x00000009 False   [] [E, W]
   55 0x00000004 0xFFFFC004 0x00000001 False   [] [E]
   56 0x00000000 0xFFFF4000 0x00000008 False   [] [W]
0 Defaultable entries
