Router contains 236 entries
Index Key        Mask       Route      Default [Cores][Links]
----- ---------- ---------- ---------- ------- --------------
    0 0x00000000 0xFFFFFF87 0x00000008 False   [] [W]
    1 0x00000080 0xFFFFFF87 0x00000008 False   [] [W]
    2 0x00000100 0xFFFFFF87 0x00000008 False   [] [W]
    3 0x00000180 0xFFFFFF87 0x00000008 False   [] [W]
    4 0x00000200 0xFFFFFF87 0x00000008 False   [] [W]
    5 0x00000280 0xFFFFFF87 0x00000008 False   [] [W]
    6 0x00000300 0xFFFFFF87 0x00000008 False   [] [W]
    7 0x00000380 0xFFFFFF87 0x00000008 False   [] [W]
    8 0x00000400 0xFFFFFF87 0x00000008 False   [] [W]
    9 0x00000480 0xFFFFFF87 0x00000008 False   [] [W]
   10 0x00000500 0xFFFFFF87 0x00000008 False   [] [W]
   11 0x00000580 0xFFFFFF87 0x00000008 False   [] [W]
   12 0x00000600 0xFFFFFF87 0x00000008 False   [] [W]
   13 0x00000680 0xFFFFFF87 0x00000008 False   [] [W]
   14 0x00000700 0xFFFFFF87 0x00000008 False   [] [W]
   15 0x00000780 0xFFFFFF87 0x00000008 False   [] [W]
   16 0x00000800 0xFFFFFF87 0x00000008 False   [] [W]
   17 0x00000880 0xFFFFFF87 0x00000008 False   [] [W]
   18 0x00000900 0xFFFFFF87 0x00000008 False   [] [W]
   19 0x00000980 0xFFFFFF87 0x00000008 False   [] [W]
   20 0x00000A00 0xFFFFFF87 0x00000008 False   [] [W]
   21 0x00000A80 0xFFFFFF87 0x00000008 False   [] [W]
   22 0x00000B00 0xFFFFFF87 0x00000008 False   [] [W]
   23 0x00000B80 0xFFFFFF87 0x00000008 False   [] [W]
   24 0x00000C00 0xFFFFFF87 0x00000008 False   [] [W]
   25 0x00000C80 0xFFFFFF87 0x00000008 False   [] [W]
   26 0x00000D00 0xFFFFFF87 0x00000008 False   [] [W]
   27 0x00000D80 0xFFFFFF87 0x00000008 False   [] [W]
   28 0x00000E00 0xFFFFFF87 0x00000008 False   [] [W]
   29 0x00000E80 0xFFFFFF87 0x00000008 False   [] [W]
   30 0x00000F00 0xFFFFFF87 0x00000008 False   [] [W]
   31 0x00000F80 0xFFFFFF87 0x00000008 False   [] [W]
   32 0x00001000 0xFFFFFF87 0x00000008 False   [] [W]
   33 0x00001080 0xFFFFFF87 0x00000008 False   [] [W]
   34 0x00001100 0xFFFFFF87 0x00000008 False   [] [W]
   35 0x00001180 0xFFFFFF87 0x00000008 False   [] [W]
   36 0x00001200 0xFFFFFF87 0x00000008 False   [] [W]
   37 0x00001280 0xFFFFFF87 0x00000008 False   [] [W]
   38 0x00001300 0xFFFFFF87 0x00000008 False   [] [W]
   39 0x00001380 0xFFFFFF87 0x00000008 False   [] [W]
   40 0x00001400 0xFFFFFF87 0x00000008 False   [] [W]
   41 0x00001480 0xFFFFFF87 0x00000008 False   [] [W]
   42 0x00001500 0xFFFFFF87 0x00000008 False   [] [W]
   43 0x00001580 0xFFFFFF87 0x00000008 False   [] [W]
   44 0x00001600 0xFFFFFF87 0x00000008 False   [] [W]
   45 0x00001680 0xFFFFFF87 0x00000008 False   [] [W]
   46 0x00001700 0xFFFFFF87 0x00000008 False   [] [W]
   47 0x00001780 0xFFFFFF87 0x00000008 False   [] [W]
   48 0x00001800 0xFFFFFF87 0x00000008 False   [] [W]
   49 0x00001880 0xFFFFFF87 0x00000008 False   [] [W]
   50 0x00001900 0xFFFFFF87 0x00000008 False   [] [W]
   51 0x00001980 0xFFFFFF87 0x00000008 False   [] [W]
   52 0x00001A00 0xFFFFFF87 0x00000008 False   [] [W]
   53 0x00001A80 0xFFFFFF87 0x00000008 False   [] [W]
   54 0x00001B00 0xFFFFFF87 0x00000008 False   [] [W]
   55 0x00001B80 0xFFFFFF87 0x00000008 False   [] [W]
   56 0x00001C00 0xFFFFFF87 0x00000008 False   [] [W]
   57 0x00001C80 0xFFFFFF87 0x00000008 False   [] [W]
   58 0x00001D00 0xFFFFFF87 0x00000008 False   [] [W]
   59 0x00000001 0xFFFFFF87 0x00000008 False   [] [W]
   60 0x00000081 0xFFFFFF87 0x00000008 False   [] [W]
   61 0x00000101 0xFFFFFF87 0x00000008 False   [] [W]
   62 0x00000181 0xFFFFFF87 0x00000008 False   [] [W]
   63 0x00000201 0xFFFFFF87 0x00000008 False   [] [W]
   64 0x00000281 0xFFFFFF87 0x00000008 False   [] [W]
   65 0x00000301 0xFFFFFF87 0x00000008 False   [] [W]
   66 0x00000381 0xFFFFFF87 0x00000008 False   [] [W]
   67 0x00000401 0xFFFFFF87 0x00000008 False   [] [W]
   68 0x00000481 0xFFFFFF87 0x00000008 False   [] [W]
   69 0x00000501 0xFFFFFF87 0x00000008 False   [] [W]
   70 0x00000581 0xFFFFFF87 0x00000008 False   [] [W]
   71 0x00000601 0xFFFFFF87 0x00000008 False   [] [W]
   72 0x00000681 0xFFFFFF87 0x00000008 False   [] [W]
   73 0x00000701 0xFFFFFF87 0x00000008 False   [] [W]
   74 0x00000781 0xFFFFFF87 0x00000008 False   [] [W]
   75 0x00000801 0xFFFFFF87 0x00000008 False   [] [W]
   76 0x00000881 0xFFFFFF87 0x00000008 False   [] [W]
   77 0x00000901 0xFFFFFF87 0x00000008 False   [] [W]
   78 0x00000981 0xFFFFFF87 0x00000008 False   [] [W]
   79 0x00000A01 0xFFFFFF87 0x00000008 False   [] [W]
   80 0x00000A81 0xFFFFFF87 0x00000008 False   [] [W]
   81 0x00000B01 0xFFFFFF87 0x00000008 False   [] [W]
   82 0x00000B81 0xFFFFFF87 0x00000008 False   [] [W]
   83 0x00000C01 0xFFFFFF87 0x00000008 False   [] [W]
   84 0x00000C81 0xFFFFFF87 0x00000008 False   [] [W]
   85 0x00000D01 0xFFFFFF87 0x00000008 False   [] [W]
   86 0x00000D81 0xFFFFFF87 0x00000008 False   [] [W]
   87 0x00000E01 0xFFFFFF87 0x00000008 False   [] [W]
   88 0x00000E81 0xFFFFFF87 0x00000008 False   [] [W]
   89 0x00000F01 0xFFFFFF87 0x00000008 False   [] [W]
   90 0x00000F81 0xFFFFFF87 0x00000008 False   [] [W]
   91 0x00001001 0xFFFFFF87 0x00000008 False   [] [W]
   92 0x00001081 0xFFFFFF87 0x00000008 False   [] [W]
   93 0x00001101 0xFFFFFF87 0x00000008 False   [] [W]
   94 0x00001181 0xFFFFFF87 0x00000008 False   [] [W]
   95 0x00001201 0xFFFFFF87 0x00000008 False   [] [W]
   96 0x00001281 0xFFFFFF87 0x00000008 False   [] [W]
   97 0x00001301 0xFFFFFF87 0x00000008 False   [] [W]
   98 0x00001381 0xFFFFFF87 0x00000008 False   [] [W]
   99 0x00001401 0xFFFFFF87 0x00000008 False   [] [W]
  100 0x00001481 0xFFFFFF87 0x00000008 False   [] [W]
  101 0x00001501 0xFFFFFF87 0x00000008 False   [] [W]
  102 0x00001581 0xFFFFFF87 0x00000008 False   [] [W]
  103 0x00001601 0xFFFFFF87 0x00000008 False   [] [W]
  104 0x00001681 0xFFFFFF87 0x00000008 False   [] [W]
  105 0x00001701 0xFFFFFF87 0x00000008 False   [] [W]
  106 0x00001781 0xFFFFFF87 0x00000008 False   [] [W]
  107 0x00001801 0xFFFFFF87 0x00000008 False   [] [W]
  108 0x00001881 0xFFFFFF87 0x00000008 False   [] [W]
  109 0x00001901 0xFFFFFF87 0x00000008 False   [] [W]
  110 0x00001981 0xFFFFFF87 0x00000008 False   [] [W]
  111 0x00001A01 0xFFFFFF87 0x00000008 False   [] [W]
  112 0x00001A81 0xFFFFFF87 0x00000008 False   [] [W]
  113 0x00001B01 0xFFFFFF87 0x00000008 False   [] [W]
  114 0x00001B81 0xFFFFFF87 0x00000008 False   [] [W]
  115 0x00001C01 0xFFFFFF87 0x00000008 False   [] [W]
  116 0x00001C81 0xFFFFFF87 0x00000008 False   [] [W]
  117 0x00001D01 0xFFFFFF87 0x00000008 False   [] [W]
  118 0x00000002 0xFFFFFF87 0x00000008 False   [] [W]
  119 0x00000082 0xFFFFFF87 0x00000008 False   [] [W]
  120 0x00000102 0xFFFFFF87 0x00000008 False   [] [W]
  121 0x00000182 0xFFFFFF87 0x00000008 False   [] [W]
  122 0x00000202 0xFFFFFF87 0x00000008 False   [] [W]
  123 0x00000282 0xFFFFFF87 0x00000008 False   [] [W]
  124 0x00000302 0xFFFFFF87 0x00000008 False   [] [W]
  125 0x00000382 0xFFFFFF87 0x00000008 False   [] [W]
  126 0x00000402 0xFFFFFF87 0x00000008 False   [] [W]
  127 0x00000482 0xFFFFFF87 0x00000008 False   [] [W]
  128 0x00000502 0xFFFFFF87 0x00000008 False   [] [W]
  129 0x00000582 0xFFFFFF87 0x00000008 False   [] [W]
  130 0x00000602 0xFFFFFF87 0x00000008 False   [] [W]
  131 0x00000682 0xFFFFFF87 0x00000008 False   [] [W]
  132 0x00000702 0xFFFFFF87 0x00000008 False   [] [W]
  133 0x00000782 0xFFFFFF87 0x00000008 False   [] [W]
  134 0x00000802 0xFFFFFF87 0x00000008 False   [] [W]
  135 0x00000882 0xFFFFFF87 0x00000008 False   [] [W]
  136 0x00000902 0xFFFFFF87 0x00000008 False   [] [W]
  137 0x00000982 0xFFFFFF87 0x00000008 False   [] [W]
  138 0x00000A02 0xFFFFFF87 0x00000008 False   [] [W]
  139 0x00000A82 0xFFFFFF87 0x00000008 False   [] [W]
  140 0x00000B02 0xFFFFFF87 0x00000008 False   [] [W]
  141 0x00000B82 0xFFFFFF87 0x00000008 False   [] [W]
  142 0x00000C02 0xFFFFFF87 0x00000008 False   [] [W]
  143 0x00000C82 0xFFFFFF87 0x00000008 False   [] [W]
  144 0x00000D02 0xFFFFFF87 0x00000008 False   [] [W]
  145 0x00000D82 0xFFFFFF87 0x00000008 False   [] [W]
  146 0x00000E02 0xFFFFFF87 0x00000008 False   [] [W]
  147 0x00000E82 0xFFFFFF87 0x00000008 False   [] [W]
  148 0x00000F02 0xFFFFFF87 0x00000008 False   [] [W]
  149 0x00000F82 0xFFFFFF87 0x00000008 False   [] [W]
  150 0x00001002 0xFFFFFF87 0x00000008 False   [] [W]
  151 0x00001082 0xFFFFFF87 0x00000008 False   [] [W]
  152 0x00001102 0xFFFFFF87 0x00000008 False   [] [W]
  153 0x00001182 0xFFFFFF87 0x00000008 False   [] [W]
  154 0x00001202 0xFFFFFF87 0x00000008 False   [] [W]
  155 0x00001282 0xFFFFFF87 0x00000008 False   [] [W]
  156 0x00001302 0xFFFFFF87 0x00000008 False   [] [W]
  157 0x00001382 0xFFFFFF87 0x00000008 False   [] [W]
  158 0x00001402 0xFFFFFF87 0x00000008 False   [] [W]
  159 0x00001482 0xFFFFFF87 0x00000008 False   [] [W]
  160 0x00001502 0xFFFFFF87 0x00000008 False   [] [W]
  161 0x00001582 0xFFFFFF87 0x00000008 False   [] [W]
  162 0x00001602 0xFFFFFF87 0x00000008 False   [] [W]
  163 0x00001682 0xFFFFFF87 0x00000008 False   [] [W]
  164 0x00001702 0xFFFFFF87 0x00000008 False   [] [W]
  165 0x00001782 0xFFFFFF87 0x00000008 False   [] [W]
  166 0x00001802 0xFFFFFF87 0x00000008 False   [] [W]
  167 0x00001882 0xFFFFFF87 0x00000008 False   [] [W]
  168 0x00001902 0xFFFFFF87 0x00000008 False   [] [W]
  169 0x00001982 0xFFFFFF87 0x00000008 False   [] [W]
  170 0x00001A02 0xFFFFFF87 0x00000008 False   [] [W]
  171 0x00001A82 0xFFFFFF87 0x00000008 False   [] [W]
  172 0x00001B02 0xFFFFFF87 0x00000008 False   [] [W]
  173 0x00001B82 0xFFFFFF87 0x00000008 False   [] [W]
  174 0x00001C02 0xFFFFFF87 0x00000008 False   [] [W]
  175 0x00001C82 0xFFFFFF87 0x00000008 False   [] [W]
  176 0x00001D02 0xFFFFFF87 0x00000008 False   [] [W]
  177 0x00000003 0xFFFFFF87 0x00000008 False   [] [W]
  178 0x00000083 0xFFFFFF87 0x00000008 False   [] [W]
  179 0x00000103 0xFFFFFF87 0x00000008 False   [] [W]
  180 0x00000183 0xFFFFFF87 0x00000008 False   [] [W]
  181 0x00000203 0xFFFFFF87 0x00000008 False   [] [W]
  182 0x00000283 0xFFFFFF87 0x00000008 False   [] [W]
  183 0x00000303 0xFFFFFF87 0x00000008 False   [] [W]
  184 0x00000383 0xFFFFFF87 0x00000008 False   [] [W]
  185 0x00000403 0xFFFFFF87 0x00000008 False   [] [W]
  186 0x00000483 0xFFFFFF87 0x00000008 False   [] [W]
  187 0x00000503 0xFFFFFF87 0x00000008 False   [] [W]
  188 0x00000583 0xFFFFFF87 0x00000008 False   [] [W]
  189 0x00000603 0xFFFFFF87 0x00000008 False   [] [W]
  190 0x00000683 0xFFFFFF87 0x00000008 False   [] [W]
  191 0x00000703 0xFFFFFF87 0x00000008 False   [] [W]
  192 0x00000783 0xFFFFFF87 0x00000008 False   [] [W]
  193 0x00000803 0xFFFFFF87 0x00000008 False   [] [W]
  194 0x00000883 0xFFFFFF87 0x00000008 False   [] [W]
  195 0x00000903 0xFFFFFF87 0x00000008 False   [] [W]
  196 0x00000983 0xFFFFFF87 0x00000008 False   [] [W]
  197 0x00000A03 0xFFFFFF87 0x00000008 False   [] [W]
  198 0x00000A83 0xFFFFFF87 0x00000008 False   [] [W]
  199 0x00000B03 0xFFFFFF87 0x00000008 False   [] [W]
  200 0x00000B83 0xFFFFFF87 0x00000008 False   [] [W]
  201 0x00000C03 0xFFFFFF87 0x00000008 False   [] [W]
  202 0x00000C83 0xFFFFFF87 0x00000008 False   [] [W]
  203 0x00000D03 0xFFFFFF87 0x00000008 False   [] [W]
  204 0x00000D83 0xFFFFFF87 0x00000008 False   [] [W]
  205 0x00000E03 0xFFFFFF87 0x00000008 False   [] [W]
  206 0x00000E83 0xFFFFFF87 0x00000008 False   [] [W]
  207 0x00000F03 0xFFFFFF87 0x00000008 False   [] [W]
  208 0x00000F83 0xFFFFFF87 0x00000008 False   [] [W]
  209 0x00001003 0xFFFFFF87 0x00000008 False   [] [W]
  210 0x00001083 0xFFFFFF87 0x00000008 False   [] [W]
  211 0x00001103 0xFFFFFF87 0x00000008 False   [] [W]
  212 0x00001183 0xFFFFFF87 0x00000008 False   [] [W]
  213 0x00001203 0xFFFFFF87 0x00000008 False   [] [W]
  214 0x00001283 0xFFFFFF87 0x00000008 False   [] [W]
  215 0x00001303 0xFFFFFF87 0x00000008 False   [] [W]
  216 0x00001383 0xFFFFFF87 0x00000008 False   [] [W]
  217 0x00001403 0xFFFFFF87 0x00000008 False   [] [W]
  218 0x00001483 0xFFFFFF87 0x00000008 False   [] [W]
  219 0x00001503 0xFFFFFF87 0x00000008 False   [] [W]
  220 0x00001583 0xFFFFFF87 0x00000008 False   [] [W]
  221 0x00001603 0xFFFFFF87 0x00000008 False   [] [W]
  222 0x00001683 0xFFFFFF87 0x00000008 False   [] [W]
  223 0x00001703 0xFFFFFF87 0x00000008 False   [] [W]
  224 0x00001783 0xFFFFFF87 0x00000008 False   [] [W]
  225 0x00001803 0xFFFFFF87 0x00000008 False   [] [W]
  226 0x00001883 0xFFFFFF87 0x00000008 False   [] [W]
  227 0x00001903 0xFFFFFF87 0x00000008 False   [] [W]
  228 0x00001983 0xFFFFFF87 0x00000008 False   [] [W]
  229 0x00001A03 0xFFFFFF87 0x00000008 False   [] [W]
  230 0x00001A83 0xFFFFFF87 0x00000008 False   [] [W]
  231 0x00001B03 0xFFFFFF87 0x00000008 False   [] [W]
  232 0x00001B83 0xFFFFFF87 0x00000008 False   [] [W]
  233 0x00001C03 0xFFFFFF87 0x00000008 False   [] [W]
  234 0x00001C83 0xFFFFFF87 0x00000008 False   [] [W]
  235 0x00001D03 0xFFFFFF87 0x00000008 False   [] [W]
0 Defaultable entries
