Router contains 18 entries
Index Key        Mask       Route      Default [Cores][Links]
----- ---------- ---------- ---------- ------- --------------
    0 0x00002C00 0xFFFFFC00 0x00000010 False   [] [SW]
    1 0x00000DA0 0xFFFFFFE0 0x00000108 False   [2] [W]
    2 0x00000DC0 0xFFFFFFE0 0x00000208 False   [3] [W]
    3 0x00000DE0 0xFFFFFFE0 0x00000408 False   [4] [W]
    4 0x00000E00 0xFFFFFFE0 0x00000808 False   [5] [W]
    5 0x00000E20 0xFFFFFFE0 0x00001008 False   [6] [W]
    6 0x00000E40 0xFFFFFFE0 0x00002008 False   [7] [W]
    7 0x00000E60 0xFFFFFFE0 0x00004008 False   [8] [W]
    8 0x00000E80 0xFFFFFFE0 0x00008008 False   [9] [W]
    9 0x00000EA0 0xFFFFFFE0 0x00010008 False   [10] [W]
   10 0x00000EC0 0xFFFFFFE0 0x00020008 False   [11] [W]
   11 0x00000EE0 0xFFFFFFE0 0x00040008 False   [12] [W]
   12 0x00000F00 0xFFFFFFE0 0x00080008 False   [13] [W]
   13 0x00000F20 0xFFFFFFE0 0x00100008 False   [14] [W]
   14 0x00000F40 0xFFFFFFE0 0x00200008 False   [15] [W]
   15 0x00000F60 0xFFFFFFE0 0x00400008 False   [16] [W]
   16 0x00000F80 0xFFFFFFE0 0x00800008 False   [17] [W]
   17 0x00000000 0xFFFFF000 0x00000008 False   [] [W]
0 Defaultable entries
