Router contains 52 entries
Index Key        Mask       Route      Default [Cores][Links]
----- ---------- ---------- ---------- ------- --------------
    0 0x000001C6 0xFFFFFFE7 0x0000010F False   [2] [E, NE, N, W]
    1 0x000001C7 0xFFFFFFE7 0x00000107 False   [2] [E, NE, N]
    2 0x000001E6 0xFFFFFFE7 0x0000020F False   [3] [E, NE, N, W]
    3 0x000001E7 0xFFFFFFE7 0x00000207 False   [3] [E, NE, N]
    4 0x00000206 0xFFFFFFE7 0x0000040F False   [4] [E, NE, N, W]
    5 0x00000207 0xFFFFFFE7 0x00000407 False   [4] [E, NE, N]
    6 0x00000226 0xFFFFFFE7 0x0000080F False   [5] [E, NE, N, W]
    7 0x00000227 0xFFFFFFE7 0x00000807 False   [5] [E, NE, N]
    8 0x00000246 0xFFFFFFE7 0x0000100F False   [6] [E, NE, N, W]
    9 0x00000247 0xFFFFFFE7 0x00001007 False   [6] [E, NE, N]
   10 0x00000266 0xFFFFFFE7 0x0000200F False   [7] [E, NE, N, W]
   11 0x00000267 0xFFFFFFE7 0x00002007 False   [7] [E, NE, N]
   12 0x00000286 0xFFFFFFE7 0x0000400F False   [8] [E, NE, N, W]
   13 0x00000287 0xFFFFFFE7 0x00004007 False   [8] [E, NE, N]
   14 0x000002A6 0xFFFFFFE7 0x0000800F False   [9] [E, NE, N, W]
   15 0x000002A7 0xFFFFFFE7 0x00008007 False   [9] [E, NE, N]
   16 0x000002C6 0xFFFFFFE7 0x0001000F False   [10] [E, NE, N, W]
   17 0x000002C7 0xFFFFFFE7 0x00010007 False   [10] [E, NE, N]
   18 0x000002E6 0xFFFFFFE7 0x0002000F False   [11] [E, NE, N, W]
   19 0x000002E7 0xFFFFFFE7 0x00020007 False   [11] [E, NE, N]
   20 0x00000306 0xFFFFFFE7 0x0004000F False   [12] [E, NE, N, W]
   21 0x00000307 0xFFFFFFE7 0x00040007 False   [12] [E, NE, N]
   22 0x00000326 0xFFFFFFE7 0x0008000F False   [13] [E, NE, N, W]
   23 0x00000327 0xFFFFFFE7 0x00080007 False   [13] [E, NE, N]
   24 0x00000346 0xFFFFFFE7 0x0010000F False   [14] [E, NE, N, W]
   25 0x00000347 0xFFFFFFE7 0x00100007 False   [14] [E, NE, N]
   26 0x00000366 0xFFFFFFE7 0x0020000F False   [15] [E, NE, N, W]
   27 0x00000367 0xFFFFFFE7 0x00200007 False   [15] [E, NE, N]
   28 0x00000386 0xFFFFFFE7 0x0040000F False   [16] [E, NE, N, W]
   29 0x00000387 0xFFFFFFE7 0x00400007 False   [16] [E, NE, N]
   30 0x000003A6 0xFFFFFFE7 0x0080000F False   [17] [E, NE, N, W]
   31 0x000003A7 0xFFFFFFE7 0x00800007 False   [17] [E, NE, N]
   32 0x000001C0 0xFFFFFFE0 0x0000010E False   [2] [NE, N, W]
   33 0x000001E0 0xFFFFFFE0 0x0000020E False   [3] [NE, N, W]
   34 0x00000200 0xFFFFFFE0 0x0000040E False   [4] [NE, N, W]
   35 0x00000220 0xFFFFFFE0 0x0000080E False   [5] [NE, N, W]
   36 0x00000240 0xFFFFFFE0 0x0000100E False   [6] [NE, N, W]
   37 0x00000260 0xFFFFFFE0 0x0000200E False   [7] [NE, N, W]
   38 0x00000280 0xFFFFFFE0 0x0000400E False   [8] [NE, N, W]
   39 0x000002A0 0xFFFFFFE0 0x0000800E False   [9] [NE, N, W]
   40 0x000002C0 0xFFFFFFE0 0x0001000E False   [10] [NE, N, W]
   41 0x000002E0 0xFFFFFFE0 0x0002000E False   [11] [NE, N, W]
   42 0x00000300 0xFFFFFFE0 0x0004000E False   [12] [NE, N, W]
   43 0x00000320 0xFFFFFFE0 0x0008000E False   [13] [NE, N, W]
   44 0x00000340 0xFFFFFFE0 0x0010000E False   [14] [NE, N, W]
   45 0x00000360 0xFFFFFFE0 0x0020000E False   [15] [NE, N, W]
   46 0x00000380 0xFFFFFFE0 0x0040000E False   [16] [NE, N, W]
   47 0x000003A0 0xFFFFFFE0 0x0080000E False   [17] [NE, N, W]
   48 0x00002000 0xFFFFF000 0x00000008 False   [] [W]
   49 0x00000006 0xFFFFF007 0x0000000F False   [] [E, NE, N, W]
   50 0x00000007 0xFFFFF007 0x00000007 False   [] [E, NE, N]
   51 0x00000000 0xFFFFF000 0x0000000E False   [] [NE, N, W]
0 Defaultable entries
