Router contains 35 entries
Index Key        Mask       Route      Default [Cores][Links]
----- ---------- ---------- ---------- ------- --------------
    0 0x00003AE0 0xFFFFFFE6 0x0000011C False   [2] [N, W, SW]
    1 0x00003B00 0xFFFFFFE6 0x0000021C False   [3] [N, W, SW]
    2 0x00003B20 0xFFFFFFE6 0x0000041C False   [4] [N, W, SW]
    3 0x00003B40 0xFFFFFFE6 0x0000081C False   [5] [N, W, SW]
    4 0x00003B60 0xFFFFFFE6 0x0000101C False   [6] [N, W, SW]
    5 0x00003B80 0xFFFFFFE6 0x0000201C False   [7] [N, W, SW]
    6 0x00003BA0 0xFFFFFFE6 0x0000401C False   [8] [N, W, SW]
    7 0x00003BC0 0xFFFFFFE6 0x0000801C False   [9] [N, W, SW]
    8 0x00003BE0 0xFFFFFFE6 0x0001001C False   [10] [N, W, SW]
    9 0x00003C00 0xFFFFFFE6 0x0002001C False   [11] [N, W, SW]
   10 0x00003C20 0xFFFFFFE6 0x0004001C False   [12] [N, W, SW]
   11 0x00003C40 0xFFFFFFE6 0x0008001C False   [13] [N, W, SW]
   12 0x00003C60 0xFFFFFFE6 0x0010001C False   [14] [N, W, SW]
   13 0x00003C80 0xFFFFFFE6 0x0020001C False   [15] [N, W, SW]
   14 0x00003CA0 0xFFFFFFE6 0x0040001C False   [16] [N, W, SW]
   15 0x00003CC0 0xFFFFFFE6 0x0080001C False   [17] [N, W, SW]
   16 0x0000B800 0xFFFFF800 0x00000008 False   [] [W]
   17 0x00003AE0 0xFFFFFFE0 0x0000010C False   [2] [N, W]
   18 0x00003B00 0xFFFFFFE0 0x0000020C False   [3] [N, W]
   19 0x00003B20 0xFFFFFFE0 0x0000040C False   [4] [N, W]
   20 0x00003B40 0xFFFFFFE0 0x0000080C False   [5] [N, W]
   21 0x00003B60 0xFFFFFFE0 0x0000100C False   [6] [N, W]
   22 0x00003B80 0xFFFFFFE0 0x0000200C False   [7] [N, W]
   23 0x00003BA0 0xFFFFFFE0 0x0000400C False   [8] [N, W]
   24 0x00003BC0 0xFFFFFFE0 0x0000800C False   [9] [N, W]
   25 0x00003BE0 0xFFFFFFE0 0x0001000C False   [10] [N, W]
   26 0x00003C00 0xFFFFFFE0 0x0002000C False   [11] [N, W]
   27 0x00003C20 0xFFFFFFE0 0x0004000C False   [12] [N, W]
   28 0x00003C40 0xFFFFFFE0 0x0008000C False   [13] [N, W]
   29 0x00003C60 0xFFFFFFE0 0x0010000C False   [14] [N, W]
   30 0x00003C80 0xFFFFFFE0 0x0020000C False   [15] [N, W]
   31 0x00003CA0 0xFFFFFFE0 0x0040000C False   [16] [N, W]
   32 0x00003CC0 0xFFFFFFE0 0x0080000C False   [17] [N, W]
   33 0x00000000 0xFFFFC006 0x0000001C False   [] [N, W, SW]
   34 0x00000000 0xFFFFC000 0x0000000C False   [] [N, W]
0 Defaultable entries
