Router contains 31 entries
Index Key        Mask       Route      Default [Cores][Links]
----- ---------- ---------- ---------- ------- --------------
    0 0x00000007 0xFFFFFFE7 0x00000401 False   [4] [E]
    1 0x00000027 0xFFFFFFE7 0x00000801 False   [5] [E]
    2 0x00000047 0xFFFFFFE7 0x00001001 False   [6] [E]
    3 0x00000067 0xFFFFFFE7 0x00002001 False   [7] [E]
    4 0x00000087 0xFFFFFFE7 0x00004001 False   [8] [E]
    5 0x000000A7 0xFFFFFFE7 0x00008001 False   [9] [E]
    6 0x000000C7 0xFFFFFFE7 0x00010001 False   [10] [E]
    7 0x000000E7 0xFFFFFFE7 0x00020001 False   [11] [E]
    8 0x00000107 0xFFFFFFE7 0x00040001 False   [12] [E]
    9 0x00000127 0xFFFFFFE7 0x00080001 False   [13] [E]
   10 0x00000147 0xFFFFFFE7 0x00100001 False   [14] [E]
   11 0x00000167 0xFFFFFFE7 0x00200001 False   [15] [E]
   12 0x00000187 0xFFFFFFE7 0x00400001 False   [16] [E]
   13 0x000001A7 0xFFFFFFE7 0x00800001 False   [17] [E]
   14 0x00000000 0xFFFFFFE0 0x00000400 False   [4] []
   15 0x00000020 0xFFFFFFE0 0x00000800 False   [5] []
   16 0x00000040 0xFFFFFFE0 0x00001000 False   [6] []
   17 0x00000060 0xFFFFFFE0 0x00002000 False   [7] []
   18 0x00000080 0xFFFFFFE0 0x00004000 False   [8] []
   19 0x000000A0 0xFFFFFFE0 0x00008000 False   [9] []
   20 0x000000C0 0xFFFFFFE0 0x00010000 False   [10] []
   21 0x000000E0 0xFFFFFFE0 0x00020000 False   [11] []
   22 0x00000100 0xFFFFFFE0 0x00040000 False   [12] []
   23 0x00000120 0xFFFFFFE0 0x00080000 False   [13] []
   24 0x00000140 0xFFFFFFE0 0x00100000 False   [14] []
   25 0x00000160 0xFFFFFFE0 0x00200000 False   [15] []
   26 0x00000180 0xFFFFFFE0 0x00400000 False   [16] []
   27 0x000001A0 0xFFFFFFE0 0x00800000 False   [17] []
   28 0x00008000 0x00008000 0x00000020 False   [] [S]
   29 0x00000007 0xFFFFC007 0x00000001 False   [] [E]
   30 0x00000000 0xFFFFC000 0x00000000 False   [] []
0 Defaultable entries
