Router contains 512 entries
Index Key        Mask       Route      Default [Cores][Links]
----- ---------- ---------- ---------- ------- --------------
    0 0x00000000 0xFFFFFFE7 0x00000010 False   [] [SW]
    1 0x00000020 0xFFFFFFE7 0x00000010 False   [] [SW]
    2 0x00000040 0xFFFFFFE7 0x00000010 False   [] [SW]
    3 0x00000060 0xFFFFFFE7 0x00000010 False   [] [SW]
    4 0x00000080 0xFFFFFFE7 0x00000010 False   [] [SW]
    5 0x000000A0 0xFFFFFFE7 0x00000010 False   [] [SW]
    6 0x000000C0 0xFFFFFFE7 0x00000010 False   [] [SW]
    7 0x000000E0 0xFFFFFFE7 0x00000010 False   [] [SW]
    8 0x00000100 0xFFFFFFE7 0x00000010 False   [] [SW]
    9 0x00000120 0xFFFFFFE7 0x00000010 False   [] [SW]
   10 0x00000140 0xFFFFFFE7 0x00000010 False   [] [SW]
   11 0x00000160 0xFFFFFFE7 0x00000010 False   [] [SW]
   12 0x00000180 0xFFFFFFE7 0x00000010 False   [] [SW]
   13 0x000001A0 0xFFFFFFE7 0x00000010 False   [] [SW]
   14 0x000001C0 0xFFFFFFE7 0x00000010 False   [] [SW]
   15 0x000001E0 0xFFFFFFE7 0x00000010 False   [] [SW]
   16 0x00000200 0xFFFFFFE7 0x00000010 False   [] [SW]
   17 0x00000220 0xFFFFFFE7 0x00000010 False   [] [SW]
   18 0x00000240 0xFFFFFFE7 0x00000010 False   [] [SW]
   19 0x00000260 0xFFFFFFE7 0x00000010 False   [] [SW]
   20 0x00000280 0xFFFFFFE7 0x00000010 False   [] [SW]
   21 0x000002A0 0xFFFFFFE7 0x00000010 False   [] [SW]
   22 0x000002C0 0xFFFFFFE7 0x00000010 False   [] [SW]
   23 0x000002E0 0xFFFFFFE7 0x00000010 False   [] [SW]
   24 0x00000300 0xFFFFFFE7 0x00000010 False   [] [SW]
   25 0x00000320 0xFFFFFFE7 0x00000010 False   [] [SW]
   26 0x00000340 0xFFFFFFE7 0x00000010 False   [] [SW]
   27 0x00000360 0xFFFFFFE7 0x00000010 False   [] [SW]
   28 0x00000380 0xFFFFFFE7 0x00000010 False   [] [SW]
   29 0x000003A0 0xFFFFFFE7 0x00000010 False   [] [SW]
   30 0x000003C0 0xFFFFFFE7 0x00000010 False   [] [SW]
   31 0x000003E0 0xFFFFFFE7 0x00000010 False   [] [SW]
   32 0x00000400 0xFFFFFFE7 0x00000010 False   [] [SW]
   33 0x00000420 0xFFFFFFE7 0x00000010 False   [] [SW]
   34 0x00000440 0xFFFFFFE7 0x00000010 False   [] [SW]
   35 0x00000460 0xFFFFFFE7 0x00000010 False   [] [SW]
   36 0x00000480 0xFFFFFFE7 0x00000010 False   [] [SW]
   37 0x000004A0 0xFFFFFFE7 0x00000010 False   [] [SW]
   38 0x000004C0 0xFFFFFFE7 0x00000010 False   [] [SW]
   39 0x000004E0 0xFFFFFFE7 0x00000010 False   [] [SW]
   40 0x00000500 0xFFFFFFE7 0x00000010 False   [] [SW]
   41 0x00000520 0xFFFFFFE7 0x00000010 False   [] [SW]
   42 0x00000540 0xFFFFFFE7 0x00000010 False   [] [SW]
   43 0x00000560 0xFFFFFFE7 0x00000010 False   [] [SW]
   44 0x00000580 0xFFFFFFE7 0x00000010 False   [] [SW]
   45 0x000005A0 0xFFFFFFE7 0x00000010 False   [] [SW]
   46 0x000005C0 0xFFFFFFE7 0x00000010 False   [] [SW]
   47 0x000005E0 0xFFFFFFE7 0x00000010 False   [] [SW]
   48 0x00000600 0xFFFFFFE7 0x00000010 False   [] [SW]
   49 0x00000620 0xFFFFFFE7 0x00000010 False   [] [SW]
   50 0x00000640 0xFFFFFFE7 0x00000010 False   [] [SW]
   51 0x00000660 0xFFFFFFE7 0x00000010 False   [] [SW]
   52 0x00000680 0xFFFFFFE7 0x00000010 False   [] [SW]
   53 0x000006A0 0xFFFFFFE7 0x00000010 False   [] [SW]
   54 0x000006C0 0xFFFFFFE7 0x00000010 False   [] [SW]
   55 0x000006E0 0xFFFFFFE7 0x00000010 False   [] [SW]
   56 0x00000700 0xFFFFFFE7 0x00000010 False   [] [SW]
   57 0x00000720 0xFFFFFFE7 0x00000010 False   [] [SW]
   58 0x00000740 0xFFFFFFE7 0x00000010 False   [] [SW]
   59 0x00000760 0xFFFFFFE7 0x00000010 False   [] [SW]
   60 0x00000780 0xFFFFFFE7 0x00000010 False   [] [SW]
   61 0x000007A0 0xFFFFFFE7 0x00000010 False   [] [SW]
   62 0x000007C0 0xFFFFFFE7 0x00000010 False   [] [SW]
   63 0x000007E0 0xFFFFFFE7 0x00000010 False   [] [SW]
   64 0x00000800 0xFFFFFFE7 0x00000010 False   [] [SW]
   65 0x00000820 0xFFFFFFE7 0x00000010 False   [] [SW]
   66 0x00000840 0xFFFFFFE7 0x00000010 False   [] [SW]
   67 0x00000860 0xFFFFFFE7 0x00000010 False   [] [SW]
   68 0x00000880 0xFFFFFFE7 0x00000010 False   [] [SW]
   69 0x000008A0 0xFFFFFFE7 0x00000010 False   [] [SW]
   70 0x000008C0 0xFFFFFFE7 0x00000010 False   [] [SW]
   71 0x000008E0 0xFFFFFFE7 0x00000010 False   [] [SW]
   72 0x00000900 0xFFFFFFE7 0x00000010 False   [] [SW]
   73 0x00000920 0xFFFFFFE7 0x00000010 False   [] [SW]
   74 0x00000940 0xFFFFFFE7 0x00000010 False   [] [SW]
   75 0x00000960 0xFFFFFFE7 0x00000010 False   [] [SW]
   76 0x00000980 0xFFFFFFE7 0x00000010 False   [] [SW]
   77 0x000009A0 0xFFFFFFE7 0x00000010 False   [] [SW]
   78 0x000009C0 0xFFFFFFE7 0x00000010 False   [] [SW]
   79 0x000009E0 0xFFFFFFE7 0x00000010 False   [] [SW]
   80 0x00000A00 0xFFFFFFE7 0x00000010 False   [] [SW]
   81 0x00000A20 0xFFFFFFE7 0x00000010 False   [] [SW]
   82 0x00000A40 0xFFFFFFE7 0x00000010 False   [] [SW]
   83 0x00000A60 0xFFFFFFE7 0x00000010 False   [] [SW]
   84 0x00000A80 0xFFFFFFE7 0x00000010 False   [] [SW]
   85 0x00000AA0 0xFFFFFFE7 0x00000010 False   [] [SW]
   86 0x00000AC0 0xFFFFFFE7 0x00000010 False   [] [SW]
   87 0x00000AE0 0xFFFFFFE7 0x00000010 False   [] [SW]
   88 0x00000B00 0xFFFFFFE7 0x00000010 False   [] [SW]
   89 0x00000B20 0xFFFFFFE7 0x00000010 False   [] [SW]
   90 0x00000B40 0xFFFFFFE7 0x00000010 False   [] [SW]
   91 0x00000B60 0xFFFFFFE7 0x00000010 False   [] [SW]
   92 0x00000B80 0xFFFFFFE7 0x00000010 False   [] [SW]
   93 0x00000BA0 0xFFFFFFE7 0x00000010 False   [] [SW]
   94 0x00000BC0 0xFFFFFFE7 0x00000010 False   [] [SW]
   95 0x00000BE0 0xFFFFFFE7 0x00000010 False   [] [SW]
   96 0x00000C00 0xFFFFFFE7 0x00000010 False   [] [SW]
   97 0x00000C20 0xFFFFFFE7 0x00000010 False   [] [SW]
   98 0x00000C40 0xFFFFFFE7 0x00000010 False   [] [SW]
   99 0x00000C60 0xFFFFFFE7 0x00000010 False   [] [SW]
  100 0x00000C80 0xFFFFFFE7 0x00000010 False   [] [SW]
  101 0x00000CA0 0xFFFFFFE7 0x00000010 False   [] [SW]
  102 0x00000CC0 0xFFFFFFE7 0x00000010 False   [] [SW]
  103 0x00000CE0 0xFFFFFFE7 0x00000010 False   [] [SW]
  104 0x00000D00 0xFFFFFFE7 0x00000010 False   [] [SW]
  105 0x00000D20 0xFFFFFFE7 0x00000010 False   [] [SW]
  106 0x00000D40 0xFFFFFFE7 0x00000010 False   [] [SW]
  107 0x00000D60 0xFFFFFFE7 0x00000010 False   [] [SW]
  108 0x00000D80 0xFFFFFFE7 0x00000010 False   [] [SW]
  109 0x00000DA0 0xFFFFFFE7 0x00000010 False   [] [SW]
  110 0x00000DC0 0xFFFFFFE7 0x00000010 False   [] [SW]
  111 0x00000DE0 0xFFFFFFE7 0x00000010 False   [] [SW]
  112 0x00000E00 0xFFFFFFE7 0x00000010 False   [] [SW]
  113 0x00000E20 0xFFFFFFE7 0x00000010 False   [] [SW]
  114 0x00000E40 0xFFFFFFE7 0x00000010 False   [] [SW]
  115 0x00000E60 0xFFFFFFE7 0x00000010 False   [] [SW]
  116 0x00000E80 0xFFFFFFE7 0x00000010 False   [] [SW]
  117 0x00000EA0 0xFFFFFFE7 0x00000010 False   [] [SW]
  118 0x00000EC0 0xFFFFFFE7 0x00000010 False   [] [SW]
  119 0x00000EE0 0xFFFFFFE7 0x00000010 False   [] [SW]
  120 0x00000F00 0xFFFFFFE7 0x00000010 False   [] [SW]
  121 0x00000F20 0xFFFFFFE7 0x00000010 False   [] [SW]
  122 0x00000F40 0xFFFFFFE7 0x00000010 False   [] [SW]
  123 0x00000F60 0xFFFFFFE7 0x00000010 False   [] [SW]
  124 0x00000F80 0xFFFFFFE7 0x00000010 False   [] [SW]
  125 0x00000FA0 0xFFFFFFE7 0x00000010 False   [] [SW]
  126 0x00000FC0 0xFFFFFFE7 0x00000010 False   [] [SW]
  127 0x00000FE0 0xFFFFFFE7 0x00000010 False   [] [SW]
  128 0x00001000 0xFFFFFFE7 0x00000010 False   [] [SW]
  129 0x00001020 0xFFFFFFE7 0x00000010 False   [] [SW]
  130 0x00001040 0xFFFFFFE7 0x00000010 False   [] [SW]
  131 0x00001060 0xFFFFFFE7 0x00000010 False   [] [SW]
  132 0x00001080 0xFFFFFFE7 0x00000010 False   [] [SW]
  133 0x000010A0 0xFFFFFFE7 0x00000010 False   [] [SW]
  134 0x000010C0 0xFFFFFFE7 0x00000010 False   [] [SW]
  135 0x000010E0 0xFFFFFFE7 0x00000010 False   [] [SW]
  136 0x00001100 0xFFFFFFE7 0x00000010 False   [] [SW]
  137 0x00001120 0xFFFFFFE7 0x00000010 False   [] [SW]
  138 0x00001140 0xFFFFFFE7 0x00000010 False   [] [SW]
  139 0x00001160 0xFFFFFFE7 0x00000010 False   [] [SW]
  140 0x00001180 0xFFFFFFE7 0x00000010 False   [] [SW]
  141 0x000011A0 0xFFFFFFE7 0x00000010 False   [] [SW]
  142 0x000011C0 0xFFFFFFE7 0x00000010 False   [] [SW]
  143 0x000011E0 0xFFFFFFE7 0x00000010 False   [] [SW]
  144 0x00001200 0xFFFFFFE7 0x00000010 False   [] [SW]
  145 0x00001220 0xFFFFFFE7 0x00000010 False   [] [SW]
  146 0x00001240 0xFFFFFFE7 0x00000010 False   [] [SW]
  147 0x00001260 0xFFFFFFE7 0x00000010 False   [] [SW]
  148 0x00001280 0xFFFFFFE7 0x00000010 False   [] [SW]
  149 0x000012A0 0xFFFFFFE7 0x00000010 False   [] [SW]
  150 0x000012C0 0xFFFFFFE7 0x00000010 False   [] [SW]
  151 0x000012E0 0xFFFFFFE7 0x00000010 False   [] [SW]
  152 0x00001300 0xFFFFFFE7 0x00000010 False   [] [SW]
  153 0x00001320 0xFFFFFFE7 0x00000010 False   [] [SW]
  154 0x00001340 0xFFFFFFE7 0x00000010 False   [] [SW]
  155 0x00001360 0xFFFFFFE7 0x00000010 False   [] [SW]
  156 0x00001380 0xFFFFFFE7 0x00000010 False   [] [SW]
  157 0x000013A0 0xFFFFFFE7 0x00000010 False   [] [SW]
  158 0x000013C0 0xFFFFFFE7 0x00000010 False   [] [SW]
  159 0x000013E0 0xFFFFFFE7 0x00000010 False   [] [SW]
  160 0x00001400 0xFFFFFFE7 0x00000010 False   [] [SW]
  161 0x00001420 0xFFFFFFE7 0x00000010 False   [] [SW]
  162 0x00001440 0xFFFFFFE7 0x00000010 False   [] [SW]
  163 0x00001460 0xFFFFFFE7 0x00000010 False   [] [SW]
  164 0x00001480 0xFFFFFFE7 0x00000010 False   [] [SW]
  165 0x000014A0 0xFFFFFFE7 0x00000010 False   [] [SW]
  166 0x000014C0 0xFFFFFFE7 0x00000010 False   [] [SW]
  167 0x000014E0 0xFFFFFFE7 0x00000010 False   [] [SW]
  168 0x00001500 0xFFFFFFE7 0x00000010 False   [] [SW]
  169 0x00001520 0xFFFFFFE7 0x00000010 False   [] [SW]
  170 0x00001540 0xFFFFFFE7 0x00000010 False   [] [SW]
  171 0x00001560 0xFFFFFFE7 0x00000010 False   [] [SW]
  172 0x00001580 0xFFFFFFE7 0x00000010 False   [] [SW]
  173 0x000015A0 0xFFFFFFE7 0x00000010 False   [] [SW]
  174 0x000015C0 0xFFFFFFE7 0x00000010 False   [] [SW]
  175 0x000015E0 0xFFFFFFE7 0x00000010 False   [] [SW]
  176 0x00001600 0xFFFFFFE7 0x00000010 False   [] [SW]
  177 0x00001620 0xFFFFFFE7 0x00000010 False   [] [SW]
  178 0x00001640 0xFFFFFFE7 0x00000010 False   [] [SW]
  179 0x00001660 0xFFFFFFE7 0x00000010 False   [] [SW]
  180 0x00001680 0xFFFFFFE7 0x00000010 False   [] [SW]
  181 0x000016A0 0xFFFFFFE7 0x00000010 False   [] [SW]
  182 0x000016C0 0xFFFFFFE7 0x00000010 False   [] [SW]
  183 0x000016E0 0xFFFFFFE7 0x00000010 False   [] [SW]
  184 0x00001700 0xFFFFFFE7 0x00000010 False   [] [SW]
  185 0x00001720 0xFFFFFFE7 0x00000010 False   [] [SW]
  186 0x00001740 0xFFFFFFE7 0x00000010 False   [] [SW]
  187 0x00001760 0xFFFFFFE7 0x00000010 False   [] [SW]
  188 0x00001780 0xFFFFFFE7 0x00000010 False   [] [SW]
  189 0x000017A0 0xFFFFFFE7 0x00000010 False   [] [SW]
  190 0x000017C0 0xFFFFFFE7 0x00000010 False   [] [SW]
  191 0x000017E0 0xFFFFFFE7 0x00000010 False   [] [SW]
  192 0x00001800 0xFFFFFFE7 0x00000010 False   [] [SW]
  193 0x00001820 0xFFFFFFE7 0x00000010 False   [] [SW]
  194 0x00001840 0xFFFFFFE7 0x00000010 False   [] [SW]
  195 0x00001860 0xFFFFFFE7 0x00000010 False   [] [SW]
  196 0x00001880 0xFFFFFFE7 0x00000010 False   [] [SW]
  197 0x000018A0 0xFFFFFFE7 0x00000010 False   [] [SW]
  198 0x000018C0 0xFFFFFFE7 0x00000010 False   [] [SW]
  199 0x000018E0 0xFFFFFFE7 0x00000010 False   [] [SW]
  200 0x00001900 0xFFFFFFE7 0x00000010 False   [] [SW]
  201 0x00001920 0xFFFFFFE7 0x00000010 False   [] [SW]
  202 0x00001940 0xFFFFFFE7 0x00000010 False   [] [SW]
  203 0x00001960 0xFFFFFFE7 0x00000010 False   [] [SW]
  204 0x00001980 0xFFFFFFE7 0x00000010 False   [] [SW]
  205 0x000019A0 0xFFFFFFE7 0x00000010 False   [] [SW]
  206 0x000019C0 0xFFFFFFE7 0x00000010 False   [] [SW]
  207 0x000019E0 0xFFFFFFE7 0x00000010 False   [] [SW]
  208 0x00001A00 0xFFFFFFE7 0x00000010 False   [] [SW]
  209 0x00001A20 0xFFFFFFE7 0x00000010 False   [] [SW]
  210 0x00001A40 0xFFFFFFE7 0x00000010 False   [] [SW]
  211 0x00001A60 0xFFFFFFE7 0x00000010 False   [] [SW]
  212 0x00001A80 0xFFFFFFE7 0x00000010 False   [] [SW]
  213 0x00001AA0 0xFFFFFFE7 0x00000010 False   [] [SW]
  214 0x00001AC0 0xFFFFFFE7 0x00000010 False   [] [SW]
  215 0x00001AE0 0xFFFFFFE7 0x00000010 False   [] [SW]
  216 0x00001B00 0xFFFFFFE7 0x00000010 False   [] [SW]
  217 0x00001B20 0xFFFFFFE7 0x00000010 False   [] [SW]
  218 0x00001B40 0xFFFFFFE7 0x00000010 False   [] [SW]
  219 0x00001B60 0xFFFFFFE7 0x00000010 False   [] [SW]
  220 0x00001B80 0xFFFFFFE7 0x00000010 False   [] [SW]
  221 0x00001BA0 0xFFFFFFE7 0x00000010 False   [] [SW]
  222 0x00001BC0 0xFFFFFFE7 0x00000010 False   [] [SW]
  223 0x00001BE0 0xFFFFFFE7 0x00000010 False   [] [SW]
  224 0x00001C00 0xFFFFFFE7 0x00000010 False   [] [SW]
  225 0x00001C20 0xFFFFFFE7 0x00000010 False   [] [SW]
  226 0x00001C40 0xFFFFFFE7 0x00000010 False   [] [SW]
  227 0x00001C60 0xFFFFFFE7 0x00000010 False   [] [SW]
  228 0x00001C80 0xFFFFFFE7 0x00000010 False   [] [SW]
  229 0x00001CA0 0xFFFFFFE7 0x00000010 False   [] [SW]
  230 0x00001CC0 0xFFFFFFE7 0x00000010 False   [] [SW]
  231 0x00001CE0 0xFFFFFFE7 0x00000010 False   [] [SW]
  232 0x00001D00 0xFFFFFFE7 0x00000010 False   [] [SW]
  233 0x00001D20 0xFFFFFFE7 0x00000010 False   [] [SW]
  234 0x00001D40 0xFFFFFFE7 0x00000010 False   [] [SW]
  235 0x00001D60 0xFFFFFFE7 0x00000010 False   [] [SW]
  236 0x00001D80 0xFFFFFFE7 0x00000010 False   [] [SW]
  237 0x00001DA0 0xFFFFFFE7 0x00000010 False   [] [SW]
  238 0x00001DC0 0xFFFFFFE7 0x00000010 False   [] [SW]
  239 0x00001DE0 0xFFFFFFE7 0x00000010 False   [] [SW]
  240 0x00001E00 0xFFFFFFE7 0x00000010 False   [] [SW]
  241 0x00001E20 0xFFFFFFE7 0x00000010 False   [] [SW]
  242 0x00001E40 0xFFFFFFE7 0x00000010 False   [] [SW]
  243 0x00001E60 0xFFFFFFE7 0x00000010 False   [] [SW]
  244 0x00001E80 0xFFFFFFE7 0x00000010 False   [] [SW]
  245 0x00001EA0 0xFFFFFFE7 0x00000010 False   [] [SW]
  246 0x00001EC0 0xFFFFFFE7 0x00000010 False   [] [SW]
  247 0x00001EE0 0xFFFFFFE7 0x00000010 False   [] [SW]
  248 0x00001F00 0xFFFFFFE7 0x00000010 False   [] [SW]
  249 0x00001F20 0xFFFFFFE7 0x00000010 False   [] [SW]
  250 0x00001F40 0xFFFFFFE7 0x00000010 False   [] [SW]
  251 0x00001F60 0xFFFFFFE7 0x00000010 False   [] [SW]
  252 0x00001F80 0xFFFFFFE7 0x00000010 False   [] [SW]
  253 0x00001FA0 0xFFFFFFE7 0x00000010 False   [] [SW]
  254 0x00001FC0 0xFFFFFFE7 0x00000010 False   [] [SW]
  255 0x00001FE0 0xFFFFFFE7 0x00000010 False   [] [SW]
  256 0x00002000 0xFFFFFFE7 0x00000010 False   [] [SW]
  257 0x00002020 0xFFFFFFE7 0x00000010 False   [] [SW]
  258 0x00002040 0xFFFFFFE7 0x00000010 False   [] [SW]
  259 0x00002060 0xFFFFFFE7 0x00000010 False   [] [SW]
  260 0x00002080 0xFFFFFFE7 0x00000010 False   [] [SW]
  261 0x000020A0 0xFFFFFFE7 0x00000010 False   [] [SW]
  262 0x000020C0 0xFFFFFFE7 0x00000010 False   [] [SW]
  263 0x000020E0 0xFFFFFFE7 0x00000010 False   [] [SW]
  264 0x00002100 0xFFFFFFE7 0x00000010 False   [] [SW]
  265 0x00002120 0xFFFFFFE7 0x00000010 False   [] [SW]
  266 0x00002140 0xFFFFFFE7 0x00000010 False   [] [SW]
  267 0x00002160 0xFFFFFFE7 0x00000010 False   [] [SW]
  268 0x00002180 0xFFFFFFE7 0x00000010 False   [] [SW]
  269 0x000021A0 0xFFFFFFE7 0x00000010 False   [] [SW]
  270 0x000021C0 0xFFFFFFE7 0x00000010 False   [] [SW]
  271 0x000021E0 0xFFFFFFE7 0x00000010 False   [] [SW]
  272 0x00002200 0xFFFFFFE7 0x00000010 False   [] [SW]
  273 0x00002220 0xFFFFFFE7 0x00000010 False   [] [SW]
  274 0x00002240 0xFFFFFFE7 0x00000010 False   [] [SW]
  275 0x00002260 0xFFFFFFE7 0x00000010 False   [] [SW]
  276 0x00002280 0xFFFFFFE7 0x00000010 False   [] [SW]
  277 0x000022A0 0xFFFFFFE7 0x00000010 False   [] [SW]
  278 0x000022C0 0xFFFFFFE7 0x00000010 False   [] [SW]
  279 0x000022E0 0xFFFFFFE7 0x00000010 False   [] [SW]
  280 0x00002300 0xFFFFFFE7 0x00000010 False   [] [SW]
  281 0x00002320 0xFFFFFFE7 0x00000010 False   [] [SW]
  282 0x00002340 0xFFFFFFE7 0x00000010 False   [] [SW]
  283 0x00002360 0xFFFFFFE7 0x00000010 False   [] [SW]
  284 0x00002380 0xFFFFFFE7 0x00000010 False   [] [SW]
  285 0x000023A0 0xFFFFFFE7 0x00000010 False   [] [SW]
  286 0x000023C0 0xFFFFFFE7 0x00000010 False   [] [SW]
  287 0x000023E0 0xFFFFFFE7 0x00000010 False   [] [SW]
  288 0x00002400 0xFFFFFFE7 0x00000010 False   [] [SW]
  289 0x00002420 0xFFFFFFE7 0x00000010 False   [] [SW]
  290 0x00002440 0xFFFFFFE7 0x00000010 False   [] [SW]
  291 0x00002460 0xFFFFFFE7 0x00000010 False   [] [SW]
  292 0x00002480 0xFFFFFFE7 0x00000010 False   [] [SW]
  293 0x000024A0 0xFFFFFFE7 0x00000010 False   [] [SW]
  294 0x000024C0 0xFFFFFFE7 0x00000010 False   [] [SW]
  295 0x000024E0 0xFFFFFFE7 0x00000010 False   [] [SW]
  296 0x00002500 0xFFFFFFE7 0x00000010 False   [] [SW]
  297 0x00002520 0xFFFFFFE7 0x00000010 False   [] [SW]
  298 0x00002540 0xFFFFFFE7 0x00000010 False   [] [SW]
  299 0x00002560 0xFFFFFFE7 0x00000010 False   [] [SW]
  300 0x00002580 0xFFFFFFE7 0x00000010 False   [] [SW]
  301 0x000025A0 0xFFFFFFE7 0x00000010 False   [] [SW]
  302 0x000025C0 0xFFFFFFE7 0x00000010 False   [] [SW]
  303 0x000025E0 0xFFFFFFE7 0x00000010 False   [] [SW]
  304 0x00002600 0xFFFFFFE7 0x00000010 False   [] [SW]
  305 0x00002620 0xFFFFFFE7 0x00000010 False   [] [SW]
  306 0x00002640 0xFFFFFFE7 0x00000010 False   [] [SW]
  307 0x00002660 0xFFFFFFE7 0x00000010 False   [] [SW]
  308 0x00002680 0xFFFFFFE7 0x00000010 False   [] [SW]
  309 0x000026A0 0xFFFFFFE7 0x00000010 False   [] [SW]
  310 0x000026C0 0xFFFFFFE7 0x00000010 False   [] [SW]
  311 0x000026E0 0xFFFFFFE7 0x00000010 False   [] [SW]
  312 0x00002700 0xFFFFFFE7 0x00000010 False   [] [SW]
  313 0x00002720 0xFFFFFFE7 0x00000010 False   [] [SW]
  314 0x00002740 0xFFFFFFE7 0x00000010 False   [] [SW]
  315 0x00002760 0xFFFFFFE7 0x00000010 False   [] [SW]
  316 0x00002780 0xFFFFFFE7 0x00000010 False   [] [SW]
  317 0x000027A0 0xFFFFFFE7 0x00000010 False   [] [SW]
  318 0x000027C0 0xFFFFFFE7 0x00000010 False   [] [SW]
  319 0x000027E0 0xFFFFFFE7 0x00000010 False   [] [SW]
  320 0x00002800 0xFFFFFFE7 0x00000010 False   [] [SW]
  321 0x00002820 0xFFFFFFE7 0x00000010 False   [] [SW]
  322 0x00002840 0xFFFFFFE7 0x00000010 False   [] [SW]
  323 0x00002860 0xFFFFFFE7 0x00000010 False   [] [SW]
  324 0x00002880 0xFFFFFFE7 0x00000010 False   [] [SW]
  325 0x000028A0 0xFFFFFFE7 0x00000010 False   [] [SW]
  326 0x000028C0 0xFFFFFFE7 0x00000010 False   [] [SW]
  327 0x000028E0 0xFFFFFFE7 0x00000010 False   [] [SW]
  328 0x00002900 0xFFFFFFE7 0x00000010 False   [] [SW]
  329 0x00002920 0xFFFFFFE7 0x00000010 False   [] [SW]
  330 0x00002940 0xFFFFFFE7 0x00000010 False   [] [SW]
  331 0x00002960 0xFFFFFFE7 0x00000010 False   [] [SW]
  332 0x00002980 0xFFFFFFE7 0x00000010 False   [] [SW]
  333 0x000029A0 0xFFFFFFE7 0x00000010 False   [] [SW]
  334 0x000029C0 0xFFFFFFE7 0x00000010 False   [] [SW]
  335 0x000029E0 0xFFFFFFE7 0x00000010 False   [] [SW]
  336 0x00002A00 0xFFFFFFE7 0x00000010 False   [] [SW]
  337 0x00002A20 0xFFFFFFE7 0x00000010 False   [] [SW]
  338 0x00002A40 0xFFFFFFE7 0x00000010 False   [] [SW]
  339 0x00002A60 0xFFFFFFE7 0x00000010 False   [] [SW]
  340 0x00002A80 0xFFFFFFE7 0x00000010 False   [] [SW]
  341 0x00002AA0 0xFFFFFFE7 0x00000010 False   [] [SW]
  342 0x00002AC0 0xFFFFFFE7 0x00000010 False   [] [SW]
  343 0x00002AE0 0xFFFFFFE7 0x00000010 False   [] [SW]
  344 0x00002B00 0xFFFFFFE7 0x00000010 False   [] [SW]
  345 0x00002B20 0xFFFFFFE7 0x00000010 False   [] [SW]
  346 0x00002B40 0xFFFFFFE7 0x00000010 False   [] [SW]
  347 0x00002B60 0xFFFFFFE7 0x00000010 False   [] [SW]
  348 0x00002B80 0xFFFFFFE7 0x00000010 False   [] [SW]
  349 0x00002BA0 0xFFFFFFE7 0x00000010 False   [] [SW]
  350 0x00002BC0 0xFFFFFFE7 0x00000010 False   [] [SW]
  351 0x00002BE0 0xFFFFFFE7 0x00000010 False   [] [SW]
  352 0x00002C00 0xFFFFFFE7 0x00000010 False   [] [SW]
  353 0x00002C20 0xFFFFFFE7 0x00000010 False   [] [SW]
  354 0x00002C40 0xFFFFFFE7 0x00000010 False   [] [SW]
  355 0x00002C60 0xFFFFFFE7 0x00000010 False   [] [SW]
  356 0x00002C80 0xFFFFFFE7 0x00000010 False   [] [SW]
  357 0x00002CA0 0xFFFFFFE7 0x00000010 False   [] [SW]
  358 0x00002CC0 0xFFFFFFE7 0x00000010 False   [] [SW]
  359 0x00002CE0 0xFFFFFFE7 0x00000010 False   [] [SW]
  360 0x00002D00 0xFFFFFFE7 0x00000010 False   [] [SW]
  361 0x00002D20 0xFFFFFFE7 0x00000010 False   [] [SW]
  362 0x00002D40 0xFFFFFFE7 0x00000010 False   [] [SW]
  363 0x00002D60 0xFFFFFFE7 0x00000010 False   [] [SW]
  364 0x00002D80 0xFFFFFFE7 0x00000010 False   [] [SW]
  365 0x00002DA0 0xFFFFFFE7 0x00000010 False   [] [SW]
  366 0x00002DC0 0xFFFFFFE7 0x00000010 False   [] [SW]
  367 0x00002DE0 0xFFFFFFE7 0x00000010 False   [] [SW]
  368 0x00002E00 0xFFFFFFE7 0x00000010 False   [] [SW]
  369 0x00002E20 0xFFFFFFE7 0x00000010 False   [] [SW]
  370 0x00002E40 0xFFFFFFE7 0x00000010 False   [] [SW]
  371 0x00002E60 0xFFFFFFE7 0x00000010 False   [] [SW]
  372 0x00002E80 0xFFFFFFE7 0x00000010 False   [] [SW]
  373 0x00002EA0 0xFFFFFFE7 0x00000010 False   [] [SW]
  374 0x00002EC0 0xFFFFFFE7 0x00000010 False   [] [SW]
  375 0x00002EE0 0xFFFFFFE7 0x00000010 False   [] [SW]
  376 0x00002F00 0xFFFFFFE7 0x00000010 False   [] [SW]
  377 0x00002F20 0xFFFFFFE7 0x00000010 False   [] [SW]
  378 0x00002F40 0xFFFFFFE7 0x00000010 False   [] [SW]
  379 0x00002F60 0xFFFFFFE7 0x00000010 False   [] [SW]
  380 0x00002F80 0xFFFFFFE7 0x00000010 False   [] [SW]
  381 0x00002FA0 0xFFFFFFE7 0x00000010 False   [] [SW]
  382 0x00002FC0 0xFFFFFFE7 0x00000010 False   [] [SW]
  383 0x00002FE0 0xFFFFFFE7 0x00000010 False   [] [SW]
  384 0x00003000 0xFFFFFFE7 0x00000010 False   [] [SW]
  385 0x00003020 0xFFFFFFE7 0x00000010 False   [] [SW]
  386 0x00003040 0xFFFFFFE7 0x00000010 False   [] [SW]
  387 0x00003060 0xFFFFFFE7 0x00000010 False   [] [SW]
  388 0x00003080 0xFFFFFFE7 0x00000010 False   [] [SW]
  389 0x000030A0 0xFFFFFFE7 0x00000010 False   [] [SW]
  390 0x000030C0 0xFFFFFFE7 0x00000010 False   [] [SW]
  391 0x000030E0 0xFFFFFFE7 0x00000010 False   [] [SW]
  392 0x00003100 0xFFFFFFE7 0x00000010 False   [] [SW]
  393 0x00003120 0xFFFFFFE7 0x00000010 False   [] [SW]
  394 0x00003140 0xFFFFFFE7 0x00000010 False   [] [SW]
  395 0x00003160 0xFFFFFFE7 0x00000010 False   [] [SW]
  396 0x00003180 0xFFFFFFE7 0x00000010 False   [] [SW]
  397 0x000031A0 0xFFFFFFE7 0x00000010 False   [] [SW]
  398 0x000031C0 0xFFFFFFE7 0x00000010 False   [] [SW]
  399 0x000031E0 0xFFFFFFE7 0x00000010 False   [] [SW]
  400 0x00003200 0xFFFFFFE7 0x00000010 False   [] [SW]
  401 0x00003220 0xFFFFFFE7 0x00000010 False   [] [SW]
  402 0x00003240 0xFFFFFFE7 0x00000010 False   [] [SW]
  403 0x00003260 0xFFFFFFE7 0x00000010 False   [] [SW]
  404 0x00003280 0xFFFFFFE7 0x00000010 False   [] [SW]
  405 0x000032A0 0xFFFFFFE7 0x00000010 False   [] [SW]
  406 0x000032C0 0xFFFFFFE7 0x00000010 False   [] [SW]
  407 0x000032E0 0xFFFFFFE7 0x00000010 False   [] [SW]
  408 0x00003300 0xFFFFFFE7 0x00000010 False   [] [SW]
  409 0x00003320 0xFFFFFFE7 0x00000010 False   [] [SW]
  410 0x00003340 0xFFFFFFE7 0x00000010 False   [] [SW]
  411 0x00003360 0xFFFFFFE7 0x00000010 False   [] [SW]
  412 0x00003380 0xFFFFFFE7 0x00000010 False   [] [SW]
  413 0x000033A0 0xFFFFFFE7 0x00000010 False   [] [SW]
  414 0x000033C0 0xFFFFFFE7 0x00000010 False   [] [SW]
  415 0x000033E0 0xFFFFFFE7 0x00000010 False   [] [SW]
  416 0x00003400 0xFFFFFFE7 0x00000010 False   [] [SW]
  417 0x00003420 0xFFFFFFE7 0x00000010 False   [] [SW]
  418 0x00003440 0xFFFFFFE7 0x00000010 False   [] [SW]
  419 0x00003460 0xFFFFFFE7 0x00000010 False   [] [SW]
  420 0x00003480 0xFFFFFFE7 0x00000010 False   [] [SW]
  421 0x000034A0 0xFFFFFFE7 0x00000010 False   [] [SW]
  422 0x000034C0 0xFFFFFFE7 0x00000010 False   [] [SW]
  423 0x000034E0 0xFFFFFFE7 0x00000010 False   [] [SW]
  424 0x00003500 0xFFFFFFE7 0x00000010 False   [] [SW]
  425 0x00003520 0xFFFFFFE7 0x00000010 False   [] [SW]
  426 0x00003540 0xFFFFFFE7 0x00000010 False   [] [SW]
  427 0x00003560 0xFFFFFFE7 0x00000010 False   [] [SW]
  428 0x00003580 0xFFFFFFE7 0x00000010 False   [] [SW]
  429 0x000035A0 0xFFFFFFE7 0x00000010 False   [] [SW]
  430 0x000035C0 0xFFFFFFE7 0x00000010 False   [] [SW]
  431 0x000035E0 0xFFFFFFE7 0x00000010 False   [] [SW]
  432 0x00003600 0xFFFFFFE7 0x00000010 False   [] [SW]
  433 0x00003620 0xFFFFFFE7 0x00000010 False   [] [SW]
  434 0x00003640 0xFFFFFFE7 0x00000010 False   [] [SW]
  435 0x00003660 0xFFFFFFE7 0x00000010 False   [] [SW]
  436 0x00003680 0xFFFFFFE7 0x00000010 False   [] [SW]
  437 0x000036A0 0xFFFFFFE7 0x00000010 False   [] [SW]
  438 0x000036C0 0xFFFFFFE7 0x00000010 False   [] [SW]
  439 0x000036E0 0xFFFFFFE7 0x00000010 False   [] [SW]
  440 0x00003700 0xFFFFFFE7 0x00000010 False   [] [SW]
  441 0x00003720 0xFFFFFFE7 0x00000010 False   [] [SW]
  442 0x00003740 0xFFFFFFE7 0x00000010 False   [] [SW]
  443 0x00003760 0xFFFFFFE7 0x00000010 False   [] [SW]
  444 0x00003780 0xFFFFFFE7 0x00000010 False   [] [SW]
  445 0x000037A0 0xFFFFFFE7 0x00000010 False   [] [SW]
  446 0x000037C0 0xFFFFFFE7 0x00000010 False   [] [SW]
  447 0x000037E0 0xFFFFFFE7 0x00000010 False   [] [SW]
  448 0x00003800 0xFFFFFFE7 0x00000010 False   [] [SW]
  449 0x00003820 0xFFFFFFE7 0x00000010 False   [] [SW]
  450 0x00003840 0xFFFFFFE7 0x00000010 False   [] [SW]
  451 0x00003860 0xFFFFFFE7 0x00000010 False   [] [SW]
  452 0x00003880 0xFFFFFFE7 0x00000010 False   [] [SW]
  453 0x000038A0 0xFFFFFFE7 0x00000010 False   [] [SW]
  454 0x000038C0 0xFFFFFFE7 0x00000010 False   [] [SW]
  455 0x000038E0 0xFFFFFFE7 0x00000010 False   [] [SW]
  456 0x00003900 0xFFFFFFE7 0x00000010 False   [] [SW]
  457 0x00003920 0xFFFFFFE7 0x00000010 False   [] [SW]
  458 0x00003940 0xFFFFFFE7 0x00000010 False   [] [SW]
  459 0x00003960 0xFFFFFFE7 0x00000010 False   [] [SW]
  460 0x00003980 0xFFFFFFE7 0x00000010 False   [] [SW]
  461 0x000039A0 0xFFFFFFE7 0x00000010 False   [] [SW]
  462 0x000039C0 0xFFFFFFE7 0x00000010 False   [] [SW]
  463 0x000039E0 0xFFFFFFE7 0x00000010 False   [] [SW]
  464 0x00003A00 0xFFFFFFE7 0x00000010 False   [] [SW]
  465 0x00003A20 0xFFFFFFE7 0x00000010 False   [] [SW]
  466 0x00003A40 0xFFFFFFE7 0x00000010 False   [] [SW]
  467 0x00003A60 0xFFFFFFE7 0x00000010 False   [] [SW]
  468 0x00003A80 0xFFFFFFE7 0x00000010 False   [] [SW]
  469 0x00003AA0 0xFFFFFFE7 0x00000010 False   [] [SW]
  470 0x00003AC0 0xFFFFFFE7 0x00000010 False   [] [SW]
  471 0x00003AE0 0xFFFFFFE7 0x00000010 False   [] [SW]
  472 0x00003B00 0xFFFFFFE7 0x00000010 False   [] [SW]
  473 0x00003B20 0xFFFFFFE7 0x00000010 False   [] [SW]
  474 0x00003B40 0xFFFFFFE7 0x00000010 False   [] [SW]
  475 0x00003B60 0xFFFFFFE7 0x00000010 False   [] [SW]
  476 0x00003B80 0xFFFFFFE7 0x00000010 False   [] [SW]
  477 0x00003BA0 0xFFFFFFE7 0x00000010 False   [] [SW]
  478 0x00003BC0 0xFFFFFFE7 0x00000010 False   [] [SW]
  479 0x00003BE0 0xFFFFFFE7 0x00000010 False   [] [SW]
  480 0x00003C00 0xFFFFFFE7 0x00000010 False   [] [SW]
  481 0x00003C20 0xFFFFFFE7 0x00000010 False   [] [SW]
  482 0x00003C40 0xFFFFFFE7 0x00000010 False   [] [SW]
  483 0x00003C60 0xFFFFFFE7 0x00000010 False   [] [SW]
  484 0x00003C80 0xFFFFFFE7 0x00000010 False   [] [SW]
  485 0x00003CA0 0xFFFFFFE7 0x00000010 False   [] [SW]
  486 0x00003CC0 0xFFFFFFE7 0x00000010 False   [] [SW]
  487 0x00003CE0 0xFFFFFFE7 0x00000010 False   [] [SW]
  488 0x00003D00 0xFFFFFFE7 0x00000010 False   [] [SW]
  489 0x00003D20 0xFFFFFFE7 0x00000010 False   [] [SW]
  490 0x00003D40 0xFFFFFFE7 0x00000010 False   [] [SW]
  491 0x00003D60 0xFFFFFFE7 0x00000010 False   [] [SW]
  492 0x00003D80 0xFFFFFFE7 0x00000010 False   [] [SW]
  493 0x00003DA0 0xFFFFFFE7 0x00000010 False   [] [SW]
  494 0x00003DC0 0xFFFFFFE7 0x00000010 False   [] [SW]
  495 0x00003DE0 0xFFFFFFE7 0x00000010 False   [] [SW]
  496 0x00003E00 0xFFFFFFE7 0x00000010 False   [] [SW]
  497 0x00003E20 0xFFFFFFE7 0x00000010 False   [] [SW]
  498 0x00003E40 0xFFFFFFE7 0x00000010 False   [] [SW]
  499 0x00003E60 0xFFFFFFE7 0x00000010 False   [] [SW]
  500 0x00003E80 0xFFFFFFE7 0x00000010 False   [] [SW]
  501 0x00003EA0 0xFFFFFFE7 0x00000010 False   [] [SW]
  502 0x00003EC0 0xFFFFFFE7 0x00000010 False   [] [SW]
  503 0x00003EE0 0xFFFFFFE7 0x00000010 False   [] [SW]
  504 0x00003F00 0xFFFFFFE7 0x00000010 False   [] [SW]
  505 0x00003F20 0xFFFFFFE7 0x00000010 False   [] [SW]
  506 0x00003F40 0xFFFFFFE7 0x00000010 False   [] [SW]
  507 0x00003F60 0xFFFFFFE7 0x00000010 False   [] [SW]
  508 0x00003F80 0xFFFFFFE7 0x00000010 False   [] [SW]
  509 0x00003FA0 0xFFFFFFE7 0x00000010 False   [] [SW]
  510 0x00003FC0 0xFFFFFFE7 0x00000010 False   [] [SW]
  511 0x00003FE0 0xFFFFFFE7 0x00000010 False   [] [SW]
0 Defaultable entries
