SpYNNakerNeuronGraphNetworkSpecificationReport skipped as cfg Reports:write_network_graph is False
Network Specification report took 0:00:00.000178 
Splitter reset took 0:00:00.000009 
Spynnaker splitter selector took 0:00:00.009826 
DelaySupportAdder took 0:00:00.000203 
SpynnakerSplitterPartitioner took 0:00:00.004761 
SpallocAllocator took 0:00:09.250123 
Machine generator took 0:00:14.197500 
Json machine skipped as cfg Reports:write_json_machine is False
Board chip report took 0:00:00.005428 
Command Sender Adder took 0:00:00.000796 
Split Live Gather Vertices took 0:00:00.000009 
Insert chip power monitors skipped as cfg Reports:write_energy_report is False
Insert extra monitor vertices took 0:00:00.000009 
Partitioner report took 0:00:00.001969 
Local TDMA builder took 0:00:00.000048 
Application Placer took 0:00:00.036233 
Placements wth application graph report took 0:00:00.009882 
Json placements skipped as cfg Reports:write_json_placements is False
System multicast routing generator took 0:00:00.018745 
Fixed route router took 0:00:00.043027 
Application Router took 0:00:00.384367 
Basic tag allocator took 0:00:00.002920 
Tag allocator report took 0:00:00.000223 
Zoned routing info allocator took 0:00:00.092767 
Router info report took 0:00:00.004287 
Merged routing table generator took 0:00:00.280856 
Uncompressed routing table report took 0:00:00.262007 
Router report skipped as cfg Reports:write_router_reports is False
Router summary report skipped as cfg Reports:write_router_summary_report is False
Json routing tables skipped as cfg Reports:write_json_routing_tables is False
Locate executable start type took 0:00:00.002653 
Buffer manager creator took 0:00:00.001458 
SDRAM outgoing partition allocator took 0:00:00.000088 
Write Neo Metadata took 0:00:00.001181 
Record vertex labels to database took 0:00:00.007001 
Routing setup took 0:00:00.037429 
Graph binary gatherer took 0:00:00.012839 
Pair on chip router compression took 0:00:02.583391 
Graph data specification writer took 0:00:00.562697 
Control Sync took 0:00:00.000162 
Load fixed routes took 0:00:00.208157 
Execute system data specification took 0:00:01.669947 
Load executable system Images took 0:00:01.595522 
Tags Loader took 0:00:00.023974 
Host data specification took 0:00:02.561034 
Neuron expander took 0:00:01.434417 
Synapse expander took 0:00:02.226097 
Finish connection holders took 0:00:00.000479 
Bitfield compressor report skipped as cfg Reports:write_bit_field_compressor_report is False
Tags from machine report took 0:00:00.014975 
Memory report skipped as cfg Reports:write_memory_map_report is False
Memory report skipped as cfg Reports:write_memory_map_report is False
Compressor report took 0:00:00.310780 
Fixed route report took 0:00:00.223317 
Load executable app images took 0:00:03.675973 
Sdram usage per chip report took 0:00:00.019533 
Drift report skipped as cfg Reports:write_drift_report_start is False
Create database interface took 0:00:00.064566 
Create notification protocol took 0:00:00.000336 
Runtime Update took 0:00:00.040344 
Application runner exited with KeyboardInterrupt after 0:04:14.811235
