Router contains 54 entries
Index Key        Mask       Route      Default [Cores][Links]
----- ---------- ---------- ---------- ------- --------------
    0 0x00000805 0xFFFFFFE7 0x00000209 False   [3] [E, W]
    1 0x00000825 0xFFFFFFE7 0x00000609 False   [3, 4] [E, W]
    2 0x00000845 0xFFFFFFE7 0x00000C09 False   [4, 5] [E, W]
    3 0x00000865 0xFFFFFFE7 0x00001809 False   [5, 6] [E, W]
    4 0x00000885 0xFFFFFFE7 0x00003009 False   [6, 7] [E, W]
    5 0x000008A5 0xFFFFFFE7 0x00006009 False   [8, 7] [E, W]
    6 0x000008C5 0xFFFFFFE7 0x0000C009 False   [8, 9] [E, W]
    7 0x000008E5 0xFFFFFFE7 0x00018009 False   [9, 10] [E, W]
    8 0x00000905 0xFFFFFFE7 0x00030009 False   [10, 11] [E, W]
    9 0x00000925 0xFFFFFFE7 0x00060009 False   [11, 12] [E, W]
   10 0x00000945 0xFFFFFFE7 0x000C0009 False   [12, 13] [E, W]
   11 0x00000965 0xFFFFFFE7 0x00180009 False   [13, 14] [E, W]
   12 0x00000985 0xFFFFFFE7 0x00300009 False   [14, 15] [E, W]
   13 0x000009A5 0xFFFFFFE7 0x00600009 False   [16, 15] [E, W]
   14 0x000009C5 0xFFFFFFE7 0x00C00009 False   [16, 17] [E, W]
   15 0x000009E5 0xFFFFFFE7 0x00800009 False   [17] [E, W]
   16 0x000007C5 0xFFFFFFC7 0x00000109 False   [2] [E, W]
   17 0x00000806 0xFFFFFFE6 0x00000201 False   [3] [E]
   18 0x00000826 0xFFFFFFE6 0x00000601 False   [3, 4] [E]
   19 0x00000846 0xFFFFFFE6 0x00000C01 False   [4, 5] [E]
   20 0x00000866 0xFFFFFFE6 0x00001801 False   [5, 6] [E]
   21 0x00000886 0xFFFFFFE6 0x00003001 False   [6, 7] [E]
   22 0x000008A6 0xFFFFFFE6 0x00006001 False   [8, 7] [E]
   23 0x000008C6 0xFFFFFFE6 0x0000C001 False   [8, 9] [E]
   24 0x000008E6 0xFFFFFFE6 0x00018001 False   [9, 10] [E]
   25 0x00000906 0xFFFFFFE6 0x00030001 False   [10, 11] [E]
   26 0x00000926 0xFFFFFFE6 0x00060001 False   [11, 12] [E]
   27 0x00000946 0xFFFFFFE6 0x000C0001 False   [12, 13] [E]
   28 0x00000966 0xFFFFFFE6 0x00180001 False   [13, 14] [E]
   29 0x00000986 0xFFFFFFE6 0x00300001 False   [14, 15] [E]
   30 0x000009A6 0xFFFFFFE6 0x00600001 False   [16, 15] [E]
   31 0x000009C6 0xFFFFFFE6 0x00C00001 False   [16, 17] [E]
   32 0x000009E6 0xFFFFFFE6 0x00800001 False   [17] [E]
   33 0x000007C6 0xFFFFFFC6 0x00000101 False   [2] [E]
   34 0x00000800 0xFFFFFFE0 0x00000208 False   [3] [W]
   35 0x00000820 0xFFFFFFE0 0x00000608 False   [3, 4] [W]
   36 0x00000840 0xFFFFFFE0 0x00000C08 False   [4, 5] [W]
   37 0x00000860 0xFFFFFFE0 0x00001808 False   [5, 6] [W]
   38 0x00000880 0xFFFFFFE0 0x00003008 False   [6, 7] [W]
   39 0x000008A0 0xFFFFFFE0 0x00006008 False   [8, 7] [W]
   40 0x000008C0 0xFFFFFFE0 0x0000C008 False   [8, 9] [W]
   41 0x000008E0 0xFFFFFFE0 0x00018008 False   [9, 10] [W]
   42 0x00000900 0xFFFFFFE0 0x00030008 False   [10, 11] [W]
   43 0x00000920 0xFFFFFFE0 0x00060008 False   [11, 12] [W]
   44 0x00000940 0xFFFFFFE0 0x000C0008 False   [12, 13] [W]
   45 0x00000960 0xFFFFFFE0 0x00180008 False   [13, 14] [W]
   46 0x00000980 0xFFFFFFE0 0x00300008 False   [14, 15] [W]
   47 0x000009A0 0xFFFFFFE0 0x00600008 False   [16, 15] [W]
   48 0x000009C0 0xFFFFFFE0 0x00C00008 False   [16, 17] [W]
   49 0x000009E0 0xFFFFFFE0 0x00800008 False   [17] [W]
   50 0x000007C0 0xFFFFFFC0 0x00000108 False   [2] [W]
   51 0x00000005 0xFFFFC007 0x00000009 False   [] [E, W]
   52 0x00000006 0xFFFFC006 0x00000001 False   [] [E]
   53 0x00000000 0xFFFF4000 0x00000008 False   [] [W]
0 Defaultable entries
