Router contains 17 entries
Index Key        Mask       Route      Default [Cores][Links]
----- ---------- ---------- ---------- ------- --------------
    0 0x00001440 0xFFFFFFE0 0x00000108 False   [2] [W]
    1 0x00001460 0xFFFFFFE0 0x00000308 False   [2, 3] [W]
    2 0x00001480 0xFFFFFFE0 0x00000608 False   [3, 4] [W]
    3 0x000014A0 0xFFFFFFE0 0x00000C08 False   [4, 5] [W]
    4 0x000014C0 0xFFFFFFE0 0x00001808 False   [5, 6] [W]
    5 0x000014E0 0xFFFFFFE0 0x00003008 False   [6, 7] [W]
    6 0x00001500 0xFFFFFFE0 0x00006008 False   [8, 7] [W]
    7 0x00001520 0xFFFFFFE0 0x0000C008 False   [8, 9] [W]
    8 0x00001540 0xFFFFFFE0 0x00018008 False   [9, 10] [W]
    9 0x00001560 0xFFFFFFE0 0x00030008 False   [10, 11] [W]
   10 0x00001580 0xFFFFFFE0 0x00060008 False   [11, 12] [W]
   11 0x000015A0 0xFFFFFFE0 0x000C0008 False   [12, 13] [W]
   12 0x000015C0 0xFFFFFFE0 0x00180008 False   [13, 14] [W]
   13 0x000015E0 0xFFFFFFE0 0x00300008 False   [14, 15] [W]
   14 0x00001600 0xFFFFFFE0 0x00600008 False   [16, 15] [W]
   15 0x00001620 0xFFFFFFE0 0x00400008 False   [16] [W]
   16 0x00000000 0xFFFF4000 0x00000008 False   [] [W]
0 Defaultable entries
