Router contains 768 entries
Index Key        Mask       Route      Default [Cores][Links]
----- ---------- ---------- ---------- ------- --------------
    0 0x00000000 0xFFFFFCF3 0x00000008 True    [] [W]
    1 0x00000010 0xFFFFFCF3 0x00000008 True    [] [W]
    2 0x00000020 0xFFFFFCF3 0x00000008 True    [] [W]
    3 0x00000030 0xFFFFFCF3 0x00000008 True    [] [W]
    4 0x00000040 0xFFFFFCF3 0x00000008 True    [] [W]
    5 0x00000050 0xFFFFFCF3 0x00000008 True    [] [W]
    6 0x00000060 0xFFFFFCF3 0x00000008 True    [] [W]
    7 0x00000070 0xFFFFFCF3 0x00000008 True    [] [W]
    8 0x00000400 0xFFFFFCF3 0x00000008 True    [] [W]
    9 0x00000410 0xFFFFFCF3 0x00000008 True    [] [W]
   10 0x00000420 0xFFFFFCF3 0x00000008 True    [] [W]
   11 0x00000430 0xFFFFFCF3 0x00000008 True    [] [W]
   12 0x00000440 0xFFFFFCF3 0x00000008 True    [] [W]
   13 0x00000450 0xFFFFFCF3 0x00000008 True    [] [W]
   14 0x00000460 0xFFFFFCF3 0x00000008 True    [] [W]
   15 0x00000470 0xFFFFFCF3 0x00000008 True    [] [W]
   16 0x00000800 0xFFFFFCF3 0x00000008 True    [] [W]
   17 0x00000810 0xFFFFFCF3 0x00000008 True    [] [W]
   18 0x00000820 0xFFFFFCF3 0x00000008 True    [] [W]
   19 0x00000830 0xFFFFFCF3 0x00000008 True    [] [W]
   20 0x00000840 0xFFFFFCF3 0x00000008 True    [] [W]
   21 0x00000850 0xFFFFFCF3 0x00000008 True    [] [W]
   22 0x00000860 0xFFFFFCF3 0x00000008 True    [] [W]
   23 0x00000870 0xFFFFFCF3 0x00000008 True    [] [W]
   24 0x00000C00 0xFFFFFCF3 0x00000008 True    [] [W]
   25 0x00000C10 0xFFFFFCF3 0x00000008 True    [] [W]
   26 0x00000C20 0xFFFFFCF3 0x00000008 True    [] [W]
   27 0x00000C30 0xFFFFFCF3 0x00000008 True    [] [W]
   28 0x00000C40 0xFFFFFCF3 0x00000008 True    [] [W]
   29 0x00000C50 0xFFFFFCF3 0x00000008 True    [] [W]
   30 0x00000C60 0xFFFFFCF3 0x00000008 True    [] [W]
   31 0x00000C70 0xFFFFFCF3 0x00000008 True    [] [W]
   32 0x00001000 0xFFFFFCF3 0x00000008 True    [] [W]
   33 0x00001010 0xFFFFFCF3 0x00000008 True    [] [W]
   34 0x00001020 0xFFFFFCF3 0x00000008 True    [] [W]
   35 0x00001030 0xFFFFFCF3 0x00000008 True    [] [W]
   36 0x00001040 0xFFFFFCF3 0x00000008 True    [] [W]
   37 0x00001050 0xFFFFFCF3 0x00000008 True    [] [W]
   38 0x00001060 0xFFFFFCF3 0x00000008 True    [] [W]
   39 0x00001070 0xFFFFFCF3 0x00000008 True    [] [W]
   40 0x00001400 0xFFFFFCF3 0x00000008 True    [] [W]
   41 0x00001410 0xFFFFFCF3 0x00000008 True    [] [W]
   42 0x00001420 0xFFFFFCF3 0x00000008 True    [] [W]
   43 0x00001430 0xFFFFFCF3 0x00000008 True    [] [W]
   44 0x00001440 0xFFFFFCF3 0x00000008 True    [] [W]
   45 0x00001450 0xFFFFFCF3 0x00000008 True    [] [W]
   46 0x00001460 0xFFFFFCF3 0x00000008 True    [] [W]
   47 0x00001470 0xFFFFFCF3 0x00000008 True    [] [W]
   48 0x00001800 0xFFFFFCF3 0x00000008 True    [] [W]
   49 0x00001810 0xFFFFFCF3 0x00000008 True    [] [W]
   50 0x00001820 0xFFFFFCF3 0x00000008 True    [] [W]
   51 0x00001830 0xFFFFFCF3 0x00000008 True    [] [W]
   52 0x00001840 0xFFFFFCF3 0x00000008 True    [] [W]
   53 0x00001850 0xFFFFFCF3 0x00000008 True    [] [W]
   54 0x00001860 0xFFFFFCF3 0x00000008 True    [] [W]
   55 0x00001870 0xFFFFFCF3 0x00000008 True    [] [W]
   56 0x00001C00 0xFFFFFCF3 0x00000008 True    [] [W]
   57 0x00001C10 0xFFFFFCF3 0x00000008 True    [] [W]
   58 0x00001C20 0xFFFFFCF3 0x00000008 True    [] [W]
   59 0x00001C30 0xFFFFFCF3 0x00000008 True    [] [W]
   60 0x00001C40 0xFFFFFCF3 0x00000008 True    [] [W]
   61 0x00001C50 0xFFFFFCF3 0x00000008 True    [] [W]
   62 0x00001C60 0xFFFFFCF3 0x00000008 True    [] [W]
   63 0x00001C70 0xFFFFFCF3 0x00000008 True    [] [W]
   64 0x00002000 0xFFFFFCF3 0x00000008 True    [] [W]
   65 0x00002010 0xFFFFFCF3 0x00000008 True    [] [W]
   66 0x00002020 0xFFFFFCF3 0x00000008 True    [] [W]
   67 0x00002030 0xFFFFFCF3 0x00000008 True    [] [W]
   68 0x00002040 0xFFFFFCF3 0x00000008 True    [] [W]
   69 0x00002050 0xFFFFFCF3 0x00000008 True    [] [W]
   70 0x00002060 0xFFFFFCF3 0x00000008 True    [] [W]
   71 0x00002070 0xFFFFFCF3 0x00000008 True    [] [W]
   72 0x00002400 0xFFFFFCF3 0x00000008 True    [] [W]
   73 0x00002410 0xFFFFFCF3 0x00000008 True    [] [W]
   74 0x00002420 0xFFFFFCF3 0x00000008 True    [] [W]
   75 0x00002430 0xFFFFFCF3 0x00000008 True    [] [W]
   76 0x00002440 0xFFFFFCF3 0x00000008 True    [] [W]
   77 0x00002450 0xFFFFFCF3 0x00000008 True    [] [W]
   78 0x00002460 0xFFFFFCF3 0x00000008 True    [] [W]
   79 0x00002470 0xFFFFFCF3 0x00000008 True    [] [W]
   80 0x00002800 0xFFFFFCF3 0x00000008 True    [] [W]
   81 0x00002810 0xFFFFFCF3 0x00000008 True    [] [W]
   82 0x00002820 0xFFFFFCF3 0x00000008 True    [] [W]
   83 0x00002830 0xFFFFFCF3 0x00000008 True    [] [W]
   84 0x00002840 0xFFFFFCF3 0x00000008 True    [] [W]
   85 0x00002850 0xFFFFFCF3 0x00000008 True    [] [W]
   86 0x00002860 0xFFFFFCF3 0x00000008 True    [] [W]
   87 0x00002870 0xFFFFFCF3 0x00000008 True    [] [W]
   88 0x00002C00 0xFFFFFCF3 0x00000008 True    [] [W]
   89 0x00002C10 0xFFFFFCF3 0x00000008 True    [] [W]
   90 0x00002C20 0xFFFFFCF3 0x00000008 True    [] [W]
   91 0x00002C30 0xFFFFFCF3 0x00000008 True    [] [W]
   92 0x00002C40 0xFFFFFCF3 0x00000008 True    [] [W]
   93 0x00002C50 0xFFFFFCF3 0x00000008 True    [] [W]
   94 0x00002C60 0xFFFFFCF3 0x00000008 True    [] [W]
   95 0x00002C70 0xFFFFFCF3 0x00000008 True    [] [W]
   96 0x00003000 0xFFFFFCF3 0x00000008 True    [] [W]
   97 0x00003010 0xFFFFFCF3 0x00000008 True    [] [W]
   98 0x00003020 0xFFFFFCF3 0x00000008 True    [] [W]
   99 0x00003030 0xFFFFFCF3 0x00000008 True    [] [W]
  100 0x00003040 0xFFFFFCF3 0x00000008 True    [] [W]
  101 0x00003050 0xFFFFFCF3 0x00000008 True    [] [W]
  102 0x00003060 0xFFFFFCF3 0x00000008 True    [] [W]
  103 0x00003070 0xFFFFFCF3 0x00000008 True    [] [W]
  104 0x00003400 0xFFFFFCF3 0x00000008 True    [] [W]
  105 0x00003410 0xFFFFFCF3 0x00000008 True    [] [W]
  106 0x00003420 0xFFFFFCF3 0x00000008 True    [] [W]
  107 0x00003430 0xFFFFFCF3 0x00000008 True    [] [W]
  108 0x00003440 0xFFFFFCF3 0x00000008 True    [] [W]
  109 0x00003450 0xFFFFFCF3 0x00000008 True    [] [W]
  110 0x00003460 0xFFFFFCF3 0x00000008 True    [] [W]
  111 0x00003470 0xFFFFFCF3 0x00000008 True    [] [W]
  112 0x00003800 0xFFFFFCF3 0x00000008 True    [] [W]
  113 0x00003810 0xFFFFFCF3 0x00000008 True    [] [W]
  114 0x00003820 0xFFFFFCF3 0x00000008 True    [] [W]
  115 0x00003830 0xFFFFFCF3 0x00000008 True    [] [W]
  116 0x00003840 0xFFFFFCF3 0x00000008 True    [] [W]
  117 0x00003850 0xFFFFFCF3 0x00000008 True    [] [W]
  118 0x00003860 0xFFFFFCF3 0x00000008 True    [] [W]
  119 0x00003870 0xFFFFFCF3 0x00000008 True    [] [W]
  120 0x00003C00 0xFFFFFCF3 0x00000008 True    [] [W]
  121 0x00003C10 0xFFFFFCF3 0x00000008 True    [] [W]
  122 0x00003C20 0xFFFFFCF3 0x00000008 True    [] [W]
  123 0x00003C30 0xFFFFFCF3 0x00000008 True    [] [W]
  124 0x00003C40 0xFFFFFCF3 0x00000008 True    [] [W]
  125 0x00003C50 0xFFFFFCF3 0x00000008 True    [] [W]
  126 0x00003C60 0xFFFFFCF3 0x00000008 True    [] [W]
  127 0x00003C70 0xFFFFFCF3 0x00000008 True    [] [W]
  128 0x00000001 0xFFFFFCF3 0x00000008 True    [] [W]
  129 0x00000011 0xFFFFFCF3 0x00000008 True    [] [W]
  130 0x00000021 0xFFFFFCF3 0x00000008 True    [] [W]
  131 0x00000031 0xFFFFFCF3 0x00000008 True    [] [W]
  132 0x00000041 0xFFFFFCF3 0x00000008 True    [] [W]
  133 0x00000051 0xFFFFFCF3 0x00000008 True    [] [W]
  134 0x00000061 0xFFFFFCF3 0x00000008 True    [] [W]
  135 0x00000071 0xFFFFFCF3 0x00000008 True    [] [W]
  136 0x00000401 0xFFFFFCF3 0x00000008 True    [] [W]
  137 0x00000411 0xFFFFFCF3 0x00000008 True    [] [W]
  138 0x00000421 0xFFFFFCF3 0x00000008 True    [] [W]
  139 0x00000431 0xFFFFFCF3 0x00000008 True    [] [W]
  140 0x00000441 0xFFFFFCF3 0x00000008 True    [] [W]
  141 0x00000451 0xFFFFFCF3 0x00000008 True    [] [W]
  142 0x00000461 0xFFFFFCF3 0x00000008 True    [] [W]
  143 0x00000471 0xFFFFFCF3 0x00000008 True    [] [W]
  144 0x00000801 0xFFFFFCF3 0x00000008 True    [] [W]
  145 0x00000811 0xFFFFFCF3 0x00000008 True    [] [W]
  146 0x00000821 0xFFFFFCF3 0x00000008 True    [] [W]
  147 0x00000831 0xFFFFFCF3 0x00000008 True    [] [W]
  148 0x00000841 0xFFFFFCF3 0x00000008 True    [] [W]
  149 0x00000851 0xFFFFFCF3 0x00000008 True    [] [W]
  150 0x00000861 0xFFFFFCF3 0x00000008 True    [] [W]
  151 0x00000871 0xFFFFFCF3 0x00000008 True    [] [W]
  152 0x00000C01 0xFFFFFCF3 0x00000008 True    [] [W]
  153 0x00000C11 0xFFFFFCF3 0x00000008 True    [] [W]
  154 0x00000C21 0xFFFFFCF3 0x00000008 True    [] [W]
  155 0x00000C31 0xFFFFFCF3 0x00000008 True    [] [W]
  156 0x00000C41 0xFFFFFCF3 0x00000008 True    [] [W]
  157 0x00000C51 0xFFFFFCF3 0x00000008 True    [] [W]
  158 0x00000C61 0xFFFFFCF3 0x00000008 True    [] [W]
  159 0x00000C71 0xFFFFFCF3 0x00000008 True    [] [W]
  160 0x00001001 0xFFFFFCF3 0x00000008 True    [] [W]
  161 0x00001011 0xFFFFFCF3 0x00000008 True    [] [W]
  162 0x00001021 0xFFFFFCF3 0x00000008 True    [] [W]
  163 0x00001031 0xFFFFFCF3 0x00000008 True    [] [W]
  164 0x00001041 0xFFFFFCF3 0x00000008 True    [] [W]
  165 0x00001051 0xFFFFFCF3 0x00000008 True    [] [W]
  166 0x00001061 0xFFFFFCF3 0x00000008 True    [] [W]
  167 0x00001071 0xFFFFFCF3 0x00000008 True    [] [W]
  168 0x00001401 0xFFFFFCF3 0x00000008 True    [] [W]
  169 0x00001411 0xFFFFFCF3 0x00000008 True    [] [W]
  170 0x00001421 0xFFFFFCF3 0x00000008 True    [] [W]
  171 0x00001431 0xFFFFFCF3 0x00000008 True    [] [W]
  172 0x00001441 0xFFFFFCF3 0x00000008 True    [] [W]
  173 0x00001451 0xFFFFFCF3 0x00000008 True    [] [W]
  174 0x00001461 0xFFFFFCF3 0x00000008 True    [] [W]
  175 0x00001471 0xFFFFFCF3 0x00000008 True    [] [W]
  176 0x00001801 0xFFFFFCF3 0x00000008 True    [] [W]
  177 0x00001811 0xFFFFFCF3 0x00000008 True    [] [W]
  178 0x00001821 0xFFFFFCF3 0x00000008 True    [] [W]
  179 0x00001831 0xFFFFFCF3 0x00000008 True    [] [W]
  180 0x00001841 0xFFFFFCF3 0x00000008 True    [] [W]
  181 0x00001851 0xFFFFFCF3 0x00000008 True    [] [W]
  182 0x00001861 0xFFFFFCF3 0x00000008 True    [] [W]
  183 0x00001871 0xFFFFFCF3 0x00000008 True    [] [W]
  184 0x00001C01 0xFFFFFCF3 0x00000008 True    [] [W]
  185 0x00001C11 0xFFFFFCF3 0x00000008 True    [] [W]
  186 0x00001C21 0xFFFFFCF3 0x00000008 True    [] [W]
  187 0x00001C31 0xFFFFFCF3 0x00000008 True    [] [W]
  188 0x00001C41 0xFFFFFCF3 0x00000008 True    [] [W]
  189 0x00001C51 0xFFFFFCF3 0x00000008 True    [] [W]
  190 0x00001C61 0xFFFFFCF3 0x00000008 True    [] [W]
  191 0x00001C71 0xFFFFFCF3 0x00000008 True    [] [W]
  192 0x00002001 0xFFFFFCF3 0x00000008 True    [] [W]
  193 0x00002011 0xFFFFFCF3 0x00000008 True    [] [W]
  194 0x00002021 0xFFFFFCF3 0x00000008 True    [] [W]
  195 0x00002031 0xFFFFFCF3 0x00000008 True    [] [W]
  196 0x00002041 0xFFFFFCF3 0x00000008 True    [] [W]
  197 0x00002051 0xFFFFFCF3 0x00000008 True    [] [W]
  198 0x00002061 0xFFFFFCF3 0x00000008 True    [] [W]
  199 0x00002071 0xFFFFFCF3 0x00000008 True    [] [W]
  200 0x00002401 0xFFFFFCF3 0x00000008 True    [] [W]
  201 0x00002411 0xFFFFFCF3 0x00000008 True    [] [W]
  202 0x00002421 0xFFFFFCF3 0x00000008 True    [] [W]
  203 0x00002431 0xFFFFFCF3 0x00000008 True    [] [W]
  204 0x00002441 0xFFFFFCF3 0x00000008 True    [] [W]
  205 0x00002451 0xFFFFFCF3 0x00000008 True    [] [W]
  206 0x00002461 0xFFFFFCF3 0x00000008 True    [] [W]
  207 0x00002471 0xFFFFFCF3 0x00000008 True    [] [W]
  208 0x00002801 0xFFFFFCF3 0x00000008 True    [] [W]
  209 0x00002811 0xFFFFFCF3 0x00000008 True    [] [W]
  210 0x00002821 0xFFFFFCF3 0x00000008 True    [] [W]
  211 0x00002831 0xFFFFFCF3 0x00000008 True    [] [W]
  212 0x00002841 0xFFFFFCF3 0x00000008 True    [] [W]
  213 0x00002851 0xFFFFFCF3 0x00000008 True    [] [W]
  214 0x00002861 0xFFFFFCF3 0x00000008 True    [] [W]
  215 0x00002871 0xFFFFFCF3 0x00000008 True    [] [W]
  216 0x00002C01 0xFFFFFCF3 0x00000008 True    [] [W]
  217 0x00002C11 0xFFFFFCF3 0x00000008 True    [] [W]
  218 0x00002C21 0xFFFFFCF3 0x00000008 True    [] [W]
  219 0x00002C31 0xFFFFFCF3 0x00000008 True    [] [W]
  220 0x00002C41 0xFFFFFCF3 0x00000008 True    [] [W]
  221 0x00002C51 0xFFFFFCF3 0x00000008 True    [] [W]
  222 0x00002C61 0xFFFFFCF3 0x00000008 True    [] [W]
  223 0x00002C71 0xFFFFFCF3 0x00000008 True    [] [W]
  224 0x00003001 0xFFFFFCF3 0x00000008 True    [] [W]
  225 0x00003011 0xFFFFFCF3 0x00000008 True    [] [W]
  226 0x00003021 0xFFFFFCF3 0x00000008 True    [] [W]
  227 0x00003031 0xFFFFFCF3 0x00000008 True    [] [W]
  228 0x00003041 0xFFFFFCF3 0x00000008 True    [] [W]
  229 0x00003051 0xFFFFFCF3 0x00000008 True    [] [W]
  230 0x00003061 0xFFFFFCF3 0x00000008 True    [] [W]
  231 0x00003071 0xFFFFFCF3 0x00000008 True    [] [W]
  232 0x00003401 0xFFFFFCF3 0x00000008 True    [] [W]
  233 0x00003411 0xFFFFFCF3 0x00000008 True    [] [W]
  234 0x00003421 0xFFFFFCF3 0x00000008 True    [] [W]
  235 0x00003431 0xFFFFFCF3 0x00000008 True    [] [W]
  236 0x00003441 0xFFFFFCF3 0x00000008 True    [] [W]
  237 0x00003451 0xFFFFFCF3 0x00000008 True    [] [W]
  238 0x00003461 0xFFFFFCF3 0x00000008 True    [] [W]
  239 0x00003471 0xFFFFFCF3 0x00000008 True    [] [W]
  240 0x00003801 0xFFFFFCF3 0x00000008 True    [] [W]
  241 0x00003811 0xFFFFFCF3 0x00000008 True    [] [W]
  242 0x00003821 0xFFFFFCF3 0x00000008 True    [] [W]
  243 0x00003831 0xFFFFFCF3 0x00000008 True    [] [W]
  244 0x00003841 0xFFFFFCF3 0x00000008 True    [] [W]
  245 0x00003851 0xFFFFFCF3 0x00000008 True    [] [W]
  246 0x00003861 0xFFFFFCF3 0x00000008 True    [] [W]
  247 0x00003871 0xFFFFFCF3 0x00000008 True    [] [W]
  248 0x00003C01 0xFFFFFCF3 0x00000008 True    [] [W]
  249 0x00003C11 0xFFFFFCF3 0x00000008 True    [] [W]
  250 0x00003C21 0xFFFFFCF3 0x00000008 True    [] [W]
  251 0x00003C31 0xFFFFFCF3 0x00000008 True    [] [W]
  252 0x00003C41 0xFFFFFCF3 0x00000008 True    [] [W]
  253 0x00003C51 0xFFFFFCF3 0x00000008 True    [] [W]
  254 0x00003C61 0xFFFFFCF3 0x00000008 True    [] [W]
  255 0x00003C71 0xFFFFFCF3 0x00000008 True    [] [W]
  256 0x00000002 0xFFFFFCF3 0x00000008 True    [] [W]
  257 0x00000012 0xFFFFFCF3 0x00000008 True    [] [W]
  258 0x00000022 0xFFFFFCF3 0x00000008 True    [] [W]
  259 0x00000032 0xFFFFFCF3 0x00000008 True    [] [W]
  260 0x00000042 0xFFFFFCF3 0x00000008 True    [] [W]
  261 0x00000052 0xFFFFFCF3 0x00000008 True    [] [W]
  262 0x00000062 0xFFFFFCF3 0x00000008 True    [] [W]
  263 0x00000072 0xFFFFFCF3 0x00000008 True    [] [W]
  264 0x00000402 0xFFFFFCF3 0x00000008 True    [] [W]
  265 0x00000412 0xFFFFFCF3 0x00000008 True    [] [W]
  266 0x00000422 0xFFFFFCF3 0x00000008 True    [] [W]
  267 0x00000432 0xFFFFFCF3 0x00000008 True    [] [W]
  268 0x00000442 0xFFFFFCF3 0x00000008 True    [] [W]
  269 0x00000452 0xFFFFFCF3 0x00000008 True    [] [W]
  270 0x00000462 0xFFFFFCF3 0x00000008 True    [] [W]
  271 0x00000472 0xFFFFFCF3 0x00000008 True    [] [W]
  272 0x00000802 0xFFFFFCF3 0x00000008 True    [] [W]
  273 0x00000812 0xFFFFFCF3 0x00000008 True    [] [W]
  274 0x00000822 0xFFFFFCF3 0x00000008 True    [] [W]
  275 0x00000832 0xFFFFFCF3 0x00000008 True    [] [W]
  276 0x00000842 0xFFFFFCF3 0x00000008 True    [] [W]
  277 0x00000852 0xFFFFFCF3 0x00000008 True    [] [W]
  278 0x00000862 0xFFFFFCF3 0x00000008 True    [] [W]
  279 0x00000872 0xFFFFFCF3 0x00000008 True    [] [W]
  280 0x00000C02 0xFFFFFCF3 0x00000008 True    [] [W]
  281 0x00000C12 0xFFFFFCF3 0x00000008 True    [] [W]
  282 0x00000C22 0xFFFFFCF3 0x00000008 True    [] [W]
  283 0x00000C32 0xFFFFFCF3 0x00000008 True    [] [W]
  284 0x00000C42 0xFFFFFCF3 0x00000008 True    [] [W]
  285 0x00000C52 0xFFFFFCF3 0x00000008 True    [] [W]
  286 0x00000C62 0xFFFFFCF3 0x00000008 True    [] [W]
  287 0x00000C72 0xFFFFFCF3 0x00000008 True    [] [W]
  288 0x00001002 0xFFFFFCF3 0x00000008 True    [] [W]
  289 0x00001012 0xFFFFFCF3 0x00000008 True    [] [W]
  290 0x00001022 0xFFFFFCF3 0x00000008 True    [] [W]
  291 0x00001032 0xFFFFFCF3 0x00000008 True    [] [W]
  292 0x00001042 0xFFFFFCF3 0x00000008 True    [] [W]
  293 0x00001052 0xFFFFFCF3 0x00000008 True    [] [W]
  294 0x00001062 0xFFFFFCF3 0x00000008 True    [] [W]
  295 0x00001072 0xFFFFFCF3 0x00000008 True    [] [W]
  296 0x00001402 0xFFFFFCF3 0x00000008 True    [] [W]
  297 0x00001412 0xFFFFFCF3 0x00000008 True    [] [W]
  298 0x00001422 0xFFFFFCF3 0x00000008 True    [] [W]
  299 0x00001432 0xFFFFFCF3 0x00000008 True    [] [W]
  300 0x00001442 0xFFFFFCF3 0x00000008 True    [] [W]
  301 0x00001452 0xFFFFFCF3 0x00000008 True    [] [W]
  302 0x00001462 0xFFFFFCF3 0x00000008 True    [] [W]
  303 0x00001472 0xFFFFFCF3 0x00000008 True    [] [W]
  304 0x00001802 0xFFFFFCF3 0x00000008 True    [] [W]
  305 0x00001812 0xFFFFFCF3 0x00000008 True    [] [W]
  306 0x00001822 0xFFFFFCF3 0x00000008 True    [] [W]
  307 0x00001832 0xFFFFFCF3 0x00000008 True    [] [W]
  308 0x00001842 0xFFFFFCF3 0x00000008 True    [] [W]
  309 0x00001852 0xFFFFFCF3 0x00000008 True    [] [W]
  310 0x00001862 0xFFFFFCF3 0x00000008 True    [] [W]
  311 0x00001872 0xFFFFFCF3 0x00000008 True    [] [W]
  312 0x00001C02 0xFFFFFCF3 0x00000008 True    [] [W]
  313 0x00001C12 0xFFFFFCF3 0x00000008 True    [] [W]
  314 0x00001C22 0xFFFFFCF3 0x00000008 True    [] [W]
  315 0x00001C32 0xFFFFFCF3 0x00000008 True    [] [W]
  316 0x00001C42 0xFFFFFCF3 0x00000008 True    [] [W]
  317 0x00001C52 0xFFFFFCF3 0x00000008 True    [] [W]
  318 0x00001C62 0xFFFFFCF3 0x00000008 True    [] [W]
  319 0x00001C72 0xFFFFFCF3 0x00000008 True    [] [W]
  320 0x00002002 0xFFFFFCF3 0x00000008 True    [] [W]
  321 0x00002012 0xFFFFFCF3 0x00000008 True    [] [W]
  322 0x00002022 0xFFFFFCF3 0x00000008 True    [] [W]
  323 0x00002032 0xFFFFFCF3 0x00000008 True    [] [W]
  324 0x00002042 0xFFFFFCF3 0x00000008 True    [] [W]
  325 0x00002052 0xFFFFFCF3 0x00000008 True    [] [W]
  326 0x00002062 0xFFFFFCF3 0x00000008 True    [] [W]
  327 0x00002072 0xFFFFFCF3 0x00000008 True    [] [W]
  328 0x00002402 0xFFFFFCF3 0x00000008 True    [] [W]
  329 0x00002412 0xFFFFFCF3 0x00000008 True    [] [W]
  330 0x00002422 0xFFFFFCF3 0x00000008 True    [] [W]
  331 0x00002432 0xFFFFFCF3 0x00000008 True    [] [W]
  332 0x00002442 0xFFFFFCF3 0x00000008 True    [] [W]
  333 0x00002452 0xFFFFFCF3 0x00000008 True    [] [W]
  334 0x00002462 0xFFFFFCF3 0x00000008 True    [] [W]
  335 0x00002472 0xFFFFFCF3 0x00000008 True    [] [W]
  336 0x00002802 0xFFFFFCF3 0x00000008 True    [] [W]
  337 0x00002812 0xFFFFFCF3 0x00000008 True    [] [W]
  338 0x00002822 0xFFFFFCF3 0x00000008 True    [] [W]
  339 0x00002832 0xFFFFFCF3 0x00000008 True    [] [W]
  340 0x00002842 0xFFFFFCF3 0x00000008 True    [] [W]
  341 0x00002852 0xFFFFFCF3 0x00000008 True    [] [W]
  342 0x00002862 0xFFFFFCF3 0x00000008 True    [] [W]
  343 0x00002872 0xFFFFFCF3 0x00000008 True    [] [W]
  344 0x00002C02 0xFFFFFCF3 0x00000008 True    [] [W]
  345 0x00002C12 0xFFFFFCF3 0x00000008 True    [] [W]
  346 0x00002C22 0xFFFFFCF3 0x00000008 True    [] [W]
  347 0x00002C32 0xFFFFFCF3 0x00000008 True    [] [W]
  348 0x00002C42 0xFFFFFCF3 0x00000008 True    [] [W]
  349 0x00002C52 0xFFFFFCF3 0x00000008 True    [] [W]
  350 0x00002C62 0xFFFFFCF3 0x00000008 True    [] [W]
  351 0x00002C72 0xFFFFFCF3 0x00000008 True    [] [W]
  352 0x00003002 0xFFFFFCF3 0x00000008 True    [] [W]
  353 0x00003012 0xFFFFFCF3 0x00000008 True    [] [W]
  354 0x00003022 0xFFFFFCF3 0x00000008 True    [] [W]
  355 0x00003032 0xFFFFFCF3 0x00000008 True    [] [W]
  356 0x00003042 0xFFFFFCF3 0x00000008 True    [] [W]
  357 0x00003052 0xFFFFFCF3 0x00000008 True    [] [W]
  358 0x00003062 0xFFFFFCF3 0x00000008 True    [] [W]
  359 0x00003072 0xFFFFFCF3 0x00000008 True    [] [W]
  360 0x00003402 0xFFFFFCF3 0x00000008 True    [] [W]
  361 0x00003412 0xFFFFFCF3 0x00000008 True    [] [W]
  362 0x00003422 0xFFFFFCF3 0x00000008 True    [] [W]
  363 0x00003432 0xFFFFFCF3 0x00000008 True    [] [W]
  364 0x00003442 0xFFFFFCF3 0x00000008 True    [] [W]
  365 0x00003452 0xFFFFFCF3 0x00000008 True    [] [W]
  366 0x00003462 0xFFFFFCF3 0x00000008 True    [] [W]
  367 0x00003472 0xFFFFFCF3 0x00000008 True    [] [W]
  368 0x00003802 0xFFFFFCF3 0x00000008 True    [] [W]
  369 0x00003812 0xFFFFFCF3 0x00000008 True    [] [W]
  370 0x00003822 0xFFFFFCF3 0x00000008 True    [] [W]
  371 0x00003832 0xFFFFFCF3 0x00000008 True    [] [W]
  372 0x00003842 0xFFFFFCF3 0x00000008 True    [] [W]
  373 0x00003852 0xFFFFFCF3 0x00000008 True    [] [W]
  374 0x00003862 0xFFFFFCF3 0x00000008 True    [] [W]
  375 0x00003872 0xFFFFFCF3 0x00000008 True    [] [W]
  376 0x00003C02 0xFFFFFCF3 0x00000008 True    [] [W]
  377 0x00003C12 0xFFFFFCF3 0x00000008 True    [] [W]
  378 0x00003C22 0xFFFFFCF3 0x00000008 True    [] [W]
  379 0x00003C32 0xFFFFFCF3 0x00000008 True    [] [W]
  380 0x00003C42 0xFFFFFCF3 0x00000008 True    [] [W]
  381 0x00003C52 0xFFFFFCF3 0x00000008 True    [] [W]
  382 0x00003C62 0xFFFFFCF3 0x00000008 True    [] [W]
  383 0x00003C72 0xFFFFFCF3 0x00000008 True    [] [W]
  384 0x00000003 0xFFFFFCF3 0x00000008 True    [] [W]
  385 0x00000013 0xFFFFFCF3 0x00000008 True    [] [W]
  386 0x00000023 0xFFFFFCF3 0x00000008 True    [] [W]
  387 0x00000033 0xFFFFFCF3 0x00000008 True    [] [W]
  388 0x00000043 0xFFFFFCF3 0x00000008 True    [] [W]
  389 0x00000053 0xFFFFFCF3 0x00000008 True    [] [W]
  390 0x00000063 0xFFFFFCF3 0x00000008 True    [] [W]
  391 0x00000073 0xFFFFFCF3 0x00000008 True    [] [W]
  392 0x00000403 0xFFFFFCF3 0x00000008 True    [] [W]
  393 0x00000413 0xFFFFFCF3 0x00000008 True    [] [W]
  394 0x00000423 0xFFFFFCF3 0x00000008 True    [] [W]
  395 0x00000433 0xFFFFFCF3 0x00000008 True    [] [W]
  396 0x00000443 0xFFFFFCF3 0x00000008 True    [] [W]
  397 0x00000453 0xFFFFFCF3 0x00000008 True    [] [W]
  398 0x00000463 0xFFFFFCF3 0x00000008 True    [] [W]
  399 0x00000473 0xFFFFFCF3 0x00000008 True    [] [W]
  400 0x00000803 0xFFFFFCF3 0x00000008 True    [] [W]
  401 0x00000813 0xFFFFFCF3 0x00000008 True    [] [W]
  402 0x00000823 0xFFFFFCF3 0x00000008 True    [] [W]
  403 0x00000833 0xFFFFFCF3 0x00000008 True    [] [W]
  404 0x00000843 0xFFFFFCF3 0x00000008 True    [] [W]
  405 0x00000853 0xFFFFFCF3 0x00000008 True    [] [W]
  406 0x00000863 0xFFFFFCF3 0x00000008 True    [] [W]
  407 0x00000873 0xFFFFFCF3 0x00000008 True    [] [W]
  408 0x00000C03 0xFFFFFCF3 0x00000008 True    [] [W]
  409 0x00000C13 0xFFFFFCF3 0x00000008 True    [] [W]
  410 0x00000C23 0xFFFFFCF3 0x00000008 True    [] [W]
  411 0x00000C33 0xFFFFFCF3 0x00000008 True    [] [W]
  412 0x00000C43 0xFFFFFCF3 0x00000008 True    [] [W]
  413 0x00000C53 0xFFFFFCF3 0x00000008 True    [] [W]
  414 0x00000C63 0xFFFFFCF3 0x00000008 True    [] [W]
  415 0x00000C73 0xFFFFFCF3 0x00000008 True    [] [W]
  416 0x00001003 0xFFFFFCF3 0x00000008 True    [] [W]
  417 0x00001013 0xFFFFFCF3 0x00000008 True    [] [W]
  418 0x00001023 0xFFFFFCF3 0x00000008 True    [] [W]
  419 0x00001033 0xFFFFFCF3 0x00000008 True    [] [W]
  420 0x00001043 0xFFFFFCF3 0x00000008 True    [] [W]
  421 0x00001053 0xFFFFFCF3 0x00000008 True    [] [W]
  422 0x00001063 0xFFFFFCF3 0x00000008 True    [] [W]
  423 0x00001073 0xFFFFFCF3 0x00000008 True    [] [W]
  424 0x00001403 0xFFFFFCF3 0x00000008 True    [] [W]
  425 0x00001413 0xFFFFFCF3 0x00000008 True    [] [W]
  426 0x00001423 0xFFFFFCF3 0x00000008 True    [] [W]
  427 0x00001433 0xFFFFFCF3 0x00000008 True    [] [W]
  428 0x00001443 0xFFFFFCF3 0x00000008 True    [] [W]
  429 0x00001453 0xFFFFFCF3 0x00000008 True    [] [W]
  430 0x00001463 0xFFFFFCF3 0x00000008 True    [] [W]
  431 0x00001473 0xFFFFFCF3 0x00000008 True    [] [W]
  432 0x00001803 0xFFFFFCF3 0x00000008 True    [] [W]
  433 0x00001813 0xFFFFFCF3 0x00000008 True    [] [W]
  434 0x00001823 0xFFFFFCF3 0x00000008 True    [] [W]
  435 0x00001833 0xFFFFFCF3 0x00000008 True    [] [W]
  436 0x00001843 0xFFFFFCF3 0x00000008 True    [] [W]
  437 0x00001853 0xFFFFFCF3 0x00000008 True    [] [W]
  438 0x00001863 0xFFFFFCF3 0x00000008 True    [] [W]
  439 0x00001873 0xFFFFFCF3 0x00000008 True    [] [W]
  440 0x00001C03 0xFFFFFCF3 0x00000008 True    [] [W]
  441 0x00001C13 0xFFFFFCF3 0x00000008 True    [] [W]
  442 0x00001C23 0xFFFFFCF3 0x00000008 True    [] [W]
  443 0x00001C33 0xFFFFFCF3 0x00000008 True    [] [W]
  444 0x00001C43 0xFFFFFCF3 0x00000008 True    [] [W]
  445 0x00001C53 0xFFFFFCF3 0x00000008 True    [] [W]
  446 0x00001C63 0xFFFFFCF3 0x00000008 True    [] [W]
  447 0x00001C73 0xFFFFFCF3 0x00000008 True    [] [W]
  448 0x00002003 0xFFFFFCF3 0x00000008 True    [] [W]
  449 0x00002013 0xFFFFFCF3 0x00000008 True    [] [W]
  450 0x00002023 0xFFFFFCF3 0x00000008 True    [] [W]
  451 0x00002033 0xFFFFFCF3 0x00000008 True    [] [W]
  452 0x00002043 0xFFFFFCF3 0x00000008 True    [] [W]
  453 0x00002053 0xFFFFFCF3 0x00000008 True    [] [W]
  454 0x00002063 0xFFFFFCF3 0x00000008 True    [] [W]
  455 0x00002073 0xFFFFFCF3 0x00000008 True    [] [W]
  456 0x00002403 0xFFFFFCF3 0x00000008 True    [] [W]
  457 0x00002413 0xFFFFFCF3 0x00000008 True    [] [W]
  458 0x00002423 0xFFFFFCF3 0x00000008 True    [] [W]
  459 0x00002433 0xFFFFFCF3 0x00000008 True    [] [W]
  460 0x00002443 0xFFFFFCF3 0x00000008 True    [] [W]
  461 0x00002453 0xFFFFFCF3 0x00000008 True    [] [W]
  462 0x00002463 0xFFFFFCF3 0x00000008 True    [] [W]
  463 0x00002473 0xFFFFFCF3 0x00000008 True    [] [W]
  464 0x00002803 0xFFFFFCF3 0x00000008 True    [] [W]
  465 0x00002813 0xFFFFFCF3 0x00000008 True    [] [W]
  466 0x00002823 0xFFFFFCF3 0x00000008 True    [] [W]
  467 0x00002833 0xFFFFFCF3 0x00000008 True    [] [W]
  468 0x00002843 0xFFFFFCF3 0x00000008 True    [] [W]
  469 0x00002853 0xFFFFFCF3 0x00000008 True    [] [W]
  470 0x00002863 0xFFFFFCF3 0x00000008 True    [] [W]
  471 0x00002873 0xFFFFFCF3 0x00000008 True    [] [W]
  472 0x00002C03 0xFFFFFCF3 0x00000008 True    [] [W]
  473 0x00002C13 0xFFFFFCF3 0x00000008 True    [] [W]
  474 0x00002C23 0xFFFFFCF3 0x00000008 True    [] [W]
  475 0x00002C33 0xFFFFFCF3 0x00000008 True    [] [W]
  476 0x00002C43 0xFFFFFCF3 0x00000008 True    [] [W]
  477 0x00002C53 0xFFFFFCF3 0x00000008 True    [] [W]
  478 0x00002C63 0xFFFFFCF3 0x00000008 True    [] [W]
  479 0x00002C73 0xFFFFFCF3 0x00000008 True    [] [W]
  480 0x00003003 0xFFFFFCF3 0x00000008 True    [] [W]
  481 0x00003013 0xFFFFFCF3 0x00000008 True    [] [W]
  482 0x00003023 0xFFFFFCF3 0x00000008 True    [] [W]
  483 0x00003033 0xFFFFFCF3 0x00000008 True    [] [W]
  484 0x00003043 0xFFFFFCF3 0x00000008 True    [] [W]
  485 0x00003053 0xFFFFFCF3 0x00000008 True    [] [W]
  486 0x00003063 0xFFFFFCF3 0x00000008 True    [] [W]
  487 0x00003073 0xFFFFFCF3 0x00000008 True    [] [W]
  488 0x00003403 0xFFFFFCF3 0x00000008 True    [] [W]
  489 0x00003413 0xFFFFFCF3 0x00000008 True    [] [W]
  490 0x00003423 0xFFFFFCF3 0x00000008 True    [] [W]
  491 0x00003433 0xFFFFFCF3 0x00000008 True    [] [W]
  492 0x00003443 0xFFFFFCF3 0x00000008 True    [] [W]
  493 0x00003453 0xFFFFFCF3 0x00000008 True    [] [W]
  494 0x00003463 0xFFFFFCF3 0x00000008 True    [] [W]
  495 0x00003473 0xFFFFFCF3 0x00000008 True    [] [W]
  496 0x00003803 0xFFFFFCF3 0x00000008 True    [] [W]
  497 0x00003813 0xFFFFFCF3 0x00000008 True    [] [W]
  498 0x00003823 0xFFFFFCF3 0x00000008 True    [] [W]
  499 0x00003833 0xFFFFFCF3 0x00000008 True    [] [W]
  500 0x00003843 0xFFFFFCF3 0x00000008 True    [] [W]
  501 0x00003853 0xFFFFFCF3 0x00000008 True    [] [W]
  502 0x00003863 0xFFFFFCF3 0x00000008 True    [] [W]
  503 0x00003873 0xFFFFFCF3 0x00000008 True    [] [W]
  504 0x00003C03 0xFFFFFCF3 0x00000008 True    [] [W]
  505 0x00003C13 0xFFFFFCF3 0x00000008 True    [] [W]
  506 0x00003C23 0xFFFFFCF3 0x00000008 True    [] [W]
  507 0x00003C33 0xFFFFFCF3 0x00000008 True    [] [W]
  508 0x00003C43 0xFFFFFCF3 0x00000008 True    [] [W]
  509 0x00003C53 0xFFFFFCF3 0x00000008 True    [] [W]
  510 0x00003C63 0xFFFFFCF3 0x00000008 True    [] [W]
  511 0x00003C73 0xFFFFFCF3 0x00000008 True    [] [W]
  512 0x00000080 0xFFFFFCF3 0x00000008 True    [] [W]
  513 0x00000090 0xFFFFFCF3 0x00000008 True    [] [W]
  514 0x000000A0 0xFFFFFCF3 0x00000008 True    [] [W]
  515 0x000000B0 0xFFFFFCF3 0x00000008 True    [] [W]
  516 0x000000C0 0xFFFFFCF3 0x00000008 True    [] [W]
  517 0x000000D0 0xFFFFFCF3 0x00000008 True    [] [W]
  518 0x000000E0 0xFFFFFCF3 0x00000008 True    [] [W]
  519 0x000000F0 0xFFFFFCF3 0x00000008 True    [] [W]
  520 0x00000480 0xFFFFFCF3 0x00000008 True    [] [W]
  521 0x00000490 0xFFFFFCF3 0x00000008 True    [] [W]
  522 0x000004A0 0xFFFFFCF3 0x00000008 True    [] [W]
  523 0x000004B0 0xFFFFFCF3 0x00000008 True    [] [W]
  524 0x000004C0 0xFFFFFCF3 0x00000008 True    [] [W]
  525 0x000004D0 0xFFFFFCF3 0x00000008 True    [] [W]
  526 0x000004E0 0xFFFFFCF3 0x00000008 True    [] [W]
  527 0x000004F0 0xFFFFFCF3 0x00000008 True    [] [W]
  528 0x00000880 0xFFFFFCF3 0x00000008 True    [] [W]
  529 0x00000890 0xFFFFFCF3 0x00000008 True    [] [W]
  530 0x000008A0 0xFFFFFCF3 0x00000008 True    [] [W]
  531 0x000008B0 0xFFFFFCF3 0x00000008 True    [] [W]
  532 0x000008C0 0xFFFFFCF3 0x00000008 True    [] [W]
  533 0x000008D0 0xFFFFFCF3 0x00000008 True    [] [W]
  534 0x000008E0 0xFFFFFCF3 0x00000008 True    [] [W]
  535 0x000008F0 0xFFFFFCF3 0x00000008 True    [] [W]
  536 0x00000C80 0xFFFFFCF3 0x00000008 True    [] [W]
  537 0x00000C90 0xFFFFFCF3 0x00000008 True    [] [W]
  538 0x00000CA0 0xFFFFFCF3 0x00000008 True    [] [W]
  539 0x00000CB0 0xFFFFFCF3 0x00000008 True    [] [W]
  540 0x00000CC0 0xFFFFFCF3 0x00000008 True    [] [W]
  541 0x00000CD0 0xFFFFFCF3 0x00000008 True    [] [W]
  542 0x00000CE0 0xFFFFFCF3 0x00000008 True    [] [W]
  543 0x00000CF0 0xFFFFFCF3 0x00000008 True    [] [W]
  544 0x00001080 0xFFFFFCF3 0x00000008 True    [] [W]
  545 0x00001090 0xFFFFFCF3 0x00000008 True    [] [W]
  546 0x000010A0 0xFFFFFCF3 0x00000008 True    [] [W]
  547 0x000010B0 0xFFFFFCF3 0x00000008 True    [] [W]
  548 0x000010C0 0xFFFFFCF3 0x00000008 True    [] [W]
  549 0x000010D0 0xFFFFFCF3 0x00000008 True    [] [W]
  550 0x000010E0 0xFFFFFCF3 0x00000008 True    [] [W]
  551 0x000010F0 0xFFFFFCF3 0x00000008 True    [] [W]
  552 0x00001480 0xFFFFFCF3 0x00000008 True    [] [W]
  553 0x00001490 0xFFFFFCF3 0x00000008 True    [] [W]
  554 0x000014A0 0xFFFFFCF3 0x00000008 True    [] [W]
  555 0x000014B0 0xFFFFFCF3 0x00000008 True    [] [W]
  556 0x000014C0 0xFFFFFCF3 0x00000008 True    [] [W]
  557 0x000014D0 0xFFFFFCF3 0x00000008 True    [] [W]
  558 0x000014E0 0xFFFFFCF3 0x00000008 True    [] [W]
  559 0x000014F0 0xFFFFFCF3 0x00000008 True    [] [W]
  560 0x00001880 0xFFFFFCF3 0x00000008 True    [] [W]
  561 0x00001890 0xFFFFFCF3 0x00000008 True    [] [W]
  562 0x000018A0 0xFFFFFCF3 0x00000008 True    [] [W]
  563 0x000018B0 0xFFFFFCF3 0x00000008 True    [] [W]
  564 0x000018C0 0xFFFFFCF3 0x00000008 True    [] [W]
  565 0x000018D0 0xFFFFFCF3 0x00000008 True    [] [W]
  566 0x000018E0 0xFFFFFCF3 0x00000008 True    [] [W]
  567 0x000018F0 0xFFFFFCF3 0x00000008 True    [] [W]
  568 0x00001C80 0xFFFFFCF3 0x00000008 True    [] [W]
  569 0x00001C90 0xFFFFFCF3 0x00000008 True    [] [W]
  570 0x00001CA0 0xFFFFFCF3 0x00000008 True    [] [W]
  571 0x00001CB0 0xFFFFFCF3 0x00000008 True    [] [W]
  572 0x00001CC0 0xFFFFFCF3 0x00000008 True    [] [W]
  573 0x00001CD0 0xFFFFFCF3 0x00000008 True    [] [W]
  574 0x00001CE0 0xFFFFFCF3 0x00000008 True    [] [W]
  575 0x00001CF0 0xFFFFFCF3 0x00000008 True    [] [W]
  576 0x00002080 0xFFFFFCF3 0x00000008 True    [] [W]
  577 0x00002090 0xFFFFFCF3 0x00000008 True    [] [W]
  578 0x000020A0 0xFFFFFCF3 0x00000008 True    [] [W]
  579 0x000020B0 0xFFFFFCF3 0x00000008 True    [] [W]
  580 0x000020C0 0xFFFFFCF3 0x00000008 True    [] [W]
  581 0x000020D0 0xFFFFFCF3 0x00000008 True    [] [W]
  582 0x000020E0 0xFFFFFCF3 0x00000008 True    [] [W]
  583 0x000020F0 0xFFFFFCF3 0x00000008 True    [] [W]
  584 0x00002480 0xFFFFFCF3 0x00000008 True    [] [W]
  585 0x00002490 0xFFFFFCF3 0x00000008 True    [] [W]
  586 0x000024A0 0xFFFFFCF3 0x00000008 True    [] [W]
  587 0x000024B0 0xFFFFFCF3 0x00000008 True    [] [W]
  588 0x000024C0 0xFFFFFCF3 0x00000008 True    [] [W]
  589 0x000024D0 0xFFFFFCF3 0x00000008 True    [] [W]
  590 0x000024E0 0xFFFFFCF3 0x00000008 True    [] [W]
  591 0x000024F0 0xFFFFFCF3 0x00000008 True    [] [W]
  592 0x00002880 0xFFFFFCF3 0x00000008 True    [] [W]
  593 0x00002890 0xFFFFFCF3 0x00000008 True    [] [W]
  594 0x000028A0 0xFFFFFCF3 0x00000008 True    [] [W]
  595 0x000028B0 0xFFFFFCF3 0x00000008 True    [] [W]
  596 0x000028C0 0xFFFFFCF3 0x00000008 True    [] [W]
  597 0x000028D0 0xFFFFFCF3 0x00000008 True    [] [W]
  598 0x000028E0 0xFFFFFCF3 0x00000008 True    [] [W]
  599 0x000028F0 0xFFFFFCF3 0x00000008 True    [] [W]
  600 0x00002C80 0xFFFFFCF3 0x00000008 True    [] [W]
  601 0x00002C90 0xFFFFFCF3 0x00000008 True    [] [W]
  602 0x00002CA0 0xFFFFFCF3 0x00000008 True    [] [W]
  603 0x00002CB0 0xFFFFFCF3 0x00000008 True    [] [W]
  604 0x00002CC0 0xFFFFFCF3 0x00000008 True    [] [W]
  605 0x00002CD0 0xFFFFFCF3 0x00000008 True    [] [W]
  606 0x00002CE0 0xFFFFFCF3 0x00000008 True    [] [W]
  607 0x00002CF0 0xFFFFFCF3 0x00000008 True    [] [W]
  608 0x00003080 0xFFFFFCF3 0x00000008 True    [] [W]
  609 0x00003090 0xFFFFFCF3 0x00000008 True    [] [W]
  610 0x000030A0 0xFFFFFCF3 0x00000008 True    [] [W]
  611 0x000030B0 0xFFFFFCF3 0x00000008 True    [] [W]
  612 0x000030C0 0xFFFFFCF3 0x00000008 True    [] [W]
  613 0x000030D0 0xFFFFFCF3 0x00000008 True    [] [W]
  614 0x000030E0 0xFFFFFCF3 0x00000008 True    [] [W]
  615 0x000030F0 0xFFFFFCF3 0x00000008 True    [] [W]
  616 0x00003480 0xFFFFFCF3 0x00000008 True    [] [W]
  617 0x00003490 0xFFFFFCF3 0x00000008 True    [] [W]
  618 0x000034A0 0xFFFFFCF3 0x00000008 True    [] [W]
  619 0x000034B0 0xFFFFFCF3 0x00000008 True    [] [W]
  620 0x000034C0 0xFFFFFCF3 0x00000008 True    [] [W]
  621 0x000034D0 0xFFFFFCF3 0x00000008 True    [] [W]
  622 0x000034E0 0xFFFFFCF3 0x00000008 True    [] [W]
  623 0x000034F0 0xFFFFFCF3 0x00000008 True    [] [W]
  624 0x00003880 0xFFFFFCF3 0x00000008 True    [] [W]
  625 0x00003890 0xFFFFFCF3 0x00000008 True    [] [W]
  626 0x000038A0 0xFFFFFCF3 0x00000008 True    [] [W]
  627 0x000038B0 0xFFFFFCF3 0x00000008 True    [] [W]
  628 0x000038C0 0xFFFFFCF3 0x00000008 True    [] [W]
  629 0x000038D0 0xFFFFFCF3 0x00000008 True    [] [W]
  630 0x000038E0 0xFFFFFCF3 0x00000008 True    [] [W]
  631 0x000038F0 0xFFFFFCF3 0x00000008 True    [] [W]
  632 0x00003C80 0xFFFFFCF3 0x00000008 True    [] [W]
  633 0x00003C90 0xFFFFFCF3 0x00000008 True    [] [W]
  634 0x00003CA0 0xFFFFFCF3 0x00000008 True    [] [W]
  635 0x00003CB0 0xFFFFFCF3 0x00000008 True    [] [W]
  636 0x00003CC0 0xFFFFFCF3 0x00000008 True    [] [W]
  637 0x00003CD0 0xFFFFFCF3 0x00000008 True    [] [W]
  638 0x00003CE0 0xFFFFFCF3 0x00000008 True    [] [W]
  639 0x00003CF0 0xFFFFFCF3 0x00000008 True    [] [W]
  640 0x00000081 0xFFFFFCF3 0x00000008 False   [] [W]
  641 0x00000091 0xFFFFFCF3 0x00000008 False   [] [W]
  642 0x000000A1 0xFFFFFCF3 0x00000008 False   [] [W]
  643 0x000000B1 0xFFFFFCF3 0x00000008 False   [] [W]
  644 0x000000C1 0xFFFFFCF3 0x00000008 False   [] [W]
  645 0x000000D1 0xFFFFFCF3 0x00000008 False   [] [W]
  646 0x000000E1 0xFFFFFCF3 0x00000008 False   [] [W]
  647 0x000000F1 0xFFFFFCF3 0x00000008 False   [] [W]
  648 0x00000481 0xFFFFFCF3 0x00000008 False   [] [W]
  649 0x00000491 0xFFFFFCF3 0x00000008 False   [] [W]
  650 0x000004A1 0xFFFFFCF3 0x00000008 False   [] [W]
  651 0x000004B1 0xFFFFFCF3 0x00000008 False   [] [W]
  652 0x000004C1 0xFFFFFCF3 0x00000008 False   [] [W]
  653 0x000004D1 0xFFFFFCF3 0x00000008 False   [] [W]
  654 0x000004E1 0xFFFFFCF3 0x00000008 False   [] [W]
  655 0x000004F1 0xFFFFFCF3 0x00000008 False   [] [W]
  656 0x00000881 0xFFFFFCF3 0x00000008 False   [] [W]
  657 0x00000891 0xFFFFFCF3 0x00000008 False   [] [W]
  658 0x000008A1 0xFFFFFCF3 0x00000008 False   [] [W]
  659 0x000008B1 0xFFFFFCF3 0x00000008 False   [] [W]
  660 0x000008C1 0xFFFFFCF3 0x00000008 False   [] [W]
  661 0x000008D1 0xFFFFFCF3 0x00000008 False   [] [W]
  662 0x000008E1 0xFFFFFCF3 0x00000008 False   [] [W]
  663 0x000008F1 0xFFFFFCF3 0x00000008 False   [] [W]
  664 0x00000C81 0xFFFFFCF3 0x00000008 False   [] [W]
  665 0x00000C91 0xFFFFFCF3 0x00000008 False   [] [W]
  666 0x00000CA1 0xFFFFFCF3 0x00000008 False   [] [W]
  667 0x00000CB1 0xFFFFFCF3 0x00000008 False   [] [W]
  668 0x00000CC1 0xFFFFFCF3 0x00000008 False   [] [W]
  669 0x00000CD1 0xFFFFFCF3 0x00000008 False   [] [W]
  670 0x00000CE1 0xFFFFFCF3 0x00000008 False   [] [W]
  671 0x00000CF1 0xFFFFFCF3 0x00000008 False   [] [W]
  672 0x00001081 0xFFFFFCF3 0x00000008 False   [] [W]
  673 0x00001091 0xFFFFFCF3 0x00000008 False   [] [W]
  674 0x000010A1 0xFFFFFCF3 0x00000008 False   [] [W]
  675 0x000010B1 0xFFFFFCF3 0x00000008 False   [] [W]
  676 0x000010C1 0xFFFFFCF3 0x00000008 False   [] [W]
  677 0x000010D1 0xFFFFFCF3 0x00000008 False   [] [W]
  678 0x000010E1 0xFFFFFCF3 0x00000008 False   [] [W]
  679 0x000010F1 0xFFFFFCF3 0x00000008 False   [] [W]
  680 0x00001481 0xFFFFFCF3 0x00000008 False   [] [W]
  681 0x00001491 0xFFFFFCF3 0x00000008 False   [] [W]
  682 0x000014A1 0xFFFFFCF3 0x00000008 False   [] [W]
  683 0x000014B1 0xFFFFFCF3 0x00000008 False   [] [W]
  684 0x000014C1 0xFFFFFCF3 0x00000008 False   [] [W]
  685 0x000014D1 0xFFFFFCF3 0x00000008 False   [] [W]
  686 0x000014E1 0xFFFFFCF3 0x00000008 False   [] [W]
  687 0x000014F1 0xFFFFFCF3 0x00000008 False   [] [W]
  688 0x00001881 0xFFFFFCF3 0x00000008 False   [] [W]
  689 0x00001891 0xFFFFFCF3 0x00000008 False   [] [W]
  690 0x000018A1 0xFFFFFCF3 0x00000008 False   [] [W]
  691 0x000018B1 0xFFFFFCF3 0x00000008 False   [] [W]
  692 0x000018C1 0xFFFFFCF3 0x00000008 False   [] [W]
  693 0x000018D1 0xFFFFFCF3 0x00000008 False   [] [W]
  694 0x000018E1 0xFFFFFCF3 0x00000008 False   [] [W]
  695 0x000018F1 0xFFFFFCF3 0x00000008 False   [] [W]
  696 0x00001C81 0xFFFFFCF3 0x00000008 False   [] [W]
  697 0x00001C91 0xFFFFFCF3 0x00000008 False   [] [W]
  698 0x00001CA1 0xFFFFFCF3 0x00000008 False   [] [W]
  699 0x00001CB1 0xFFFFFCF3 0x00000008 False   [] [W]
  700 0x00001CC1 0xFFFFFCF3 0x00000008 False   [] [W]
  701 0x00001CD1 0xFFFFFCF3 0x00000008 False   [] [W]
  702 0x00001CE1 0xFFFFFCF3 0x00000008 False   [] [W]
  703 0x00001CF1 0xFFFFFCF3 0x00000008 False   [] [W]
  704 0x00002081 0xFFFFFCF3 0x00000008 False   [] [W]
  705 0x00002091 0xFFFFFCF3 0x00000008 False   [] [W]
  706 0x000020A1 0xFFFFFCF3 0x00000008 False   [] [W]
  707 0x000020B1 0xFFFFFCF3 0x00000008 False   [] [W]
  708 0x000020C1 0xFFFFFCF3 0x00000008 False   [] [W]
  709 0x000020D1 0xFFFFFCF3 0x00000008 False   [] [W]
  710 0x000020E1 0xFFFFFCF3 0x00000008 False   [] [W]
  711 0x000020F1 0xFFFFFCF3 0x00000008 False   [] [W]
  712 0x00002481 0xFFFFFCF3 0x00000008 False   [] [W]
  713 0x00002491 0xFFFFFCF3 0x00000008 False   [] [W]
  714 0x000024A1 0xFFFFFCF3 0x00000008 False   [] [W]
  715 0x000024B1 0xFFFFFCF3 0x00000008 False   [] [W]
  716 0x000024C1 0xFFFFFCF3 0x00000008 False   [] [W]
  717 0x000024D1 0xFFFFFCF3 0x00000008 False   [] [W]
  718 0x000024E1 0xFFFFFCF3 0x00000008 False   [] [W]
  719 0x000024F1 0xFFFFFCF3 0x00000008 False   [] [W]
  720 0x00002881 0xFFFFFCF3 0x00000008 False   [] [W]
  721 0x00002891 0xFFFFFCF3 0x00000008 False   [] [W]
  722 0x000028A1 0xFFFFFCF3 0x00000008 False   [] [W]
  723 0x000028B1 0xFFFFFCF3 0x00000008 False   [] [W]
  724 0x000028C1 0xFFFFFCF3 0x00000008 False   [] [W]
  725 0x000028D1 0xFFFFFCF3 0x00000008 False   [] [W]
  726 0x000028E1 0xFFFFFCF3 0x00000008 False   [] [W]
  727 0x000028F1 0xFFFFFCF3 0x00000008 False   [] [W]
  728 0x00002C81 0xFFFFFCF3 0x00000008 False   [] [W]
  729 0x00002C91 0xFFFFFCF3 0x00000008 False   [] [W]
  730 0x00002CA1 0xFFFFFCF3 0x00000008 False   [] [W]
  731 0x00002CB1 0xFFFFFCF3 0x00000008 False   [] [W]
  732 0x00002CC1 0xFFFFFCF3 0x00000008 False   [] [W]
  733 0x00002CD1 0xFFFFFCF3 0x00000008 False   [] [W]
  734 0x00002CE1 0xFFFFFCF3 0x00000008 False   [] [W]
  735 0x00002CF1 0xFFFFFCF3 0x00000008 False   [] [W]
  736 0x00003081 0xFFFFFCF3 0x00000008 False   [] [W]
  737 0x00003091 0xFFFFFCF3 0x00000008 False   [] [W]
  738 0x000030A1 0xFFFFFCF3 0x00000008 False   [] [W]
  739 0x000030B1 0xFFFFFCF3 0x00000008 False   [] [W]
  740 0x000030C1 0xFFFFFCF3 0x00000008 False   [] [W]
  741 0x000030D1 0xFFFFFCF3 0x00000008 False   [] [W]
  742 0x000030E1 0xFFFFFCF3 0x00000008 False   [] [W]
  743 0x000030F1 0xFFFFFCF3 0x00000008 False   [] [W]
  744 0x00003481 0xFFFFFCF3 0x00000008 False   [] [W]
  745 0x00003491 0xFFFFFCF3 0x00000008 False   [] [W]
  746 0x000034A1 0xFFFFFCF3 0x00000008 False   [] [W]
  747 0x000034B1 0xFFFFFCF3 0x00000008 False   [] [W]
  748 0x000034C1 0xFFFFFCF3 0x00000008 False   [] [W]
  749 0x000034D1 0xFFFFFCF3 0x00000008 False   [] [W]
  750 0x000034E1 0xFFFFFCF3 0x00000008 False   [] [W]
  751 0x000034F1 0xFFFFFCF3 0x00000008 False   [] [W]
  752 0x00003881 0xFFFFFCF3 0x00000008 False   [] [W]
  753 0x00003891 0xFFFFFCF3 0x00000008 False   [] [W]
  754 0x000038A1 0xFFFFFCF3 0x00000008 False   [] [W]
  755 0x000038B1 0xFFFFFCF3 0x00000008 False   [] [W]
  756 0x000038C1 0xFFFFFCF3 0x00000008 False   [] [W]
  757 0x000038D1 0xFFFFFCF3 0x00000008 False   [] [W]
  758 0x000038E1 0xFFFFFCF3 0x00000008 False   [] [W]
  759 0x000038F1 0xFFFFFCF3 0x00000008 False   [] [W]
  760 0x00003C81 0xFFFFFCF3 0x00000008 False   [] [W]
  761 0x00003C91 0xFFFFFCF3 0x00000008 False   [] [W]
  762 0x00003CA1 0xFFFFFCF3 0x00000008 False   [] [W]
  763 0x00003CB1 0xFFFFFCF3 0x00000008 False   [] [W]
  764 0x00003CC1 0xFFFFFCF3 0x00000008 False   [] [W]
  765 0x00003CD1 0xFFFFFCF3 0x00000008 False   [] [W]
  766 0x00003CE1 0xFFFFFCF3 0x00000008 False   [] [W]
  767 0x00003CF1 0xFFFFFCF3 0x00000008 False   [] [W]
640 Defaultable entries
