Router contains 1085 entries
Index Key        Mask       Route      Default [Cores][Links]
----- ---------- ---------- ---------- ------- --------------
    0 0x00000000 0xFFFFFCF3 0x00000020 False   [] [S]
    1 0x00000001 0xFFFFFCF3 0x00000020 False   [] [S]
    2 0x00000002 0xFFFFFCF3 0x00000020 False   [] [S]
    3 0x00000003 0xFFFFFCF3 0x00000020 False   [] [S]
    4 0x00000080 0xFFFFFCF3 0x00000020 False   [] [S]
    5 0x00000081 0xFFFFFCF3 0x00000020 False   [] [S]
    6 0x00000082 0xFFFFFCF3 0x00000020 False   [] [S]
    7 0x00000083 0xFFFFFCF3 0x00000020 False   [] [S]
    8 0x00000010 0xFFFFFCF3 0x00000020 False   [] [S]
    9 0x00000011 0xFFFFFCF3 0x00000020 False   [] [S]
   10 0x00000012 0xFFFFFCF3 0x00000020 False   [] [S]
   11 0x00000013 0xFFFFFCF3 0x00000020 False   [] [S]
   12 0x00000090 0xFFFFFCF3 0x00000020 False   [] [S]
   13 0x00000091 0xFFFFFCF3 0x00000020 False   [] [S]
   14 0x00000092 0xFFFFFCF3 0x00000020 False   [] [S]
   15 0x00000093 0xFFFFFCF3 0x00000020 False   [] [S]
   16 0x00000020 0xFFFFFCF3 0x00000020 False   [] [S]
   17 0x00000021 0xFFFFFCF3 0x00000020 False   [] [S]
   18 0x00000022 0xFFFFFCF3 0x00000020 False   [] [S]
   19 0x00000023 0xFFFFFCF3 0x00000020 False   [] [S]
   20 0x000000A0 0xFFFFFCF3 0x00000020 False   [] [S]
   21 0x000000A1 0xFFFFFCF3 0x00000020 False   [] [S]
   22 0x000000A2 0xFFFFFCF3 0x00000020 False   [] [S]
   23 0x000000A3 0xFFFFFCF3 0x00000020 False   [] [S]
   24 0x00000030 0xFFFFFCF3 0x00000020 False   [] [S]
   25 0x00000031 0xFFFFFCF3 0x00000020 False   [] [S]
   26 0x00000032 0xFFFFFCF3 0x00000020 False   [] [S]
   27 0x00000033 0xFFFFFCF3 0x00000020 False   [] [S]
   28 0x000000B0 0xFFFFFCF3 0x00000020 False   [] [S]
   29 0x000000B1 0xFFFFFCF3 0x00000020 False   [] [S]
   30 0x000000B2 0xFFFFFCF3 0x00000020 False   [] [S]
   31 0x000000B3 0xFFFFFCF3 0x00000020 False   [] [S]
   32 0x00000040 0xFFFFFCF3 0x00000020 False   [] [S]
   33 0x00000041 0xFFFFFCF3 0x00000020 False   [] [S]
   34 0x00000042 0xFFFFFCF3 0x00000020 False   [] [S]
   35 0x00000043 0xFFFFFCF3 0x00000020 False   [] [S]
   36 0x000000C0 0xFFFFFCF3 0x00000020 False   [] [S]
   37 0x000000C1 0xFFFFFCF3 0x00000020 False   [] [S]
   38 0x000000C2 0xFFFFFCF3 0x00000020 False   [] [S]
   39 0x000000C3 0xFFFFFCF3 0x00000020 False   [] [S]
   40 0x00000050 0xFFFFFCF3 0x00000020 False   [] [S]
   41 0x00000051 0xFFFFFCF3 0x00000020 False   [] [S]
   42 0x00000052 0xFFFFFCF3 0x00000020 False   [] [S]
   43 0x00000053 0xFFFFFCF3 0x00000020 False   [] [S]
   44 0x000000D0 0xFFFFFCF3 0x00000020 False   [] [S]
   45 0x000000D1 0xFFFFFCF3 0x00000020 False   [] [S]
   46 0x000000D2 0xFFFFFCF3 0x00000020 False   [] [S]
   47 0x000000D3 0xFFFFFCF3 0x00000020 False   [] [S]
   48 0x00000060 0xFFFFFCF3 0x00000020 False   [] [S]
   49 0x00000061 0xFFFFFCF3 0x00000020 False   [] [S]
   50 0x00000062 0xFFFFFCF3 0x00000020 False   [] [S]
   51 0x00000063 0xFFFFFCF3 0x00000020 False   [] [S]
   52 0x000000E0 0xFFFFFCF3 0x00000020 False   [] [S]
   53 0x000000E1 0xFFFFFCF3 0x00000020 False   [] [S]
   54 0x000000E2 0xFFFFFCF3 0x00000020 False   [] [S]
   55 0x000000E3 0xFFFFFCF3 0x00000020 False   [] [S]
   56 0x00000070 0xFFFFFCF3 0x00000020 False   [] [S]
   57 0x00000071 0xFFFFFCF3 0x00000020 False   [] [S]
   58 0x00000072 0xFFFFFCF3 0x00000020 False   [] [S]
   59 0x00000073 0xFFFFFCF3 0x00000020 False   [] [S]
   60 0x000000F0 0xFFFFFCF3 0x00000020 False   [] [S]
   61 0x000000F1 0xFFFFFCF3 0x00000020 False   [] [S]
   62 0x000000F2 0xFFFFFCF3 0x00000020 False   [] [S]
   63 0x000000F3 0xFFFFFCF3 0x00000020 False   [] [S]
   64 0x00000400 0xFFFFFCF3 0x00000020 False   [] [S]
   65 0x00000401 0xFFFFFCF3 0x00000020 False   [] [S]
   66 0x00000402 0xFFFFFCF3 0x00000020 False   [] [S]
   67 0x00000403 0xFFFFFCF3 0x00000020 False   [] [S]
   68 0x00000480 0xFFFFFCF3 0x00000020 False   [] [S]
   69 0x00000481 0xFFFFFCF3 0x00000020 False   [] [S]
   70 0x00000482 0xFFFFFCF3 0x00000020 False   [] [S]
   71 0x00000483 0xFFFFFCF3 0x00000020 False   [] [S]
   72 0x00000410 0xFFFFFCF3 0x00000020 False   [] [S]
   73 0x00000411 0xFFFFFCF3 0x00000020 False   [] [S]
   74 0x00000412 0xFFFFFCF3 0x00000020 False   [] [S]
   75 0x00000413 0xFFFFFCF3 0x00000020 False   [] [S]
   76 0x00000490 0xFFFFFCF3 0x00000020 False   [] [S]
   77 0x00000491 0xFFFFFCF3 0x00000020 False   [] [S]
   78 0x00000492 0xFFFFFCF3 0x00000020 False   [] [S]
   79 0x00000493 0xFFFFFCF3 0x00000020 False   [] [S]
   80 0x00000420 0xFFFFFCF3 0x00000020 False   [] [S]
   81 0x00000421 0xFFFFFCF3 0x00000020 False   [] [S]
   82 0x00000422 0xFFFFFCF3 0x00000020 False   [] [S]
   83 0x00000423 0xFFFFFCF3 0x00000020 False   [] [S]
   84 0x000004A0 0xFFFFFCF3 0x00000020 False   [] [S]
   85 0x000004A1 0xFFFFFCF3 0x00000020 False   [] [S]
   86 0x000004A2 0xFFFFFCF3 0x00000020 False   [] [S]
   87 0x000004A3 0xFFFFFCF3 0x00000020 False   [] [S]
   88 0x00000430 0xFFFFFCF3 0x00000020 False   [] [S]
   89 0x00000431 0xFFFFFCF3 0x00000020 False   [] [S]
   90 0x00000432 0xFFFFFCF3 0x00000020 False   [] [S]
   91 0x00000433 0xFFFFFCF3 0x00000020 False   [] [S]
   92 0x000004B0 0xFFFFFCF3 0x00000020 False   [] [S]
   93 0x000004B1 0xFFFFFCF3 0x00000020 False   [] [S]
   94 0x000004B2 0xFFFFFCF3 0x00000020 False   [] [S]
   95 0x000004B3 0xFFFFFCF3 0x00000020 False   [] [S]
   96 0x00000440 0xFFFFFCF3 0x00000020 False   [] [S]
   97 0x00000441 0xFFFFFCF3 0x00000020 False   [] [S]
   98 0x00000442 0xFFFFFCF3 0x00000020 False   [] [S]
   99 0x00000443 0xFFFFFCF3 0x00000020 False   [] [S]
  100 0x000004C0 0xFFFFFCF3 0x00000020 False   [] [S]
  101 0x000004C1 0xFFFFFCF3 0x00000020 False   [] [S]
  102 0x000004C2 0xFFFFFCF3 0x00000020 False   [] [S]
  103 0x000004C3 0xFFFFFCF3 0x00000020 False   [] [S]
  104 0x00000450 0xFFFFFCF3 0x00000020 False   [] [S]
  105 0x00000451 0xFFFFFCF3 0x00000020 False   [] [S]
  106 0x00000452 0xFFFFFCF3 0x00000020 False   [] [S]
  107 0x00000453 0xFFFFFCF3 0x00000020 False   [] [S]
  108 0x000004D0 0xFFFFFCF3 0x00000020 False   [] [S]
  109 0x000004D1 0xFFFFFCF3 0x00000020 False   [] [S]
  110 0x000004D2 0xFFFFFCF3 0x00000020 False   [] [S]
  111 0x000004D3 0xFFFFFCF3 0x00000020 False   [] [S]
  112 0x00000460 0xFFFFFCF3 0x00000020 False   [] [S]
  113 0x00000461 0xFFFFFCF3 0x00000020 False   [] [S]
  114 0x00000462 0xFFFFFCF3 0x00000020 False   [] [S]
  115 0x00000463 0xFFFFFCF3 0x00000020 False   [] [S]
  116 0x000004E0 0xFFFFFCF3 0x00000020 False   [] [S]
  117 0x000004E1 0xFFFFFCF3 0x00000020 False   [] [S]
  118 0x000004E2 0xFFFFFCF3 0x00000020 False   [] [S]
  119 0x000004E3 0xFFFFFCF3 0x00000020 False   [] [S]
  120 0x00000470 0xFFFFFCF3 0x00000020 False   [] [S]
  121 0x00000471 0xFFFFFCF3 0x00000020 False   [] [S]
  122 0x00000472 0xFFFFFCF3 0x00000020 False   [] [S]
  123 0x00000473 0xFFFFFCF3 0x00000020 False   [] [S]
  124 0x000004F0 0xFFFFFCF3 0x00000020 False   [] [S]
  125 0x000004F1 0xFFFFFCF3 0x00000020 False   [] [S]
  126 0x000004F2 0xFFFFFCF3 0x00000020 False   [] [S]
  127 0x000004F3 0xFFFFFCF3 0x00000020 False   [] [S]
  128 0x00000800 0xFFFFFCF3 0x00000020 False   [] [S]
  129 0x00000801 0xFFFFFCF3 0x00000020 False   [] [S]
  130 0x00000802 0xFFFFFCF3 0x00000020 False   [] [S]
  131 0x00000803 0xFFFFFCF3 0x00000020 False   [] [S]
  132 0x00000880 0xFFFFFCF3 0x00000020 False   [] [S]
  133 0x00000881 0xFFFFFCF3 0x00000020 False   [] [S]
  134 0x00000882 0xFFFFFCF3 0x00000020 False   [] [S]
  135 0x00000883 0xFFFFFCF3 0x00000020 False   [] [S]
  136 0x00000810 0xFFFFFCF3 0x00000020 False   [] [S]
  137 0x00000811 0xFFFFFCF3 0x00000020 False   [] [S]
  138 0x00000812 0xFFFFFCF3 0x00000020 False   [] [S]
  139 0x00000813 0xFFFFFCF3 0x00000020 False   [] [S]
  140 0x00000890 0xFFFFFCF3 0x00000020 False   [] [S]
  141 0x00000891 0xFFFFFCF3 0x00000020 False   [] [S]
  142 0x00000892 0xFFFFFCF3 0x00000020 False   [] [S]
  143 0x00000893 0xFFFFFCF3 0x00000020 False   [] [S]
  144 0x00000820 0xFFFFFCF3 0x00000020 False   [] [S]
  145 0x00000821 0xFFFFFCF3 0x00000020 False   [] [S]
  146 0x00000822 0xFFFFFCF3 0x00000020 False   [] [S]
  147 0x00000823 0xFFFFFCF3 0x00000020 False   [] [S]
  148 0x000008A0 0xFFFFFCF3 0x00000020 False   [] [S]
  149 0x000008A1 0xFFFFFCF3 0x00000020 False   [] [S]
  150 0x000008A2 0xFFFFFCF3 0x00000020 False   [] [S]
  151 0x000008A3 0xFFFFFCF3 0x00000020 False   [] [S]
  152 0x00000830 0xFFFFFCF3 0x00000020 False   [] [S]
  153 0x00000831 0xFFFFFCF3 0x00000020 False   [] [S]
  154 0x00000832 0xFFFFFCF3 0x00000020 False   [] [S]
  155 0x00000833 0xFFFFFCF3 0x00000020 False   [] [S]
  156 0x000008B0 0xFFFFFCF3 0x00000020 False   [] [S]
  157 0x000008B1 0xFFFFFCF3 0x00000020 False   [] [S]
  158 0x000008B2 0xFFFFFCF3 0x00000020 False   [] [S]
  159 0x000008B3 0xFFFFFCF3 0x00000020 False   [] [S]
  160 0x00000840 0xFFFFFCF3 0x00000020 False   [] [S]
  161 0x00000841 0xFFFFFCF3 0x00000020 False   [] [S]
  162 0x00000842 0xFFFFFCF3 0x00000020 False   [] [S]
  163 0x00000843 0xFFFFFCF3 0x00000020 False   [] [S]
  164 0x000008C0 0xFFFFFCF3 0x00000020 False   [] [S]
  165 0x000008C1 0xFFFFFCF3 0x00000020 False   [] [S]
  166 0x000008C2 0xFFFFFCF3 0x00000020 False   [] [S]
  167 0x000008C3 0xFFFFFCF3 0x00000020 False   [] [S]
  168 0x00000850 0xFFFFFCF3 0x00000020 False   [] [S]
  169 0x00000851 0xFFFFFCF3 0x00000020 False   [] [S]
  170 0x00000852 0xFFFFFCF3 0x00000020 False   [] [S]
  171 0x00000853 0xFFFFFCF3 0x00000020 False   [] [S]
  172 0x000008D0 0xFFFFFCF3 0x00000020 False   [] [S]
  173 0x000008D1 0xFFFFFCF3 0x00000020 False   [] [S]
  174 0x000008D2 0xFFFFFCF3 0x00000020 False   [] [S]
  175 0x000008D3 0xFFFFFCF3 0x00000020 False   [] [S]
  176 0x00000860 0xFFFFFCF3 0x00000020 False   [] [S]
  177 0x00000861 0xFFFFFCF3 0x00000020 False   [] [S]
  178 0x00000862 0xFFFFFCF3 0x00000020 False   [] [S]
  179 0x00000863 0xFFFFFCF3 0x00000020 False   [] [S]
  180 0x000008E0 0xFFFFFCF3 0x00000020 False   [] [S]
  181 0x000008E1 0xFFFFFCF3 0x00000020 False   [] [S]
  182 0x000008E2 0xFFFFFCF3 0x00000020 False   [] [S]
  183 0x000008E3 0xFFFFFCF3 0x00000020 False   [] [S]
  184 0x00000870 0xFFFFFCF3 0x00000020 False   [] [S]
  185 0x00000871 0xFFFFFCF3 0x00000020 False   [] [S]
  186 0x00000872 0xFFFFFCF3 0x00000020 False   [] [S]
  187 0x00000873 0xFFFFFCF3 0x00000020 False   [] [S]
  188 0x000008F0 0xFFFFFCF3 0x00000020 False   [] [S]
  189 0x000008F1 0xFFFFFCF3 0x00000020 False   [] [S]
  190 0x000008F2 0xFFFFFCF3 0x00000020 False   [] [S]
  191 0x000008F3 0xFFFFFCF3 0x00000020 False   [] [S]
  192 0x00000C00 0xFFFFFCF3 0x00000020 False   [] [S]
  193 0x00000C01 0xFFFFFCF3 0x00000020 False   [] [S]
  194 0x00000C02 0xFFFFFCF3 0x00000020 False   [] [S]
  195 0x00000C03 0xFFFFFCF3 0x00000020 False   [] [S]
  196 0x00000C80 0xFFFFFCF3 0x00000020 False   [] [S]
  197 0x00000C81 0xFFFFFCF3 0x00000020 False   [] [S]
  198 0x00000C82 0xFFFFFCF3 0x00000020 False   [] [S]
  199 0x00000C83 0xFFFFFCF3 0x00000020 False   [] [S]
  200 0x00000C10 0xFFFFFCF3 0x00000020 False   [] [S]
  201 0x00000C11 0xFFFFFCF3 0x00000020 False   [] [S]
  202 0x00000C12 0xFFFFFCF3 0x00000020 False   [] [S]
  203 0x00000C13 0xFFFFFCF3 0x00000020 False   [] [S]
  204 0x00000C90 0xFFFFFCF3 0x00000020 False   [] [S]
  205 0x00000C91 0xFFFFFCF3 0x00000020 False   [] [S]
  206 0x00000C92 0xFFFFFCF3 0x00000020 False   [] [S]
  207 0x00000C93 0xFFFFFCF3 0x00000020 False   [] [S]
  208 0x00000C20 0xFFFFFCF3 0x00000020 False   [] [S]
  209 0x00000C21 0xFFFFFCF3 0x00000020 False   [] [S]
  210 0x00000C22 0xFFFFFCF3 0x00000020 False   [] [S]
  211 0x00000C23 0xFFFFFCF3 0x00000020 False   [] [S]
  212 0x00000CA0 0xFFFFFCF3 0x00000020 False   [] [S]
  213 0x00000CA1 0xFFFFFCF3 0x00000020 False   [] [S]
  214 0x00000CA2 0xFFFFFCF3 0x00000020 False   [] [S]
  215 0x00000CA3 0xFFFFFCF3 0x00000020 False   [] [S]
  216 0x00000C30 0xFFFFFCF3 0x00000020 False   [] [S]
  217 0x00000C31 0xFFFFFCF3 0x00000020 False   [] [S]
  218 0x00000C32 0xFFFFFCF3 0x00000020 False   [] [S]
  219 0x00000C33 0xFFFFFCF3 0x00000020 False   [] [S]
  220 0x00000CB0 0xFFFFFCF3 0x00000020 False   [] [S]
  221 0x00000CB1 0xFFFFFCF3 0x00000020 False   [] [S]
  222 0x00000CB2 0xFFFFFCF3 0x00000020 False   [] [S]
  223 0x00000CB3 0xFFFFFCF3 0x00000020 False   [] [S]
  224 0x00000C40 0xFFFFFCF3 0x00000020 False   [] [S]
  225 0x00000C41 0xFFFFFCF3 0x00000020 False   [] [S]
  226 0x00000C42 0xFFFFFCF3 0x00000020 False   [] [S]
  227 0x00000C43 0xFFFFFCF3 0x00000020 False   [] [S]
  228 0x00000CC0 0xFFFFFCF3 0x00000020 False   [] [S]
  229 0x00000CC1 0xFFFFFCF3 0x00000020 False   [] [S]
  230 0x00000CC2 0xFFFFFCF3 0x00000020 False   [] [S]
  231 0x00000CC3 0xFFFFFCF3 0x00000020 False   [] [S]
  232 0x00000C50 0xFFFFFCF3 0x00000020 False   [] [S]
  233 0x00000C51 0xFFFFFCF3 0x00000020 False   [] [S]
  234 0x00000C52 0xFFFFFCF3 0x00000020 False   [] [S]
  235 0x00000C53 0xFFFFFCF3 0x00000020 False   [] [S]
  236 0x00000CD0 0xFFFFFCF3 0x00000020 False   [] [S]
  237 0x00000CD1 0xFFFFFCF3 0x00000020 False   [] [S]
  238 0x00000CD2 0xFFFFFCF3 0x00000020 False   [] [S]
  239 0x00000CD3 0xFFFFFCF3 0x00000020 False   [] [S]
  240 0x00000C60 0xFFFFFCF3 0x00000020 False   [] [S]
  241 0x00000C61 0xFFFFFCF3 0x00000020 False   [] [S]
  242 0x00000C62 0xFFFFFCF3 0x00000020 False   [] [S]
  243 0x00000C63 0xFFFFFCF3 0x00000020 False   [] [S]
  244 0x00000CE0 0xFFFFFCF3 0x00000020 False   [] [S]
  245 0x00000CE1 0xFFFFFCF3 0x00000020 False   [] [S]
  246 0x00000CE2 0xFFFFFCF3 0x00000020 False   [] [S]
  247 0x00000CE3 0xFFFFFCF3 0x00000020 False   [] [S]
  248 0x00000C70 0xFFFFFCF3 0x00000020 False   [] [S]
  249 0x00000C71 0xFFFFFCF3 0x00000020 False   [] [S]
  250 0x00000C72 0xFFFFFCF3 0x00000020 False   [] [S]
  251 0x00000C73 0xFFFFFCF3 0x00000020 False   [] [S]
  252 0x00000CF0 0xFFFFFCF3 0x00000020 False   [] [S]
  253 0x00000CF1 0xFFFFFCF3 0x00000020 False   [] [S]
  254 0x00000CF2 0xFFFFFCF3 0x00000020 False   [] [S]
  255 0x00000CF3 0xFFFFFCF3 0x00000020 False   [] [S]
  256 0x00001000 0xFFFFFCF3 0x00000020 False   [] [S]
  257 0x00001001 0xFFFFFCF3 0x00000020 False   [] [S]
  258 0x00001002 0xFFFFFCF3 0x00000020 False   [] [S]
  259 0x00001003 0xFFFFFCF3 0x00000020 False   [] [S]
  260 0x00001080 0xFFFFFCF3 0x00000020 False   [] [S]
  261 0x00001081 0xFFFFFCF3 0x00000020 False   [] [S]
  262 0x00001082 0xFFFFFCF3 0x00000020 False   [] [S]
  263 0x00001083 0xFFFFFCF3 0x00000020 False   [] [S]
  264 0x00001010 0xFFFFFCF3 0x00000020 False   [] [S]
  265 0x00001011 0xFFFFFCF3 0x00000020 False   [] [S]
  266 0x00001012 0xFFFFFCF3 0x00000020 False   [] [S]
  267 0x00001013 0xFFFFFCF3 0x00000020 False   [] [S]
  268 0x00001090 0xFFFFFCF3 0x00000020 False   [] [S]
  269 0x00001091 0xFFFFFCF3 0x00000020 False   [] [S]
  270 0x00001092 0xFFFFFCF3 0x00000020 False   [] [S]
  271 0x00001093 0xFFFFFCF3 0x00000020 False   [] [S]
  272 0x00001020 0xFFFFFCF3 0x00000020 False   [] [S]
  273 0x00001021 0xFFFFFCF3 0x00000020 False   [] [S]
  274 0x00001022 0xFFFFFCF3 0x00000020 False   [] [S]
  275 0x00001023 0xFFFFFCF3 0x00000020 False   [] [S]
  276 0x000010A0 0xFFFFFCF3 0x00000020 False   [] [S]
  277 0x000010A1 0xFFFFFCF3 0x00000020 False   [] [S]
  278 0x000010A2 0xFFFFFCF3 0x00000020 False   [] [S]
  279 0x000010A3 0xFFFFFCF3 0x00000020 False   [] [S]
  280 0x00001030 0xFFFFFCF3 0x00000020 False   [] [S]
  281 0x00001031 0xFFFFFCF3 0x00000020 False   [] [S]
  282 0x00001032 0xFFFFFCF3 0x00000020 False   [] [S]
  283 0x00001033 0xFFFFFCF3 0x00000020 False   [] [S]
  284 0x000010B0 0xFFFFFCF3 0x00000020 False   [] [S]
  285 0x000010B1 0xFFFFFCF3 0x00000020 False   [] [S]
  286 0x000010B2 0xFFFFFCF3 0x00000020 False   [] [S]
  287 0x000010B3 0xFFFFFCF3 0x00000020 False   [] [S]
  288 0x00001040 0xFFFFFCF3 0x00000020 False   [] [S]
  289 0x00001041 0xFFFFFCF3 0x00000020 False   [] [S]
  290 0x00001042 0xFFFFFCF3 0x00000020 False   [] [S]
  291 0x00001043 0xFFFFFCF3 0x00000020 False   [] [S]
  292 0x000010C0 0xFFFFFCF3 0x00000020 False   [] [S]
  293 0x000010C1 0xFFFFFCF3 0x00000020 False   [] [S]
  294 0x000010C2 0xFFFFFCF3 0x00000020 False   [] [S]
  295 0x000010C3 0xFFFFFCF3 0x00000020 False   [] [S]
  296 0x00001050 0xFFFFFCF3 0x00000020 False   [] [S]
  297 0x00001051 0xFFFFFCF3 0x00000020 False   [] [S]
  298 0x00001052 0xFFFFFCF3 0x00000020 False   [] [S]
  299 0x00001053 0xFFFFFCF3 0x00000020 False   [] [S]
  300 0x000010D0 0xFFFFFCF3 0x00000020 False   [] [S]
  301 0x000010D1 0xFFFFFCF3 0x00000020 False   [] [S]
  302 0x000010D2 0xFFFFFCF3 0x00000020 False   [] [S]
  303 0x000010D3 0xFFFFFCF3 0x00000020 False   [] [S]
  304 0x00001060 0xFFFFFCF3 0x00000020 False   [] [S]
  305 0x00001061 0xFFFFFCF3 0x00000020 False   [] [S]
  306 0x00001062 0xFFFFFCF3 0x00000020 False   [] [S]
  307 0x00001063 0xFFFFFCF3 0x00000020 False   [] [S]
  308 0x000010E0 0xFFFFFCF3 0x00000020 False   [] [S]
  309 0x000010E1 0xFFFFFCF3 0x00000020 False   [] [S]
  310 0x000010E2 0xFFFFFCF3 0x00000020 False   [] [S]
  311 0x000010E3 0xFFFFFCF3 0x00000020 False   [] [S]
  312 0x00001070 0xFFFFFCF3 0x00000020 False   [] [S]
  313 0x00001071 0xFFFFFCF3 0x00000020 False   [] [S]
  314 0x00001072 0xFFFFFCF3 0x00000020 False   [] [S]
  315 0x00001073 0xFFFFFCF3 0x00000020 False   [] [S]
  316 0x000010F0 0xFFFFFCF3 0x00000020 False   [] [S]
  317 0x000010F1 0xFFFFFCF3 0x00000020 False   [] [S]
  318 0x000010F2 0xFFFFFCF3 0x00000020 False   [] [S]
  319 0x000010F3 0xFFFFFCF3 0x00000020 False   [] [S]
  320 0x00001400 0xFFFFFCF3 0x00000020 False   [] [S]
  321 0x00001401 0xFFFFFCF3 0x00000020 False   [] [S]
  322 0x00001402 0xFFFFFCF3 0x00000020 False   [] [S]
  323 0x00001403 0xFFFFFCF3 0x00000020 False   [] [S]
  324 0x00001480 0xFFFFFCF3 0x00000020 False   [] [S]
  325 0x00001481 0xFFFFFCF3 0x00000020 False   [] [S]
  326 0x00001482 0xFFFFFCF3 0x00000020 False   [] [S]
  327 0x00001483 0xFFFFFCF3 0x00000020 False   [] [S]
  328 0x00001410 0xFFFFFCF3 0x00000020 False   [] [S]
  329 0x00001411 0xFFFFFCF3 0x00000020 False   [] [S]
  330 0x00001412 0xFFFFFCF3 0x00000020 False   [] [S]
  331 0x00001413 0xFFFFFCF3 0x00000020 False   [] [S]
  332 0x00001490 0xFFFFFCF3 0x00000020 False   [] [S]
  333 0x00001491 0xFFFFFCF3 0x00000020 False   [] [S]
  334 0x00001492 0xFFFFFCF3 0x00000020 False   [] [S]
  335 0x00001493 0xFFFFFCF3 0x00000020 False   [] [S]
  336 0x00001420 0xFFFFFCF3 0x00000020 False   [] [S]
  337 0x00001421 0xFFFFFCF3 0x00000020 False   [] [S]
  338 0x00001422 0xFFFFFCF3 0x00000020 False   [] [S]
  339 0x00001423 0xFFFFFCF3 0x00000020 False   [] [S]
  340 0x000014A0 0xFFFFFCF3 0x00000020 False   [] [S]
  341 0x000014A1 0xFFFFFCF3 0x00000020 False   [] [S]
  342 0x000014A2 0xFFFFFCF3 0x00000020 False   [] [S]
  343 0x000014A3 0xFFFFFCF3 0x00000020 False   [] [S]
  344 0x00001430 0xFFFFFCF3 0x00000020 False   [] [S]
  345 0x00001431 0xFFFFFCF3 0x00000020 False   [] [S]
  346 0x00001432 0xFFFFFCF3 0x00000020 False   [] [S]
  347 0x00001433 0xFFFFFCF3 0x00000020 False   [] [S]
  348 0x000014B0 0xFFFFFCF3 0x00000020 False   [] [S]
  349 0x000014B1 0xFFFFFCF3 0x00000020 False   [] [S]
  350 0x000014B2 0xFFFFFCF3 0x00000020 False   [] [S]
  351 0x000014B3 0xFFFFFCF3 0x00000020 False   [] [S]
  352 0x00001440 0xFFFFFCF3 0x00000020 False   [] [S]
  353 0x00001441 0xFFFFFCF3 0x00000020 False   [] [S]
  354 0x00001442 0xFFFFFCF3 0x00000020 False   [] [S]
  355 0x00001443 0xFFFFFCF3 0x00000020 False   [] [S]
  356 0x000014C0 0xFFFFFCF3 0x00000020 False   [] [S]
  357 0x000014C1 0xFFFFFCF3 0x00000020 False   [] [S]
  358 0x000014C2 0xFFFFFCF3 0x00000020 False   [] [S]
  359 0x000014C3 0xFFFFFCF3 0x00000020 False   [] [S]
  360 0x00001450 0xFFFFFCF3 0x00000020 False   [] [S]
  361 0x00001451 0xFFFFFCF3 0x00000020 False   [] [S]
  362 0x00001452 0xFFFFFCF3 0x00000020 False   [] [S]
  363 0x00001453 0xFFFFFCF3 0x00000020 False   [] [S]
  364 0x000014D0 0xFFFFFCF3 0x00000020 False   [] [S]
  365 0x000014D1 0xFFFFFCF3 0x00000020 False   [] [S]
  366 0x000014D2 0xFFFFFCF3 0x00000020 False   [] [S]
  367 0x000014D3 0xFFFFFCF3 0x00000020 False   [] [S]
  368 0x00001460 0xFFFFFCF3 0x00000020 False   [] [S]
  369 0x00001461 0xFFFFFCF3 0x00000020 False   [] [S]
  370 0x00001462 0xFFFFFCF3 0x00000020 False   [] [S]
  371 0x00001463 0xFFFFFCF3 0x00000020 False   [] [S]
  372 0x000014E0 0xFFFFFCF3 0x00000020 False   [] [S]
  373 0x000014E1 0xFFFFFCF3 0x00000020 False   [] [S]
  374 0x000014E2 0xFFFFFCF3 0x00000020 False   [] [S]
  375 0x000014E3 0xFFFFFCF3 0x00000020 False   [] [S]
  376 0x00001470 0xFFFFFCF3 0x00000020 False   [] [S]
  377 0x00001471 0xFFFFFCF3 0x00000020 False   [] [S]
  378 0x00001472 0xFFFFFCF3 0x00000020 False   [] [S]
  379 0x00001473 0xFFFFFCF3 0x00000020 False   [] [S]
  380 0x000014F0 0xFFFFFCF3 0x00000020 False   [] [S]
  381 0x000014F1 0xFFFFFCF3 0x00000020 False   [] [S]
  382 0x000014F2 0xFFFFFCF3 0x00000020 False   [] [S]
  383 0x000014F3 0xFFFFFCF3 0x00000020 False   [] [S]
  384 0x00001800 0xFFFFFCF3 0x00000020 False   [] [S]
  385 0x00001801 0xFFFFFCF3 0x00000020 False   [] [S]
  386 0x00001802 0xFFFFFCF3 0x00000020 False   [] [S]
  387 0x00001803 0xFFFFFCF3 0x00000020 False   [] [S]
  388 0x00001880 0xFFFFFCF3 0x00000020 False   [] [S]
  389 0x00001881 0xFFFFFCF3 0x00000020 False   [] [S]
  390 0x00001882 0xFFFFFCF3 0x00000020 False   [] [S]
  391 0x00001883 0xFFFFFCF3 0x00000020 False   [] [S]
  392 0x00001810 0xFFFFFCF3 0x00000020 False   [] [S]
  393 0x00001811 0xFFFFFCF3 0x00000020 False   [] [S]
  394 0x00001812 0xFFFFFCF3 0x00000020 False   [] [S]
  395 0x00001813 0xFFFFFCF3 0x00000020 False   [] [S]
  396 0x00001890 0xFFFFFCF3 0x00000020 False   [] [S]
  397 0x00001891 0xFFFFFCF3 0x00000020 False   [] [S]
  398 0x00001892 0xFFFFFCF3 0x00000020 False   [] [S]
  399 0x00001893 0xFFFFFCF3 0x00000020 False   [] [S]
  400 0x00001820 0xFFFFFCF3 0x00000020 False   [] [S]
  401 0x00001821 0xFFFFFCF3 0x00000020 False   [] [S]
  402 0x00001822 0xFFFFFCF3 0x00000020 False   [] [S]
  403 0x00001823 0xFFFFFCF3 0x00000020 False   [] [S]
  404 0x000018A0 0xFFFFFCF3 0x00000020 False   [] [S]
  405 0x000018A1 0xFFFFFCF3 0x00000020 False   [] [S]
  406 0x000018A2 0xFFFFFCF3 0x00000020 False   [] [S]
  407 0x000018A3 0xFFFFFCF3 0x00000020 False   [] [S]
  408 0x00001830 0xFFFFFCF3 0x00000020 False   [] [S]
  409 0x00001831 0xFFFFFCF3 0x00000020 False   [] [S]
  410 0x00001832 0xFFFFFCF3 0x00000020 False   [] [S]
  411 0x00001833 0xFFFFFCF3 0x00000020 False   [] [S]
  412 0x000018B0 0xFFFFFCF3 0x00000020 False   [] [S]
  413 0x000018B1 0xFFFFFCF3 0x00000020 False   [] [S]
  414 0x000018B2 0xFFFFFCF3 0x00000020 False   [] [S]
  415 0x000018B3 0xFFFFFCF3 0x00000020 False   [] [S]
  416 0x00001840 0xFFFFFCF3 0x00000020 False   [] [S]
  417 0x00001841 0xFFFFFCF3 0x00000020 False   [] [S]
  418 0x00001842 0xFFFFFCF3 0x00000020 False   [] [S]
  419 0x00001843 0xFFFFFCF3 0x00000020 False   [] [S]
  420 0x000018C0 0xFFFFFCF3 0x00000020 False   [] [S]
  421 0x000018C1 0xFFFFFCF3 0x00000020 False   [] [S]
  422 0x000018C2 0xFFFFFCF3 0x00000020 False   [] [S]
  423 0x000018C3 0xFFFFFCF3 0x00000020 False   [] [S]
  424 0x00001850 0xFFFFFCF3 0x00000020 False   [] [S]
  425 0x00001851 0xFFFFFCF3 0x00000020 False   [] [S]
  426 0x00001852 0xFFFFFCF3 0x00000020 False   [] [S]
  427 0x00001853 0xFFFFFCF3 0x00000020 False   [] [S]
  428 0x000018D0 0xFFFFFCF3 0x00000020 False   [] [S]
  429 0x000018D1 0xFFFFFCF3 0x00000020 False   [] [S]
  430 0x000018D2 0xFFFFFCF3 0x00000020 False   [] [S]
  431 0x000018D3 0xFFFFFCF3 0x00000020 False   [] [S]
  432 0x00001860 0xFFFFFCF3 0x00000020 False   [] [S]
  433 0x00001861 0xFFFFFCF3 0x00000020 False   [] [S]
  434 0x00001862 0xFFFFFCF3 0x00000020 False   [] [S]
  435 0x00001863 0xFFFFFCF3 0x00000020 False   [] [S]
  436 0x000018E0 0xFFFFFCF3 0x00000020 False   [] [S]
  437 0x000018E1 0xFFFFFCF3 0x00000020 False   [] [S]
  438 0x000018E2 0xFFFFFCF3 0x00000020 False   [] [S]
  439 0x000018E3 0xFFFFFCF3 0x00000020 False   [] [S]
  440 0x00001870 0xFFFFFCF3 0x00000020 False   [] [S]
  441 0x00001871 0xFFFFFCF3 0x00000020 False   [] [S]
  442 0x00001872 0xFFFFFCF3 0x00000020 False   [] [S]
  443 0x00001873 0xFFFFFCF3 0x00000020 False   [] [S]
  444 0x000018F0 0xFFFFFCF3 0x00000020 False   [] [S]
  445 0x000018F1 0xFFFFFCF3 0x00000020 False   [] [S]
  446 0x000018F2 0xFFFFFCF3 0x00000020 False   [] [S]
  447 0x000018F3 0xFFFFFCF3 0x00000020 False   [] [S]
  448 0x00001C00 0xFFFFFCF3 0x00000020 False   [] [S]
  449 0x00001C01 0xFFFFFCF3 0x00000020 False   [] [S]
  450 0x00001C02 0xFFFFFCF3 0x00000020 False   [] [S]
  451 0x00001C03 0xFFFFFCF3 0x00000020 False   [] [S]
  452 0x00001C80 0xFFFFFCF3 0x00000020 False   [] [S]
  453 0x00001C81 0xFFFFFCF3 0x00000020 False   [] [S]
  454 0x00001C82 0xFFFFFCF3 0x00000020 False   [] [S]
  455 0x00001C83 0xFFFFFCF3 0x00000020 False   [] [S]
  456 0x00001C10 0xFFFFFCF3 0x00000020 False   [] [S]
  457 0x00001C11 0xFFFFFCF3 0x00000020 False   [] [S]
  458 0x00001C12 0xFFFFFCF3 0x00000020 False   [] [S]
  459 0x00001C13 0xFFFFFCF3 0x00000020 False   [] [S]
  460 0x00001C90 0xFFFFFCF3 0x00000020 False   [] [S]
  461 0x00001C91 0xFFFFFCF3 0x00000020 False   [] [S]
  462 0x00001C92 0xFFFFFCF3 0x00000020 False   [] [S]
  463 0x00001C93 0xFFFFFCF3 0x00000020 False   [] [S]
  464 0x00001C20 0xFFFFFCF3 0x00000020 False   [] [S]
  465 0x00001C21 0xFFFFFCF3 0x00000020 False   [] [S]
  466 0x00001C22 0xFFFFFCF3 0x00000020 False   [] [S]
  467 0x00001C23 0xFFFFFCF3 0x00000020 False   [] [S]
  468 0x00001CA0 0xFFFFFCF3 0x00000020 False   [] [S]
  469 0x00001CA1 0xFFFFFCF3 0x00000020 False   [] [S]
  470 0x00001CA2 0xFFFFFCF3 0x00000020 False   [] [S]
  471 0x00001CA3 0xFFFFFCF3 0x00000020 False   [] [S]
  472 0x00001C30 0xFFFFFCF3 0x00000020 False   [] [S]
  473 0x00001C31 0xFFFFFCF3 0x00000020 False   [] [S]
  474 0x00001C32 0xFFFFFCF3 0x00000020 False   [] [S]
  475 0x00001C33 0xFFFFFCF3 0x00000020 False   [] [S]
  476 0x00001CB0 0xFFFFFCF3 0x00000020 False   [] [S]
  477 0x00001CB1 0xFFFFFCF3 0x00000020 False   [] [S]
  478 0x00001CB2 0xFFFFFCF3 0x00000020 False   [] [S]
  479 0x00001CB3 0xFFFFFCF3 0x00000020 False   [] [S]
  480 0x00001C40 0xFFFFFCF3 0x00000020 False   [] [S]
  481 0x00001C41 0xFFFFFCF3 0x00000020 False   [] [S]
  482 0x00001C42 0xFFFFFCF3 0x00000020 False   [] [S]
  483 0x00001C43 0xFFFFFCF3 0x00000020 False   [] [S]
  484 0x00001CC0 0xFFFFFCF3 0x00000020 False   [] [S]
  485 0x00001CC1 0xFFFFFCF3 0x00000020 False   [] [S]
  486 0x00001CC2 0xFFFFFCF3 0x00000020 False   [] [S]
  487 0x00001CC3 0xFFFFFCF3 0x00000020 False   [] [S]
  488 0x00001C50 0xFFFFFCF3 0x00000020 False   [] [S]
  489 0x00001C51 0xFFFFFCF3 0x00000020 False   [] [S]
  490 0x00001C52 0xFFFFFCF3 0x00000020 False   [] [S]
  491 0x00001C53 0xFFFFFCF3 0x00000020 False   [] [S]
  492 0x00001CD0 0xFFFFFCF3 0x00000020 False   [] [S]
  493 0x00001CD1 0xFFFFFCF3 0x00000020 False   [] [S]
  494 0x00001CD2 0xFFFFFCF3 0x00000020 False   [] [S]
  495 0x00001CD3 0xFFFFFCF3 0x00000020 False   [] [S]
  496 0x00001C60 0xFFFFFCF3 0x00000020 False   [] [S]
  497 0x00001C61 0xFFFFFCF3 0x00000020 False   [] [S]
  498 0x00001C62 0xFFFFFCF3 0x00000020 False   [] [S]
  499 0x00001C63 0xFFFFFCF3 0x00000020 False   [] [S]
  500 0x00001CE0 0xFFFFFCF3 0x00000020 False   [] [S]
  501 0x00001CE1 0xFFFFFCF3 0x00000020 False   [] [S]
  502 0x00001CE2 0xFFFFFCF3 0x00000020 False   [] [S]
  503 0x00001CE3 0xFFFFFCF3 0x00000020 False   [] [S]
  504 0x00001C70 0xFFFFFCF3 0x00000020 False   [] [S]
  505 0x00001C71 0xFFFFFCF3 0x00000020 False   [] [S]
  506 0x00001C72 0xFFFFFCF3 0x00000020 False   [] [S]
  507 0x00001C73 0xFFFFFCF3 0x00000020 False   [] [S]
  508 0x00001CF0 0xFFFFFCF3 0x00000020 False   [] [S]
  509 0x00001CF1 0xFFFFFCF3 0x00000020 False   [] [S]
  510 0x00001CF2 0xFFFFFCF3 0x00000020 False   [] [S]
  511 0x00001CF3 0xFFFFFCF3 0x00000020 False   [] [S]
  512 0x00002000 0xFFFFFCF3 0x00000020 False   [] [S]
  513 0x00002001 0xFFFFFCF3 0x00000020 False   [] [S]
  514 0x00002002 0xFFFFFCF3 0x00000020 False   [] [S]
  515 0x00002003 0xFFFFFCF3 0x00000020 False   [] [S]
  516 0x00002080 0xFFFFFCF3 0x00000020 False   [] [S]
  517 0x00002081 0xFFFFFCF3 0x00000020 False   [] [S]
  518 0x00002082 0xFFFFFCF3 0x00000020 False   [] [S]
  519 0x00002083 0xFFFFFCF3 0x00000020 False   [] [S]
  520 0x00002010 0xFFFFFCF3 0x00000020 False   [] [S]
  521 0x00002011 0xFFFFFCF3 0x00000020 False   [] [S]
  522 0x00002012 0xFFFFFCF3 0x00000020 False   [] [S]
  523 0x00002013 0xFFFFFCF3 0x00000020 False   [] [S]
  524 0x00002090 0xFFFFFCF3 0x00000020 False   [] [S]
  525 0x00002091 0xFFFFFCF3 0x00000020 False   [] [S]
  526 0x00002092 0xFFFFFCF3 0x00000020 False   [] [S]
  527 0x00002093 0xFFFFFCF3 0x00000020 False   [] [S]
  528 0x00002020 0xFFFFFCF3 0x00000020 False   [] [S]
  529 0x00002021 0xFFFFFCF3 0x00000020 False   [] [S]
  530 0x00002022 0xFFFFFCF3 0x00000020 False   [] [S]
  531 0x00002023 0xFFFFFCF3 0x00000020 False   [] [S]
  532 0x000020A0 0xFFFFFCF3 0x00000020 False   [] [S]
  533 0x000020A1 0xFFFFFCF3 0x00000020 False   [] [S]
  534 0x000020A2 0xFFFFFCF3 0x00000020 False   [] [S]
  535 0x000020A3 0xFFFFFCF3 0x00000020 False   [] [S]
  536 0x00002030 0xFFFFFCF3 0x00000020 False   [] [S]
  537 0x00002031 0xFFFFFCF3 0x00000020 False   [] [S]
  538 0x00002032 0xFFFFFCF3 0x00000020 False   [] [S]
  539 0x00002033 0xFFFFFCF3 0x00000020 False   [] [S]
  540 0x000020B0 0xFFFFFCF3 0x00000020 False   [] [S]
  541 0x000020B1 0xFFFFFCF3 0x00000020 False   [] [S]
  542 0x000020B2 0xFFFFFCF3 0x00000020 False   [] [S]
  543 0x000020B3 0xFFFFFCF3 0x00000020 False   [] [S]
  544 0x00002040 0xFFFFFCF3 0x00000020 False   [] [S]
  545 0x00002041 0xFFFFFCF3 0x00000020 False   [] [S]
  546 0x00002042 0xFFFFFCF3 0x00000020 False   [] [S]
  547 0x00002043 0xFFFFFCF3 0x00000020 False   [] [S]
  548 0x000020C0 0xFFFFFCF3 0x00000020 False   [] [S]
  549 0x000020C1 0xFFFFFCF3 0x00000020 False   [] [S]
  550 0x000020C2 0xFFFFFCF3 0x00000020 False   [] [S]
  551 0x000020C3 0xFFFFFCF3 0x00000020 False   [] [S]
  552 0x00002050 0xFFFFFCF3 0x00000020 False   [] [S]
  553 0x00002051 0xFFFFFCF3 0x00000020 False   [] [S]
  554 0x00002052 0xFFFFFCF3 0x00000020 False   [] [S]
  555 0x00002053 0xFFFFFCF3 0x00000020 False   [] [S]
  556 0x000020D0 0xFFFFFCF3 0x00000020 False   [] [S]
  557 0x000020D1 0xFFFFFCF3 0x00000020 False   [] [S]
  558 0x000020D2 0xFFFFFCF3 0x00000020 False   [] [S]
  559 0x000020D3 0xFFFFFCF3 0x00000020 False   [] [S]
  560 0x00002060 0xFFFFFCF3 0x00000020 False   [] [S]
  561 0x00002061 0xFFFFFCF3 0x00000020 False   [] [S]
  562 0x00002062 0xFFFFFCF3 0x00000020 False   [] [S]
  563 0x00002063 0xFFFFFCF3 0x00000020 False   [] [S]
  564 0x000020E0 0xFFFFFCF3 0x00000020 False   [] [S]
  565 0x000020E1 0xFFFFFCF3 0x00000020 False   [] [S]
  566 0x000020E2 0xFFFFFCF3 0x00000020 False   [] [S]
  567 0x000020E3 0xFFFFFCF3 0x00000020 False   [] [S]
  568 0x00002070 0xFFFFFCF3 0x00000020 False   [] [S]
  569 0x00002071 0xFFFFFCF3 0x00000020 False   [] [S]
  570 0x00002072 0xFFFFFCF3 0x00000020 False   [] [S]
  571 0x00002073 0xFFFFFCF3 0x00000020 False   [] [S]
  572 0x000020F0 0xFFFFFCF3 0x00000020 False   [] [S]
  573 0x000020F1 0xFFFFFCF3 0x00000020 False   [] [S]
  574 0x000020F2 0xFFFFFCF3 0x00000020 False   [] [S]
  575 0x000020F3 0xFFFFFCF3 0x00000020 False   [] [S]
  576 0x00002400 0xFFFFFCF3 0x00000020 False   [] [S]
  577 0x00002401 0xFFFFFCF3 0x00000020 False   [] [S]
  578 0x00002402 0xFFFFFCF3 0x00000020 False   [] [S]
  579 0x00002403 0xFFFFFCF3 0x00000020 False   [] [S]
  580 0x00002480 0xFFFFFCF3 0x00000020 False   [] [S]
  581 0x00002481 0xFFFFFCF3 0x00000020 False   [] [S]
  582 0x00002482 0xFFFFFCF3 0x00000020 False   [] [S]
  583 0x00002483 0xFFFFFCF3 0x00000020 False   [] [S]
  584 0x00002410 0xFFFFFCF3 0x00000020 False   [] [S]
  585 0x00002411 0xFFFFFCF3 0x00000020 False   [] [S]
  586 0x00002412 0xFFFFFCF3 0x00000020 False   [] [S]
  587 0x00002413 0xFFFFFCF3 0x00000020 False   [] [S]
  588 0x00002490 0xFFFFFCF3 0x00000020 False   [] [S]
  589 0x00002491 0xFFFFFCF3 0x00000020 False   [] [S]
  590 0x00002492 0xFFFFFCF3 0x00000020 False   [] [S]
  591 0x00002493 0xFFFFFCF3 0x00000020 False   [] [S]
  592 0x00002420 0xFFFFFCF3 0x00000020 False   [] [S]
  593 0x00002421 0xFFFFFCF3 0x00000020 False   [] [S]
  594 0x00002422 0xFFFFFCF3 0x00000020 False   [] [S]
  595 0x00002423 0xFFFFFCF3 0x00000020 False   [] [S]
  596 0x000024A0 0xFFFFFCF3 0x00000020 False   [] [S]
  597 0x000024A1 0xFFFFFCF3 0x00000020 False   [] [S]
  598 0x000024A2 0xFFFFFCF3 0x00000020 False   [] [S]
  599 0x000024A3 0xFFFFFCF3 0x00000020 False   [] [S]
  600 0x00002430 0xFFFFFCF3 0x00000020 False   [] [S]
  601 0x00002431 0xFFFFFCF3 0x00000020 False   [] [S]
  602 0x00002432 0xFFFFFCF3 0x00000020 False   [] [S]
  603 0x00002433 0xFFFFFCF3 0x00000020 False   [] [S]
  604 0x000024B0 0xFFFFFCF3 0x00000020 False   [] [S]
  605 0x000024B1 0xFFFFFCF3 0x00000020 False   [] [S]
  606 0x000024B2 0xFFFFFCF3 0x00000020 False   [] [S]
  607 0x000024B3 0xFFFFFCF3 0x00000020 False   [] [S]
  608 0x00002440 0xFFFFFCF3 0x00000020 False   [] [S]
  609 0x00002441 0xFFFFFCF3 0x00000020 False   [] [S]
  610 0x00002442 0xFFFFFCF3 0x00000020 False   [] [S]
  611 0x00002443 0xFFFFFCF3 0x00000020 False   [] [S]
  612 0x000024C0 0xFFFFFCF3 0x00000020 False   [] [S]
  613 0x000024C1 0xFFFFFCF3 0x00000020 False   [] [S]
  614 0x000024C2 0xFFFFFCF3 0x00000020 False   [] [S]
  615 0x000024C3 0xFFFFFCF3 0x00000020 False   [] [S]
  616 0x00002450 0xFFFFFCF3 0x00000020 False   [] [S]
  617 0x00002451 0xFFFFFCF3 0x00000020 False   [] [S]
  618 0x00002452 0xFFFFFCF3 0x00000020 False   [] [S]
  619 0x00002453 0xFFFFFCF3 0x00000020 False   [] [S]
  620 0x000024D0 0xFFFFFCF3 0x00000020 False   [] [S]
  621 0x000024D1 0xFFFFFCF3 0x00000020 False   [] [S]
  622 0x000024D2 0xFFFFFCF3 0x00000020 False   [] [S]
  623 0x000024D3 0xFFFFFCF3 0x00000020 False   [] [S]
  624 0x00002460 0xFFFFFCF3 0x00000020 False   [] [S]
  625 0x00002461 0xFFFFFCF3 0x00000020 False   [] [S]
  626 0x00002462 0xFFFFFCF3 0x00000020 False   [] [S]
  627 0x00002463 0xFFFFFCF3 0x00000020 False   [] [S]
  628 0x000024E0 0xFFFFFCF3 0x00000020 False   [] [S]
  629 0x000024E1 0xFFFFFCF3 0x00000020 False   [] [S]
  630 0x000024E2 0xFFFFFCF3 0x00000020 False   [] [S]
  631 0x000024E3 0xFFFFFCF3 0x00000020 False   [] [S]
  632 0x00002470 0xFFFFFCF3 0x00000020 False   [] [S]
  633 0x00002471 0xFFFFFCF3 0x00000020 False   [] [S]
  634 0x00002472 0xFFFFFCF3 0x00000020 False   [] [S]
  635 0x00002473 0xFFFFFCF3 0x00000020 False   [] [S]
  636 0x000024F0 0xFFFFFCF3 0x00000020 False   [] [S]
  637 0x000024F1 0xFFFFFCF3 0x00000020 False   [] [S]
  638 0x000024F2 0xFFFFFCF3 0x00000020 False   [] [S]
  639 0x000024F3 0xFFFFFCF3 0x00000020 False   [] [S]
  640 0x00002800 0xFFFFFCF3 0x00000020 False   [] [S]
  641 0x00002801 0xFFFFFCF3 0x00000020 False   [] [S]
  642 0x00002802 0xFFFFFCF3 0x00000020 False   [] [S]
  643 0x00002803 0xFFFFFCF3 0x00000020 False   [] [S]
  644 0x00002880 0xFFFFFCF3 0x00000020 False   [] [S]
  645 0x00002881 0xFFFFFCF3 0x00000020 False   [] [S]
  646 0x00002882 0xFFFFFCF3 0x00000020 False   [] [S]
  647 0x00002883 0xFFFFFCF3 0x00000020 False   [] [S]
  648 0x00002810 0xFFFFFCF3 0x00000020 False   [] [S]
  649 0x00002811 0xFFFFFCF3 0x00000020 False   [] [S]
  650 0x00002812 0xFFFFFCF3 0x00000020 False   [] [S]
  651 0x00002813 0xFFFFFCF3 0x00000020 False   [] [S]
  652 0x00002890 0xFFFFFCF3 0x00000020 False   [] [S]
  653 0x00002891 0xFFFFFCF3 0x00000020 False   [] [S]
  654 0x00002892 0xFFFFFCF3 0x00000020 False   [] [S]
  655 0x00002893 0xFFFFFCF3 0x00000020 False   [] [S]
  656 0x00002820 0xFFFFFCF3 0x00000020 False   [] [S]
  657 0x00002821 0xFFFFFCF3 0x00000020 False   [] [S]
  658 0x00002822 0xFFFFFCF3 0x00000020 False   [] [S]
  659 0x00002823 0xFFFFFCF3 0x00000020 False   [] [S]
  660 0x000028A0 0xFFFFFCF3 0x00000020 False   [] [S]
  661 0x000028A1 0xFFFFFCF3 0x00000020 False   [] [S]
  662 0x000028A2 0xFFFFFCF3 0x00000020 False   [] [S]
  663 0x000028A3 0xFFFFFCF3 0x00000020 False   [] [S]
  664 0x00002830 0xFFFFFCF3 0x00000020 False   [] [S]
  665 0x00002831 0xFFFFFCF3 0x00000020 False   [] [S]
  666 0x00002832 0xFFFFFCF3 0x00000020 False   [] [S]
  667 0x00002833 0xFFFFFCF3 0x00000020 False   [] [S]
  668 0x000028B0 0xFFFFFCF3 0x00000020 False   [] [S]
  669 0x000028B1 0xFFFFFCF3 0x00000020 False   [] [S]
  670 0x000028B2 0xFFFFFCF3 0x00000020 False   [] [S]
  671 0x000028B3 0xFFFFFCF3 0x00000020 False   [] [S]
  672 0x00002840 0xFFFFFCF3 0x00000020 False   [] [S]
  673 0x00002841 0xFFFFFCF3 0x00000020 False   [] [S]
  674 0x00002842 0xFFFFFCF3 0x00000020 False   [] [S]
  675 0x00002843 0xFFFFFCF3 0x00000020 False   [] [S]
  676 0x000028C0 0xFFFFFCF3 0x00000020 False   [] [S]
  677 0x000028C1 0xFFFFFCF3 0x00000020 False   [] [S]
  678 0x000028C2 0xFFFFFCF3 0x00000020 False   [] [S]
  679 0x000028C3 0xFFFFFCF3 0x00000020 False   [] [S]
  680 0x00002850 0xFFFFFCF3 0x00000020 False   [] [S]
  681 0x00002851 0xFFFFFCF3 0x00000020 False   [] [S]
  682 0x00002852 0xFFFFFCF3 0x00000020 False   [] [S]
  683 0x00002853 0xFFFFFCF3 0x00000020 False   [] [S]
  684 0x000028D0 0xFFFFFCF3 0x00000020 False   [] [S]
  685 0x000028D1 0xFFFFFCF3 0x00000020 False   [] [S]
  686 0x000028D2 0xFFFFFCF3 0x00000020 False   [] [S]
  687 0x000028D3 0xFFFFFCF3 0x00000020 False   [] [S]
  688 0x00002860 0xFFFFFCF3 0x00000020 False   [] [S]
  689 0x00002861 0xFFFFFCF3 0x00000020 False   [] [S]
  690 0x00002862 0xFFFFFCF3 0x00000020 False   [] [S]
  691 0x00002863 0xFFFFFCF3 0x00000020 False   [] [S]
  692 0x000028E0 0xFFFFFCF3 0x00000020 False   [] [S]
  693 0x000028E1 0xFFFFFCF3 0x00000020 False   [] [S]
  694 0x000028E2 0xFFFFFCF3 0x00000020 False   [] [S]
  695 0x000028E3 0xFFFFFCF3 0x00000020 False   [] [S]
  696 0x00002870 0xFFFFFCF3 0x00000020 False   [] [S]
  697 0x00002871 0xFFFFFCF3 0x00000020 False   [] [S]
  698 0x00002872 0xFFFFFCF3 0x00000020 False   [] [S]
  699 0x00002873 0xFFFFFCF3 0x00000020 False   [] [S]
  700 0x000028F0 0xFFFFFCF3 0x00000020 False   [] [S]
  701 0x000028F1 0xFFFFFCF3 0x00000020 False   [] [S]
  702 0x000028F2 0xFFFFFCF3 0x00000020 False   [] [S]
  703 0x000028F3 0xFFFFFCF3 0x00000020 False   [] [S]
  704 0x00002C00 0xFFFFFCF3 0x00000020 False   [] [S]
  705 0x00002C01 0xFFFFFCF3 0x00000020 False   [] [S]
  706 0x00002C02 0xFFFFFCF3 0x00000020 False   [] [S]
  707 0x00002C03 0xFFFFFCF3 0x00000020 False   [] [S]
  708 0x00002C80 0xFFFFFCF3 0x00000020 False   [] [S]
  709 0x00002C81 0xFFFFFCF3 0x00000020 False   [] [S]
  710 0x00002C82 0xFFFFFCF3 0x00000020 False   [] [S]
  711 0x00002C83 0xFFFFFCF3 0x00000020 False   [] [S]
  712 0x00002C10 0xFFFFFCF3 0x00000020 False   [] [S]
  713 0x00002C11 0xFFFFFCF3 0x00000020 False   [] [S]
  714 0x00002C12 0xFFFFFCF3 0x00000020 False   [] [S]
  715 0x00002C13 0xFFFFFCF3 0x00000020 False   [] [S]
  716 0x00002C90 0xFFFFFCF3 0x00000020 False   [] [S]
  717 0x00002C91 0xFFFFFCF3 0x00000020 False   [] [S]
  718 0x00002C92 0xFFFFFCF3 0x00000020 False   [] [S]
  719 0x00002C93 0xFFFFFCF3 0x00000020 False   [] [S]
  720 0x00002C20 0xFFFFFCF3 0x00000020 False   [] [S]
  721 0x00002C21 0xFFFFFCF3 0x00000020 False   [] [S]
  722 0x00002C22 0xFFFFFCF3 0x00000020 False   [] [S]
  723 0x00002C23 0xFFFFFCF3 0x00000020 False   [] [S]
  724 0x00002CA0 0xFFFFFCF3 0x00000020 False   [] [S]
  725 0x00002CA1 0xFFFFFCF3 0x00000020 False   [] [S]
  726 0x00002CA2 0xFFFFFCF3 0x00000020 False   [] [S]
  727 0x00002CA3 0xFFFFFCF3 0x00000020 False   [] [S]
  728 0x00002C30 0xFFFFFCF3 0x00000020 False   [] [S]
  729 0x00002C31 0xFFFFFCF3 0x00000020 False   [] [S]
  730 0x00002C32 0xFFFFFCF3 0x00000020 False   [] [S]
  731 0x00002C33 0xFFFFFCF3 0x00000020 False   [] [S]
  732 0x00002CB0 0xFFFFFCF3 0x00000020 False   [] [S]
  733 0x00002CB1 0xFFFFFCF3 0x00000020 False   [] [S]
  734 0x00002CB2 0xFFFFFCF3 0x00000020 False   [] [S]
  735 0x00002CB3 0xFFFFFCF3 0x00000020 False   [] [S]
  736 0x00002C40 0xFFFFFCF3 0x00000020 False   [] [S]
  737 0x00002C41 0xFFFFFCF3 0x00000020 False   [] [S]
  738 0x00002C42 0xFFFFFCF3 0x00000020 False   [] [S]
  739 0x00002C43 0xFFFFFCF3 0x00000020 False   [] [S]
  740 0x00002CC0 0xFFFFFCF3 0x00000020 False   [] [S]
  741 0x00002CC1 0xFFFFFCF3 0x00000020 False   [] [S]
  742 0x00002CC2 0xFFFFFCF3 0x00000020 False   [] [S]
  743 0x00002CC3 0xFFFFFCF3 0x00000020 False   [] [S]
  744 0x00002C50 0xFFFFFCF3 0x00000020 False   [] [S]
  745 0x00002C51 0xFFFFFCF3 0x00000020 False   [] [S]
  746 0x00002C52 0xFFFFFCF3 0x00000020 False   [] [S]
  747 0x00002C53 0xFFFFFCF3 0x00000020 False   [] [S]
  748 0x00002CD0 0xFFFFFCF3 0x00000020 False   [] [S]
  749 0x00002CD1 0xFFFFFCF3 0x00000020 False   [] [S]
  750 0x00002CD2 0xFFFFFCF3 0x00000020 False   [] [S]
  751 0x00002CD3 0xFFFFFCF3 0x00000020 False   [] [S]
  752 0x00002C60 0xFFFFFCF3 0x00000020 False   [] [S]
  753 0x00002C61 0xFFFFFCF3 0x00000020 False   [] [S]
  754 0x00002C62 0xFFFFFCF3 0x00000020 False   [] [S]
  755 0x00002C63 0xFFFFFCF3 0x00000020 False   [] [S]
  756 0x00002CE0 0xFFFFFCF3 0x00000020 False   [] [S]
  757 0x00002CE1 0xFFFFFCF3 0x00000020 False   [] [S]
  758 0x00002CE2 0xFFFFFCF3 0x00000020 False   [] [S]
  759 0x00002CE3 0xFFFFFCF3 0x00000020 False   [] [S]
  760 0x00002C70 0xFFFFFCF3 0x00000020 False   [] [S]
  761 0x00002C71 0xFFFFFCF3 0x00000020 False   [] [S]
  762 0x00002C72 0xFFFFFCF3 0x00000020 False   [] [S]
  763 0x00002C73 0xFFFFFCF3 0x00000020 False   [] [S]
  764 0x00002CF0 0xFFFFFCF3 0x00000020 False   [] [S]
  765 0x00002CF1 0xFFFFFCF3 0x00000020 False   [] [S]
  766 0x00002CF2 0xFFFFFCF3 0x00000020 False   [] [S]
  767 0x00002CF3 0xFFFFFCF3 0x00000020 False   [] [S]
  768 0x00003000 0xFFFFFCF3 0x00000020 False   [] [S]
  769 0x00003001 0xFFFFFCF3 0x00000020 False   [] [S]
  770 0x00003002 0xFFFFFCF3 0x00000020 False   [] [S]
  771 0x00003003 0xFFFFFCF3 0x00000020 False   [] [S]
  772 0x00003080 0xFFFFFCF3 0x00000020 False   [] [S]
  773 0x00003081 0xFFFFFCF3 0x00000020 False   [] [S]
  774 0x00003082 0xFFFFFCF3 0x00000020 False   [] [S]
  775 0x00003083 0xFFFFFCF3 0x00000020 False   [] [S]
  776 0x00003010 0xFFFFFCF3 0x00000020 False   [] [S]
  777 0x00003011 0xFFFFFCF3 0x00000020 False   [] [S]
  778 0x00003012 0xFFFFFCF3 0x00000020 False   [] [S]
  779 0x00003013 0xFFFFFCF3 0x00000020 False   [] [S]
  780 0x00003090 0xFFFFFCF3 0x00000020 False   [] [S]
  781 0x00003091 0xFFFFFCF3 0x00000020 False   [] [S]
  782 0x00003092 0xFFFFFCF3 0x00000020 False   [] [S]
  783 0x00003093 0xFFFFFCF3 0x00000020 False   [] [S]
  784 0x00003020 0xFFFFFCF3 0x00000020 False   [] [S]
  785 0x00003021 0xFFFFFCF3 0x00000020 False   [] [S]
  786 0x00003022 0xFFFFFCF3 0x00000020 False   [] [S]
  787 0x00003023 0xFFFFFCF3 0x00000020 False   [] [S]
  788 0x000030A0 0xFFFFFCF3 0x00000020 False   [] [S]
  789 0x000030A1 0xFFFFFCF3 0x00000020 False   [] [S]
  790 0x000030A2 0xFFFFFCF3 0x00000020 False   [] [S]
  791 0x000030A3 0xFFFFFCF3 0x00000020 False   [] [S]
  792 0x00003030 0xFFFFFCF3 0x00000020 False   [] [S]
  793 0x00003031 0xFFFFFCF3 0x00000020 False   [] [S]
  794 0x00003032 0xFFFFFCF3 0x00000020 False   [] [S]
  795 0x00003033 0xFFFFFCF3 0x00000020 False   [] [S]
  796 0x000030B0 0xFFFFFCF3 0x00000020 False   [] [S]
  797 0x000030B1 0xFFFFFCF3 0x00000020 False   [] [S]
  798 0x000030B2 0xFFFFFCF3 0x00000020 False   [] [S]
  799 0x000030B3 0xFFFFFCF3 0x00000020 False   [] [S]
  800 0x00003040 0xFFFFFCF3 0x00000020 False   [] [S]
  801 0x00003041 0xFFFFFCF3 0x00000020 False   [] [S]
  802 0x00003042 0xFFFFFCF3 0x00000020 False   [] [S]
  803 0x00003043 0xFFFFFCF3 0x00000020 False   [] [S]
  804 0x000030C0 0xFFFFFCF3 0x00000020 False   [] [S]
  805 0x000030C1 0xFFFFFCF3 0x00000020 False   [] [S]
  806 0x000030C2 0xFFFFFCF3 0x00000020 False   [] [S]
  807 0x000030C3 0xFFFFFCF3 0x00000020 False   [] [S]
  808 0x00003050 0xFFFFFCF3 0x00000020 False   [] [S]
  809 0x00003051 0xFFFFFCF3 0x00000020 False   [] [S]
  810 0x00003052 0xFFFFFCF3 0x00000020 False   [] [S]
  811 0x00003053 0xFFFFFCF3 0x00000020 False   [] [S]
  812 0x000030D0 0xFFFFFCF3 0x00000020 False   [] [S]
  813 0x000030D1 0xFFFFFCF3 0x00000020 False   [] [S]
  814 0x000030D2 0xFFFFFCF3 0x00000020 False   [] [S]
  815 0x000030D3 0xFFFFFCF3 0x00000020 False   [] [S]
  816 0x00003060 0xFFFFFCF3 0x00000020 False   [] [S]
  817 0x00003061 0xFFFFFCF3 0x00000020 False   [] [S]
  818 0x00003062 0xFFFFFCF3 0x00000020 False   [] [S]
  819 0x00003063 0xFFFFFCF3 0x00000020 False   [] [S]
  820 0x000030E0 0xFFFFFCF3 0x00000020 False   [] [S]
  821 0x000030E1 0xFFFFFCF3 0x00000020 False   [] [S]
  822 0x000030E2 0xFFFFFCF3 0x00000020 False   [] [S]
  823 0x000030E3 0xFFFFFCF3 0x00000020 False   [] [S]
  824 0x00003070 0xFFFFFCF3 0x00000020 False   [] [S]
  825 0x00003071 0xFFFFFCF3 0x00000020 False   [] [S]
  826 0x00003072 0xFFFFFCF3 0x00000020 False   [] [S]
  827 0x00003073 0xFFFFFCF3 0x00000020 False   [] [S]
  828 0x000030F0 0xFFFFFCF3 0x00000020 False   [] [S]
  829 0x000030F1 0xFFFFFCF3 0x00000020 False   [] [S]
  830 0x000030F2 0xFFFFFCF3 0x00000020 False   [] [S]
  831 0x000030F3 0xFFFFFCF3 0x00000020 False   [] [S]
  832 0x00003400 0xFFFFFCF3 0x00000020 False   [] [S]
  833 0x00003401 0xFFFFFCF3 0x00000020 False   [] [S]
  834 0x00003402 0xFFFFFCF3 0x00000020 False   [] [S]
  835 0x00003403 0xFFFFFCF3 0x00000020 False   [] [S]
  836 0x00003480 0xFFFFFCF3 0x00000020 False   [] [S]
  837 0x00003481 0xFFFFFCF3 0x00000020 False   [] [S]
  838 0x00003482 0xFFFFFCF3 0x00000020 False   [] [S]
  839 0x00003483 0xFFFFFCF3 0x00000020 False   [] [S]
  840 0x00003410 0xFFFFFCF3 0x00000020 False   [] [S]
  841 0x00003411 0xFFFFFCF3 0x00000020 False   [] [S]
  842 0x00003412 0xFFFFFCF3 0x00000020 False   [] [S]
  843 0x00003413 0xFFFFFCF3 0x00000020 False   [] [S]
  844 0x00003490 0xFFFFFCF3 0x00000020 False   [] [S]
  845 0x00003491 0xFFFFFCF3 0x00000020 False   [] [S]
  846 0x00003492 0xFFFFFCF3 0x00000020 False   [] [S]
  847 0x00003493 0xFFFFFCF3 0x00000020 False   [] [S]
  848 0x00003420 0xFFFFFCF3 0x00000020 False   [] [S]
  849 0x00003421 0xFFFFFCF3 0x00000020 False   [] [S]
  850 0x00003422 0xFFFFFCF3 0x00000020 False   [] [S]
  851 0x00003423 0xFFFFFCF3 0x00000020 False   [] [S]
  852 0x000034A0 0xFFFFFCF3 0x00000020 False   [] [S]
  853 0x000034A1 0xFFFFFCF3 0x00000020 False   [] [S]
  854 0x000034A2 0xFFFFFCF3 0x00000020 False   [] [S]
  855 0x000034A3 0xFFFFFCF3 0x00000020 False   [] [S]
  856 0x00003430 0xFFFFFCF3 0x00000020 False   [] [S]
  857 0x00003431 0xFFFFFCF3 0x00000020 False   [] [S]
  858 0x00003432 0xFFFFFCF3 0x00000020 False   [] [S]
  859 0x00003433 0xFFFFFCF3 0x00000020 False   [] [S]
  860 0x000034B0 0xFFFFFCF3 0x00000020 False   [] [S]
  861 0x000034B1 0xFFFFFCF3 0x00000020 False   [] [S]
  862 0x000034B2 0xFFFFFCF3 0x00000020 False   [] [S]
  863 0x000034B3 0xFFFFFCF3 0x00000020 False   [] [S]
  864 0x00003440 0xFFFFFCF3 0x00000020 False   [] [S]
  865 0x00003441 0xFFFFFCF3 0x00000020 False   [] [S]
  866 0x00003442 0xFFFFFCF3 0x00000020 False   [] [S]
  867 0x00003443 0xFFFFFCF3 0x00000020 False   [] [S]
  868 0x000034C0 0xFFFFFCF3 0x00000020 False   [] [S]
  869 0x000034C1 0xFFFFFCF3 0x00000020 False   [] [S]
  870 0x000034C2 0xFFFFFCF3 0x00000020 False   [] [S]
  871 0x000034C3 0xFFFFFCF3 0x00000020 False   [] [S]
  872 0x00003450 0xFFFFFCF3 0x00000020 False   [] [S]
  873 0x00003451 0xFFFFFCF3 0x00000020 False   [] [S]
  874 0x00003452 0xFFFFFCF3 0x00000020 False   [] [S]
  875 0x00003453 0xFFFFFCF3 0x00000020 False   [] [S]
  876 0x000034D0 0xFFFFFCF3 0x00000020 False   [] [S]
  877 0x000034D1 0xFFFFFCF3 0x00000020 False   [] [S]
  878 0x000034D2 0xFFFFFCF3 0x00000020 False   [] [S]
  879 0x000034D3 0xFFFFFCF3 0x00000020 False   [] [S]
  880 0x00003460 0xFFFFFCF3 0x00000020 False   [] [S]
  881 0x00003461 0xFFFFFCF3 0x00000020 False   [] [S]
  882 0x00003462 0xFFFFFCF3 0x00000020 False   [] [S]
  883 0x00003463 0xFFFFFCF3 0x00000020 False   [] [S]
  884 0x000034E0 0xFFFFFCF3 0x00000020 False   [] [S]
  885 0x000034E1 0xFFFFFCF3 0x00000020 False   [] [S]
  886 0x000034E2 0xFFFFFCF3 0x00000020 False   [] [S]
  887 0x000034E3 0xFFFFFCF3 0x00000020 False   [] [S]
  888 0x00003470 0xFFFFFCF3 0x00000020 False   [] [S]
  889 0x00003471 0xFFFFFCF3 0x00000020 False   [] [S]
  890 0x00003472 0xFFFFFCF3 0x00000020 False   [] [S]
  891 0x00003473 0xFFFFFCF3 0x00000020 False   [] [S]
  892 0x000034F0 0xFFFFFCF3 0x00000020 False   [] [S]
  893 0x000034F1 0xFFFFFCF3 0x00000020 False   [] [S]
  894 0x000034F2 0xFFFFFCF3 0x00000020 False   [] [S]
  895 0x000034F3 0xFFFFFCF3 0x00000020 False   [] [S]
  896 0x00003800 0xFFFFFCF3 0x00000020 False   [] [S]
  897 0x00003801 0xFFFFFCF3 0x00000020 False   [] [S]
  898 0x00003802 0xFFFFFCF3 0x00000020 False   [] [S]
  899 0x00003803 0xFFFFFCF3 0x00000020 False   [] [S]
  900 0x00003880 0xFFFFFCF3 0x00000020 False   [] [S]
  901 0x00003881 0xFFFFFCF3 0x00000020 False   [] [S]
  902 0x00003882 0xFFFFFCF3 0x00000020 False   [] [S]
  903 0x00003883 0xFFFFFCF3 0x00000020 False   [] [S]
  904 0x00003810 0xFFFFFCF3 0x00000020 False   [] [S]
  905 0x00003811 0xFFFFFCF3 0x00000020 False   [] [S]
  906 0x00003812 0xFFFFFCF3 0x00000020 False   [] [S]
  907 0x00003813 0xFFFFFCF3 0x00000020 False   [] [S]
  908 0x00003890 0xFFFFFCF3 0x00000020 False   [] [S]
  909 0x00003891 0xFFFFFCF3 0x00000020 False   [] [S]
  910 0x00003892 0xFFFFFCF3 0x00000020 False   [] [S]
  911 0x00003893 0xFFFFFCF3 0x00000020 False   [] [S]
  912 0x00003820 0xFFFFFCF3 0x00000020 False   [] [S]
  913 0x00003821 0xFFFFFCF3 0x00000020 False   [] [S]
  914 0x00003822 0xFFFFFCF3 0x00000020 False   [] [S]
  915 0x00003823 0xFFFFFCF3 0x00000020 False   [] [S]
  916 0x000038A0 0xFFFFFCF3 0x00000020 False   [] [S]
  917 0x000038A1 0xFFFFFCF3 0x00000020 False   [] [S]
  918 0x000038A2 0xFFFFFCF3 0x00000020 False   [] [S]
  919 0x000038A3 0xFFFFFCF3 0x00000020 False   [] [S]
  920 0x00003830 0xFFFFFCF3 0x00000020 False   [] [S]
  921 0x00003831 0xFFFFFCF3 0x00000020 False   [] [S]
  922 0x00003832 0xFFFFFCF3 0x00000020 False   [] [S]
  923 0x00003833 0xFFFFFCF3 0x00000020 False   [] [S]
  924 0x000038B0 0xFFFFFCF3 0x00000020 False   [] [S]
  925 0x000038B1 0xFFFFFCF3 0x00000020 False   [] [S]
  926 0x000038B2 0xFFFFFCF3 0x00000020 False   [] [S]
  927 0x000038B3 0xFFFFFCF3 0x00000020 False   [] [S]
  928 0x00003840 0xFFFFFCF3 0x00000020 False   [] [S]
  929 0x00003841 0xFFFFFCF3 0x00000020 False   [] [S]
  930 0x00003842 0xFFFFFCF3 0x00000020 False   [] [S]
  931 0x00003843 0xFFFFFCF3 0x00000020 False   [] [S]
  932 0x000038C0 0xFFFFFCF3 0x00000020 False   [] [S]
  933 0x000038C1 0xFFFFFCF3 0x00000020 False   [] [S]
  934 0x000038C2 0xFFFFFCF3 0x00000020 False   [] [S]
  935 0x000038C3 0xFFFFFCF3 0x00000020 False   [] [S]
  936 0x00003850 0xFFFFFCF3 0x00000020 False   [] [S]
  937 0x00003851 0xFFFFFCF3 0x00000020 False   [] [S]
  938 0x00003852 0xFFFFFCF3 0x00000020 False   [] [S]
  939 0x00003853 0xFFFFFCF3 0x00000020 False   [] [S]
  940 0x000038D0 0xFFFFFCF3 0x00000020 False   [] [S]
  941 0x000038D1 0xFFFFFCF3 0x00000020 False   [] [S]
  942 0x000038D2 0xFFFFFCF3 0x00000020 False   [] [S]
  943 0x000038D3 0xFFFFFCF3 0x00000020 False   [] [S]
  944 0x00003860 0xFFFFFCF3 0x00000020 False   [] [S]
  945 0x00003861 0xFFFFFCF3 0x00000020 False   [] [S]
  946 0x00003862 0xFFFFFCF3 0x00000020 False   [] [S]
  947 0x00003863 0xFFFFFCF3 0x00000020 False   [] [S]
  948 0x000038E0 0xFFFFFCF3 0x00000020 False   [] [S]
  949 0x000038E1 0xFFFFFCF3 0x00000020 False   [] [S]
  950 0x000038E2 0xFFFFFCF3 0x00000020 False   [] [S]
  951 0x000038E3 0xFFFFFCF3 0x00000020 False   [] [S]
  952 0x00003870 0xFFFFFCF3 0x00000020 False   [] [S]
  953 0x00003871 0xFFFFFCF3 0x00000020 False   [] [S]
  954 0x00003872 0xFFFFFCF3 0x00000020 False   [] [S]
  955 0x00003873 0xFFFFFCF3 0x00000020 False   [] [S]
  956 0x000038F0 0xFFFFFCF3 0x00000020 False   [] [S]
  957 0x000038F1 0xFFFFFCF3 0x00000020 False   [] [S]
  958 0x000038F2 0xFFFFFCF3 0x00000020 False   [] [S]
  959 0x000038F3 0xFFFFFCF3 0x00000020 False   [] [S]
  960 0x00003C00 0xFFFFFCF3 0x00000020 False   [] [S]
  961 0x00003C01 0xFFFFFCF3 0x00000020 False   [] [S]
  962 0x00003C02 0xFFFFFCF3 0x00000020 False   [] [S]
  963 0x00003C03 0xFFFFFCF3 0x00000020 False   [] [S]
  964 0x00003C80 0xFFFFFCF3 0x00000020 False   [] [S]
  965 0x00003C81 0xFFFFFCF3 0x00000020 False   [] [S]
  966 0x00003C82 0xFFFFFCF3 0x00000020 False   [] [S]
  967 0x00003C83 0xFFFFFCF3 0x00000020 False   [] [S]
  968 0x00003C10 0xFFFFFCF3 0x00000020 False   [] [S]
  969 0x00003C11 0xFFFFFCF3 0x00000020 False   [] [S]
  970 0x00003C12 0xFFFFFCF3 0x00000020 False   [] [S]
  971 0x00003C13 0xFFFFFCF3 0x00000020 False   [] [S]
  972 0x00003C90 0xFFFFFCF3 0x00000020 False   [] [S]
  973 0x00003C91 0xFFFFFCF3 0x00000020 False   [] [S]
  974 0x00003C92 0xFFFFFCF3 0x00000020 False   [] [S]
  975 0x00003C93 0xFFFFFCF3 0x00000020 False   [] [S]
  976 0x00003C20 0xFFFFFCF3 0x00000020 False   [] [S]
  977 0x00003C21 0xFFFFFCF3 0x00000020 False   [] [S]
  978 0x00003C22 0xFFFFFCF3 0x00000020 False   [] [S]
  979 0x00003C23 0xFFFFFCF3 0x00000020 False   [] [S]
  980 0x00003CA0 0xFFFFFCF3 0x00000020 False   [] [S]
  981 0x00003CA1 0xFFFFFCF3 0x00000020 False   [] [S]
  982 0x00003CA2 0xFFFFFCF3 0x00000020 False   [] [S]
  983 0x00003CA3 0xFFFFFCF3 0x00000020 False   [] [S]
  984 0x00003C30 0xFFFFFCF3 0x00000020 False   [] [S]
  985 0x00003C31 0xFFFFFCF3 0x00000020 False   [] [S]
  986 0x00003C32 0xFFFFFCF3 0x00000020 False   [] [S]
  987 0x00003C33 0xFFFFFCF3 0x00000020 False   [] [S]
  988 0x00003CB0 0xFFFFFCF3 0x00000020 False   [] [S]
  989 0x00003CB1 0xFFFFFCF3 0x00000020 False   [] [S]
  990 0x00003CB2 0xFFFFFCF3 0x00000020 False   [] [S]
  991 0x00003CB3 0xFFFFFCF3 0x00000020 False   [] [S]
  992 0x00003C40 0xFFFFFCF3 0x00000020 False   [] [S]
  993 0x00003C41 0xFFFFFCF3 0x00000020 False   [] [S]
  994 0x00003C42 0xFFFFFCF3 0x00000020 False   [] [S]
  995 0x00003C43 0xFFFFFCF3 0x00000020 False   [] [S]
  996 0x00003CC0 0xFFFFFCF3 0x00000020 False   [] [S]
  997 0x00003CC1 0xFFFFFCF3 0x00000020 False   [] [S]
  998 0x00003CC2 0xFFFFFCF3 0x00000020 False   [] [S]
  999 0x00003CC3 0xFFFFFCF3 0x00000020 False   [] [S]
 1000 0x00003C50 0xFFFFFCF3 0x00000020 False   [] [S]
 1001 0x00003C51 0xFFFFFCF3 0x00000020 False   [] [S]
 1002 0x00003C52 0xFFFFFCF3 0x00000020 False   [] [S]
 1003 0x00003C53 0xFFFFFCF3 0x00000020 False   [] [S]
 1004 0x00003CD0 0xFFFFFCF3 0x00000020 False   [] [S]
 1005 0x00003CD1 0xFFFFFCF3 0x00000020 False   [] [S]
 1006 0x00003CD2 0xFFFFFCF3 0x00000020 False   [] [S]
 1007 0x00003CD3 0xFFFFFCF3 0x00000020 False   [] [S]
 1008 0x00003C60 0xFFFFFCF3 0x00000020 False   [] [S]
 1009 0x00003C61 0xFFFFFCF3 0x00000020 False   [] [S]
 1010 0x00003C62 0xFFFFFCF3 0x00000020 False   [] [S]
 1011 0x00003C63 0xFFFFFCF3 0x00000020 False   [] [S]
 1012 0x00003CE0 0xFFFFFCF3 0x00000020 False   [] [S]
 1013 0x00003CE1 0xFFFFFCF3 0x00000020 False   [] [S]
 1014 0x00003CE2 0xFFFFFCF3 0x00000020 False   [] [S]
 1015 0x00003CE3 0xFFFFFCF3 0x00000020 False   [] [S]
 1016 0x00003C70 0xFFFFFCF3 0x00000020 False   [] [S]
 1017 0x00003C71 0xFFFFFCF3 0x00000020 False   [] [S]
 1018 0x00003C72 0xFFFFFCF3 0x00000020 False   [] [S]
 1019 0x00003C73 0xFFFFFCF3 0x00000020 False   [] [S]
 1020 0x00003CF0 0xFFFFFCF3 0x00000020 False   [] [S]
 1021 0x00003CF1 0xFFFFFCF3 0x00000020 False   [] [S]
 1022 0x00003CF2 0xFFFFFCF3 0x00000020 False   [] [S]
 1023 0x00003CF3 0xFFFFFCF3 0x00000020 False   [] [S]
 1024 0xFFFFFF80 0xFFFFFFFF 0x00000020 False   [] [S]
 1025 0xFFFFFF81 0xFFFFFFFF 0x00000020 False   [] [S]
 1026 0xFFFFFF82 0xFFFFFFFF 0x00000020 False   [] [S]
 1027 0xFFFFFF83 0xFFFFFFFF 0x00000020 False   [] [S]
 1028 0xFFFFFE10 0xFFFFFFFF 0x00000020 False   [] [S]
 1029 0xFFFFFF90 0xFFFFFFFF 0x00000020 False   [] [S]
 1030 0xFFFFFF91 0xFFFFFFFF 0x00000020 False   [] [S]
 1031 0xFFFFFF92 0xFFFFFFFF 0x00000020 False   [] [S]
 1032 0xFFFFFF93 0xFFFFFFFF 0x00000020 False   [] [S]
 1033 0xFFFFFF94 0xFFFFFFFF 0x00000020 False   [] [S]
 1034 0xFFFFFF95 0xFFFFFFFF 0x00000020 False   [] [S]
 1035 0xFFFFFF96 0xFFFFFFFF 0x00000020 False   [] [S]
 1036 0xFFFFFF97 0xFFFFFFFF 0x00000020 False   [] [S]
 1037 0xFFFFFF10 0xFFFFFFFF 0x00000020 False   [] [S]
 1038 0xFFFFFF11 0xFFFFFFFF 0x00000020 False   [] [S]
 1039 0xFFFFFF12 0xFFFFFFFF 0x00000020 False   [] [S]
 1040 0xFFFFFF13 0xFFFFFFFF 0x00000020 False   [] [S]
 1041 0xFFFFFF14 0xFFFFFFFF 0x00000020 False   [] [S]
 1042 0xFFFFFF15 0xFFFFFFFF 0x00000020 False   [] [S]
 1043 0xFFFFFF16 0xFFFFFFFF 0x00000020 False   [] [S]
 1044 0xFFFFFF17 0xFFFFFFFF 0x00000020 False   [] [S]
 1045 0xFFFFFF20 0xFFFFFFFF 0x00000020 False   [] [S]
 1046 0xFFFFFF21 0xFFFFFFFF 0x00000020 False   [] [S]
 1047 0xFFFFFF22 0xFFFFFFFF 0x00000020 False   [] [S]
 1048 0xFFFFFF23 0xFFFFFFFF 0x00000020 False   [] [S]
 1049 0xFFFFFF24 0xFFFFFFFF 0x00000020 False   [] [S]
 1050 0xFFFFFF25 0xFFFFFFFF 0x00000020 False   [] [S]
 1051 0xFFFFFF26 0xFFFFFFFF 0x00000020 False   [] [S]
 1052 0xFFFFFF27 0xFFFFFFFF 0x00000020 False   [] [S]
 1053 0xFFFFFFB0 0xFFFFFFFF 0x00000020 False   [] [S]
 1054 0xFFFFFFB1 0xFFFFFFFF 0x00000020 False   [] [S]
 1055 0xFFFFFFB2 0xFFFFFFFF 0x00000020 False   [] [S]
 1056 0xFFFFFFB3 0xFFFFFFFF 0x00000020 False   [] [S]
 1057 0xFFFFFFB4 0xFFFFFFFF 0x00000020 False   [] [S]
 1058 0xFFFFFFB5 0xFFFFFFFF 0x00000020 False   [] [S]
 1059 0xFFFFFFB6 0xFFFFFFFF 0x00000020 False   [] [S]
 1060 0xFFFFFFB7 0xFFFFFFFF 0x00000020 False   [] [S]
 1061 0xFFFFFF30 0xFFFFFFFF 0x00000020 False   [] [S]
 1062 0xFFFFFF31 0xFFFFFFFF 0x00000020 False   [] [S]
 1063 0xFFFFFF32 0xFFFFFFFF 0x00000020 False   [] [S]
 1064 0xFFFFFF33 0xFFFFFFFF 0x00000020 False   [] [S]
 1065 0xFFFFFF34 0xFFFFFFFF 0x00000020 False   [] [S]
 1066 0xFFFFFF35 0xFFFFFFFF 0x00000020 False   [] [S]
 1067 0xFFFFFF36 0xFFFFFFFF 0x00000020 False   [] [S]
 1068 0xFFFFFF37 0xFFFFFFFF 0x00000020 False   [] [S]
 1069 0xFFFFFF40 0xFFFFFFFF 0x00000020 False   [] [S]
 1070 0xFFFFFF41 0xFFFFFFFF 0x00000020 False   [] [S]
 1071 0xFFFFFF42 0xFFFFFFFF 0x00000020 False   [] [S]
 1072 0xFFFFFF43 0xFFFFFFFF 0x00000020 False   [] [S]
 1073 0xFFFFFE11 0xFFFFFFFF 0x00000020 False   [] [S]
 1074 0xFFFFFF50 0xFFFFFFFF 0x00000020 False   [] [S]
 1075 0xFFFFFF60 0xFFFFFFFF 0x00000020 False   [] [S]
 1076 0xFFFFFF61 0xFFFFFFFF 0x00000020 False   [] [S]
 1077 0xFFFFFF62 0xFFFFFFFF 0x00000020 False   [] [S]
 1078 0xFFFFFF63 0xFFFFFFFF 0x00000020 False   [] [S]
 1079 0xFFFFFF70 0xFFFFFFFF 0x00000020 False   [] [S]
 1080 0xFFFFFF71 0xFFFFFFFF 0x00000020 False   [] [S]
 1081 0xFFFFFF72 0xFFFFFFFF 0x00000020 False   [] [S]
 1082 0xFFFFFF73 0xFFFFFFFF 0x00000020 False   [] [S]
 1083 0xFFFFFE02 0xFFFFFFFF 0x00000020 False   [] [S]
 1084 0xFFFFFE03 0xFFFFFFFF 0x00000020 False   [] [S]
0 Defaultable entries
