Router contains 300 entries
Index Key        Mask       Route      Default [Cores][Links]
----- ---------- ---------- ---------- ------- --------------
    0 0x00000007 0xFFFFFFE7 0x00000401 False   [4] [E]
    1 0x00000027 0xFFFFFFE7 0x00000801 False   [5] [E]
    2 0x00000047 0xFFFFFFE7 0x00001001 False   [6] [E]
    3 0x00000067 0xFFFFFFE7 0x00002001 False   [7] [E]
    4 0x00000087 0xFFFFFFE7 0x00004001 False   [8] [E]
    5 0x000000A7 0xFFFFFFE7 0x00008001 False   [9] [E]
    6 0x000000C7 0xFFFFFFE7 0x00010001 False   [10] [E]
    7 0x000000E7 0xFFFFFFE7 0x00020001 False   [11] [E]
    8 0x00000107 0xFFFFFFE7 0x00040001 False   [12] [E]
    9 0x00000127 0xFFFFFFE7 0x00080001 False   [13] [E]
   10 0x00000147 0xFFFFFFE7 0x00100001 False   [14] [E]
   11 0x00000167 0xFFFFFFE7 0x00200001 False   [15] [E]
   12 0x00000187 0xFFFFFFE7 0x00400001 False   [16] [E]
   13 0x000001A7 0xFFFFFFE7 0x00800001 False   [17] [E]
   14 0x00000000 0xFFFFFFE0 0x00000400 False   [4] []
   15 0x00000020 0xFFFFFFE0 0x00000800 False   [5] []
   16 0x00000040 0xFFFFFFE0 0x00001000 False   [6] []
   17 0x00000064 0xFFFFFFE7 0x00002000 False   [7] []
   18 0x00000065 0xFFFFFFE7 0x00002000 False   [7] []
   19 0x00000066 0xFFFFFFE7 0x00002000 False   [7] []
   20 0x00000060 0xFFFFFFE7 0x00002000 False   [7] []
   21 0x00000061 0xFFFFFFE7 0x00002000 False   [7] []
   22 0x00000062 0xFFFFFFE7 0x00002000 False   [7] []
   23 0x00000063 0xFFFFFFE7 0x00002000 False   [7] []
   24 0x00000083 0xFFFFFFE7 0x00004000 False   [8] []
   25 0x00000084 0xFFFFFFE7 0x00004000 False   [8] []
   26 0x00000085 0xFFFFFFE7 0x00004000 False   [8] []
   27 0x00000080 0xFFFFFFE7 0x00004000 False   [8] []
   28 0x00000086 0xFFFFFFE7 0x00004000 False   [8] []
   29 0x00000081 0xFFFFFFE7 0x00004000 False   [8] []
   30 0x00000082 0xFFFFFFE7 0x00004000 False   [8] []
   31 0x000000A2 0xFFFFFFE7 0x00008000 False   [9] []
   32 0x000000A3 0xFFFFFFE7 0x00008000 False   [9] []
   33 0x000000A4 0xFFFFFFE7 0x00008000 False   [9] []
   34 0x000000A5 0xFFFFFFE7 0x00008000 False   [9] []
   35 0x000000A6 0xFFFFFFE7 0x00008000 False   [9] []
   36 0x000000A0 0xFFFFFFE7 0x00008000 False   [9] []
   37 0x000000A1 0xFFFFFFE7 0x00008000 False   [9] []
   38 0x000000C1 0xFFFFFFE7 0x00010000 False   [10] []
   39 0x000000C2 0xFFFFFFE7 0x00010000 False   [10] []
   40 0x000000C3 0xFFFFFFE7 0x00010000 False   [10] []
   41 0x000000C4 0xFFFFFFE7 0x00010000 False   [10] []
   42 0x000000C5 0xFFFFFFE7 0x00010000 False   [10] []
   43 0x000000C0 0xFFFFFFE7 0x00010000 False   [10] []
   44 0x000000C6 0xFFFFFFE7 0x00010000 False   [10] []
   45 0x000000E0 0xFFFFFFE7 0x00020000 False   [11] []
   46 0x000000E1 0xFFFFFFE7 0x00020000 False   [11] []
   47 0x000000E2 0xFFFFFFE7 0x00020000 False   [11] []
   48 0x000000E3 0xFFFFFFE7 0x00020000 False   [11] []
   49 0x000000E4 0xFFFFFFE7 0x00020000 False   [11] []
   50 0x000000E5 0xFFFFFFE7 0x00020000 False   [11] []
   51 0x000000E6 0xFFFFFFE7 0x00020000 False   [11] []
   52 0x00000100 0xFFFFFFE7 0x00040000 False   [12] []
   53 0x00000106 0xFFFFFFE7 0x00040000 False   [12] []
   54 0x00000101 0xFFFFFFE7 0x00040000 False   [12] []
   55 0x00000102 0xFFFFFFE7 0x00040000 False   [12] []
   56 0x00000103 0xFFFFFFE7 0x00040000 False   [12] []
   57 0x00000104 0xFFFFFFE7 0x00040000 False   [12] []
   58 0x00000105 0xFFFFFFE7 0x00040000 False   [12] []
   59 0x00000120 0xFFFFFFE7 0x00080000 False   [13] []
   60 0x00000125 0xFFFFFFE7 0x00080000 False   [13] []
   61 0x00000126 0xFFFFFFE7 0x00080000 False   [13] []
   62 0x00000121 0xFFFFFFE7 0x00080000 False   [13] []
   63 0x00000122 0xFFFFFFE7 0x00080000 False   [13] []
   64 0x00000123 0xFFFFFFE7 0x00080000 False   [13] []
   65 0x00000124 0xFFFFFFE7 0x00080000 False   [13] []
   66 0x00000140 0xFFFFFFE7 0x00100000 False   [14] []
   67 0x00000144 0xFFFFFFE7 0x00100000 False   [14] []
   68 0x00000145 0xFFFFFFE7 0x00100000 False   [14] []
   69 0x00000146 0xFFFFFFE7 0x00100000 False   [14] []
   70 0x00000141 0xFFFFFFE7 0x00100000 False   [14] []
   71 0x00000142 0xFFFFFFE7 0x00100000 False   [14] []
   72 0x00000143 0xFFFFFFE7 0x00100000 False   [14] []
   73 0x00000160 0xFFFFFFE7 0x00200000 False   [15] []
   74 0x00000163 0xFFFFFFE7 0x00200000 False   [15] []
   75 0x00000164 0xFFFFFFE7 0x00200000 False   [15] []
   76 0x00000165 0xFFFFFFE7 0x00200000 False   [15] []
   77 0x00000166 0xFFFFFFE7 0x00200000 False   [15] []
   78 0x00000161 0xFFFFFFE7 0x00200000 False   [15] []
   79 0x00000162 0xFFFFFFE7 0x00200000 False   [15] []
   80 0x00000180 0xFFFFFFE7 0x00400000 False   [16] []
   81 0x00000182 0xFFFFFFE7 0x00400000 False   [16] []
   82 0x00000183 0xFFFFFFE7 0x00400000 False   [16] []
   83 0x00000184 0xFFFFFFE7 0x00400000 False   [16] []
   84 0x00000185 0xFFFFFFE7 0x00400000 False   [16] []
   85 0x00000186 0xFFFFFFE7 0x00400000 False   [16] []
   86 0x00000181 0xFFFFFFE7 0x00400000 False   [16] []
   87 0x000001A0 0xFFFFFFE7 0x00800000 False   [17] []
   88 0x000001A1 0xFFFFFFE7 0x00800000 False   [17] []
   89 0x000001A2 0xFFFFFFE7 0x00800000 False   [17] []
   90 0x000001A3 0xFFFFFFE7 0x00800000 False   [17] []
   91 0x000001A4 0xFFFFFFE7 0x00800000 False   [17] []
   92 0x000001A5 0xFFFFFFE7 0x00800000 False   [17] []
   93 0x000001A6 0xFFFFFFE7 0x00800000 False   [17] []
   94 0x00002000 0xFFFFFF00 0x00000020 False   [] [S]
   95 0x00002100 0xFFFFFF80 0x00000020 False   [] [S]
   96 0x00002180 0xFFFFFFC0 0x00000020 False   [] [S]
   97 0x000021C0 0xFFFFFFC0 0x00000020 False   [] [S]
   98 0x00002200 0xFFFFFF00 0x00000020 False   [] [S]
   99 0x00002300 0xFFFFFF80 0x00000020 False   [] [S]
  100 0x00002380 0xFFFFFFC0 0x00000020 False   [] [S]
  101 0x000023C0 0xFFFFFFC0 0x00000020 False   [] [S]
  102 0x00002400 0xFFFFFF00 0x00000020 False   [] [S]
  103 0x00002500 0xFFFFFF80 0x00000020 False   [] [S]
  104 0x00002580 0xFFFFFFE0 0x00000020 False   [] [S]
  105 0x000025A0 0xFFFFFFE0 0x00000020 False   [] [S]
  106 0x000025C0 0xFFFFFFC0 0x00000020 False   [] [S]
  107 0x00002600 0xFFFFFF00 0x00000020 False   [] [S]
  108 0x00002700 0xFFFFFF80 0x00000020 False   [] [S]
  109 0x00002780 0xFFFFFFE0 0x00000020 False   [] [S]
  110 0x000027A0 0xFFFFFFE0 0x00000020 False   [] [S]
  111 0x000027C0 0xFFFFFFC0 0x00000020 False   [] [S]
  112 0x00002800 0xFFFFFF00 0x00000020 False   [] [S]
  113 0x00002900 0xFFFFFF80 0x00000020 False   [] [S]
  114 0x00002980 0xFFFFFFE0 0x00000020 False   [] [S]
  115 0x000029A0 0xFFFFFFE0 0x00000020 False   [] [S]
  116 0x000029C0 0xFFFFFFC0 0x00000020 False   [] [S]
  117 0x00002A00 0xFFFFFE00 0x00000020 False   [] [S]
  118 0x00002C00 0xFFFFFF00 0x00000020 False   [] [S]
  119 0x00002D00 0xFFFFFF80 0x00000020 False   [] [S]
  120 0x00002D80 0xFFFFFFE0 0x00000020 False   [] [S]
  121 0x00002DA0 0xFFFFFFE0 0x00000020 False   [] [S]
  122 0x00002DC0 0xFFFFFFC0 0x00000020 False   [] [S]
  123 0x00002E00 0xFFFFFE00 0x00000020 False   [] [S]
  124 0xFFFFFF80 0xFFFFFFFF 0x00000020 False   [] [S]
  125 0xFFFFFF81 0xFFFFFFFF 0x00000020 False   [] [S]
  126 0xFFFFFF82 0xFFFFFFFF 0x00000020 False   [] [S]
  127 0xFFFFFF83 0xFFFFFFFF 0x00000020 False   [] [S]
  128 0xFFFFFE10 0xFFFFFFFF 0x00000020 False   [] [S]
  129 0xFFFFFF90 0xFFFFFFFF 0x00000020 False   [] [S]
  130 0xFFFFFF91 0xFFFFFFFF 0x00000020 False   [] [S]
  131 0xFFFFFF92 0xFFFFFFFF 0x00000020 False   [] [S]
  132 0xFFFFFF93 0xFFFFFFFF 0x00000020 False   [] [S]
  133 0xFFFFFF94 0xFFFFFFFF 0x00000020 False   [] [S]
  134 0xFFFFFF95 0xFFFFFFFF 0x00000020 False   [] [S]
  135 0xFFFFFF96 0xFFFFFFFF 0x00000020 False   [] [S]
  136 0xFFFFFF97 0xFFFFFFFF 0x00000020 False   [] [S]
  137 0xFFFFFF10 0xFFFFFFFF 0x00000020 False   [] [S]
  138 0xFFFFFF11 0xFFFFFFFF 0x00000020 False   [] [S]
  139 0xFFFFFF12 0xFFFFFFFF 0x00000020 False   [] [S]
  140 0xFFFFFF13 0xFFFFFFFF 0x00000020 False   [] [S]
  141 0xFFFFFF14 0xFFFFFFFF 0x00000020 False   [] [S]
  142 0xFFFFFF15 0xFFFFFFFF 0x00000020 False   [] [S]
  143 0xFFFFFF16 0xFFFFFFFF 0x00000020 False   [] [S]
  144 0xFFFFFF17 0xFFFFFFFF 0x00000020 False   [] [S]
  145 0xFFFFFF20 0xFFFFFFFF 0x00000020 False   [] [S]
  146 0xFFFFFF21 0xFFFFFFFF 0x00000020 False   [] [S]
  147 0xFFFFFF22 0xFFFFFFFF 0x00000020 False   [] [S]
  148 0xFFFFFF23 0xFFFFFFFF 0x00000020 False   [] [S]
  149 0xFFFFFF24 0xFFFFFFFF 0x00000020 False   [] [S]
  150 0xFFFFFF25 0xFFFFFFFF 0x00000020 False   [] [S]
  151 0xFFFFFF26 0xFFFFFFFF 0x00000020 False   [] [S]
  152 0xFFFFFF27 0xFFFFFFFF 0x00000020 False   [] [S]
  153 0xFFFFFFB0 0xFFFFFFFF 0x00000020 False   [] [S]
  154 0xFFFFFFB1 0xFFFFFFFF 0x00000020 False   [] [S]
  155 0xFFFFFFB2 0xFFFFFFFF 0x00000020 False   [] [S]
  156 0xFFFFFFB3 0xFFFFFFFF 0x00000020 False   [] [S]
  157 0xFFFFFFB4 0xFFFFFFFF 0x00000020 False   [] [S]
  158 0xFFFFFFB5 0xFFFFFFFF 0x00000020 False   [] [S]
  159 0xFFFFFFB6 0xFFFFFFFF 0x00000020 False   [] [S]
  160 0xFFFFFFB7 0xFFFFFFFF 0x00000020 False   [] [S]
  161 0xFFFFFF30 0xFFFFFFFF 0x00000020 False   [] [S]
  162 0xFFFFFF31 0xFFFFFFFF 0x00000020 False   [] [S]
  163 0xFFFFFF32 0xFFFFFFFF 0x00000020 False   [] [S]
  164 0xFFFFFF33 0xFFFFFFFF 0x00000020 False   [] [S]
  165 0xFFFFFF34 0xFFFFFFFF 0x00000020 False   [] [S]
  166 0xFFFFFF35 0xFFFFFFFF 0x00000020 False   [] [S]
  167 0xFFFFFF36 0xFFFFFFFF 0x00000020 False   [] [S]
  168 0xFFFFFF37 0xFFFFFFFF 0x00000020 False   [] [S]
  169 0xFFFFFF40 0xFFFFFFFF 0x00000020 False   [] [S]
  170 0xFFFFFF41 0xFFFFFFFF 0x00000020 False   [] [S]
  171 0xFFFFFF42 0xFFFFFFFF 0x00000020 False   [] [S]
  172 0xFFFFFF43 0xFFFFFFFF 0x00000020 False   [] [S]
  173 0xFFFFFE11 0xFFFFFFFF 0x00000020 False   [] [S]
  174 0xFFFFFF50 0xFFFFFFFF 0x00000020 False   [] [S]
  175 0xFFFFFF60 0xFFFFFFFF 0x00000020 False   [] [S]
  176 0xFFFFFF61 0xFFFFFFFF 0x00000020 False   [] [S]
  177 0xFFFFFF62 0xFFFFFFFF 0x00000020 False   [] [S]
  178 0xFFFFFF63 0xFFFFFFFF 0x00000020 False   [] [S]
  179 0xFFFFFF70 0xFFFFFFFF 0x00000020 False   [] [S]
  180 0xFFFFFF71 0xFFFFFFFF 0x00000020 False   [] [S]
  181 0xFFFFFF72 0xFFFFFFFF 0x00000020 False   [] [S]
  182 0xFFFFFF73 0xFFFFFFFF 0x00000020 False   [] [S]
  183 0xFFFFFE02 0xFFFFFFFF 0x00000020 False   [] [S]
  184 0xFFFFFE03 0xFFFFFFFF 0x00000020 False   [] [S]
  185 0x000004E7 0xFFFFFFE7 0x00000001 False   [] [E]
  186 0x00000507 0xFFFFFFE7 0x00000001 False   [] [E]
  187 0x00000527 0xFFFFFFE7 0x00000001 False   [] [E]
  188 0x00000547 0xFFFFFFE7 0x00000001 False   [] [E]
  189 0x00000567 0xFFFFFFE7 0x00000001 False   [] [E]
  190 0x00000327 0xFFFFFFE7 0x00000001 False   [] [E]
  191 0x00000587 0xFFFFFFE7 0x00000001 False   [] [E]
  192 0x000005A7 0xFFFFFFE7 0x00000001 False   [] [E]
  193 0x000005C7 0xFFFFFFE7 0x00000001 False   [] [E]
  194 0x000005E7 0xFFFFFFE7 0x00000001 False   [] [E]
  195 0x00000607 0xFFFFFFE7 0x00000001 False   [] [E]
  196 0x00000627 0xFFFFFFE7 0x00000001 False   [] [E]
  197 0x00000647 0xFFFFFFE7 0x00000001 False   [] [E]
  198 0x00000347 0xFFFFFFE7 0x00000001 False   [] [E]
  199 0x00000667 0xFFFFFFE7 0x00000001 False   [] [E]
  200 0x00000687 0xFFFFFFE7 0x00000001 False   [] [E]
  201 0x000006A7 0xFFFFFFE7 0x00000001 False   [] [E]
  202 0x000006C7 0xFFFFFFE7 0x00000001 False   [] [E]
  203 0x000006E7 0xFFFFFFE7 0x00000001 False   [] [E]
  204 0x00000707 0xFFFFFFE7 0x00000001 False   [] [E]
  205 0x00000727 0xFFFFFFE7 0x00000001 False   [] [E]
  206 0x00000367 0xFFFFFFE7 0x00000001 False   [] [E]
  207 0x00000747 0xFFFFFFE7 0x00000001 False   [] [E]
  208 0x00000767 0xFFFFFFE7 0x00000001 False   [] [E]
  209 0x00000787 0xFFFFFFE7 0x00000001 False   [] [E]
  210 0x000007A7 0xFFFFFFE7 0x00000001 False   [] [E]
  211 0x000007C7 0xFFFFFFE7 0x00000001 False   [] [E]
  212 0x000007E7 0xFFFFFFE7 0x00000001 False   [] [E]
  213 0x00000807 0xFFFFFFE7 0x00000001 False   [] [E]
  214 0x00000387 0xFFFFFFE7 0x00000001 False   [] [E]
  215 0x00000827 0xFFFFFFE7 0x00000001 False   [] [E]
  216 0x00000847 0xFFFFFFE7 0x00000001 False   [] [E]
  217 0x00000867 0xFFFFFFE7 0x00000001 False   [] [E]
  218 0x00000887 0xFFFFFFE7 0x00000001 False   [] [E]
  219 0x000008A7 0xFFFFFFE7 0x00000001 False   [] [E]
  220 0x000008C7 0xFFFFFFE7 0x00000001 False   [] [E]
  221 0x000008E7 0xFFFFFFE7 0x00000001 False   [] [E]
  222 0x000003A7 0xFFFFFFE7 0x00000001 False   [] [E]
  223 0x00000907 0xFFFFFFE7 0x00000001 False   [] [E]
  224 0x00000927 0xFFFFFFE7 0x00000001 False   [] [E]
  225 0x00000947 0xFFFFFFE7 0x00000001 False   [] [E]
  226 0x00000967 0xFFFFFFE7 0x00000001 False   [] [E]
  227 0x00000987 0xFFFFFFE7 0x00000001 False   [] [E]
  228 0x000009A7 0xFFFFFFE7 0x00000001 False   [] [E]
  229 0x000009C7 0xFFFFFFE7 0x00000001 False   [] [E]
  230 0x000003C7 0xFFFFFFE7 0x00000001 False   [] [E]
  231 0x000009E7 0xFFFFFFE7 0x00000001 False   [] [E]
  232 0x00000A07 0xFFFFFFE7 0x00000001 False   [] [E]
  233 0x00000A27 0xFFFFFFE7 0x00000001 False   [] [E]
  234 0x00000A47 0xFFFFFFE7 0x00000001 False   [] [E]
  235 0x00000A67 0xFFFFFFE7 0x00000001 False   [] [E]
  236 0x00000A87 0xFFFFFFE7 0x00000001 False   [] [E]
  237 0x00000AA7 0xFFFFFFE7 0x00000001 False   [] [E]
  238 0x000003E7 0xFFFFFFE7 0x00000001 False   [] [E]
  239 0x00000AC7 0xFFFFFFE7 0x00000001 False   [] [E]
  240 0x00000AE7 0xFFFFFFE7 0x00000001 False   [] [E]
  241 0x00000B07 0xFFFFFFE7 0x00000001 False   [] [E]
  242 0x00000B27 0xFFFFFFE7 0x00000001 False   [] [E]
  243 0x00000B47 0xFFFFFFE7 0x00000001 False   [] [E]
  244 0x00000B67 0xFFFFFFE7 0x00000001 False   [] [E]
  245 0x00000B87 0xFFFFFFE7 0x00000001 False   [] [E]
  246 0x00000407 0xFFFFFFE7 0x00000001 False   [] [E]
  247 0x00000BA7 0xFFFFFFE7 0x00000001 False   [] [E]
  248 0x00000BC7 0xFFFFFFE7 0x00000001 False   [] [E]
  249 0x00000BE7 0xFFFFFFE7 0x00000001 False   [] [E]
  250 0x00000C07 0xFFFFFFE7 0x00000001 False   [] [E]
  251 0x00000C27 0xFFFFFFE7 0x00000001 False   [] [E]
  252 0x00000C47 0xFFFFFFE7 0x00000001 False   [] [E]
  253 0x00000C67 0xFFFFFFE7 0x00000001 False   [] [E]
  254 0x00000427 0xFFFFFFE7 0x00000001 False   [] [E]
  255 0x00000C87 0xFFFFFFE7 0x00000001 False   [] [E]
  256 0x00000CA7 0xFFFFFFE7 0x00000001 False   [] [E]
  257 0x00000CC7 0xFFFFFFE7 0x00000001 False   [] [E]
  258 0x00000CE7 0xFFFFFFE7 0x00000001 False   [] [E]
  259 0x00000D07 0xFFFFFFE7 0x00000001 False   [] [E]
  260 0x00000D27 0xFFFFFFE7 0x00000001 False   [] [E]
  261 0x00000D47 0xFFFFFFE7 0x00000001 False   [] [E]
  262 0x00000447 0xFFFFFFE7 0x00000001 False   [] [E]
  263 0x00000D67 0xFFFFFFE7 0x00000001 False   [] [E]
  264 0x00000D87 0xFFFFFFE7 0x00000001 False   [] [E]
  265 0x00000DA7 0xFFFFFFE7 0x00000001 False   [] [E]
  266 0x00000DC7 0xFFFFFFE7 0x00000001 False   [] [E]
  267 0x00000DE7 0xFFFFFFE7 0x00000001 False   [] [E]
  268 0x00000E07 0xFFFFFFE7 0x00000001 False   [] [E]
  269 0x00000E27 0xFFFFFFE7 0x00000001 False   [] [E]
  270 0x00000467 0xFFFFFFE7 0x00000001 False   [] [E]
  271 0x00000E47 0xFFFFFFE7 0x00000001 False   [] [E]
  272 0x00000E67 0xFFFFFFE7 0x00000001 False   [] [E]
  273 0x00000E87 0xFFFFFFE7 0x00000001 False   [] [E]
  274 0x00000EA7 0xFFFFFFE7 0x00000001 False   [] [E]
  275 0x00000EC7 0xFFFFFFE7 0x00000001 False   [] [E]
  276 0x00000EE7 0xFFFFFFE7 0x00000001 False   [] [E]
  277 0x00000F07 0xFFFFFFE7 0x00000001 False   [] [E]
  278 0x00000487 0xFFFFFFE7 0x00000001 False   [] [E]
  279 0x00000F27 0xFFFFFFE7 0x00000001 False   [] [E]
  280 0x00000F47 0xFFFFFFE7 0x00000001 False   [] [E]
  281 0x00000F67 0xFFFFFFE7 0x00000001 False   [] [E]
  282 0x00000F87 0xFFFFFFE7 0x00000001 False   [] [E]
  283 0x00000FA7 0xFFFFFFE7 0x00000001 False   [] [E]
  284 0x00000FC7 0xFFFFFFE7 0x00000001 False   [] [E]
  285 0x00000FE7 0xFFFFFFE7 0x00000001 False   [] [E]
  286 0x000004A7 0xFFFFFFE7 0x00000001 False   [] [E]
  287 0x000001C7 0xFFFFFFE7 0x00000001 False   [] [E]
  288 0x000001E7 0xFFFFFFE7 0x00000001 False   [] [E]
  289 0x00000207 0xFFFFFFE7 0x00000001 False   [] [E]
  290 0x00000227 0xFFFFFFE7 0x00000001 False   [] [E]
  291 0x00000247 0xFFFFFFE7 0x00000001 False   [] [E]
  292 0x00000267 0xFFFFFFE7 0x00000001 False   [] [E]
  293 0x00000287 0xFFFFFFE7 0x00000001 False   [] [E]
  294 0x000004C7 0xFFFFFFE7 0x00000001 False   [] [E]
  295 0x000002A7 0xFFFFFFE7 0x00000001 False   [] [E]
  296 0x000002C7 0xFFFFFFE7 0x00000001 False   [] [E]
  297 0x000002E7 0xFFFFFFE7 0x00000001 False   [] [E]
  298 0x00000307 0xFFFFFFE7 0x00000001 False   [] [E]
  299 0x00000000 0xFFFFF000 0x00000000 False   [] []
0 Defaultable entries
