Router contains 18 entries
Index Key        Mask       Route      Default [Cores][Links]
----- ---------- ---------- ---------- ------- --------------
    0 0x00002800 0xFFFFFC00 0x00000008 False   [] [W]
    1 0x000009A0 0xFFFFFFE0 0x00000104 False   [2] [N]
    2 0x000009C0 0xFFFFFFE0 0x00000204 False   [3] [N]
    3 0x000009E0 0xFFFFFFE0 0x00000404 False   [4] [N]
    4 0x00000A00 0xFFFFFFE0 0x00000804 False   [5] [N]
    5 0x00000A20 0xFFFFFFE0 0x00001004 False   [6] [N]
    6 0x00000A40 0xFFFFFFE0 0x00002004 False   [7] [N]
    7 0x00000A60 0xFFFFFFE0 0x00004004 False   [8] [N]
    8 0x00000A80 0xFFFFFFE0 0x00008004 False   [9] [N]
    9 0x00000AA0 0xFFFFFFE0 0x00010004 False   [10] [N]
   10 0x00000AC0 0xFFFFFFE0 0x00020004 False   [11] [N]
   11 0x00000AE0 0xFFFFFFE0 0x00040004 False   [12] [N]
   12 0x00000B00 0xFFFFFFE0 0x00080004 False   [13] [N]
   13 0x00000B20 0xFFFFFFE0 0x00100004 False   [14] [N]
   14 0x00000B40 0xFFFFFFE0 0x00200004 False   [15] [N]
   15 0x00000B60 0xFFFFFFE0 0x00400004 False   [16] [N]
   16 0x00000B80 0xFFFFFFE0 0x00800004 False   [17] [N]
   17 0x00000000 0xFFFFF000 0x00000004 False   [] [N]
0 Defaultable entries
