Router contains 18 entries
Index Key        Mask       Route      Default [Cores][Links]
----- ---------- ---------- ---------- ------- --------------
    0 0x00002800 0xFFFFF800 0x00000010 False   [] [SW]
    1 0x00000BA0 0xFFFFFFE0 0x00000100 False   [2] []
    2 0x00000BC0 0xFFFFFFE0 0x00000200 False   [3] []
    3 0x00000BE0 0xFFFFFFE0 0x00000400 False   [4] []
    4 0x00000C00 0xFFFFFFE0 0x00000800 False   [5] []
    5 0x00000C20 0xFFFFFFE0 0x00001000 False   [6] []
    6 0x00000C40 0xFFFFFFE0 0x00002000 False   [7] []
    7 0x00000C60 0xFFFFFFE0 0x00004000 False   [8] []
    8 0x00000C80 0xFFFFFFE0 0x00008000 False   [9] []
    9 0x00000CA0 0xFFFFFFE0 0x00010000 False   [10] []
   10 0x00000CC0 0xFFFFFFE0 0x00020000 False   [11] []
   11 0x00000CE0 0xFFFFFFE0 0x00040000 False   [12] []
   12 0x00000D00 0xFFFFFFE0 0x00080000 False   [13] []
   13 0x00000D20 0xFFFFFFE0 0x00100000 False   [14] []
   14 0x00000D40 0xFFFFFFE0 0x00200000 False   [15] []
   15 0x00000D60 0xFFFFFFE0 0x00400000 False   [16] []
   16 0x00000D80 0xFFFFFFE0 0x00800000 False   [17] []
   17 0x00000000 0xFFFFF000 0x00000000 False   [] []
0 Defaultable entries
