SpYNNakerNeuronGraphNetworkSpecificationReport skipped as cfg Reports:write_network_graph is False
Network Specification report took 0:00:00.000227 
Splitter reset took 0:00:00.000011 
Spynnaker splitter selector took 0:00:00.009585 
DelaySupportAdder took 0:00:00.000148 
SpynnakerSplitterPartitioner took 0:00:00.004508 
SpallocAllocator took 0:00:19.284393 
Machine generator took 0:00:14.102894 
Json machine skipped as cfg Reports:write_json_machine is False
Board chip report took 0:00:00.005151 
Command Sender Adder took 0:00:00.000652 
Split Live Gather Vertices took 0:00:00.000008 
Insert chip power monitors skipped as cfg Reports:write_energy_report is False
Insert extra monitor vertices took 0:00:00.000007 
Partitioner report took 0:00:00.001908 
Local TDMA builder took 0:00:00.000036 
Application Placer took 0:00:00.036358 
Placements wth application graph report took 0:00:00.009652 
Json placements skipped as cfg Reports:write_json_placements is False
System multicast routing generator took 0:00:00.018148 
Fixed route router took 0:00:00.042344 
Application Router took 0:00:00.390885 
Basic tag allocator took 0:00:00.002879 
Tag allocator report took 0:00:00.000159 
Zoned routing info allocator took 0:00:00.091826 
Router info report took 0:00:00.004075 
Merged routing table generator took 0:00:00.277196 
Uncompressed routing table report took 0:00:00.258503 
Router report skipped as cfg Reports:write_router_reports is False
Router summary report skipped as cfg Reports:write_router_summary_report is False
Json routing tables skipped as cfg Reports:write_json_routing_tables is False
Locate executable start type took 0:00:00.002396 
Buffer manager creator took 0:00:00.001289 
SDRAM outgoing partition allocator took 0:00:00.000067 
Write Neo Metadata took 0:00:00.000993 
Record vertex labels to database took 0:00:00.006921 
Routing setup took 0:00:00.037529 
Graph binary gatherer took 0:00:00.013082 
Pair on chip router compression took 0:00:02.576267 
Graph data specification writer took 0:00:00.538433 
Control Sync took 0:00:00.000205 
Load fixed routes took 0:00:00.209131 
Execute system data specification took 0:00:01.646179 
Load executable system Images took 0:00:01.568990 
Tags Loader took 0:00:00.020845 
Host data specification took 0:00:02.557527 
Neuron expander took 0:00:01.430143 
Synapse expander took 0:00:02.115796 
Finish connection holders took 0:00:00.000436 
Bitfield compressor report skipped as cfg Reports:write_bit_field_compressor_report is False
Tags from machine report took 0:00:00.014808 
Memory report skipped as cfg Reports:write_memory_map_report is False
Memory report skipped as cfg Reports:write_memory_map_report is False
Compressor report took 0:00:00.311324 
Fixed route report took 0:00:00.221635 
Load executable app images took 0:00:02.391463 
Sdram usage per chip report took 0:00:00.017260 
Drift report skipped as cfg Reports:write_drift_report_start is False
Create database interface took 0:00:00.065684 
Create notification protocol took 0:00:00.000334 
Runtime Update took 0:00:00.040019 
Application runner exited with KeyboardInterrupt after 0:00:17.906493
