Router contains 20 entries
Index Key        Mask       Route      Default [Cores][Links]
----- ---------- ---------- ---------- ------- --------------
    0 0x0000A000 0xFFFFFC00 0x00000008 False   [] [W]
    1 0x00002240 0xFFFFFFE0 0x0000010C False   [2] [N, W]
    2 0x00002260 0xFFFFFFE0 0x0000030C False   [2, 3] [N, W]
    3 0x00002280 0xFFFFFFE0 0x0000060C False   [3, 4] [N, W]
    4 0x000022A0 0xFFFFFFE0 0x00000C0C False   [4, 5] [N, W]
    5 0x000022C0 0xFFFFFFE0 0x0000180C False   [5, 6] [N, W]
    6 0x000022E0 0xFFFFFFE0 0x0000300C False   [6, 7] [N, W]
    7 0x00002300 0xFFFFFFE0 0x0000600C False   [8, 7] [N, W]
    8 0x00002320 0xFFFFFFE0 0x0000C00C False   [8, 9] [N, W]
    9 0x00002340 0xFFFFFFE0 0x0001800C False   [9, 10] [N, W]
   10 0x00002360 0xFFFFFFE0 0x0003000C False   [10, 11] [N, W]
   11 0x00002380 0xFFFFFFE0 0x0006000C False   [11, 12] [N, W]
   12 0x000023A0 0xFFFFFFE0 0x000C000C False   [12, 13] [N, W]
   13 0x000023C0 0xFFFFFFE0 0x0018000C False   [13, 14] [N, W]
   14 0x000023E0 0xFFFFFFE0 0x0010000C False   [14] [N, W]
   15 0x00002400 0xFFFFFFE0 0x0020000C False   [15] [N, W]
   16 0x00002420 0xFFFFFFE0 0x0060000C False   [16, 15] [N, W]
   17 0x00002440 0xFFFFFFE0 0x00C0000C False   [16, 17] [N, W]
   18 0x00002460 0xFFFFFFE0 0x0080000C False   [17] [N, W]
   19 0x00000000 0xFFFFC000 0x0000000C False   [] [N, W]
0 Defaultable entries
