SpYNNakerNeuronGraphNetworkSpecificationReport skipped as cfg Reports:write_network_graph is False
Network Specification report took 0:00:00.000171 
Splitter reset took 0:00:00.000008 
Spynnaker splitter selector took 0:00:00.009698 
DelaySupportAdder took 0:00:00.000200 
SpynnakerSplitterPartitioner took 0:00:00.004744 
SpallocAllocator took 0:00:42.387553 
Machine generator took 0:00:14.200991 
Json machine skipped as cfg Reports:write_json_machine is False
Board chip report took 0:00:00.005214 
Command Sender Adder took 0:00:00.000791 
Split Live Gather Vertices took 0:00:00.000009 
Insert chip power monitors skipped as cfg Reports:write_energy_report is False
Insert extra monitor vertices took 0:00:00.000007 
Partitioner report took 0:00:00.001930 
Local TDMA builder took 0:00:00.000037 
Application Placer took 0:00:00.036816 
Placements wth application graph report took 0:00:00.009756 
Json placements skipped as cfg Reports:write_json_placements is False
System multicast routing generator took 0:00:00.054604 
Fixed route router took 0:00:00.008985 
Application Router took 0:00:00.403587 
Basic tag allocator took 0:00:00.002818 
Tag allocator report took 0:00:00.000170 
Zoned routing info allocator took 0:00:00.092660 
Router info report took 0:00:00.004176 
Merged routing table generator took 0:00:00.290339 
Uncompressed routing table report took 0:00:00.265008 
Router report skipped as cfg Reports:write_router_reports is False
Router summary report skipped as cfg Reports:write_router_summary_report is False
Json routing tables skipped as cfg Reports:write_json_routing_tables is False
Locate executable start type took 0:00:00.002418 
Buffer manager creator took 0:00:00.001291 
SDRAM outgoing partition allocator took 0:00:00.000067 
Write Neo Metadata took 0:00:00.000986 
Record vertex labels to database took 0:00:00.006808 
Routing setup took 0:00:00.038412 
Graph binary gatherer took 0:00:00.013842 
Pair on chip router compression took 0:00:02.560309 
Graph data specification writer took 0:00:00.607352 
Control Sync took 0:00:00.000197 
Load fixed routes took 0:00:00.206463 
Execute system data specification took 0:00:01.645055 
Load executable system Images took 0:00:01.543530 
Tags Loader took 0:00:00.020500 
Host data specification took 0:00:02.606833 
Neuron expander took 0:00:01.430420 
Synapse expander took 0:00:02.108775 
Finish connection holders took 0:00:00.000517 
Bitfield compressor report skipped as cfg Reports:write_bit_field_compressor_report is False
Tags from machine report took 0:00:00.014870 
Memory report skipped as cfg Reports:write_memory_map_report is False
Memory report skipped as cfg Reports:write_memory_map_report is False
Compressor report took 0:00:00.310509 
Fixed route report took 0:00:00.219453 
Load executable app images took 0:00:02.405611 
Sdram usage per chip report took 0:00:00.021590 
Drift report skipped as cfg Reports:write_drift_report_start is False
Create database interface took 0:00:00.065122 
Create notification protocol took 0:00:00.000409 
Runtime Update took 0:00:00.040462 
Application runner exited with KeyboardInterrupt after 0:02:59.045444
