SpYNNakerNeuronGraphNetworkSpecificationReport skipped as cfg Reports:write_network_graph is False
Network Specification report took 0:00:00.000159 
Splitter reset took 0:00:00.000008 
Spynnaker splitter selector took 0:00:00.000978 
DelaySupportAdder took 0:00:00.000173 
SpynnakerSplitterPartitioner took 0:00:00.001359 
SpallocAllocator took 0:00:09.250011 
Machine generator took 0:00:14.099483 
Json machine skipped as cfg Reports:write_json_machine is False
Board chip report took 0:00:00.005191 
Command Sender Adder took 0:00:00.000624 
Split Live Gather Vertices took 0:00:00.000008 
Insert chip power monitors skipped as cfg Reports:write_energy_report is False
Insert extra monitor vertices took 0:00:00.000008 
Partitioner report took 0:00:00.000271 
Local TDMA builder took 0:00:00.000038 
Application Placer took 0:00:00.003573 
Placements wth application graph report took 0:00:00.005557 
Json placements skipped as cfg Reports:write_json_placements is False
System multicast routing generator took 0:00:00.018831 
Fixed route router took 0:00:00.009120 
Application Router took 0:00:00.007693 
Basic tag allocator took 0:00:00.002271 
Tag allocator report took 0:00:00.000177 
Zoned routing info allocator took 0:00:00.025567 
Router info report took 0:00:00.000695 
Merged routing table generator took 0:00:00.004516 
Uncompressed routing table report took 0:00:00.004500 
Router report skipped as cfg Reports:write_router_reports is False
Router summary report skipped as cfg Reports:write_router_summary_report is False
Json routing tables skipped as cfg Reports:write_json_routing_tables is False
Locate executable start type took 0:00:00.001999 
Buffer manager creator took 0:00:00.001231 
SDRAM outgoing partition allocator took 0:00:00.000062 
Write Neo Metadata took 0:00:00.002558 
Record vertex labels to database took 0:00:00.006728 
Routing setup took 0:00:00.012960 
Graph binary gatherer took 0:00:00.048301 
Pair on chip router compression skipped as Tables already small enough
Graph data specification writer took 0:00:00.361186 
Control Sync took 0:00:00.000170 
Load fixed routes took 0:00:00.208401 
Execute system data specification took 0:00:01.631108 
Load executable system Images took 0:00:01.589906 
Tags Loader took 0:00:00.022436 
Host data specification took 0:00:00.997378 
Neuron expander took 0:00:01.600327 
Synapse expander took 0:00:01.918260 
Finish connection holders took 0:00:00.000729 
Routing table loader took 0:00:00.018979 
Bitfield compressor report skipped as cfg Reports:write_bit_field_compressor_report is False
Tags from machine report took 0:00:00.014195 
Memory report skipped as cfg Reports:write_memory_map_report is False
Memory report skipped as cfg Reports:write_memory_map_report is False
Compressor report took 0:00:00.005708 
Fixed route report took 0:00:00.221568 
Load executable app images took 0:00:04.434973 
Sdram usage per chip report took 0:00:00.012087 
Drift report skipped as cfg Reports:write_drift_report_start is False
Create database interface took 0:00:00.036280 
Create notification protocol took 0:00:00.000341 
Runtime Update took 0:00:00.021815 
Application runner took 0:00:10.501008 
Extract IO buff took 0:00:00.264733 
Buffer extractor took 0:00:01.471949 
Clear IO buffer took 0:00:00.001574 
Graph provenance gatherer took 0:00:00.001287 
Placements provenance gatherer took 0:00:01.498512 
Router provenance gatherer took 0:00:02.011023 
Profile data gatherer took 0:00:00.012095 
Energy report skipped as cfg Reports:write_energy_report is False
Redundant packet count report took 0:00:00.003611 
Drift report skipped as cfg Reports:write_drift_report_end is False
Control Sync took 0:00:00.000137 
