        Partitioning Information by Vertex
        ===============================

Generated: Thu Mar 23 10:54:21 2023 for target machine '172.16.223.1'

**** Vertex: 'SPIFInputDevice_1'
Model: SPIFInputDevice
Pop size: 3072
Machine Vertices: 
  Slice (0:127)
  Slice (0:127)
  Slice (0:127)
  Slice (0:127)
  Slice (0:127)
  Slice (0:127)
  Slice (0:127)
  Slice (0:127)
  Slice (0:3071)
  Slice (128:255)
  Slice (128:255)
  Slice (128:255)
  Slice (128:255)
  Slice (128:255)
  Slice (128:255)
  Slice (128:255)
  Slice (128:255)
  Slice (256:383)
  Slice (256:383)
  Slice (256:383)
  Slice (256:383)
  Slice (256:383)
  Slice (256:383)
  Slice (256:383)
  Slice (256:383)
  Slice (384:511)
  Slice (384:511)
  Slice (384:511)
  Slice (384:511)
  Slice (384:511)
  Slice (384:511)
  Slice (384:511)
  Slice (384:511)
  Slice (512:639)
  Slice (512:639)
  Slice (512:639)
  Slice (512:639)
  Slice (512:639)
  Slice (512:639)
  Slice (512:639)
  Slice (512:639)
  Slice (640:767)
  Slice (640:767)
  Slice (640:767)
  Slice (640:767)
  Slice (640:767)
  Slice (640:767)
  Slice (640:767)
  Slice (640:767)
  Slice (768:895)
  Slice (768:895)
  Slice (768:895)
  Slice (768:895)
  Slice (768:895)
  Slice (768:895)
  Slice (768:895)
  Slice (768:895)
  Slice (896:1023)
  Slice (896:1023)
  Slice (896:1023)
  Slice (896:1023)
  Slice (896:1023)
  Slice (896:1023)
  Slice (896:1023)
  Slice (896:1023)
  Slice (1024:1151)
  Slice (1024:1151)
  Slice (1024:1151)
  Slice (1024:1151)
  Slice (1024:1151)
  Slice (1024:1151)
  Slice (1024:1151)
  Slice (1024:1151)
  Slice (1152:1279)
  Slice (1152:1279)
  Slice (1152:1279)
  Slice (1152:1279)
  Slice (1152:1279)
  Slice (1152:1279)
  Slice (1152:1279)
  Slice (1152:1279)
  Slice (1280:1407)
  Slice (1280:1407)
  Slice (1280:1407)
  Slice (1280:1407)
  Slice (1280:1407)
  Slice (1280:1407)
  Slice (1280:1407)
  Slice (1280:1407)
  Slice (1408:1535)
  Slice (1408:1535)
  Slice (1408:1535)
  Slice (1408:1535)
  Slice (1408:1535)
  Slice (1408:1535)
  Slice (1408:1535)
  Slice (1408:1535)
  Slice (1536:1663)
  Slice (1536:1663)
  Slice (1536:1663)
  Slice (1536:1663)
  Slice (1536:1663)
  Slice (1536:1663)
  Slice (1536:1663)
  Slice (1536:1663)
  Slice (1664:1791)
  Slice (1664:1791)
  Slice (1664:1791)
  Slice (1664:1791)
  Slice (1664:1791)
  Slice (1664:1791)
  Slice (1664:1791)
  Slice (1664:1791)
  Slice (1792:1919)
  Slice (1792:1919)
  Slice (1792:1919)
  Slice (1792:1919)
  Slice (1792:1919)
  Slice (1792:1919)
  Slice (1792:1919)
  Slice (1792:1919)
  Slice (1920:2047)
  Slice (1920:2047)
  Slice (1920:2047)
  Slice (1920:2047)
  Slice (1920:2047)
  Slice (1920:2047)
  Slice (1920:2047)
  Slice (1920:2047)
  Slice (2048:2175)
  Slice (2048:2175)
  Slice (2048:2175)
  Slice (2048:2175)
  Slice (2048:2175)
  Slice (2048:2175)
  Slice (2048:2175)
  Slice (2048:2175)
  Slice (2176:2303)
  Slice (2176:2303)
  Slice (2176:2303)
  Slice (2176:2303)
  Slice (2176:2303)
  Slice (2176:2303)
  Slice (2176:2303)
  Slice (2176:2303)
  Slice (2304:2431)
  Slice (2304:2431)
  Slice (2304:2431)
  Slice (2304:2431)
  Slice (2304:2431)
  Slice (2304:2431)
  Slice (2304:2431)
  Slice (2304:2431)
  Slice (2432:2559)
  Slice (2432:2559)
  Slice (2432:2559)
  Slice (2432:2559)
  Slice (2432:2559)
  Slice (2432:2559)
  Slice (2432:2559)
  Slice (2432:2559)
  Slice (2560:2687)
  Slice (2560:2687)
  Slice (2560:2687)
  Slice (2560:2687)
  Slice (2560:2687)
  Slice (2560:2687)
  Slice (2560:2687)
  Slice (2560:2687)
  Slice (2688:2815)
  Slice (2688:2815)
  Slice (2688:2815)
  Slice (2688:2815)
  Slice (2688:2815)
  Slice (2688:2815)
  Slice (2688:2815)
  Slice (2688:2815)
  Slice (2816:2943)
  Slice (2816:2943)
  Slice (2816:2943)
  Slice (2816:2943)
  Slice (2816:2943)
  Slice (2816:2943)
  Slice (2816:2943)
  Slice (2816:2943)
  Slice (2944:3071)
  Slice (2944:3071)
  Slice (2944:3071)
  Slice (2944:3071)
  Slice (2944:3071)
  Slice (2944:3071)
  Slice (2944:3071)
  Slice (2944:3071)

**** Vertex: 'Capture for device 0'
Model: AbstractPopulationVertex
Pop size: 3072
Machine Vertices: 
  Slice (0:127)
  Slice (128:255)
  Slice (256:383)
  Slice (384:511)
  Slice (512:639)
  Slice (640:767)
  Slice (768:895)
  Slice (896:1023)
  Slice (1024:1151)
  Slice (1152:1279)
  Slice (1280:1407)
  Slice (1408:1535)
  Slice (1536:1663)
  Slice (1664:1791)
  Slice (1792:1919)
  Slice (1920:2047)
  Slice (2048:2175)
  Slice (2176:2303)
  Slice (2304:2431)
  Slice (2432:2559)
  Slice (2560:2687)
  Slice (2688:2815)
  Slice (2816:2943)
  Slice (2944:3071)

**** Vertex: 'Command Sender on 0, 0'
Model: CommandSender
Pop size: 1
Machine Vertices: 
  Slice (0:0)

