Vertex: Command Sender on 0, 0
    Partition: COMMANDS39, Routing Info: KeyAndMask:0xffffff32:0xffffffff
    Machine Vertex: Command Sender on 0, 0, Slice: (0:0), Routing Info: KeyAndMask:0xffffff32:0xffffffff
Vertex: Command Sender on 0, 0
    Partition: COMMANDS56, Routing Info: KeyAndMask:0xffffff71:0xffffffff
    Machine Vertex: Command Sender on 0, 0, Slice: (0:0), Routing Info: KeyAndMask:0xffffff71:0xffffffff
Vertex: Command Sender on 0, 0
    Partition: COMMANDS9, Routing Info: KeyAndMask:0xffffff94:0xffffffff
    Machine Vertex: Command Sender on 0, 0, Slice: (0:0), Routing Info: KeyAndMask:0xffffff94:0xffffffff
Vertex: Command Sender on 0, 0
    Partition: COMMANDS21, Routing Info: KeyAndMask:0xffffff20:0xffffffff
    Machine Vertex: Command Sender on 0, 0, Slice: (0:0), Routing Info: KeyAndMask:0xffffff20:0xffffffff
Vertex: Command Sender on 0, 0
    Partition: COMMANDS14, Routing Info: KeyAndMask:0xffffff11:0xffffffff
    Machine Vertex: Command Sender on 0, 0, Slice: (0:0), Routing Info: KeyAndMask:0xffffff11:0xffffffff
Vertex: Command Sender on 0, 0
    Partition: COMMANDS15, Routing Info: KeyAndMask:0xffffff12:0xffffffff
    Machine Vertex: Command Sender on 0, 0, Slice: (0:0), Routing Info: KeyAndMask:0xffffff12:0xffffffff
Vertex: Command Sender on 0, 0
    Partition: COMMANDS24, Routing Info: KeyAndMask:0xffffff23:0xffffffff
    Machine Vertex: Command Sender on 0, 0, Slice: (0:0), Routing Info: KeyAndMask:0xffffff23:0xffffffff
Vertex: Command Sender on 0, 0
    Partition: COMMANDS1, Routing Info: KeyAndMask:0xffffff81:0xffffffff
    Machine Vertex: Command Sender on 0, 0, Slice: (0:0), Routing Info: KeyAndMask:0xffffff81:0xffffffff
Vertex: Command Sender on 0, 0
    Partition: COMMANDS30, Routing Info: KeyAndMask:0xffffffb1:0xffffffff
    Machine Vertex: Command Sender on 0, 0, Slice: (0:0), Routing Info: KeyAndMask:0xffffffb1:0xffffffff
Vertex: Command Sender on 0, 0
    Partition: COMMANDS31, Routing Info: KeyAndMask:0xffffffb2:0xffffffff
    Machine Vertex: Command Sender on 0, 0, Slice: (0:0), Routing Info: KeyAndMask:0xffffffb2:0xffffffff
Vertex: Command Sender on 0, 0
    Partition: COMMANDS38, Routing Info: KeyAndMask:0xffffff31:0xffffffff
    Machine Vertex: Command Sender on 0, 0, Slice: (0:0), Routing Info: KeyAndMask:0xffffff31:0xffffffff
Vertex: Command Sender on 0, 0
    Partition: COMMANDS6, Routing Info: KeyAndMask:0xffffff91:0xffffffff
    Machine Vertex: Command Sender on 0, 0, Slice: (0:0), Routing Info: KeyAndMask:0xffffff91:0xffffffff
Vertex: Command Sender on 0, 0
    Partition: COMMANDS27, Routing Info: KeyAndMask:0xffffff26:0xffffffff
    Machine Vertex: Command Sender on 0, 0, Slice: (0:0), Routing Info: KeyAndMask:0xffffff26:0xffffffff
Vertex: Command Sender on 0, 0
    Partition: COMMANDS11, Routing Info: KeyAndMask:0xffffff96:0xffffffff
    Machine Vertex: Command Sender on 0, 0, Slice: (0:0), Routing Info: KeyAndMask:0xffffff96:0xffffffff
Vertex: Command Sender on 0, 0
    Partition: COMMANDS20, Routing Info: KeyAndMask:0xffffff17:0xffffffff
    Machine Vertex: Command Sender on 0, 0, Slice: (0:0), Routing Info: KeyAndMask:0xffffff17:0xffffffff
Vertex: SPIFInputDevice_1
    Partition: SPIKE, Routing Info: KeyAndMask:0x0:0xfffff000
    Machine Vertex: Incoming Machine vertex 0 for SPIFInputDevice_1:0:1:None:(0, 0), Slice: (0:127), Routing Info: KeyAndMask:0x0:0xffffff87
    Machine Vertex: Incoming Machine vertex 0 for SPIFInputDevice_1:0:3:None:(0, 0), Slice: (0:127), Routing Info: KeyAndMask:0x1:0xffffff87
    Machine Vertex: Incoming Machine vertex 0 for SPIFInputDevice_1:0:5:None:(0, 0), Slice: (0:127), Routing Info: KeyAndMask:0x2:0xffffff87
    Machine Vertex: Incoming Machine vertex 0 for SPIFInputDevice_1:0:7:None:(0, 0), Slice: (0:127), Routing Info: KeyAndMask:0x3:0xffffff87
    Machine Vertex: Incoming Machine vertex 0 for SPIFInputDevice_1:0:9:None:(0, 0), Slice: (0:127), Routing Info: KeyAndMask:0x4:0xffffff87
    Machine Vertex: Incoming Machine vertex 0 for SPIFInputDevice_1:0:11:None:(0, 0), Slice: (0:127), Routing Info: KeyAndMask:0x5:0xffffff87
    Machine Vertex: Incoming Machine vertex 0 for SPIFInputDevice_1:0:13:None:(0, 0), Slice: (0:127), Routing Info: KeyAndMask:0x6:0xffffff87
    Machine Vertex: Incoming Machine vertex 0 for SPIFInputDevice_1:0:15:None:(0, 0), Slice: (0:127), Routing Info: KeyAndMask:0x7:0xffffff87
    Machine Vertex: Incoming Machine vertex 1 for SPIFInputDevice_1:0:1:None:(0, 0), Slice: (128:255), Routing Info: KeyAndMask:0x80:0xffffff87
    Machine Vertex: Incoming Machine vertex 1 for SPIFInputDevice_1:0:3:None:(0, 0), Slice: (128:255), Routing Info: KeyAndMask:0x81:0xffffff87
    Machine Vertex: Incoming Machine vertex 1 for SPIFInputDevice_1:0:5:None:(0, 0), Slice: (128:255), Routing Info: KeyAndMask:0x82:0xffffff87
    Machine Vertex: Incoming Machine vertex 1 for SPIFInputDevice_1:0:7:None:(0, 0), Slice: (128:255), Routing Info: KeyAndMask:0x83:0xffffff87
    Machine Vertex: Incoming Machine vertex 1 for SPIFInputDevice_1:0:9:None:(0, 0), Slice: (128:255), Routing Info: KeyAndMask:0x84:0xffffff87
    Machine Vertex: Incoming Machine vertex 1 for SPIFInputDevice_1:0:11:None:(0, 0), Slice: (128:255), Routing Info: KeyAndMask:0x85:0xffffff87
    Machine Vertex: Incoming Machine vertex 1 for SPIFInputDevice_1:0:13:None:(0, 0), Slice: (128:255), Routing Info: KeyAndMask:0x86:0xffffff87
    Machine Vertex: Incoming Machine vertex 1 for SPIFInputDevice_1:0:15:None:(0, 0), Slice: (128:255), Routing Info: KeyAndMask:0x87:0xffffff87
    Machine Vertex: Incoming Machine vertex 2 for SPIFInputDevice_1:0:1:None:(0, 0), Slice: (256:383), Routing Info: KeyAndMask:0x100:0xffffff87
    Machine Vertex: Incoming Machine vertex 2 for SPIFInputDevice_1:0:3:None:(0, 0), Slice: (256:383), Routing Info: KeyAndMask:0x101:0xffffff87
    Machine Vertex: Incoming Machine vertex 2 for SPIFInputDevice_1:0:5:None:(0, 0), Slice: (256:383), Routing Info: KeyAndMask:0x102:0xffffff87
    Machine Vertex: Incoming Machine vertex 2 for SPIFInputDevice_1:0:7:None:(0, 0), Slice: (256:383), Routing Info: KeyAndMask:0x103:0xffffff87
    Machine Vertex: Incoming Machine vertex 2 for SPIFInputDevice_1:0:9:None:(0, 0), Slice: (256:383), Routing Info: KeyAndMask:0x104:0xffffff87
    Machine Vertex: Incoming Machine vertex 2 for SPIFInputDevice_1:0:11:None:(0, 0), Slice: (256:383), Routing Info: KeyAndMask:0x105:0xffffff87
    Machine Vertex: Incoming Machine vertex 2 for SPIFInputDevice_1:0:13:None:(0, 0), Slice: (256:383), Routing Info: KeyAndMask:0x106:0xffffff87
    Machine Vertex: Incoming Machine vertex 2 for SPIFInputDevice_1:0:15:None:(0, 0), Slice: (256:383), Routing Info: KeyAndMask:0x107:0xffffff87
    Machine Vertex: Incoming Machine vertex 3 for SPIFInputDevice_1:0:1:None:(0, 0), Slice: (384:511), Routing Info: KeyAndMask:0x180:0xffffff87
    Machine Vertex: Incoming Machine vertex 3 for SPIFInputDevice_1:0:3:None:(0, 0), Slice: (384:511), Routing Info: KeyAndMask:0x181:0xffffff87
    Machine Vertex: Incoming Machine vertex 3 for SPIFInputDevice_1:0:5:None:(0, 0), Slice: (384:511), Routing Info: KeyAndMask:0x182:0xffffff87
    Machine Vertex: Incoming Machine vertex 3 for SPIFInputDevice_1:0:7:None:(0, 0), Slice: (384:511), Routing Info: KeyAndMask:0x183:0xffffff87
    Machine Vertex: Incoming Machine vertex 3 for SPIFInputDevice_1:0:9:None:(0, 0), Slice: (384:511), Routing Info: KeyAndMask:0x184:0xffffff87
    Machine Vertex: Incoming Machine vertex 3 for SPIFInputDevice_1:0:11:None:(0, 0), Slice: (384:511), Routing Info: KeyAndMask:0x185:0xffffff87
    Machine Vertex: Incoming Machine vertex 3 for SPIFInputDevice_1:0:13:None:(0, 0), Slice: (384:511), Routing Info: KeyAndMask:0x186:0xffffff87
    Machine Vertex: Incoming Machine vertex 3 for SPIFInputDevice_1:0:15:None:(0, 0), Slice: (384:511), Routing Info: KeyAndMask:0x187:0xffffff87
    Machine Vertex: Incoming Machine vertex 4 for SPIFInputDevice_1:0:1:None:(0, 0), Slice: (512:639), Routing Info: KeyAndMask:0x200:0xffffff87
    Machine Vertex: Incoming Machine vertex 4 for SPIFInputDevice_1:0:3:None:(0, 0), Slice: (512:639), Routing Info: KeyAndMask:0x201:0xffffff87
    Machine Vertex: Incoming Machine vertex 4 for SPIFInputDevice_1:0:5:None:(0, 0), Slice: (512:639), Routing Info: KeyAndMask:0x202:0xffffff87
    Machine Vertex: Incoming Machine vertex 4 for SPIFInputDevice_1:0:7:None:(0, 0), Slice: (512:639), Routing Info: KeyAndMask:0x203:0xffffff87
    Machine Vertex: Incoming Machine vertex 4 for SPIFInputDevice_1:0:9:None:(0, 0), Slice: (512:639), Routing Info: KeyAndMask:0x204:0xffffff87
    Machine Vertex: Incoming Machine vertex 4 for SPIFInputDevice_1:0:11:None:(0, 0), Slice: (512:639), Routing Info: KeyAndMask:0x205:0xffffff87
    Machine Vertex: Incoming Machine vertex 4 for SPIFInputDevice_1:0:13:None:(0, 0), Slice: (512:639), Routing Info: KeyAndMask:0x206:0xffffff87
    Machine Vertex: Incoming Machine vertex 4 for SPIFInputDevice_1:0:15:None:(0, 0), Slice: (512:639), Routing Info: KeyAndMask:0x207:0xffffff87
    Machine Vertex: Incoming Machine vertex 5 for SPIFInputDevice_1:0:1:None:(0, 0), Slice: (640:767), Routing Info: KeyAndMask:0x280:0xffffff87
    Machine Vertex: Incoming Machine vertex 5 for SPIFInputDevice_1:0:3:None:(0, 0), Slice: (640:767), Routing Info: KeyAndMask:0x281:0xffffff87
    Machine Vertex: Incoming Machine vertex 5 for SPIFInputDevice_1:0:5:None:(0, 0), Slice: (640:767), Routing Info: KeyAndMask:0x282:0xffffff87
    Machine Vertex: Incoming Machine vertex 5 for SPIFInputDevice_1:0:7:None:(0, 0), Slice: (640:767), Routing Info: KeyAndMask:0x283:0xffffff87
    Machine Vertex: Incoming Machine vertex 5 for SPIFInputDevice_1:0:9:None:(0, 0), Slice: (640:767), Routing Info: KeyAndMask:0x284:0xffffff87
    Machine Vertex: Incoming Machine vertex 5 for SPIFInputDevice_1:0:11:None:(0, 0), Slice: (640:767), Routing Info: KeyAndMask:0x285:0xffffff87
    Machine Vertex: Incoming Machine vertex 5 for SPIFInputDevice_1:0:13:None:(0, 0), Slice: (640:767), Routing Info: KeyAndMask:0x286:0xffffff87
    Machine Vertex: Incoming Machine vertex 5 for SPIFInputDevice_1:0:15:None:(0, 0), Slice: (640:767), Routing Info: KeyAndMask:0x287:0xffffff87
    Machine Vertex: Incoming Machine vertex 6 for SPIFInputDevice_1:0:1:None:(0, 0), Slice: (768:895), Routing Info: KeyAndMask:0x300:0xffffff87
    Machine Vertex: Incoming Machine vertex 6 for SPIFInputDevice_1:0:3:None:(0, 0), Slice: (768:895), Routing Info: KeyAndMask:0x301:0xffffff87
    Machine Vertex: Incoming Machine vertex 6 for SPIFInputDevice_1:0:5:None:(0, 0), Slice: (768:895), Routing Info: KeyAndMask:0x302:0xffffff87
    Machine Vertex: Incoming Machine vertex 6 for SPIFInputDevice_1:0:7:None:(0, 0), Slice: (768:895), Routing Info: KeyAndMask:0x303:0xffffff87
    Machine Vertex: Incoming Machine vertex 6 for SPIFInputDevice_1:0:9:None:(0, 0), Slice: (768:895), Routing Info: KeyAndMask:0x304:0xffffff87
    Machine Vertex: Incoming Machine vertex 6 for SPIFInputDevice_1:0:11:None:(0, 0), Slice: (768:895), Routing Info: KeyAndMask:0x305:0xffffff87
    Machine Vertex: Incoming Machine vertex 6 for SPIFInputDevice_1:0:13:None:(0, 0), Slice: (768:895), Routing Info: KeyAndMask:0x306:0xffffff87
    Machine Vertex: Incoming Machine vertex 6 for SPIFInputDevice_1:0:15:None:(0, 0), Slice: (768:895), Routing Info: KeyAndMask:0x307:0xffffff87
    Machine Vertex: Incoming Machine vertex 7 for SPIFInputDevice_1:0:1:None:(0, 0), Slice: (896:1023), Routing Info: KeyAndMask:0x380:0xffffff87
    Machine Vertex: Incoming Machine vertex 7 for SPIFInputDevice_1:0:3:None:(0, 0), Slice: (896:1023), Routing Info: KeyAndMask:0x381:0xffffff87
    Machine Vertex: Incoming Machine vertex 7 for SPIFInputDevice_1:0:5:None:(0, 0), Slice: (896:1023), Routing Info: KeyAndMask:0x382:0xffffff87
    Machine Vertex: Incoming Machine vertex 7 for SPIFInputDevice_1:0:7:None:(0, 0), Slice: (896:1023), Routing Info: KeyAndMask:0x383:0xffffff87
    Machine Vertex: Incoming Machine vertex 7 for SPIFInputDevice_1:0:9:None:(0, 0), Slice: (896:1023), Routing Info: KeyAndMask:0x384:0xffffff87
    Machine Vertex: Incoming Machine vertex 7 for SPIFInputDevice_1:0:11:None:(0, 0), Slice: (896:1023), Routing Info: KeyAndMask:0x385:0xffffff87
    Machine Vertex: Incoming Machine vertex 7 for SPIFInputDevice_1:0:13:None:(0, 0), Slice: (896:1023), Routing Info: KeyAndMask:0x386:0xffffff87
    Machine Vertex: Incoming Machine vertex 7 for SPIFInputDevice_1:0:15:None:(0, 0), Slice: (896:1023), Routing Info: KeyAndMask:0x387:0xffffff87
    Machine Vertex: Incoming Machine vertex 8 for SPIFInputDevice_1:0:1:None:(0, 0), Slice: (1024:1151), Routing Info: KeyAndMask:0x400:0xffffff87
    Machine Vertex: Incoming Machine vertex 8 for SPIFInputDevice_1:0:3:None:(0, 0), Slice: (1024:1151), Routing Info: KeyAndMask:0x401:0xffffff87
    Machine Vertex: Incoming Machine vertex 8 for SPIFInputDevice_1:0:5:None:(0, 0), Slice: (1024:1151), Routing Info: KeyAndMask:0x402:0xffffff87
    Machine Vertex: Incoming Machine vertex 8 for SPIFInputDevice_1:0:7:None:(0, 0), Slice: (1024:1151), Routing Info: KeyAndMask:0x403:0xffffff87
    Machine Vertex: Incoming Machine vertex 8 for SPIFInputDevice_1:0:9:None:(0, 0), Slice: (1024:1151), Routing Info: KeyAndMask:0x404:0xffffff87
    Machine Vertex: Incoming Machine vertex 8 for SPIFInputDevice_1:0:11:None:(0, 0), Slice: (1024:1151), Routing Info: KeyAndMask:0x405:0xffffff87
    Machine Vertex: Incoming Machine vertex 8 for SPIFInputDevice_1:0:13:None:(0, 0), Slice: (1024:1151), Routing Info: KeyAndMask:0x406:0xffffff87
    Machine Vertex: Incoming Machine vertex 8 for SPIFInputDevice_1:0:15:None:(0, 0), Slice: (1024:1151), Routing Info: KeyAndMask:0x407:0xffffff87
    Machine Vertex: Incoming Machine vertex 9 for SPIFInputDevice_1:0:1:None:(0, 0), Slice: (1152:1279), Routing Info: KeyAndMask:0x480:0xffffff87
    Machine Vertex: Incoming Machine vertex 9 for SPIFInputDevice_1:0:3:None:(0, 0), Slice: (1152:1279), Routing Info: KeyAndMask:0x481:0xffffff87
    Machine Vertex: Incoming Machine vertex 9 for SPIFInputDevice_1:0:5:None:(0, 0), Slice: (1152:1279), Routing Info: KeyAndMask:0x482:0xffffff87
    Machine Vertex: Incoming Machine vertex 9 for SPIFInputDevice_1:0:7:None:(0, 0), Slice: (1152:1279), Routing Info: KeyAndMask:0x483:0xffffff87
    Machine Vertex: Incoming Machine vertex 9 for SPIFInputDevice_1:0:9:None:(0, 0), Slice: (1152:1279), Routing Info: KeyAndMask:0x484:0xffffff87
    Machine Vertex: Incoming Machine vertex 9 for SPIFInputDevice_1:0:11:None:(0, 0), Slice: (1152:1279), Routing Info: KeyAndMask:0x485:0xffffff87
    Machine Vertex: Incoming Machine vertex 9 for SPIFInputDevice_1:0:13:None:(0, 0), Slice: (1152:1279), Routing Info: KeyAndMask:0x486:0xffffff87
    Machine Vertex: Incoming Machine vertex 9 for SPIFInputDevice_1:0:15:None:(0, 0), Slice: (1152:1279), Routing Info: KeyAndMask:0x487:0xffffff87
    Machine Vertex: Incoming Machine vertex 10 for SPIFInputDevice_1:0:1:None:(0, 0), Slice: (1280:1407), Routing Info: KeyAndMask:0x500:0xffffff87
    Machine Vertex: Incoming Machine vertex 10 for SPIFInputDevice_1:0:3:None:(0, 0), Slice: (1280:1407), Routing Info: KeyAndMask:0x501:0xffffff87
    Machine Vertex: Incoming Machine vertex 10 for SPIFInputDevice_1:0:5:None:(0, 0), Slice: (1280:1407), Routing Info: KeyAndMask:0x502:0xffffff87
    Machine Vertex: Incoming Machine vertex 10 for SPIFInputDevice_1:0:7:None:(0, 0), Slice: (1280:1407), Routing Info: KeyAndMask:0x503:0xffffff87
    Machine Vertex: Incoming Machine vertex 10 for SPIFInputDevice_1:0:9:None:(0, 0), Slice: (1280:1407), Routing Info: KeyAndMask:0x504:0xffffff87
    Machine Vertex: Incoming Machine vertex 10 for SPIFInputDevice_1:0:11:None:(0, 0), Slice: (1280:1407), Routing Info: KeyAndMask:0x505:0xffffff87
    Machine Vertex: Incoming Machine vertex 10 for SPIFInputDevice_1:0:13:None:(0, 0), Slice: (1280:1407), Routing Info: KeyAndMask:0x506:0xffffff87
    Machine Vertex: Incoming Machine vertex 10 for SPIFInputDevice_1:0:15:None:(0, 0), Slice: (1280:1407), Routing Info: KeyAndMask:0x507:0xffffff87
    Machine Vertex: Incoming Machine vertex 11 for SPIFInputDevice_1:0:1:None:(0, 0), Slice: (1408:1535), Routing Info: KeyAndMask:0x580:0xffffff87
    Machine Vertex: Incoming Machine vertex 11 for SPIFInputDevice_1:0:3:None:(0, 0), Slice: (1408:1535), Routing Info: KeyAndMask:0x581:0xffffff87
    Machine Vertex: Incoming Machine vertex 11 for SPIFInputDevice_1:0:5:None:(0, 0), Slice: (1408:1535), Routing Info: KeyAndMask:0x582:0xffffff87
    Machine Vertex: Incoming Machine vertex 11 for SPIFInputDevice_1:0:7:None:(0, 0), Slice: (1408:1535), Routing Info: KeyAndMask:0x583:0xffffff87
    Machine Vertex: Incoming Machine vertex 11 for SPIFInputDevice_1:0:9:None:(0, 0), Slice: (1408:1535), Routing Info: KeyAndMask:0x584:0xffffff87
    Machine Vertex: Incoming Machine vertex 11 for SPIFInputDevice_1:0:11:None:(0, 0), Slice: (1408:1535), Routing Info: KeyAndMask:0x585:0xffffff87
    Machine Vertex: Incoming Machine vertex 11 for SPIFInputDevice_1:0:13:None:(0, 0), Slice: (1408:1535), Routing Info: KeyAndMask:0x586:0xffffff87
    Machine Vertex: Incoming Machine vertex 11 for SPIFInputDevice_1:0:15:None:(0, 0), Slice: (1408:1535), Routing Info: KeyAndMask:0x587:0xffffff87
    Machine Vertex: Incoming Machine vertex 12 for SPIFInputDevice_1:0:1:None:(0, 0), Slice: (1536:1663), Routing Info: KeyAndMask:0x600:0xffffff87
    Machine Vertex: Incoming Machine vertex 12 for SPIFInputDevice_1:0:3:None:(0, 0), Slice: (1536:1663), Routing Info: KeyAndMask:0x601:0xffffff87
    Machine Vertex: Incoming Machine vertex 12 for SPIFInputDevice_1:0:5:None:(0, 0), Slice: (1536:1663), Routing Info: KeyAndMask:0x602:0xffffff87
    Machine Vertex: Incoming Machine vertex 12 for SPIFInputDevice_1:0:7:None:(0, 0), Slice: (1536:1663), Routing Info: KeyAndMask:0x603:0xffffff87
    Machine Vertex: Incoming Machine vertex 12 for SPIFInputDevice_1:0:9:None:(0, 0), Slice: (1536:1663), Routing Info: KeyAndMask:0x604:0xffffff87
    Machine Vertex: Incoming Machine vertex 12 for SPIFInputDevice_1:0:11:None:(0, 0), Slice: (1536:1663), Routing Info: KeyAndMask:0x605:0xffffff87
    Machine Vertex: Incoming Machine vertex 12 for SPIFInputDevice_1:0:13:None:(0, 0), Slice: (1536:1663), Routing Info: KeyAndMask:0x606:0xffffff87
    Machine Vertex: Incoming Machine vertex 12 for SPIFInputDevice_1:0:15:None:(0, 0), Slice: (1536:1663), Routing Info: KeyAndMask:0x607:0xffffff87
    Machine Vertex: Incoming Machine vertex 13 for SPIFInputDevice_1:0:1:None:(0, 0), Slice: (1664:1791), Routing Info: KeyAndMask:0x680:0xffffff87
    Machine Vertex: Incoming Machine vertex 13 for SPIFInputDevice_1:0:3:None:(0, 0), Slice: (1664:1791), Routing Info: KeyAndMask:0x681:0xffffff87
    Machine Vertex: Incoming Machine vertex 13 for SPIFInputDevice_1:0:5:None:(0, 0), Slice: (1664:1791), Routing Info: KeyAndMask:0x682:0xffffff87
    Machine Vertex: Incoming Machine vertex 13 for SPIFInputDevice_1:0:7:None:(0, 0), Slice: (1664:1791), Routing Info: KeyAndMask:0x683:0xffffff87
    Machine Vertex: Incoming Machine vertex 13 for SPIFInputDevice_1:0:9:None:(0, 0), Slice: (1664:1791), Routing Info: KeyAndMask:0x684:0xffffff87
    Machine Vertex: Incoming Machine vertex 13 for SPIFInputDevice_1:0:11:None:(0, 0), Slice: (1664:1791), Routing Info: KeyAndMask:0x685:0xffffff87
    Machine Vertex: Incoming Machine vertex 13 for SPIFInputDevice_1:0:13:None:(0, 0), Slice: (1664:1791), Routing Info: KeyAndMask:0x686:0xffffff87
    Machine Vertex: Incoming Machine vertex 13 for SPIFInputDevice_1:0:15:None:(0, 0), Slice: (1664:1791), Routing Info: KeyAndMask:0x687:0xffffff87
    Machine Vertex: Incoming Machine vertex 14 for SPIFInputDevice_1:0:1:None:(0, 0), Slice: (1792:1919), Routing Info: KeyAndMask:0x700:0xffffff87
    Machine Vertex: Incoming Machine vertex 14 for SPIFInputDevice_1:0:3:None:(0, 0), Slice: (1792:1919), Routing Info: KeyAndMask:0x701:0xffffff87
    Machine Vertex: Incoming Machine vertex 14 for SPIFInputDevice_1:0:5:None:(0, 0), Slice: (1792:1919), Routing Info: KeyAndMask:0x702:0xffffff87
    Machine Vertex: Incoming Machine vertex 14 for SPIFInputDevice_1:0:7:None:(0, 0), Slice: (1792:1919), Routing Info: KeyAndMask:0x703:0xffffff87
    Machine Vertex: Incoming Machine vertex 14 for SPIFInputDevice_1:0:9:None:(0, 0), Slice: (1792:1919), Routing Info: KeyAndMask:0x704:0xffffff87
    Machine Vertex: Incoming Machine vertex 14 for SPIFInputDevice_1:0:11:None:(0, 0), Slice: (1792:1919), Routing Info: KeyAndMask:0x705:0xffffff87
    Machine Vertex: Incoming Machine vertex 14 for SPIFInputDevice_1:0:13:None:(0, 0), Slice: (1792:1919), Routing Info: KeyAndMask:0x706:0xffffff87
    Machine Vertex: Incoming Machine vertex 14 for SPIFInputDevice_1:0:15:None:(0, 0), Slice: (1792:1919), Routing Info: KeyAndMask:0x707:0xffffff87
    Machine Vertex: Incoming Machine vertex 15 for SPIFInputDevice_1:0:1:None:(0, 0), Slice: (1920:2047), Routing Info: KeyAndMask:0x780:0xffffff87
    Machine Vertex: Incoming Machine vertex 15 for SPIFInputDevice_1:0:3:None:(0, 0), Slice: (1920:2047), Routing Info: KeyAndMask:0x781:0xffffff87
    Machine Vertex: Incoming Machine vertex 15 for SPIFInputDevice_1:0:5:None:(0, 0), Slice: (1920:2047), Routing Info: KeyAndMask:0x782:0xffffff87
    Machine Vertex: Incoming Machine vertex 15 for SPIFInputDevice_1:0:7:None:(0, 0), Slice: (1920:2047), Routing Info: KeyAndMask:0x783:0xffffff87
    Machine Vertex: Incoming Machine vertex 15 for SPIFInputDevice_1:0:9:None:(0, 0), Slice: (1920:2047), Routing Info: KeyAndMask:0x784:0xffffff87
    Machine Vertex: Incoming Machine vertex 15 for SPIFInputDevice_1:0:11:None:(0, 0), Slice: (1920:2047), Routing Info: KeyAndMask:0x785:0xffffff87
    Machine Vertex: Incoming Machine vertex 15 for SPIFInputDevice_1:0:13:None:(0, 0), Slice: (1920:2047), Routing Info: KeyAndMask:0x786:0xffffff87
    Machine Vertex: Incoming Machine vertex 15 for SPIFInputDevice_1:0:15:None:(0, 0), Slice: (1920:2047), Routing Info: KeyAndMask:0x787:0xffffff87
    Machine Vertex: Incoming Machine vertex 16 for SPIFInputDevice_1:0:1:None:(0, 0), Slice: (2048:2175), Routing Info: KeyAndMask:0x800:0xffffff87
    Machine Vertex: Incoming Machine vertex 16 for SPIFInputDevice_1:0:3:None:(0, 0), Slice: (2048:2175), Routing Info: KeyAndMask:0x801:0xffffff87
    Machine Vertex: Incoming Machine vertex 16 for SPIFInputDevice_1:0:5:None:(0, 0), Slice: (2048:2175), Routing Info: KeyAndMask:0x802:0xffffff87
    Machine Vertex: Incoming Machine vertex 16 for SPIFInputDevice_1:0:7:None:(0, 0), Slice: (2048:2175), Routing Info: KeyAndMask:0x803:0xffffff87
    Machine Vertex: Incoming Machine vertex 16 for SPIFInputDevice_1:0:9:None:(0, 0), Slice: (2048:2175), Routing Info: KeyAndMask:0x804:0xffffff87
    Machine Vertex: Incoming Machine vertex 16 for SPIFInputDevice_1:0:11:None:(0, 0), Slice: (2048:2175), Routing Info: KeyAndMask:0x805:0xffffff87
    Machine Vertex: Incoming Machine vertex 16 for SPIFInputDevice_1:0:13:None:(0, 0), Slice: (2048:2175), Routing Info: KeyAndMask:0x806:0xffffff87
    Machine Vertex: Incoming Machine vertex 16 for SPIFInputDevice_1:0:15:None:(0, 0), Slice: (2048:2175), Routing Info: KeyAndMask:0x807:0xffffff87
    Machine Vertex: Incoming Machine vertex 17 for SPIFInputDevice_1:0:1:None:(0, 0), Slice: (2176:2303), Routing Info: KeyAndMask:0x880:0xffffff87
    Machine Vertex: Incoming Machine vertex 17 for SPIFInputDevice_1:0:3:None:(0, 0), Slice: (2176:2303), Routing Info: KeyAndMask:0x881:0xffffff87
    Machine Vertex: Incoming Machine vertex 17 for SPIFInputDevice_1:0:5:None:(0, 0), Slice: (2176:2303), Routing Info: KeyAndMask:0x882:0xffffff87
    Machine Vertex: Incoming Machine vertex 17 for SPIFInputDevice_1:0:7:None:(0, 0), Slice: (2176:2303), Routing Info: KeyAndMask:0x883:0xffffff87
    Machine Vertex: Incoming Machine vertex 17 for SPIFInputDevice_1:0:9:None:(0, 0), Slice: (2176:2303), Routing Info: KeyAndMask:0x884:0xffffff87
    Machine Vertex: Incoming Machine vertex 17 for SPIFInputDevice_1:0:11:None:(0, 0), Slice: (2176:2303), Routing Info: KeyAndMask:0x885:0xffffff87
    Machine Vertex: Incoming Machine vertex 17 for SPIFInputDevice_1:0:13:None:(0, 0), Slice: (2176:2303), Routing Info: KeyAndMask:0x886:0xffffff87
    Machine Vertex: Incoming Machine vertex 17 for SPIFInputDevice_1:0:15:None:(0, 0), Slice: (2176:2303), Routing Info: KeyAndMask:0x887:0xffffff87
    Machine Vertex: Incoming Machine vertex 18 for SPIFInputDevice_1:0:1:None:(0, 0), Slice: (2304:2431), Routing Info: KeyAndMask:0x900:0xffffff87
    Machine Vertex: Incoming Machine vertex 18 for SPIFInputDevice_1:0:3:None:(0, 0), Slice: (2304:2431), Routing Info: KeyAndMask:0x901:0xffffff87
    Machine Vertex: Incoming Machine vertex 18 for SPIFInputDevice_1:0:5:None:(0, 0), Slice: (2304:2431), Routing Info: KeyAndMask:0x902:0xffffff87
    Machine Vertex: Incoming Machine vertex 18 for SPIFInputDevice_1:0:7:None:(0, 0), Slice: (2304:2431), Routing Info: KeyAndMask:0x903:0xffffff87
    Machine Vertex: Incoming Machine vertex 18 for SPIFInputDevice_1:0:9:None:(0, 0), Slice: (2304:2431), Routing Info: KeyAndMask:0x904:0xffffff87
    Machine Vertex: Incoming Machine vertex 18 for SPIFInputDevice_1:0:11:None:(0, 0), Slice: (2304:2431), Routing Info: KeyAndMask:0x905:0xffffff87
    Machine Vertex: Incoming Machine vertex 18 for SPIFInputDevice_1:0:13:None:(0, 0), Slice: (2304:2431), Routing Info: KeyAndMask:0x906:0xffffff87
    Machine Vertex: Incoming Machine vertex 18 for SPIFInputDevice_1:0:15:None:(0, 0), Slice: (2304:2431), Routing Info: KeyAndMask:0x907:0xffffff87
    Machine Vertex: Incoming Machine vertex 19 for SPIFInputDevice_1:0:1:None:(0, 0), Slice: (2432:2559), Routing Info: KeyAndMask:0x980:0xffffff87
    Machine Vertex: Incoming Machine vertex 19 for SPIFInputDevice_1:0:3:None:(0, 0), Slice: (2432:2559), Routing Info: KeyAndMask:0x981:0xffffff87
    Machine Vertex: Incoming Machine vertex 19 for SPIFInputDevice_1:0:5:None:(0, 0), Slice: (2432:2559), Routing Info: KeyAndMask:0x982:0xffffff87
    Machine Vertex: Incoming Machine vertex 19 for SPIFInputDevice_1:0:7:None:(0, 0), Slice: (2432:2559), Routing Info: KeyAndMask:0x983:0xffffff87
    Machine Vertex: Incoming Machine vertex 19 for SPIFInputDevice_1:0:9:None:(0, 0), Slice: (2432:2559), Routing Info: KeyAndMask:0x984:0xffffff87
    Machine Vertex: Incoming Machine vertex 19 for SPIFInputDevice_1:0:11:None:(0, 0), Slice: (2432:2559), Routing Info: KeyAndMask:0x985:0xffffff87
    Machine Vertex: Incoming Machine vertex 19 for SPIFInputDevice_1:0:13:None:(0, 0), Slice: (2432:2559), Routing Info: KeyAndMask:0x986:0xffffff87
    Machine Vertex: Incoming Machine vertex 19 for SPIFInputDevice_1:0:15:None:(0, 0), Slice: (2432:2559), Routing Info: KeyAndMask:0x987:0xffffff87
    Machine Vertex: Incoming Machine vertex 20 for SPIFInputDevice_1:0:1:None:(0, 0), Slice: (2560:2687), Routing Info: KeyAndMask:0xa00:0xffffff87
    Machine Vertex: Incoming Machine vertex 20 for SPIFInputDevice_1:0:3:None:(0, 0), Slice: (2560:2687), Routing Info: KeyAndMask:0xa01:0xffffff87
    Machine Vertex: Incoming Machine vertex 20 for SPIFInputDevice_1:0:5:None:(0, 0), Slice: (2560:2687), Routing Info: KeyAndMask:0xa02:0xffffff87
    Machine Vertex: Incoming Machine vertex 20 for SPIFInputDevice_1:0:7:None:(0, 0), Slice: (2560:2687), Routing Info: KeyAndMask:0xa03:0xffffff87
    Machine Vertex: Incoming Machine vertex 20 for SPIFInputDevice_1:0:9:None:(0, 0), Slice: (2560:2687), Routing Info: KeyAndMask:0xa04:0xffffff87
    Machine Vertex: Incoming Machine vertex 20 for SPIFInputDevice_1:0:11:None:(0, 0), Slice: (2560:2687), Routing Info: KeyAndMask:0xa05:0xffffff87
    Machine Vertex: Incoming Machine vertex 20 for SPIFInputDevice_1:0:13:None:(0, 0), Slice: (2560:2687), Routing Info: KeyAndMask:0xa06:0xffffff87
    Machine Vertex: Incoming Machine vertex 20 for SPIFInputDevice_1:0:15:None:(0, 0), Slice: (2560:2687), Routing Info: KeyAndMask:0xa07:0xffffff87
    Machine Vertex: Incoming Machine vertex 21 for SPIFInputDevice_1:0:1:None:(0, 0), Slice: (2688:2815), Routing Info: KeyAndMask:0xa80:0xffffff87
    Machine Vertex: Incoming Machine vertex 21 for SPIFInputDevice_1:0:3:None:(0, 0), Slice: (2688:2815), Routing Info: KeyAndMask:0xa81:0xffffff87
    Machine Vertex: Incoming Machine vertex 21 for SPIFInputDevice_1:0:5:None:(0, 0), Slice: (2688:2815), Routing Info: KeyAndMask:0xa82:0xffffff87
    Machine Vertex: Incoming Machine vertex 21 for SPIFInputDevice_1:0:7:None:(0, 0), Slice: (2688:2815), Routing Info: KeyAndMask:0xa83:0xffffff87
    Machine Vertex: Incoming Machine vertex 21 for SPIFInputDevice_1:0:9:None:(0, 0), Slice: (2688:2815), Routing Info: KeyAndMask:0xa84:0xffffff87
    Machine Vertex: Incoming Machine vertex 21 for SPIFInputDevice_1:0:11:None:(0, 0), Slice: (2688:2815), Routing Info: KeyAndMask:0xa85:0xffffff87
    Machine Vertex: Incoming Machine vertex 21 for SPIFInputDevice_1:0:13:None:(0, 0), Slice: (2688:2815), Routing Info: KeyAndMask:0xa86:0xffffff87
    Machine Vertex: Incoming Machine vertex 21 for SPIFInputDevice_1:0:15:None:(0, 0), Slice: (2688:2815), Routing Info: KeyAndMask:0xa87:0xffffff87
    Machine Vertex: Incoming Machine vertex 22 for SPIFInputDevice_1:0:1:None:(0, 0), Slice: (2816:2943), Routing Info: KeyAndMask:0xb00:0xffffff87
    Machine Vertex: Incoming Machine vertex 22 for SPIFInputDevice_1:0:3:None:(0, 0), Slice: (2816:2943), Routing Info: KeyAndMask:0xb01:0xffffff87
    Machine Vertex: Incoming Machine vertex 22 for SPIFInputDevice_1:0:5:None:(0, 0), Slice: (2816:2943), Routing Info: KeyAndMask:0xb02:0xffffff87
    Machine Vertex: Incoming Machine vertex 22 for SPIFInputDevice_1:0:7:None:(0, 0), Slice: (2816:2943), Routing Info: KeyAndMask:0xb03:0xffffff87
    Machine Vertex: Incoming Machine vertex 22 for SPIFInputDevice_1:0:9:None:(0, 0), Slice: (2816:2943), Routing Info: KeyAndMask:0xb04:0xffffff87
    Machine Vertex: Incoming Machine vertex 22 for SPIFInputDevice_1:0:11:None:(0, 0), Slice: (2816:2943), Routing Info: KeyAndMask:0xb05:0xffffff87
    Machine Vertex: Incoming Machine vertex 22 for SPIFInputDevice_1:0:13:None:(0, 0), Slice: (2816:2943), Routing Info: KeyAndMask:0xb06:0xffffff87
    Machine Vertex: Incoming Machine vertex 22 for SPIFInputDevice_1:0:15:None:(0, 0), Slice: (2816:2943), Routing Info: KeyAndMask:0xb07:0xffffff87
    Machine Vertex: Incoming Machine vertex 23 for SPIFInputDevice_1:0:1:None:(0, 0), Slice: (2944:3071), Routing Info: KeyAndMask:0xb80:0xffffff87
    Machine Vertex: Incoming Machine vertex 23 for SPIFInputDevice_1:0:3:None:(0, 0), Slice: (2944:3071), Routing Info: KeyAndMask:0xb81:0xffffff87
    Machine Vertex: Incoming Machine vertex 23 for SPIFInputDevice_1:0:5:None:(0, 0), Slice: (2944:3071), Routing Info: KeyAndMask:0xb82:0xffffff87
    Machine Vertex: Incoming Machine vertex 23 for SPIFInputDevice_1:0:7:None:(0, 0), Slice: (2944:3071), Routing Info: KeyAndMask:0xb83:0xffffff87
    Machine Vertex: Incoming Machine vertex 23 for SPIFInputDevice_1:0:9:None:(0, 0), Slice: (2944:3071), Routing Info: KeyAndMask:0xb84:0xffffff87
    Machine Vertex: Incoming Machine vertex 23 for SPIFInputDevice_1:0:11:None:(0, 0), Slice: (2944:3071), Routing Info: KeyAndMask:0xb85:0xffffff87
    Machine Vertex: Incoming Machine vertex 23 for SPIFInputDevice_1:0:13:None:(0, 0), Slice: (2944:3071), Routing Info: KeyAndMask:0xb86:0xffffff87
    Machine Vertex: Incoming Machine vertex 23 for SPIFInputDevice_1:0:15:None:(0, 0), Slice: (2944:3071), Routing Info: KeyAndMask:0xb87:0xffffff87
Vertex: Command Sender on 0, 0
    Partition: COMMANDS22, Routing Info: KeyAndMask:0xffffff21:0xffffffff
    Machine Vertex: Command Sender on 0, 0, Slice: (0:0), Routing Info: KeyAndMask:0xffffff21:0xffffffff
Vertex: Command Sender on 0, 0
    Partition: COMMANDS25, Routing Info: KeyAndMask:0xffffff24:0xffffffff
    Machine Vertex: Command Sender on 0, 0, Slice: (0:0), Routing Info: KeyAndMask:0xffffff24:0xffffffff
Vertex: Command Sender on 0, 0
    Partition: COMMANDS28, Routing Info: KeyAndMask:0xffffff27:0xffffffff
    Machine Vertex: Command Sender on 0, 0, Slice: (0:0), Routing Info: KeyAndMask:0xffffff27:0xffffffff
Vertex: Command Sender on 0, 0
    Partition: COMMANDS41, Routing Info: KeyAndMask:0xffffff34:0xffffffff
    Machine Vertex: Command Sender on 0, 0, Slice: (0:0), Routing Info: KeyAndMask:0xffffff34:0xffffffff
Vertex: Command Sender on 0, 0
    Partition: COMMANDS55, Routing Info: KeyAndMask:0xffffff70:0xffffffff
    Machine Vertex: Command Sender on 0, 0, Slice: (0:0), Routing Info: KeyAndMask:0xffffff70:0xffffffff
Vertex: Command Sender on 0, 0
    Partition: COMMANDS34, Routing Info: KeyAndMask:0xffffffb5:0xffffffff
    Machine Vertex: Command Sender on 0, 0, Slice: (0:0), Routing Info: KeyAndMask:0xffffffb5:0xffffffff
Vertex: Command Sender on 0, 0
    Partition: COMMANDS46, Routing Info: KeyAndMask:0xffffff41:0xffffffff
    Machine Vertex: Command Sender on 0, 0, Slice: (0:0), Routing Info: KeyAndMask:0xffffff41:0xffffffff
Vertex: Command Sender on 0, 0
    Partition: COMMANDS57, Routing Info: KeyAndMask:0xffffff72:0xffffffff
    Machine Vertex: Command Sender on 0, 0, Slice: (0:0), Routing Info: KeyAndMask:0xffffff72:0xffffffff
Vertex: Command Sender on 0, 0
    Partition: COMMANDS33, Routing Info: KeyAndMask:0xffffffb4:0xffffffff
    Machine Vertex: Command Sender on 0, 0, Slice: (0:0), Routing Info: KeyAndMask:0xffffffb4:0xffffffff
Vertex: Command Sender on 0, 0
    Partition: COMMANDS43, Routing Info: KeyAndMask:0xffffff36:0xffffffff
    Machine Vertex: Command Sender on 0, 0, Slice: (0:0), Routing Info: KeyAndMask:0xffffff36:0xffffffff
Vertex: Command Sender on 0, 0
    Partition: COMMANDS10, Routing Info: KeyAndMask:0xffffff95:0xffffffff
    Machine Vertex: Command Sender on 0, 0, Slice: (0:0), Routing Info: KeyAndMask:0xffffff95:0xffffffff
Vertex: Command Sender on 0, 0
    Partition: COMMANDS47, Routing Info: KeyAndMask:0xffffff42:0xffffffff
    Machine Vertex: Command Sender on 0, 0, Slice: (0:0), Routing Info: KeyAndMask:0xffffff42:0xffffffff
Vertex: Command Sender on 0, 0
    Partition: COMMANDS17, Routing Info: KeyAndMask:0xffffff14:0xffffffff
    Machine Vertex: Command Sender on 0, 0, Slice: (0:0), Routing Info: KeyAndMask:0xffffff14:0xffffffff
Vertex: Command Sender on 0, 0
    Partition: COMMANDS51, Routing Info: KeyAndMask:0xffffff60:0xffffffff
    Machine Vertex: Command Sender on 0, 0, Slice: (0:0), Routing Info: KeyAndMask:0xffffff60:0xffffffff
Vertex: Command Sender on 0, 0
    Partition: COMMANDS19, Routing Info: KeyAndMask:0xffffff16:0xffffffff
    Machine Vertex: Command Sender on 0, 0, Slice: (0:0), Routing Info: KeyAndMask:0xffffff16:0xffffffff
Vertex: Command Sender on 0, 0
    Partition: COMMANDS50, Routing Info: KeyAndMask:0xffffff50:0xffffffff
    Machine Vertex: Command Sender on 0, 0, Slice: (0:0), Routing Info: KeyAndMask:0xffffff50:0xffffffff
Vertex: Command Sender on 0, 0
    Partition: COMMANDS0, Routing Info: KeyAndMask:0xffffff80:0xffffffff
    Machine Vertex: Command Sender on 0, 0, Slice: (0:0), Routing Info: KeyAndMask:0xffffff80:0xffffffff
Vertex: Command Sender on 0, 0
    Partition: COMMANDS3, Routing Info: KeyAndMask:0xffffff83:0xffffffff
    Machine Vertex: Command Sender on 0, 0, Slice: (0:0), Routing Info: KeyAndMask:0xffffff83:0xffffffff
Vertex: Command Sender on 0, 0
    Partition: COMMANDS37, Routing Info: KeyAndMask:0xffffff30:0xffffffff
    Machine Vertex: Command Sender on 0, 0, Slice: (0:0), Routing Info: KeyAndMask:0xffffff30:0xffffffff
Vertex: Command Sender on 0, 0
    Partition: COMMANDS29, Routing Info: KeyAndMask:0xffffffb0:0xffffffff
    Machine Vertex: Command Sender on 0, 0, Slice: (0:0), Routing Info: KeyAndMask:0xffffffb0:0xffffffff
Vertex: Command Sender on 0, 0
    Partition: COMMANDS4, Routing Info: KeyAndMask:0xfffffe10:0xffffffff
    Machine Vertex: Command Sender on 0, 0, Slice: (0:0), Routing Info: KeyAndMask:0xfffffe10:0xffffffff
Vertex: Command Sender on 0, 0
    Partition: COMMANDS36, Routing Info: KeyAndMask:0xffffffb7:0xffffffff
    Machine Vertex: Command Sender on 0, 0, Slice: (0:0), Routing Info: KeyAndMask:0xffffffb7:0xffffffff
Vertex: Command Sender on 0, 0
    Partition: COMMANDS16, Routing Info: KeyAndMask:0xffffff13:0xffffffff
    Machine Vertex: Command Sender on 0, 0, Slice: (0:0), Routing Info: KeyAndMask:0xffffff13:0xffffffff
Vertex: Command Sender on 0, 0
    Partition: COMMANDS42, Routing Info: KeyAndMask:0xffffff35:0xffffffff
    Machine Vertex: Command Sender on 0, 0, Slice: (0:0), Routing Info: KeyAndMask:0xffffff35:0xffffffff
Vertex: Command Sender on 0, 0
    Partition: COMMANDS53, Routing Info: KeyAndMask:0xffffff62:0xffffffff
    Machine Vertex: Command Sender on 0, 0, Slice: (0:0), Routing Info: KeyAndMask:0xffffff62:0xffffffff
Vertex: Command Sender on 0, 0
    Partition: COMMANDS32, Routing Info: KeyAndMask:0xffffffb3:0xffffffff
    Machine Vertex: Command Sender on 0, 0, Slice: (0:0), Routing Info: KeyAndMask:0xffffffb3:0xffffffff
Vertex: Command Sender on 0, 0
    Partition: COMMANDS44, Routing Info: KeyAndMask:0xffffff37:0xffffffff
    Machine Vertex: Command Sender on 0, 0, Slice: (0:0), Routing Info: KeyAndMask:0xffffff37:0xffffffff
Vertex: Command Sender on 0, 0
    Partition: COMMANDS45, Routing Info: KeyAndMask:0xffffff40:0xffffffff
    Machine Vertex: Command Sender on 0, 0, Slice: (0:0), Routing Info: KeyAndMask:0xffffff40:0xffffffff
Vertex: Command Sender on 0, 0
    Partition: COMMANDS54, Routing Info: KeyAndMask:0xffffff63:0xffffffff
    Machine Vertex: Command Sender on 0, 0, Slice: (0:0), Routing Info: KeyAndMask:0xffffff63:0xffffffff
Vertex: Command Sender on 0, 0
    Partition: COMMANDS52, Routing Info: KeyAndMask:0xffffff61:0xffffffff
    Machine Vertex: Command Sender on 0, 0, Slice: (0:0), Routing Info: KeyAndMask:0xffffff61:0xffffffff
Vertex: Command Sender on 0, 0
    Partition: COMMANDS49, Routing Info: KeyAndMask:0xfffffe11:0xffffffff
    Machine Vertex: Command Sender on 0, 0, Slice: (0:0), Routing Info: KeyAndMask:0xfffffe11:0xffffffff
Vertex: Command Sender on 0, 0
    Partition: COMMANDS40, Routing Info: KeyAndMask:0xffffff33:0xffffffff
    Machine Vertex: Command Sender on 0, 0, Slice: (0:0), Routing Info: KeyAndMask:0xffffff33:0xffffffff
Vertex: Command Sender on 0, 0
    Partition: COMMANDS18, Routing Info: KeyAndMask:0xffffff15:0xffffffff
    Machine Vertex: Command Sender on 0, 0, Slice: (0:0), Routing Info: KeyAndMask:0xffffff15:0xffffffff
Vertex: Command Sender on 0, 0
    Partition: COMMANDS8, Routing Info: KeyAndMask:0xffffff93:0xffffffff
    Machine Vertex: Command Sender on 0, 0, Slice: (0:0), Routing Info: KeyAndMask:0xffffff93:0xffffffff
Vertex: Command Sender on 0, 0
    Partition: COMMANDS23, Routing Info: KeyAndMask:0xffffff22:0xffffffff
    Machine Vertex: Command Sender on 0, 0, Slice: (0:0), Routing Info: KeyAndMask:0xffffff22:0xffffffff
Vertex: Command Sender on 0, 0
    Partition: COMMANDS26, Routing Info: KeyAndMask:0xffffff25:0xffffffff
    Machine Vertex: Command Sender on 0, 0, Slice: (0:0), Routing Info: KeyAndMask:0xffffff25:0xffffffff
Vertex: Command Sender on 0, 0
    Partition: COMMANDS5, Routing Info: KeyAndMask:0xffffff90:0xffffffff
    Machine Vertex: Command Sender on 0, 0, Slice: (0:0), Routing Info: KeyAndMask:0xffffff90:0xffffffff
Vertex: Command Sender on 0, 0
    Partition: COMMANDS13, Routing Info: KeyAndMask:0xffffff10:0xffffffff
    Machine Vertex: Command Sender on 0, 0, Slice: (0:0), Routing Info: KeyAndMask:0xffffff10:0xffffffff
Vertex: Command Sender on 0, 0
    Partition: COMMANDS7, Routing Info: KeyAndMask:0xffffff92:0xffffffff
    Machine Vertex: Command Sender on 0, 0, Slice: (0:0), Routing Info: KeyAndMask:0xffffff92:0xffffffff
Vertex: Command Sender on 0, 0
    Partition: COMMANDS35, Routing Info: KeyAndMask:0xffffffb6:0xffffffff
    Machine Vertex: Command Sender on 0, 0, Slice: (0:0), Routing Info: KeyAndMask:0xffffffb6:0xffffffff
Vertex: Command Sender on 0, 0
    Partition: COMMANDS2, Routing Info: KeyAndMask:0xffffff82:0xffffffff
    Machine Vertex: Command Sender on 0, 0, Slice: (0:0), Routing Info: KeyAndMask:0xffffff82:0xffffffff
Vertex: Command Sender on 0, 0
    Partition: COMMANDS48, Routing Info: KeyAndMask:0xffffff43:0xffffffff
    Machine Vertex: Command Sender on 0, 0, Slice: (0:0), Routing Info: KeyAndMask:0xffffff43:0xffffffff
Vertex: Command Sender on 0, 0
    Partition: COMMANDS58, Routing Info: KeyAndMask:0xffffff73:0xffffffff
    Machine Vertex: Command Sender on 0, 0, Slice: (0:0), Routing Info: KeyAndMask:0xffffff73:0xffffffff
Vertex: Command Sender on 0, 0
    Partition: COMMANDS12, Routing Info: KeyAndMask:0xffffff97:0xffffffff
    Machine Vertex: Command Sender on 0, 0, Slice: (0:0), Routing Info: KeyAndMask:0xffffff97:0xffffffff
