        Partitioning Information by Vertex
        ===============================

Generated: Thu Mar 23 10:19:11 2023 for target machine '172.16.223.1'

**** Vertex: 'input'
Model: SPIFInputDevice
Pop size: 400
Machine Vertices: 
  Slice (0:29)
  Slice (0:29)
  Slice (0:29)
  Slice (0:29)
  Slice (0:29)
  Slice (0:29)
  Slice (0:29)
  Slice (0:29)
  Slice (0:399)
  Slice (30:59)
  Slice (30:59)
  Slice (30:59)
  Slice (30:59)
  Slice (30:59)
  Slice (30:59)
  Slice (30:59)
  Slice (30:59)
  Slice (60:89)
  Slice (60:89)
  Slice (60:89)
  Slice (60:89)
  Slice (60:89)
  Slice (60:89)
  Slice (60:89)
  Slice (60:89)
  Slice (90:119)
  Slice (90:119)
  Slice (90:119)
  Slice (90:119)
  Slice (90:119)
  Slice (90:119)
  Slice (90:119)
  Slice (90:119)
  Slice (120:149)
  Slice (120:149)
  Slice (120:149)
  Slice (120:149)
  Slice (120:149)
  Slice (120:149)
  Slice (120:149)
  Slice (120:149)
  Slice (150:179)
  Slice (150:179)
  Slice (150:179)
  Slice (150:179)
  Slice (150:179)
  Slice (150:179)
  Slice (150:179)
  Slice (150:179)
  Slice (180:209)
  Slice (180:209)
  Slice (180:209)
  Slice (180:209)
  Slice (180:209)
  Slice (180:209)
  Slice (180:209)
  Slice (180:209)
  Slice (210:239)
  Slice (210:239)
  Slice (210:239)
  Slice (210:239)
  Slice (210:239)
  Slice (210:239)
  Slice (210:239)
  Slice (210:239)
  Slice (240:269)
  Slice (240:269)
  Slice (240:269)
  Slice (240:269)
  Slice (240:269)
  Slice (240:269)
  Slice (240:269)
  Slice (240:269)
  Slice (270:299)
  Slice (270:299)
  Slice (270:299)
  Slice (270:299)
  Slice (270:299)
  Slice (270:299)
  Slice (270:299)
  Slice (270:299)
  Slice (300:329)
  Slice (300:329)
  Slice (300:329)
  Slice (300:329)
  Slice (300:329)
  Slice (300:329)
  Slice (300:329)
  Slice (300:329)
  Slice (330:359)
  Slice (330:359)
  Slice (330:359)
  Slice (330:359)
  Slice (330:359)
  Slice (330:359)
  Slice (330:359)
  Slice (330:359)
  Slice (360:389)
  Slice (360:389)
  Slice (360:389)
  Slice (360:389)
  Slice (360:389)
  Slice (360:389)
  Slice (360:389)
  Slice (360:389)

**** Vertex: 'middle'
Model: AbstractPopulationVertex
Pop size: 400
Machine Vertices: 
  Slice (0:31)
  Slice (32:63)
  Slice (64:95)
  Slice (96:127)
  Slice (128:159)
  Slice (160:191)
  Slice (192:223)
  Slice (224:255)
  Slice (256:287)
  Slice (288:319)
  Slice (320:351)
  Slice (352:383)
  Slice (384:399)

**** Vertex: 'output'
Model: SPIFOutputDevice
Pop size: 1
Machine Vertices: 
  Slice (0:0)

**** Vertex: 'Command Sender on 0, 0'
Model: CommandSender
Pop size: 1
Machine Vertices: 
  Slice (0:0)

