Router contains 19 entries
Index Key        Mask       Route      Default [Cores][Links]
----- ---------- ---------- ---------- ------- --------------
    0 0x000005C0 0xFFFFFFE0 0x00000100 False   [2] []
    1 0x000005E0 0xFFFFFFE0 0x00000300 False   [2, 3] []
    2 0x00000600 0xFFFFFFE0 0x00000600 False   [3, 4] []
    3 0x00000620 0xFFFFFFE0 0x00000C00 False   [4, 5] []
    4 0x00000640 0xFFFFFFE0 0x00001800 False   [5, 6] []
    5 0x00000660 0xFFFFFFE0 0x00003000 False   [6, 7] []
    6 0x00000680 0xFFFFFFE0 0x00006000 False   [8, 7] []
    7 0x000006A0 0xFFFFFFE0 0x0000C000 False   [8, 9] []
    8 0x000006C0 0xFFFFFFE0 0x00018000 False   [9, 10] []
    9 0x000006E0 0xFFFFFFE0 0x00030000 False   [10, 11] []
   10 0x00000700 0xFFFFFFE0 0x00060000 False   [11, 12] []
   11 0x00000720 0xFFFFFFE0 0x000C0000 False   [12, 13] []
   12 0x00000740 0xFFFFFFE0 0x00180000 False   [13, 14] []
   13 0x00000760 0xFFFFFFE0 0x00300000 False   [14, 15] []
   14 0x00000780 0xFFFFFFE0 0x00600000 False   [16, 15] []
   15 0x000007A0 0xFFFFFFE0 0x00C00000 False   [16, 17] []
   16 0x000007C0 0xFFFFFFE0 0x00800000 False   [17] []
   17 0x00008000 0xFFFFE000 0x00000020 False   [] [S]
   18 0x00000000 0xFFFFC000 0x00000000 False   [] []
0 Defaultable entries
