Router contains 939 entries
Index Key        Mask       Route      Default [Cores][Links]
----- ---------- ---------- ---------- ------- --------------
    0 0x00000000 0xFFFFFFE7 0x00000010 False   [] [SW]
    1 0x00000020 0xFFFFFFE7 0x00000010 False   [] [SW]
    2 0x00000040 0xFFFFFFE7 0x00000010 False   [] [SW]
    3 0x00000060 0xFFFFFFE7 0x00000010 False   [] [SW]
    4 0x00000080 0xFFFFFFE7 0x00000010 False   [] [SW]
    5 0x000000A0 0xFFFFFFE7 0x00000010 False   [] [SW]
    6 0x000000C0 0xFFFFFFE7 0x00000010 False   [] [SW]
    7 0x000000E0 0xFFFFFFE7 0x00000010 False   [] [SW]
    8 0x00000100 0xFFFFFFE7 0x00000010 False   [] [SW]
    9 0x00000120 0xFFFFFFE7 0x00000010 False   [] [SW]
   10 0x00000140 0xFFFFFFE7 0x00000010 False   [] [SW]
   11 0x00000160 0xFFFFFFE7 0x00000010 False   [] [SW]
   12 0x00000180 0xFFFFFFE7 0x00000010 False   [] [SW]
   13 0x000001A0 0xFFFFFFE7 0x00000010 False   [] [SW]
   14 0x000001C0 0xFFFFFFE7 0x00000010 False   [] [SW]
   15 0x000001E0 0xFFFFFFE7 0x00000010 False   [] [SW]
   16 0x00000200 0xFFFFFFE7 0x00000010 False   [] [SW]
   17 0x00000220 0xFFFFFFE7 0x00000010 False   [] [SW]
   18 0x00000240 0xFFFFFFE7 0x00000010 False   [] [SW]
   19 0x00000260 0xFFFFFFE7 0x00000010 False   [] [SW]
   20 0x00000280 0xFFFFFFE7 0x00000010 False   [] [SW]
   21 0x000002A0 0xFFFFFFE7 0x00000010 False   [] [SW]
   22 0x000002C0 0xFFFFFFE7 0x00000010 False   [] [SW]
   23 0x000002E0 0xFFFFFFE7 0x00000010 False   [] [SW]
   24 0x00000300 0xFFFFFFE7 0x00000010 False   [] [SW]
   25 0x00000320 0xFFFFFFE7 0x00000010 False   [] [SW]
   26 0x00000340 0xFFFFFFE7 0x00000010 False   [] [SW]
   27 0x00000360 0xFFFFFFE7 0x00000010 False   [] [SW]
   28 0x00000380 0xFFFFFFE7 0x00000010 False   [] [SW]
   29 0x000003A0 0xFFFFFFE7 0x00000010 False   [] [SW]
   30 0x000003C0 0xFFFFFFE7 0x00000010 False   [] [SW]
   31 0x000003E0 0xFFFFFFE7 0x00000010 False   [] [SW]
   32 0x00000400 0xFFFFFFE7 0x00000010 False   [] [SW]
   33 0x00000420 0xFFFFFFE7 0x00000010 False   [] [SW]
   34 0x00000440 0xFFFFFFE7 0x00000010 False   [] [SW]
   35 0x00000460 0xFFFFFFE7 0x00000010 False   [] [SW]
   36 0x00000480 0xFFFFFFE7 0x00000010 False   [] [SW]
   37 0x000004A0 0xFFFFFFE7 0x00000010 False   [] [SW]
   38 0x000004C0 0xFFFFFFE7 0x00000010 False   [] [SW]
   39 0x000004E0 0xFFFFFFE7 0x00000010 False   [] [SW]
   40 0x00000500 0xFFFFFFE7 0x00000010 False   [] [SW]
   41 0x00000520 0xFFFFFFE7 0x00000010 False   [] [SW]
   42 0x00000540 0xFFFFFFE7 0x00000010 False   [] [SW]
   43 0x00000560 0xFFFFFFE7 0x00000010 False   [] [SW]
   44 0x00000580 0xFFFFFFE7 0x00000010 False   [] [SW]
   45 0x000005A0 0xFFFFFFE7 0x00000010 False   [] [SW]
   46 0x000005C0 0xFFFFFFE7 0x00000010 False   [] [SW]
   47 0x000005E0 0xFFFFFFE7 0x00000010 False   [] [SW]
   48 0x00000600 0xFFFFFFE7 0x00000010 False   [] [SW]
   49 0x00000620 0xFFFFFFE7 0x00000010 False   [] [SW]
   50 0x00000640 0xFFFFFFE7 0x00000010 False   [] [SW]
   51 0x00000660 0xFFFFFFE7 0x00000010 False   [] [SW]
   52 0x00000680 0xFFFFFFE7 0x00000010 False   [] [SW]
   53 0x000006A0 0xFFFFFFE7 0x00000010 False   [] [SW]
   54 0x000006C0 0xFFFFFFE7 0x00000010 False   [] [SW]
   55 0x000006E0 0xFFFFFFE7 0x00000010 False   [] [SW]
   56 0x00000700 0xFFFFFFE7 0x00000010 False   [] [SW]
   57 0x00000720 0xFFFFFFE7 0x00000010 False   [] [SW]
   58 0x00000740 0xFFFFFFE7 0x00000010 False   [] [SW]
   59 0x00000760 0xFFFFFFE7 0x00000010 False   [] [SW]
   60 0x00000780 0xFFFFFFE7 0x00000010 False   [] [SW]
   61 0x000007A0 0xFFFFFFE7 0x00000010 False   [] [SW]
   62 0x000007C0 0xFFFFFFE7 0x00000010 False   [] [SW]
   63 0x000007E0 0xFFFFFFE7 0x00000010 False   [] [SW]
   64 0x00000800 0xFFFFFFE7 0x00000010 False   [] [SW]
   65 0x00000820 0xFFFFFFE7 0x00000010 False   [] [SW]
   66 0x00000840 0xFFFFFFE7 0x00000010 False   [] [SW]
   67 0x00000860 0xFFFFFFE7 0x00000010 False   [] [SW]
   68 0x00000880 0xFFFFFFE7 0x00000010 False   [] [SW]
   69 0x000008A0 0xFFFFFFE7 0x00000010 False   [] [SW]
   70 0x000008C0 0xFFFFFFE7 0x00000010 False   [] [SW]
   71 0x000008E0 0xFFFFFFE7 0x00000010 False   [] [SW]
   72 0x00000900 0xFFFFFFE7 0x00000010 False   [] [SW]
   73 0x00000920 0xFFFFFFE7 0x00000010 False   [] [SW]
   74 0x00000940 0xFFFFFFE7 0x00000010 False   [] [SW]
   75 0x00000960 0xFFFFFFE7 0x00000010 False   [] [SW]
   76 0x00000980 0xFFFFFFE7 0x00000010 False   [] [SW]
   77 0x000009A0 0xFFFFFFE7 0x00000010 False   [] [SW]
   78 0x000009C0 0xFFFFFFE7 0x00000010 False   [] [SW]
   79 0x000009E0 0xFFFFFFE7 0x00000010 False   [] [SW]
   80 0x00000A00 0xFFFFFFE7 0x00000010 False   [] [SW]
   81 0x00000A20 0xFFFFFFE7 0x00000010 False   [] [SW]
   82 0x00000A40 0xFFFFFFE7 0x00000010 False   [] [SW]
   83 0x00000A60 0xFFFFFFE7 0x00000010 False   [] [SW]
   84 0x00000A80 0xFFFFFFE7 0x00000010 False   [] [SW]
   85 0x00000AA0 0xFFFFFFE7 0x00000010 False   [] [SW]
   86 0x00000AC0 0xFFFFFFE7 0x00000010 False   [] [SW]
   87 0x00000AE0 0xFFFFFFE7 0x00000010 False   [] [SW]
   88 0x00000B00 0xFFFFFFE7 0x00000010 False   [] [SW]
   89 0x00000B20 0xFFFFFFE7 0x00000010 False   [] [SW]
   90 0x00000B40 0xFFFFFFE7 0x00000010 False   [] [SW]
   91 0x00000B60 0xFFFFFFE7 0x00000010 False   [] [SW]
   92 0x00000B80 0xFFFFFFE7 0x00000010 False   [] [SW]
   93 0x00000BA0 0xFFFFFFE7 0x00000010 False   [] [SW]
   94 0x00000BC0 0xFFFFFFE7 0x00000010 False   [] [SW]
   95 0x00000BE0 0xFFFFFFE7 0x00000010 False   [] [SW]
   96 0x00000C00 0xFFFFFFE7 0x00000010 False   [] [SW]
   97 0x00000C20 0xFFFFFFE7 0x00000010 False   [] [SW]
   98 0x00000C40 0xFFFFFFE7 0x00000010 False   [] [SW]
   99 0x00000C60 0xFFFFFFE7 0x00000010 False   [] [SW]
  100 0x00000C80 0xFFFFFFE7 0x00000010 False   [] [SW]
  101 0x00000CA0 0xFFFFFFE7 0x00000010 False   [] [SW]
  102 0x00000CC0 0xFFFFFFE7 0x00000010 False   [] [SW]
  103 0x00000CE0 0xFFFFFFE7 0x00000010 False   [] [SW]
  104 0x00000D00 0xFFFFFFE7 0x00000010 False   [] [SW]
  105 0x00000D20 0xFFFFFFE7 0x00000010 False   [] [SW]
  106 0x00000D40 0xFFFFFFE7 0x00000010 False   [] [SW]
  107 0x00000D60 0xFFFFFFE7 0x00000010 False   [] [SW]
  108 0x00000D80 0xFFFFFFE7 0x00000010 False   [] [SW]
  109 0x00000DA0 0xFFFFFFE7 0x00000010 False   [] [SW]
  110 0x00000DC0 0xFFFFFFE7 0x00000010 False   [] [SW]
  111 0x00000DE0 0xFFFFFFE7 0x00000010 False   [] [SW]
  112 0x00000E00 0xFFFFFFE7 0x00000010 False   [] [SW]
  113 0x00000E20 0xFFFFFFE7 0x00000010 False   [] [SW]
  114 0x00000E40 0xFFFFFFE7 0x00000010 False   [] [SW]
  115 0x00000E60 0xFFFFFFE7 0x00000010 False   [] [SW]
  116 0x00000E80 0xFFFFFFE7 0x00000010 False   [] [SW]
  117 0x00000EA0 0xFFFFFFE7 0x00000010 False   [] [SW]
  118 0x00000EC0 0xFFFFFFE7 0x00000010 False   [] [SW]
  119 0x00000EE0 0xFFFFFFE7 0x00000010 False   [] [SW]
  120 0x00000F00 0xFFFFFFE7 0x00000010 False   [] [SW]
  121 0x00000F20 0xFFFFFFE7 0x00000010 False   [] [SW]
  122 0x00000F40 0xFFFFFFE7 0x00000010 False   [] [SW]
  123 0x00000F60 0xFFFFFFE7 0x00000010 False   [] [SW]
  124 0x00000F80 0xFFFFFFE7 0x00000010 False   [] [SW]
  125 0x00000FA0 0xFFFFFFE7 0x00000010 False   [] [SW]
  126 0x00000FC0 0xFFFFFFE7 0x00000010 False   [] [SW]
  127 0x00000FE0 0xFFFFFFE7 0x00000010 False   [] [SW]
  128 0x00001000 0xFFFFFFE7 0x00000010 False   [] [SW]
  129 0x00001020 0xFFFFFFE7 0x00000010 False   [] [SW]
  130 0x00001040 0xFFFFFFE7 0x00000010 False   [] [SW]
  131 0x00001060 0xFFFFFFE7 0x00000010 False   [] [SW]
  132 0x00001080 0xFFFFFFE7 0x00000010 False   [] [SW]
  133 0x000010A0 0xFFFFFFE7 0x00000010 False   [] [SW]
  134 0x000010C0 0xFFFFFFE7 0x00000010 False   [] [SW]
  135 0x000010E0 0xFFFFFFE7 0x00000010 False   [] [SW]
  136 0x00001100 0xFFFFFFE7 0x00000010 False   [] [SW]
  137 0x00001120 0xFFFFFFE7 0x00000010 False   [] [SW]
  138 0x00001140 0xFFFFFFE7 0x00000010 False   [] [SW]
  139 0x00001160 0xFFFFFFE7 0x00000010 False   [] [SW]
  140 0x00001180 0xFFFFFFE7 0x00000010 False   [] [SW]
  141 0x000011A0 0xFFFFFFE7 0x00000010 False   [] [SW]
  142 0x000011C0 0xFFFFFFE7 0x00000010 False   [] [SW]
  143 0x000011E0 0xFFFFFFE7 0x00000010 False   [] [SW]
  144 0x00001200 0xFFFFFFE7 0x00000010 False   [] [SW]
  145 0x00001220 0xFFFFFFE7 0x00000010 False   [] [SW]
  146 0x00001240 0xFFFFFFE7 0x00000010 False   [] [SW]
  147 0x00001260 0xFFFFFFE7 0x00000010 False   [] [SW]
  148 0x00001280 0xFFFFFFE7 0x00000010 False   [] [SW]
  149 0x000012A0 0xFFFFFFE7 0x00000010 False   [] [SW]
  150 0x000012C0 0xFFFFFFE7 0x00000010 False   [] [SW]
  151 0x000012E0 0xFFFFFFE7 0x00000010 False   [] [SW]
  152 0x00001300 0xFFFFFFE7 0x00000010 False   [] [SW]
  153 0x00001320 0xFFFFFFE7 0x00000010 False   [] [SW]
  154 0x00001340 0xFFFFFFE7 0x00000010 False   [] [SW]
  155 0x00001360 0xFFFFFFE7 0x00000010 False   [] [SW]
  156 0x00001380 0xFFFFFFE7 0x00000010 False   [] [SW]
  157 0x000013A0 0xFFFFFFE7 0x00000010 False   [] [SW]
  158 0x000013C0 0xFFFFFFE7 0x00000010 False   [] [SW]
  159 0x000013E0 0xFFFFFFE7 0x00000010 False   [] [SW]
  160 0x00001400 0xFFFFFFE7 0x00000010 False   [] [SW]
  161 0x00001420 0xFFFFFFE7 0x00000010 False   [] [SW]
  162 0x00001440 0xFFFFFFE7 0x00000010 False   [] [SW]
  163 0x00001460 0xFFFFFFE7 0x00000010 False   [] [SW]
  164 0x00001480 0xFFFFFFE7 0x00000010 False   [] [SW]
  165 0x000014A0 0xFFFFFFE7 0x00000010 False   [] [SW]
  166 0x000014C0 0xFFFFFFE7 0x00000010 False   [] [SW]
  167 0x000014E0 0xFFFFFFE7 0x00000010 False   [] [SW]
  168 0x00001500 0xFFFFFFE7 0x00000010 False   [] [SW]
  169 0x00001520 0xFFFFFFE7 0x00000010 False   [] [SW]
  170 0x00001540 0xFFFFFFE7 0x00000010 False   [] [SW]
  171 0x00001560 0xFFFFFFE7 0x00000010 False   [] [SW]
  172 0x00001580 0xFFFFFFE7 0x00000010 False   [] [SW]
  173 0x000015A0 0xFFFFFFE7 0x00000010 False   [] [SW]
  174 0x000015C0 0xFFFFFFE7 0x00000010 False   [] [SW]
  175 0x000015E0 0xFFFFFFE7 0x00000010 False   [] [SW]
  176 0x00001600 0xFFFFFFE7 0x00000010 False   [] [SW]
  177 0x00001620 0xFFFFFFE7 0x00000010 False   [] [SW]
  178 0x00001640 0xFFFFFFE7 0x00000010 False   [] [SW]
  179 0x00001660 0xFFFFFFE7 0x00000010 False   [] [SW]
  180 0x00001680 0xFFFFFFE7 0x00000010 False   [] [SW]
  181 0x000016A0 0xFFFFFFE7 0x00000010 False   [] [SW]
  182 0x000016C0 0xFFFFFFE7 0x00000010 False   [] [SW]
  183 0x000016E0 0xFFFFFFE7 0x00000010 False   [] [SW]
  184 0x00001700 0xFFFFFFE7 0x00000010 False   [] [SW]
  185 0x00001720 0xFFFFFFE7 0x00000010 False   [] [SW]
  186 0x00001740 0xFFFFFFE7 0x00000010 False   [] [SW]
  187 0x00001760 0xFFFFFFE7 0x00000010 False   [] [SW]
  188 0x00001780 0xFFFFFFE7 0x00000010 False   [] [SW]
  189 0x000017A0 0xFFFFFFE7 0x00000010 False   [] [SW]
  190 0x000017C0 0xFFFFFFE7 0x00000010 False   [] [SW]
  191 0x000017E0 0xFFFFFFE7 0x00000010 False   [] [SW]
  192 0x00001800 0xFFFFFFE7 0x00000010 False   [] [SW]
  193 0x00001820 0xFFFFFFE7 0x00000010 False   [] [SW]
  194 0x00001840 0xFFFFFFE7 0x00000010 False   [] [SW]
  195 0x00001860 0xFFFFFFE7 0x00000010 False   [] [SW]
  196 0x00001880 0xFFFFFFE7 0x00000010 False   [] [SW]
  197 0x000018A0 0xFFFFFFE7 0x00000010 False   [] [SW]
  198 0x000018C0 0xFFFFFFE7 0x00000010 False   [] [SW]
  199 0x000018E0 0xFFFFFFE7 0x00000010 False   [] [SW]
  200 0x00001900 0xFFFFFFE7 0x00000010 False   [] [SW]
  201 0x00001920 0xFFFFFFE7 0x00000010 False   [] [SW]
  202 0x00001940 0xFFFFFFE7 0x00000010 False   [] [SW]
  203 0x00001960 0xFFFFFFE7 0x00000010 False   [] [SW]
  204 0x00001980 0xFFFFFFE7 0x00000010 False   [] [SW]
  205 0x000019A0 0xFFFFFFE7 0x00000010 False   [] [SW]
  206 0x000019C0 0xFFFFFFE7 0x00000010 False   [] [SW]
  207 0x000019E0 0xFFFFFFE7 0x00000010 False   [] [SW]
  208 0x00001A00 0xFFFFFFE7 0x00000010 False   [] [SW]
  209 0x00001A20 0xFFFFFFE7 0x00000010 False   [] [SW]
  210 0x00001A40 0xFFFFFFE7 0x00000010 False   [] [SW]
  211 0x00001A60 0xFFFFFFE7 0x00000010 False   [] [SW]
  212 0x00001A80 0xFFFFFFE7 0x00000010 False   [] [SW]
  213 0x00001AA0 0xFFFFFFE7 0x00000010 False   [] [SW]
  214 0x00001AC0 0xFFFFFFE7 0x00000010 False   [] [SW]
  215 0x00001AE0 0xFFFFFFE7 0x00000010 False   [] [SW]
  216 0x00001B00 0xFFFFFFE7 0x00000010 False   [] [SW]
  217 0x00001B20 0xFFFFFFE7 0x00000010 False   [] [SW]
  218 0x00001B40 0xFFFFFFE7 0x00000010 False   [] [SW]
  219 0x00001B60 0xFFFFFFE7 0x00000010 False   [] [SW]
  220 0x00001B80 0xFFFFFFE7 0x00000010 False   [] [SW]
  221 0x00001BA0 0xFFFFFFE7 0x00000010 False   [] [SW]
  222 0x00001BC0 0xFFFFFFE7 0x00000010 False   [] [SW]
  223 0x00001BE0 0xFFFFFFE7 0x00000010 False   [] [SW]
  224 0x00001C00 0xFFFFFFE7 0x00000010 False   [] [SW]
  225 0x00001C20 0xFFFFFFE7 0x00000010 False   [] [SW]
  226 0x00001C40 0xFFFFFFE7 0x00000010 False   [] [SW]
  227 0x00001C60 0xFFFFFFE7 0x00000010 False   [] [SW]
  228 0x00001C80 0xFFFFFFE7 0x00000010 False   [] [SW]
  229 0x00001CA0 0xFFFFFFE7 0x00000010 False   [] [SW]
  230 0x00001CC0 0xFFFFFFE7 0x00000010 False   [] [SW]
  231 0x00001CE0 0xFFFFFFE7 0x00000010 False   [] [SW]
  232 0x00001D00 0xFFFFFFE7 0x00000010 False   [] [SW]
  233 0x00001D20 0xFFFFFFE7 0x00000010 False   [] [SW]
  234 0x00001D40 0xFFFFFFE7 0x00000010 False   [] [SW]
  235 0x00001D60 0xFFFFFFE7 0x00000010 False   [] [SW]
  236 0x00001D80 0xFFFFFFE7 0x00000010 False   [] [SW]
  237 0x00001DA0 0xFFFFFFE7 0x00000010 False   [] [SW]
  238 0x00001DC0 0xFFFFFFE7 0x00000010 False   [] [SW]
  239 0x00001DE0 0xFFFFFFE7 0x00000010 False   [] [SW]
  240 0x00001E00 0xFFFFFFE7 0x00000010 False   [] [SW]
  241 0x00001E20 0xFFFFFFE7 0x00000010 False   [] [SW]
  242 0x00001E40 0xFFFFFFE7 0x00000010 False   [] [SW]
  243 0x00001E60 0xFFFFFFE7 0x00000010 False   [] [SW]
  244 0x00001E80 0xFFFFFFE7 0x00000010 False   [] [SW]
  245 0x00001EA0 0xFFFFFFE7 0x00000010 False   [] [SW]
  246 0x00001EC0 0xFFFFFFE7 0x00000010 False   [] [SW]
  247 0x00001EE0 0xFFFFFFE7 0x00000010 False   [] [SW]
  248 0x00001F00 0xFFFFFFE7 0x00000010 False   [] [SW]
  249 0x00001F20 0xFFFFFFE7 0x00000010 False   [] [SW]
  250 0x00001F40 0xFFFFFFE7 0x00000010 False   [] [SW]
  251 0x00001F60 0xFFFFFFE7 0x00000010 False   [] [SW]
  252 0x00001F80 0xFFFFFFE7 0x00000010 False   [] [SW]
  253 0x00001FA0 0xFFFFFFE7 0x00000010 False   [] [SW]
  254 0x00001FC0 0xFFFFFFE7 0x00000010 False   [] [SW]
  255 0x00001FE0 0xFFFFFFE7 0x00000010 False   [] [SW]
  256 0x00002000 0xFFFFFFE7 0x00000010 False   [] [SW]
  257 0x00002020 0xFFFFFFE7 0x00000010 False   [] [SW]
  258 0x00002040 0xFFFFFFE7 0x00000010 False   [] [SW]
  259 0x00002060 0xFFFFFFE7 0x00000010 False   [] [SW]
  260 0x00002080 0xFFFFFFE7 0x00000010 False   [] [SW]
  261 0x000020A0 0xFFFFFFE7 0x00000010 False   [] [SW]
  262 0x000020C0 0xFFFFFFE7 0x00000010 False   [] [SW]
  263 0x000020E0 0xFFFFFFE7 0x00000010 False   [] [SW]
  264 0x00002100 0xFFFFFFE7 0x00000010 False   [] [SW]
  265 0x00002120 0xFFFFFFE7 0x00000010 False   [] [SW]
  266 0x00002140 0xFFFFFFE7 0x00000010 False   [] [SW]
  267 0x00002160 0xFFFFFFE7 0x00000010 False   [] [SW]
  268 0x00002180 0xFFFFFFE7 0x00000010 False   [] [SW]
  269 0x000021A0 0xFFFFFFE7 0x00000010 False   [] [SW]
  270 0x000021C0 0xFFFFFFE7 0x00000010 False   [] [SW]
  271 0x000021E0 0xFFFFFFE7 0x00000010 False   [] [SW]
  272 0x00002200 0xFFFFFFE7 0x00000010 False   [] [SW]
  273 0x00002220 0xFFFFFFE7 0x00000010 False   [] [SW]
  274 0x00002240 0xFFFFFFE7 0x00000010 False   [] [SW]
  275 0x00002260 0xFFFFFFE7 0x00000010 False   [] [SW]
  276 0x00002280 0xFFFFFFE7 0x00000010 False   [] [SW]
  277 0x000022A0 0xFFFFFFE7 0x00000010 False   [] [SW]
  278 0x000022C0 0xFFFFFFE7 0x00000010 False   [] [SW]
  279 0x000022E0 0xFFFFFFE7 0x00000010 False   [] [SW]
  280 0x00002300 0xFFFFFFE7 0x00000010 False   [] [SW]
  281 0x00002320 0xFFFFFFE7 0x00000010 False   [] [SW]
  282 0x00002340 0xFFFFFFE7 0x00000010 False   [] [SW]
  283 0x00002360 0xFFFFFFE7 0x00000010 False   [] [SW]
  284 0x00002380 0xFFFFFFE7 0x00000010 False   [] [SW]
  285 0x000023A0 0xFFFFFFE7 0x00000010 False   [] [SW]
  286 0x000023C0 0xFFFFFFE7 0x00000010 False   [] [SW]
  287 0x000023E0 0xFFFFFFE7 0x00000010 False   [] [SW]
  288 0x00002400 0xFFFFFFE7 0x00000010 False   [] [SW]
  289 0x00002420 0xFFFFFFE7 0x00000010 False   [] [SW]
  290 0x00002440 0xFFFFFFE7 0x00000010 False   [] [SW]
  291 0x00002460 0xFFFFFFE7 0x00000010 False   [] [SW]
  292 0x00002480 0xFFFFFFE7 0x00000010 False   [] [SW]
  293 0x000024A0 0xFFFFFFE7 0x00000010 False   [] [SW]
  294 0x000024C0 0xFFFFFFE7 0x00000010 False   [] [SW]
  295 0x000024E0 0xFFFFFFE7 0x00000010 False   [] [SW]
  296 0x00002500 0xFFFFFFE7 0x00000010 False   [] [SW]
  297 0x00002520 0xFFFFFFE7 0x00000010 False   [] [SW]
  298 0x00002540 0xFFFFFFE7 0x00000010 False   [] [SW]
  299 0x00002560 0xFFFFFFE7 0x00000010 False   [] [SW]
  300 0x00002580 0xFFFFFFE7 0x00000010 False   [] [SW]
  301 0x000025A0 0xFFFFFFE7 0x00000010 False   [] [SW]
  302 0x000025C0 0xFFFFFFE7 0x00000010 False   [] [SW]
  303 0x000025E0 0xFFFFFFE7 0x00000010 False   [] [SW]
  304 0x00002600 0xFFFFFFE7 0x00000010 False   [] [SW]
  305 0x00002620 0xFFFFFFE7 0x00000010 False   [] [SW]
  306 0x00002640 0xFFFFFFE7 0x00000010 False   [] [SW]
  307 0x00002660 0xFFFFFFE7 0x00000010 False   [] [SW]
  308 0x00002680 0xFFFFFFE7 0x00000010 False   [] [SW]
  309 0x000026A0 0xFFFFFFE7 0x00000010 False   [] [SW]
  310 0x000026C0 0xFFFFFFE7 0x00000010 False   [] [SW]
  311 0x000026E0 0xFFFFFFE7 0x00000010 False   [] [SW]
  312 0x00002700 0xFFFFFFE7 0x00000010 False   [] [SW]
  313 0x00000001 0xFFFFFFE7 0x00000010 False   [] [SW]
  314 0x00000021 0xFFFFFFE7 0x00000010 False   [] [SW]
  315 0x00000041 0xFFFFFFE7 0x00000010 False   [] [SW]
  316 0x00000061 0xFFFFFFE7 0x00000010 False   [] [SW]
  317 0x00000081 0xFFFFFFE7 0x00000010 False   [] [SW]
  318 0x000000A1 0xFFFFFFE7 0x00000010 False   [] [SW]
  319 0x000000C1 0xFFFFFFE7 0x00000010 False   [] [SW]
  320 0x000000E1 0xFFFFFFE7 0x00000010 False   [] [SW]
  321 0x00000101 0xFFFFFFE7 0x00000010 False   [] [SW]
  322 0x00000121 0xFFFFFFE7 0x00000010 False   [] [SW]
  323 0x00000141 0xFFFFFFE7 0x00000010 False   [] [SW]
  324 0x00000161 0xFFFFFFE7 0x00000010 False   [] [SW]
  325 0x00000181 0xFFFFFFE7 0x00000010 False   [] [SW]
  326 0x000001A1 0xFFFFFFE7 0x00000010 False   [] [SW]
  327 0x000001C1 0xFFFFFFE7 0x00000010 False   [] [SW]
  328 0x000001E1 0xFFFFFFE7 0x00000010 False   [] [SW]
  329 0x00000201 0xFFFFFFE7 0x00000010 False   [] [SW]
  330 0x00000221 0xFFFFFFE7 0x00000010 False   [] [SW]
  331 0x00000241 0xFFFFFFE7 0x00000010 False   [] [SW]
  332 0x00000261 0xFFFFFFE7 0x00000010 False   [] [SW]
  333 0x00000281 0xFFFFFFE7 0x00000010 False   [] [SW]
  334 0x000002A1 0xFFFFFFE7 0x00000010 False   [] [SW]
  335 0x000002C1 0xFFFFFFE7 0x00000010 False   [] [SW]
  336 0x000002E1 0xFFFFFFE7 0x00000010 False   [] [SW]
  337 0x00000301 0xFFFFFFE7 0x00000010 False   [] [SW]
  338 0x00000321 0xFFFFFFE7 0x00000010 False   [] [SW]
  339 0x00000341 0xFFFFFFE7 0x00000010 False   [] [SW]
  340 0x00000361 0xFFFFFFE7 0x00000010 False   [] [SW]
  341 0x00000381 0xFFFFFFE7 0x00000010 False   [] [SW]
  342 0x000003A1 0xFFFFFFE7 0x00000010 False   [] [SW]
  343 0x000003C1 0xFFFFFFE7 0x00000010 False   [] [SW]
  344 0x000003E1 0xFFFFFFE7 0x00000010 False   [] [SW]
  345 0x00000401 0xFFFFFFE7 0x00000010 False   [] [SW]
  346 0x00000421 0xFFFFFFE7 0x00000010 False   [] [SW]
  347 0x00000441 0xFFFFFFE7 0x00000010 False   [] [SW]
  348 0x00000461 0xFFFFFFE7 0x00000010 False   [] [SW]
  349 0x00000481 0xFFFFFFE7 0x00000010 False   [] [SW]
  350 0x000004A1 0xFFFFFFE7 0x00000010 False   [] [SW]
  351 0x000004C1 0xFFFFFFE7 0x00000010 False   [] [SW]
  352 0x000004E1 0xFFFFFFE7 0x00000010 False   [] [SW]
  353 0x00000501 0xFFFFFFE7 0x00000010 False   [] [SW]
  354 0x00000521 0xFFFFFFE7 0x00000010 False   [] [SW]
  355 0x00000541 0xFFFFFFE7 0x00000010 False   [] [SW]
  356 0x00000561 0xFFFFFFE7 0x00000010 False   [] [SW]
  357 0x00000581 0xFFFFFFE7 0x00000010 False   [] [SW]
  358 0x000005A1 0xFFFFFFE7 0x00000010 False   [] [SW]
  359 0x000005C1 0xFFFFFFE7 0x00000010 False   [] [SW]
  360 0x000005E1 0xFFFFFFE7 0x00000010 False   [] [SW]
  361 0x00000601 0xFFFFFFE7 0x00000010 False   [] [SW]
  362 0x00000621 0xFFFFFFE7 0x00000010 False   [] [SW]
  363 0x00000641 0xFFFFFFE7 0x00000010 False   [] [SW]
  364 0x00000661 0xFFFFFFE7 0x00000010 False   [] [SW]
  365 0x00000681 0xFFFFFFE7 0x00000010 False   [] [SW]
  366 0x000006A1 0xFFFFFFE7 0x00000010 False   [] [SW]
  367 0x000006C1 0xFFFFFFE7 0x00000010 False   [] [SW]
  368 0x000006E1 0xFFFFFFE7 0x00000010 False   [] [SW]
  369 0x00000701 0xFFFFFFE7 0x00000010 False   [] [SW]
  370 0x00000721 0xFFFFFFE7 0x00000010 False   [] [SW]
  371 0x00000741 0xFFFFFFE7 0x00000010 False   [] [SW]
  372 0x00000761 0xFFFFFFE7 0x00000010 False   [] [SW]
  373 0x00000781 0xFFFFFFE7 0x00000010 False   [] [SW]
  374 0x000007A1 0xFFFFFFE7 0x00000010 False   [] [SW]
  375 0x000007C1 0xFFFFFFE7 0x00000010 False   [] [SW]
  376 0x000007E1 0xFFFFFFE7 0x00000010 False   [] [SW]
  377 0x00000801 0xFFFFFFE7 0x00000010 False   [] [SW]
  378 0x00000821 0xFFFFFFE7 0x00000010 False   [] [SW]
  379 0x00000841 0xFFFFFFE7 0x00000010 False   [] [SW]
  380 0x00000861 0xFFFFFFE7 0x00000010 False   [] [SW]
  381 0x00000881 0xFFFFFFE7 0x00000010 False   [] [SW]
  382 0x000008A1 0xFFFFFFE7 0x00000010 False   [] [SW]
  383 0x000008C1 0xFFFFFFE7 0x00000010 False   [] [SW]
  384 0x000008E1 0xFFFFFFE7 0x00000010 False   [] [SW]
  385 0x00000901 0xFFFFFFE7 0x00000010 False   [] [SW]
  386 0x00000921 0xFFFFFFE7 0x00000010 False   [] [SW]
  387 0x00000941 0xFFFFFFE7 0x00000010 False   [] [SW]
  388 0x00000961 0xFFFFFFE7 0x00000010 False   [] [SW]
  389 0x00000981 0xFFFFFFE7 0x00000010 False   [] [SW]
  390 0x000009A1 0xFFFFFFE7 0x00000010 False   [] [SW]
  391 0x000009C1 0xFFFFFFE7 0x00000010 False   [] [SW]
  392 0x000009E1 0xFFFFFFE7 0x00000010 False   [] [SW]
  393 0x00000A01 0xFFFFFFE7 0x00000010 False   [] [SW]
  394 0x00000A21 0xFFFFFFE7 0x00000010 False   [] [SW]
  395 0x00000A41 0xFFFFFFE7 0x00000010 False   [] [SW]
  396 0x00000A61 0xFFFFFFE7 0x00000010 False   [] [SW]
  397 0x00000A81 0xFFFFFFE7 0x00000010 False   [] [SW]
  398 0x00000AA1 0xFFFFFFE7 0x00000010 False   [] [SW]
  399 0x00000AC1 0xFFFFFFE7 0x00000010 False   [] [SW]
  400 0x00000AE1 0xFFFFFFE7 0x00000010 False   [] [SW]
  401 0x00000B01 0xFFFFFFE7 0x00000010 False   [] [SW]
  402 0x00000B21 0xFFFFFFE7 0x00000010 False   [] [SW]
  403 0x00000B41 0xFFFFFFE7 0x00000010 False   [] [SW]
  404 0x00000B61 0xFFFFFFE7 0x00000010 False   [] [SW]
  405 0x00000B81 0xFFFFFFE7 0x00000010 False   [] [SW]
  406 0x00000BA1 0xFFFFFFE7 0x00000010 False   [] [SW]
  407 0x00000BC1 0xFFFFFFE7 0x00000010 False   [] [SW]
  408 0x00000BE1 0xFFFFFFE7 0x00000010 False   [] [SW]
  409 0x00000C01 0xFFFFFFE7 0x00000010 False   [] [SW]
  410 0x00000C21 0xFFFFFFE7 0x00000010 False   [] [SW]
  411 0x00000C41 0xFFFFFFE7 0x00000010 False   [] [SW]
  412 0x00000C61 0xFFFFFFE7 0x00000010 False   [] [SW]
  413 0x00000C81 0xFFFFFFE7 0x00000010 False   [] [SW]
  414 0x00000CA1 0xFFFFFFE7 0x00000010 False   [] [SW]
  415 0x00000CC1 0xFFFFFFE7 0x00000010 False   [] [SW]
  416 0x00000CE1 0xFFFFFFE7 0x00000010 False   [] [SW]
  417 0x00000D01 0xFFFFFFE7 0x00000010 False   [] [SW]
  418 0x00000D21 0xFFFFFFE7 0x00000010 False   [] [SW]
  419 0x00000D41 0xFFFFFFE7 0x00000010 False   [] [SW]
  420 0x00000D61 0xFFFFFFE7 0x00000010 False   [] [SW]
  421 0x00000D81 0xFFFFFFE7 0x00000010 False   [] [SW]
  422 0x00000DA1 0xFFFFFFE7 0x00000010 False   [] [SW]
  423 0x00000DC1 0xFFFFFFE7 0x00000010 False   [] [SW]
  424 0x00000DE1 0xFFFFFFE7 0x00000010 False   [] [SW]
  425 0x00000E01 0xFFFFFFE7 0x00000010 False   [] [SW]
  426 0x00000E21 0xFFFFFFE7 0x00000010 False   [] [SW]
  427 0x00000E41 0xFFFFFFE7 0x00000010 False   [] [SW]
  428 0x00000E61 0xFFFFFFE7 0x00000010 False   [] [SW]
  429 0x00000E81 0xFFFFFFE7 0x00000010 False   [] [SW]
  430 0x00000EA1 0xFFFFFFE7 0x00000010 False   [] [SW]
  431 0x00000EC1 0xFFFFFFE7 0x00000010 False   [] [SW]
  432 0x00000EE1 0xFFFFFFE7 0x00000010 False   [] [SW]
  433 0x00000F01 0xFFFFFFE7 0x00000010 False   [] [SW]
  434 0x00000F21 0xFFFFFFE7 0x00000010 False   [] [SW]
  435 0x00000F41 0xFFFFFFE7 0x00000010 False   [] [SW]
  436 0x00000F61 0xFFFFFFE7 0x00000010 False   [] [SW]
  437 0x00000F81 0xFFFFFFE7 0x00000010 False   [] [SW]
  438 0x00000FA1 0xFFFFFFE7 0x00000010 False   [] [SW]
  439 0x00000FC1 0xFFFFFFE7 0x00000010 False   [] [SW]
  440 0x00000FE1 0xFFFFFFE7 0x00000010 False   [] [SW]
  441 0x00001001 0xFFFFFFE7 0x00000010 False   [] [SW]
  442 0x00001021 0xFFFFFFE7 0x00000010 False   [] [SW]
  443 0x00001041 0xFFFFFFE7 0x00000010 False   [] [SW]
  444 0x00001061 0xFFFFFFE7 0x00000010 False   [] [SW]
  445 0x00001081 0xFFFFFFE7 0x00000010 False   [] [SW]
  446 0x000010A1 0xFFFFFFE7 0x00000010 False   [] [SW]
  447 0x000010C1 0xFFFFFFE7 0x00000010 False   [] [SW]
  448 0x000010E1 0xFFFFFFE7 0x00000010 False   [] [SW]
  449 0x00001101 0xFFFFFFE7 0x00000010 False   [] [SW]
  450 0x00001121 0xFFFFFFE7 0x00000010 False   [] [SW]
  451 0x00001141 0xFFFFFFE7 0x00000010 False   [] [SW]
  452 0x00001161 0xFFFFFFE7 0x00000010 False   [] [SW]
  453 0x00001181 0xFFFFFFE7 0x00000010 False   [] [SW]
  454 0x000011A1 0xFFFFFFE7 0x00000010 False   [] [SW]
  455 0x000011C1 0xFFFFFFE7 0x00000010 False   [] [SW]
  456 0x000011E1 0xFFFFFFE7 0x00000010 False   [] [SW]
  457 0x00001201 0xFFFFFFE7 0x00000010 False   [] [SW]
  458 0x00001221 0xFFFFFFE7 0x00000010 False   [] [SW]
  459 0x00001241 0xFFFFFFE7 0x00000010 False   [] [SW]
  460 0x00001261 0xFFFFFFE7 0x00000010 False   [] [SW]
  461 0x00001281 0xFFFFFFE7 0x00000010 False   [] [SW]
  462 0x000012A1 0xFFFFFFE7 0x00000010 False   [] [SW]
  463 0x000012C1 0xFFFFFFE7 0x00000010 False   [] [SW]
  464 0x000012E1 0xFFFFFFE7 0x00000010 False   [] [SW]
  465 0x00001301 0xFFFFFFE7 0x00000010 False   [] [SW]
  466 0x00001321 0xFFFFFFE7 0x00000010 False   [] [SW]
  467 0x00001341 0xFFFFFFE7 0x00000010 False   [] [SW]
  468 0x00001361 0xFFFFFFE7 0x00000010 False   [] [SW]
  469 0x00001381 0xFFFFFFE7 0x00000010 False   [] [SW]
  470 0x000013A1 0xFFFFFFE7 0x00000010 False   [] [SW]
  471 0x000013C1 0xFFFFFFE7 0x00000010 False   [] [SW]
  472 0x000013E1 0xFFFFFFE7 0x00000010 False   [] [SW]
  473 0x00001401 0xFFFFFFE7 0x00000010 False   [] [SW]
  474 0x00001421 0xFFFFFFE7 0x00000010 False   [] [SW]
  475 0x00001441 0xFFFFFFE7 0x00000010 False   [] [SW]
  476 0x00001461 0xFFFFFFE7 0x00000010 False   [] [SW]
  477 0x00001481 0xFFFFFFE7 0x00000010 False   [] [SW]
  478 0x000014A1 0xFFFFFFE7 0x00000010 False   [] [SW]
  479 0x000014C1 0xFFFFFFE7 0x00000010 False   [] [SW]
  480 0x000014E1 0xFFFFFFE7 0x00000010 False   [] [SW]
  481 0x00001501 0xFFFFFFE7 0x00000010 False   [] [SW]
  482 0x00001521 0xFFFFFFE7 0x00000010 False   [] [SW]
  483 0x00001541 0xFFFFFFE7 0x00000010 False   [] [SW]
  484 0x00001561 0xFFFFFFE7 0x00000010 False   [] [SW]
  485 0x00001581 0xFFFFFFE7 0x00000010 False   [] [SW]
  486 0x000015A1 0xFFFFFFE7 0x00000010 False   [] [SW]
  487 0x000015C1 0xFFFFFFE7 0x00000010 False   [] [SW]
  488 0x000015E1 0xFFFFFFE7 0x00000010 False   [] [SW]
  489 0x00001601 0xFFFFFFE7 0x00000010 False   [] [SW]
  490 0x00001621 0xFFFFFFE7 0x00000010 False   [] [SW]
  491 0x00001641 0xFFFFFFE7 0x00000010 False   [] [SW]
  492 0x00001661 0xFFFFFFE7 0x00000010 False   [] [SW]
  493 0x00001681 0xFFFFFFE7 0x00000010 False   [] [SW]
  494 0x000016A1 0xFFFFFFE7 0x00000010 False   [] [SW]
  495 0x000016C1 0xFFFFFFE7 0x00000010 False   [] [SW]
  496 0x000016E1 0xFFFFFFE7 0x00000010 False   [] [SW]
  497 0x00001701 0xFFFFFFE7 0x00000010 False   [] [SW]
  498 0x00001721 0xFFFFFFE7 0x00000010 False   [] [SW]
  499 0x00001741 0xFFFFFFE7 0x00000010 False   [] [SW]
  500 0x00001761 0xFFFFFFE7 0x00000010 False   [] [SW]
  501 0x00001781 0xFFFFFFE7 0x00000010 False   [] [SW]
  502 0x000017A1 0xFFFFFFE7 0x00000010 False   [] [SW]
  503 0x000017C1 0xFFFFFFE7 0x00000010 False   [] [SW]
  504 0x000017E1 0xFFFFFFE7 0x00000010 False   [] [SW]
  505 0x00001801 0xFFFFFFE7 0x00000010 False   [] [SW]
  506 0x00001821 0xFFFFFFE7 0x00000010 False   [] [SW]
  507 0x00001841 0xFFFFFFE7 0x00000010 False   [] [SW]
  508 0x00001861 0xFFFFFFE7 0x00000010 False   [] [SW]
  509 0x00001881 0xFFFFFFE7 0x00000010 False   [] [SW]
  510 0x000018A1 0xFFFFFFE7 0x00000010 False   [] [SW]
  511 0x000018C1 0xFFFFFFE7 0x00000010 False   [] [SW]
  512 0x000018E1 0xFFFFFFE7 0x00000010 False   [] [SW]
  513 0x00001901 0xFFFFFFE7 0x00000010 False   [] [SW]
  514 0x00001921 0xFFFFFFE7 0x00000010 False   [] [SW]
  515 0x00001941 0xFFFFFFE7 0x00000010 False   [] [SW]
  516 0x00001961 0xFFFFFFE7 0x00000010 False   [] [SW]
  517 0x00001981 0xFFFFFFE7 0x00000010 False   [] [SW]
  518 0x000019A1 0xFFFFFFE7 0x00000010 False   [] [SW]
  519 0x000019C1 0xFFFFFFE7 0x00000010 False   [] [SW]
  520 0x000019E1 0xFFFFFFE7 0x00000010 False   [] [SW]
  521 0x00001A01 0xFFFFFFE7 0x00000010 False   [] [SW]
  522 0x00001A21 0xFFFFFFE7 0x00000010 False   [] [SW]
  523 0x00001A41 0xFFFFFFE7 0x00000010 False   [] [SW]
  524 0x00001A61 0xFFFFFFE7 0x00000010 False   [] [SW]
  525 0x00001A81 0xFFFFFFE7 0x00000010 False   [] [SW]
  526 0x00001AA1 0xFFFFFFE7 0x00000010 False   [] [SW]
  527 0x00001AC1 0xFFFFFFE7 0x00000010 False   [] [SW]
  528 0x00001AE1 0xFFFFFFE7 0x00000010 False   [] [SW]
  529 0x00001B01 0xFFFFFFE7 0x00000010 False   [] [SW]
  530 0x00001B21 0xFFFFFFE7 0x00000010 False   [] [SW]
  531 0x00001B41 0xFFFFFFE7 0x00000010 False   [] [SW]
  532 0x00001B61 0xFFFFFFE7 0x00000010 False   [] [SW]
  533 0x00001B81 0xFFFFFFE7 0x00000010 False   [] [SW]
  534 0x00001BA1 0xFFFFFFE7 0x00000010 False   [] [SW]
  535 0x00001BC1 0xFFFFFFE7 0x00000010 False   [] [SW]
  536 0x00001BE1 0xFFFFFFE7 0x00000010 False   [] [SW]
  537 0x00001C01 0xFFFFFFE7 0x00000010 False   [] [SW]
  538 0x00001C21 0xFFFFFFE7 0x00000010 False   [] [SW]
  539 0x00001C41 0xFFFFFFE7 0x00000010 False   [] [SW]
  540 0x00001C61 0xFFFFFFE7 0x00000010 False   [] [SW]
  541 0x00001C81 0xFFFFFFE7 0x00000010 False   [] [SW]
  542 0x00001CA1 0xFFFFFFE7 0x00000010 False   [] [SW]
  543 0x00001CC1 0xFFFFFFE7 0x00000010 False   [] [SW]
  544 0x00001CE1 0xFFFFFFE7 0x00000010 False   [] [SW]
  545 0x00001D01 0xFFFFFFE7 0x00000010 False   [] [SW]
  546 0x00001D21 0xFFFFFFE7 0x00000010 False   [] [SW]
  547 0x00001D41 0xFFFFFFE7 0x00000010 False   [] [SW]
  548 0x00001D61 0xFFFFFFE7 0x00000010 False   [] [SW]
  549 0x00001D81 0xFFFFFFE7 0x00000010 False   [] [SW]
  550 0x00001DA1 0xFFFFFFE7 0x00000010 False   [] [SW]
  551 0x00001DC1 0xFFFFFFE7 0x00000010 False   [] [SW]
  552 0x00001DE1 0xFFFFFFE7 0x00000010 False   [] [SW]
  553 0x00001E01 0xFFFFFFE7 0x00000010 False   [] [SW]
  554 0x00001E21 0xFFFFFFE7 0x00000010 False   [] [SW]
  555 0x00001E41 0xFFFFFFE7 0x00000010 False   [] [SW]
  556 0x00001E61 0xFFFFFFE7 0x00000010 False   [] [SW]
  557 0x00001E81 0xFFFFFFE7 0x00000010 False   [] [SW]
  558 0x00001EA1 0xFFFFFFE7 0x00000010 False   [] [SW]
  559 0x00001EC1 0xFFFFFFE7 0x00000010 False   [] [SW]
  560 0x00001EE1 0xFFFFFFE7 0x00000010 False   [] [SW]
  561 0x00001F01 0xFFFFFFE7 0x00000010 False   [] [SW]
  562 0x00001F21 0xFFFFFFE7 0x00000010 False   [] [SW]
  563 0x00001F41 0xFFFFFFE7 0x00000010 False   [] [SW]
  564 0x00001F61 0xFFFFFFE7 0x00000010 False   [] [SW]
  565 0x00001F81 0xFFFFFFE7 0x00000010 False   [] [SW]
  566 0x00001FA1 0xFFFFFFE7 0x00000010 False   [] [SW]
  567 0x00001FC1 0xFFFFFFE7 0x00000010 False   [] [SW]
  568 0x00001FE1 0xFFFFFFE7 0x00000010 False   [] [SW]
  569 0x00002001 0xFFFFFFE7 0x00000010 False   [] [SW]
  570 0x00002021 0xFFFFFFE7 0x00000010 False   [] [SW]
  571 0x00002041 0xFFFFFFE7 0x00000010 False   [] [SW]
  572 0x00002061 0xFFFFFFE7 0x00000010 False   [] [SW]
  573 0x00002081 0xFFFFFFE7 0x00000010 False   [] [SW]
  574 0x000020A1 0xFFFFFFE7 0x00000010 False   [] [SW]
  575 0x000020C1 0xFFFFFFE7 0x00000010 False   [] [SW]
  576 0x000020E1 0xFFFFFFE7 0x00000010 False   [] [SW]
  577 0x00002101 0xFFFFFFE7 0x00000010 False   [] [SW]
  578 0x00002121 0xFFFFFFE7 0x00000010 False   [] [SW]
  579 0x00002141 0xFFFFFFE7 0x00000010 False   [] [SW]
  580 0x00002161 0xFFFFFFE7 0x00000010 False   [] [SW]
  581 0x00002181 0xFFFFFFE7 0x00000010 False   [] [SW]
  582 0x000021A1 0xFFFFFFE7 0x00000010 False   [] [SW]
  583 0x000021C1 0xFFFFFFE7 0x00000010 False   [] [SW]
  584 0x000021E1 0xFFFFFFE7 0x00000010 False   [] [SW]
  585 0x00002201 0xFFFFFFE7 0x00000010 False   [] [SW]
  586 0x00002221 0xFFFFFFE7 0x00000010 False   [] [SW]
  587 0x00002241 0xFFFFFFE7 0x00000010 False   [] [SW]
  588 0x00002261 0xFFFFFFE7 0x00000010 False   [] [SW]
  589 0x00002281 0xFFFFFFE7 0x00000010 False   [] [SW]
  590 0x000022A1 0xFFFFFFE7 0x00000010 False   [] [SW]
  591 0x000022C1 0xFFFFFFE7 0x00000010 False   [] [SW]
  592 0x000022E1 0xFFFFFFE7 0x00000010 False   [] [SW]
  593 0x00002301 0xFFFFFFE7 0x00000010 False   [] [SW]
  594 0x00002321 0xFFFFFFE7 0x00000010 False   [] [SW]
  595 0x00002341 0xFFFFFFE7 0x00000010 False   [] [SW]
  596 0x00002361 0xFFFFFFE7 0x00000010 False   [] [SW]
  597 0x00002381 0xFFFFFFE7 0x00000010 False   [] [SW]
  598 0x000023A1 0xFFFFFFE7 0x00000010 False   [] [SW]
  599 0x000023C1 0xFFFFFFE7 0x00000010 False   [] [SW]
  600 0x000023E1 0xFFFFFFE7 0x00000010 False   [] [SW]
  601 0x00002401 0xFFFFFFE7 0x00000010 False   [] [SW]
  602 0x00002421 0xFFFFFFE7 0x00000010 False   [] [SW]
  603 0x00002441 0xFFFFFFE7 0x00000010 False   [] [SW]
  604 0x00002461 0xFFFFFFE7 0x00000010 False   [] [SW]
  605 0x00002481 0xFFFFFFE7 0x00000010 False   [] [SW]
  606 0x000024A1 0xFFFFFFE7 0x00000010 False   [] [SW]
  607 0x000024C1 0xFFFFFFE7 0x00000010 False   [] [SW]
  608 0x000024E1 0xFFFFFFE7 0x00000010 False   [] [SW]
  609 0x00002501 0xFFFFFFE7 0x00000010 False   [] [SW]
  610 0x00002521 0xFFFFFFE7 0x00000010 False   [] [SW]
  611 0x00002541 0xFFFFFFE7 0x00000010 False   [] [SW]
  612 0x00002561 0xFFFFFFE7 0x00000010 False   [] [SW]
  613 0x00002581 0xFFFFFFE7 0x00000010 False   [] [SW]
  614 0x000025A1 0xFFFFFFE7 0x00000010 False   [] [SW]
  615 0x000025C1 0xFFFFFFE7 0x00000010 False   [] [SW]
  616 0x000025E1 0xFFFFFFE7 0x00000010 False   [] [SW]
  617 0x00002601 0xFFFFFFE7 0x00000010 False   [] [SW]
  618 0x00002621 0xFFFFFFE7 0x00000010 False   [] [SW]
  619 0x00002641 0xFFFFFFE7 0x00000010 False   [] [SW]
  620 0x00002661 0xFFFFFFE7 0x00000010 False   [] [SW]
  621 0x00002681 0xFFFFFFE7 0x00000010 False   [] [SW]
  622 0x000026A1 0xFFFFFFE7 0x00000010 False   [] [SW]
  623 0x000026C1 0xFFFFFFE7 0x00000010 False   [] [SW]
  624 0x000026E1 0xFFFFFFE7 0x00000010 False   [] [SW]
  625 0x00002701 0xFFFFFFE7 0x00000010 False   [] [SW]
  626 0x00000002 0xFFFFFFE7 0x00000010 False   [] [SW]
  627 0x00000022 0xFFFFFFE7 0x00000010 False   [] [SW]
  628 0x00000042 0xFFFFFFE7 0x00000010 False   [] [SW]
  629 0x00000062 0xFFFFFFE7 0x00000010 False   [] [SW]
  630 0x00000082 0xFFFFFFE7 0x00000010 False   [] [SW]
  631 0x000000A2 0xFFFFFFE7 0x00000010 False   [] [SW]
  632 0x000000C2 0xFFFFFFE7 0x00000010 False   [] [SW]
  633 0x000000E2 0xFFFFFFE7 0x00000010 False   [] [SW]
  634 0x00000102 0xFFFFFFE7 0x00000010 False   [] [SW]
  635 0x00000122 0xFFFFFFE7 0x00000010 False   [] [SW]
  636 0x00000142 0xFFFFFFE7 0x00000010 False   [] [SW]
  637 0x00000162 0xFFFFFFE7 0x00000010 False   [] [SW]
  638 0x00000182 0xFFFFFFE7 0x00000010 False   [] [SW]
  639 0x000001A2 0xFFFFFFE7 0x00000010 False   [] [SW]
  640 0x000001C2 0xFFFFFFE7 0x00000010 False   [] [SW]
  641 0x000001E2 0xFFFFFFE7 0x00000010 False   [] [SW]
  642 0x00000202 0xFFFFFFE7 0x00000010 False   [] [SW]
  643 0x00000222 0xFFFFFFE7 0x00000010 False   [] [SW]
  644 0x00000242 0xFFFFFFE7 0x00000010 False   [] [SW]
  645 0x00000262 0xFFFFFFE7 0x00000010 False   [] [SW]
  646 0x00000282 0xFFFFFFE7 0x00000010 False   [] [SW]
  647 0x000002A2 0xFFFFFFE7 0x00000010 False   [] [SW]
  648 0x000002C2 0xFFFFFFE7 0x00000010 False   [] [SW]
  649 0x000002E2 0xFFFFFFE7 0x00000010 False   [] [SW]
  650 0x00000302 0xFFFFFFE7 0x00000010 False   [] [SW]
  651 0x00000322 0xFFFFFFE7 0x00000010 False   [] [SW]
  652 0x00000342 0xFFFFFFE7 0x00000010 False   [] [SW]
  653 0x00000362 0xFFFFFFE7 0x00000010 False   [] [SW]
  654 0x00000382 0xFFFFFFE7 0x00000010 False   [] [SW]
  655 0x000003A2 0xFFFFFFE7 0x00000010 False   [] [SW]
  656 0x000003C2 0xFFFFFFE7 0x00000010 False   [] [SW]
  657 0x000003E2 0xFFFFFFE7 0x00000010 False   [] [SW]
  658 0x00000402 0xFFFFFFE7 0x00000010 False   [] [SW]
  659 0x00000422 0xFFFFFFE7 0x00000010 False   [] [SW]
  660 0x00000442 0xFFFFFFE7 0x00000010 False   [] [SW]
  661 0x00000462 0xFFFFFFE7 0x00000010 False   [] [SW]
  662 0x00000482 0xFFFFFFE7 0x00000010 False   [] [SW]
  663 0x000004A2 0xFFFFFFE7 0x00000010 False   [] [SW]
  664 0x000004C2 0xFFFFFFE7 0x00000010 False   [] [SW]
  665 0x000004E2 0xFFFFFFE7 0x00000010 False   [] [SW]
  666 0x00000502 0xFFFFFFE7 0x00000010 False   [] [SW]
  667 0x00000522 0xFFFFFFE7 0x00000010 False   [] [SW]
  668 0x00000542 0xFFFFFFE7 0x00000010 False   [] [SW]
  669 0x00000562 0xFFFFFFE7 0x00000010 False   [] [SW]
  670 0x00000582 0xFFFFFFE7 0x00000010 False   [] [SW]
  671 0x000005A2 0xFFFFFFE7 0x00000010 False   [] [SW]
  672 0x000005C2 0xFFFFFFE7 0x00000010 False   [] [SW]
  673 0x000005E2 0xFFFFFFE7 0x00000010 False   [] [SW]
  674 0x00000602 0xFFFFFFE7 0x00000010 False   [] [SW]
  675 0x00000622 0xFFFFFFE7 0x00000010 False   [] [SW]
  676 0x00000642 0xFFFFFFE7 0x00000010 False   [] [SW]
  677 0x00000662 0xFFFFFFE7 0x00000010 False   [] [SW]
  678 0x00000682 0xFFFFFFE7 0x00000010 False   [] [SW]
  679 0x000006A2 0xFFFFFFE7 0x00000010 False   [] [SW]
  680 0x000006C2 0xFFFFFFE7 0x00000010 False   [] [SW]
  681 0x000006E2 0xFFFFFFE7 0x00000010 False   [] [SW]
  682 0x00000702 0xFFFFFFE7 0x00000010 False   [] [SW]
  683 0x00000722 0xFFFFFFE7 0x00000010 False   [] [SW]
  684 0x00000742 0xFFFFFFE7 0x00000010 False   [] [SW]
  685 0x00000762 0xFFFFFFE7 0x00000010 False   [] [SW]
  686 0x00000782 0xFFFFFFE7 0x00000010 False   [] [SW]
  687 0x000007A2 0xFFFFFFE7 0x00000010 False   [] [SW]
  688 0x000007C2 0xFFFFFFE7 0x00000010 False   [] [SW]
  689 0x000007E2 0xFFFFFFE7 0x00000010 False   [] [SW]
  690 0x00000802 0xFFFFFFE7 0x00000010 False   [] [SW]
  691 0x00000822 0xFFFFFFE7 0x00000010 False   [] [SW]
  692 0x00000842 0xFFFFFFE7 0x00000010 False   [] [SW]
  693 0x00000862 0xFFFFFFE7 0x00000010 False   [] [SW]
  694 0x00000882 0xFFFFFFE7 0x00000010 False   [] [SW]
  695 0x000008A2 0xFFFFFFE7 0x00000010 False   [] [SW]
  696 0x000008C2 0xFFFFFFE7 0x00000010 False   [] [SW]
  697 0x000008E2 0xFFFFFFE7 0x00000010 False   [] [SW]
  698 0x00000902 0xFFFFFFE7 0x00000010 False   [] [SW]
  699 0x00000922 0xFFFFFFE7 0x00000010 False   [] [SW]
  700 0x00000942 0xFFFFFFE7 0x00000010 False   [] [SW]
  701 0x00000962 0xFFFFFFE7 0x00000010 False   [] [SW]
  702 0x00000982 0xFFFFFFE7 0x00000010 False   [] [SW]
  703 0x000009A2 0xFFFFFFE7 0x00000010 False   [] [SW]
  704 0x000009C2 0xFFFFFFE7 0x00000010 False   [] [SW]
  705 0x000009E2 0xFFFFFFE7 0x00000010 False   [] [SW]
  706 0x00000A02 0xFFFFFFE7 0x00000010 False   [] [SW]
  707 0x00000A22 0xFFFFFFE7 0x00000010 False   [] [SW]
  708 0x00000A42 0xFFFFFFE7 0x00000010 False   [] [SW]
  709 0x00000A62 0xFFFFFFE7 0x00000010 False   [] [SW]
  710 0x00000A82 0xFFFFFFE7 0x00000010 False   [] [SW]
  711 0x00000AA2 0xFFFFFFE7 0x00000010 False   [] [SW]
  712 0x00000AC2 0xFFFFFFE7 0x00000010 False   [] [SW]
  713 0x00000AE2 0xFFFFFFE7 0x00000010 False   [] [SW]
  714 0x00000B02 0xFFFFFFE7 0x00000010 False   [] [SW]
  715 0x00000B22 0xFFFFFFE7 0x00000010 False   [] [SW]
  716 0x00000B42 0xFFFFFFE7 0x00000010 False   [] [SW]
  717 0x00000B62 0xFFFFFFE7 0x00000010 False   [] [SW]
  718 0x00000B82 0xFFFFFFE7 0x00000010 False   [] [SW]
  719 0x00000BA2 0xFFFFFFE7 0x00000010 False   [] [SW]
  720 0x00000BC2 0xFFFFFFE7 0x00000010 False   [] [SW]
  721 0x00000BE2 0xFFFFFFE7 0x00000010 False   [] [SW]
  722 0x00000C02 0xFFFFFFE7 0x00000010 False   [] [SW]
  723 0x00000C22 0xFFFFFFE7 0x00000010 False   [] [SW]
  724 0x00000C42 0xFFFFFFE7 0x00000010 False   [] [SW]
  725 0x00000C62 0xFFFFFFE7 0x00000010 False   [] [SW]
  726 0x00000C82 0xFFFFFFE7 0x00000010 False   [] [SW]
  727 0x00000CA2 0xFFFFFFE7 0x00000010 False   [] [SW]
  728 0x00000CC2 0xFFFFFFE7 0x00000010 False   [] [SW]
  729 0x00000CE2 0xFFFFFFE7 0x00000010 False   [] [SW]
  730 0x00000D02 0xFFFFFFE7 0x00000010 False   [] [SW]
  731 0x00000D22 0xFFFFFFE7 0x00000010 False   [] [SW]
  732 0x00000D42 0xFFFFFFE7 0x00000010 False   [] [SW]
  733 0x00000D62 0xFFFFFFE7 0x00000010 False   [] [SW]
  734 0x00000D82 0xFFFFFFE7 0x00000010 False   [] [SW]
  735 0x00000DA2 0xFFFFFFE7 0x00000010 False   [] [SW]
  736 0x00000DC2 0xFFFFFFE7 0x00000010 False   [] [SW]
  737 0x00000DE2 0xFFFFFFE7 0x00000010 False   [] [SW]
  738 0x00000E02 0xFFFFFFE7 0x00000010 False   [] [SW]
  739 0x00000E22 0xFFFFFFE7 0x00000010 False   [] [SW]
  740 0x00000E42 0xFFFFFFE7 0x00000010 False   [] [SW]
  741 0x00000E62 0xFFFFFFE7 0x00000010 False   [] [SW]
  742 0x00000E82 0xFFFFFFE7 0x00000010 False   [] [SW]
  743 0x00000EA2 0xFFFFFFE7 0x00000010 False   [] [SW]
  744 0x00000EC2 0xFFFFFFE7 0x00000010 False   [] [SW]
  745 0x00000EE2 0xFFFFFFE7 0x00000010 False   [] [SW]
  746 0x00000F02 0xFFFFFFE7 0x00000010 False   [] [SW]
  747 0x00000F22 0xFFFFFFE7 0x00000010 False   [] [SW]
  748 0x00000F42 0xFFFFFFE7 0x00000010 False   [] [SW]
  749 0x00000F62 0xFFFFFFE7 0x00000010 False   [] [SW]
  750 0x00000F82 0xFFFFFFE7 0x00000010 False   [] [SW]
  751 0x00000FA2 0xFFFFFFE7 0x00000010 False   [] [SW]
  752 0x00000FC2 0xFFFFFFE7 0x00000010 False   [] [SW]
  753 0x00000FE2 0xFFFFFFE7 0x00000010 False   [] [SW]
  754 0x00001002 0xFFFFFFE7 0x00000010 False   [] [SW]
  755 0x00001022 0xFFFFFFE7 0x00000010 False   [] [SW]
  756 0x00001042 0xFFFFFFE7 0x00000010 False   [] [SW]
  757 0x00001062 0xFFFFFFE7 0x00000010 False   [] [SW]
  758 0x00001082 0xFFFFFFE7 0x00000010 False   [] [SW]
  759 0x000010A2 0xFFFFFFE7 0x00000010 False   [] [SW]
  760 0x000010C2 0xFFFFFFE7 0x00000010 False   [] [SW]
  761 0x000010E2 0xFFFFFFE7 0x00000010 False   [] [SW]
  762 0x00001102 0xFFFFFFE7 0x00000010 False   [] [SW]
  763 0x00001122 0xFFFFFFE7 0x00000010 False   [] [SW]
  764 0x00001142 0xFFFFFFE7 0x00000010 False   [] [SW]
  765 0x00001162 0xFFFFFFE7 0x00000010 False   [] [SW]
  766 0x00001182 0xFFFFFFE7 0x00000010 False   [] [SW]
  767 0x000011A2 0xFFFFFFE7 0x00000010 False   [] [SW]
  768 0x000011C2 0xFFFFFFE7 0x00000010 False   [] [SW]
  769 0x000011E2 0xFFFFFFE7 0x00000010 False   [] [SW]
  770 0x00001202 0xFFFFFFE7 0x00000010 False   [] [SW]
  771 0x00001222 0xFFFFFFE7 0x00000010 False   [] [SW]
  772 0x00001242 0xFFFFFFE7 0x00000010 False   [] [SW]
  773 0x00001262 0xFFFFFFE7 0x00000010 False   [] [SW]
  774 0x00001282 0xFFFFFFE7 0x00000010 False   [] [SW]
  775 0x000012A2 0xFFFFFFE7 0x00000010 False   [] [SW]
  776 0x000012C2 0xFFFFFFE7 0x00000010 False   [] [SW]
  777 0x000012E2 0xFFFFFFE7 0x00000010 False   [] [SW]
  778 0x00001302 0xFFFFFFE7 0x00000010 False   [] [SW]
  779 0x00001322 0xFFFFFFE7 0x00000010 False   [] [SW]
  780 0x00001342 0xFFFFFFE7 0x00000010 False   [] [SW]
  781 0x00001362 0xFFFFFFE7 0x00000010 False   [] [SW]
  782 0x00001382 0xFFFFFFE7 0x00000010 False   [] [SW]
  783 0x000013A2 0xFFFFFFE7 0x00000010 False   [] [SW]
  784 0x000013C2 0xFFFFFFE7 0x00000010 False   [] [SW]
  785 0x000013E2 0xFFFFFFE7 0x00000010 False   [] [SW]
  786 0x00001402 0xFFFFFFE7 0x00000010 False   [] [SW]
  787 0x00001422 0xFFFFFFE7 0x00000010 False   [] [SW]
  788 0x00001442 0xFFFFFFE7 0x00000010 False   [] [SW]
  789 0x00001462 0xFFFFFFE7 0x00000010 False   [] [SW]
  790 0x00001482 0xFFFFFFE7 0x00000010 False   [] [SW]
  791 0x000014A2 0xFFFFFFE7 0x00000010 False   [] [SW]
  792 0x000014C2 0xFFFFFFE7 0x00000010 False   [] [SW]
  793 0x000014E2 0xFFFFFFE7 0x00000010 False   [] [SW]
  794 0x00001502 0xFFFFFFE7 0x00000010 False   [] [SW]
  795 0x00001522 0xFFFFFFE7 0x00000010 False   [] [SW]
  796 0x00001542 0xFFFFFFE7 0x00000010 False   [] [SW]
  797 0x00001562 0xFFFFFFE7 0x00000010 False   [] [SW]
  798 0x00001582 0xFFFFFFE7 0x00000010 False   [] [SW]
  799 0x000015A2 0xFFFFFFE7 0x00000010 False   [] [SW]
  800 0x000015C2 0xFFFFFFE7 0x00000010 False   [] [SW]
  801 0x000015E2 0xFFFFFFE7 0x00000010 False   [] [SW]
  802 0x00001602 0xFFFFFFE7 0x00000010 False   [] [SW]
  803 0x00001622 0xFFFFFFE7 0x00000010 False   [] [SW]
  804 0x00001642 0xFFFFFFE7 0x00000010 False   [] [SW]
  805 0x00001662 0xFFFFFFE7 0x00000010 False   [] [SW]
  806 0x00001682 0xFFFFFFE7 0x00000010 False   [] [SW]
  807 0x000016A2 0xFFFFFFE7 0x00000010 False   [] [SW]
  808 0x000016C2 0xFFFFFFE7 0x00000010 False   [] [SW]
  809 0x000016E2 0xFFFFFFE7 0x00000010 False   [] [SW]
  810 0x00001702 0xFFFFFFE7 0x00000010 False   [] [SW]
  811 0x00001722 0xFFFFFFE7 0x00000010 False   [] [SW]
  812 0x00001742 0xFFFFFFE7 0x00000010 False   [] [SW]
  813 0x00001762 0xFFFFFFE7 0x00000010 False   [] [SW]
  814 0x00001782 0xFFFFFFE7 0x00000010 False   [] [SW]
  815 0x000017A2 0xFFFFFFE7 0x00000010 False   [] [SW]
  816 0x000017C2 0xFFFFFFE7 0x00000010 False   [] [SW]
  817 0x000017E2 0xFFFFFFE7 0x00000010 False   [] [SW]
  818 0x00001802 0xFFFFFFE7 0x00000010 False   [] [SW]
  819 0x00001822 0xFFFFFFE7 0x00000010 False   [] [SW]
  820 0x00001842 0xFFFFFFE7 0x00000010 False   [] [SW]
  821 0x00001862 0xFFFFFFE7 0x00000010 False   [] [SW]
  822 0x00001882 0xFFFFFFE7 0x00000010 False   [] [SW]
  823 0x000018A2 0xFFFFFFE7 0x00000010 False   [] [SW]
  824 0x000018C2 0xFFFFFFE7 0x00000010 False   [] [SW]
  825 0x000018E2 0xFFFFFFE7 0x00000010 False   [] [SW]
  826 0x00001902 0xFFFFFFE7 0x00000010 False   [] [SW]
  827 0x00001922 0xFFFFFFE7 0x00000010 False   [] [SW]
  828 0x00001942 0xFFFFFFE7 0x00000010 False   [] [SW]
  829 0x00001962 0xFFFFFFE7 0x00000010 False   [] [SW]
  830 0x00001982 0xFFFFFFE7 0x00000010 False   [] [SW]
  831 0x000019A2 0xFFFFFFE7 0x00000010 False   [] [SW]
  832 0x000019C2 0xFFFFFFE7 0x00000010 False   [] [SW]
  833 0x000019E2 0xFFFFFFE7 0x00000010 False   [] [SW]
  834 0x00001A02 0xFFFFFFE7 0x00000010 False   [] [SW]
  835 0x00001A22 0xFFFFFFE7 0x00000010 False   [] [SW]
  836 0x00001A42 0xFFFFFFE7 0x00000010 False   [] [SW]
  837 0x00001A62 0xFFFFFFE7 0x00000010 False   [] [SW]
  838 0x00001A82 0xFFFFFFE7 0x00000010 False   [] [SW]
  839 0x00001AA2 0xFFFFFFE7 0x00000010 False   [] [SW]
  840 0x00001AC2 0xFFFFFFE7 0x00000010 False   [] [SW]
  841 0x00001AE2 0xFFFFFFE7 0x00000010 False   [] [SW]
  842 0x00001B02 0xFFFFFFE7 0x00000010 False   [] [SW]
  843 0x00001B22 0xFFFFFFE7 0x00000010 False   [] [SW]
  844 0x00001B42 0xFFFFFFE7 0x00000010 False   [] [SW]
  845 0x00001B62 0xFFFFFFE7 0x00000010 False   [] [SW]
  846 0x00001B82 0xFFFFFFE7 0x00000010 False   [] [SW]
  847 0x00001BA2 0xFFFFFFE7 0x00000010 False   [] [SW]
  848 0x00001BC2 0xFFFFFFE7 0x00000010 False   [] [SW]
  849 0x00001BE2 0xFFFFFFE7 0x00000010 False   [] [SW]
  850 0x00001C02 0xFFFFFFE7 0x00000010 False   [] [SW]
  851 0x00001C22 0xFFFFFFE7 0x00000010 False   [] [SW]
  852 0x00001C42 0xFFFFFFE7 0x00000010 False   [] [SW]
  853 0x00001C62 0xFFFFFFE7 0x00000010 False   [] [SW]
  854 0x00001C82 0xFFFFFFE7 0x00000010 False   [] [SW]
  855 0x00001CA2 0xFFFFFFE7 0x00000010 False   [] [SW]
  856 0x00001CC2 0xFFFFFFE7 0x00000010 False   [] [SW]
  857 0x00001CE2 0xFFFFFFE7 0x00000010 False   [] [SW]
  858 0x00001D02 0xFFFFFFE7 0x00000010 False   [] [SW]
  859 0x00001D22 0xFFFFFFE7 0x00000010 False   [] [SW]
  860 0x00001D42 0xFFFFFFE7 0x00000010 False   [] [SW]
  861 0x00001D62 0xFFFFFFE7 0x00000010 False   [] [SW]
  862 0x00001D82 0xFFFFFFE7 0x00000010 False   [] [SW]
  863 0x00001DA2 0xFFFFFFE7 0x00000010 False   [] [SW]
  864 0x00001DC2 0xFFFFFFE7 0x00000010 False   [] [SW]
  865 0x00001DE2 0xFFFFFFE7 0x00000010 False   [] [SW]
  866 0x00001E02 0xFFFFFFE7 0x00000010 False   [] [SW]
  867 0x00001E22 0xFFFFFFE7 0x00000010 False   [] [SW]
  868 0x00001E42 0xFFFFFFE7 0x00000010 False   [] [SW]
  869 0x00001E62 0xFFFFFFE7 0x00000010 False   [] [SW]
  870 0x00001E82 0xFFFFFFE7 0x00000010 False   [] [SW]
  871 0x00001EA2 0xFFFFFFE7 0x00000010 False   [] [SW]
  872 0x00001EC2 0xFFFFFFE7 0x00000010 False   [] [SW]
  873 0x00001EE2 0xFFFFFFE7 0x00000010 False   [] [SW]
  874 0x00001F02 0xFFFFFFE7 0x00000010 False   [] [SW]
  875 0x00001F22 0xFFFFFFE7 0x00000010 False   [] [SW]
  876 0x00001F42 0xFFFFFFE7 0x00000010 False   [] [SW]
  877 0x00001F62 0xFFFFFFE7 0x00000010 False   [] [SW]
  878 0x00001F82 0xFFFFFFE7 0x00000010 False   [] [SW]
  879 0x00001FA2 0xFFFFFFE7 0x00000010 False   [] [SW]
  880 0x00001FC2 0xFFFFFFE7 0x00000010 False   [] [SW]
  881 0x00001FE2 0xFFFFFFE7 0x00000010 False   [] [SW]
  882 0x00002002 0xFFFFFFE7 0x00000010 False   [] [SW]
  883 0x00002022 0xFFFFFFE7 0x00000010 False   [] [SW]
  884 0x00002042 0xFFFFFFE7 0x00000010 False   [] [SW]
  885 0x00002062 0xFFFFFFE7 0x00000010 False   [] [SW]
  886 0x00002082 0xFFFFFFE7 0x00000010 False   [] [SW]
  887 0x000020A2 0xFFFFFFE7 0x00000010 False   [] [SW]
  888 0x000020C2 0xFFFFFFE7 0x00000010 False   [] [SW]
  889 0x000020E2 0xFFFFFFE7 0x00000010 False   [] [SW]
  890 0x00002102 0xFFFFFFE7 0x00000010 False   [] [SW]
  891 0x00002122 0xFFFFFFE7 0x00000010 False   [] [SW]
  892 0x00002142 0xFFFFFFE7 0x00000010 False   [] [SW]
  893 0x00002162 0xFFFFFFE7 0x00000010 False   [] [SW]
  894 0x00002182 0xFFFFFFE7 0x00000010 False   [] [SW]
  895 0x000021A2 0xFFFFFFE7 0x00000010 False   [] [SW]
  896 0x000021C2 0xFFFFFFE7 0x00000010 False   [] [SW]
  897 0x000021E2 0xFFFFFFE7 0x00000010 False   [] [SW]
  898 0x00002202 0xFFFFFFE7 0x00000010 False   [] [SW]
  899 0x00002222 0xFFFFFFE7 0x00000010 False   [] [SW]
  900 0x00002242 0xFFFFFFE7 0x00000010 False   [] [SW]
  901 0x00002262 0xFFFFFFE7 0x00000010 False   [] [SW]
  902 0x00002282 0xFFFFFFE7 0x00000010 False   [] [SW]
  903 0x000022A2 0xFFFFFFE7 0x00000010 False   [] [SW]
  904 0x000022C2 0xFFFFFFE7 0x00000010 False   [] [SW]
  905 0x000022E2 0xFFFFFFE7 0x00000010 False   [] [SW]
  906 0x00002302 0xFFFFFFE7 0x00000010 False   [] [SW]
  907 0x00002322 0xFFFFFFE7 0x00000010 False   [] [SW]
  908 0x00002342 0xFFFFFFE7 0x00000010 False   [] [SW]
  909 0x00002362 0xFFFFFFE7 0x00000010 False   [] [SW]
  910 0x00002382 0xFFFFFFE7 0x00000010 False   [] [SW]
  911 0x000023A2 0xFFFFFFE7 0x00000010 False   [] [SW]
  912 0x000023C2 0xFFFFFFE7 0x00000010 False   [] [SW]
  913 0x000023E2 0xFFFFFFE7 0x00000010 False   [] [SW]
  914 0x00002402 0xFFFFFFE7 0x00000010 False   [] [SW]
  915 0x00002422 0xFFFFFFE7 0x00000010 False   [] [SW]
  916 0x00002442 0xFFFFFFE7 0x00000010 False   [] [SW]
  917 0x00002462 0xFFFFFFE7 0x00000010 False   [] [SW]
  918 0x00002482 0xFFFFFFE7 0x00000010 False   [] [SW]
  919 0x000024A2 0xFFFFFFE7 0x00000010 False   [] [SW]
  920 0x000024C2 0xFFFFFFE7 0x00000010 False   [] [SW]
  921 0x000024E2 0xFFFFFFE7 0x00000010 False   [] [SW]
  922 0x00002502 0xFFFFFFE7 0x00000010 False   [] [SW]
  923 0x00002522 0xFFFFFFE7 0x00000010 False   [] [SW]
  924 0x00002542 0xFFFFFFE7 0x00000010 False   [] [SW]
  925 0x00002562 0xFFFFFFE7 0x00000010 False   [] [SW]
  926 0x00002582 0xFFFFFFE7 0x00000010 False   [] [SW]
  927 0x000025A2 0xFFFFFFE7 0x00000010 False   [] [SW]
  928 0x000025C2 0xFFFFFFE7 0x00000010 False   [] [SW]
  929 0x000025E2 0xFFFFFFE7 0x00000010 False   [] [SW]
  930 0x00002602 0xFFFFFFE7 0x00000010 False   [] [SW]
  931 0x00002622 0xFFFFFFE7 0x00000010 False   [] [SW]
  932 0x00002642 0xFFFFFFE7 0x00000010 False   [] [SW]
  933 0x00002662 0xFFFFFFE7 0x00000010 False   [] [SW]
  934 0x00002682 0xFFFFFFE7 0x00000010 False   [] [SW]
  935 0x000026A2 0xFFFFFFE7 0x00000010 False   [] [SW]
  936 0x000026C2 0xFFFFFFE7 0x00000010 False   [] [SW]
  937 0x000026E2 0xFFFFFFE7 0x00000010 False   [] [SW]
  938 0x00002702 0xFFFFFFE7 0x00000010 False   [] [SW]
0 Defaultable entries
