Router contains 18 entries
Index Key        Mask       Route      Default [Cores][Links]
----- ---------- ---------- ---------- ------- --------------
    0 0x00000DA0 0xFFFFFFE0 0x00000118 False   [2] [W, SW]
    1 0x00000DC0 0xFFFFFFE0 0x00000218 False   [3] [W, SW]
    2 0x00000DE0 0xFFFFFFE0 0x00000418 False   [4] [W, SW]
    3 0x00000E00 0xFFFFFFE0 0x00000818 False   [5] [W, SW]
    4 0x00000E20 0xFFFFFFE0 0x00001018 False   [6] [W, SW]
    5 0x00000E40 0xFFFFFFE0 0x00002018 False   [7] [W, SW]
    6 0x00000E60 0xFFFFFFE0 0x00004018 False   [8] [W, SW]
    7 0x00000E80 0xFFFFFFE0 0x00008018 False   [9] [W, SW]
    8 0x00000EA0 0xFFFFFFE0 0x00010018 False   [10] [W, SW]
    9 0x00000EC0 0xFFFFFFE0 0x00020018 False   [11] [W, SW]
   10 0x00000EE0 0xFFFFFFE0 0x00040018 False   [12] [W, SW]
   11 0x00000F00 0xFFFFFFE0 0x00080018 False   [13] [W, SW]
   12 0x00000F20 0xFFFFFFE0 0x00100018 False   [14] [W, SW]
   13 0x00000F40 0xFFFFFFE0 0x00200018 False   [15] [W, SW]
   14 0x00000F60 0xFFFFFFE0 0x00400018 False   [16] [W, SW]
   15 0x00000F80 0xFFFFFFE0 0x00800018 False   [17] [W, SW]
   16 0x00008000 0xFFFFC000 0x00000010 False   [] [SW]
   17 0x00000000 0xFFFFC000 0x00000018 False   [] [W, SW]
0 Defaultable entries
