SpYNNakerNeuronGraphNetworkSpecificationReport skipped as cfg Reports:write_network_graph is False
Network Specification report took 0:00:00.000270 
Splitter reset took 0:00:00.000011 
Spynnaker splitter selector took 0:00:00.000995 
DelaySupportAdder took 0:00:00.000237 
SpynnakerSplitterPartitioner took 0:00:00.001166 
SpallocAllocator took 0:00:09.243547 
Machine generator took 0:00:14.191434 
Json machine skipped as cfg Reports:write_json_machine is False
Board chip report took 0:00:00.005407 
Command Sender Adder took 0:00:00.000675 
Split Live Gather Vertices took 0:00:00.000008 
Insert chip power monitors skipped as cfg Reports:write_energy_report is False
Insert extra monitor vertices took 0:00:00.000007 
Partitioner report took 0:00:00.000204 
Local TDMA builder took 0:00:00.000038 
Application Placer took 0:00:00.002303 
Placements wth application graph report took 0:00:00.005299 
Json placements skipped as cfg Reports:write_json_placements is False
System multicast routing generator took 0:00:00.028459 
Fixed route router took 0:00:00.010098 
Application Router took 0:00:00.005170 
Basic tag allocator took 0:00:00.002276 
Tag allocator report took 0:00:00.000164 
Zoned routing info allocator took 0:00:00.009320 
Router info report took 0:00:00.000720 
Merged routing table generator took 0:00:00.003258 
Uncompressed routing table report took 0:00:00.003476 
Router report skipped as cfg Reports:write_router_reports is False
Router summary report skipped as cfg Reports:write_router_summary_report is False
Json routing tables skipped as cfg Reports:write_json_routing_tables is False
Locate executable start type took 0:00:00.002192 
Buffer manager creator took 0:00:00.001231 
SDRAM outgoing partition allocator took 0:00:00.000057 
Write Neo Metadata took 0:00:00.001037 
Record vertex labels to database took 0:00:00.006324 
Routing setup took 0:00:00.013017 
Graph binary gatherer took 0:00:00.053572 
Pair on chip router compression skipped as Tables already small enough
Graph data specification writer took 0:00:00.388777 
Control Sync took 0:00:00.000174 
Load fixed routes took 0:00:00.206340 
Execute system data specification took 0:00:01.663671 
Load executable system Images took 0:00:01.587746 
Tags Loader took 0:00:00.020776 
Host data specification took 0:00:00.880610 
Neuron expander took 0:00:01.371459 
Synapse expander took 0:00:01.922736 
Finish connection holders took 0:00:00.000503 
Routing table loader took 0:00:00.012657 
Bitfield compressor report skipped as cfg Reports:write_bit_field_compressor_report is False
Tags from machine report took 0:00:00.014576 
Memory report skipped as cfg Reports:write_memory_map_report is False
Memory report skipped as cfg Reports:write_memory_map_report is False
Compressor report took 0:00:00.004067 
Fixed route report took 0:00:00.221880 
Load executable app images took 0:00:02.394420 
Sdram usage per chip report took 0:00:00.013680 
Drift report skipped as cfg Reports:write_drift_report_start is False
Create database interface took 0:00:00.043904 
Create notification protocol took 0:00:00.000347 
Runtime Update took 0:00:00.021184 
Application runner exited with KeyboardInterrupt after 0:03:44.660462
