SpYNNakerNeuronGraphNetworkSpecificationReport skipped as cfg Reports:write_network_graph is False
Network Specification report took 0:00:00.000298 
Splitter reset took 0:00:00.000011 
Spynnaker splitter selector took 0:00:00.016438 
DelaySupportAdder took 0:00:00.000167 
SpynnakerSplitterPartitioner took 0:00:00.007248 
SpallocAllocator took 0:00:52.515322 
Machine generator took 0:00:14.200217 
Json machine skipped as cfg Reports:write_json_machine is False
Board chip report took 0:00:00.005499 
Command Sender Adder took 0:00:00.000786 
Split Live Gather Vertices took 0:00:00.000007 
Insert chip power monitors skipped as cfg Reports:write_energy_report is False
Insert extra monitor vertices took 0:00:00.000008 
Partitioner report took 0:00:00.003085 
Local TDMA builder took 0:00:00.000036 
Application Placer took 0:00:00.059118 
Placements wth application graph report took 0:00:00.012913 
Json placements skipped as cfg Reports:write_json_placements is False
System multicast routing generator took 0:00:00.052163 
Fixed route router took 0:00:00.009327 
Application Router took 0:00:01.063599 
Basic tag allocator took 0:00:00.003337 
Tag allocator report took 0:00:00.000176 
Zoned routing info allocator took 0:00:00.238583 
Router info report took 0:00:00.005820 
Merged routing table generator took 0:00:00.624178 
Uncompressed routing table report took 0:00:00.706493 
Router report skipped as cfg Reports:write_router_reports is False
Router summary report skipped as cfg Reports:write_router_summary_report is False
Json routing tables skipped as cfg Reports:write_json_routing_tables is False
Locate executable start type took 0:00:00.003044 
Buffer manager creator took 0:00:00.001358 
SDRAM outgoing partition allocator took 0:00:00.000070 
Write Neo Metadata took 0:00:00.000978 
Record vertex labels to database took 0:00:00.007295 
Routing setup took 0:00:00.056400 
Graph binary gatherer took 0:00:00.014982 
Pair on chip router compression took 0:00:04.347221 
Graph data specification writer took 0:00:00.734573 
Control Sync took 0:00:00.000193 
Load fixed routes took 0:00:00.210739 
Execute system data specification took 0:00:01.680243 
Load executable system Images took 0:00:01.596688 
Tags Loader took 0:00:00.022309 
Host data specification took 0:00:03.740281 
Neuron expander took 0:00:01.466262 
Synapse expander took 0:00:02.395779 
Finish connection holders took 0:00:00.000487 
Bitfield compressor report skipped as cfg Reports:write_bit_field_compressor_report is False
Tags from machine report took 0:00:00.015115 
Memory report skipped as cfg Reports:write_memory_map_report is False
Memory report skipped as cfg Reports:write_memory_map_report is False
Compressor report took 0:00:00.462441 
Fixed route report took 0:00:00.227454 
Load executable app images took 0:00:02.380466 
Sdram usage per chip report took 0:00:00.022158 
Drift report skipped as cfg Reports:write_drift_report_start is False
Create database interface took 0:00:00.055944 
Create notification protocol took 0:00:00.000313 
Runtime Update took 0:00:00.053331 
Application runner exited with KeyboardInterrupt after 0:00:02.790339
